ARM GAS  C:\Users\PANXIA~1\AppData\Local\Temp\cctrpPRJ.s 			page 1


   1              		.cpu cortex-m0
   2              		.fpu softvfp
   3              		.eabi_attribute 20, 1
   4              		.eabi_attribute 21, 1
   5              		.eabi_attribute 23, 3
   6              		.eabi_attribute 24, 1
   7              		.eabi_attribute 25, 1
   8              		.eabi_attribute 26, 1
   9              		.eabi_attribute 30, 6
  10              		.eabi_attribute 34, 0
  11              		.eabi_attribute 18, 4
  12              		.code	16
  13              		.file	"cyfitter_cfg.c"
  14              		.text
  15              	.Ltext0:
  16              		.cfi_sections	.debug_frame
  17              		.section	.text.CYMEMZERO,"ax",%progbits
  18              		.align	2
  19              		.code	16
  20              		.thumb_func
  21              		.type	CYMEMZERO, %function
  22              	CYMEMZERO:
  23              	.LFB0:
  24              		.file 1 ".\\Generated_Source\\PSoC4\\cyfitter_cfg.c"
   1:.\Generated_Source\PSoC4/cyfitter_cfg.c **** /*******************************************************************************
   2:.\Generated_Source\PSoC4/cyfitter_cfg.c **** * File Name: cyfitter_cfg.c
   3:.\Generated_Source\PSoC4/cyfitter_cfg.c **** * 
   4:.\Generated_Source\PSoC4/cyfitter_cfg.c **** * PSoC Creator  3.3
   5:.\Generated_Source\PSoC4/cyfitter_cfg.c **** *
   6:.\Generated_Source\PSoC4/cyfitter_cfg.c **** * Description:
   7:.\Generated_Source\PSoC4/cyfitter_cfg.c **** * This file contains device initialization code.
   8:.\Generated_Source\PSoC4/cyfitter_cfg.c **** * Except for the user defined sections in CyClockStartupError(), this file should not be modified.
   9:.\Generated_Source\PSoC4/cyfitter_cfg.c **** * This file is automatically generated by PSoC Creator.
  10:.\Generated_Source\PSoC4/cyfitter_cfg.c **** *
  11:.\Generated_Source\PSoC4/cyfitter_cfg.c **** ********************************************************************************
  12:.\Generated_Source\PSoC4/cyfitter_cfg.c **** * Copyright (c) 2007-2015 Cypress Semiconductor.  All rights reserved.
  13:.\Generated_Source\PSoC4/cyfitter_cfg.c **** * You may use this file only in accordance with the license, terms, conditions, 
  14:.\Generated_Source\PSoC4/cyfitter_cfg.c **** * disclaimers, and limitations in the end user license agreement accompanying 
  15:.\Generated_Source\PSoC4/cyfitter_cfg.c **** * the software package with which this file was provided.
  16:.\Generated_Source\PSoC4/cyfitter_cfg.c **** ********************************************************************************/
  17:.\Generated_Source\PSoC4/cyfitter_cfg.c **** 
  18:.\Generated_Source\PSoC4/cyfitter_cfg.c **** #include <string.h>
  19:.\Generated_Source\PSoC4/cyfitter_cfg.c **** #include "cytypes.h"
  20:.\Generated_Source\PSoC4/cyfitter_cfg.c **** #include "cydevice_trm.h"
  21:.\Generated_Source\PSoC4/cyfitter_cfg.c **** #include "cyfitter.h"
  22:.\Generated_Source\PSoC4/cyfitter_cfg.c **** #include "CyLib.h"
  23:.\Generated_Source\PSoC4/cyfitter_cfg.c **** #include "cyfitter_cfg.h"
  24:.\Generated_Source\PSoC4/cyfitter_cfg.c **** 
  25:.\Generated_Source\PSoC4/cyfitter_cfg.c **** 
  26:.\Generated_Source\PSoC4/cyfitter_cfg.c **** #if defined(__GNUC__) || defined(__ARMCC_VERSION)
  27:.\Generated_Source\PSoC4/cyfitter_cfg.c ****     #define CYPACKED 
  28:.\Generated_Source\PSoC4/cyfitter_cfg.c ****     #define CYPACKED_ATTR __attribute__ ((packed))
  29:.\Generated_Source\PSoC4/cyfitter_cfg.c ****     #define CYALIGNED __attribute__ ((aligned))
  30:.\Generated_Source\PSoC4/cyfitter_cfg.c ****     #define CY_CFG_UNUSED __attribute__ ((unused))
  31:.\Generated_Source\PSoC4/cyfitter_cfg.c ****     #define CY_CFG_SECTION __attribute__ ((section(".psocinit")))
  32:.\Generated_Source\PSoC4/cyfitter_cfg.c ****     
  33:.\Generated_Source\PSoC4/cyfitter_cfg.c ****     #if defined(__ARMCC_VERSION)
ARM GAS  C:\Users\PANXIA~1\AppData\Local\Temp\cctrpPRJ.s 			page 2


  34:.\Generated_Source\PSoC4/cyfitter_cfg.c ****         #define CY_CFG_MEMORY_BARRIER() __memory_changed()
  35:.\Generated_Source\PSoC4/cyfitter_cfg.c ****     #else
  36:.\Generated_Source\PSoC4/cyfitter_cfg.c ****         #define CY_CFG_MEMORY_BARRIER() __sync_synchronize()
  37:.\Generated_Source\PSoC4/cyfitter_cfg.c ****     #endif
  38:.\Generated_Source\PSoC4/cyfitter_cfg.c ****     
  39:.\Generated_Source\PSoC4/cyfitter_cfg.c **** #elif defined(__ICCARM__)
  40:.\Generated_Source\PSoC4/cyfitter_cfg.c ****     #include <intrinsics.h>
  41:.\Generated_Source\PSoC4/cyfitter_cfg.c **** 
  42:.\Generated_Source\PSoC4/cyfitter_cfg.c ****     #define CYPACKED __packed
  43:.\Generated_Source\PSoC4/cyfitter_cfg.c ****     #define CYPACKED_ATTR 
  44:.\Generated_Source\PSoC4/cyfitter_cfg.c ****     #define CYALIGNED _Pragma("data_alignment=4")
  45:.\Generated_Source\PSoC4/cyfitter_cfg.c ****     #define CY_CFG_UNUSED _Pragma("diag_suppress=Pe177")
  46:.\Generated_Source\PSoC4/cyfitter_cfg.c ****     #define CY_CFG_SECTION _Pragma("location=\".psocinit\"")
  47:.\Generated_Source\PSoC4/cyfitter_cfg.c ****     
  48:.\Generated_Source\PSoC4/cyfitter_cfg.c ****     #define CY_CFG_MEMORY_BARRIER() __DMB()
  49:.\Generated_Source\PSoC4/cyfitter_cfg.c ****     
  50:.\Generated_Source\PSoC4/cyfitter_cfg.c **** #else
  51:.\Generated_Source\PSoC4/cyfitter_cfg.c ****     #error Unsupported toolchain
  52:.\Generated_Source\PSoC4/cyfitter_cfg.c **** #endif
  53:.\Generated_Source\PSoC4/cyfitter_cfg.c **** 
  54:.\Generated_Source\PSoC4/cyfitter_cfg.c **** 
  55:.\Generated_Source\PSoC4/cyfitter_cfg.c **** CY_CFG_UNUSED
  56:.\Generated_Source\PSoC4/cyfitter_cfg.c **** static void CYMEMZERO(void *s, size_t n);
  57:.\Generated_Source\PSoC4/cyfitter_cfg.c **** CY_CFG_UNUSED
  58:.\Generated_Source\PSoC4/cyfitter_cfg.c **** static void CYMEMZERO(void *s, size_t n)
  59:.\Generated_Source\PSoC4/cyfitter_cfg.c **** {
  25              		.loc 1 59 0
  26              		.cfi_startproc
  27 0000 80B5     		push	{r7, lr}
  28              		.cfi_def_cfa_offset 8
  29              		.cfi_offset 7, -8
  30              		.cfi_offset 14, -4
  31 0002 82B0     		sub	sp, sp, #8
  32              		.cfi_def_cfa_offset 16
  33 0004 00AF     		add	r7, sp, #0
  34              		.cfi_def_cfa_register 7
  35 0006 7860     		str	r0, [r7, #4]
  36 0008 3960     		str	r1, [r7]
  60:.\Generated_Source\PSoC4/cyfitter_cfg.c **** 	(void)memset(s, 0, n);
  37              		.loc 1 60 0
  38 000a 7A68     		ldr	r2, [r7, #4]
  39 000c 3B68     		ldr	r3, [r7]
  40 000e 101C     		mov	r0, r2
  41 0010 0021     		mov	r1, #0
  42 0012 1A1C     		mov	r2, r3
  43 0014 FFF7FEFF 		bl	memset
  61:.\Generated_Source\PSoC4/cyfitter_cfg.c **** }
  44              		.loc 1 61 0
  45 0018 BD46     		mov	sp, r7
  46 001a 02B0     		add	sp, sp, #8
  47              		@ sp needed
  48 001c 80BD     		pop	{r7, pc}
  49              		.cfi_endproc
  50              	.LFE0:
  51              		.size	CYMEMZERO, .-CYMEMZERO
  52 001e C046     		.section	.text.CYCONFIGCPY,"ax",%progbits
  53              		.align	2
ARM GAS  C:\Users\PANXIA~1\AppData\Local\Temp\cctrpPRJ.s 			page 3


  54              		.code	16
  55              		.thumb_func
  56              		.type	CYCONFIGCPY, %function
  57              	CYCONFIGCPY:
  58              	.LFB1:
  62:.\Generated_Source\PSoC4/cyfitter_cfg.c **** CY_CFG_UNUSED
  63:.\Generated_Source\PSoC4/cyfitter_cfg.c **** static void CYCONFIGCPY(void *dest, const void *src, size_t n);
  64:.\Generated_Source\PSoC4/cyfitter_cfg.c **** CY_CFG_UNUSED
  65:.\Generated_Source\PSoC4/cyfitter_cfg.c **** static void CYCONFIGCPY(void *dest, const void *src, size_t n)
  66:.\Generated_Source\PSoC4/cyfitter_cfg.c **** {
  59              		.loc 1 66 0
  60              		.cfi_startproc
  61 0000 80B5     		push	{r7, lr}
  62              		.cfi_def_cfa_offset 8
  63              		.cfi_offset 7, -8
  64              		.cfi_offset 14, -4
  65 0002 84B0     		sub	sp, sp, #16
  66              		.cfi_def_cfa_offset 24
  67 0004 00AF     		add	r7, sp, #0
  68              		.cfi_def_cfa_register 7
  69 0006 F860     		str	r0, [r7, #12]
  70 0008 B960     		str	r1, [r7, #8]
  71 000a 7A60     		str	r2, [r7, #4]
  67:.\Generated_Source\PSoC4/cyfitter_cfg.c **** 	(void)memcpy(dest, src, n);
  72              		.loc 1 67 0
  73 000c F968     		ldr	r1, [r7, #12]
  74 000e BA68     		ldr	r2, [r7, #8]
  75 0010 7B68     		ldr	r3, [r7, #4]
  76 0012 081C     		mov	r0, r1
  77 0014 111C     		mov	r1, r2
  78 0016 1A1C     		mov	r2, r3
  79 0018 FFF7FEFF 		bl	memcpy
  68:.\Generated_Source\PSoC4/cyfitter_cfg.c **** }
  80              		.loc 1 68 0
  81 001c BD46     		mov	sp, r7
  82 001e 04B0     		add	sp, sp, #16
  83              		@ sp needed
  84 0020 80BD     		pop	{r7, pc}
  85              		.cfi_endproc
  86              	.LFE1:
  87              		.size	CYCONFIGCPY, .-CYCONFIGCPY
  88 0022 C046     		.section	.text.CYCONFIGCPYCODE,"ax",%progbits
  89              		.align	2
  90              		.code	16
  91              		.thumb_func
  92              		.type	CYCONFIGCPYCODE, %function
  93              	CYCONFIGCPYCODE:
  94              	.LFB2:
  69:.\Generated_Source\PSoC4/cyfitter_cfg.c **** CY_CFG_UNUSED
  70:.\Generated_Source\PSoC4/cyfitter_cfg.c **** static void CYCONFIGCPYCODE(void *dest, const void *src, size_t n);
  71:.\Generated_Source\PSoC4/cyfitter_cfg.c **** CY_CFG_UNUSED
  72:.\Generated_Source\PSoC4/cyfitter_cfg.c **** static void CYCONFIGCPYCODE(void *dest, const void *src, size_t n)
  73:.\Generated_Source\PSoC4/cyfitter_cfg.c **** {
  95              		.loc 1 73 0
  96              		.cfi_startproc
  97 0000 80B5     		push	{r7, lr}
  98              		.cfi_def_cfa_offset 8
ARM GAS  C:\Users\PANXIA~1\AppData\Local\Temp\cctrpPRJ.s 			page 4


  99              		.cfi_offset 7, -8
 100              		.cfi_offset 14, -4
 101 0002 84B0     		sub	sp, sp, #16
 102              		.cfi_def_cfa_offset 24
 103 0004 00AF     		add	r7, sp, #0
 104              		.cfi_def_cfa_register 7
 105 0006 F860     		str	r0, [r7, #12]
 106 0008 B960     		str	r1, [r7, #8]
 107 000a 7A60     		str	r2, [r7, #4]
  74:.\Generated_Source\PSoC4/cyfitter_cfg.c **** 	(void)memcpy(dest, src, n);
 108              		.loc 1 74 0
 109 000c F968     		ldr	r1, [r7, #12]
 110 000e BA68     		ldr	r2, [r7, #8]
 111 0010 7B68     		ldr	r3, [r7, #4]
 112 0012 081C     		mov	r0, r1
 113 0014 111C     		mov	r1, r2
 114 0016 1A1C     		mov	r2, r3
 115 0018 FFF7FEFF 		bl	memcpy
  75:.\Generated_Source\PSoC4/cyfitter_cfg.c **** }
 116              		.loc 1 75 0
 117 001c BD46     		mov	sp, r7
 118 001e 04B0     		add	sp, sp, #16
 119              		@ sp needed
 120 0020 80BD     		pop	{r7, pc}
 121              		.cfi_endproc
 122              	.LFE2:
 123              		.size	CYCONFIGCPYCODE, .-CYCONFIGCPYCODE
 124 0022 C046     		.section	.psocinit,"ax",%progbits
 125              		.align	2
 126              		.code	16
 127              		.thumb_func
 128              		.type	ClockSetup, %function
 129              	ClockSetup:
 130              	.LFB3:
  76:.\Generated_Source\PSoC4/cyfitter_cfg.c **** 
  77:.\Generated_Source\PSoC4/cyfitter_cfg.c **** 
  78:.\Generated_Source\PSoC4/cyfitter_cfg.c **** 
  79:.\Generated_Source\PSoC4/cyfitter_cfg.c **** /* Clock startup error codes                                                   */
  80:.\Generated_Source\PSoC4/cyfitter_cfg.c **** #define CYCLOCKSTART_NO_ERROR    0u
  81:.\Generated_Source\PSoC4/cyfitter_cfg.c **** #define CYCLOCKSTART_XTAL_ERROR  1u
  82:.\Generated_Source\PSoC4/cyfitter_cfg.c **** #define CYCLOCKSTART_32KHZ_ERROR 2u
  83:.\Generated_Source\PSoC4/cyfitter_cfg.c **** #define CYCLOCKSTART_PLL_ERROR   3u
  84:.\Generated_Source\PSoC4/cyfitter_cfg.c **** 
  85:.\Generated_Source\PSoC4/cyfitter_cfg.c **** #ifdef CY_NEED_CYCLOCKSTARTUPERROR
  86:.\Generated_Source\PSoC4/cyfitter_cfg.c **** /*******************************************************************************
  87:.\Generated_Source\PSoC4/cyfitter_cfg.c **** * Function Name: CyClockStartupError
  88:.\Generated_Source\PSoC4/cyfitter_cfg.c **** ********************************************************************************
  89:.\Generated_Source\PSoC4/cyfitter_cfg.c **** * Summary:
  90:.\Generated_Source\PSoC4/cyfitter_cfg.c **** *  If an error is encountered during clock configuration (crystal startup error,
  91:.\Generated_Source\PSoC4/cyfitter_cfg.c **** *  PLL lock error, etc.), the system will end up here.  Unless reimplemented by
  92:.\Generated_Source\PSoC4/cyfitter_cfg.c **** *  the customer, this function will stop in an infinite loop.
  93:.\Generated_Source\PSoC4/cyfitter_cfg.c **** *
  94:.\Generated_Source\PSoC4/cyfitter_cfg.c **** * Parameters:
  95:.\Generated_Source\PSoC4/cyfitter_cfg.c **** *   void
  96:.\Generated_Source\PSoC4/cyfitter_cfg.c **** *
  97:.\Generated_Source\PSoC4/cyfitter_cfg.c **** * Return:
  98:.\Generated_Source\PSoC4/cyfitter_cfg.c **** *   void
ARM GAS  C:\Users\PANXIA~1\AppData\Local\Temp\cctrpPRJ.s 			page 5


  99:.\Generated_Source\PSoC4/cyfitter_cfg.c **** *
 100:.\Generated_Source\PSoC4/cyfitter_cfg.c **** *******************************************************************************/
 101:.\Generated_Source\PSoC4/cyfitter_cfg.c **** CY_CFG_UNUSED
 102:.\Generated_Source\PSoC4/cyfitter_cfg.c **** static void CyClockStartupError(uint8 errorCode);
 103:.\Generated_Source\PSoC4/cyfitter_cfg.c **** CY_CFG_UNUSED
 104:.\Generated_Source\PSoC4/cyfitter_cfg.c **** static void CyClockStartupError(uint8 errorCode)
 105:.\Generated_Source\PSoC4/cyfitter_cfg.c **** {
 106:.\Generated_Source\PSoC4/cyfitter_cfg.c ****     /* To remove the compiler warning if errorCode not used.                */
 107:.\Generated_Source\PSoC4/cyfitter_cfg.c ****     errorCode = errorCode;
 108:.\Generated_Source\PSoC4/cyfitter_cfg.c **** 
 109:.\Generated_Source\PSoC4/cyfitter_cfg.c ****     /* `#START CyClockStartupError` */
 110:.\Generated_Source\PSoC4/cyfitter_cfg.c **** 
 111:.\Generated_Source\PSoC4/cyfitter_cfg.c ****     /* If we have a clock startup error (bad MHz crystal, PLL lock, etc.),  */
 112:.\Generated_Source\PSoC4/cyfitter_cfg.c ****     /* we will end up here to allow the customer to implement something to  */
 113:.\Generated_Source\PSoC4/cyfitter_cfg.c ****     /* deal with the clock condition.                                       */
 114:.\Generated_Source\PSoC4/cyfitter_cfg.c **** 
 115:.\Generated_Source\PSoC4/cyfitter_cfg.c ****     /* `#END` */
 116:.\Generated_Source\PSoC4/cyfitter_cfg.c **** 
 117:.\Generated_Source\PSoC4/cyfitter_cfg.c ****     /* If nothing else, stop here since the clocks have not started         */
 118:.\Generated_Source\PSoC4/cyfitter_cfg.c ****     /* correctly.                                                           */
 119:.\Generated_Source\PSoC4/cyfitter_cfg.c ****     while(1) {}
 120:.\Generated_Source\PSoC4/cyfitter_cfg.c **** }
 121:.\Generated_Source\PSoC4/cyfitter_cfg.c **** #endif
 122:.\Generated_Source\PSoC4/cyfitter_cfg.c **** 
 123:.\Generated_Source\PSoC4/cyfitter_cfg.c **** 
 124:.\Generated_Source\PSoC4/cyfitter_cfg.c **** 
 125:.\Generated_Source\PSoC4/cyfitter_cfg.c **** /*******************************************************************************
 126:.\Generated_Source\PSoC4/cyfitter_cfg.c **** * Function Name: ClockSetup
 127:.\Generated_Source\PSoC4/cyfitter_cfg.c **** ********************************************************************************
 128:.\Generated_Source\PSoC4/cyfitter_cfg.c **** *
 129:.\Generated_Source\PSoC4/cyfitter_cfg.c **** * Summary:
 130:.\Generated_Source\PSoC4/cyfitter_cfg.c **** *   Performs the initialization of all of the clocks in the device based on the
 131:.\Generated_Source\PSoC4/cyfitter_cfg.c **** *   settings in the Clock tab of the DWR.  This includes enabling the requested
 132:.\Generated_Source\PSoC4/cyfitter_cfg.c **** *   clocks and setting the necessary dividers to produce the desired frequency. 
 133:.\Generated_Source\PSoC4/cyfitter_cfg.c **** *
 134:.\Generated_Source\PSoC4/cyfitter_cfg.c **** * Parameters:
 135:.\Generated_Source\PSoC4/cyfitter_cfg.c **** *   void
 136:.\Generated_Source\PSoC4/cyfitter_cfg.c **** *
 137:.\Generated_Source\PSoC4/cyfitter_cfg.c **** * Return:
 138:.\Generated_Source\PSoC4/cyfitter_cfg.c **** *   void
 139:.\Generated_Source\PSoC4/cyfitter_cfg.c **** *
 140:.\Generated_Source\PSoC4/cyfitter_cfg.c **** *******************************************************************************/
 141:.\Generated_Source\PSoC4/cyfitter_cfg.c **** static void ClockSetup(void);
 142:.\Generated_Source\PSoC4/cyfitter_cfg.c **** CY_CFG_SECTION
 143:.\Generated_Source\PSoC4/cyfitter_cfg.c **** static void ClockSetup(void)
 144:.\Generated_Source\PSoC4/cyfitter_cfg.c **** {
 131              		.loc 1 144 0
 132              		.cfi_startproc
 133 0000 80B5     		push	{r7, lr}
 134              		.cfi_def_cfa_offset 8
 135              		.cfi_offset 7, -8
 136              		.cfi_offset 14, -4
 137 0002 00AF     		add	r7, sp, #0
 138              		.cfi_def_cfa_register 7
 145:.\Generated_Source\PSoC4/cyfitter_cfg.c **** 	/* Enable HALF_EN before trimming for the flash accelerator. */
 146:.\Generated_Source\PSoC4/cyfitter_cfg.c **** 	CY_SET_REG32((void CYXDATA *)(CYREG_CLK_SELECT), (CY_GET_REG32((void *)CYREG_CLK_SELECT) | 0x00040
 139              		.loc 1 146 0
ARM GAS  C:\Users\PANXIA~1\AppData\Local\Temp\cctrpPRJ.s 			page 6


 140 0004 0D4B     		ldr	r3, .L5
 141 0006 0D4A     		ldr	r2, .L5
 142 0008 1268     		ldr	r2, [r2]
 143 000a 8021     		mov	r1, #128
 144 000c C902     		lsl	r1, r1, #11
 145 000e 0A43     		orr	r2, r1
 146 0010 1A60     		str	r2, [r3]
 147:.\Generated_Source\PSoC4/cyfitter_cfg.c **** 
 148:.\Generated_Source\PSoC4/cyfitter_cfg.c **** 	/* Setup and trim IMO based on desired frequency. */
 149:.\Generated_Source\PSoC4/cyfitter_cfg.c **** 	CySysClkWriteImoFreq(24u);
 147              		.loc 1 149 0
 148 0012 1820     		mov	r0, #24
 149 0014 FFF7FEFF 		bl	CySysClkWriteImoFreq
 150:.\Generated_Source\PSoC4/cyfitter_cfg.c **** 
 151:.\Generated_Source\PSoC4/cyfitter_cfg.c **** 	/* Disable HALF_EN since it is not required at this IMO frequency. */
 152:.\Generated_Source\PSoC4/cyfitter_cfg.c **** 	CY_SET_REG32((void CYXDATA *)(CYREG_CLK_SELECT), (CY_GET_REG32((void *)CYREG_CLK_SELECT) & 0xFFFBF
 150              		.loc 1 152 0
 151 0018 084B     		ldr	r3, .L5
 152 001a 084A     		ldr	r2, .L5
 153 001c 1268     		ldr	r2, [r2]
 154 001e 0849     		ldr	r1, .L5+4
 155 0020 0A40     		and	r2, r1
 156 0022 1A60     		str	r2, [r3]
 153:.\Generated_Source\PSoC4/cyfitter_cfg.c **** 	/* CYDEV_CLK_ILO_CONFIG Starting address: CYDEV_CLK_ILO_CONFIG */
 154:.\Generated_Source\PSoC4/cyfitter_cfg.c **** 	CY_SET_XTND_REG32((void CYFAR *)(CYREG_CLK_ILO_CONFIG), 0x80000006u);
 157              		.loc 1 154 0
 158 0024 074B     		ldr	r3, .L5+8
 159 0026 084A     		ldr	r2, .L5+12
 160 0028 1A60     		str	r2, [r3]
 155:.\Generated_Source\PSoC4/cyfitter_cfg.c **** 
 156:.\Generated_Source\PSoC4/cyfitter_cfg.c **** 
 157:.\Generated_Source\PSoC4/cyfitter_cfg.c **** 	/* CYDEV_CLK_IMO_CONFIG Starting address: CYDEV_CLK_IMO_CONFIG */
 158:.\Generated_Source\PSoC4/cyfitter_cfg.c **** 	CY_SET_XTND_REG32((void CYFAR *)(CYREG_CLK_IMO_CONFIG), 0x80000000u);
 161              		.loc 1 158 0
 162 002a 084B     		ldr	r3, .L5+16
 163 002c 8022     		mov	r2, #128
 164 002e 1206     		lsl	r2, r2, #24
 165 0030 1A60     		str	r2, [r3]
 159:.\Generated_Source\PSoC4/cyfitter_cfg.c **** 
 160:.\Generated_Source\PSoC4/cyfitter_cfg.c **** 	CY_SET_XTND_REG32((void CYFAR *)(CYREG_WDT_CONFIG), 0x00000000u);
 166              		.loc 1 160 0
 167 0032 074B     		ldr	r3, .L5+20
 168 0034 0022     		mov	r2, #0
 169 0036 1A60     		str	r2, [r3]
 161:.\Generated_Source\PSoC4/cyfitter_cfg.c **** }
 170              		.loc 1 161 0
 171 0038 BD46     		mov	sp, r7
 172              		@ sp needed
 173 003a 80BD     		pop	{r7, pc}
 174              	.L6:
 175              		.align	2
 176              	.L5:
 177 003c 00010B40 		.word	1074462976
 178 0040 FFFFFBFF 		.word	-262145
 179 0044 04010B40 		.word	1074462980
 180 0048 06000080 		.word	-2147483642
 181 004c 08010B40 		.word	1074462984
ARM GAS  C:\Users\PANXIA~1\AppData\Local\Temp\cctrpPRJ.s 			page 7


 182 0050 0C020B40 		.word	1074463244
 183              		.cfi_endproc
 184              	.LFE3:
 185              		.size	ClockSetup, .-ClockSetup
 186              		.section	.text.AnalogSetDefault,"ax",%progbits
 187              		.align	2
 188              		.code	16
 189              		.thumb_func
 190              		.type	AnalogSetDefault, %function
 191              	AnalogSetDefault:
 192              	.LFB4:
 162:.\Generated_Source\PSoC4/cyfitter_cfg.c **** 
 163:.\Generated_Source\PSoC4/cyfitter_cfg.c **** 
 164:.\Generated_Source\PSoC4/cyfitter_cfg.c **** /* Analog API Functions */
 165:.\Generated_Source\PSoC4/cyfitter_cfg.c **** 
 166:.\Generated_Source\PSoC4/cyfitter_cfg.c **** 
 167:.\Generated_Source\PSoC4/cyfitter_cfg.c **** /*******************************************************************************
 168:.\Generated_Source\PSoC4/cyfitter_cfg.c **** * Function Name: AnalogSetDefault
 169:.\Generated_Source\PSoC4/cyfitter_cfg.c **** ********************************************************************************
 170:.\Generated_Source\PSoC4/cyfitter_cfg.c **** *
 171:.\Generated_Source\PSoC4/cyfitter_cfg.c **** * Summary:
 172:.\Generated_Source\PSoC4/cyfitter_cfg.c **** *  Sets up the analog portions of the chip to default values based on chip
 173:.\Generated_Source\PSoC4/cyfitter_cfg.c **** *  configuration options from the project.
 174:.\Generated_Source\PSoC4/cyfitter_cfg.c **** *
 175:.\Generated_Source\PSoC4/cyfitter_cfg.c **** * Parameters:
 176:.\Generated_Source\PSoC4/cyfitter_cfg.c **** *  void
 177:.\Generated_Source\PSoC4/cyfitter_cfg.c **** *
 178:.\Generated_Source\PSoC4/cyfitter_cfg.c **** * Return:
 179:.\Generated_Source\PSoC4/cyfitter_cfg.c **** *  void
 180:.\Generated_Source\PSoC4/cyfitter_cfg.c **** *
 181:.\Generated_Source\PSoC4/cyfitter_cfg.c **** *******************************************************************************/
 182:.\Generated_Source\PSoC4/cyfitter_cfg.c **** static void AnalogSetDefault(void);
 183:.\Generated_Source\PSoC4/cyfitter_cfg.c **** static void AnalogSetDefault(void)
 184:.\Generated_Source\PSoC4/cyfitter_cfg.c **** {
 193              		.loc 1 184 0
 194              		.cfi_startproc
 195 0000 80B5     		push	{r7, lr}
 196              		.cfi_def_cfa_offset 8
 197              		.cfi_offset 7, -8
 198              		.cfi_offset 14, -4
 199 0002 00AF     		add	r7, sp, #0
 200              		.cfi_def_cfa_register 7
 185:.\Generated_Source\PSoC4/cyfitter_cfg.c **** }
 201              		.loc 1 185 0
 202 0004 BD46     		mov	sp, r7
 203              		@ sp needed
 204 0006 80BD     		pop	{r7, pc}
 205              		.cfi_endproc
 206              	.LFE4:
 207              		.size	AnalogSetDefault, .-AnalogSetDefault
 208              		.section	.psocinit
 209              		.align	2
 210              		.global	cyfitter_cfg
 211              		.code	16
 212              		.thumb_func
 213              		.type	cyfitter_cfg, %function
 214              	cyfitter_cfg:
ARM GAS  C:\Users\PANXIA~1\AppData\Local\Temp\cctrpPRJ.s 			page 8


 215              	.LFB5:
 186:.\Generated_Source\PSoC4/cyfitter_cfg.c **** 
 187:.\Generated_Source\PSoC4/cyfitter_cfg.c **** #define CY_AMUX_UNUSED CYREG_CM0_ROM_DWT
 188:.\Generated_Source\PSoC4/cyfitter_cfg.c **** 
 189:.\Generated_Source\PSoC4/cyfitter_cfg.c **** 
 190:.\Generated_Source\PSoC4/cyfitter_cfg.c **** /*******************************************************************************
 191:.\Generated_Source\PSoC4/cyfitter_cfg.c **** * Function Name: cyfitter_cfg
 192:.\Generated_Source\PSoC4/cyfitter_cfg.c **** ********************************************************************************
 193:.\Generated_Source\PSoC4/cyfitter_cfg.c **** * Summary:
 194:.\Generated_Source\PSoC4/cyfitter_cfg.c **** *  This function is called by the start-up code for the selected device. It
 195:.\Generated_Source\PSoC4/cyfitter_cfg.c **** *  performs all of the necessary device configuration based on the design
 196:.\Generated_Source\PSoC4/cyfitter_cfg.c **** *  settings.  This includes settings from the Design Wide Resources (DWR) such
 197:.\Generated_Source\PSoC4/cyfitter_cfg.c **** *  as Clocks and Pins as well as any component configuration that is necessary.
 198:.\Generated_Source\PSoC4/cyfitter_cfg.c **** *
 199:.\Generated_Source\PSoC4/cyfitter_cfg.c **** * Parameters:  
 200:.\Generated_Source\PSoC4/cyfitter_cfg.c **** *   void
 201:.\Generated_Source\PSoC4/cyfitter_cfg.c **** *
 202:.\Generated_Source\PSoC4/cyfitter_cfg.c **** * Return:
 203:.\Generated_Source\PSoC4/cyfitter_cfg.c **** *   void
 204:.\Generated_Source\PSoC4/cyfitter_cfg.c **** *
 205:.\Generated_Source\PSoC4/cyfitter_cfg.c **** *******************************************************************************/
 206:.\Generated_Source\PSoC4/cyfitter_cfg.c **** CY_CFG_SECTION
 207:.\Generated_Source\PSoC4/cyfitter_cfg.c **** void cyfitter_cfg(void)
 208:.\Generated_Source\PSoC4/cyfitter_cfg.c **** {
 216              		.loc 1 208 0
 217              		.cfi_startproc
 218 0054 80B5     		push	{r7, lr}
 219              		.cfi_def_cfa_offset 8
 220              		.cfi_offset 7, -8
 221              		.cfi_offset 14, -4
 222 0056 82B0     		sub	sp, sp, #8
 223              		.cfi_def_cfa_offset 16
 224 0058 00AF     		add	r7, sp, #0
 225              		.cfi_def_cfa_register 7
 209:.\Generated_Source\PSoC4/cyfitter_cfg.c **** 	/* Disable interrupts by default. Let user enable if/when they want. */
 210:.\Generated_Source\PSoC4/cyfitter_cfg.c **** 	CyGlobalIntDisable;
 226              		.loc 1 210 0
 227              	@ 210 ".\Generated_Source\PSoC4\cyfitter_cfg.c" 1
 228 005a 72B6     		CPSID   i
 229              	@ 0 "" 2
 230              		.code	16
 231              	.LBB2:
 211:.\Generated_Source\PSoC4/cyfitter_cfg.c **** 
 212:.\Generated_Source\PSoC4/cyfitter_cfg.c **** 	{
 213:.\Generated_Source\PSoC4/cyfitter_cfg.c **** 
 214:.\Generated_Source\PSoC4/cyfitter_cfg.c **** 		CYPACKED typedef struct {
 215:.\Generated_Source\PSoC4/cyfitter_cfg.c **** 			void CYFAR *address;
 216:.\Generated_Source\PSoC4/cyfitter_cfg.c **** 			uint16 size;
 217:.\Generated_Source\PSoC4/cyfitter_cfg.c **** 		} CYPACKED_ATTR cfg_memset_t;
 218:.\Generated_Source\PSoC4/cyfitter_cfg.c **** 
 219:.\Generated_Source\PSoC4/cyfitter_cfg.c **** 		static const cfg_memset_t CYCODE cfg_memset_list [] = {
 220:.\Generated_Source\PSoC4/cyfitter_cfg.c **** 			/* address, size */
 221:.\Generated_Source\PSoC4/cyfitter_cfg.c **** 			{(void CYFAR *)(CYDEV_UDB_P0_U0_BASE), 1024u},
 222:.\Generated_Source\PSoC4/cyfitter_cfg.c **** 			{(void CYFAR *)(CYDEV_UDB_DSI0_BASE), 1024u},
 223:.\Generated_Source\PSoC4/cyfitter_cfg.c **** 		};
 224:.\Generated_Source\PSoC4/cyfitter_cfg.c **** 
 225:.\Generated_Source\PSoC4/cyfitter_cfg.c **** 		uint8 CYDATA i;
ARM GAS  C:\Users\PANXIA~1\AppData\Local\Temp\cctrpPRJ.s 			page 9


 226:.\Generated_Source\PSoC4/cyfitter_cfg.c **** 
 227:.\Generated_Source\PSoC4/cyfitter_cfg.c **** 		/* Zero out critical memory blocks before beginning configuration */
 228:.\Generated_Source\PSoC4/cyfitter_cfg.c **** 		for (i = 0u; i < (sizeof(cfg_memset_list)/sizeof(cfg_memset_list[0])); i++)
 232              		.loc 1 228 0
 233 005c FB1D     		add	r3, r7, #7
 234 005e 0022     		mov	r2, #0
 235 0060 1A70     		strb	r2, [r3]
 236 0062 23E0     		b	.L9
 237              	.L10:
 238              	.LBB3:
 229:.\Generated_Source\PSoC4/cyfitter_cfg.c **** 		{
 230:.\Generated_Source\PSoC4/cyfitter_cfg.c **** 			const cfg_memset_t CYCODE * CYDATA ms = &cfg_memset_list[i];
 239              		.loc 1 230 0 discriminator 3
 240 0064 FB1D     		add	r3, r7, #7
 241 0066 1A78     		ldrb	r2, [r3]
 242 0068 131C     		mov	r3, r2
 243 006a 5B00     		lsl	r3, r3, #1
 244 006c 9B18     		add	r3, r3, r2
 245 006e 5B00     		lsl	r3, r3, #1
 246 0070 274A     		ldr	r2, .L11
 247 0072 9B18     		add	r3, r3, r2
 248 0074 3B60     		str	r3, [r7]
 231:.\Generated_Source\PSoC4/cyfitter_cfg.c **** 			CYMEMZERO(ms->address, (size_t)(uint32)(ms->size));
 249              		.loc 1 231 0 discriminator 3
 250 0076 3B68     		ldr	r3, [r7]
 251 0078 1A78     		ldrb	r2, [r3]
 252 007a 5978     		ldrb	r1, [r3, #1]
 253 007c 0902     		lsl	r1, r1, #8
 254 007e 0A43     		orr	r2, r1
 255 0080 9978     		ldrb	r1, [r3, #2]
 256 0082 0904     		lsl	r1, r1, #16
 257 0084 0A43     		orr	r2, r1
 258 0086 DB78     		ldrb	r3, [r3, #3]
 259 0088 1B06     		lsl	r3, r3, #24
 260 008a 1343     		orr	r3, r2
 261 008c 191C     		mov	r1, r3
 262 008e 3B68     		ldr	r3, [r7]
 263 0090 1A79     		ldrb	r2, [r3, #4]
 264 0092 5B79     		ldrb	r3, [r3, #5]
 265 0094 1B02     		lsl	r3, r3, #8
 266 0096 1343     		orr	r3, r2
 267 0098 9BB2     		uxth	r3, r3
 268 009a 081C     		mov	r0, r1
 269 009c 191C     		mov	r1, r3
 270 009e FFF7FEFF 		bl	CYMEMZERO
 271              	.LBE3:
 228:.\Generated_Source\PSoC4/cyfitter_cfg.c **** 		{
 272              		.loc 1 228 0 discriminator 3
 273 00a2 FB1D     		add	r3, r7, #7
 274 00a4 1A78     		ldrb	r2, [r3]
 275 00a6 FB1D     		add	r3, r7, #7
 276 00a8 0132     		add	r2, r2, #1
 277 00aa 1A70     		strb	r2, [r3]
 278              	.L9:
 228:.\Generated_Source\PSoC4/cyfitter_cfg.c **** 		{
 279              		.loc 1 228 0 is_stmt 0 discriminator 1
 280 00ac FB1D     		add	r3, r7, #7
ARM GAS  C:\Users\PANXIA~1\AppData\Local\Temp\cctrpPRJ.s 			page 10


 281 00ae 1B78     		ldrb	r3, [r3]
 282 00b0 012B     		cmp	r3, #1
 283 00b2 D7D9     		bls	.L10
 232:.\Generated_Source\PSoC4/cyfitter_cfg.c **** 		}
 233:.\Generated_Source\PSoC4/cyfitter_cfg.c **** 
 234:.\Generated_Source\PSoC4/cyfitter_cfg.c **** 		/* HSIOM Starting address: CYDEV_HSIOM_BASE */
 235:.\Generated_Source\PSoC4/cyfitter_cfg.c **** 		CY_SET_XTND_REG32((void CYFAR *)(CYREG_HSIOM_PORT_SEL3), 0x0000EE00u);
 284              		.loc 1 235 0 is_stmt 1
 285 00b4 174B     		ldr	r3, .L11+4
 286 00b6 EE22     		mov	r2, #238
 287 00b8 1202     		lsl	r2, r2, #8
 288 00ba 1A60     		str	r2, [r3]
 236:.\Generated_Source\PSoC4/cyfitter_cfg.c **** 
 237:.\Generated_Source\PSoC4/cyfitter_cfg.c **** 		/* UDB_PA_3 Starting address: CYDEV_UDB_PA3_BASE */
 238:.\Generated_Source\PSoC4/cyfitter_cfg.c **** 		CY_SET_XTND_REG32((void CYFAR *)(CYDEV_UDB_PA3_BASE), 0x00990000u);
 289              		.loc 1 238 0
 290 00bc 164B     		ldr	r3, .L11+8
 291 00be 9922     		mov	r2, #153
 292 00c0 1204     		lsl	r2, r2, #16
 293 00c2 1A60     		str	r2, [r3]
 239:.\Generated_Source\PSoC4/cyfitter_cfg.c **** 
 240:.\Generated_Source\PSoC4/cyfitter_cfg.c **** 		/* Enable digital routing */
 241:.\Generated_Source\PSoC4/cyfitter_cfg.c **** 		CY_SET_XTND_REG8((void *)CYREG_UDB_UDBIF_BANK_CTL, CY_GET_XTND_REG8((void *)CYREG_UDB_UDBIF_BANK_
 294              		.loc 1 241 0
 295 00c4 154A     		ldr	r2, .L11+12
 296 00c6 154B     		ldr	r3, .L11+12
 297 00c8 1B78     		ldrb	r3, [r3]
 298 00ca DBB2     		uxtb	r3, r3
 299 00cc 0221     		mov	r1, #2
 300 00ce 0B43     		orr	r3, r1
 301 00d0 DBB2     		uxtb	r3, r3
 302 00d2 1370     		strb	r3, [r2]
 242:.\Generated_Source\PSoC4/cyfitter_cfg.c **** 
 243:.\Generated_Source\PSoC4/cyfitter_cfg.c **** 		/* Enable UDB array */
 244:.\Generated_Source\PSoC4/cyfitter_cfg.c **** 		CY_SET_XTND_REG8((void *)CYREG_UDB_UDBIF_WAIT_CFG, (uint8)((CY_GET_XTND_REG8((void *)CYREG_UDB_UD
 303              		.loc 1 244 0
 304 00d4 124A     		ldr	r2, .L11+16
 305 00d6 124B     		ldr	r3, .L11+16
 306 00d8 1B78     		ldrb	r3, [r3]
 307 00da DBB2     		uxtb	r3, r3
 308 00dc 3C21     		mov	r1, #60
 309 00de 8B43     		bic	r3, r1
 310 00e0 DBB2     		uxtb	r3, r3
 311 00e2 1421     		mov	r1, #20
 312 00e4 0B43     		orr	r3, r1
 313 00e6 DBB2     		uxtb	r3, r3
 314 00e8 1370     		strb	r3, [r2]
 245:.\Generated_Source\PSoC4/cyfitter_cfg.c **** 		CY_SET_XTND_REG8((void *)CYREG_UDB_UDBIF_BANK_CTL, (uint8)(CY_GET_XTND_REG8((void *)CYREG_UDB_UDB
 315              		.loc 1 245 0
 316 00ea 0C4A     		ldr	r2, .L11+12
 317 00ec 0B4B     		ldr	r3, .L11+12
 318 00ee 1B78     		ldrb	r3, [r3]
 319 00f0 DBB2     		uxtb	r3, r3
 320 00f2 1621     		mov	r1, #22
 321 00f4 0B43     		orr	r3, r1
 322 00f6 DBB2     		uxtb	r3, r3
 323 00f8 1370     		strb	r3, [r2]
ARM GAS  C:\Users\PANXIA~1\AppData\Local\Temp\cctrpPRJ.s 			page 11


 324              	.LBE2:
 246:.\Generated_Source\PSoC4/cyfitter_cfg.c **** 	}
 247:.\Generated_Source\PSoC4/cyfitter_cfg.c **** 
 248:.\Generated_Source\PSoC4/cyfitter_cfg.c **** 	/* Perform second pass device configuration. These items must be configured in specific order afte
 249:.\Generated_Source\PSoC4/cyfitter_cfg.c **** 	/* IOPINS0_3 Starting address: CYDEV_PRT3_BASE */
 250:.\Generated_Source\PSoC4/cyfitter_cfg.c **** 	CY_SET_XTND_REG32((void CYFAR *)(CYREG_PRT3_PC), 0x00000D80u);
 325              		.loc 1 250 0
 326 00fa 0A4B     		ldr	r3, .L11+20
 327 00fc D822     		mov	r2, #216
 328 00fe 1201     		lsl	r2, r2, #4
 329 0100 1A60     		str	r2, [r3]
 251:.\Generated_Source\PSoC4/cyfitter_cfg.c **** 
 252:.\Generated_Source\PSoC4/cyfitter_cfg.c **** 	/* Setup clocks based on selections from Clock DWR */
 253:.\Generated_Source\PSoC4/cyfitter_cfg.c **** 	ClockSetup();
 330              		.loc 1 253 0
 331 0102 FFF77DFF 		bl	ClockSetup
 254:.\Generated_Source\PSoC4/cyfitter_cfg.c **** 
 255:.\Generated_Source\PSoC4/cyfitter_cfg.c **** 	/* Perform basic analog initialization to defaults */
 256:.\Generated_Source\PSoC4/cyfitter_cfg.c **** 	AnalogSetDefault();
 332              		.loc 1 256 0
 333 0106 FFF7FEFF 		bl	AnalogSetDefault
 257:.\Generated_Source\PSoC4/cyfitter_cfg.c **** 
 258:.\Generated_Source\PSoC4/cyfitter_cfg.c **** }
 334              		.loc 1 258 0
 335 010a BD46     		mov	sp, r7
 336 010c 02B0     		add	sp, sp, #8
 337              		@ sp needed
 338 010e 80BD     		pop	{r7, pc}
 339              	.L12:
 340              		.align	2
 341              	.L11:
 342 0110 00000000 		.word	cfg_memset_list.4714
 343 0114 0C000140 		.word	1073807372
 344 0118 30500F40 		.word	1074745392
 345 011c 00700F40 		.word	1074753536
 346 0120 01700F40 		.word	1074753537
 347 0124 08030440 		.word	1074004744
 348              		.cfi_endproc
 349              	.LFE5:
 350              		.size	cyfitter_cfg, .-cyfitter_cfg
 351              		.section	.rodata
 352              		.align	2
 353              		.type	cfg_memset_list.4714, %object
 354              		.size	cfg_memset_list.4714, 12
 355              	cfg_memset_list.4714:
 356 0000 00300F40 		.word	1074737152
 357 0004 0004     		.short	1024
 358 0006 00400F40 		.4byte	1074741248
 359 000a 0004     		.short	1024
 360              		.text
 361              	.Letext0:
 362              		.file 2 "c:\\program files (x86)\\cypress\\psoc creator\\3.3\\psoc creator\\import\\gnu\\arm\\4.9.
 363              		.file 3 ".\\Generated_Source\\PSoC4\\cytypes.h"
 364              		.section	.debug_info,"",%progbits
 365              	.Ldebug_info0:
 366 0000 43020000 		.4byte	0x243
 367 0004 0400     		.2byte	0x4
ARM GAS  C:\Users\PANXIA~1\AppData\Local\Temp\cctrpPRJ.s 			page 12


 368 0006 00000000 		.4byte	.Ldebug_abbrev0
 369 000a 04       		.byte	0x4
 370 000b 01       		.uleb128 0x1
 371 000c D8000000 		.4byte	.LASF29
 372 0010 01       		.byte	0x1
 373 0011 AD010000 		.4byte	.LASF30
 374 0015 0D000000 		.4byte	.LASF31
 375 0019 00000000 		.4byte	.Ldebug_ranges0+0
 376 001d 00000000 		.4byte	0
 377 0021 00000000 		.4byte	.Ldebug_line0
 378 0025 02       		.uleb128 0x2
 379 0026 04       		.byte	0x4
 380 0027 05       		.byte	0x5
 381 0028 696E7400 		.ascii	"int\000"
 382 002c 03       		.uleb128 0x3
 383 002d 06000000 		.4byte	.LASF11
 384 0031 02       		.byte	0x2
 385 0032 D4       		.byte	0xd4
 386 0033 37000000 		.4byte	0x37
 387 0037 04       		.uleb128 0x4
 388 0038 04       		.byte	0x4
 389 0039 07       		.byte	0x7
 390 003a 74010000 		.4byte	.LASF0
 391 003e 04       		.uleb128 0x4
 392 003f 01       		.byte	0x1
 393 0040 06       		.byte	0x6
 394 0041 04020000 		.4byte	.LASF1
 395 0045 04       		.uleb128 0x4
 396 0046 01       		.byte	0x1
 397 0047 08       		.byte	0x8
 398 0048 B6000000 		.4byte	.LASF2
 399 004c 04       		.uleb128 0x4
 400 004d 02       		.byte	0x2
 401 004e 05       		.byte	0x5
 402 004f F1010000 		.4byte	.LASF3
 403 0053 04       		.uleb128 0x4
 404 0054 02       		.byte	0x2
 405 0055 07       		.byte	0x7
 406 0056 6C000000 		.4byte	.LASF4
 407 005a 04       		.uleb128 0x4
 408 005b 04       		.byte	0x4
 409 005c 05       		.byte	0x5
 410 005d FB010000 		.4byte	.LASF5
 411 0061 04       		.uleb128 0x4
 412 0062 04       		.byte	0x4
 413 0063 07       		.byte	0x7
 414 0064 94000000 		.4byte	.LASF6
 415 0068 04       		.uleb128 0x4
 416 0069 08       		.byte	0x8
 417 006a 05       		.byte	0x5
 418 006b DE010000 		.4byte	.LASF7
 419 006f 04       		.uleb128 0x4
 420 0070 08       		.byte	0x8
 421 0071 07       		.byte	0x7
 422 0072 89010000 		.4byte	.LASF8
 423 0076 04       		.uleb128 0x4
 424 0077 04       		.byte	0x4
ARM GAS  C:\Users\PANXIA~1\AppData\Local\Temp\cctrpPRJ.s 			page 13


 425 0078 07       		.byte	0x7
 426 0079 D5010000 		.4byte	.LASF9
 427 007d 05       		.uleb128 0x5
 428 007e 04       		.byte	0x4
 429 007f 04       		.uleb128 0x4
 430 0080 01       		.byte	0x1
 431 0081 08       		.byte	0x8
 432 0082 EC010000 		.4byte	.LASF10
 433 0086 03       		.uleb128 0x3
 434 0087 A6000000 		.4byte	.LASF12
 435 008b 03       		.byte	0x3
 436 008c C2       		.byte	0xc2
 437 008d 45000000 		.4byte	0x45
 438 0091 03       		.uleb128 0x3
 439 0092 66010000 		.4byte	.LASF13
 440 0096 03       		.byte	0x3
 441 0097 C3       		.byte	0xc3
 442 0098 53000000 		.4byte	0x53
 443 009c 03       		.uleb128 0x3
 444 009d 6D010000 		.4byte	.LASF14
 445 00a1 03       		.byte	0x3
 446 00a2 C4       		.byte	0xc4
 447 00a3 61000000 		.4byte	0x61
 448 00a7 04       		.uleb128 0x4
 449 00a8 04       		.byte	0x4
 450 00a9 04       		.byte	0x4
 451 00aa 7F000000 		.4byte	.LASF15
 452 00ae 04       		.uleb128 0x4
 453 00af 08       		.byte	0x8
 454 00b0 04       		.byte	0x4
 455 00b1 C4000000 		.4byte	.LASF16
 456 00b5 06       		.uleb128 0x6
 457 00b6 8F000000 		.4byte	.LASF17
 458 00ba 03       		.byte	0x3
 459 00bb 6C01     		.2byte	0x16c
 460 00bd C1000000 		.4byte	0xc1
 461 00c1 07       		.uleb128 0x7
 462 00c2 86000000 		.4byte	0x86
 463 00c6 06       		.uleb128 0x6
 464 00c7 00000000 		.4byte	.LASF18
 465 00cb 03       		.byte	0x3
 466 00cc 6E01     		.2byte	0x16e
 467 00ce D2000000 		.4byte	0xd2
 468 00d2 07       		.uleb128 0x7
 469 00d3 9C000000 		.4byte	0x9c
 470 00d7 08       		.uleb128 0x8
 471 00d8 AC000000 		.4byte	.LASF19
 472 00dc 01       		.byte	0x1
 473 00dd 3A       		.byte	0x3a
 474 00de 00000000 		.4byte	.LFB0
 475 00e2 1E000000 		.4byte	.LFE0-.LFB0
 476 00e6 01       		.uleb128 0x1
 477 00e7 9C       		.byte	0x9c
 478 00e8 05010000 		.4byte	0x105
 479 00ec 09       		.uleb128 0x9
 480 00ed 7300     		.ascii	"s\000"
 481 00ef 01       		.byte	0x1
ARM GAS  C:\Users\PANXIA~1\AppData\Local\Temp\cctrpPRJ.s 			page 14


 482 00f0 3A       		.byte	0x3a
 483 00f1 7D000000 		.4byte	0x7d
 484 00f5 02       		.uleb128 0x2
 485 00f6 91       		.byte	0x91
 486 00f7 74       		.sleb128 -12
 487 00f8 09       		.uleb128 0x9
 488 00f9 6E00     		.ascii	"n\000"
 489 00fb 01       		.byte	0x1
 490 00fc 3A       		.byte	0x3a
 491 00fd 2C000000 		.4byte	0x2c
 492 0101 02       		.uleb128 0x2
 493 0102 91       		.byte	0x91
 494 0103 70       		.sleb128 -16
 495 0104 00       		.byte	0
 496 0105 08       		.uleb128 0x8
 497 0106 20020000 		.4byte	.LASF20
 498 010a 01       		.byte	0x1
 499 010b 41       		.byte	0x41
 500 010c 00000000 		.4byte	.LFB1
 501 0110 22000000 		.4byte	.LFE1-.LFB1
 502 0114 01       		.uleb128 0x1
 503 0115 9C       		.byte	0x9c
 504 0116 43010000 		.4byte	0x143
 505 011a 0A       		.uleb128 0xa
 506 011b 85000000 		.4byte	.LASF21
 507 011f 01       		.byte	0x1
 508 0120 41       		.byte	0x41
 509 0121 7D000000 		.4byte	0x7d
 510 0125 02       		.uleb128 0x2
 511 0126 91       		.byte	0x91
 512 0127 74       		.sleb128 -12
 513 0128 09       		.uleb128 0x9
 514 0129 73726300 		.ascii	"src\000"
 515 012d 01       		.byte	0x1
 516 012e 41       		.byte	0x41
 517 012f 43010000 		.4byte	0x143
 518 0133 02       		.uleb128 0x2
 519 0134 91       		.byte	0x91
 520 0135 70       		.sleb128 -16
 521 0136 09       		.uleb128 0x9
 522 0137 6E00     		.ascii	"n\000"
 523 0139 01       		.byte	0x1
 524 013a 41       		.byte	0x41
 525 013b 2C000000 		.4byte	0x2c
 526 013f 02       		.uleb128 0x2
 527 0140 91       		.byte	0x91
 528 0141 6C       		.sleb128 -20
 529 0142 00       		.byte	0
 530 0143 0B       		.uleb128 0xb
 531 0144 04       		.byte	0x4
 532 0145 49010000 		.4byte	0x149
 533 0149 0C       		.uleb128 0xc
 534 014a 08       		.uleb128 0x8
 535 014b 10020000 		.4byte	.LASF22
 536 014f 01       		.byte	0x1
 537 0150 48       		.byte	0x48
 538 0151 00000000 		.4byte	.LFB2
ARM GAS  C:\Users\PANXIA~1\AppData\Local\Temp\cctrpPRJ.s 			page 15


 539 0155 22000000 		.4byte	.LFE2-.LFB2
 540 0159 01       		.uleb128 0x1
 541 015a 9C       		.byte	0x9c
 542 015b 88010000 		.4byte	0x188
 543 015f 0A       		.uleb128 0xa
 544 0160 85000000 		.4byte	.LASF21
 545 0164 01       		.byte	0x1
 546 0165 48       		.byte	0x48
 547 0166 7D000000 		.4byte	0x7d
 548 016a 02       		.uleb128 0x2
 549 016b 91       		.byte	0x91
 550 016c 74       		.sleb128 -12
 551 016d 09       		.uleb128 0x9
 552 016e 73726300 		.ascii	"src\000"
 553 0172 01       		.byte	0x1
 554 0173 48       		.byte	0x48
 555 0174 43010000 		.4byte	0x143
 556 0178 02       		.uleb128 0x2
 557 0179 91       		.byte	0x91
 558 017a 70       		.sleb128 -16
 559 017b 09       		.uleb128 0x9
 560 017c 6E00     		.ascii	"n\000"
 561 017e 01       		.byte	0x1
 562 017f 48       		.byte	0x48
 563 0180 2C000000 		.4byte	0x2c
 564 0184 02       		.uleb128 0x2
 565 0185 91       		.byte	0x91
 566 0186 6C       		.sleb128 -20
 567 0187 00       		.byte	0
 568 0188 0D       		.uleb128 0xd
 569 0189 61000000 		.4byte	.LASF23
 570 018d 01       		.byte	0x1
 571 018e 8F       		.byte	0x8f
 572 018f 00000000 		.4byte	.LFB3
 573 0193 54000000 		.4byte	.LFE3-.LFB3
 574 0197 01       		.uleb128 0x1
 575 0198 9C       		.byte	0x9c
 576 0199 0E       		.uleb128 0xe
 577 019a 40000000 		.4byte	.LASF24
 578 019e 01       		.byte	0x1
 579 019f B7       		.byte	0xb7
 580 01a0 00000000 		.4byte	.LFB4
 581 01a4 08000000 		.4byte	.LFE4-.LFB4
 582 01a8 01       		.uleb128 0x1
 583 01a9 9C       		.byte	0x9c
 584 01aa 0F       		.uleb128 0xf
 585 01ab CB000000 		.4byte	.LASF32
 586 01af 01       		.byte	0x1
 587 01b0 CF       		.byte	0xcf
 588 01b1 54000000 		.4byte	.LFB5
 589 01b5 D4000000 		.4byte	.LFE5-.LFB5
 590 01b9 01       		.uleb128 0x1
 591 01ba 9C       		.byte	0x9c
 592 01bb 10       		.uleb128 0x10
 593 01bc 5C000000 		.4byte	.LBB2
 594 01c0 9E000000 		.4byte	.LBE2-.LBB2
 595 01c4 11       		.uleb128 0x11
ARM GAS  C:\Users\PANXIA~1\AppData\Local\Temp\cctrpPRJ.s 			page 16


 596 01c5 06       		.byte	0x6
 597 01c6 01       		.byte	0x1
 598 01c7 D6       		.byte	0xd6
 599 01c8 E5010000 		.4byte	0x1e5
 600 01cc 12       		.uleb128 0x12
 601 01cd 81010000 		.4byte	.LASF25
 602 01d1 01       		.byte	0x1
 603 01d2 D7       		.byte	0xd7
 604 01d3 7D000000 		.4byte	0x7d
 605 01d7 00       		.byte	0
 606 01d8 12       		.uleb128 0x12
 607 01d9 8A000000 		.4byte	.LASF26
 608 01dd 01       		.byte	0x1
 609 01de D8       		.byte	0xd8
 610 01df 91000000 		.4byte	0x91
 611 01e3 04       		.byte	0x4
 612 01e4 00       		.byte	0
 613 01e5 03       		.uleb128 0x3
 614 01e6 A0010000 		.4byte	.LASF27
 615 01ea 01       		.byte	0x1
 616 01eb D9       		.byte	0xd9
 617 01ec C4010000 		.4byte	0x1c4
 618 01f0 13       		.uleb128 0x13
 619 01f1 E5010000 		.4byte	0x1e5
 620 01f5 00020000 		.4byte	0x200
 621 01f9 14       		.uleb128 0x14
 622 01fa 76000000 		.4byte	0x76
 623 01fe 01       		.byte	0x1
 624 01ff 00       		.byte	0
 625 0200 15       		.uleb128 0x15
 626 0201 51000000 		.4byte	.LASF28
 627 0205 01       		.byte	0x1
 628 0206 DB       		.byte	0xdb
 629 0207 11020000 		.4byte	0x211
 630 020b 05       		.uleb128 0x5
 631 020c 03       		.byte	0x3
 632 020d 00000000 		.4byte	cfg_memset_list.4714
 633 0211 16       		.uleb128 0x16
 634 0212 F0010000 		.4byte	0x1f0
 635 0216 17       		.uleb128 0x17
 636 0217 6900     		.ascii	"i\000"
 637 0219 01       		.byte	0x1
 638 021a E1       		.byte	0xe1
 639 021b 86000000 		.4byte	0x86
 640 021f 02       		.uleb128 0x2
 641 0220 91       		.byte	0x91
 642 0221 77       		.sleb128 -9
 643 0222 10       		.uleb128 0x10
 644 0223 64000000 		.4byte	.LBB3
 645 0227 3E000000 		.4byte	.LBE3-.LBB3
 646 022b 17       		.uleb128 0x17
 647 022c 6D7300   		.ascii	"ms\000"
 648 022f 01       		.byte	0x1
 649 0230 E6       		.byte	0xe6
 650 0231 38020000 		.4byte	0x238
 651 0235 02       		.uleb128 0x2
 652 0236 91       		.byte	0x91
ARM GAS  C:\Users\PANXIA~1\AppData\Local\Temp\cctrpPRJ.s 			page 17


 653 0237 70       		.sleb128 -16
 654 0238 0B       		.uleb128 0xb
 655 0239 04       		.byte	0x4
 656 023a 3E020000 		.4byte	0x23e
 657 023e 16       		.uleb128 0x16
 658 023f E5010000 		.4byte	0x1e5
 659 0243 00       		.byte	0
 660 0244 00       		.byte	0
 661 0245 00       		.byte	0
 662 0246 00       		.byte	0
 663              		.section	.debug_abbrev,"",%progbits
 664              	.Ldebug_abbrev0:
 665 0000 01       		.uleb128 0x1
 666 0001 11       		.uleb128 0x11
 667 0002 01       		.byte	0x1
 668 0003 25       		.uleb128 0x25
 669 0004 0E       		.uleb128 0xe
 670 0005 13       		.uleb128 0x13
 671 0006 0B       		.uleb128 0xb
 672 0007 03       		.uleb128 0x3
 673 0008 0E       		.uleb128 0xe
 674 0009 1B       		.uleb128 0x1b
 675 000a 0E       		.uleb128 0xe
 676 000b 55       		.uleb128 0x55
 677 000c 17       		.uleb128 0x17
 678 000d 11       		.uleb128 0x11
 679 000e 01       		.uleb128 0x1
 680 000f 10       		.uleb128 0x10
 681 0010 17       		.uleb128 0x17
 682 0011 00       		.byte	0
 683 0012 00       		.byte	0
 684 0013 02       		.uleb128 0x2
 685 0014 24       		.uleb128 0x24
 686 0015 00       		.byte	0
 687 0016 0B       		.uleb128 0xb
 688 0017 0B       		.uleb128 0xb
 689 0018 3E       		.uleb128 0x3e
 690 0019 0B       		.uleb128 0xb
 691 001a 03       		.uleb128 0x3
 692 001b 08       		.uleb128 0x8
 693 001c 00       		.byte	0
 694 001d 00       		.byte	0
 695 001e 03       		.uleb128 0x3
 696 001f 16       		.uleb128 0x16
 697 0020 00       		.byte	0
 698 0021 03       		.uleb128 0x3
 699 0022 0E       		.uleb128 0xe
 700 0023 3A       		.uleb128 0x3a
 701 0024 0B       		.uleb128 0xb
 702 0025 3B       		.uleb128 0x3b
 703 0026 0B       		.uleb128 0xb
 704 0027 49       		.uleb128 0x49
 705 0028 13       		.uleb128 0x13
 706 0029 00       		.byte	0
 707 002a 00       		.byte	0
 708 002b 04       		.uleb128 0x4
 709 002c 24       		.uleb128 0x24
ARM GAS  C:\Users\PANXIA~1\AppData\Local\Temp\cctrpPRJ.s 			page 18


 710 002d 00       		.byte	0
 711 002e 0B       		.uleb128 0xb
 712 002f 0B       		.uleb128 0xb
 713 0030 3E       		.uleb128 0x3e
 714 0031 0B       		.uleb128 0xb
 715 0032 03       		.uleb128 0x3
 716 0033 0E       		.uleb128 0xe
 717 0034 00       		.byte	0
 718 0035 00       		.byte	0
 719 0036 05       		.uleb128 0x5
 720 0037 0F       		.uleb128 0xf
 721 0038 00       		.byte	0
 722 0039 0B       		.uleb128 0xb
 723 003a 0B       		.uleb128 0xb
 724 003b 00       		.byte	0
 725 003c 00       		.byte	0
 726 003d 06       		.uleb128 0x6
 727 003e 16       		.uleb128 0x16
 728 003f 00       		.byte	0
 729 0040 03       		.uleb128 0x3
 730 0041 0E       		.uleb128 0xe
 731 0042 3A       		.uleb128 0x3a
 732 0043 0B       		.uleb128 0xb
 733 0044 3B       		.uleb128 0x3b
 734 0045 05       		.uleb128 0x5
 735 0046 49       		.uleb128 0x49
 736 0047 13       		.uleb128 0x13
 737 0048 00       		.byte	0
 738 0049 00       		.byte	0
 739 004a 07       		.uleb128 0x7
 740 004b 35       		.uleb128 0x35
 741 004c 00       		.byte	0
 742 004d 49       		.uleb128 0x49
 743 004e 13       		.uleb128 0x13
 744 004f 00       		.byte	0
 745 0050 00       		.byte	0
 746 0051 08       		.uleb128 0x8
 747 0052 2E       		.uleb128 0x2e
 748 0053 01       		.byte	0x1
 749 0054 03       		.uleb128 0x3
 750 0055 0E       		.uleb128 0xe
 751 0056 3A       		.uleb128 0x3a
 752 0057 0B       		.uleb128 0xb
 753 0058 3B       		.uleb128 0x3b
 754 0059 0B       		.uleb128 0xb
 755 005a 27       		.uleb128 0x27
 756 005b 19       		.uleb128 0x19
 757 005c 11       		.uleb128 0x11
 758 005d 01       		.uleb128 0x1
 759 005e 12       		.uleb128 0x12
 760 005f 06       		.uleb128 0x6
 761 0060 40       		.uleb128 0x40
 762 0061 18       		.uleb128 0x18
 763 0062 9642     		.uleb128 0x2116
 764 0064 19       		.uleb128 0x19
 765 0065 01       		.uleb128 0x1
 766 0066 13       		.uleb128 0x13
ARM GAS  C:\Users\PANXIA~1\AppData\Local\Temp\cctrpPRJ.s 			page 19


 767 0067 00       		.byte	0
 768 0068 00       		.byte	0
 769 0069 09       		.uleb128 0x9
 770 006a 05       		.uleb128 0x5
 771 006b 00       		.byte	0
 772 006c 03       		.uleb128 0x3
 773 006d 08       		.uleb128 0x8
 774 006e 3A       		.uleb128 0x3a
 775 006f 0B       		.uleb128 0xb
 776 0070 3B       		.uleb128 0x3b
 777 0071 0B       		.uleb128 0xb
 778 0072 49       		.uleb128 0x49
 779 0073 13       		.uleb128 0x13
 780 0074 02       		.uleb128 0x2
 781 0075 18       		.uleb128 0x18
 782 0076 00       		.byte	0
 783 0077 00       		.byte	0
 784 0078 0A       		.uleb128 0xa
 785 0079 05       		.uleb128 0x5
 786 007a 00       		.byte	0
 787 007b 03       		.uleb128 0x3
 788 007c 0E       		.uleb128 0xe
 789 007d 3A       		.uleb128 0x3a
 790 007e 0B       		.uleb128 0xb
 791 007f 3B       		.uleb128 0x3b
 792 0080 0B       		.uleb128 0xb
 793 0081 49       		.uleb128 0x49
 794 0082 13       		.uleb128 0x13
 795 0083 02       		.uleb128 0x2
 796 0084 18       		.uleb128 0x18
 797 0085 00       		.byte	0
 798 0086 00       		.byte	0
 799 0087 0B       		.uleb128 0xb
 800 0088 0F       		.uleb128 0xf
 801 0089 00       		.byte	0
 802 008a 0B       		.uleb128 0xb
 803 008b 0B       		.uleb128 0xb
 804 008c 49       		.uleb128 0x49
 805 008d 13       		.uleb128 0x13
 806 008e 00       		.byte	0
 807 008f 00       		.byte	0
 808 0090 0C       		.uleb128 0xc
 809 0091 26       		.uleb128 0x26
 810 0092 00       		.byte	0
 811 0093 00       		.byte	0
 812 0094 00       		.byte	0
 813 0095 0D       		.uleb128 0xd
 814 0096 2E       		.uleb128 0x2e
 815 0097 00       		.byte	0
 816 0098 03       		.uleb128 0x3
 817 0099 0E       		.uleb128 0xe
 818 009a 3A       		.uleb128 0x3a
 819 009b 0B       		.uleb128 0xb
 820 009c 3B       		.uleb128 0x3b
 821 009d 0B       		.uleb128 0xb
 822 009e 27       		.uleb128 0x27
 823 009f 19       		.uleb128 0x19
ARM GAS  C:\Users\PANXIA~1\AppData\Local\Temp\cctrpPRJ.s 			page 20


 824 00a0 11       		.uleb128 0x11
 825 00a1 01       		.uleb128 0x1
 826 00a2 12       		.uleb128 0x12
 827 00a3 06       		.uleb128 0x6
 828 00a4 40       		.uleb128 0x40
 829 00a5 18       		.uleb128 0x18
 830 00a6 9642     		.uleb128 0x2116
 831 00a8 19       		.uleb128 0x19
 832 00a9 00       		.byte	0
 833 00aa 00       		.byte	0
 834 00ab 0E       		.uleb128 0xe
 835 00ac 2E       		.uleb128 0x2e
 836 00ad 00       		.byte	0
 837 00ae 03       		.uleb128 0x3
 838 00af 0E       		.uleb128 0xe
 839 00b0 3A       		.uleb128 0x3a
 840 00b1 0B       		.uleb128 0xb
 841 00b2 3B       		.uleb128 0x3b
 842 00b3 0B       		.uleb128 0xb
 843 00b4 27       		.uleb128 0x27
 844 00b5 19       		.uleb128 0x19
 845 00b6 11       		.uleb128 0x11
 846 00b7 01       		.uleb128 0x1
 847 00b8 12       		.uleb128 0x12
 848 00b9 06       		.uleb128 0x6
 849 00ba 40       		.uleb128 0x40
 850 00bb 18       		.uleb128 0x18
 851 00bc 9742     		.uleb128 0x2117
 852 00be 19       		.uleb128 0x19
 853 00bf 00       		.byte	0
 854 00c0 00       		.byte	0
 855 00c1 0F       		.uleb128 0xf
 856 00c2 2E       		.uleb128 0x2e
 857 00c3 01       		.byte	0x1
 858 00c4 3F       		.uleb128 0x3f
 859 00c5 19       		.uleb128 0x19
 860 00c6 03       		.uleb128 0x3
 861 00c7 0E       		.uleb128 0xe
 862 00c8 3A       		.uleb128 0x3a
 863 00c9 0B       		.uleb128 0xb
 864 00ca 3B       		.uleb128 0x3b
 865 00cb 0B       		.uleb128 0xb
 866 00cc 27       		.uleb128 0x27
 867 00cd 19       		.uleb128 0x19
 868 00ce 11       		.uleb128 0x11
 869 00cf 01       		.uleb128 0x1
 870 00d0 12       		.uleb128 0x12
 871 00d1 06       		.uleb128 0x6
 872 00d2 40       		.uleb128 0x40
 873 00d3 18       		.uleb128 0x18
 874 00d4 9642     		.uleb128 0x2116
 875 00d6 19       		.uleb128 0x19
 876 00d7 00       		.byte	0
 877 00d8 00       		.byte	0
 878 00d9 10       		.uleb128 0x10
 879 00da 0B       		.uleb128 0xb
 880 00db 01       		.byte	0x1
ARM GAS  C:\Users\PANXIA~1\AppData\Local\Temp\cctrpPRJ.s 			page 21


 881 00dc 11       		.uleb128 0x11
 882 00dd 01       		.uleb128 0x1
 883 00de 12       		.uleb128 0x12
 884 00df 06       		.uleb128 0x6
 885 00e0 00       		.byte	0
 886 00e1 00       		.byte	0
 887 00e2 11       		.uleb128 0x11
 888 00e3 13       		.uleb128 0x13
 889 00e4 01       		.byte	0x1
 890 00e5 0B       		.uleb128 0xb
 891 00e6 0B       		.uleb128 0xb
 892 00e7 3A       		.uleb128 0x3a
 893 00e8 0B       		.uleb128 0xb
 894 00e9 3B       		.uleb128 0x3b
 895 00ea 0B       		.uleb128 0xb
 896 00eb 01       		.uleb128 0x1
 897 00ec 13       		.uleb128 0x13
 898 00ed 00       		.byte	0
 899 00ee 00       		.byte	0
 900 00ef 12       		.uleb128 0x12
 901 00f0 0D       		.uleb128 0xd
 902 00f1 00       		.byte	0
 903 00f2 03       		.uleb128 0x3
 904 00f3 0E       		.uleb128 0xe
 905 00f4 3A       		.uleb128 0x3a
 906 00f5 0B       		.uleb128 0xb
 907 00f6 3B       		.uleb128 0x3b
 908 00f7 0B       		.uleb128 0xb
 909 00f8 49       		.uleb128 0x49
 910 00f9 13       		.uleb128 0x13
 911 00fa 38       		.uleb128 0x38
 912 00fb 0B       		.uleb128 0xb
 913 00fc 00       		.byte	0
 914 00fd 00       		.byte	0
 915 00fe 13       		.uleb128 0x13
 916 00ff 01       		.uleb128 0x1
 917 0100 01       		.byte	0x1
 918 0101 49       		.uleb128 0x49
 919 0102 13       		.uleb128 0x13
 920 0103 01       		.uleb128 0x1
 921 0104 13       		.uleb128 0x13
 922 0105 00       		.byte	0
 923 0106 00       		.byte	0
 924 0107 14       		.uleb128 0x14
 925 0108 21       		.uleb128 0x21
 926 0109 00       		.byte	0
 927 010a 49       		.uleb128 0x49
 928 010b 13       		.uleb128 0x13
 929 010c 2F       		.uleb128 0x2f
 930 010d 0B       		.uleb128 0xb
 931 010e 00       		.byte	0
 932 010f 00       		.byte	0
 933 0110 15       		.uleb128 0x15
 934 0111 34       		.uleb128 0x34
 935 0112 00       		.byte	0
 936 0113 03       		.uleb128 0x3
 937 0114 0E       		.uleb128 0xe
ARM GAS  C:\Users\PANXIA~1\AppData\Local\Temp\cctrpPRJ.s 			page 22


 938 0115 3A       		.uleb128 0x3a
 939 0116 0B       		.uleb128 0xb
 940 0117 3B       		.uleb128 0x3b
 941 0118 0B       		.uleb128 0xb
 942 0119 49       		.uleb128 0x49
 943 011a 13       		.uleb128 0x13
 944 011b 02       		.uleb128 0x2
 945 011c 18       		.uleb128 0x18
 946 011d 00       		.byte	0
 947 011e 00       		.byte	0
 948 011f 16       		.uleb128 0x16
 949 0120 26       		.uleb128 0x26
 950 0121 00       		.byte	0
 951 0122 49       		.uleb128 0x49
 952 0123 13       		.uleb128 0x13
 953 0124 00       		.byte	0
 954 0125 00       		.byte	0
 955 0126 17       		.uleb128 0x17
 956 0127 34       		.uleb128 0x34
 957 0128 00       		.byte	0
 958 0129 03       		.uleb128 0x3
 959 012a 08       		.uleb128 0x8
 960 012b 3A       		.uleb128 0x3a
 961 012c 0B       		.uleb128 0xb
 962 012d 3B       		.uleb128 0x3b
 963 012e 0B       		.uleb128 0xb
 964 012f 49       		.uleb128 0x49
 965 0130 13       		.uleb128 0x13
 966 0131 02       		.uleb128 0x2
 967 0132 18       		.uleb128 0x18
 968 0133 00       		.byte	0
 969 0134 00       		.byte	0
 970 0135 00       		.byte	0
 971              		.section	.debug_aranges,"",%progbits
 972 0000 44000000 		.4byte	0x44
 973 0004 0200     		.2byte	0x2
 974 0006 00000000 		.4byte	.Ldebug_info0
 975 000a 04       		.byte	0x4
 976 000b 00       		.byte	0
 977 000c 0000     		.2byte	0
 978 000e 0000     		.2byte	0
 979 0010 00000000 		.4byte	.LFB0
 980 0014 1E000000 		.4byte	.LFE0-.LFB0
 981 0018 00000000 		.4byte	.LFB1
 982 001c 22000000 		.4byte	.LFE1-.LFB1
 983 0020 00000000 		.4byte	.LFB2
 984 0024 22000000 		.4byte	.LFE2-.LFB2
 985 0028 00000000 		.4byte	.LFB3
 986 002c 54000000 		.4byte	.LFE3-.LFB3
 987 0030 00000000 		.4byte	.LFB4
 988 0034 08000000 		.4byte	.LFE4-.LFB4
 989 0038 54000000 		.4byte	.LFB5
 990 003c D4000000 		.4byte	.LFE5-.LFB5
 991 0040 00000000 		.4byte	0
 992 0044 00000000 		.4byte	0
 993              		.section	.debug_ranges,"",%progbits
 994              	.Ldebug_ranges0:
ARM GAS  C:\Users\PANXIA~1\AppData\Local\Temp\cctrpPRJ.s 			page 23


 995 0000 00000000 		.4byte	.LFB0
 996 0004 1E000000 		.4byte	.LFE0
 997 0008 00000000 		.4byte	.LFB1
 998 000c 22000000 		.4byte	.LFE1
 999 0010 00000000 		.4byte	.LFB2
 1000 0014 22000000 		.4byte	.LFE2
 1001 0018 00000000 		.4byte	.LFB3
 1002 001c 54000000 		.4byte	.LFE3
 1003 0020 00000000 		.4byte	.LFB4
 1004 0024 08000000 		.4byte	.LFE4
 1005 0028 54000000 		.4byte	.LFB5
 1006 002c 28010000 		.4byte	.LFE5
 1007 0030 00000000 		.4byte	0
 1008 0034 00000000 		.4byte	0
 1009              		.section	.debug_line,"",%progbits
 1010              	.Ldebug_line0:
 1011 0000 57010000 		.section	.debug_str,"MS",%progbits,1
 1011      0200CD00 
 1011      00000201 
 1011      FB0E0D00 
 1011      01010101 
 1012              	.LASF18:
 1013 0000 72656733 		.ascii	"reg32\000"
 1013      3200
 1014              	.LASF11:
 1015 0006 73697A65 		.ascii	"size_t\000"
 1015      5F7400
 1016              	.LASF31:
 1017 000d 443A5C41 		.ascii	"D:\\A20_CANfestival\\posoc\\Em_EEPROM_Example01.cyd"
 1017      32305F43 
 1017      414E6665 
 1017      73746976 
 1017      616C5C70 
 1018 003d 736E00   		.ascii	"sn\000"
 1019              	.LASF24:
 1020 0040 416E616C 		.ascii	"AnalogSetDefault\000"
 1020      6F675365 
 1020      74446566 
 1020      61756C74 
 1020      00
 1021              	.LASF28:
 1022 0051 6366675F 		.ascii	"cfg_memset_list\000"
 1022      6D656D73 
 1022      65745F6C 
 1022      69737400 
 1023              	.LASF23:
 1024 0061 436C6F63 		.ascii	"ClockSetup\000"
 1024      6B536574 
 1024      757000
 1025              	.LASF4:
 1026 006c 73686F72 		.ascii	"short unsigned int\000"
 1026      7420756E 
 1026      7369676E 
 1026      65642069 
 1026      6E7400
 1027              	.LASF15:
 1028 007f 666C6F61 		.ascii	"float\000"
ARM GAS  C:\Users\PANXIA~1\AppData\Local\Temp\cctrpPRJ.s 			page 24


 1028      7400
 1029              	.LASF21:
 1030 0085 64657374 		.ascii	"dest\000"
 1030      00
 1031              	.LASF26:
 1032 008a 73697A65 		.ascii	"size\000"
 1032      00
 1033              	.LASF17:
 1034 008f 72656738 		.ascii	"reg8\000"
 1034      00
 1035              	.LASF6:
 1036 0094 6C6F6E67 		.ascii	"long unsigned int\000"
 1036      20756E73 
 1036      69676E65 
 1036      6420696E 
 1036      7400
 1037              	.LASF12:
 1038 00a6 75696E74 		.ascii	"uint8\000"
 1038      3800
 1039              	.LASF19:
 1040 00ac 43594D45 		.ascii	"CYMEMZERO\000"
 1040      4D5A4552 
 1040      4F00
 1041              	.LASF2:
 1042 00b6 756E7369 		.ascii	"unsigned char\000"
 1042      676E6564 
 1042      20636861 
 1042      7200
 1043              	.LASF16:
 1044 00c4 646F7562 		.ascii	"double\000"
 1044      6C6500
 1045              	.LASF32:
 1046 00cb 63796669 		.ascii	"cyfitter_cfg\000"
 1046      74746572 
 1046      5F636667 
 1046      00
 1047              	.LASF29:
 1048 00d8 474E5520 		.ascii	"GNU C 4.9.3 20150303 (release) [ARM/embedded-4_9-br"
 1048      4320342E 
 1048      392E3320 
 1048      32303135 
 1048      30333033 
 1049 010b 616E6368 		.ascii	"anch revision 221220] -mcpu=cortex-m0 -mthumb -g -O"
 1049      20726576 
 1049      6973696F 
 1049      6E203232 
 1049      31323230 
 1050 013e 30202D66 		.ascii	"0 -ffunction-sections -ffat-lto-objects\000"
 1050      66756E63 
 1050      74696F6E 
 1050      2D736563 
 1050      74696F6E 
 1051              	.LASF13:
 1052 0166 75696E74 		.ascii	"uint16\000"
 1052      313600
 1053              	.LASF14:
 1054 016d 75696E74 		.ascii	"uint32\000"
ARM GAS  C:\Users\PANXIA~1\AppData\Local\Temp\cctrpPRJ.s 			page 25


 1054      333200
 1055              	.LASF0:
 1056 0174 756E7369 		.ascii	"unsigned int\000"
 1056      676E6564 
 1056      20696E74 
 1056      00
 1057              	.LASF25:
 1058 0181 61646472 		.ascii	"address\000"
 1058      65737300 
 1059              	.LASF8:
 1060 0189 6C6F6E67 		.ascii	"long long unsigned int\000"
 1060      206C6F6E 
 1060      6720756E 
 1060      7369676E 
 1060      65642069 
 1061              	.LASF27:
 1062 01a0 6366675F 		.ascii	"cfg_memset_t\000"
 1062      6D656D73 
 1062      65745F74 
 1062      00
 1063              	.LASF30:
 1064 01ad 2E5C4765 		.ascii	".\\Generated_Source\\PSoC4\\cyfitter_cfg.c\000"
 1064      6E657261 
 1064      7465645F 
 1064      536F7572 
 1064      63655C50 
 1065              	.LASF9:
 1066 01d5 73697A65 		.ascii	"sizetype\000"
 1066      74797065 
 1066      00
 1067              	.LASF7:
 1068 01de 6C6F6E67 		.ascii	"long long int\000"
 1068      206C6F6E 
 1068      6720696E 
 1068      7400
 1069              	.LASF10:
 1070 01ec 63686172 		.ascii	"char\000"
 1070      00
 1071              	.LASF3:
 1072 01f1 73686F72 		.ascii	"short int\000"
 1072      7420696E 
 1072      7400
 1073              	.LASF5:
 1074 01fb 6C6F6E67 		.ascii	"long int\000"
 1074      20696E74 
 1074      00
 1075              	.LASF1:
 1076 0204 7369676E 		.ascii	"signed char\000"
 1076      65642063 
 1076      68617200 
 1077              	.LASF22:
 1078 0210 4359434F 		.ascii	"CYCONFIGCPYCODE\000"
 1078      4E464947 
 1078      43505943 
 1078      4F444500 
 1079              	.LASF20:
 1080 0220 4359434F 		.ascii	"CYCONFIGCPY\000"
ARM GAS  C:\Users\PANXIA~1\AppData\Local\Temp\cctrpPRJ.s 			page 26


 1080      4E464947 
 1080      43505900 
 1081              		.ident	"GCC: (GNU Tools for ARM Embedded Processors) 4.9.3 20150303 (release) [ARM/embedded-4_9-br
