ARM GAS  C:\Users\PANXIA~1\AppData\Local\Temp\ccLUJYgA.s 			page 1


   1              		.cpu cortex-m0
   2              		.fpu softvfp
   3              		.eabi_attribute 20, 1
   4              		.eabi_attribute 21, 1
   5              		.eabi_attribute 23, 3
   6              		.eabi_attribute 24, 1
   7              		.eabi_attribute 25, 1
   8              		.eabi_attribute 26, 1
   9              		.eabi_attribute 30, 6
  10              		.eabi_attribute 34, 0
  11              		.eabi_attribute 18, 4
  12              		.code	16
  13              		.file	"main.c"
  14              		.text
  15              	.Ltext0:
  16              		.cfi_sections	.debug_frame
  17              		.section	.rodata
  18              		.align	2
  19              	.LC2:
  20 0000 456D2045 		.ascii	"Em EEPROM demo\000"
  20      4550524F 
  20      4D206465 
  20      6D6F00
  21 000f 00       		.align	2
  22              	.LC5:
  23 0010 456D2045 		.ascii	"Em EEPROM error\000"
  23      4550524F 
  23      4D206572 
  23      726F7200 
  24              		.align	2
  25              	.LC0:
  26 0020 50       		.byte	80
  27 0021 6F       		.byte	111
  28 0022 77       		.byte	119
  29 0023 65       		.byte	101
  30 0024 72       		.byte	114
  31 0025 43       		.byte	67
  32 0026 79       		.byte	121
  33 0027 63       		.byte	99
  34 0028 6C       		.byte	108
  35 0029 65       		.byte	101
  36 002a 23       		.byte	35
  37 002b 20       		.byte	32
  38 002c 30       		.byte	48
  39 002d 00       		.byte	0
  40              		.section	.text.main,"ax",%progbits
  41              		.align	2
  42              		.global	main
  43              		.code	16
  44              		.thumb_func
  45              		.type	main, %function
  46              	main:
  47              	.LFB33:
  48              		.file 1 ".\\main.c"
   1:.\main.c      **** /*******************************************************************************
   2:.\main.c      **** * File: main.c
   3:.\main.c      **** *
ARM GAS  C:\Users\PANXIA~1\AppData\Local\Temp\ccLUJYgA.s 			page 2


   4:.\main.c      **** * Version: 2.0
   5:.\main.c      **** *
   6:.\main.c      **** * Description:
   7:.\main.c      **** *  The example project demonstrates the basic functionality of the Emulated
   8:.\main.c      **** *  EEPROM component.
   9:.\main.c      **** *
  10:.\main.c      **** ********************************************************************************
  11:.\main.c      **** * Copyright 2013-2014, Cypress Semiconductor Corporation. All rights reserved.
  12:.\main.c      **** * This software is owned by Cypress Semiconductor Corporation and is protected
  13:.\main.c      **** * by and subject to worldwide patent and copyright laws and treaties.
  14:.\main.c      **** * Therefore, you may use this software only as provided in the license agreement
  15:.\main.c      **** * accompanying the software package from which you obtained this software.
  16:.\main.c      **** * CYPRESS AND ITS SUPPLIERS MAKE NO WARRANTY OF ANY KIND, EXPRESS OR IMPLIED,
  17:.\main.c      **** * WITH REGARD TO THIS SOFTWARE, INCLUDING, BUT NOT LIMITED TO, NONINFRINGEMENT,
  18:.\main.c      **** * IMPLIED WARRANTIES OF MERCHANTABILITY AND FITNESS FOR A PARTICULAR PURPOSE.
  19:.\main.c      **** *******************************************************************************/
  20:.\main.c      **** #include <project.h>
  21:.\main.c      **** 
  22:.\main.c      **** #define SW_UART_PORT        (0u)
  23:.\main.c      **** #define SW_UART_PIN         (1u)
  24:.\main.c      **** 
  25:.\main.c      **** 
  26:.\main.c      **** int main()
  27:.\main.c      **** {
  49              		.loc 1 27 0
  50              		.cfi_startproc
  51 0000 80B5     		push	{r7, lr}
  52              		.cfi_def_cfa_offset 8
  53              		.cfi_offset 7, -8
  54              		.cfi_offset 14, -4
  55 0002 88B0     		sub	sp, sp, #32
  56              		.cfi_def_cfa_offset 40
  57 0004 00AF     		add	r7, sp, #0
  58              		.cfi_def_cfa_register 7
  28:.\main.c      ****     static const uint8 CYCODE eepromArray[]=
  29:.\main.c      ****                                 { 0x46, 0x69, 0x72, 0x73, 0x74, 0x20, 0x72, 0x75, 0x6E, 0x00, 0x00,
  30:.\main.c      ****                                              /* F     i     r     s     t           r     u     n  
  31:.\main.c      ****     uint8 array[]              ={ 0x50, 0x6F, 0x77, 0x65, 0x72, 0x43, 0x79, 0x63, 0x6C, 0x65, 0x23,
  59              		.loc 1 31 0
  60 0006 0823     		mov	r3, #8
  61 0008 FA18     		add	r2, r7, r3
  62 000a 344B     		ldr	r3, .L7
  63 000c 111C     		mov	r1, r2
  64 000e 1A1C     		mov	r2, r3
  65 0010 0E23     		mov	r3, #14
  66 0012 081C     		mov	r0, r1
  67 0014 111C     		mov	r1, r2
  68 0016 1A1C     		mov	r2, r3
  69 0018 FFF7FEFF 		bl	memcpy
  32:.\main.c      ****                                 /* P     o     w     e     r     C     y     c     l     e     #   
  33:.\main.c      **** 
  34:.\main.c      **** 
  35:.\main.c      ****     uint8 eeprom_cnt;
  36:.\main.c      ****     cystatus status;
  37:.\main.c      ****     volatile const uint8 * ptr;
  38:.\main.c      **** 
  39:.\main.c      ****     /* Configure SW_Tx_UART to use port and pin from defines above */
ARM GAS  C:\Users\PANXIA~1\AppData\Local\Temp\ccLUJYgA.s 			page 3


  40:.\main.c      ****     SW_Tx_UART_StartEx(SW_UART_PORT, SW_UART_PIN);
  70              		.loc 1 40 0
  71 001c 0020     		mov	r0, #0
  72 001e 0121     		mov	r1, #1
  73 0020 FFF7FEFF 		bl	SW_Tx_UART_StartEx
  41:.\main.c      **** 
  42:.\main.c      ****     Em_EEPROM_Start();
  74              		.loc 1 42 0
  75 0024 FFF7FEFF 		bl	Em_EEPROM_Start
  43:.\main.c      ****     
  44:.\main.c      ****     SW_Tx_UART_PutString("Em EEPROM demo");
  76              		.loc 1 44 0
  77 0028 2D4B     		ldr	r3, .L7+4
  78 002a 181C     		mov	r0, r3
  79 002c FFF7FEFF 		bl	SW_Tx_UART_PutString
  45:.\main.c      ****     SW_Tx_UART_PutCRLF();
  80              		.loc 1 45 0
  81 0030 FFF7FEFF 		bl	SW_Tx_UART_PutCRLF
  46:.\main.c      ****     
  47:.\main.c      ****     /* If the string in ROM begins with "F", replace it, otherwise increment counter  */
  48:.\main.c      ****     if (*(volatile uint8 *) &eepromArray[0] == 0x46u)
  82              		.loc 1 48 0
  83 0034 2B4B     		ldr	r3, .L7+8
  84 0036 1B78     		ldrb	r3, [r3]
  85 0038 DBB2     		uxtb	r3, r3
  86 003a 462B     		cmp	r3, #70
  87 003c 1CD1     		bne	.L2
  49:.\main.c      ****     {
  50:.\main.c      ****         SW_Tx_UART_PutArray(eepromArray,14u);
  88              		.loc 1 50 0
  89 003e 294B     		ldr	r3, .L7+8
  90 0040 181C     		mov	r0, r3
  91 0042 0E21     		mov	r1, #14
  92 0044 FFF7FEFF 		bl	SW_Tx_UART_PutArray
  51:.\main.c      ****         SW_Tx_UART_PutCRLF();        
  93              		.loc 1 51 0
  94 0048 FFF7FEFF 		bl	SW_Tx_UART_PutCRLF
  52:.\main.c      ****         status = Em_EEPROM_Write(array,eepromArray,14u);
  95              		.loc 1 52 0
  96 004c 0823     		mov	r3, #8
  97 004e FA18     		add	r2, r7, r3
  98 0050 244B     		ldr	r3, .L7+8
  99 0052 101C     		mov	r0, r2
 100 0054 191C     		mov	r1, r3
 101 0056 0E22     		mov	r2, #14
 102 0058 FFF7FEFF 		bl	Em_EEPROM_Write
 103 005c 031C     		mov	r3, r0
 104 005e FB61     		str	r3, [r7, #28]
  53:.\main.c      ****         SW_Tx_UART_PutCRLF();        
 105              		.loc 1 53 0
 106 0060 FFF7FEFF 		bl	SW_Tx_UART_PutCRLF
  54:.\main.c      ****         if (CYRET_SUCCESS != status)
 107              		.loc 1 54 0
 108 0064 FB69     		ldr	r3, [r7, #28]
 109 0066 002B     		cmp	r3, #0
 110 0068 36D0     		beq	.L3
  55:.\main.c      ****         {
ARM GAS  C:\Users\PANXIA~1\AppData\Local\Temp\ccLUJYgA.s 			page 4


  56:.\main.c      ****             SW_Tx_UART_PutString("Em EEPROM error");
 111              		.loc 1 56 0
 112 006a 1F4B     		ldr	r3, .L7+12
 113 006c 181C     		mov	r0, r3
 114 006e FFF7FEFF 		bl	SW_Tx_UART_PutString
  57:.\main.c      ****             SW_Tx_UART_PutCRLF();
 115              		.loc 1 57 0
 116 0072 FFF7FEFF 		bl	SW_Tx_UART_PutCRLF
 117              	.L4:
  58:.\main.c      ****             while (1u == 1u)
  59:.\main.c      ****             {
  60:.\main.c      ****                 /* Will stay here */
  61:.\main.c      ****             }
 118              		.loc 1 61 0 discriminator 1
 119 0076 FEE7     		b	.L4
 120              	.L2:
  62:.\main.c      ****         }
  63:.\main.c      ****     }
  64:.\main.c      ****     else
  65:.\main.c      ****     {
  66:.\main.c      ****         ptr = &eepromArray[12];
 121              		.loc 1 66 0
 122 0078 1C4B     		ldr	r3, .L7+16
 123 007a BB61     		str	r3, [r7, #24]
  67:.\main.c      ****         eeprom_cnt = *ptr;
 124              		.loc 1 67 0
 125 007c BB69     		ldr	r3, [r7, #24]
 126 007e 1B78     		ldrb	r3, [r3]
 127 0080 DAB2     		uxtb	r2, r3
 128 0082 FB1D     		add	r3, r7, #7
 129 0084 1A70     		strb	r2, [r3]
  68:.\main.c      ****         eeprom_cnt++;
 130              		.loc 1 68 0
 131 0086 FB1D     		add	r3, r7, #7
 132 0088 1B78     		ldrb	r3, [r3]
 133 008a 0133     		add	r3, r3, #1
 134 008c DAB2     		uxtb	r2, r3
 135 008e FB1D     		add	r3, r7, #7
 136 0090 1A70     		strb	r2, [r3]
  69:.\main.c      ****         
  70:.\main.c      ****         if(eeprom_cnt > 0x39u)
 137              		.loc 1 70 0
 138 0092 FB1D     		add	r3, r7, #7
 139 0094 1B78     		ldrb	r3, [r3]
 140 0096 392B     		cmp	r3, #57
 141 0098 02D9     		bls	.L5
  71:.\main.c      ****         {
  72:.\main.c      ****             eeprom_cnt = 0x30u;
 142              		.loc 1 72 0
 143 009a FB1D     		add	r3, r7, #7
 144 009c 3022     		mov	r2, #48
 145 009e 1A70     		strb	r2, [r3]
 146              	.L5:
  73:.\main.c      ****         }
  74:.\main.c      ****         
  75:.\main.c      ****         status = Em_EEPROM_Write(&eeprom_cnt,&eepromArray[12],1u);
 147              		.loc 1 75 0
ARM GAS  C:\Users\PANXIA~1\AppData\Local\Temp\ccLUJYgA.s 			page 5


 148 00a0 FA1D     		add	r2, r7, #7
 149 00a2 124B     		ldr	r3, .L7+16
 150 00a4 101C     		mov	r0, r2
 151 00a6 191C     		mov	r1, r3
 152 00a8 0122     		mov	r2, #1
 153 00aa FFF7FEFF 		bl	Em_EEPROM_Write
 154 00ae 031C     		mov	r3, r0
 155 00b0 FB61     		str	r3, [r7, #28]
  76:.\main.c      ****         
  77:.\main.c      ****         SW_Tx_UART_PutArray(eepromArray,14u);
 156              		.loc 1 77 0
 157 00b2 0C4B     		ldr	r3, .L7+8
 158 00b4 181C     		mov	r0, r3
 159 00b6 0E21     		mov	r1, #14
 160 00b8 FFF7FEFF 		bl	SW_Tx_UART_PutArray
  78:.\main.c      ****         SW_Tx_UART_PutCRLF();        
 161              		.loc 1 78 0
 162 00bc FFF7FEFF 		bl	SW_Tx_UART_PutCRLF
  79:.\main.c      ****         SW_Tx_UART_PutCRLF();        
 163              		.loc 1 79 0
 164 00c0 FFF7FEFF 		bl	SW_Tx_UART_PutCRLF
  80:.\main.c      ****         if (CYRET_SUCCESS != status)
 165              		.loc 1 80 0
 166 00c4 FB69     		ldr	r3, [r7, #28]
 167 00c6 002B     		cmp	r3, #0
 168 00c8 06D0     		beq	.L3
  81:.\main.c      ****         {
  82:.\main.c      ****             SW_Tx_UART_PutString("Em EEPROM error");
 169              		.loc 1 82 0
 170 00ca 074B     		ldr	r3, .L7+12
 171 00cc 181C     		mov	r0, r3
 172 00ce FFF7FEFF 		bl	SW_Tx_UART_PutString
  83:.\main.c      ****             SW_Tx_UART_PutCRLF();
 173              		.loc 1 83 0
 174 00d2 FFF7FEFF 		bl	SW_Tx_UART_PutCRLF
 175              	.L6:
  84:.\main.c      ****             while (1u == 1u)
  85:.\main.c      ****             {
  86:.\main.c      ****                 /* Will stay here */
  87:.\main.c      ****             }
 176              		.loc 1 87 0 discriminator 3
 177 00d6 FEE7     		b	.L6
 178              	.L3:
  88:.\main.c      ****         }
  89:.\main.c      ****     }
  90:.\main.c      ****     
  91:.\main.c      ****     while (1u == 1u)
  92:.\main.c      ****     {
  93:.\main.c      ****         /* Forever loop */
  94:.\main.c      ****     }
 179              		.loc 1 94 0 discriminator 4
 180 00d8 FEE7     		b	.L3
 181              	.L8:
 182 00da C046     		.align	2
 183              	.L7:
 184 00dc 20000000 		.word	.LC0
 185 00e0 00000000 		.word	.LC2
ARM GAS  C:\Users\PANXIA~1\AppData\Local\Temp\ccLUJYgA.s 			page 6


 186 00e4 30000000 		.word	eepromArray.4915
 187 00e8 10000000 		.word	.LC5
 188 00ec 3C000000 		.word	eepromArray.4915+12
 189              		.cfi_endproc
 190              	.LFE33:
 191              		.size	main, .-main
 192              		.section	.rodata
 193 002e 0000     		.align	2
 194              		.type	eepromArray.4915, %object
 195              		.size	eepromArray.4915, 14
 196              	eepromArray.4915:
 197 0030 46       		.byte	70
 198 0031 69       		.byte	105
 199 0032 72       		.byte	114
 200 0033 73       		.byte	115
 201 0034 74       		.byte	116
 202 0035 20       		.byte	32
 203 0036 72       		.byte	114
 204 0037 75       		.byte	117
 205 0038 6E       		.byte	110
 206 0039 00       		.byte	0
 207 003a 00       		.byte	0
 208 003b 00       		.byte	0
 209 003c 00       		.byte	0
 210 003d 00       		.byte	0
 211 003e 0000     		.text
 212              	.Letext0:
 213              		.file 2 "Generated_Source\\PSoC4/cytypes.h"
 214              		.section	.debug_info,"",%progbits
 215              	.Ldebug_info0:
 216 0000 23010000 		.4byte	0x123
 217 0004 0400     		.2byte	0x4
 218 0006 00000000 		.4byte	.Ldebug_abbrev0
 219 000a 04       		.byte	0x4
 220 000b 01       		.uleb128 0x1
 221 000c 0E000000 		.4byte	.LASF19
 222 0010 01       		.byte	0x1
 223 0011 8F010000 		.4byte	.LASF20
 224 0015 56010000 		.4byte	.LASF21
 225 0019 00000000 		.4byte	.Ldebug_ranges0+0
 226 001d 00000000 		.4byte	0
 227 0021 00000000 		.4byte	.Ldebug_line0
 228 0025 02       		.uleb128 0x2
 229 0026 01       		.byte	0x1
 230 0027 06       		.byte	0x6
 231 0028 4A010000 		.4byte	.LASF0
 232 002c 02       		.uleb128 0x2
 233 002d 01       		.byte	0x1
 234 002e 08       		.byte	0x8
 235 002f FB000000 		.4byte	.LASF1
 236 0033 02       		.uleb128 0x2
 237 0034 02       		.byte	0x2
 238 0035 05       		.byte	0x5
 239 0036 20010000 		.4byte	.LASF2
 240 003a 02       		.uleb128 0x2
 241 003b 02       		.byte	0x2
 242 003c 07       		.byte	0x7
ARM GAS  C:\Users\PANXIA~1\AppData\Local\Temp\ccLUJYgA.s 			page 7


 243 003d 37010000 		.4byte	.LASF3
 244 0041 02       		.uleb128 0x2
 245 0042 04       		.byte	0x4
 246 0043 05       		.byte	0x5
 247 0044 17010000 		.4byte	.LASF4
 248 0048 02       		.uleb128 0x2
 249 0049 04       		.byte	0x4
 250 004a 07       		.byte	0x7
 251 004b C6000000 		.4byte	.LASF5
 252 004f 02       		.uleb128 0x2
 253 0050 08       		.byte	0x8
 254 0051 05       		.byte	0x5
 255 0052 00000000 		.4byte	.LASF6
 256 0056 02       		.uleb128 0x2
 257 0057 08       		.byte	0x8
 258 0058 07       		.byte	0x7
 259 0059 D8000000 		.4byte	.LASF7
 260 005d 03       		.uleb128 0x3
 261 005e 04       		.byte	0x4
 262 005f 05       		.byte	0x5
 263 0060 696E7400 		.ascii	"int\000"
 264 0064 02       		.uleb128 0x2
 265 0065 04       		.byte	0x4
 266 0066 07       		.byte	0x7
 267 0067 9C000000 		.4byte	.LASF8
 268 006b 04       		.uleb128 0x4
 269 006c C0000000 		.4byte	.LASF12
 270 0070 02       		.byte	0x2
 271 0071 C2       		.byte	0xc2
 272 0072 2C000000 		.4byte	0x2c
 273 0076 02       		.uleb128 0x2
 274 0077 04       		.byte	0x4
 275 0078 04       		.byte	0x4
 276 0079 89010000 		.4byte	.LASF9
 277 007d 02       		.uleb128 0x2
 278 007e 08       		.byte	0x8
 279 007f 04       		.byte	0x4
 280 0080 2A010000 		.4byte	.LASF10
 281 0084 02       		.uleb128 0x2
 282 0085 01       		.byte	0x1
 283 0086 08       		.byte	0x8
 284 0087 09010000 		.4byte	.LASF11
 285 008b 05       		.uleb128 0x5
 286 008c 0E010000 		.4byte	.LASF13
 287 0090 02       		.byte	0x2
 288 0091 6401     		.2byte	0x164
 289 0093 48000000 		.4byte	0x48
 290 0097 06       		.uleb128 0x6
 291 0098 6B000000 		.4byte	0x6b
 292 009c 02       		.uleb128 0x2
 293 009d 04       		.byte	0x4
 294 009e 07       		.byte	0x7
 295 009f 98010000 		.4byte	.LASF14
 296 00a3 07       		.uleb128 0x7
 297 00a4 B4000000 		.4byte	.LASF22
 298 00a8 01       		.byte	0x1
 299 00a9 1A       		.byte	0x1a
ARM GAS  C:\Users\PANXIA~1\AppData\Local\Temp\ccLUJYgA.s 			page 8


 300 00aa 5D000000 		.4byte	0x5d
 301 00ae 00000000 		.4byte	.LFB33
 302 00b2 F0000000 		.4byte	.LFE33-.LFB33
 303 00b6 01       		.uleb128 0x1
 304 00b7 9C       		.byte	0x9c
 305 00b8 06010000 		.4byte	0x106
 306 00bc 08       		.uleb128 0x8
 307 00bd EF000000 		.4byte	.LASF15
 308 00c1 01       		.byte	0x1
 309 00c2 1C       		.byte	0x1c
 310 00c3 16010000 		.4byte	0x116
 311 00c7 05       		.uleb128 0x5
 312 00c8 03       		.byte	0x3
 313 00c9 30000000 		.4byte	eepromArray.4915
 314 00cd 08       		.uleb128 0x8
 315 00ce 31010000 		.4byte	.LASF16
 316 00d2 01       		.byte	0x1
 317 00d3 1F       		.byte	0x1f
 318 00d4 06010000 		.4byte	0x106
 319 00d8 02       		.uleb128 0x2
 320 00d9 91       		.byte	0x91
 321 00da 60       		.sleb128 -32
 322 00db 08       		.uleb128 0x8
 323 00dc A9000000 		.4byte	.LASF17
 324 00e0 01       		.byte	0x1
 325 00e1 23       		.byte	0x23
 326 00e2 6B000000 		.4byte	0x6b
 327 00e6 02       		.uleb128 0x2
 328 00e7 91       		.byte	0x91
 329 00e8 5F       		.sleb128 -33
 330 00e9 08       		.uleb128 0x8
 331 00ea B9000000 		.4byte	.LASF18
 332 00ee 01       		.byte	0x1
 333 00ef 24       		.byte	0x24
 334 00f0 8B000000 		.4byte	0x8b
 335 00f4 02       		.uleb128 0x2
 336 00f5 91       		.byte	0x91
 337 00f6 74       		.sleb128 -12
 338 00f7 09       		.uleb128 0x9
 339 00f8 70747200 		.ascii	"ptr\000"
 340 00fc 01       		.byte	0x1
 341 00fd 25       		.byte	0x25
 342 00fe 1B010000 		.4byte	0x11b
 343 0102 02       		.uleb128 0x2
 344 0103 91       		.byte	0x91
 345 0104 70       		.sleb128 -16
 346 0105 00       		.byte	0
 347 0106 0A       		.uleb128 0xa
 348 0107 6B000000 		.4byte	0x6b
 349 010b 16010000 		.4byte	0x116
 350 010f 0B       		.uleb128 0xb
 351 0110 9C000000 		.4byte	0x9c
 352 0114 0D       		.byte	0xd
 353 0115 00       		.byte	0
 354 0116 0C       		.uleb128 0xc
 355 0117 06010000 		.4byte	0x106
 356 011b 0D       		.uleb128 0xd
ARM GAS  C:\Users\PANXIA~1\AppData\Local\Temp\ccLUJYgA.s 			page 9


 357 011c 04       		.byte	0x4
 358 011d 21010000 		.4byte	0x121
 359 0121 0C       		.uleb128 0xc
 360 0122 97000000 		.4byte	0x97
 361 0126 00       		.byte	0
 362              		.section	.debug_abbrev,"",%progbits
 363              	.Ldebug_abbrev0:
 364 0000 01       		.uleb128 0x1
 365 0001 11       		.uleb128 0x11
 366 0002 01       		.byte	0x1
 367 0003 25       		.uleb128 0x25
 368 0004 0E       		.uleb128 0xe
 369 0005 13       		.uleb128 0x13
 370 0006 0B       		.uleb128 0xb
 371 0007 03       		.uleb128 0x3
 372 0008 0E       		.uleb128 0xe
 373 0009 1B       		.uleb128 0x1b
 374 000a 0E       		.uleb128 0xe
 375 000b 55       		.uleb128 0x55
 376 000c 17       		.uleb128 0x17
 377 000d 11       		.uleb128 0x11
 378 000e 01       		.uleb128 0x1
 379 000f 10       		.uleb128 0x10
 380 0010 17       		.uleb128 0x17
 381 0011 00       		.byte	0
 382 0012 00       		.byte	0
 383 0013 02       		.uleb128 0x2
 384 0014 24       		.uleb128 0x24
 385 0015 00       		.byte	0
 386 0016 0B       		.uleb128 0xb
 387 0017 0B       		.uleb128 0xb
 388 0018 3E       		.uleb128 0x3e
 389 0019 0B       		.uleb128 0xb
 390 001a 03       		.uleb128 0x3
 391 001b 0E       		.uleb128 0xe
 392 001c 00       		.byte	0
 393 001d 00       		.byte	0
 394 001e 03       		.uleb128 0x3
 395 001f 24       		.uleb128 0x24
 396 0020 00       		.byte	0
 397 0021 0B       		.uleb128 0xb
 398 0022 0B       		.uleb128 0xb
 399 0023 3E       		.uleb128 0x3e
 400 0024 0B       		.uleb128 0xb
 401 0025 03       		.uleb128 0x3
 402 0026 08       		.uleb128 0x8
 403 0027 00       		.byte	0
 404 0028 00       		.byte	0
 405 0029 04       		.uleb128 0x4
 406 002a 16       		.uleb128 0x16
 407 002b 00       		.byte	0
 408 002c 03       		.uleb128 0x3
 409 002d 0E       		.uleb128 0xe
 410 002e 3A       		.uleb128 0x3a
 411 002f 0B       		.uleb128 0xb
 412 0030 3B       		.uleb128 0x3b
 413 0031 0B       		.uleb128 0xb
ARM GAS  C:\Users\PANXIA~1\AppData\Local\Temp\ccLUJYgA.s 			page 10


 414 0032 49       		.uleb128 0x49
 415 0033 13       		.uleb128 0x13
 416 0034 00       		.byte	0
 417 0035 00       		.byte	0
 418 0036 05       		.uleb128 0x5
 419 0037 16       		.uleb128 0x16
 420 0038 00       		.byte	0
 421 0039 03       		.uleb128 0x3
 422 003a 0E       		.uleb128 0xe
 423 003b 3A       		.uleb128 0x3a
 424 003c 0B       		.uleb128 0xb
 425 003d 3B       		.uleb128 0x3b
 426 003e 05       		.uleb128 0x5
 427 003f 49       		.uleb128 0x49
 428 0040 13       		.uleb128 0x13
 429 0041 00       		.byte	0
 430 0042 00       		.byte	0
 431 0043 06       		.uleb128 0x6
 432 0044 35       		.uleb128 0x35
 433 0045 00       		.byte	0
 434 0046 49       		.uleb128 0x49
 435 0047 13       		.uleb128 0x13
 436 0048 00       		.byte	0
 437 0049 00       		.byte	0
 438 004a 07       		.uleb128 0x7
 439 004b 2E       		.uleb128 0x2e
 440 004c 01       		.byte	0x1
 441 004d 3F       		.uleb128 0x3f
 442 004e 19       		.uleb128 0x19
 443 004f 03       		.uleb128 0x3
 444 0050 0E       		.uleb128 0xe
 445 0051 3A       		.uleb128 0x3a
 446 0052 0B       		.uleb128 0xb
 447 0053 3B       		.uleb128 0x3b
 448 0054 0B       		.uleb128 0xb
 449 0055 49       		.uleb128 0x49
 450 0056 13       		.uleb128 0x13
 451 0057 11       		.uleb128 0x11
 452 0058 01       		.uleb128 0x1
 453 0059 12       		.uleb128 0x12
 454 005a 06       		.uleb128 0x6
 455 005b 40       		.uleb128 0x40
 456 005c 18       		.uleb128 0x18
 457 005d 9642     		.uleb128 0x2116
 458 005f 19       		.uleb128 0x19
 459 0060 01       		.uleb128 0x1
 460 0061 13       		.uleb128 0x13
 461 0062 00       		.byte	0
 462 0063 00       		.byte	0
 463 0064 08       		.uleb128 0x8
 464 0065 34       		.uleb128 0x34
 465 0066 00       		.byte	0
 466 0067 03       		.uleb128 0x3
 467 0068 0E       		.uleb128 0xe
 468 0069 3A       		.uleb128 0x3a
 469 006a 0B       		.uleb128 0xb
 470 006b 3B       		.uleb128 0x3b
ARM GAS  C:\Users\PANXIA~1\AppData\Local\Temp\ccLUJYgA.s 			page 11


 471 006c 0B       		.uleb128 0xb
 472 006d 49       		.uleb128 0x49
 473 006e 13       		.uleb128 0x13
 474 006f 02       		.uleb128 0x2
 475 0070 18       		.uleb128 0x18
 476 0071 00       		.byte	0
 477 0072 00       		.byte	0
 478 0073 09       		.uleb128 0x9
 479 0074 34       		.uleb128 0x34
 480 0075 00       		.byte	0
 481 0076 03       		.uleb128 0x3
 482 0077 08       		.uleb128 0x8
 483 0078 3A       		.uleb128 0x3a
 484 0079 0B       		.uleb128 0xb
 485 007a 3B       		.uleb128 0x3b
 486 007b 0B       		.uleb128 0xb
 487 007c 49       		.uleb128 0x49
 488 007d 13       		.uleb128 0x13
 489 007e 02       		.uleb128 0x2
 490 007f 18       		.uleb128 0x18
 491 0080 00       		.byte	0
 492 0081 00       		.byte	0
 493 0082 0A       		.uleb128 0xa
 494 0083 01       		.uleb128 0x1
 495 0084 01       		.byte	0x1
 496 0085 49       		.uleb128 0x49
 497 0086 13       		.uleb128 0x13
 498 0087 01       		.uleb128 0x1
 499 0088 13       		.uleb128 0x13
 500 0089 00       		.byte	0
 501 008a 00       		.byte	0
 502 008b 0B       		.uleb128 0xb
 503 008c 21       		.uleb128 0x21
 504 008d 00       		.byte	0
 505 008e 49       		.uleb128 0x49
 506 008f 13       		.uleb128 0x13
 507 0090 2F       		.uleb128 0x2f
 508 0091 0B       		.uleb128 0xb
 509 0092 00       		.byte	0
 510 0093 00       		.byte	0
 511 0094 0C       		.uleb128 0xc
 512 0095 26       		.uleb128 0x26
 513 0096 00       		.byte	0
 514 0097 49       		.uleb128 0x49
 515 0098 13       		.uleb128 0x13
 516 0099 00       		.byte	0
 517 009a 00       		.byte	0
 518 009b 0D       		.uleb128 0xd
 519 009c 0F       		.uleb128 0xf
 520 009d 00       		.byte	0
 521 009e 0B       		.uleb128 0xb
 522 009f 0B       		.uleb128 0xb
 523 00a0 49       		.uleb128 0x49
 524 00a1 13       		.uleb128 0x13
 525 00a2 00       		.byte	0
 526 00a3 00       		.byte	0
 527 00a4 00       		.byte	0
ARM GAS  C:\Users\PANXIA~1\AppData\Local\Temp\ccLUJYgA.s 			page 12


 528              		.section	.debug_aranges,"",%progbits
 529 0000 1C000000 		.4byte	0x1c
 530 0004 0200     		.2byte	0x2
 531 0006 00000000 		.4byte	.Ldebug_info0
 532 000a 04       		.byte	0x4
 533 000b 00       		.byte	0
 534 000c 0000     		.2byte	0
 535 000e 0000     		.2byte	0
 536 0010 00000000 		.4byte	.LFB33
 537 0014 F0000000 		.4byte	.LFE33-.LFB33
 538 0018 00000000 		.4byte	0
 539 001c 00000000 		.4byte	0
 540              		.section	.debug_ranges,"",%progbits
 541              	.Ldebug_ranges0:
 542 0000 00000000 		.4byte	.LFB33
 543 0004 F0000000 		.4byte	.LFE33
 544 0008 00000000 		.4byte	0
 545 000c 00000000 		.4byte	0
 546              		.section	.debug_line,"",%progbits
 547              	.Ldebug_line0:
 548 0000 82000000 		.section	.debug_str,"MS",%progbits,1
 548      02004300 
 548      00000201 
 548      FB0E0D00 
 548      01010101 
 549              	.LASF6:
 550 0000 6C6F6E67 		.ascii	"long long int\000"
 550      206C6F6E 
 550      6720696E 
 550      7400
 551              	.LASF19:
 552 000e 474E5520 		.ascii	"GNU C 4.9.3 20150303 (release) [ARM/embedded-4_9-br"
 552      4320342E 
 552      392E3320 
 552      32303135 
 552      30333033 
 553 0041 616E6368 		.ascii	"anch revision 221220] -mcpu=cortex-m0 -mthumb -g -O"
 553      20726576 
 553      6973696F 
 553      6E203232 
 553      31323230 
 554 0074 30202D66 		.ascii	"0 -ffunction-sections -ffat-lto-objects\000"
 554      66756E63 
 554      74696F6E 
 554      2D736563 
 554      74696F6E 
 555              	.LASF8:
 556 009c 756E7369 		.ascii	"unsigned int\000"
 556      676E6564 
 556      20696E74 
 556      00
 557              	.LASF17:
 558 00a9 65657072 		.ascii	"eeprom_cnt\000"
 558      6F6D5F63 
 558      6E7400
 559              	.LASF22:
 560 00b4 6D61696E 		.ascii	"main\000"
ARM GAS  C:\Users\PANXIA~1\AppData\Local\Temp\ccLUJYgA.s 			page 13


 560      00
 561              	.LASF18:
 562 00b9 73746174 		.ascii	"status\000"
 562      757300
 563              	.LASF12:
 564 00c0 75696E74 		.ascii	"uint8\000"
 564      3800
 565              	.LASF5:
 566 00c6 6C6F6E67 		.ascii	"long unsigned int\000"
 566      20756E73 
 566      69676E65 
 566      6420696E 
 566      7400
 567              	.LASF7:
 568 00d8 6C6F6E67 		.ascii	"long long unsigned int\000"
 568      206C6F6E 
 568      6720756E 
 568      7369676E 
 568      65642069 
 569              	.LASF15:
 570 00ef 65657072 		.ascii	"eepromArray\000"
 570      6F6D4172 
 570      72617900 
 571              	.LASF1:
 572 00fb 756E7369 		.ascii	"unsigned char\000"
 572      676E6564 
 572      20636861 
 572      7200
 573              	.LASF11:
 574 0109 63686172 		.ascii	"char\000"
 574      00
 575              	.LASF13:
 576 010e 63797374 		.ascii	"cystatus\000"
 576      61747573 
 576      00
 577              	.LASF4:
 578 0117 6C6F6E67 		.ascii	"long int\000"
 578      20696E74 
 578      00
 579              	.LASF2:
 580 0120 73686F72 		.ascii	"short int\000"
 580      7420696E 
 580      7400
 581              	.LASF10:
 582 012a 646F7562 		.ascii	"double\000"
 582      6C6500
 583              	.LASF16:
 584 0131 61727261 		.ascii	"array\000"
 584      7900
 585              	.LASF3:
 586 0137 73686F72 		.ascii	"short unsigned int\000"
 586      7420756E 
 586      7369676E 
 586      65642069 
 586      6E7400
 587              	.LASF0:
 588 014a 7369676E 		.ascii	"signed char\000"
ARM GAS  C:\Users\PANXIA~1\AppData\Local\Temp\ccLUJYgA.s 			page 14


 588      65642063 
 588      68617200 
 589              	.LASF21:
 590 0156 443A5C41 		.ascii	"D:\\A20_CANfestival\\posoc\\Em_EEPROM_Example01.cyd"
 590      32305F43 
 590      414E6665 
 590      73746976 
 590      616C5C70 
 591 0186 736E00   		.ascii	"sn\000"
 592              	.LASF9:
 593 0189 666C6F61 		.ascii	"float\000"
 593      7400
 594              	.LASF20:
 595 018f 2E5C6D61 		.ascii	".\\main.c\000"
 595      696E2E63 
 595      00
 596              	.LASF14:
 597 0198 73697A65 		.ascii	"sizetype\000"
 597      74797065 
 597      00
 598              		.ident	"GCC: (GNU Tools for ARM Embedded Processors) 4.9.3 20150303 (release) [ARM/embedded-4_9-br
