ARM GAS  C:\Users\PANXIA~1\AppData\Local\Temp\ccvkeO3h.s 			page 1


   1              		.cpu cortex-m0
   2              		.fpu softvfp
   3              		.eabi_attribute 20, 1
   4              		.eabi_attribute 21, 1
   5              		.eabi_attribute 23, 3
   6              		.eabi_attribute 24, 1
   7              		.eabi_attribute 25, 1
   8              		.eabi_attribute 26, 1
   9              		.eabi_attribute 30, 6
  10              		.eabi_attribute 34, 0
  11              		.eabi_attribute 18, 4
  12              		.code	16
  13              		.file	"SW_Tx_UART.c"
  14              		.text
  15              	.Ltext0:
  16              		.cfi_sections	.debug_frame
  17              		.comm	SW_Tx_UART_pinNumber,4,4
  18              		.comm	SW_Tx_UART_pinPortNumber,4,4
  19              		.comm	SW_Tx_UART_pinDrAdress,4,4
  20              		.section	.text.SW_Tx_UART_StartEx,"ax",%progbits
  21              		.align	2
  22              		.global	SW_Tx_UART_StartEx
  23              		.code	16
  24              		.thumb_func
  25              		.type	SW_Tx_UART_StartEx, %function
  26              	SW_Tx_UART_StartEx:
  27              	.LFB0:
  28              		.file 1 ".\\Generated_Source\\PSoC4\\SW_Tx_UART.c"
   1:.\Generated_Source\PSoC4/SW_Tx_UART.c **** /*******************************************************************************
   2:.\Generated_Source\PSoC4/SW_Tx_UART.c **** * File Name: SW_Tx_UART.c
   3:.\Generated_Source\PSoC4/SW_Tx_UART.c **** * Version 1.40
   4:.\Generated_Source\PSoC4/SW_Tx_UART.c **** *
   5:.\Generated_Source\PSoC4/SW_Tx_UART.c **** * Description:
   6:.\Generated_Source\PSoC4/SW_Tx_UART.c **** *  This file provides the source code to the API for the Software Transmit UART.
   7:.\Generated_Source\PSoC4/SW_Tx_UART.c **** *
   8:.\Generated_Source\PSoC4/SW_Tx_UART.c **** ********************************************************************************
   9:.\Generated_Source\PSoC4/SW_Tx_UART.c **** * Copyright 2013-2015, Cypress Semiconductor Corporation.  All rights reserved.
  10:.\Generated_Source\PSoC4/SW_Tx_UART.c **** * You may use this file only in accordance with the license, terms, conditions,
  11:.\Generated_Source\PSoC4/SW_Tx_UART.c **** * disclaimers, and limitations in the end user license agreement accompanying
  12:.\Generated_Source\PSoC4/SW_Tx_UART.c **** * the software package with which this file was provided.
  13:.\Generated_Source\PSoC4/SW_Tx_UART.c **** *******************************************************************************/
  14:.\Generated_Source\PSoC4/SW_Tx_UART.c **** 
  15:.\Generated_Source\PSoC4/SW_Tx_UART.c **** #include "SW_Tx_UART_PVT.h"
  16:.\Generated_Source\PSoC4/SW_Tx_UART.c **** 
  17:.\Generated_Source\PSoC4/SW_Tx_UART.c **** #if(SW_Tx_UART_PIN_STATIC_MODE == 1u)
  18:.\Generated_Source\PSoC4/SW_Tx_UART.c ****     uint32 SW_Tx_UART_pinNumber = SW_Tx_UART_PIN_NUMBER;
  19:.\Generated_Source\PSoC4/SW_Tx_UART.c ****     uint32 SW_Tx_UART_pinPortNumber = SW_Tx_UART_PIN_PORT_NUMBER;
  20:.\Generated_Source\PSoC4/SW_Tx_UART.c ****     #if(CY_PSOC3)
  21:.\Generated_Source\PSoC4/SW_Tx_UART.c ****         uint32 pdata SW_Tx_UART_pinDrAdress = SW_Tx_UART_PIN_DR;
  22:.\Generated_Source\PSoC4/SW_Tx_UART.c ****     #else
  23:.\Generated_Source\PSoC4/SW_Tx_UART.c ****         uint32 SW_Tx_UART_pinDrAdress = SW_Tx_UART_PIN_DR;
  24:.\Generated_Source\PSoC4/SW_Tx_UART.c ****     #endif /* (CY_PSOC3) */
  25:.\Generated_Source\PSoC4/SW_Tx_UART.c **** #else
  26:.\Generated_Source\PSoC4/SW_Tx_UART.c ****     uint32 SW_Tx_UART_pinNumber;
  27:.\Generated_Source\PSoC4/SW_Tx_UART.c ****     uint32 SW_Tx_UART_pinPortNumber;
  28:.\Generated_Source\PSoC4/SW_Tx_UART.c ****     #if(CY_PSOC3)
  29:.\Generated_Source\PSoC4/SW_Tx_UART.c ****         uint32 pdata SW_Tx_UART_pinDrAdress;
ARM GAS  C:\Users\PANXIA~1\AppData\Local\Temp\ccvkeO3h.s 			page 2


  30:.\Generated_Source\PSoC4/SW_Tx_UART.c ****     #else
  31:.\Generated_Source\PSoC4/SW_Tx_UART.c ****         uint32 SW_Tx_UART_pinDrAdress;
  32:.\Generated_Source\PSoC4/SW_Tx_UART.c ****     #endif /* (CY_PSOC3) */
  33:.\Generated_Source\PSoC4/SW_Tx_UART.c **** #endif /* (SW_Tx_UART_PIN_STATIC_MODE == 1u) */
  34:.\Generated_Source\PSoC4/SW_Tx_UART.c **** 
  35:.\Generated_Source\PSoC4/SW_Tx_UART.c **** 
  36:.\Generated_Source\PSoC4/SW_Tx_UART.c **** #if(SW_Tx_UART_PIN_STATIC_MODE == 1u)
  37:.\Generated_Source\PSoC4/SW_Tx_UART.c ****     /*******************************************************************************
  38:.\Generated_Source\PSoC4/SW_Tx_UART.c ****     * Function Name: SW_Tx_UART_Start
  39:.\Generated_Source\PSoC4/SW_Tx_UART.c ****     ********************************************************************************
  40:.\Generated_Source\PSoC4/SW_Tx_UART.c ****     *
  41:.\Generated_Source\PSoC4/SW_Tx_UART.c ****     * Summary:
  42:.\Generated_Source\PSoC4/SW_Tx_UART.c ****     *  Empty function. Included for consistency with other
  43:.\Generated_Source\PSoC4/SW_Tx_UART.c ****     *  components. This API is not available when PinAssignmentMethod
  44:.\Generated_Source\PSoC4/SW_Tx_UART.c ****     *  is set to Dynamic.
  45:.\Generated_Source\PSoC4/SW_Tx_UART.c ****     *
  46:.\Generated_Source\PSoC4/SW_Tx_UART.c ****     * Parameters:
  47:.\Generated_Source\PSoC4/SW_Tx_UART.c ****     *  None
  48:.\Generated_Source\PSoC4/SW_Tx_UART.c ****     *
  49:.\Generated_Source\PSoC4/SW_Tx_UART.c ****     * Return:
  50:.\Generated_Source\PSoC4/SW_Tx_UART.c ****     *  None
  51:.\Generated_Source\PSoC4/SW_Tx_UART.c ****     *
  52:.\Generated_Source\PSoC4/SW_Tx_UART.c ****     *******************************************************************************/
  53:.\Generated_Source\PSoC4/SW_Tx_UART.c ****     void SW_Tx_UART_Start(void) 
  54:.\Generated_Source\PSoC4/SW_Tx_UART.c ****     {
  55:.\Generated_Source\PSoC4/SW_Tx_UART.c **** 
  56:.\Generated_Source\PSoC4/SW_Tx_UART.c ****     }
  57:.\Generated_Source\PSoC4/SW_Tx_UART.c **** #else
  58:.\Generated_Source\PSoC4/SW_Tx_UART.c ****     /*******************************************************************************
  59:.\Generated_Source\PSoC4/SW_Tx_UART.c ****     * Function Name: SW_Tx_UART_StartEx
  60:.\Generated_Source\PSoC4/SW_Tx_UART.c ****     ********************************************************************************
  61:.\Generated_Source\PSoC4/SW_Tx_UART.c ****     *
  62:.\Generated_Source\PSoC4/SW_Tx_UART.c ****     * Summary:
  63:.\Generated_Source\PSoC4/SW_Tx_UART.c ****     *  Configures the SW Tx UART to use the pin specified
  64:.\Generated_Source\PSoC4/SW_Tx_UART.c ****     *  by the parameters. This API is only available when
  65:.\Generated_Source\PSoC4/SW_Tx_UART.c ****     *  PinAssignmentMethod is set to Dynamic.
  66:.\Generated_Source\PSoC4/SW_Tx_UART.c ****     *
  67:.\Generated_Source\PSoC4/SW_Tx_UART.c ****     * Parameters:
  68:.\Generated_Source\PSoC4/SW_Tx_UART.c ****     *  port:  Port number for dynamic pin assignment
  69:.\Generated_Source\PSoC4/SW_Tx_UART.c ****     *  pin:   Pin number for dynamic pin assignment
  70:.\Generated_Source\PSoC4/SW_Tx_UART.c ****     *
  71:.\Generated_Source\PSoC4/SW_Tx_UART.c ****     * Return:
  72:.\Generated_Source\PSoC4/SW_Tx_UART.c ****     *  None
  73:.\Generated_Source\PSoC4/SW_Tx_UART.c ****     *
  74:.\Generated_Source\PSoC4/SW_Tx_UART.c ****     *******************************************************************************/
  75:.\Generated_Source\PSoC4/SW_Tx_UART.c ****     void SW_Tx_UART_StartEx(uint8 port, uint8 pin) 
  76:.\Generated_Source\PSoC4/SW_Tx_UART.c ****     {
  29              		.loc 1 76 0
  30              		.cfi_startproc
  31 0000 80B5     		push	{r7, lr}
  32              		.cfi_def_cfa_offset 8
  33              		.cfi_offset 7, -8
  34              		.cfi_offset 14, -4
  35 0002 84B0     		sub	sp, sp, #16
  36              		.cfi_def_cfa_offset 24
  37 0004 00AF     		add	r7, sp, #0
  38              		.cfi_def_cfa_register 7
ARM GAS  C:\Users\PANXIA~1\AppData\Local\Temp\ccvkeO3h.s 			page 3


  39 0006 021C     		mov	r2, r0
  40 0008 FB1D     		add	r3, r7, #7
  41 000a 1A70     		strb	r2, [r3]
  42 000c BB1D     		add	r3, r7, #6
  43 000e 0A1C     		add	r2, r1, #0
  44 0010 1A70     		strb	r2, [r3]
  77:.\Generated_Source\PSoC4/SW_Tx_UART.c ****         uint32 portConfigAddr;
  78:.\Generated_Source\PSoC4/SW_Tx_UART.c **** 
  79:.\Generated_Source\PSoC4/SW_Tx_UART.c ****         #if (CY_PSOC4)
  80:.\Generated_Source\PSoC4/SW_Tx_UART.c ****             uint32 portDataRegAddr;
  81:.\Generated_Source\PSoC4/SW_Tx_UART.c ****         #endif /* (CY_PSOC4) */
  82:.\Generated_Source\PSoC4/SW_Tx_UART.c **** 
  83:.\Generated_Source\PSoC4/SW_Tx_UART.c ****         if ((pin <= SW_Tx_UART_MAX_PIN_NUMBER) && (port <= SW_Tx_UART_MAX_PORT_NUMBER))
  45              		.loc 1 83 0
  46 0012 BB1D     		add	r3, r7, #6
  47 0014 1B78     		ldrb	r3, [r3]
  48 0016 072B     		cmp	r3, #7
  49 0018 3ED8     		bhi	.L1
  50              		.loc 1 83 0 is_stmt 0 discriminator 1
  51 001a FB1D     		add	r3, r7, #7
  52 001c 1B78     		ldrb	r3, [r3]
  53 001e 042B     		cmp	r3, #4
  54 0020 3AD8     		bhi	.L1
  84:.\Generated_Source\PSoC4/SW_Tx_UART.c ****         {
  85:.\Generated_Source\PSoC4/SW_Tx_UART.c ****             #if (!CY_PSOC4)
  86:.\Generated_Source\PSoC4/SW_Tx_UART.c ****                 portConfigAddr = SW_Tx_UART_PORT_CNF_BASE;
  87:.\Generated_Source\PSoC4/SW_Tx_UART.c ****                 portConfigAddr += ((uint32)port * (SW_Tx_UART_MAX_PIN_NUMBER + 1u)) + pin;
  88:.\Generated_Source\PSoC4/SW_Tx_UART.c ****                 CyPins_SetPinDriveMode(portConfigAddr, CY_PINS_DM_STRONG);
  89:.\Generated_Source\PSoC4/SW_Tx_UART.c ****                 CyPins_SetPin(portConfigAddr);
  90:.\Generated_Source\PSoC4/SW_Tx_UART.c ****                 SW_Tx_UART_pinDrAdress = portConfigAddr;
  91:.\Generated_Source\PSoC4/SW_Tx_UART.c ****             #else
  92:.\Generated_Source\PSoC4/SW_Tx_UART.c ****                 portConfigAddr = SW_Tx_UART_PORT_CNF_BASE + (SW_Tx_UART_PORT_CNF_SIZE * port) +
  55              		.loc 1 92 0 is_stmt 1
  56 0022 FB1D     		add	r3, r7, #7
  57 0024 1B78     		ldrb	r3, [r3]
  58 0026 1E4A     		ldr	r2, .L3
  59 0028 9446     		mov	ip, r2
  60 002a 6344     		add	r3, r3, ip
  61 002c 1B02     		lsl	r3, r3, #8
  62 002e 0833     		add	r3, r3, #8
  63 0030 FB60     		str	r3, [r7, #12]
  93:.\Generated_Source\PSoC4/SW_Tx_UART.c ****                                                                                 SW_Tx_UART_PORT_CNF
  94:.\Generated_Source\PSoC4/SW_Tx_UART.c ****                 CY_SYS_PINS_SET_DRIVE_MODE(portConfigAddr, pin, CY_SYS_PINS_DM_STRONG);
  64              		.loc 1 94 0
  65 0032 FA68     		ldr	r2, [r7, #12]
  66 0034 FB68     		ldr	r3, [r7, #12]
  67 0036 1868     		ldr	r0, [r3]
  68 0038 BB1D     		add	r3, r7, #6
  69 003a 1978     		ldrb	r1, [r3]
  70 003c 0B1C     		mov	r3, r1
  71 003e 5B00     		lsl	r3, r3, #1
  72 0040 5B18     		add	r3, r3, r1
  73 0042 191C     		mov	r1, r3
  74 0044 0723     		mov	r3, #7
  75 0046 8B40     		lsl	r3, r3, r1
  76 0048 DB43     		mvn	r3, r3
  77 004a 1840     		and	r0, r3
ARM GAS  C:\Users\PANXIA~1\AppData\Local\Temp\ccvkeO3h.s 			page 4


  78 004c BB1D     		add	r3, r7, #6
  79 004e 1978     		ldrb	r1, [r3]
  80 0050 0B1C     		mov	r3, r1
  81 0052 5B00     		lsl	r3, r3, #1
  82 0054 5B18     		add	r3, r3, r1
  83 0056 191C     		mov	r1, r3
  84 0058 0623     		mov	r3, #6
  85 005a 8B40     		lsl	r3, r3, r1
  86 005c 0343     		orr	r3, r0
  87 005e 1360     		str	r3, [r2]
  95:.\Generated_Source\PSoC4/SW_Tx_UART.c ****                 portDataRegAddr = SW_Tx_UART_PORT_CNF_BASE + (SW_Tx_UART_PORT_CNF_SIZE * port) +
  88              		.loc 1 95 0
  89 0060 FB1D     		add	r3, r7, #7
  90 0062 1B78     		ldrb	r3, [r3]
  91 0064 0E4A     		ldr	r2, .L3
  92 0066 9446     		mov	ip, r2
  93 0068 6344     		add	r3, r3, ip
  94 006a 1B02     		lsl	r3, r3, #8
  95 006c BB60     		str	r3, [r7, #8]
  96:.\Generated_Source\PSoC4/SW_Tx_UART.c ****                                                                                 SW_Tx_UART_PORT_CNF
  97:.\Generated_Source\PSoC4/SW_Tx_UART.c ****                 CY_SYS_PINS_SET_PIN(portDataRegAddr, pin);
  96              		.loc 1 97 0
  97 006e BB68     		ldr	r3, [r7, #8]
  98 0070 BA68     		ldr	r2, [r7, #8]
  99 0072 1168     		ldr	r1, [r2]
 100 0074 BA1D     		add	r2, r7, #6
 101 0076 1278     		ldrb	r2, [r2]
 102 0078 0120     		mov	r0, #1
 103 007a 9040     		lsl	r0, r0, r2
 104 007c 021C     		mov	r2, r0
 105 007e 0A43     		orr	r2, r1
 106 0080 1A60     		str	r2, [r3]
  98:.\Generated_Source\PSoC4/SW_Tx_UART.c ****                 SW_Tx_UART_pinDrAdress = portDataRegAddr;
 107              		.loc 1 98 0
 108 0082 084B     		ldr	r3, .L3+4
 109 0084 BA68     		ldr	r2, [r7, #8]
 110 0086 1A60     		str	r2, [r3]
  99:.\Generated_Source\PSoC4/SW_Tx_UART.c ****             #endif /* (!CY_PSOC4) */
 100:.\Generated_Source\PSoC4/SW_Tx_UART.c ****             SW_Tx_UART_pinNumber = pin;
 111              		.loc 1 100 0
 112 0088 BB1D     		add	r3, r7, #6
 113 008a 1A78     		ldrb	r2, [r3]
 114 008c 064B     		ldr	r3, .L3+8
 115 008e 1A60     		str	r2, [r3]
 101:.\Generated_Source\PSoC4/SW_Tx_UART.c ****             SW_Tx_UART_pinPortNumber = port;
 116              		.loc 1 101 0
 117 0090 FB1D     		add	r3, r7, #7
 118 0092 1A78     		ldrb	r2, [r3]
 119 0094 054B     		ldr	r3, .L3+12
 120 0096 1A60     		str	r2, [r3]
 121              	.L1:
 102:.\Generated_Source\PSoC4/SW_Tx_UART.c ****         }
 103:.\Generated_Source\PSoC4/SW_Tx_UART.c ****     }
 122              		.loc 1 103 0
 123 0098 BD46     		mov	sp, r7
 124 009a 04B0     		add	sp, sp, #16
 125              		@ sp needed
ARM GAS  C:\Users\PANXIA~1\AppData\Local\Temp\ccvkeO3h.s 			page 5


 126 009c 80BD     		pop	{r7, pc}
 127              	.L4:
 128 009e C046     		.align	2
 129              	.L3:
 130 00a0 00044000 		.word	4195328
 131 00a4 00000000 		.word	SW_Tx_UART_pinDrAdress
 132 00a8 00000000 		.word	SW_Tx_UART_pinNumber
 133 00ac 00000000 		.word	SW_Tx_UART_pinPortNumber
 134              		.cfi_endproc
 135              	.LFE0:
 136              		.size	SW_Tx_UART_StartEx, .-SW_Tx_UART_StartEx
 137              		.section	.text.SW_Tx_UART_Stop,"ax",%progbits
 138              		.align	2
 139              		.global	SW_Tx_UART_Stop
 140              		.code	16
 141              		.thumb_func
 142              		.type	SW_Tx_UART_Stop, %function
 143              	SW_Tx_UART_Stop:
 144              	.LFB1:
 104:.\Generated_Source\PSoC4/SW_Tx_UART.c **** #endif /* (SW_Tx_UART_PIN_STATIC_MODE == 1u) */
 105:.\Generated_Source\PSoC4/SW_Tx_UART.c **** 
 106:.\Generated_Source\PSoC4/SW_Tx_UART.c **** 
 107:.\Generated_Source\PSoC4/SW_Tx_UART.c **** /*******************************************************************************
 108:.\Generated_Source\PSoC4/SW_Tx_UART.c **** * Function Name: SW_Tx_UART_Stop
 109:.\Generated_Source\PSoC4/SW_Tx_UART.c **** ********************************************************************************
 110:.\Generated_Source\PSoC4/SW_Tx_UART.c **** *
 111:.\Generated_Source\PSoC4/SW_Tx_UART.c **** * Summary:
 112:.\Generated_Source\PSoC4/SW_Tx_UART.c **** *  Empty function. Included for consistency with other components.
 113:.\Generated_Source\PSoC4/SW_Tx_UART.c **** *
 114:.\Generated_Source\PSoC4/SW_Tx_UART.c **** * Parameters:
 115:.\Generated_Source\PSoC4/SW_Tx_UART.c **** *  None
 116:.\Generated_Source\PSoC4/SW_Tx_UART.c **** *
 117:.\Generated_Source\PSoC4/SW_Tx_UART.c **** * Return:
 118:.\Generated_Source\PSoC4/SW_Tx_UART.c **** *  None
 119:.\Generated_Source\PSoC4/SW_Tx_UART.c **** *
 120:.\Generated_Source\PSoC4/SW_Tx_UART.c **** *******************************************************************************/
 121:.\Generated_Source\PSoC4/SW_Tx_UART.c **** void SW_Tx_UART_Stop(void) 
 122:.\Generated_Source\PSoC4/SW_Tx_UART.c **** {
 145              		.loc 1 122 0
 146              		.cfi_startproc
 147 0000 80B5     		push	{r7, lr}
 148              		.cfi_def_cfa_offset 8
 149              		.cfi_offset 7, -8
 150              		.cfi_offset 14, -4
 151 0002 00AF     		add	r7, sp, #0
 152              		.cfi_def_cfa_register 7
 123:.\Generated_Source\PSoC4/SW_Tx_UART.c **** 
 124:.\Generated_Source\PSoC4/SW_Tx_UART.c **** }
 153              		.loc 1 124 0
 154 0004 BD46     		mov	sp, r7
 155              		@ sp needed
 156 0006 80BD     		pop	{r7, pc}
 157              		.cfi_endproc
 158              	.LFE1:
 159              		.size	SW_Tx_UART_Stop, .-SW_Tx_UART_Stop
 160              		.section	.text.SW_Tx_UART_PutString,"ax",%progbits
 161              		.align	2
ARM GAS  C:\Users\PANXIA~1\AppData\Local\Temp\ccvkeO3h.s 			page 6


 162              		.global	SW_Tx_UART_PutString
 163              		.code	16
 164              		.thumb_func
 165              		.type	SW_Tx_UART_PutString, %function
 166              	SW_Tx_UART_PutString:
 167              	.LFB2:
 125:.\Generated_Source\PSoC4/SW_Tx_UART.c **** 
 126:.\Generated_Source\PSoC4/SW_Tx_UART.c **** 
 127:.\Generated_Source\PSoC4/SW_Tx_UART.c **** /*******************************************************************************
 128:.\Generated_Source\PSoC4/SW_Tx_UART.c **** * Function Name: SW_Tx_UART_PutString
 129:.\Generated_Source\PSoC4/SW_Tx_UART.c **** ********************************************************************************
 130:.\Generated_Source\PSoC4/SW_Tx_UART.c **** *
 131:.\Generated_Source\PSoC4/SW_Tx_UART.c **** * Summary:
 132:.\Generated_Source\PSoC4/SW_Tx_UART.c **** *  Sends a NULL terminated string via the Tx pin.
 133:.\Generated_Source\PSoC4/SW_Tx_UART.c **** *
 134:.\Generated_Source\PSoC4/SW_Tx_UART.c **** * Parameters:
 135:.\Generated_Source\PSoC4/SW_Tx_UART.c **** *  string: Pointer to the null terminated string to send
 136:.\Generated_Source\PSoC4/SW_Tx_UART.c **** *
 137:.\Generated_Source\PSoC4/SW_Tx_UART.c **** * Return:
 138:.\Generated_Source\PSoC4/SW_Tx_UART.c **** *  None
 139:.\Generated_Source\PSoC4/SW_Tx_UART.c **** *
 140:.\Generated_Source\PSoC4/SW_Tx_UART.c **** *******************************************************************************/
 141:.\Generated_Source\PSoC4/SW_Tx_UART.c **** void SW_Tx_UART_PutString(const char8 string[]) 
 142:.\Generated_Source\PSoC4/SW_Tx_UART.c **** {
 168              		.loc 1 142 0
 169              		.cfi_startproc
 170 0000 80B5     		push	{r7, lr}
 171              		.cfi_def_cfa_offset 8
 172              		.cfi_offset 7, -8
 173              		.cfi_offset 14, -4
 174 0002 84B0     		sub	sp, sp, #16
 175              		.cfi_def_cfa_offset 24
 176 0004 00AF     		add	r7, sp, #0
 177              		.cfi_def_cfa_register 7
 178 0006 7860     		str	r0, [r7, #4]
 143:.\Generated_Source\PSoC4/SW_Tx_UART.c ****     uint8 stringIndex = 1u;
 179              		.loc 1 143 0
 180 0008 0F23     		mov	r3, #15
 181 000a FB18     		add	r3, r7, r3
 182 000c 0122     		mov	r2, #1
 183 000e 1A70     		strb	r2, [r3]
 144:.\Generated_Source\PSoC4/SW_Tx_UART.c ****     char8 current = *string;
 184              		.loc 1 144 0
 185 0010 0E23     		mov	r3, #14
 186 0012 FB18     		add	r3, r7, r3
 187 0014 7A68     		ldr	r2, [r7, #4]
 188 0016 1278     		ldrb	r2, [r2]
 189 0018 1A70     		strb	r2, [r3]
 145:.\Generated_Source\PSoC4/SW_Tx_UART.c **** 
 146:.\Generated_Source\PSoC4/SW_Tx_UART.c ****     /* Until null is reached, print next character */
 147:.\Generated_Source\PSoC4/SW_Tx_UART.c ****     while((char8) '\0' != current)
 190              		.loc 1 147 0
 191 001a 15E0     		b	.L7
 192              	.L8:
 148:.\Generated_Source\PSoC4/SW_Tx_UART.c ****     {
 149:.\Generated_Source\PSoC4/SW_Tx_UART.c ****         SW_Tx_UART_PutChar((uint8)current);
 193              		.loc 1 149 0
ARM GAS  C:\Users\PANXIA~1\AppData\Local\Temp\ccvkeO3h.s 			page 7


 194 001c 0E23     		mov	r3, #14
 195 001e FB18     		add	r3, r7, r3
 196 0020 1B78     		ldrb	r3, [r3]
 197 0022 181C     		mov	r0, r3
 198 0024 FFF7FEFF 		bl	SW_Tx_UART_PutChar
 150:.\Generated_Source\PSoC4/SW_Tx_UART.c ****         current = string[stringIndex];
 199              		.loc 1 150 0
 200 0028 0F23     		mov	r3, #15
 201 002a FB18     		add	r3, r7, r3
 202 002c 1B78     		ldrb	r3, [r3]
 203 002e 7A68     		ldr	r2, [r7, #4]
 204 0030 D218     		add	r2, r2, r3
 205 0032 0E23     		mov	r3, #14
 206 0034 FB18     		add	r3, r7, r3
 207 0036 1278     		ldrb	r2, [r2]
 208 0038 1A70     		strb	r2, [r3]
 151:.\Generated_Source\PSoC4/SW_Tx_UART.c ****         stringIndex++;
 209              		.loc 1 151 0
 210 003a 0F23     		mov	r3, #15
 211 003c FB18     		add	r3, r7, r3
 212 003e 1A78     		ldrb	r2, [r3]
 213 0040 0F23     		mov	r3, #15
 214 0042 FB18     		add	r3, r7, r3
 215 0044 0132     		add	r2, r2, #1
 216 0046 1A70     		strb	r2, [r3]
 217              	.L7:
 147:.\Generated_Source\PSoC4/SW_Tx_UART.c ****     {
 218              		.loc 1 147 0
 219 0048 0E23     		mov	r3, #14
 220 004a FB18     		add	r3, r7, r3
 221 004c 1B78     		ldrb	r3, [r3]
 222 004e 002B     		cmp	r3, #0
 223 0050 E4D1     		bne	.L8
 152:.\Generated_Source\PSoC4/SW_Tx_UART.c ****     }
 153:.\Generated_Source\PSoC4/SW_Tx_UART.c **** }
 224              		.loc 1 153 0
 225 0052 BD46     		mov	sp, r7
 226 0054 04B0     		add	sp, sp, #16
 227              		@ sp needed
 228 0056 80BD     		pop	{r7, pc}
 229              		.cfi_endproc
 230              	.LFE2:
 231              		.size	SW_Tx_UART_PutString, .-SW_Tx_UART_PutString
 232              		.section	.text.SW_Tx_UART_PutArray,"ax",%progbits
 233              		.align	2
 234              		.global	SW_Tx_UART_PutArray
 235              		.code	16
 236              		.thumb_func
 237              		.type	SW_Tx_UART_PutArray, %function
 238              	SW_Tx_UART_PutArray:
 239              	.LFB3:
 154:.\Generated_Source\PSoC4/SW_Tx_UART.c **** 
 155:.\Generated_Source\PSoC4/SW_Tx_UART.c **** 
 156:.\Generated_Source\PSoC4/SW_Tx_UART.c **** /*******************************************************************************
 157:.\Generated_Source\PSoC4/SW_Tx_UART.c **** * Function Name: SW_Tx_UART_PutArray
 158:.\Generated_Source\PSoC4/SW_Tx_UART.c **** ********************************************************************************
 159:.\Generated_Source\PSoC4/SW_Tx_UART.c **** *
ARM GAS  C:\Users\PANXIA~1\AppData\Local\Temp\ccvkeO3h.s 			page 8


 160:.\Generated_Source\PSoC4/SW_Tx_UART.c **** * Summary:
 161:.\Generated_Source\PSoC4/SW_Tx_UART.c **** *  Sends byteCount bytes from a memory array via the Tx pin.
 162:.\Generated_Source\PSoC4/SW_Tx_UART.c **** *
 163:.\Generated_Source\PSoC4/SW_Tx_UART.c **** * Parameters:
 164:.\Generated_Source\PSoC4/SW_Tx_UART.c **** *  data: Pointer to the memory array
 165:.\Generated_Source\PSoC4/SW_Tx_UART.c **** *  byteCount: Number of bytes to be transmitted
 166:.\Generated_Source\PSoC4/SW_Tx_UART.c **** *
 167:.\Generated_Source\PSoC4/SW_Tx_UART.c **** * Return:
 168:.\Generated_Source\PSoC4/SW_Tx_UART.c **** *  None
 169:.\Generated_Source\PSoC4/SW_Tx_UART.c **** *
 170:.\Generated_Source\PSoC4/SW_Tx_UART.c **** *******************************************************************************/
 171:.\Generated_Source\PSoC4/SW_Tx_UART.c **** void SW_Tx_UART_PutArray(const uint8 array[], uint32 byteCount) 
 172:.\Generated_Source\PSoC4/SW_Tx_UART.c **** {
 240              		.loc 1 172 0
 241              		.cfi_startproc
 242 0000 80B5     		push	{r7, lr}
 243              		.cfi_def_cfa_offset 8
 244              		.cfi_offset 7, -8
 245              		.cfi_offset 14, -4
 246 0002 84B0     		sub	sp, sp, #16
 247              		.cfi_def_cfa_offset 24
 248 0004 00AF     		add	r7, sp, #0
 249              		.cfi_def_cfa_register 7
 250 0006 7860     		str	r0, [r7, #4]
 251 0008 3960     		str	r1, [r7]
 173:.\Generated_Source\PSoC4/SW_Tx_UART.c ****     uint32 arrayIndex;
 174:.\Generated_Source\PSoC4/SW_Tx_UART.c **** 
 175:.\Generated_Source\PSoC4/SW_Tx_UART.c ****     for (arrayIndex = 0u; arrayIndex < byteCount; arrayIndex++)
 252              		.loc 1 175 0
 253 000a 0023     		mov	r3, #0
 254 000c FB60     		str	r3, [r7, #12]
 255 000e 09E0     		b	.L10
 256              	.L11:
 176:.\Generated_Source\PSoC4/SW_Tx_UART.c ****     {
 177:.\Generated_Source\PSoC4/SW_Tx_UART.c ****         SW_Tx_UART_PutChar(array[arrayIndex]);
 257              		.loc 1 177 0 discriminator 3
 258 0010 7A68     		ldr	r2, [r7, #4]
 259 0012 FB68     		ldr	r3, [r7, #12]
 260 0014 D318     		add	r3, r2, r3
 261 0016 1B78     		ldrb	r3, [r3]
 262 0018 181C     		mov	r0, r3
 263 001a FFF7FEFF 		bl	SW_Tx_UART_PutChar
 175:.\Generated_Source\PSoC4/SW_Tx_UART.c ****     {
 264              		.loc 1 175 0 discriminator 3
 265 001e FB68     		ldr	r3, [r7, #12]
 266 0020 0133     		add	r3, r3, #1
 267 0022 FB60     		str	r3, [r7, #12]
 268              	.L10:
 175:.\Generated_Source\PSoC4/SW_Tx_UART.c ****     {
 269              		.loc 1 175 0 is_stmt 0 discriminator 1
 270 0024 FA68     		ldr	r2, [r7, #12]
 271 0026 3B68     		ldr	r3, [r7]
 272 0028 9A42     		cmp	r2, r3
 273 002a F1D3     		bcc	.L11
 178:.\Generated_Source\PSoC4/SW_Tx_UART.c ****     }
 179:.\Generated_Source\PSoC4/SW_Tx_UART.c **** }
 274              		.loc 1 179 0 is_stmt 1
ARM GAS  C:\Users\PANXIA~1\AppData\Local\Temp\ccvkeO3h.s 			page 9


 275 002c BD46     		mov	sp, r7
 276 002e 04B0     		add	sp, sp, #16
 277              		@ sp needed
 278 0030 80BD     		pop	{r7, pc}
 279              		.cfi_endproc
 280              	.LFE3:
 281              		.size	SW_Tx_UART_PutArray, .-SW_Tx_UART_PutArray
 282 0032 C046     		.section	.text.SW_Tx_UART_PutHexByte,"ax",%progbits
 283              		.align	2
 284              		.global	SW_Tx_UART_PutHexByte
 285              		.code	16
 286              		.thumb_func
 287              		.type	SW_Tx_UART_PutHexByte, %function
 288              	SW_Tx_UART_PutHexByte:
 289              	.LFB4:
 180:.\Generated_Source\PSoC4/SW_Tx_UART.c **** 
 181:.\Generated_Source\PSoC4/SW_Tx_UART.c **** 
 182:.\Generated_Source\PSoC4/SW_Tx_UART.c **** /*******************************************************************************
 183:.\Generated_Source\PSoC4/SW_Tx_UART.c **** * Function Name: SW_Tx_UART_PutHexByte
 184:.\Generated_Source\PSoC4/SW_Tx_UART.c **** ********************************************************************************
 185:.\Generated_Source\PSoC4/SW_Tx_UART.c **** *
 186:.\Generated_Source\PSoC4/SW_Tx_UART.c **** * Summary:
 187:.\Generated_Source\PSoC4/SW_Tx_UART.c **** *  Sends a byte in Hex representation (two characters, uppercase for A-F) via
 188:.\Generated_Source\PSoC4/SW_Tx_UART.c **** *  the Tx pin.
 189:.\Generated_Source\PSoC4/SW_Tx_UART.c **** *
 190:.\Generated_Source\PSoC4/SW_Tx_UART.c **** * Parameters:
 191:.\Generated_Source\PSoC4/SW_Tx_UART.c **** *  TxHexByte: The byte to be converted to ASCII characters and
 192:.\Generated_Source\PSoC4/SW_Tx_UART.c **** *             sent via the Tx pin.
 193:.\Generated_Source\PSoC4/SW_Tx_UART.c **** *
 194:.\Generated_Source\PSoC4/SW_Tx_UART.c **** * Return:
 195:.\Generated_Source\PSoC4/SW_Tx_UART.c **** *  None
 196:.\Generated_Source\PSoC4/SW_Tx_UART.c **** *
 197:.\Generated_Source\PSoC4/SW_Tx_UART.c **** *******************************************************************************/
 198:.\Generated_Source\PSoC4/SW_Tx_UART.c **** void SW_Tx_UART_PutHexByte(uint8 txHexByte) 
 199:.\Generated_Source\PSoC4/SW_Tx_UART.c **** {
 290              		.loc 1 199 0
 291              		.cfi_startproc
 292 0000 80B5     		push	{r7, lr}
 293              		.cfi_def_cfa_offset 8
 294              		.cfi_offset 7, -8
 295              		.cfi_offset 14, -4
 296 0002 82B0     		sub	sp, sp, #8
 297              		.cfi_def_cfa_offset 16
 298 0004 00AF     		add	r7, sp, #0
 299              		.cfi_def_cfa_register 7
 300 0006 021C     		mov	r2, r0
 301 0008 FB1D     		add	r3, r7, #7
 302 000a 1A70     		strb	r2, [r3]
 200:.\Generated_Source\PSoC4/SW_Tx_UART.c ****     static char8 const CYCODE SW_Tx_UART_hex[] = "0123456789ABCDEF";
 201:.\Generated_Source\PSoC4/SW_Tx_UART.c **** 
 202:.\Generated_Source\PSoC4/SW_Tx_UART.c ****     SW_Tx_UART_PutChar((uint8) SW_Tx_UART_hex[txHexByte >> SW_Tx_UART_BYTE_UPPER_NIBBLE_SHIFT]);
 303              		.loc 1 202 0
 304 000c FB1D     		add	r3, r7, #7
 305 000e 1B78     		ldrb	r3, [r3]
 306 0010 1B09     		lsr	r3, r3, #4
 307 0012 DBB2     		uxtb	r3, r3
 308 0014 1A1C     		mov	r2, r3
ARM GAS  C:\Users\PANXIA~1\AppData\Local\Temp\ccvkeO3h.s 			page 10


 309 0016 084B     		ldr	r3, .L13
 310 0018 9B5C     		ldrb	r3, [r3, r2]
 311 001a 181C     		mov	r0, r3
 312 001c FFF7FEFF 		bl	SW_Tx_UART_PutChar
 203:.\Generated_Source\PSoC4/SW_Tx_UART.c ****     SW_Tx_UART_PutChar((uint8) SW_Tx_UART_hex[txHexByte & SW_Tx_UART_BYTE_LOWER_NIBBLE_MASK]);
 313              		.loc 1 203 0
 314 0020 FB1D     		add	r3, r7, #7
 315 0022 1B78     		ldrb	r3, [r3]
 316 0024 0F22     		mov	r2, #15
 317 0026 1340     		and	r3, r2
 318 0028 034A     		ldr	r2, .L13
 319 002a D35C     		ldrb	r3, [r2, r3]
 320 002c 181C     		mov	r0, r3
 321 002e FFF7FEFF 		bl	SW_Tx_UART_PutChar
 204:.\Generated_Source\PSoC4/SW_Tx_UART.c **** }
 322              		.loc 1 204 0
 323 0032 BD46     		mov	sp, r7
 324 0034 02B0     		add	sp, sp, #8
 325              		@ sp needed
 326 0036 80BD     		pop	{r7, pc}
 327              	.L14:
 328              		.align	2
 329              	.L13:
 330 0038 00000000 		.word	SW_Tx_UART_hex.4192
 331              		.cfi_endproc
 332              	.LFE4:
 333              		.size	SW_Tx_UART_PutHexByte, .-SW_Tx_UART_PutHexByte
 334              		.section	.text.SW_Tx_UART_PutHexInt,"ax",%progbits
 335              		.align	2
 336              		.global	SW_Tx_UART_PutHexInt
 337              		.code	16
 338              		.thumb_func
 339              		.type	SW_Tx_UART_PutHexInt, %function
 340              	SW_Tx_UART_PutHexInt:
 341              	.LFB5:
 205:.\Generated_Source\PSoC4/SW_Tx_UART.c **** 
 206:.\Generated_Source\PSoC4/SW_Tx_UART.c **** 
 207:.\Generated_Source\PSoC4/SW_Tx_UART.c **** /*******************************************************************************
 208:.\Generated_Source\PSoC4/SW_Tx_UART.c **** * Function Name: SW_Tx_UART_PutHexInt
 209:.\Generated_Source\PSoC4/SW_Tx_UART.c **** ********************************************************************************
 210:.\Generated_Source\PSoC4/SW_Tx_UART.c **** *
 211:.\Generated_Source\PSoC4/SW_Tx_UART.c **** * Summary:
 212:.\Generated_Source\PSoC4/SW_Tx_UART.c **** *  Sends a 16-bit unsigned integer in Hex representation (four characters,
 213:.\Generated_Source\PSoC4/SW_Tx_UART.c **** *  uppercase for A-F) via the Tx pin.
 214:.\Generated_Source\PSoC4/SW_Tx_UART.c **** *
 215:.\Generated_Source\PSoC4/SW_Tx_UART.c **** * Parameters:
 216:.\Generated_Source\PSoC4/SW_Tx_UART.c **** *  TxHexInt: The uint16 to be converted to ASCII characters and sent via
 217:.\Generated_Source\PSoC4/SW_Tx_UART.c **** *            the Tx pin.
 218:.\Generated_Source\PSoC4/SW_Tx_UART.c **** *
 219:.\Generated_Source\PSoC4/SW_Tx_UART.c **** * Return:
 220:.\Generated_Source\PSoC4/SW_Tx_UART.c **** *  None
 221:.\Generated_Source\PSoC4/SW_Tx_UART.c **** *
 222:.\Generated_Source\PSoC4/SW_Tx_UART.c **** *******************************************************************************/
 223:.\Generated_Source\PSoC4/SW_Tx_UART.c **** void SW_Tx_UART_PutHexInt(uint16 txHexInt) 
 224:.\Generated_Source\PSoC4/SW_Tx_UART.c **** {
 342              		.loc 1 224 0
 343              		.cfi_startproc
ARM GAS  C:\Users\PANXIA~1\AppData\Local\Temp\ccvkeO3h.s 			page 11


 344 0000 80B5     		push	{r7, lr}
 345              		.cfi_def_cfa_offset 8
 346              		.cfi_offset 7, -8
 347              		.cfi_offset 14, -4
 348 0002 82B0     		sub	sp, sp, #8
 349              		.cfi_def_cfa_offset 16
 350 0004 00AF     		add	r7, sp, #0
 351              		.cfi_def_cfa_register 7
 352 0006 021C     		mov	r2, r0
 353 0008 BB1D     		add	r3, r7, #6
 354 000a 1A80     		strh	r2, [r3]
 225:.\Generated_Source\PSoC4/SW_Tx_UART.c ****     SW_Tx_UART_PutHexByte((uint8)(txHexInt >> SW_Tx_UART_U16_UPPER_BYTE_SHIFT));
 355              		.loc 1 225 0
 356 000c BB1D     		add	r3, r7, #6
 357 000e 1B88     		ldrh	r3, [r3]
 358 0010 1B0A     		lsr	r3, r3, #8
 359 0012 9BB2     		uxth	r3, r3
 360 0014 DBB2     		uxtb	r3, r3
 361 0016 181C     		mov	r0, r3
 362 0018 FFF7FEFF 		bl	SW_Tx_UART_PutHexByte
 226:.\Generated_Source\PSoC4/SW_Tx_UART.c ****     SW_Tx_UART_PutHexByte((uint8)(txHexInt & SW_Tx_UART_U16_LOWER_BYTE_MASK));
 363              		.loc 1 226 0
 364 001c BB1D     		add	r3, r7, #6
 365 001e 1B88     		ldrh	r3, [r3]
 366 0020 DBB2     		uxtb	r3, r3
 367 0022 181C     		mov	r0, r3
 368 0024 FFF7FEFF 		bl	SW_Tx_UART_PutHexByte
 227:.\Generated_Source\PSoC4/SW_Tx_UART.c **** }
 369              		.loc 1 227 0
 370 0028 BD46     		mov	sp, r7
 371 002a 02B0     		add	sp, sp, #8
 372              		@ sp needed
 373 002c 80BD     		pop	{r7, pc}
 374              		.cfi_endproc
 375              	.LFE5:
 376              		.size	SW_Tx_UART_PutHexInt, .-SW_Tx_UART_PutHexInt
 377 002e C046     		.section	.text.SW_Tx_UART_PutCRLF,"ax",%progbits
 378              		.align	2
 379              		.global	SW_Tx_UART_PutCRLF
 380              		.code	16
 381              		.thumb_func
 382              		.type	SW_Tx_UART_PutCRLF, %function
 383              	SW_Tx_UART_PutCRLF:
 384              	.LFB6:
 228:.\Generated_Source\PSoC4/SW_Tx_UART.c **** 
 229:.\Generated_Source\PSoC4/SW_Tx_UART.c **** 
 230:.\Generated_Source\PSoC4/SW_Tx_UART.c **** /*******************************************************************************
 231:.\Generated_Source\PSoC4/SW_Tx_UART.c **** * Function Name: SW_Tx_UART_PutCRLF
 232:.\Generated_Source\PSoC4/SW_Tx_UART.c **** ********************************************************************************
 233:.\Generated_Source\PSoC4/SW_Tx_UART.c **** *
 234:.\Generated_Source\PSoC4/SW_Tx_UART.c **** * Summary:
 235:.\Generated_Source\PSoC4/SW_Tx_UART.c **** *  Sends a carriage return (0x0D) and a line feed (0x0A) via the Tx pin.
 236:.\Generated_Source\PSoC4/SW_Tx_UART.c **** *
 237:.\Generated_Source\PSoC4/SW_Tx_UART.c **** * Parameters:
 238:.\Generated_Source\PSoC4/SW_Tx_UART.c **** *  None
 239:.\Generated_Source\PSoC4/SW_Tx_UART.c **** *
 240:.\Generated_Source\PSoC4/SW_Tx_UART.c **** * Return:
ARM GAS  C:\Users\PANXIA~1\AppData\Local\Temp\ccvkeO3h.s 			page 12


 241:.\Generated_Source\PSoC4/SW_Tx_UART.c **** *  None
 242:.\Generated_Source\PSoC4/SW_Tx_UART.c **** *
 243:.\Generated_Source\PSoC4/SW_Tx_UART.c **** *******************************************************************************/
 244:.\Generated_Source\PSoC4/SW_Tx_UART.c **** void SW_Tx_UART_PutCRLF(void) 
 245:.\Generated_Source\PSoC4/SW_Tx_UART.c **** {
 385              		.loc 1 245 0
 386              		.cfi_startproc
 387 0000 80B5     		push	{r7, lr}
 388              		.cfi_def_cfa_offset 8
 389              		.cfi_offset 7, -8
 390              		.cfi_offset 14, -4
 391 0002 00AF     		add	r7, sp, #0
 392              		.cfi_def_cfa_register 7
 246:.\Generated_Source\PSoC4/SW_Tx_UART.c ****     SW_Tx_UART_PutChar(0x0Du);
 393              		.loc 1 246 0
 394 0004 0D20     		mov	r0, #13
 395 0006 FFF7FEFF 		bl	SW_Tx_UART_PutChar
 247:.\Generated_Source\PSoC4/SW_Tx_UART.c ****     SW_Tx_UART_PutChar(0x0Au);
 396              		.loc 1 247 0
 397 000a 0A20     		mov	r0, #10
 398 000c FFF7FEFF 		bl	SW_Tx_UART_PutChar
 248:.\Generated_Source\PSoC4/SW_Tx_UART.c **** }
 399              		.loc 1 248 0
 400 0010 BD46     		mov	sp, r7
 401              		@ sp needed
 402 0012 80BD     		pop	{r7, pc}
 403              		.cfi_endproc
 404              	.LFE6:
 405              		.size	SW_Tx_UART_PutCRLF, .-SW_Tx_UART_PutCRLF
 406              		.section	.rodata
 407              		.align	2
 408              		.type	SW_Tx_UART_hex.4192, %object
 409              		.size	SW_Tx_UART_hex.4192, 17
 410              	SW_Tx_UART_hex.4192:
 411 0000 30313233 		.ascii	"0123456789ABCDEF\000"
 411      34353637 
 411      38394142 
 411      43444546 
 411      00
 412 0011 000000   		.text
 413              	.Letext0:
 414              		.file 2 ".\\Generated_Source\\PSoC4\\cytypes.h"
 415              		.section	.debug_info,"",%progbits
 416              	.Ldebug_info0:
 417 0000 68020000 		.4byte	0x268
 418 0004 0400     		.2byte	0x4
 419 0006 00000000 		.4byte	.Ldebug_abbrev0
 420 000a 04       		.byte	0x4
 421 000b 01       		.uleb128 0x1
 422 000c DA010000 		.4byte	.LASF40
 423 0010 01       		.byte	0x1
 424 0011 8A000000 		.4byte	.LASF41
 425 0015 C9000000 		.4byte	.LASF42
 426 0019 00000000 		.4byte	.Ldebug_ranges0+0
 427 001d 00000000 		.4byte	0
 428 0021 00000000 		.4byte	.Ldebug_line0
 429 0025 02       		.uleb128 0x2
ARM GAS  C:\Users\PANXIA~1\AppData\Local\Temp\ccvkeO3h.s 			page 13


 430 0026 01       		.byte	0x1
 431 0027 06       		.byte	0x6
 432 0028 4E010000 		.4byte	.LASF0
 433 002c 02       		.uleb128 0x2
 434 002d 01       		.byte	0x1
 435 002e 08       		.byte	0x8
 436 002f 34010000 		.4byte	.LASF1
 437 0033 02       		.uleb128 0x2
 438 0034 02       		.byte	0x2
 439 0035 05       		.byte	0x5
 440 0036 24000000 		.4byte	.LASF2
 441 003a 02       		.uleb128 0x2
 442 003b 02       		.byte	0x2
 443 003c 07       		.byte	0x7
 444 003d 95010000 		.4byte	.LASF3
 445 0041 02       		.uleb128 0x2
 446 0042 04       		.byte	0x4
 447 0043 05       		.byte	0x5
 448 0044 C0000000 		.4byte	.LASF4
 449 0048 02       		.uleb128 0x2
 450 0049 04       		.byte	0x4
 451 004a 07       		.byte	0x7
 452 004b 7F020000 		.4byte	.LASF5
 453 004f 02       		.uleb128 0x2
 454 0050 08       		.byte	0x8
 455 0051 05       		.byte	0x5
 456 0052 7C000000 		.4byte	.LASF6
 457 0056 02       		.uleb128 0x2
 458 0057 08       		.byte	0x8
 459 0058 07       		.byte	0x7
 460 0059 5A010000 		.4byte	.LASF7
 461 005d 03       		.uleb128 0x3
 462 005e 04       		.byte	0x4
 463 005f 05       		.byte	0x5
 464 0060 696E7400 		.ascii	"int\000"
 465 0064 02       		.uleb128 0x2
 466 0065 04       		.byte	0x4
 467 0066 07       		.byte	0x7
 468 0067 7A010000 		.4byte	.LASF8
 469 006b 04       		.uleb128 0x4
 470 006c 5D000000 		.4byte	.LASF9
 471 0070 02       		.byte	0x2
 472 0071 C2       		.byte	0xc2
 473 0072 2C000000 		.4byte	0x2c
 474 0076 04       		.uleb128 0x4
 475 0077 56000000 		.4byte	.LASF10
 476 007b 02       		.byte	0x2
 477 007c C3       		.byte	0xc3
 478 007d 3A000000 		.4byte	0x3a
 479 0081 04       		.uleb128 0x4
 480 0082 78020000 		.4byte	.LASF11
 481 0086 02       		.byte	0x2
 482 0087 C4       		.byte	0xc4
 483 0088 48000000 		.4byte	0x48
 484 008c 02       		.uleb128 0x2
 485 008d 04       		.byte	0x4
 486 008e 04       		.byte	0x4
ARM GAS  C:\Users\PANXIA~1\AppData\Local\Temp\ccvkeO3h.s 			page 14


 487 008f 76000000 		.4byte	.LASF12
 488 0093 02       		.uleb128 0x2
 489 0094 08       		.byte	0x8
 490 0095 04       		.byte	0x4
 491 0096 91020000 		.4byte	.LASF13
 492 009a 04       		.uleb128 0x4
 493 009b 50000000 		.4byte	.LASF14
 494 009f 02       		.byte	0x2
 495 00a0 D3       		.byte	0xd3
 496 00a1 A5000000 		.4byte	0xa5
 497 00a5 02       		.uleb128 0x2
 498 00a6 01       		.byte	0x1
 499 00a7 08       		.byte	0x8
 500 00a8 BE010000 		.4byte	.LASF15
 501 00ac 05       		.uleb128 0x5
 502 00ad 8F010000 		.4byte	.LASF16
 503 00b1 02       		.byte	0x2
 504 00b2 6E01     		.2byte	0x16e
 505 00b4 B8000000 		.4byte	0xb8
 506 00b8 06       		.uleb128 0x6
 507 00b9 81000000 		.4byte	0x81
 508 00bd 07       		.uleb128 0x7
 509 00be 21010000 		.4byte	.LASF20
 510 00c2 01       		.byte	0x1
 511 00c3 4B       		.byte	0x4b
 512 00c4 00000000 		.4byte	.LFB0
 513 00c8 B0000000 		.4byte	.LFE0-.LFB0
 514 00cc 01       		.uleb128 0x1
 515 00cd 9C       		.byte	0x9c
 516 00ce 0B010000 		.4byte	0x10b
 517 00d2 08       		.uleb128 0x8
 518 00d3 68020000 		.4byte	.LASF17
 519 00d7 01       		.byte	0x1
 520 00d8 4B       		.byte	0x4b
 521 00d9 6B000000 		.4byte	0x6b
 522 00dd 02       		.uleb128 0x2
 523 00de 91       		.byte	0x91
 524 00df 6F       		.sleb128 -17
 525 00e0 09       		.uleb128 0x9
 526 00e1 70696E00 		.ascii	"pin\000"
 527 00e5 01       		.byte	0x1
 528 00e6 4B       		.byte	0x4b
 529 00e7 6B000000 		.4byte	0x6b
 530 00eb 02       		.uleb128 0x2
 531 00ec 91       		.byte	0x91
 532 00ed 6E       		.sleb128 -18
 533 00ee 0A       		.uleb128 0xa
 534 00ef E2020000 		.4byte	.LASF18
 535 00f3 01       		.byte	0x1
 536 00f4 4D       		.byte	0x4d
 537 00f5 81000000 		.4byte	0x81
 538 00f9 02       		.uleb128 0x2
 539 00fa 91       		.byte	0x91
 540 00fb 74       		.sleb128 -12
 541 00fc 0A       		.uleb128 0xa
 542 00fd 9E020000 		.4byte	.LASF19
 543 0101 01       		.byte	0x1
ARM GAS  C:\Users\PANXIA~1\AppData\Local\Temp\ccvkeO3h.s 			page 15


 544 0102 50       		.byte	0x50
 545 0103 81000000 		.4byte	0x81
 546 0107 02       		.uleb128 0x2
 547 0108 91       		.byte	0x91
 548 0109 70       		.sleb128 -16
 549 010a 00       		.byte	0
 550 010b 0B       		.uleb128 0xb
 551 010c B0000000 		.4byte	.LASF35
 552 0110 01       		.byte	0x1
 553 0111 79       		.byte	0x79
 554 0112 00000000 		.4byte	.LFB1
 555 0116 08000000 		.4byte	.LFE1-.LFB1
 556 011a 01       		.uleb128 0x1
 557 011b 9C       		.byte	0x9c
 558 011c 0C       		.uleb128 0xc
 559 011d CD020000 		.4byte	.LASF21
 560 0121 01       		.byte	0x1
 561 0122 8D       		.byte	0x8d
 562 0123 00000000 		.4byte	.LFB2
 563 0127 58000000 		.4byte	.LFE2-.LFB2
 564 012b 01       		.uleb128 0x1
 565 012c 9C       		.byte	0x9c
 566 012d 5C010000 		.4byte	0x15c
 567 0131 08       		.uleb128 0x8
 568 0132 FC000000 		.4byte	.LASF22
 569 0136 01       		.byte	0x1
 570 0137 8D       		.byte	0x8d
 571 0138 5C010000 		.4byte	0x15c
 572 013c 02       		.uleb128 0x2
 573 013d 91       		.byte	0x91
 574 013e 6C       		.sleb128 -20
 575 013f 0A       		.uleb128 0xa
 576 0140 42010000 		.4byte	.LASF23
 577 0144 01       		.byte	0x1
 578 0145 8F       		.byte	0x8f
 579 0146 6B000000 		.4byte	0x6b
 580 014a 02       		.uleb128 0x2
 581 014b 91       		.byte	0x91
 582 014c 77       		.sleb128 -9
 583 014d 0A       		.uleb128 0xa
 584 014e 87010000 		.4byte	.LASF24
 585 0152 01       		.byte	0x1
 586 0153 90       		.byte	0x90
 587 0154 9A000000 		.4byte	0x9a
 588 0158 02       		.uleb128 0x2
 589 0159 91       		.byte	0x91
 590 015a 76       		.sleb128 -10
 591 015b 00       		.byte	0
 592 015c 0D       		.uleb128 0xd
 593 015d 04       		.byte	0x4
 594 015e 62010000 		.4byte	0x162
 595 0162 0E       		.uleb128 0xe
 596 0163 9A000000 		.4byte	0x9a
 597 0167 0C       		.uleb128 0xc
 598 0168 0D010000 		.4byte	.LASF25
 599 016c 01       		.byte	0x1
 600 016d AB       		.byte	0xab
ARM GAS  C:\Users\PANXIA~1\AppData\Local\Temp\ccvkeO3h.s 			page 16


 601 016e 00000000 		.4byte	.LFB3
 602 0172 32000000 		.4byte	.LFE3-.LFB3
 603 0176 01       		.uleb128 0x1
 604 0177 9C       		.byte	0x9c
 605 0178 A7010000 		.4byte	0x1a7
 606 017c 08       		.uleb128 0x8
 607 017d 98020000 		.4byte	.LASF26
 608 0181 01       		.byte	0x1
 609 0182 AB       		.byte	0xab
 610 0183 A7010000 		.4byte	0x1a7
 611 0187 02       		.uleb128 0x2
 612 0188 91       		.byte	0x91
 613 0189 6C       		.sleb128 -20
 614 018a 08       		.uleb128 0x8
 615 018b AE020000 		.4byte	.LASF27
 616 018f 01       		.byte	0x1
 617 0190 AB       		.byte	0xab
 618 0191 81000000 		.4byte	0x81
 619 0195 02       		.uleb128 0x2
 620 0196 91       		.byte	0x91
 621 0197 68       		.sleb128 -24
 622 0198 0A       		.uleb128 0xa
 623 0199 6D020000 		.4byte	.LASF28
 624 019d 01       		.byte	0x1
 625 019e AD       		.byte	0xad
 626 019f 81000000 		.4byte	0x81
 627 01a3 02       		.uleb128 0x2
 628 01a4 91       		.byte	0x91
 629 01a5 74       		.sleb128 -12
 630 01a6 00       		.byte	0
 631 01a7 0D       		.uleb128 0xd
 632 01a8 04       		.byte	0x4
 633 01a9 AD010000 		.4byte	0x1ad
 634 01ad 0E       		.uleb128 0xe
 635 01ae 6B000000 		.4byte	0x6b
 636 01b2 0C       		.uleb128 0xc
 637 01b3 A8010000 		.4byte	.LASF29
 638 01b7 01       		.byte	0x1
 639 01b8 C6       		.byte	0xc6
 640 01b9 00000000 		.4byte	.LFB4
 641 01bd 3C000000 		.4byte	.LFE4-.LFB4
 642 01c1 01       		.uleb128 0x1
 643 01c2 9C       		.byte	0x9c
 644 01c3 E7010000 		.4byte	0x1e7
 645 01c7 08       		.uleb128 0x8
 646 01c8 03010000 		.4byte	.LASF30
 647 01cc 01       		.byte	0x1
 648 01cd C6       		.byte	0xc6
 649 01ce 6B000000 		.4byte	0x6b
 650 01d2 02       		.uleb128 0x2
 651 01d3 91       		.byte	0x91
 652 01d4 77       		.sleb128 -9
 653 01d5 0A       		.uleb128 0xa
 654 01d6 15000000 		.4byte	.LASF31
 655 01da 01       		.byte	0x1
 656 01db C8       		.byte	0xc8
 657 01dc FE010000 		.4byte	0x1fe
ARM GAS  C:\Users\PANXIA~1\AppData\Local\Temp\ccvkeO3h.s 			page 17


 658 01e0 05       		.uleb128 0x5
 659 01e1 03       		.byte	0x3
 660 01e2 00000000 		.4byte	SW_Tx_UART_hex.4192
 661 01e6 00       		.byte	0
 662 01e7 0F       		.uleb128 0xf
 663 01e8 9A000000 		.4byte	0x9a
 664 01ec F7010000 		.4byte	0x1f7
 665 01f0 10       		.uleb128 0x10
 666 01f1 F7010000 		.4byte	0x1f7
 667 01f5 10       		.byte	0x10
 668 01f6 00       		.byte	0
 669 01f7 02       		.uleb128 0x2
 670 01f8 04       		.byte	0x4
 671 01f9 07       		.byte	0x7
 672 01fa 2E000000 		.4byte	.LASF32
 673 01fe 0E       		.uleb128 0xe
 674 01ff E7010000 		.4byte	0x1e7
 675 0203 0C       		.uleb128 0xc
 676 0204 B8020000 		.4byte	.LASF33
 677 0208 01       		.byte	0x1
 678 0209 DF       		.byte	0xdf
 679 020a 00000000 		.4byte	.LFB5
 680 020e 2E000000 		.4byte	.LFE5-.LFB5
 681 0212 01       		.uleb128 0x1
 682 0213 9C       		.byte	0x9c
 683 0214 27020000 		.4byte	0x227
 684 0218 08       		.uleb128 0x8
 685 0219 71010000 		.4byte	.LASF34
 686 021d 01       		.byte	0x1
 687 021e DF       		.byte	0xdf
 688 021f 76000000 		.4byte	0x76
 689 0223 02       		.uleb128 0x2
 690 0224 91       		.byte	0x91
 691 0225 76       		.sleb128 -10
 692 0226 00       		.byte	0
 693 0227 11       		.uleb128 0x11
 694 0228 63000000 		.4byte	.LASF36
 695 022c 01       		.byte	0x1
 696 022d F4       		.byte	0xf4
 697 022e 00000000 		.4byte	.LFB6
 698 0232 14000000 		.4byte	.LFE6-.LFB6
 699 0236 01       		.uleb128 0x1
 700 0237 9C       		.byte	0x9c
 701 0238 12       		.uleb128 0x12
 702 0239 00000000 		.4byte	.LASF37
 703 023d 01       		.byte	0x1
 704 023e 1A       		.byte	0x1a
 705 023f 81000000 		.4byte	0x81
 706 0243 05       		.uleb128 0x5
 707 0244 03       		.byte	0x3
 708 0245 00000000 		.4byte	SW_Tx_UART_pinNumber
 709 0249 12       		.uleb128 0x12
 710 024a 37000000 		.4byte	.LASF38
 711 024e 01       		.byte	0x1
 712 024f 1B       		.byte	0x1b
 713 0250 81000000 		.4byte	0x81
 714 0254 05       		.uleb128 0x5
ARM GAS  C:\Users\PANXIA~1\AppData\Local\Temp\ccvkeO3h.s 			page 18


 715 0255 03       		.byte	0x3
 716 0256 00000000 		.4byte	SW_Tx_UART_pinPortNumber
 717 025a 12       		.uleb128 0x12
 718 025b C3010000 		.4byte	.LASF39
 719 025f 01       		.byte	0x1
 720 0260 1F       		.byte	0x1f
 721 0261 81000000 		.4byte	0x81
 722 0265 05       		.uleb128 0x5
 723 0266 03       		.byte	0x3
 724 0267 00000000 		.4byte	SW_Tx_UART_pinDrAdress
 725 026b 00       		.byte	0
 726              		.section	.debug_abbrev,"",%progbits
 727              	.Ldebug_abbrev0:
 728 0000 01       		.uleb128 0x1
 729 0001 11       		.uleb128 0x11
 730 0002 01       		.byte	0x1
 731 0003 25       		.uleb128 0x25
 732 0004 0E       		.uleb128 0xe
 733 0005 13       		.uleb128 0x13
 734 0006 0B       		.uleb128 0xb
 735 0007 03       		.uleb128 0x3
 736 0008 0E       		.uleb128 0xe
 737 0009 1B       		.uleb128 0x1b
 738 000a 0E       		.uleb128 0xe
 739 000b 55       		.uleb128 0x55
 740 000c 17       		.uleb128 0x17
 741 000d 11       		.uleb128 0x11
 742 000e 01       		.uleb128 0x1
 743 000f 10       		.uleb128 0x10
 744 0010 17       		.uleb128 0x17
 745 0011 00       		.byte	0
 746 0012 00       		.byte	0
 747 0013 02       		.uleb128 0x2
 748 0014 24       		.uleb128 0x24
 749 0015 00       		.byte	0
 750 0016 0B       		.uleb128 0xb
 751 0017 0B       		.uleb128 0xb
 752 0018 3E       		.uleb128 0x3e
 753 0019 0B       		.uleb128 0xb
 754 001a 03       		.uleb128 0x3
 755 001b 0E       		.uleb128 0xe
 756 001c 00       		.byte	0
 757 001d 00       		.byte	0
 758 001e 03       		.uleb128 0x3
 759 001f 24       		.uleb128 0x24
 760 0020 00       		.byte	0
 761 0021 0B       		.uleb128 0xb
 762 0022 0B       		.uleb128 0xb
 763 0023 3E       		.uleb128 0x3e
 764 0024 0B       		.uleb128 0xb
 765 0025 03       		.uleb128 0x3
 766 0026 08       		.uleb128 0x8
 767 0027 00       		.byte	0
 768 0028 00       		.byte	0
 769 0029 04       		.uleb128 0x4
 770 002a 16       		.uleb128 0x16
 771 002b 00       		.byte	0
ARM GAS  C:\Users\PANXIA~1\AppData\Local\Temp\ccvkeO3h.s 			page 19


 772 002c 03       		.uleb128 0x3
 773 002d 0E       		.uleb128 0xe
 774 002e 3A       		.uleb128 0x3a
 775 002f 0B       		.uleb128 0xb
 776 0030 3B       		.uleb128 0x3b
 777 0031 0B       		.uleb128 0xb
 778 0032 49       		.uleb128 0x49
 779 0033 13       		.uleb128 0x13
 780 0034 00       		.byte	0
 781 0035 00       		.byte	0
 782 0036 05       		.uleb128 0x5
 783 0037 16       		.uleb128 0x16
 784 0038 00       		.byte	0
 785 0039 03       		.uleb128 0x3
 786 003a 0E       		.uleb128 0xe
 787 003b 3A       		.uleb128 0x3a
 788 003c 0B       		.uleb128 0xb
 789 003d 3B       		.uleb128 0x3b
 790 003e 05       		.uleb128 0x5
 791 003f 49       		.uleb128 0x49
 792 0040 13       		.uleb128 0x13
 793 0041 00       		.byte	0
 794 0042 00       		.byte	0
 795 0043 06       		.uleb128 0x6
 796 0044 35       		.uleb128 0x35
 797 0045 00       		.byte	0
 798 0046 49       		.uleb128 0x49
 799 0047 13       		.uleb128 0x13
 800 0048 00       		.byte	0
 801 0049 00       		.byte	0
 802 004a 07       		.uleb128 0x7
 803 004b 2E       		.uleb128 0x2e
 804 004c 01       		.byte	0x1
 805 004d 3F       		.uleb128 0x3f
 806 004e 19       		.uleb128 0x19
 807 004f 03       		.uleb128 0x3
 808 0050 0E       		.uleb128 0xe
 809 0051 3A       		.uleb128 0x3a
 810 0052 0B       		.uleb128 0xb
 811 0053 3B       		.uleb128 0x3b
 812 0054 0B       		.uleb128 0xb
 813 0055 27       		.uleb128 0x27
 814 0056 19       		.uleb128 0x19
 815 0057 11       		.uleb128 0x11
 816 0058 01       		.uleb128 0x1
 817 0059 12       		.uleb128 0x12
 818 005a 06       		.uleb128 0x6
 819 005b 40       		.uleb128 0x40
 820 005c 18       		.uleb128 0x18
 821 005d 9742     		.uleb128 0x2117
 822 005f 19       		.uleb128 0x19
 823 0060 01       		.uleb128 0x1
 824 0061 13       		.uleb128 0x13
 825 0062 00       		.byte	0
 826 0063 00       		.byte	0
 827 0064 08       		.uleb128 0x8
 828 0065 05       		.uleb128 0x5
ARM GAS  C:\Users\PANXIA~1\AppData\Local\Temp\ccvkeO3h.s 			page 20


 829 0066 00       		.byte	0
 830 0067 03       		.uleb128 0x3
 831 0068 0E       		.uleb128 0xe
 832 0069 3A       		.uleb128 0x3a
 833 006a 0B       		.uleb128 0xb
 834 006b 3B       		.uleb128 0x3b
 835 006c 0B       		.uleb128 0xb
 836 006d 49       		.uleb128 0x49
 837 006e 13       		.uleb128 0x13
 838 006f 02       		.uleb128 0x2
 839 0070 18       		.uleb128 0x18
 840 0071 00       		.byte	0
 841 0072 00       		.byte	0
 842 0073 09       		.uleb128 0x9
 843 0074 05       		.uleb128 0x5
 844 0075 00       		.byte	0
 845 0076 03       		.uleb128 0x3
 846 0077 08       		.uleb128 0x8
 847 0078 3A       		.uleb128 0x3a
 848 0079 0B       		.uleb128 0xb
 849 007a 3B       		.uleb128 0x3b
 850 007b 0B       		.uleb128 0xb
 851 007c 49       		.uleb128 0x49
 852 007d 13       		.uleb128 0x13
 853 007e 02       		.uleb128 0x2
 854 007f 18       		.uleb128 0x18
 855 0080 00       		.byte	0
 856 0081 00       		.byte	0
 857 0082 0A       		.uleb128 0xa
 858 0083 34       		.uleb128 0x34
 859 0084 00       		.byte	0
 860 0085 03       		.uleb128 0x3
 861 0086 0E       		.uleb128 0xe
 862 0087 3A       		.uleb128 0x3a
 863 0088 0B       		.uleb128 0xb
 864 0089 3B       		.uleb128 0x3b
 865 008a 0B       		.uleb128 0xb
 866 008b 49       		.uleb128 0x49
 867 008c 13       		.uleb128 0x13
 868 008d 02       		.uleb128 0x2
 869 008e 18       		.uleb128 0x18
 870 008f 00       		.byte	0
 871 0090 00       		.byte	0
 872 0091 0B       		.uleb128 0xb
 873 0092 2E       		.uleb128 0x2e
 874 0093 00       		.byte	0
 875 0094 3F       		.uleb128 0x3f
 876 0095 19       		.uleb128 0x19
 877 0096 03       		.uleb128 0x3
 878 0097 0E       		.uleb128 0xe
 879 0098 3A       		.uleb128 0x3a
 880 0099 0B       		.uleb128 0xb
 881 009a 3B       		.uleb128 0x3b
 882 009b 0B       		.uleb128 0xb
 883 009c 27       		.uleb128 0x27
 884 009d 19       		.uleb128 0x19
 885 009e 11       		.uleb128 0x11
ARM GAS  C:\Users\PANXIA~1\AppData\Local\Temp\ccvkeO3h.s 			page 21


 886 009f 01       		.uleb128 0x1
 887 00a0 12       		.uleb128 0x12
 888 00a1 06       		.uleb128 0x6
 889 00a2 40       		.uleb128 0x40
 890 00a3 18       		.uleb128 0x18
 891 00a4 9742     		.uleb128 0x2117
 892 00a6 19       		.uleb128 0x19
 893 00a7 00       		.byte	0
 894 00a8 00       		.byte	0
 895 00a9 0C       		.uleb128 0xc
 896 00aa 2E       		.uleb128 0x2e
 897 00ab 01       		.byte	0x1
 898 00ac 3F       		.uleb128 0x3f
 899 00ad 19       		.uleb128 0x19
 900 00ae 03       		.uleb128 0x3
 901 00af 0E       		.uleb128 0xe
 902 00b0 3A       		.uleb128 0x3a
 903 00b1 0B       		.uleb128 0xb
 904 00b2 3B       		.uleb128 0x3b
 905 00b3 0B       		.uleb128 0xb
 906 00b4 27       		.uleb128 0x27
 907 00b5 19       		.uleb128 0x19
 908 00b6 11       		.uleb128 0x11
 909 00b7 01       		.uleb128 0x1
 910 00b8 12       		.uleb128 0x12
 911 00b9 06       		.uleb128 0x6
 912 00ba 40       		.uleb128 0x40
 913 00bb 18       		.uleb128 0x18
 914 00bc 9642     		.uleb128 0x2116
 915 00be 19       		.uleb128 0x19
 916 00bf 01       		.uleb128 0x1
 917 00c0 13       		.uleb128 0x13
 918 00c1 00       		.byte	0
 919 00c2 00       		.byte	0
 920 00c3 0D       		.uleb128 0xd
 921 00c4 0F       		.uleb128 0xf
 922 00c5 00       		.byte	0
 923 00c6 0B       		.uleb128 0xb
 924 00c7 0B       		.uleb128 0xb
 925 00c8 49       		.uleb128 0x49
 926 00c9 13       		.uleb128 0x13
 927 00ca 00       		.byte	0
 928 00cb 00       		.byte	0
 929 00cc 0E       		.uleb128 0xe
 930 00cd 26       		.uleb128 0x26
 931 00ce 00       		.byte	0
 932 00cf 49       		.uleb128 0x49
 933 00d0 13       		.uleb128 0x13
 934 00d1 00       		.byte	0
 935 00d2 00       		.byte	0
 936 00d3 0F       		.uleb128 0xf
 937 00d4 01       		.uleb128 0x1
 938 00d5 01       		.byte	0x1
 939 00d6 49       		.uleb128 0x49
 940 00d7 13       		.uleb128 0x13
 941 00d8 01       		.uleb128 0x1
 942 00d9 13       		.uleb128 0x13
ARM GAS  C:\Users\PANXIA~1\AppData\Local\Temp\ccvkeO3h.s 			page 22


 943 00da 00       		.byte	0
 944 00db 00       		.byte	0
 945 00dc 10       		.uleb128 0x10
 946 00dd 21       		.uleb128 0x21
 947 00de 00       		.byte	0
 948 00df 49       		.uleb128 0x49
 949 00e0 13       		.uleb128 0x13
 950 00e1 2F       		.uleb128 0x2f
 951 00e2 0B       		.uleb128 0xb
 952 00e3 00       		.byte	0
 953 00e4 00       		.byte	0
 954 00e5 11       		.uleb128 0x11
 955 00e6 2E       		.uleb128 0x2e
 956 00e7 00       		.byte	0
 957 00e8 3F       		.uleb128 0x3f
 958 00e9 19       		.uleb128 0x19
 959 00ea 03       		.uleb128 0x3
 960 00eb 0E       		.uleb128 0xe
 961 00ec 3A       		.uleb128 0x3a
 962 00ed 0B       		.uleb128 0xb
 963 00ee 3B       		.uleb128 0x3b
 964 00ef 0B       		.uleb128 0xb
 965 00f0 27       		.uleb128 0x27
 966 00f1 19       		.uleb128 0x19
 967 00f2 11       		.uleb128 0x11
 968 00f3 01       		.uleb128 0x1
 969 00f4 12       		.uleb128 0x12
 970 00f5 06       		.uleb128 0x6
 971 00f6 40       		.uleb128 0x40
 972 00f7 18       		.uleb128 0x18
 973 00f8 9642     		.uleb128 0x2116
 974 00fa 19       		.uleb128 0x19
 975 00fb 00       		.byte	0
 976 00fc 00       		.byte	0
 977 00fd 12       		.uleb128 0x12
 978 00fe 34       		.uleb128 0x34
 979 00ff 00       		.byte	0
 980 0100 03       		.uleb128 0x3
 981 0101 0E       		.uleb128 0xe
 982 0102 3A       		.uleb128 0x3a
 983 0103 0B       		.uleb128 0xb
 984 0104 3B       		.uleb128 0x3b
 985 0105 0B       		.uleb128 0xb
 986 0106 49       		.uleb128 0x49
 987 0107 13       		.uleb128 0x13
 988 0108 3F       		.uleb128 0x3f
 989 0109 19       		.uleb128 0x19
 990 010a 02       		.uleb128 0x2
 991 010b 18       		.uleb128 0x18
 992 010c 00       		.byte	0
 993 010d 00       		.byte	0
 994 010e 00       		.byte	0
 995              		.section	.debug_aranges,"",%progbits
 996 0000 4C000000 		.4byte	0x4c
 997 0004 0200     		.2byte	0x2
 998 0006 00000000 		.4byte	.Ldebug_info0
 999 000a 04       		.byte	0x4
ARM GAS  C:\Users\PANXIA~1\AppData\Local\Temp\ccvkeO3h.s 			page 23


 1000 000b 00       		.byte	0
 1001 000c 0000     		.2byte	0
 1002 000e 0000     		.2byte	0
 1003 0010 00000000 		.4byte	.LFB0
 1004 0014 B0000000 		.4byte	.LFE0-.LFB0
 1005 0018 00000000 		.4byte	.LFB1
 1006 001c 08000000 		.4byte	.LFE1-.LFB1
 1007 0020 00000000 		.4byte	.LFB2
 1008 0024 58000000 		.4byte	.LFE2-.LFB2
 1009 0028 00000000 		.4byte	.LFB3
 1010 002c 32000000 		.4byte	.LFE3-.LFB3
 1011 0030 00000000 		.4byte	.LFB4
 1012 0034 3C000000 		.4byte	.LFE4-.LFB4
 1013 0038 00000000 		.4byte	.LFB5
 1014 003c 2E000000 		.4byte	.LFE5-.LFB5
 1015 0040 00000000 		.4byte	.LFB6
 1016 0044 14000000 		.4byte	.LFE6-.LFB6
 1017 0048 00000000 		.4byte	0
 1018 004c 00000000 		.4byte	0
 1019              		.section	.debug_ranges,"",%progbits
 1020              	.Ldebug_ranges0:
 1021 0000 00000000 		.4byte	.LFB0
 1022 0004 B0000000 		.4byte	.LFE0
 1023 0008 00000000 		.4byte	.LFB1
 1024 000c 08000000 		.4byte	.LFE1
 1025 0010 00000000 		.4byte	.LFB2
 1026 0014 58000000 		.4byte	.LFE2
 1027 0018 00000000 		.4byte	.LFB3
 1028 001c 32000000 		.4byte	.LFE3
 1029 0020 00000000 		.4byte	.LFB4
 1030 0024 3C000000 		.4byte	.LFE4
 1031 0028 00000000 		.4byte	.LFB5
 1032 002c 2E000000 		.4byte	.LFE5
 1033 0030 00000000 		.4byte	.LFB6
 1034 0034 14000000 		.4byte	.LFE6
 1035 0038 00000000 		.4byte	0
 1036 003c 00000000 		.4byte	0
 1037              		.section	.debug_line,"",%progbits
 1038              	.Ldebug_line0:
 1039 0000 F7000000 		.section	.debug_str,"MS",%progbits,1
 1039      02004900 
 1039      00000201 
 1039      FB0E0D00 
 1039      01010101 
 1040              	.LASF37:
 1041 0000 53575F54 		.ascii	"SW_Tx_UART_pinNumber\000"
 1041      785F5541 
 1041      52545F70 
 1041      696E4E75 
 1041      6D626572 
 1042              	.LASF31:
 1043 0015 53575F54 		.ascii	"SW_Tx_UART_hex\000"
 1043      785F5541 
 1043      52545F68 
 1043      657800
 1044              	.LASF2:
 1045 0024 73686F72 		.ascii	"short int\000"
ARM GAS  C:\Users\PANXIA~1\AppData\Local\Temp\ccvkeO3h.s 			page 24


 1045      7420696E 
 1045      7400
 1046              	.LASF32:
 1047 002e 73697A65 		.ascii	"sizetype\000"
 1047      74797065 
 1047      00
 1048              	.LASF38:
 1049 0037 53575F54 		.ascii	"SW_Tx_UART_pinPortNumber\000"
 1049      785F5541 
 1049      52545F70 
 1049      696E506F 
 1049      72744E75 
 1050              	.LASF14:
 1051 0050 63686172 		.ascii	"char8\000"
 1051      3800
 1052              	.LASF10:
 1053 0056 75696E74 		.ascii	"uint16\000"
 1053      313600
 1054              	.LASF9:
 1055 005d 75696E74 		.ascii	"uint8\000"
 1055      3800
 1056              	.LASF36:
 1057 0063 53575F54 		.ascii	"SW_Tx_UART_PutCRLF\000"
 1057      785F5541 
 1057      52545F50 
 1057      75744352 
 1057      4C4600
 1058              	.LASF12:
 1059 0076 666C6F61 		.ascii	"float\000"
 1059      7400
 1060              	.LASF6:
 1061 007c 6C6F6E67 		.ascii	"long long int\000"
 1061      206C6F6E 
 1061      6720696E 
 1061      7400
 1062              	.LASF41:
 1063 008a 2E5C4765 		.ascii	".\\Generated_Source\\PSoC4\\SW_Tx_UART.c\000"
 1063      6E657261 
 1063      7465645F 
 1063      536F7572 
 1063      63655C50 
 1064              	.LASF35:
 1065 00b0 53575F54 		.ascii	"SW_Tx_UART_Stop\000"
 1065      785F5541 
 1065      52545F53 
 1065      746F7000 
 1066              	.LASF4:
 1067 00c0 6C6F6E67 		.ascii	"long int\000"
 1067      20696E74 
 1067      00
 1068              	.LASF42:
 1069 00c9 443A5C41 		.ascii	"D:\\A20_CANfestival\\posoc\\Em_EEPROM_Example01.cyd"
 1069      32305F43 
 1069      414E6665 
 1069      73746976 
 1069      616C5C70 
 1070 00f9 736E00   		.ascii	"sn\000"
ARM GAS  C:\Users\PANXIA~1\AppData\Local\Temp\ccvkeO3h.s 			page 25


 1071              	.LASF22:
 1072 00fc 73747269 		.ascii	"string\000"
 1072      6E6700
 1073              	.LASF30:
 1074 0103 74784865 		.ascii	"txHexByte\000"
 1074      78427974 
 1074      6500
 1075              	.LASF25:
 1076 010d 53575F54 		.ascii	"SW_Tx_UART_PutArray\000"
 1076      785F5541 
 1076      52545F50 
 1076      75744172 
 1076      72617900 
 1077              	.LASF20:
 1078 0121 53575F54 		.ascii	"SW_Tx_UART_StartEx\000"
 1078      785F5541 
 1078      52545F53 
 1078      74617274 
 1078      457800
 1079              	.LASF1:
 1080 0134 756E7369 		.ascii	"unsigned char\000"
 1080      676E6564 
 1080      20636861 
 1080      7200
 1081              	.LASF23:
 1082 0142 73747269 		.ascii	"stringIndex\000"
 1082      6E67496E 
 1082      64657800 
 1083              	.LASF0:
 1084 014e 7369676E 		.ascii	"signed char\000"
 1084      65642063 
 1084      68617200 
 1085              	.LASF7:
 1086 015a 6C6F6E67 		.ascii	"long long unsigned int\000"
 1086      206C6F6E 
 1086      6720756E 
 1086      7369676E 
 1086      65642069 
 1087              	.LASF34:
 1088 0171 74784865 		.ascii	"txHexInt\000"
 1088      78496E74 
 1088      00
 1089              	.LASF8:
 1090 017a 756E7369 		.ascii	"unsigned int\000"
 1090      676E6564 
 1090      20696E74 
 1090      00
 1091              	.LASF24:
 1092 0187 63757272 		.ascii	"current\000"
 1092      656E7400 
 1093              	.LASF16:
 1094 018f 72656733 		.ascii	"reg32\000"
 1094      3200
 1095              	.LASF3:
 1096 0195 73686F72 		.ascii	"short unsigned int\000"
 1096      7420756E 
 1096      7369676E 
ARM GAS  C:\Users\PANXIA~1\AppData\Local\Temp\ccvkeO3h.s 			page 26


 1096      65642069 
 1096      6E7400
 1097              	.LASF29:
 1098 01a8 53575F54 		.ascii	"SW_Tx_UART_PutHexByte\000"
 1098      785F5541 
 1098      52545F50 
 1098      75744865 
 1098      78427974 
 1099              	.LASF15:
 1100 01be 63686172 		.ascii	"char\000"
 1100      00
 1101              	.LASF39:
 1102 01c3 53575F54 		.ascii	"SW_Tx_UART_pinDrAdress\000"
 1102      785F5541 
 1102      52545F70 
 1102      696E4472 
 1102      41647265 
 1103              	.LASF40:
 1104 01da 474E5520 		.ascii	"GNU C 4.9.3 20150303 (release) [ARM/embedded-4_9-br"
 1104      4320342E 
 1104      392E3320 
 1104      32303135 
 1104      30333033 
 1105 020d 616E6368 		.ascii	"anch revision 221220] -mcpu=cortex-m0 -mthumb -g -O"
 1105      20726576 
 1105      6973696F 
 1105      6E203232 
 1105      31323230 
 1106 0240 30202D66 		.ascii	"0 -ffunction-sections -ffat-lto-objects\000"
 1106      66756E63 
 1106      74696F6E 
 1106      2D736563 
 1106      74696F6E 
 1107              	.LASF17:
 1108 0268 706F7274 		.ascii	"port\000"
 1108      00
 1109              	.LASF28:
 1110 026d 61727261 		.ascii	"arrayIndex\000"
 1110      79496E64 
 1110      657800
 1111              	.LASF11:
 1112 0278 75696E74 		.ascii	"uint32\000"
 1112      333200
 1113              	.LASF5:
 1114 027f 6C6F6E67 		.ascii	"long unsigned int\000"
 1114      20756E73 
 1114      69676E65 
 1114      6420696E 
 1114      7400
 1115              	.LASF13:
 1116 0291 646F7562 		.ascii	"double\000"
 1116      6C6500
 1117              	.LASF26:
 1118 0298 61727261 		.ascii	"array\000"
 1118      7900
 1119              	.LASF19:
 1120 029e 706F7274 		.ascii	"portDataRegAddr\000"
ARM GAS  C:\Users\PANXIA~1\AppData\Local\Temp\ccvkeO3h.s 			page 27


 1120      44617461 
 1120      52656741 
 1120      64647200 
 1121              	.LASF27:
 1122 02ae 62797465 		.ascii	"byteCount\000"
 1122      436F756E 
 1122      7400
 1123              	.LASF33:
 1124 02b8 53575F54 		.ascii	"SW_Tx_UART_PutHexInt\000"
 1124      785F5541 
 1124      52545F50 
 1124      75744865 
 1124      78496E74 
 1125              	.LASF21:
 1126 02cd 53575F54 		.ascii	"SW_Tx_UART_PutString\000"
 1126      785F5541 
 1126      52545F50 
 1126      75745374 
 1126      72696E67 
 1127              	.LASF18:
 1128 02e2 706F7274 		.ascii	"portConfigAddr\000"
 1128      436F6E66 
 1128      69674164 
 1128      647200
 1129              		.ident	"GCC: (GNU Tools for ARM Embedded Processors) 4.9.3 20150303 (release) [ARM/embedded-4_9-br
