ARM GAS  C:\Users\li\AppData\Local\Temp\ccSg2Keb.s 			page 1


   1              		.syntax unified
   2              		.cpu cortex-m3
   3              		.fpu softvfp
   4              		.eabi_attribute 20, 1
   5              		.eabi_attribute 21, 1
   6              		.eabi_attribute 23, 3
   7              		.eabi_attribute 24, 1
   8              		.eabi_attribute 25, 1
   9              		.eabi_attribute 26, 1
  10              		.eabi_attribute 30, 1
  11              		.eabi_attribute 34, 1
  12              		.eabi_attribute 18, 4
  13              		.thumb
  14              		.file	"canfestival.c"
  15              		.text
  16              	.Ltext0:
  17              		.cfi_sections	.debug_frame
  18              		.section	.text.setTimer,"ax",%progbits
  19              		.align	2
  20              		.global	setTimer
  21              		.thumb
  22              		.thumb_func
  23              		.type	setTimer, %function
  24              	setTimer:
  25              	.LFB0:
  26              		.file 1 ".\\canfestival.c"
   1:.\canfestival.c **** /* ========================================
   2:.\canfestival.c ****  *
   3:.\canfestival.c ****  * Copyright YOUR COMPANY, THE YEAR
   4:.\canfestival.c ****  * All Rights Reserved
   5:.\canfestival.c ****  * UNPUBLISHED, LICENSED SOFTWARE.
   6:.\canfestival.c ****  *
   7:.\canfestival.c ****  * CONFIDENTIAL AND PROPRIETARY INFORMATION
   8:.\canfestival.c ****  * WHICH IS THE PROPERTY OF your company.
   9:.\canfestival.c ****  *
  10:.\canfestival.c ****  * ========================================
  11:.\canfestival.c **** */
  12:.\canfestival.c **** #include "canfestival.h"
  13:.\canfestival.c **** 
  14:.\canfestival.c **** 
  15:.\canfestival.c **** unsigned int TimeCNT=0;//时间计数
  16:.\canfestival.c **** unsigned int NextTime=0;//下一次触发时间计数
  17:.\canfestival.c **** unsigned int TIMER_MAX_COUNT=0xffff;//最大时间计数
  18:.\canfestival.c **** static TIMEVAL last_time_set = TIMEVAL_MAX;//上一次的时间计数
  19:.\canfestival.c **** 
  20:.\canfestival.c **** 
  21:.\canfestival.c **** 
  22:.\canfestival.c **** #define CAN_RTR_DATA     ((unsigned int )0x00000000)
  23:.\canfestival.c **** #define CAN_RTR_REMOTE   ((unsigned int )0x00000002)
  24:.\canfestival.c **** #define CAN_ID_STD       ((unsigned int)0x00000000)
  25:.\canfestival.c **** 
  26:.\canfestival.c **** 
  27:.\canfestival.c **** void setTimer(TIMEVAL value)
  28:.\canfestival.c **** {
  27              		.loc 1 28 0
  28              		.cfi_startproc
  29              		@ args = 0, pretend = 0, frame = 0
ARM GAS  C:\Users\li\AppData\Local\Temp\ccSg2Keb.s 			page 2


  30              		@ frame_needed = 0, uses_anonymous_args = 0
  31              		@ link register save eliminated.
  32              	.LVL0:
  29:.\canfestival.c ****     NextTime = (TimeCNT+value)%TIMER_MAX_COUNT;
  33              		.loc 1 29 0
  34 0000 054A     		ldr	r2, .L2
  35 0002 1368     		ldr	r3, [r2]
  36 0004 1844     		add	r0, r0, r3
  37              	.LVL1:
  38 0006 054B     		ldr	r3, .L2+4
  39 0008 1968     		ldr	r1, [r3]
  40 000a B0FBF1F3 		udiv	r3, r0, r1
  41 000e 01FB1300 		mls	r0, r1, r3, r0
  42 0012 5060     		str	r0, [r2, #4]
  43 0014 7047     		bx	lr
  44              	.L3:
  45 0016 00BF     		.align	2
  46              	.L2:
  47 0018 00000000 		.word	.LANCHOR0
  48 001c 00000000 		.word	.LANCHOR1
  49              		.cfi_endproc
  50              	.LFE0:
  51              		.size	setTimer, .-setTimer
  52              		.section	.text.getElapsedTime,"ax",%progbits
  53              		.align	2
  54              		.global	getElapsedTime
  55              		.thumb
  56              		.thumb_func
  57              		.type	getElapsedTime, %function
  58              	getElapsedTime:
  59              	.LFB1:
  30:.\canfestival.c **** }
  31:.\canfestival.c **** TIMEVAL getElapsedTime(void)
  32:.\canfestival.c **** {
  60              		.loc 1 32 0
  61              		.cfi_startproc
  62              		@ args = 0, pretend = 0, frame = 0
  63              		@ frame_needed = 0, uses_anonymous_args = 0
  64              		@ link register save eliminated.
  65              	.LVL2:
  33:.\canfestival.c ****         int ret=0;
  34:.\canfestival.c ****       //  ret = TimeCNT> last_time_set ? TimeCNT - last_time_set : TimeCNT + TIMER_MAX_COUNT - last
  35:.\canfestival.c ****         ret = TimeCNT> last_time_set ? TimeCNT - last_time_set :   last_time_set - TimeCNT ;
  66              		.loc 1 35 0
  67 0000 054B     		ldr	r3, .L7
  68 0002 1B68     		ldr	r3, [r3]
  69 0004 054A     		ldr	r2, .L7+4
  70 0006 5068     		ldr	r0, [r2, #4]
  71 0008 8342     		cmp	r3, r0
  72 000a 01D9     		bls	.L5
  73              		.loc 1 35 0 is_stmt 0 discriminator 1
  74 000c 181A     		subs	r0, r3, r0
  75 000e 00E0     		b	.L6
  76              	.L5:
  77              		.loc 1 35 0 discriminator 2
  78 0010 C01A     		subs	r0, r0, r3
  79              	.L6:
ARM GAS  C:\Users\li\AppData\Local\Temp\ccSg2Keb.s 			page 3


  80              	.LVL3:
  36:.\canfestival.c ****         last_time_set = TimeCNT;
  81              		.loc 1 36 0 is_stmt 1 discriminator 4
  82 0012 024A     		ldr	r2, .L7+4
  83 0014 5360     		str	r3, [r2, #4]
  37:.\canfestival.c ****         return ret;
  38:.\canfestival.c **** }
  84              		.loc 1 38 0 discriminator 4
  85 0016 7047     		bx	lr
  86              	.L8:
  87              		.align	2
  88              	.L7:
  89 0018 00000000 		.word	.LANCHOR0
  90 001c 00000000 		.word	.LANCHOR1
  91              		.cfi_endproc
  92              	.LFE1:
  93              		.size	getElapsedTime, .-getElapsedTime
  94              		.section	.text.timerForCan,"ax",%progbits
  95              		.align	2
  96              		.global	timerForCan
  97              		.thumb
  98              		.thumb_func
  99              		.type	timerForCan, %function
 100              	timerForCan:
 101              	.LFB2:
  39:.\canfestival.c **** void timerForCan()
  40:.\canfestival.c **** {
 102              		.loc 1 40 0
 103              		.cfi_startproc
 104              		@ args = 0, pretend = 0, frame = 0
 105              		@ frame_needed = 0, uses_anonymous_args = 0
 106 0000 08B5     		push	{r3, lr}
 107              		.cfi_def_cfa_offset 8
 108              		.cfi_offset 3, -8
 109              		.cfi_offset 14, -4
  41:.\canfestival.c ****         
  42:.\canfestival.c ****         if (TimeCNT>=TIMER_MAX_COUNT)
 110              		.loc 1 42 0
 111 0002 0A4B     		ldr	r3, .L13
 112 0004 1A68     		ldr	r2, [r3]
 113 0006 0A4B     		ldr	r3, .L13+4
 114 0008 1B68     		ldr	r3, [r3]
 115 000a 9A42     		cmp	r2, r3
 116 000c 02D3     		bcc	.L10
  43:.\canfestival.c ****         {
  44:.\canfestival.c ****                 TimeCNT=0;
 117              		.loc 1 44 0
 118 000e 0022     		movs	r2, #0
 119 0010 064B     		ldr	r3, .L13
 120 0012 1A60     		str	r2, [r3]
 121              	.L10:
  45:.\canfestival.c ****         }
  46:.\canfestival.c ****         if (TimeCNT==NextTime)
 122              		.loc 1 46 0
 123 0014 054B     		ldr	r3, .L13
 124 0016 1A68     		ldr	r2, [r3]
 125 0018 5B68     		ldr	r3, [r3, #4]
ARM GAS  C:\Users\li\AppData\Local\Temp\ccSg2Keb.s 			page 4


 126 001a 9A42     		cmp	r2, r3
 127 001c 01D1     		bne	.L11
  47:.\canfestival.c ****         {
  48:.\canfestival.c ****                 TimeDispatch();
 128              		.loc 1 48 0
 129 001e FFF7FEFF 		bl	TimeDispatch
 130              	.LVL4:
 131              	.L11:
  49:.\canfestival.c ****         }
  50:.\canfestival.c ****         TimeCNT++;
 132              		.loc 1 50 0
 133 0022 024A     		ldr	r2, .L13
 134 0024 1368     		ldr	r3, [r2]
 135 0026 0133     		adds	r3, r3, #1
 136 0028 1360     		str	r3, [r2]
 137 002a 08BD     		pop	{r3, pc}
 138              	.L14:
 139              		.align	2
 140              	.L13:
 141 002c 00000000 		.word	.LANCHOR0
 142 0030 00000000 		.word	.LANCHOR1
 143              		.cfi_endproc
 144              	.LFE2:
 145              		.size	timerForCan, .-timerForCan
 146              		.global	TIMER_MAX_COUNT
 147              		.global	NextTime
 148              		.global	TimeCNT
 149              		.data
 150              		.align	2
 151              		.set	.LANCHOR1,. + 0
 152              		.type	TIMER_MAX_COUNT, %object
 153              		.size	TIMER_MAX_COUNT, 4
 154              	TIMER_MAX_COUNT:
 155 0000 FFFF0000 		.word	65535
 156              		.type	last_time_set, %object
 157              		.size	last_time_set, 4
 158              	last_time_set:
 159 0004 FFFF0000 		.word	65535
 160              		.bss
 161              		.align	2
 162              		.set	.LANCHOR0,. + 0
 163              		.type	TimeCNT, %object
 164              		.size	TimeCNT, 4
 165              	TimeCNT:
 166 0000 00000000 		.space	4
 167              		.type	NextTime, %object
 168              		.size	NextTime, 4
 169              	NextTime:
 170 0004 00000000 		.space	4
 171              		.text
 172              	.Letext0:
 173              		.file 2 ".\\timer.h"
 174              		.section	.debug_info,"",%progbits
 175              	.Ldebug_info0:
 176 0000 2E010000 		.4byte	0x12e
 177 0004 0400     		.2byte	0x4
 178 0006 00000000 		.4byte	.Ldebug_abbrev0
ARM GAS  C:\Users\li\AppData\Local\Temp\ccSg2Keb.s 			page 5


 179 000a 04       		.byte	0x4
 180 000b 01       		.uleb128 0x1
 181 000c D5000000 		.4byte	.LASF15
 182 0010 01       		.byte	0x1
 183 0011 7D000000 		.4byte	.LASF16
 184 0015 99000000 		.4byte	.LASF17
 185 0019 00000000 		.4byte	.Ldebug_ranges0+0
 186 001d 00000000 		.4byte	0
 187 0021 00000000 		.4byte	.Ldebug_line0
 188 0025 02       		.uleb128 0x2
 189 0026 04       		.byte	0x4
 190 0027 05       		.byte	0x5
 191 0028 696E7400 		.ascii	"int\000"
 192 002c 03       		.uleb128 0x3
 193 002d 04       		.byte	0x4
 194 002e 07       		.byte	0x7
 195 002f 0E000000 		.4byte	.LASF0
 196 0033 03       		.uleb128 0x3
 197 0034 01       		.byte	0x1
 198 0035 06       		.byte	0x6
 199 0036 9B010000 		.4byte	.LASF1
 200 003a 03       		.uleb128 0x3
 201 003b 01       		.byte	0x1
 202 003c 08       		.byte	0x8
 203 003d 29000000 		.4byte	.LASF2
 204 0041 03       		.uleb128 0x3
 205 0042 02       		.byte	0x2
 206 0043 05       		.byte	0x5
 207 0044 B6010000 		.4byte	.LASF3
 208 0048 03       		.uleb128 0x3
 209 0049 02       		.byte	0x2
 210 004a 07       		.byte	0x7
 211 004b 88010000 		.4byte	.LASF4
 212 004f 03       		.uleb128 0x3
 213 0050 04       		.byte	0x4
 214 0051 05       		.byte	0x5
 215 0052 68010000 		.4byte	.LASF5
 216 0056 03       		.uleb128 0x3
 217 0057 04       		.byte	0x4
 218 0058 07       		.byte	0x7
 219 0059 54000000 		.4byte	.LASF6
 220 005d 03       		.uleb128 0x3
 221 005e 08       		.byte	0x8
 222 005f 05       		.byte	0x5
 223 0060 00000000 		.4byte	.LASF7
 224 0064 03       		.uleb128 0x3
 225 0065 08       		.byte	0x8
 226 0066 07       		.byte	0x7
 227 0067 66000000 		.4byte	.LASF8
 228 006b 03       		.uleb128 0x3
 229 006c 04       		.byte	0x4
 230 006d 07       		.byte	0x7
 231 006e C0010000 		.4byte	.LASF9
 232 0072 03       		.uleb128 0x3
 233 0073 01       		.byte	0x1
 234 0074 08       		.byte	0x8
 235 0075 63010000 		.4byte	.LASF10
ARM GAS  C:\Users\li\AppData\Local\Temp\ccSg2Keb.s 			page 6


 236 0079 04       		.uleb128 0x4
 237 007a C9010000 		.4byte	.LASF18
 238 007e 01       		.byte	0x1
 239 007f 1B       		.byte	0x1b
 240 0080 00000000 		.4byte	.LFB0
 241 0084 20000000 		.4byte	.LFE0-.LFB0
 242 0088 01       		.uleb128 0x1
 243 0089 9C       		.byte	0x9c
 244 008a 9E000000 		.4byte	0x9e
 245 008e 05       		.uleb128 0x5
 246 008f B0010000 		.4byte	.LASF19
 247 0093 01       		.byte	0x1
 248 0094 1B       		.byte	0x1b
 249 0095 56000000 		.4byte	0x56
 250 0099 00000000 		.4byte	.LLST0
 251 009d 00       		.byte	0
 252 009e 06       		.uleb128 0x6
 253 009f 71010000 		.4byte	.LASF20
 254 00a3 01       		.byte	0x1
 255 00a4 1F       		.byte	0x1f
 256 00a5 56000000 		.4byte	0x56
 257 00a9 00000000 		.4byte	.LFB1
 258 00ad 20000000 		.4byte	.LFE1-.LFB1
 259 00b1 01       		.uleb128 0x1
 260 00b2 9C       		.byte	0x9c
 261 00b3 C7000000 		.4byte	0xc7
 262 00b7 07       		.uleb128 0x7
 263 00b8 72657400 		.ascii	"ret\000"
 264 00bc 01       		.byte	0x1
 265 00bd 21       		.byte	0x21
 266 00be 25000000 		.4byte	0x25
 267 00c2 21000000 		.4byte	.LLST1
 268 00c6 00       		.byte	0
 269 00c7 08       		.uleb128 0x8
 270 00c8 8D000000 		.4byte	.LASF21
 271 00cc 01       		.byte	0x1
 272 00cd 27       		.byte	0x27
 273 00ce 00000000 		.4byte	.LFB2
 274 00d2 34000000 		.4byte	.LFE2-.LFB2
 275 00d6 01       		.uleb128 0x1
 276 00d7 9C       		.byte	0x9c
 277 00d8 E6000000 		.4byte	0xe6
 278 00dc 09       		.uleb128 0x9
 279 00dd 22000000 		.4byte	.LVL4
 280 00e1 2A010000 		.4byte	0x12a
 281 00e5 00       		.byte	0
 282 00e6 0A       		.uleb128 0xa
 283 00e7 1B000000 		.4byte	.LASF11
 284 00eb 01       		.byte	0x1
 285 00ec 12       		.byte	0x12
 286 00ed 56000000 		.4byte	0x56
 287 00f1 05       		.uleb128 0x5
 288 00f2 03       		.byte	0x3
 289 00f3 04000000 		.4byte	last_time_set
 290 00f7 0B       		.uleb128 0xb
 291 00f8 80010000 		.4byte	.LASF12
 292 00fc 01       		.byte	0x1
ARM GAS  C:\Users\li\AppData\Local\Temp\ccSg2Keb.s 			page 7


 293 00fd 0F       		.byte	0xf
 294 00fe 2C000000 		.4byte	0x2c
 295 0102 05       		.uleb128 0x5
 296 0103 03       		.byte	0x3
 297 0104 00000000 		.4byte	TimeCNT
 298 0108 0B       		.uleb128 0xb
 299 0109 A7010000 		.4byte	.LASF13
 300 010d 01       		.byte	0x1
 301 010e 10       		.byte	0x10
 302 010f 2C000000 		.4byte	0x2c
 303 0113 05       		.uleb128 0x5
 304 0114 03       		.byte	0x3
 305 0115 00000000 		.4byte	NextTime
 306 0119 0B       		.uleb128 0xb
 307 011a 37000000 		.4byte	.LASF14
 308 011e 01       		.byte	0x1
 309 011f 11       		.byte	0x11
 310 0120 2C000000 		.4byte	0x2c
 311 0124 05       		.uleb128 0x5
 312 0125 03       		.byte	0x3
 313 0126 00000000 		.4byte	TIMER_MAX_COUNT
 314 012a 0C       		.uleb128 0xc
 315 012b 47000000 		.4byte	.LASF22
 316 012f 02       		.byte	0x2
 317 0130 57       		.byte	0x57
 318 0131 00       		.byte	0
 319              		.section	.debug_abbrev,"",%progbits
 320              	.Ldebug_abbrev0:
 321 0000 01       		.uleb128 0x1
 322 0001 11       		.uleb128 0x11
 323 0002 01       		.byte	0x1
 324 0003 25       		.uleb128 0x25
 325 0004 0E       		.uleb128 0xe
 326 0005 13       		.uleb128 0x13
 327 0006 0B       		.uleb128 0xb
 328 0007 03       		.uleb128 0x3
 329 0008 0E       		.uleb128 0xe
 330 0009 1B       		.uleb128 0x1b
 331 000a 0E       		.uleb128 0xe
 332 000b 55       		.uleb128 0x55
 333 000c 17       		.uleb128 0x17
 334 000d 11       		.uleb128 0x11
 335 000e 01       		.uleb128 0x1
 336 000f 10       		.uleb128 0x10
 337 0010 17       		.uleb128 0x17
 338 0011 00       		.byte	0
 339 0012 00       		.byte	0
 340 0013 02       		.uleb128 0x2
 341 0014 24       		.uleb128 0x24
 342 0015 00       		.byte	0
 343 0016 0B       		.uleb128 0xb
 344 0017 0B       		.uleb128 0xb
 345 0018 3E       		.uleb128 0x3e
 346 0019 0B       		.uleb128 0xb
 347 001a 03       		.uleb128 0x3
 348 001b 08       		.uleb128 0x8
 349 001c 00       		.byte	0
ARM GAS  C:\Users\li\AppData\Local\Temp\ccSg2Keb.s 			page 8


 350 001d 00       		.byte	0
 351 001e 03       		.uleb128 0x3
 352 001f 24       		.uleb128 0x24
 353 0020 00       		.byte	0
 354 0021 0B       		.uleb128 0xb
 355 0022 0B       		.uleb128 0xb
 356 0023 3E       		.uleb128 0x3e
 357 0024 0B       		.uleb128 0xb
 358 0025 03       		.uleb128 0x3
 359 0026 0E       		.uleb128 0xe
 360 0027 00       		.byte	0
 361 0028 00       		.byte	0
 362 0029 04       		.uleb128 0x4
 363 002a 2E       		.uleb128 0x2e
 364 002b 01       		.byte	0x1
 365 002c 3F       		.uleb128 0x3f
 366 002d 19       		.uleb128 0x19
 367 002e 03       		.uleb128 0x3
 368 002f 0E       		.uleb128 0xe
 369 0030 3A       		.uleb128 0x3a
 370 0031 0B       		.uleb128 0xb
 371 0032 3B       		.uleb128 0x3b
 372 0033 0B       		.uleb128 0xb
 373 0034 27       		.uleb128 0x27
 374 0035 19       		.uleb128 0x19
 375 0036 11       		.uleb128 0x11
 376 0037 01       		.uleb128 0x1
 377 0038 12       		.uleb128 0x12
 378 0039 06       		.uleb128 0x6
 379 003a 40       		.uleb128 0x40
 380 003b 18       		.uleb128 0x18
 381 003c 9742     		.uleb128 0x2117
 382 003e 19       		.uleb128 0x19
 383 003f 01       		.uleb128 0x1
 384 0040 13       		.uleb128 0x13
 385 0041 00       		.byte	0
 386 0042 00       		.byte	0
 387 0043 05       		.uleb128 0x5
 388 0044 05       		.uleb128 0x5
 389 0045 00       		.byte	0
 390 0046 03       		.uleb128 0x3
 391 0047 0E       		.uleb128 0xe
 392 0048 3A       		.uleb128 0x3a
 393 0049 0B       		.uleb128 0xb
 394 004a 3B       		.uleb128 0x3b
 395 004b 0B       		.uleb128 0xb
 396 004c 49       		.uleb128 0x49
 397 004d 13       		.uleb128 0x13
 398 004e 02       		.uleb128 0x2
 399 004f 17       		.uleb128 0x17
 400 0050 00       		.byte	0
 401 0051 00       		.byte	0
 402 0052 06       		.uleb128 0x6
 403 0053 2E       		.uleb128 0x2e
 404 0054 01       		.byte	0x1
 405 0055 3F       		.uleb128 0x3f
 406 0056 19       		.uleb128 0x19
ARM GAS  C:\Users\li\AppData\Local\Temp\ccSg2Keb.s 			page 9


 407 0057 03       		.uleb128 0x3
 408 0058 0E       		.uleb128 0xe
 409 0059 3A       		.uleb128 0x3a
 410 005a 0B       		.uleb128 0xb
 411 005b 3B       		.uleb128 0x3b
 412 005c 0B       		.uleb128 0xb
 413 005d 27       		.uleb128 0x27
 414 005e 19       		.uleb128 0x19
 415 005f 49       		.uleb128 0x49
 416 0060 13       		.uleb128 0x13
 417 0061 11       		.uleb128 0x11
 418 0062 01       		.uleb128 0x1
 419 0063 12       		.uleb128 0x12
 420 0064 06       		.uleb128 0x6
 421 0065 40       		.uleb128 0x40
 422 0066 18       		.uleb128 0x18
 423 0067 9742     		.uleb128 0x2117
 424 0069 19       		.uleb128 0x19
 425 006a 01       		.uleb128 0x1
 426 006b 13       		.uleb128 0x13
 427 006c 00       		.byte	0
 428 006d 00       		.byte	0
 429 006e 07       		.uleb128 0x7
 430 006f 34       		.uleb128 0x34
 431 0070 00       		.byte	0
 432 0071 03       		.uleb128 0x3
 433 0072 08       		.uleb128 0x8
 434 0073 3A       		.uleb128 0x3a
 435 0074 0B       		.uleb128 0xb
 436 0075 3B       		.uleb128 0x3b
 437 0076 0B       		.uleb128 0xb
 438 0077 49       		.uleb128 0x49
 439 0078 13       		.uleb128 0x13
 440 0079 02       		.uleb128 0x2
 441 007a 17       		.uleb128 0x17
 442 007b 00       		.byte	0
 443 007c 00       		.byte	0
 444 007d 08       		.uleb128 0x8
 445 007e 2E       		.uleb128 0x2e
 446 007f 01       		.byte	0x1
 447 0080 3F       		.uleb128 0x3f
 448 0081 19       		.uleb128 0x19
 449 0082 03       		.uleb128 0x3
 450 0083 0E       		.uleb128 0xe
 451 0084 3A       		.uleb128 0x3a
 452 0085 0B       		.uleb128 0xb
 453 0086 3B       		.uleb128 0x3b
 454 0087 0B       		.uleb128 0xb
 455 0088 11       		.uleb128 0x11
 456 0089 01       		.uleb128 0x1
 457 008a 12       		.uleb128 0x12
 458 008b 06       		.uleb128 0x6
 459 008c 40       		.uleb128 0x40
 460 008d 18       		.uleb128 0x18
 461 008e 9742     		.uleb128 0x2117
 462 0090 19       		.uleb128 0x19
 463 0091 01       		.uleb128 0x1
ARM GAS  C:\Users\li\AppData\Local\Temp\ccSg2Keb.s 			page 10


 464 0092 13       		.uleb128 0x13
 465 0093 00       		.byte	0
 466 0094 00       		.byte	0
 467 0095 09       		.uleb128 0x9
 468 0096 898201   		.uleb128 0x4109
 469 0099 00       		.byte	0
 470 009a 11       		.uleb128 0x11
 471 009b 01       		.uleb128 0x1
 472 009c 31       		.uleb128 0x31
 473 009d 13       		.uleb128 0x13
 474 009e 00       		.byte	0
 475 009f 00       		.byte	0
 476 00a0 0A       		.uleb128 0xa
 477 00a1 34       		.uleb128 0x34
 478 00a2 00       		.byte	0
 479 00a3 03       		.uleb128 0x3
 480 00a4 0E       		.uleb128 0xe
 481 00a5 3A       		.uleb128 0x3a
 482 00a6 0B       		.uleb128 0xb
 483 00a7 3B       		.uleb128 0x3b
 484 00a8 0B       		.uleb128 0xb
 485 00a9 49       		.uleb128 0x49
 486 00aa 13       		.uleb128 0x13
 487 00ab 02       		.uleb128 0x2
 488 00ac 18       		.uleb128 0x18
 489 00ad 00       		.byte	0
 490 00ae 00       		.byte	0
 491 00af 0B       		.uleb128 0xb
 492 00b0 34       		.uleb128 0x34
 493 00b1 00       		.byte	0
 494 00b2 03       		.uleb128 0x3
 495 00b3 0E       		.uleb128 0xe
 496 00b4 3A       		.uleb128 0x3a
 497 00b5 0B       		.uleb128 0xb
 498 00b6 3B       		.uleb128 0x3b
 499 00b7 0B       		.uleb128 0xb
 500 00b8 49       		.uleb128 0x49
 501 00b9 13       		.uleb128 0x13
 502 00ba 3F       		.uleb128 0x3f
 503 00bb 19       		.uleb128 0x19
 504 00bc 02       		.uleb128 0x2
 505 00bd 18       		.uleb128 0x18
 506 00be 00       		.byte	0
 507 00bf 00       		.byte	0
 508 00c0 0C       		.uleb128 0xc
 509 00c1 2E       		.uleb128 0x2e
 510 00c2 00       		.byte	0
 511 00c3 3F       		.uleb128 0x3f
 512 00c4 19       		.uleb128 0x19
 513 00c5 03       		.uleb128 0x3
 514 00c6 0E       		.uleb128 0xe
 515 00c7 3A       		.uleb128 0x3a
 516 00c8 0B       		.uleb128 0xb
 517 00c9 3B       		.uleb128 0x3b
 518 00ca 0B       		.uleb128 0xb
 519 00cb 27       		.uleb128 0x27
 520 00cc 19       		.uleb128 0x19
ARM GAS  C:\Users\li\AppData\Local\Temp\ccSg2Keb.s 			page 11


 521 00cd 3C       		.uleb128 0x3c
 522 00ce 19       		.uleb128 0x19
 523 00cf 00       		.byte	0
 524 00d0 00       		.byte	0
 525 00d1 00       		.byte	0
 526              		.section	.debug_loc,"",%progbits
 527              	.Ldebug_loc0:
 528              	.LLST0:
 529 0000 00000000 		.4byte	.LVL0
 530 0004 06000000 		.4byte	.LVL1
 531 0008 0100     		.2byte	0x1
 532 000a 50       		.byte	0x50
 533 000b 06000000 		.4byte	.LVL1
 534 000f 20000000 		.4byte	.LFE0
 535 0013 0400     		.2byte	0x4
 536 0015 F3       		.byte	0xf3
 537 0016 01       		.uleb128 0x1
 538 0017 50       		.byte	0x50
 539 0018 9F       		.byte	0x9f
 540 0019 00000000 		.4byte	0
 541 001d 00000000 		.4byte	0
 542              	.LLST1:
 543 0021 00000000 		.4byte	.LVL2
 544 0025 12000000 		.4byte	.LVL3
 545 0029 0200     		.2byte	0x2
 546 002b 30       		.byte	0x30
 547 002c 9F       		.byte	0x9f
 548 002d 12000000 		.4byte	.LVL3
 549 0031 20000000 		.4byte	.LFE1
 550 0035 0100     		.2byte	0x1
 551 0037 50       		.byte	0x50
 552 0038 00000000 		.4byte	0
 553 003c 00000000 		.4byte	0
 554              		.section	.debug_aranges,"",%progbits
 555 0000 2C000000 		.4byte	0x2c
 556 0004 0200     		.2byte	0x2
 557 0006 00000000 		.4byte	.Ldebug_info0
 558 000a 04       		.byte	0x4
 559 000b 00       		.byte	0
 560 000c 0000     		.2byte	0
 561 000e 0000     		.2byte	0
 562 0010 00000000 		.4byte	.LFB0
 563 0014 20000000 		.4byte	.LFE0-.LFB0
 564 0018 00000000 		.4byte	.LFB1
 565 001c 20000000 		.4byte	.LFE1-.LFB1
 566 0020 00000000 		.4byte	.LFB2
 567 0024 34000000 		.4byte	.LFE2-.LFB2
 568 0028 00000000 		.4byte	0
 569 002c 00000000 		.4byte	0
 570              		.section	.debug_ranges,"",%progbits
 571              	.Ldebug_ranges0:
 572 0000 00000000 		.4byte	.LFB0
 573 0004 20000000 		.4byte	.LFE0
 574 0008 00000000 		.4byte	.LFB1
 575 000c 20000000 		.4byte	.LFE1
 576 0010 00000000 		.4byte	.LFB2
 577 0014 34000000 		.4byte	.LFE2
ARM GAS  C:\Users\li\AppData\Local\Temp\ccSg2Keb.s 			page 12


 578 0018 00000000 		.4byte	0
 579 001c 00000000 		.4byte	0
 580              		.section	.debug_line,"",%progbits
 581              	.Ldebug_line0:
 582 0000 83000000 		.section	.debug_str,"MS",%progbits,1
 582      02003300 
 582      00000201 
 582      FB0E0D00 
 582      01010101 
 583              	.LASF7:
 584 0000 6C6F6E67 		.ascii	"long long int\000"
 584      206C6F6E 
 584      6720696E 
 584      7400
 585              	.LASF0:
 586 000e 756E7369 		.ascii	"unsigned int\000"
 586      676E6564 
 586      20696E74 
 586      00
 587              	.LASF11:
 588 001b 6C617374 		.ascii	"last_time_set\000"
 588      5F74696D 
 588      655F7365 
 588      7400
 589              	.LASF2:
 590 0029 756E7369 		.ascii	"unsigned char\000"
 590      676E6564 
 590      20636861 
 590      7200
 591              	.LASF14:
 592 0037 54494D45 		.ascii	"TIMER_MAX_COUNT\000"
 592      525F4D41 
 592      585F434F 
 592      554E5400 
 593              	.LASF22:
 594 0047 54696D65 		.ascii	"TimeDispatch\000"
 594      44697370 
 594      61746368 
 594      00
 595              	.LASF6:
 596 0054 6C6F6E67 		.ascii	"long unsigned int\000"
 596      20756E73 
 596      69676E65 
 596      6420696E 
 596      7400
 597              	.LASF8:
 598 0066 6C6F6E67 		.ascii	"long long unsigned int\000"
 598      206C6F6E 
 598      6720756E 
 598      7369676E 
 598      65642069 
 599              	.LASF16:
 600 007d 2E5C6361 		.ascii	".\\canfestival.c\000"
 600      6E666573 
 600      74697661 
 600      6C2E6300 
 601              	.LASF21:
ARM GAS  C:\Users\li\AppData\Local\Temp\ccSg2Keb.s 			page 13


 602 008d 74696D65 		.ascii	"timerForCan\000"
 602      72466F72 
 602      43616E00 
 603              	.LASF17:
 604 0099 433A5C55 		.ascii	"C:\\Users\\li\\Desktop\\MOTION-T1\\posoc\\MOTION-T1"
 604      73657273 
 604      5C6C695C 
 604      4465736B 
 604      746F705C 
 605 00c6 2D566572 		.ascii	"-Ver1.03.cydsn\000"
 605      312E3033 
 605      2E637964 
 605      736E00
 606              	.LASF15:
 607 00d5 474E5520 		.ascii	"GNU C 4.9.3 20150303 (release) [ARM/embedded-4_9-br"
 607      4320342E 
 607      392E3320 
 607      32303135 
 607      30333033 
 608 0108 616E6368 		.ascii	"anch revision 221220] -mcpu=cortex-m3 -mthumb -g -O"
 608      20726576 
 608      6973696F 
 608      6E203232 
 608      31323230 
 609 013b 67202D66 		.ascii	"g -ffunction-sections -ffat-lto-objects\000"
 609      66756E63 
 609      74696F6E 
 609      2D736563 
 609      74696F6E 
 610              	.LASF10:
 611 0163 63686172 		.ascii	"char\000"
 611      00
 612              	.LASF5:
 613 0168 6C6F6E67 		.ascii	"long int\000"
 613      20696E74 
 613      00
 614              	.LASF20:
 615 0171 67657445 		.ascii	"getElapsedTime\000"
 615      6C617073 
 615      65645469 
 615      6D6500
 616              	.LASF12:
 617 0180 54696D65 		.ascii	"TimeCNT\000"
 617      434E5400 
 618              	.LASF4:
 619 0188 73686F72 		.ascii	"short unsigned int\000"
 619      7420756E 
 619      7369676E 
 619      65642069 
 619      6E7400
 620              	.LASF1:
 621 019b 7369676E 		.ascii	"signed char\000"
 621      65642063 
 621      68617200 
 622              	.LASF13:
 623 01a7 4E657874 		.ascii	"NextTime\000"
 623      54696D65 
ARM GAS  C:\Users\li\AppData\Local\Temp\ccSg2Keb.s 			page 14


 623      00
 624              	.LASF19:
 625 01b0 76616C75 		.ascii	"value\000"
 625      6500
 626              	.LASF3:
 627 01b6 73686F72 		.ascii	"short int\000"
 627      7420696E 
 627      7400
 628              	.LASF9:
 629 01c0 73697A65 		.ascii	"sizetype\000"
 629      74797065 
 629      00
 630              	.LASF18:
 631 01c9 73657454 		.ascii	"setTimer\000"
 631      696D6572 
 631      00
 632              		.ident	"GCC: (GNU Tools for ARM Embedded Processors) 4.9.3 20150303 (release) [ARM/embedded-4_9-br
