ARM GAS  C:\Users\li\AppData\Local\Temp\cce30WkJ.s 			page 1


   1              		.syntax unified
   2              		.cpu cortex-m3
   3              		.fpu softvfp
   4              		.eabi_attribute 20, 1
   5              		.eabi_attribute 21, 1
   6              		.eabi_attribute 23, 3
   7              		.eabi_attribute 24, 1
   8              		.eabi_attribute 25, 1
   9              		.eabi_attribute 26, 1
  10              		.eabi_attribute 30, 1
  11              		.eabi_attribute 34, 1
  12              		.eabi_attribute 18, 4
  13              		.thumb
  14              		.file	"cymetadata.c"
  15              		.text
  16              	.Ltext0:
  17              		.cfi_sections	.debug_frame
  18              		.global	cy_metadata
  19              		.global	cy_meta_flashprotect
  20              		.global	cy_meta_wonvl
  21              		.global	cy_meta_custnvl
  22              		.global	cy_meta_configecc
  23              		.global	cy_meta_loader
  24              		.section	.cyconfigecc,"a",%progbits
  25              		.align	2
  26              		.type	cy_meta_configecc, %object
  27              		.size	cy_meta_configecc, 1
  28              	cy_meta_configecc:
  29 0000 00       		.space	1
  30 0001 000000   		.section	.cywolatch,"a",%progbits
  31              		.align	2
  32              		.type	cy_meta_wonvl, %object
  33              		.size	cy_meta_wonvl, 4
  34              	cy_meta_wonvl:
  35 0000 BC       		.byte	-68
  36 0001 90       		.byte	-112
  37 0002 AC       		.byte	-84
  38 0003 AF       		.byte	-81
  39              		.section	.cyloadermeta,"a",%progbits
  40              		.align	2
  41              		.type	cy_meta_loader, %object
  42              		.size	cy_meta_loader, 64
  43              	cy_meta_loader:
  44 0000 00       		.byte	0
  45 0001 00       		.byte	0
  46 0002 00       		.byte	0
  47 0003 00       		.byte	0
  48 0004 00       		.byte	0
  49 0005 00       		.byte	0
  50 0006 00       		.byte	0
  51 0007 00       		.byte	0
  52 0008 00       		.byte	0
  53 0009 00       		.byte	0
  54 000a 00       		.byte	0
  55 000b 00       		.byte	0
  56 000c 00       		.byte	0
  57 000d 00       		.byte	0
ARM GAS  C:\Users\li\AppData\Local\Temp\cce30WkJ.s 			page 2


  58 000e 00       		.byte	0
  59 000f 00       		.byte	0
  60 0010 00       		.byte	0
  61 0011 00       		.byte	0
  62 0012 21       		.byte	33
  63 0013 62       		.byte	98
  64 0014 01       		.byte	1
  65 0015 00       		.byte	0
  66 0016 01       		.byte	1
  67 0017 00       		.byte	0
  68 0018 00       		.byte	0
  69 0019 00       		.byte	0
  70 001a 00       		.byte	0
  71 001b 00       		.byte	0
  72 001c 00       		.byte	0
  73 001d 00       		.byte	0
  74 001e 00       		.byte	0
  75 001f 00       		.byte	0
  76 0020 00       		.byte	0
  77 0021 00       		.byte	0
  78 0022 00       		.byte	0
  79 0023 00       		.byte	0
  80 0024 00       		.byte	0
  81 0025 00       		.byte	0
  82 0026 00       		.byte	0
  83 0027 00       		.byte	0
  84 0028 00       		.byte	0
  85 0029 00       		.byte	0
  86 002a 00       		.byte	0
  87 002b 00       		.byte	0
  88 002c 00       		.byte	0
  89 002d 00       		.byte	0
  90 002e 00       		.byte	0
  91 002f 00       		.byte	0
  92 0030 00       		.byte	0
  93 0031 00       		.byte	0
  94 0032 00       		.byte	0
  95 0033 00       		.byte	0
  96 0034 00       		.byte	0
  97 0035 00       		.byte	0
  98 0036 00       		.byte	0
  99 0037 00       		.byte	0
 100 0038 00       		.byte	0
 101 0039 00       		.byte	0
 102 003a 00       		.byte	0
 103 003b 00       		.byte	0
 104 003c 00       		.byte	0
 105 003d 00       		.byte	0
 106 003e 00       		.byte	0
 107 003f 00       		.byte	0
 108              		.section	.cycustnvl,"a",%progbits
 109              		.align	2
 110              		.type	cy_meta_custnvl, %object
 111              		.size	cy_meta_custnvl, 4
 112              	cy_meta_custnvl:
 113 0000 00       		.byte	0
 114 0001 00       		.byte	0
ARM GAS  C:\Users\li\AppData\Local\Temp\cce30WkJ.s 			page 3


 115 0002 00       		.byte	0
 116 0003 07       		.byte	7
 117              		.section	.cymeta,"a",%progbits
 118              		.align	2
 119              		.type	cy_metadata, %object
 120              		.size	cy_metadata, 12
 121              	cy_metadata:
 122 0000 00       		.byte	0
 123 0001 01       		.byte	1
 124 0002 2E       		.byte	46
 125 0003 16       		.byte	22
 126 0004 30       		.byte	48
 127 0005 69       		.byte	105
 128 0006 00       		.byte	0
 129 0007 00       		.byte	0
 130 0008 00       		.byte	0
 131 0009 00       		.byte	0
 132 000a 00       		.byte	0
 133 000b 00       		.byte	0
 134              		.section	.cyflashprotect,"a",%progbits
 135              		.align	2
 136              		.type	cy_meta_flashprotect, %object
 137              		.size	cy_meta_flashprotect, 256
 138              	cy_meta_flashprotect:
 139 0000 AA       		.byte	-86
 140 0001 AA       		.byte	-86
 141 0002 AA       		.byte	-86
 142 0003 AA       		.byte	-86
 143 0004 AA       		.byte	-86
 144 0005 AA       		.byte	-86
 145 0006 AA       		.byte	-86
 146 0007 AA       		.byte	-86
 147 0008 AA       		.byte	-86
 148 0009 AA       		.byte	-86
 149 000a AA       		.byte	-86
 150 000b AA       		.byte	-86
 151 000c AA       		.byte	-86
 152 000d AA       		.byte	-86
 153 000e AA       		.byte	-86
 154 000f AA       		.byte	-86
 155 0010 AA       		.byte	-86
 156 0011 AA       		.byte	-86
 157 0012 AA       		.byte	-86
 158 0013 AA       		.byte	-86
 159 0014 AA       		.byte	-86
 160 0015 AA       		.byte	-86
 161 0016 AA       		.byte	-86
 162 0017 AA       		.byte	-86
 163 0018 AA       		.byte	-86
 164 0019 AA       		.byte	-86
 165 001a AA       		.byte	-86
 166 001b AA       		.byte	-86
 167 001c AA       		.byte	-86
 168 001d AA       		.byte	-86
 169 001e AA       		.byte	-86
 170 001f AA       		.byte	-86
 171 0020 AA       		.byte	-86
ARM GAS  C:\Users\li\AppData\Local\Temp\cce30WkJ.s 			page 4


 172 0021 AA       		.byte	-86
 173 0022 AA       		.byte	-86
 174 0023 AA       		.byte	-86
 175 0024 AA       		.byte	-86
 176 0025 AA       		.byte	-86
 177 0026 AA       		.byte	-86
 178 0027 AA       		.byte	-86
 179 0028 AA       		.byte	-86
 180 0029 AA       		.byte	-86
 181 002a AA       		.byte	-86
 182 002b AA       		.byte	-86
 183 002c AA       		.byte	-86
 184 002d AA       		.byte	-86
 185 002e AA       		.byte	-86
 186 002f AA       		.byte	-86
 187 0030 AA       		.byte	-86
 188 0031 AA       		.byte	-86
 189 0032 AA       		.byte	-86
 190 0033 AA       		.byte	-86
 191 0034 AA       		.byte	-86
 192 0035 AA       		.byte	-86
 193 0036 AA       		.byte	-86
 194 0037 AA       		.byte	-86
 195 0038 AA       		.byte	-86
 196 0039 AA       		.byte	-86
 197 003a AA       		.byte	-86
 198 003b AA       		.byte	-86
 199 003c AA       		.byte	-86
 200 003d AA       		.byte	-86
 201 003e AA       		.byte	-86
 202 003f AA       		.byte	-86
 203 0040 AA       		.byte	-86
 204 0041 AA       		.byte	-86
 205 0042 AA       		.byte	-86
 206 0043 AA       		.byte	-86
 207 0044 AA       		.byte	-86
 208 0045 AA       		.byte	-86
 209 0046 AA       		.byte	-86
 210 0047 AA       		.byte	-86
 211 0048 AA       		.byte	-86
 212 0049 AA       		.byte	-86
 213 004a AA       		.byte	-86
 214 004b AA       		.byte	-86
 215 004c AA       		.byte	-86
 216 004d AA       		.byte	-86
 217 004e AA       		.byte	-86
 218 004f AA       		.byte	-86
 219 0050 AA       		.byte	-86
 220 0051 AA       		.byte	-86
 221 0052 AA       		.byte	-86
 222 0053 AA       		.byte	-86
 223 0054 AA       		.byte	-86
 224 0055 AA       		.byte	-86
 225 0056 AA       		.byte	-86
 226 0057 AA       		.byte	-86
 227 0058 AA       		.byte	-86
 228 0059 AA       		.byte	-86
ARM GAS  C:\Users\li\AppData\Local\Temp\cce30WkJ.s 			page 5


 229 005a AA       		.byte	-86
 230 005b AA       		.byte	-86
 231 005c AA       		.byte	-86
 232 005d AA       		.byte	-86
 233 005e AA       		.byte	-86
 234 005f AA       		.byte	-86
 235 0060 AA       		.byte	-86
 236 0061 AA       		.byte	-86
 237 0062 AA       		.byte	-86
 238 0063 AA       		.byte	-86
 239 0064 AA       		.byte	-86
 240 0065 AA       		.byte	-86
 241 0066 AA       		.byte	-86
 242 0067 AA       		.byte	-86
 243 0068 AA       		.byte	-86
 244 0069 AA       		.byte	-86
 245 006a AA       		.byte	-86
 246 006b AA       		.byte	-86
 247 006c AA       		.byte	-86
 248 006d AA       		.byte	-86
 249 006e AA       		.byte	-86
 250 006f AA       		.byte	-86
 251 0070 AA       		.byte	-86
 252 0071 AA       		.byte	-86
 253 0072 AA       		.byte	-86
 254 0073 AA       		.byte	-86
 255 0074 AA       		.byte	-86
 256 0075 AA       		.byte	-86
 257 0076 AA       		.byte	-86
 258 0077 AA       		.byte	-86
 259 0078 AA       		.byte	-86
 260 0079 AA       		.byte	-86
 261 007a AA       		.byte	-86
 262 007b AA       		.byte	-86
 263 007c AA       		.byte	-86
 264 007d AA       		.byte	-86
 265 007e AA       		.byte	-86
 266 007f AA       		.byte	-86
 267 0080 AA       		.byte	-86
 268 0081 AA       		.byte	-86
 269 0082 AA       		.byte	-86
 270 0083 AA       		.byte	-86
 271 0084 AA       		.byte	-86
 272 0085 AA       		.byte	-86
 273 0086 AA       		.byte	-86
 274 0087 AA       		.byte	-86
 275 0088 AA       		.byte	-86
 276 0089 AA       		.byte	-86
 277 008a AA       		.byte	-86
 278 008b AA       		.byte	-86
 279 008c AA       		.byte	-86
 280 008d AA       		.byte	-86
 281 008e AA       		.byte	-86
 282 008f AA       		.byte	-86
 283 0090 AA       		.byte	-86
 284 0091 AA       		.byte	-86
 285 0092 AA       		.byte	-86
ARM GAS  C:\Users\li\AppData\Local\Temp\cce30WkJ.s 			page 6


 286 0093 AA       		.byte	-86
 287 0094 AA       		.byte	-86
 288 0095 AA       		.byte	-86
 289 0096 AA       		.byte	-86
 290 0097 AA       		.byte	-86
 291 0098 AA       		.byte	-86
 292 0099 AA       		.byte	-86
 293 009a AA       		.byte	-86
 294 009b AA       		.byte	-86
 295 009c AA       		.byte	-86
 296 009d AA       		.byte	-86
 297 009e AA       		.byte	-86
 298 009f AA       		.byte	-86
 299 00a0 AA       		.byte	-86
 300 00a1 AA       		.byte	-86
 301 00a2 AA       		.byte	-86
 302 00a3 AA       		.byte	-86
 303 00a4 AA       		.byte	-86
 304 00a5 AA       		.byte	-86
 305 00a6 AA       		.byte	-86
 306 00a7 AA       		.byte	-86
 307 00a8 AA       		.byte	-86
 308 00a9 AA       		.byte	-86
 309 00aa AA       		.byte	-86
 310 00ab AA       		.byte	-86
 311 00ac AA       		.byte	-86
 312 00ad AA       		.byte	-86
 313 00ae AA       		.byte	-86
 314 00af AA       		.byte	-86
 315 00b0 AA       		.byte	-86
 316 00b1 AA       		.byte	-86
 317 00b2 AA       		.byte	-86
 318 00b3 AA       		.byte	-86
 319 00b4 AA       		.byte	-86
 320 00b5 AA       		.byte	-86
 321 00b6 AA       		.byte	-86
 322 00b7 AA       		.byte	-86
 323 00b8 AA       		.byte	-86
 324 00b9 AA       		.byte	-86
 325 00ba AA       		.byte	-86
 326 00bb AA       		.byte	-86
 327 00bc AA       		.byte	-86
 328 00bd AA       		.byte	-86
 329 00be AA       		.byte	-86
 330 00bf AA       		.byte	-86
 331 00c0 AA       		.byte	-86
 332 00c1 AA       		.byte	-86
 333 00c2 AA       		.byte	-86
 334 00c3 AA       		.byte	-86
 335 00c4 AA       		.byte	-86
 336 00c5 AA       		.byte	-86
 337 00c6 AA       		.byte	-86
 338 00c7 AA       		.byte	-86
 339 00c8 AA       		.byte	-86
 340 00c9 AA       		.byte	-86
 341 00ca AA       		.byte	-86
 342 00cb AA       		.byte	-86
ARM GAS  C:\Users\li\AppData\Local\Temp\cce30WkJ.s 			page 7


 343 00cc AA       		.byte	-86
 344 00cd AA       		.byte	-86
 345 00ce AA       		.byte	-86
 346 00cf AA       		.byte	-86
 347 00d0 AA       		.byte	-86
 348 00d1 AA       		.byte	-86
 349 00d2 AA       		.byte	-86
 350 00d3 AA       		.byte	-86
 351 00d4 AA       		.byte	-86
 352 00d5 AA       		.byte	-86
 353 00d6 AA       		.byte	-86
 354 00d7 AA       		.byte	-86
 355 00d8 AA       		.byte	-86
 356 00d9 AA       		.byte	-86
 357 00da AA       		.byte	-86
 358 00db AA       		.byte	-86
 359 00dc AA       		.byte	-86
 360 00dd AA       		.byte	-86
 361 00de AA       		.byte	-86
 362 00df AA       		.byte	-86
 363 00e0 AA       		.byte	-86
 364 00e1 AA       		.byte	-86
 365 00e2 AA       		.byte	-86
 366 00e3 AA       		.byte	-86
 367 00e4 AA       		.byte	-86
 368 00e5 AA       		.byte	-86
 369 00e6 AA       		.byte	-86
 370 00e7 AA       		.byte	-86
 371 00e8 AA       		.byte	-86
 372 00e9 AA       		.byte	-86
 373 00ea AA       		.byte	-86
 374 00eb AA       		.byte	-86
 375 00ec AA       		.byte	-86
 376 00ed AA       		.byte	-86
 377 00ee AA       		.byte	-86
 378 00ef AA       		.byte	-86
 379 00f0 AA       		.byte	-86
 380 00f1 AA       		.byte	-86
 381 00f2 AA       		.byte	-86
 382 00f3 AA       		.byte	-86
 383 00f4 AA       		.byte	-86
 384 00f5 AA       		.byte	-86
 385 00f6 AA       		.byte	-86
 386 00f7 AA       		.byte	-86
 387 00f8 AA       		.byte	-86
 388 00f9 AA       		.byte	-86
 389 00fa AA       		.byte	-86
 390 00fb AA       		.byte	-86
 391 00fc AA       		.byte	-86
 392 00fd AA       		.byte	-86
 393 00fe AA       		.byte	-86
 394 00ff AA       		.byte	-86
 395              		.text
 396              	.Letext0:
 397              		.file 1 ".\\Generated_Source\\PSoC5\\cymetadata.c"
 398              		.file 2 ".\\Generated_Source\\PSoC5\\cytypes.h"
 399              		.section	.debug_info,"",%progbits
ARM GAS  C:\Users\li\AppData\Local\Temp\cce30WkJ.s 			page 8


 400              	.Ldebug_info0:
 401 0000 5B010000 		.4byte	0x15b
 402 0004 0400     		.2byte	0x4
 403 0006 00000000 		.4byte	.Ldebug_abbrev0
 404 000a 04       		.byte	0x4
 405 000b 01       		.uleb128 0x1
 406 000c 11010000 		.4byte	.LASF19
 407 0010 01       		.byte	0x1
 408 0011 6E000000 		.4byte	.LASF20
 409 0015 00000000 		.4byte	.LASF21
 410 0019 00000000 		.4byte	.Ldebug_line0
 411 001d 02       		.uleb128 0x2
 412 001e 01       		.byte	0x1
 413 001f 06       		.byte	0x6
 414 0020 1B020000 		.4byte	.LASF0
 415 0024 02       		.uleb128 0x2
 416 0025 01       		.byte	0x1
 417 0026 08       		.byte	0x8
 418 0027 B5000000 		.4byte	.LASF1
 419 002b 02       		.uleb128 0x2
 420 002c 02       		.byte	0x2
 421 002d 05       		.byte	0x5
 422 002e 02020000 		.4byte	.LASF2
 423 0032 02       		.uleb128 0x2
 424 0033 02       		.byte	0x2
 425 0034 07       		.byte	0x7
 426 0035 D5000000 		.4byte	.LASF3
 427 0039 02       		.uleb128 0x2
 428 003a 04       		.byte	0x4
 429 003b 05       		.byte	0x5
 430 003c 12020000 		.4byte	.LASF4
 431 0040 02       		.uleb128 0x2
 432 0041 04       		.byte	0x4
 433 0042 07       		.byte	0x7
 434 0043 C3000000 		.4byte	.LASF5
 435 0047 02       		.uleb128 0x2
 436 0048 08       		.byte	0x8
 437 0049 05       		.byte	0x5
 438 004a EF010000 		.4byte	.LASF6
 439 004e 02       		.uleb128 0x2
 440 004f 08       		.byte	0x8
 441 0050 07       		.byte	0x7
 442 0051 AC010000 		.4byte	.LASF7
 443 0055 03       		.uleb128 0x3
 444 0056 04       		.byte	0x4
 445 0057 05       		.byte	0x5
 446 0058 696E7400 		.ascii	"int\000"
 447 005c 02       		.uleb128 0x2
 448 005d 04       		.byte	0x4
 449 005e 07       		.byte	0x7
 450 005f 9F010000 		.4byte	.LASF8
 451 0063 04       		.uleb128 0x4
 452 0064 0C020000 		.4byte	.LASF22
 453 0068 02       		.byte	0x2
 454 0069 C2       		.byte	0xc2
 455 006a 24000000 		.4byte	0x24
 456 006e 02       		.uleb128 0x2
ARM GAS  C:\Users\li\AppData\Local\Temp\cce30WkJ.s 			page 9


 457 006f 04       		.byte	0x4
 458 0070 04       		.byte	0x4
 459 0071 AF000000 		.4byte	.LASF9
 460 0075 02       		.uleb128 0x2
 461 0076 08       		.byte	0x8
 462 0077 04       		.byte	0x4
 463 0078 E8000000 		.4byte	.LASF10
 464 007c 02       		.uleb128 0x2
 465 007d 01       		.byte	0x1
 466 007e 08       		.byte	0x8
 467 007f FD010000 		.4byte	.LASF11
 468 0083 05       		.uleb128 0x5
 469 0084 63000000 		.4byte	0x63
 470 0088 93000000 		.4byte	0x93
 471 008c 06       		.uleb128 0x6
 472 008d 93000000 		.4byte	0x93
 473 0091 3F       		.byte	0x3f
 474 0092 00       		.byte	0
 475 0093 02       		.uleb128 0x2
 476 0094 04       		.byte	0x4
 477 0095 07       		.byte	0x7
 478 0096 E6010000 		.4byte	.LASF12
 479 009a 07       		.uleb128 0x7
 480 009b 94000000 		.4byte	.LASF13
 481 009f 01       		.byte	0x1
 482 00a0 1C       		.byte	0x1c
 483 00a1 AB000000 		.4byte	0xab
 484 00a5 05       		.uleb128 0x5
 485 00a6 03       		.byte	0x3
 486 00a7 00000000 		.4byte	cy_meta_loader
 487 00ab 08       		.uleb128 0x8
 488 00ac 83000000 		.4byte	0x83
 489 00b0 05       		.uleb128 0x5
 490 00b1 63000000 		.4byte	0x63
 491 00b5 C0000000 		.4byte	0xc0
 492 00b9 06       		.uleb128 0x6
 493 00ba 93000000 		.4byte	0x93
 494 00be 00       		.byte	0
 495 00bf 00       		.byte	0
 496 00c0 07       		.uleb128 0x7
 497 00c1 FF000000 		.4byte	.LASF14
 498 00c5 01       		.byte	0x1
 499 00c6 2E       		.byte	0x2e
 500 00c7 D1000000 		.4byte	0xd1
 501 00cb 05       		.uleb128 0x5
 502 00cc 03       		.byte	0x3
 503 00cd 00000000 		.4byte	cy_meta_configecc
 504 00d1 08       		.uleb128 0x8
 505 00d2 B0000000 		.4byte	0xb0
 506 00d6 05       		.uleb128 0x5
 507 00d7 63000000 		.4byte	0x63
 508 00db E6000000 		.4byte	0xe6
 509 00df 06       		.uleb128 0x6
 510 00e0 93000000 		.4byte	0x93
 511 00e4 03       		.byte	0x3
 512 00e5 00       		.byte	0
 513 00e6 07       		.uleb128 0x7
ARM GAS  C:\Users\li\AppData\Local\Temp\cce30WkJ.s 			page 10


 514 00e7 EF000000 		.4byte	.LASF15
 515 00eb 01       		.byte	0x1
 516 00ec 39       		.byte	0x39
 517 00ed F7000000 		.4byte	0xf7
 518 00f1 05       		.uleb128 0x5
 519 00f2 03       		.byte	0x3
 520 00f3 00000000 		.4byte	cy_meta_custnvl
 521 00f7 08       		.uleb128 0x8
 522 00f8 D6000000 		.4byte	0xd6
 523 00fc 07       		.uleb128 0x7
 524 00fd D8010000 		.4byte	.LASF16
 525 0101 01       		.byte	0x1
 526 0102 44       		.byte	0x44
 527 0103 0D010000 		.4byte	0x10d
 528 0107 05       		.uleb128 0x5
 529 0108 03       		.byte	0x3
 530 0109 00000000 		.4byte	cy_meta_wonvl
 531 010d 08       		.uleb128 0x8
 532 010e D6000000 		.4byte	0xd6
 533 0112 05       		.uleb128 0x5
 534 0113 63000000 		.4byte	0x63
 535 0117 22010000 		.4byte	0x122
 536 011b 06       		.uleb128 0x6
 537 011c 93000000 		.4byte	0x93
 538 0120 FF       		.byte	0xff
 539 0121 00       		.byte	0
 540 0122 07       		.uleb128 0x7
 541 0123 C3010000 		.4byte	.LASF17
 542 0127 01       		.byte	0x1
 543 0128 4F       		.byte	0x4f
 544 0129 33010000 		.4byte	0x133
 545 012d 05       		.uleb128 0x5
 546 012e 03       		.byte	0x3
 547 012f 00000000 		.4byte	cy_meta_flashprotect
 548 0133 08       		.uleb128 0x8
 549 0134 12010000 		.4byte	0x112
 550 0138 05       		.uleb128 0x5
 551 0139 63000000 		.4byte	0x63
 552 013d 48010000 		.4byte	0x148
 553 0141 06       		.uleb128 0x6
 554 0142 93000000 		.4byte	0x93
 555 0146 0B       		.byte	0xb
 556 0147 00       		.byte	0
 557 0148 07       		.uleb128 0x7
 558 0149 A3000000 		.4byte	.LASF18
 559 014d 01       		.byte	0x1
 560 014e 79       		.byte	0x79
 561 014f 59010000 		.4byte	0x159
 562 0153 05       		.uleb128 0x5
 563 0154 03       		.byte	0x3
 564 0155 00000000 		.4byte	cy_metadata
 565 0159 08       		.uleb128 0x8
 566 015a 38010000 		.4byte	0x138
 567 015e 00       		.byte	0
 568              		.section	.debug_abbrev,"",%progbits
 569              	.Ldebug_abbrev0:
 570 0000 01       		.uleb128 0x1
ARM GAS  C:\Users\li\AppData\Local\Temp\cce30WkJ.s 			page 11


 571 0001 11       		.uleb128 0x11
 572 0002 01       		.byte	0x1
 573 0003 25       		.uleb128 0x25
 574 0004 0E       		.uleb128 0xe
 575 0005 13       		.uleb128 0x13
 576 0006 0B       		.uleb128 0xb
 577 0007 03       		.uleb128 0x3
 578 0008 0E       		.uleb128 0xe
 579 0009 1B       		.uleb128 0x1b
 580 000a 0E       		.uleb128 0xe
 581 000b 10       		.uleb128 0x10
 582 000c 17       		.uleb128 0x17
 583 000d 00       		.byte	0
 584 000e 00       		.byte	0
 585 000f 02       		.uleb128 0x2
 586 0010 24       		.uleb128 0x24
 587 0011 00       		.byte	0
 588 0012 0B       		.uleb128 0xb
 589 0013 0B       		.uleb128 0xb
 590 0014 3E       		.uleb128 0x3e
 591 0015 0B       		.uleb128 0xb
 592 0016 03       		.uleb128 0x3
 593 0017 0E       		.uleb128 0xe
 594 0018 00       		.byte	0
 595 0019 00       		.byte	0
 596 001a 03       		.uleb128 0x3
 597 001b 24       		.uleb128 0x24
 598 001c 00       		.byte	0
 599 001d 0B       		.uleb128 0xb
 600 001e 0B       		.uleb128 0xb
 601 001f 3E       		.uleb128 0x3e
 602 0020 0B       		.uleb128 0xb
 603 0021 03       		.uleb128 0x3
 604 0022 08       		.uleb128 0x8
 605 0023 00       		.byte	0
 606 0024 00       		.byte	0
 607 0025 04       		.uleb128 0x4
 608 0026 16       		.uleb128 0x16
 609 0027 00       		.byte	0
 610 0028 03       		.uleb128 0x3
 611 0029 0E       		.uleb128 0xe
 612 002a 3A       		.uleb128 0x3a
 613 002b 0B       		.uleb128 0xb
 614 002c 3B       		.uleb128 0x3b
 615 002d 0B       		.uleb128 0xb
 616 002e 49       		.uleb128 0x49
 617 002f 13       		.uleb128 0x13
 618 0030 00       		.byte	0
 619 0031 00       		.byte	0
 620 0032 05       		.uleb128 0x5
 621 0033 01       		.uleb128 0x1
 622 0034 01       		.byte	0x1
 623 0035 49       		.uleb128 0x49
 624 0036 13       		.uleb128 0x13
 625 0037 01       		.uleb128 0x1
 626 0038 13       		.uleb128 0x13
 627 0039 00       		.byte	0
ARM GAS  C:\Users\li\AppData\Local\Temp\cce30WkJ.s 			page 12


 628 003a 00       		.byte	0
 629 003b 06       		.uleb128 0x6
 630 003c 21       		.uleb128 0x21
 631 003d 00       		.byte	0
 632 003e 49       		.uleb128 0x49
 633 003f 13       		.uleb128 0x13
 634 0040 2F       		.uleb128 0x2f
 635 0041 0B       		.uleb128 0xb
 636 0042 00       		.byte	0
 637 0043 00       		.byte	0
 638 0044 07       		.uleb128 0x7
 639 0045 34       		.uleb128 0x34
 640 0046 00       		.byte	0
 641 0047 03       		.uleb128 0x3
 642 0048 0E       		.uleb128 0xe
 643 0049 3A       		.uleb128 0x3a
 644 004a 0B       		.uleb128 0xb
 645 004b 3B       		.uleb128 0x3b
 646 004c 0B       		.uleb128 0xb
 647 004d 49       		.uleb128 0x49
 648 004e 13       		.uleb128 0x13
 649 004f 3F       		.uleb128 0x3f
 650 0050 19       		.uleb128 0x19
 651 0051 02       		.uleb128 0x2
 652 0052 18       		.uleb128 0x18
 653 0053 00       		.byte	0
 654 0054 00       		.byte	0
 655 0055 08       		.uleb128 0x8
 656 0056 26       		.uleb128 0x26
 657 0057 00       		.byte	0
 658 0058 49       		.uleb128 0x49
 659 0059 13       		.uleb128 0x13
 660 005a 00       		.byte	0
 661 005b 00       		.byte	0
 662 005c 00       		.byte	0
 663              		.section	.debug_aranges,"",%progbits
 664 0000 14000000 		.4byte	0x14
 665 0004 0200     		.2byte	0x2
 666 0006 00000000 		.4byte	.Ldebug_info0
 667 000a 04       		.byte	0x4
 668 000b 00       		.byte	0
 669 000c 0000     		.2byte	0
 670 000e 0000     		.2byte	0
 671 0010 00000000 		.4byte	0
 672 0014 00000000 		.4byte	0
 673              		.section	.debug_line,"",%progbits
 674              	.Ldebug_line0:
 675 0000 4F000000 		.section	.debug_str,"MS",%progbits,1
 675      02004900 
 675      00000201 
 675      FB0E0D00 
 675      01010101 
 676              	.LASF21:
 677 0000 433A5C55 		.ascii	"C:\\Users\\li\\Desktop\\MOTION-T1\\Bootload\\A66_ca"
 677      73657273 
 677      5C6C695C 
 677      4465736B 
ARM GAS  C:\Users\li\AppData\Local\Temp\cce30WkJ.s 			page 13


 677      746F705C 
 678 002d 6E666573 		.ascii	"nfestival_bootload\\Workspace01\\MOTION-T1-2016-09-"
 678      74697661 
 678      6C5F626F 
 678      6F746C6F 
 678      61645C57 
 679 005e 31382D76 		.ascii	"18-ver1.0.cydsn\000"
 679      6572312E 
 679      302E6379 
 679      64736E00 
 680              	.LASF20:
 681 006e 2E5C4765 		.ascii	".\\Generated_Source\\PSoC5\\cymetadata.c\000"
 681      6E657261 
 681      7465645F 
 681      536F7572 
 681      63655C50 
 682              	.LASF13:
 683 0094 63795F6D 		.ascii	"cy_meta_loader\000"
 683      6574615F 
 683      6C6F6164 
 683      657200
 684              	.LASF18:
 685 00a3 63795F6D 		.ascii	"cy_metadata\000"
 685      65746164 
 685      61746100 
 686              	.LASF9:
 687 00af 666C6F61 		.ascii	"float\000"
 687      7400
 688              	.LASF1:
 689 00b5 756E7369 		.ascii	"unsigned char\000"
 689      676E6564 
 689      20636861 
 689      7200
 690              	.LASF5:
 691 00c3 6C6F6E67 		.ascii	"long unsigned int\000"
 691      20756E73 
 691      69676E65 
 691      6420696E 
 691      7400
 692              	.LASF3:
 693 00d5 73686F72 		.ascii	"short unsigned int\000"
 693      7420756E 
 693      7369676E 
 693      65642069 
 693      6E7400
 694              	.LASF10:
 695 00e8 646F7562 		.ascii	"double\000"
 695      6C6500
 696              	.LASF15:
 697 00ef 63795F6D 		.ascii	"cy_meta_custnvl\000"
 697      6574615F 
 697      63757374 
 697      6E766C00 
 698              	.LASF14:
 699 00ff 63795F6D 		.ascii	"cy_meta_configecc\000"
 699      6574615F 
 699      636F6E66 
ARM GAS  C:\Users\li\AppData\Local\Temp\cce30WkJ.s 			page 14


 699      69676563 
 699      6300
 700              	.LASF19:
 701 0111 474E5520 		.ascii	"GNU C 4.9.3 20150303 (release) [ARM/embedded-4_9-br"
 701      4320342E 
 701      392E3320 
 701      32303135 
 701      30333033 
 702 0144 616E6368 		.ascii	"anch revision 221220] -mcpu=cortex-m3 -mthumb -g -O"
 702      20726576 
 702      6973696F 
 702      6E203232 
 702      31323230 
 703 0177 67202D66 		.ascii	"g -ffunction-sections -ffat-lto-objects\000"
 703      66756E63 
 703      74696F6E 
 703      2D736563 
 703      74696F6E 
 704              	.LASF8:
 705 019f 756E7369 		.ascii	"unsigned int\000"
 705      676E6564 
 705      20696E74 
 705      00
 706              	.LASF7:
 707 01ac 6C6F6E67 		.ascii	"long long unsigned int\000"
 707      206C6F6E 
 707      6720756E 
 707      7369676E 
 707      65642069 
 708              	.LASF17:
 709 01c3 63795F6D 		.ascii	"cy_meta_flashprotect\000"
 709      6574615F 
 709      666C6173 
 709      6870726F 
 709      74656374 
 710              	.LASF16:
 711 01d8 63795F6D 		.ascii	"cy_meta_wonvl\000"
 711      6574615F 
 711      776F6E76 
 711      6C00
 712              	.LASF12:
 713 01e6 73697A65 		.ascii	"sizetype\000"
 713      74797065 
 713      00
 714              	.LASF6:
 715 01ef 6C6F6E67 		.ascii	"long long int\000"
 715      206C6F6E 
 715      6720696E 
 715      7400
 716              	.LASF11:
 717 01fd 63686172 		.ascii	"char\000"
 717      00
 718              	.LASF2:
 719 0202 73686F72 		.ascii	"short int\000"
 719      7420696E 
 719      7400
 720              	.LASF22:
ARM GAS  C:\Users\li\AppData\Local\Temp\cce30WkJ.s 			page 15


 721 020c 75696E74 		.ascii	"uint8\000"
 721      3800
 722              	.LASF4:
 723 0212 6C6F6E67 		.ascii	"long int\000"
 723      20696E74 
 723      00
 724              	.LASF0:
 725 021b 7369676E 		.ascii	"signed char\000"
 725      65642063 
 725      68617200 
 726              		.ident	"GCC: (GNU Tools for ARM Embedded Processors) 4.9.3 20150303 (release) [ARM/embedded-4_9-br
