ARM GAS  C:\Users\PANXIA~1\AppData\Local\Temp\cc7aG6MS.s 			page 1


   1              		.syntax unified
   2              		.cpu cortex-m3
   3              		.fpu softvfp
   4              		.eabi_attribute 20, 1
   5              		.eabi_attribute 21, 1
   6              		.eabi_attribute 23, 3
   7              		.eabi_attribute 24, 1
   8              		.eabi_attribute 25, 1
   9              		.eabi_attribute 26, 1
  10              		.eabi_attribute 30, 1
  11              		.eabi_attribute 34, 1
  12              		.eabi_attribute 18, 4
  13              		.thumb
  14              		.file	"isr_1.c"
  15              		.text
  16              	.Ltext0:
  17              		.cfi_sections	.debug_frame
  18              		.section	.text.isr_1_Interrupt,"ax",%progbits
  19              		.align	2
  20              		.global	isr_1_Interrupt
  21              		.thumb
  22              		.thumb_func
  23              		.type	isr_1_Interrupt, %function
  24              	isr_1_Interrupt:
  25              	.LFB3:
  26              		.file 1 ".\\Generated_Source\\PSoC5\\isr_1.c"
   1:.\Generated_Source\PSoC5/isr_1.c **** /*******************************************************************************
   2:.\Generated_Source\PSoC5/isr_1.c **** * File Name: isr_1.c  
   3:.\Generated_Source\PSoC5/isr_1.c **** * Version 1.70
   4:.\Generated_Source\PSoC5/isr_1.c **** *
   5:.\Generated_Source\PSoC5/isr_1.c **** *  Description:
   6:.\Generated_Source\PSoC5/isr_1.c **** *   API for controlling the state of an interrupt.
   7:.\Generated_Source\PSoC5/isr_1.c **** *
   8:.\Generated_Source\PSoC5/isr_1.c **** *
   9:.\Generated_Source\PSoC5/isr_1.c **** *  Note:
  10:.\Generated_Source\PSoC5/isr_1.c **** *
  11:.\Generated_Source\PSoC5/isr_1.c **** ********************************************************************************
  12:.\Generated_Source\PSoC5/isr_1.c **** * Copyright 2008-2015, Cypress Semiconductor Corporation.  All rights reserved.
  13:.\Generated_Source\PSoC5/isr_1.c **** * You may use this file only in accordance with the license, terms, conditions, 
  14:.\Generated_Source\PSoC5/isr_1.c **** * disclaimers, and limitations in the end user license agreement accompanying 
  15:.\Generated_Source\PSoC5/isr_1.c **** * the software package with which this file was provided.
  16:.\Generated_Source\PSoC5/isr_1.c **** *******************************************************************************/
  17:.\Generated_Source\PSoC5/isr_1.c **** 
  18:.\Generated_Source\PSoC5/isr_1.c **** 
  19:.\Generated_Source\PSoC5/isr_1.c **** #include <cydevice_trm.h>
  20:.\Generated_Source\PSoC5/isr_1.c **** #include <CyLib.h>
  21:.\Generated_Source\PSoC5/isr_1.c **** #include <isr_1.h>
  22:.\Generated_Source\PSoC5/isr_1.c **** #include "cyapicallbacks.h"
  23:.\Generated_Source\PSoC5/isr_1.c **** 
  24:.\Generated_Source\PSoC5/isr_1.c **** #if !defined(isr_1__REMOVED) /* Check for removal by optimization */
  25:.\Generated_Source\PSoC5/isr_1.c **** 
  26:.\Generated_Source\PSoC5/isr_1.c **** /*******************************************************************************
  27:.\Generated_Source\PSoC5/isr_1.c **** *  Place your includes, defines and code here 
  28:.\Generated_Source\PSoC5/isr_1.c **** ********************************************************************************/
  29:.\Generated_Source\PSoC5/isr_1.c **** /* `#START isr_1_intc` */
  30:.\Generated_Source\PSoC5/isr_1.c **** static time_count = 3;
  31:.\Generated_Source\PSoC5/isr_1.c **** /* `#END` */
ARM GAS  C:\Users\PANXIA~1\AppData\Local\Temp\cc7aG6MS.s 			page 2


  32:.\Generated_Source\PSoC5/isr_1.c **** 
  33:.\Generated_Source\PSoC5/isr_1.c **** #ifndef CYINT_IRQ_BASE
  34:.\Generated_Source\PSoC5/isr_1.c **** #define CYINT_IRQ_BASE      16
  35:.\Generated_Source\PSoC5/isr_1.c **** #endif /* CYINT_IRQ_BASE */
  36:.\Generated_Source\PSoC5/isr_1.c **** #ifndef CYINT_VECT_TABLE
  37:.\Generated_Source\PSoC5/isr_1.c **** #define CYINT_VECT_TABLE    ((cyisraddress **) CYREG_NVIC_VECT_OFFSET)
  38:.\Generated_Source\PSoC5/isr_1.c **** #endif /* CYINT_VECT_TABLE */
  39:.\Generated_Source\PSoC5/isr_1.c **** 
  40:.\Generated_Source\PSoC5/isr_1.c **** /* Declared in startup, used to set unused interrupts to. */
  41:.\Generated_Source\PSoC5/isr_1.c **** CY_ISR_PROTO(IntDefaultHandler);
  42:.\Generated_Source\PSoC5/isr_1.c **** 
  43:.\Generated_Source\PSoC5/isr_1.c **** 
  44:.\Generated_Source\PSoC5/isr_1.c **** /*******************************************************************************
  45:.\Generated_Source\PSoC5/isr_1.c **** * Function Name: isr_1_Start
  46:.\Generated_Source\PSoC5/isr_1.c **** ********************************************************************************
  47:.\Generated_Source\PSoC5/isr_1.c **** *
  48:.\Generated_Source\PSoC5/isr_1.c **** * Summary:
  49:.\Generated_Source\PSoC5/isr_1.c **** *  Set up the interrupt and enable it. This function disables the interrupt, 
  50:.\Generated_Source\PSoC5/isr_1.c **** *  sets the default interrupt vector, sets the priority from the value in the
  51:.\Generated_Source\PSoC5/isr_1.c **** *  Design Wide Resources Interrupt Editor, then enables the interrupt to the 
  52:.\Generated_Source\PSoC5/isr_1.c **** *  interrupt controller.
  53:.\Generated_Source\PSoC5/isr_1.c **** *
  54:.\Generated_Source\PSoC5/isr_1.c **** * Parameters:  
  55:.\Generated_Source\PSoC5/isr_1.c **** *   None
  56:.\Generated_Source\PSoC5/isr_1.c **** *
  57:.\Generated_Source\PSoC5/isr_1.c **** * Return:
  58:.\Generated_Source\PSoC5/isr_1.c **** *   None
  59:.\Generated_Source\PSoC5/isr_1.c **** *
  60:.\Generated_Source\PSoC5/isr_1.c **** *******************************************************************************/
  61:.\Generated_Source\PSoC5/isr_1.c **** void isr_1_Start(void)
  62:.\Generated_Source\PSoC5/isr_1.c **** {
  63:.\Generated_Source\PSoC5/isr_1.c ****     /* For all we know the interrupt is active. */
  64:.\Generated_Source\PSoC5/isr_1.c ****     isr_1_Disable();
  65:.\Generated_Source\PSoC5/isr_1.c **** 
  66:.\Generated_Source\PSoC5/isr_1.c ****     /* Set the ISR to point to the isr_1 Interrupt. */
  67:.\Generated_Source\PSoC5/isr_1.c ****     isr_1_SetVector(&isr_1_Interrupt);
  68:.\Generated_Source\PSoC5/isr_1.c **** 
  69:.\Generated_Source\PSoC5/isr_1.c ****     /* Set the priority. */
  70:.\Generated_Source\PSoC5/isr_1.c ****     isr_1_SetPriority((uint8)isr_1_INTC_PRIOR_NUMBER);
  71:.\Generated_Source\PSoC5/isr_1.c **** 
  72:.\Generated_Source\PSoC5/isr_1.c ****     /* Enable it. */
  73:.\Generated_Source\PSoC5/isr_1.c ****     isr_1_Enable();
  74:.\Generated_Source\PSoC5/isr_1.c **** }
  75:.\Generated_Source\PSoC5/isr_1.c **** 
  76:.\Generated_Source\PSoC5/isr_1.c **** 
  77:.\Generated_Source\PSoC5/isr_1.c **** /*******************************************************************************
  78:.\Generated_Source\PSoC5/isr_1.c **** * Function Name: isr_1_StartEx
  79:.\Generated_Source\PSoC5/isr_1.c **** ********************************************************************************
  80:.\Generated_Source\PSoC5/isr_1.c **** *
  81:.\Generated_Source\PSoC5/isr_1.c **** * Summary:
  82:.\Generated_Source\PSoC5/isr_1.c **** *  Sets up the interrupt and enables it. This function disables the interrupt,
  83:.\Generated_Source\PSoC5/isr_1.c **** *  sets the interrupt vector based on the address passed in, sets the priority 
  84:.\Generated_Source\PSoC5/isr_1.c **** *  from the value in the Design Wide Resources Interrupt Editor, then enables 
  85:.\Generated_Source\PSoC5/isr_1.c **** *  the interrupt to the interrupt controller.
  86:.\Generated_Source\PSoC5/isr_1.c **** *  
  87:.\Generated_Source\PSoC5/isr_1.c **** *  When defining ISR functions, the CY_ISR and CY_ISR_PROTO macros should be 
  88:.\Generated_Source\PSoC5/isr_1.c **** *  used to provide consistent definition across compilers:
ARM GAS  C:\Users\PANXIA~1\AppData\Local\Temp\cc7aG6MS.s 			page 3


  89:.\Generated_Source\PSoC5/isr_1.c **** *  
  90:.\Generated_Source\PSoC5/isr_1.c **** *  Function definition example:
  91:.\Generated_Source\PSoC5/isr_1.c **** *   CY_ISR(MyISR)
  92:.\Generated_Source\PSoC5/isr_1.c **** *   {
  93:.\Generated_Source\PSoC5/isr_1.c **** *   }
  94:.\Generated_Source\PSoC5/isr_1.c **** *   Function prototype example:
  95:.\Generated_Source\PSoC5/isr_1.c **** *   CY_ISR_PROTO(MyISR);
  96:.\Generated_Source\PSoC5/isr_1.c **** *
  97:.\Generated_Source\PSoC5/isr_1.c **** * Parameters:  
  98:.\Generated_Source\PSoC5/isr_1.c **** *   address: Address of the ISR to set in the interrupt vector table.
  99:.\Generated_Source\PSoC5/isr_1.c **** *
 100:.\Generated_Source\PSoC5/isr_1.c **** * Return:
 101:.\Generated_Source\PSoC5/isr_1.c **** *   None
 102:.\Generated_Source\PSoC5/isr_1.c **** *
 103:.\Generated_Source\PSoC5/isr_1.c **** *******************************************************************************/
 104:.\Generated_Source\PSoC5/isr_1.c **** void isr_1_StartEx(cyisraddress address)
 105:.\Generated_Source\PSoC5/isr_1.c **** {
 106:.\Generated_Source\PSoC5/isr_1.c ****     /* For all we know the interrupt is active. */
 107:.\Generated_Source\PSoC5/isr_1.c ****     isr_1_Disable();
 108:.\Generated_Source\PSoC5/isr_1.c **** 
 109:.\Generated_Source\PSoC5/isr_1.c ****     /* Set the ISR to point to the isr_1 Interrupt. */
 110:.\Generated_Source\PSoC5/isr_1.c ****     isr_1_SetVector(address);
 111:.\Generated_Source\PSoC5/isr_1.c **** 
 112:.\Generated_Source\PSoC5/isr_1.c ****     /* Set the priority. */
 113:.\Generated_Source\PSoC5/isr_1.c ****     isr_1_SetPriority((uint8)isr_1_INTC_PRIOR_NUMBER);
 114:.\Generated_Source\PSoC5/isr_1.c **** 
 115:.\Generated_Source\PSoC5/isr_1.c ****     /* Enable it. */
 116:.\Generated_Source\PSoC5/isr_1.c ****     isr_1_Enable();
 117:.\Generated_Source\PSoC5/isr_1.c **** }
 118:.\Generated_Source\PSoC5/isr_1.c **** 
 119:.\Generated_Source\PSoC5/isr_1.c **** 
 120:.\Generated_Source\PSoC5/isr_1.c **** /*******************************************************************************
 121:.\Generated_Source\PSoC5/isr_1.c **** * Function Name: isr_1_Stop
 122:.\Generated_Source\PSoC5/isr_1.c **** ********************************************************************************
 123:.\Generated_Source\PSoC5/isr_1.c **** *
 124:.\Generated_Source\PSoC5/isr_1.c **** * Summary:
 125:.\Generated_Source\PSoC5/isr_1.c **** *   Disables and removes the interrupt.
 126:.\Generated_Source\PSoC5/isr_1.c **** *
 127:.\Generated_Source\PSoC5/isr_1.c **** * Parameters:  
 128:.\Generated_Source\PSoC5/isr_1.c **** *   None
 129:.\Generated_Source\PSoC5/isr_1.c **** *
 130:.\Generated_Source\PSoC5/isr_1.c **** * Return:
 131:.\Generated_Source\PSoC5/isr_1.c **** *   None
 132:.\Generated_Source\PSoC5/isr_1.c **** *
 133:.\Generated_Source\PSoC5/isr_1.c **** *******************************************************************************/
 134:.\Generated_Source\PSoC5/isr_1.c **** void isr_1_Stop(void)
 135:.\Generated_Source\PSoC5/isr_1.c **** {
 136:.\Generated_Source\PSoC5/isr_1.c ****     /* Disable this interrupt. */
 137:.\Generated_Source\PSoC5/isr_1.c ****     isr_1_Disable();
 138:.\Generated_Source\PSoC5/isr_1.c **** 
 139:.\Generated_Source\PSoC5/isr_1.c ****     /* Set the ISR to point to the passive one. */
 140:.\Generated_Source\PSoC5/isr_1.c ****     isr_1_SetVector(&IntDefaultHandler);
 141:.\Generated_Source\PSoC5/isr_1.c **** }
 142:.\Generated_Source\PSoC5/isr_1.c **** 
 143:.\Generated_Source\PSoC5/isr_1.c **** 
 144:.\Generated_Source\PSoC5/isr_1.c **** /*******************************************************************************
 145:.\Generated_Source\PSoC5/isr_1.c **** * Function Name: isr_1_Interrupt
ARM GAS  C:\Users\PANXIA~1\AppData\Local\Temp\cc7aG6MS.s 			page 4


 146:.\Generated_Source\PSoC5/isr_1.c **** ********************************************************************************
 147:.\Generated_Source\PSoC5/isr_1.c **** *
 148:.\Generated_Source\PSoC5/isr_1.c **** * Summary:
 149:.\Generated_Source\PSoC5/isr_1.c **** *   The default Interrupt Service Routine for isr_1.
 150:.\Generated_Source\PSoC5/isr_1.c **** *
 151:.\Generated_Source\PSoC5/isr_1.c **** *   Add custom code between the coments to keep the next version of this file
 152:.\Generated_Source\PSoC5/isr_1.c **** *   from over writting your code.
 153:.\Generated_Source\PSoC5/isr_1.c **** *
 154:.\Generated_Source\PSoC5/isr_1.c **** * Parameters:  
 155:.\Generated_Source\PSoC5/isr_1.c **** *
 156:.\Generated_Source\PSoC5/isr_1.c **** * Return:
 157:.\Generated_Source\PSoC5/isr_1.c **** *   None
 158:.\Generated_Source\PSoC5/isr_1.c **** *
 159:.\Generated_Source\PSoC5/isr_1.c **** *******************************************************************************/
 160:.\Generated_Source\PSoC5/isr_1.c **** CY_ISR(isr_1_Interrupt)
 161:.\Generated_Source\PSoC5/isr_1.c **** {
  27              		.loc 1 161 0
  28              		.cfi_startproc
  29              		@ args = 0, pretend = 0, frame = 0
  30              		@ frame_needed = 0, uses_anonymous_args = 0
  31              		@ link register save eliminated.
  32 0000 7047     		bx	lr
  33              		.cfi_endproc
  34              	.LFE3:
  35              		.size	isr_1_Interrupt, .-isr_1_Interrupt
  36 0002 00BF     		.section	.text.isr_1_SetVector,"ax",%progbits
  37              		.align	2
  38              		.global	isr_1_SetVector
  39              		.thumb
  40              		.thumb_func
  41              		.type	isr_1_SetVector, %function
  42              	isr_1_SetVector:
  43              	.LFB4:
 162:.\Generated_Source\PSoC5/isr_1.c ****     #ifdef isr_1_INTERRUPT_INTERRUPT_CALLBACK
 163:.\Generated_Source\PSoC5/isr_1.c ****         isr_1_Interrupt_InterruptCallback();
 164:.\Generated_Source\PSoC5/isr_1.c ****     #endif /* isr_1_INTERRUPT_INTERRUPT_CALLBACK */ 
 165:.\Generated_Source\PSoC5/isr_1.c **** 
 166:.\Generated_Source\PSoC5/isr_1.c ****     /*  Place your Interrupt code here. */
 167:.\Generated_Source\PSoC5/isr_1.c ****     /* `#START isr_1_Interrupt` */
 168:.\Generated_Source\PSoC5/isr_1.c ****     
 169:.\Generated_Source\PSoC5/isr_1.c ****     switch(time_count)
 170:.\Generated_Source\PSoC5/isr_1.c ****     {
 171:.\Generated_Source\PSoC5/isr_1.c **** //       case 0: LCD_Char_1_Position(1,0) ; LCD_Char_1_PrintString("0 S");break;
 172:.\Generated_Source\PSoC5/isr_1.c **** //       case 1: LCD_Char_1_Position(1,0) ; LCD_Char_1_PrintString("1 S");break;
 173:.\Generated_Source\PSoC5/isr_1.c **** //       case 2: LCD_Char_1_Position(1,0) ; LCD_Char_1_PrintString("2 S");break;
 174:.\Generated_Source\PSoC5/isr_1.c **** //       case 3: LCD_Char_1_Position(1,0) ; LCD_Char_1_PrintString("3 S");break;
 175:.\Generated_Source\PSoC5/isr_1.c ****     }
 176:.\Generated_Source\PSoC5/isr_1.c **** //    time_count--;
 177:.\Generated_Source\PSoC5/isr_1.c ****     /* `#END` */
 178:.\Generated_Source\PSoC5/isr_1.c **** }
 179:.\Generated_Source\PSoC5/isr_1.c **** 
 180:.\Generated_Source\PSoC5/isr_1.c **** 
 181:.\Generated_Source\PSoC5/isr_1.c **** /*******************************************************************************
 182:.\Generated_Source\PSoC5/isr_1.c **** * Function Name: isr_1_SetVector
 183:.\Generated_Source\PSoC5/isr_1.c **** ********************************************************************************
 184:.\Generated_Source\PSoC5/isr_1.c **** *
 185:.\Generated_Source\PSoC5/isr_1.c **** * Summary:
ARM GAS  C:\Users\PANXIA~1\AppData\Local\Temp\cc7aG6MS.s 			page 5


 186:.\Generated_Source\PSoC5/isr_1.c **** *   Change the ISR vector for the Interrupt. Note calling isr_1_Start
 187:.\Generated_Source\PSoC5/isr_1.c **** *   will override any effect this method would have had. To set the vector 
 188:.\Generated_Source\PSoC5/isr_1.c **** *   before the component has been started use isr_1_StartEx instead.
 189:.\Generated_Source\PSoC5/isr_1.c **** * 
 190:.\Generated_Source\PSoC5/isr_1.c **** *   When defining ISR functions, the CY_ISR and CY_ISR_PROTO macros should be 
 191:.\Generated_Source\PSoC5/isr_1.c **** *   used to provide consistent definition across compilers:
 192:.\Generated_Source\PSoC5/isr_1.c **** *
 193:.\Generated_Source\PSoC5/isr_1.c **** *   Function definition example:
 194:.\Generated_Source\PSoC5/isr_1.c **** *   CY_ISR(MyISR)
 195:.\Generated_Source\PSoC5/isr_1.c **** *   {
 196:.\Generated_Source\PSoC5/isr_1.c **** *   }
 197:.\Generated_Source\PSoC5/isr_1.c **** *
 198:.\Generated_Source\PSoC5/isr_1.c **** *   Function prototype example:
 199:.\Generated_Source\PSoC5/isr_1.c **** *     CY_ISR_PROTO(MyISR);
 200:.\Generated_Source\PSoC5/isr_1.c **** *
 201:.\Generated_Source\PSoC5/isr_1.c **** * Parameters:
 202:.\Generated_Source\PSoC5/isr_1.c **** *   address: Address of the ISR to set in the interrupt vector table.
 203:.\Generated_Source\PSoC5/isr_1.c **** *
 204:.\Generated_Source\PSoC5/isr_1.c **** * Return:
 205:.\Generated_Source\PSoC5/isr_1.c **** *   None
 206:.\Generated_Source\PSoC5/isr_1.c **** *
 207:.\Generated_Source\PSoC5/isr_1.c **** *******************************************************************************/
 208:.\Generated_Source\PSoC5/isr_1.c **** void isr_1_SetVector(cyisraddress address)
 209:.\Generated_Source\PSoC5/isr_1.c **** {
  44              		.loc 1 209 0
  45              		.cfi_startproc
  46              		@ args = 0, pretend = 0, frame = 0
  47              		@ frame_needed = 0, uses_anonymous_args = 0
  48              		@ link register save eliminated.
  49              	.LVL0:
 210:.\Generated_Source\PSoC5/isr_1.c ****     cyisraddress * ramVectorTable;
 211:.\Generated_Source\PSoC5/isr_1.c **** 
 212:.\Generated_Source\PSoC5/isr_1.c ****     ramVectorTable = (cyisraddress *) *CYINT_VECT_TABLE;
  50              		.loc 1 212 0
  51 0000 014B     		ldr	r3, .L3
  52 0002 1B68     		ldr	r3, [r3]
  53              	.LVL1:
 213:.\Generated_Source\PSoC5/isr_1.c **** 
 214:.\Generated_Source\PSoC5/isr_1.c ****     ramVectorTable[CYINT_IRQ_BASE + (uint32)isr_1__INTC_NUMBER] = address;
  54              		.loc 1 214 0
  55 0004 9864     		str	r0, [r3, #72]
  56 0006 7047     		bx	lr
  57              	.L4:
  58              		.align	2
  59              	.L3:
  60 0008 08ED00E0 		.word	-536810232
  61              		.cfi_endproc
  62              	.LFE4:
  63              		.size	isr_1_SetVector, .-isr_1_SetVector
  64              		.section	.text.isr_1_GetVector,"ax",%progbits
  65              		.align	2
  66              		.global	isr_1_GetVector
  67              		.thumb
  68              		.thumb_func
  69              		.type	isr_1_GetVector, %function
  70              	isr_1_GetVector:
  71              	.LFB5:
ARM GAS  C:\Users\PANXIA~1\AppData\Local\Temp\cc7aG6MS.s 			page 6


 215:.\Generated_Source\PSoC5/isr_1.c **** }
 216:.\Generated_Source\PSoC5/isr_1.c **** 
 217:.\Generated_Source\PSoC5/isr_1.c **** 
 218:.\Generated_Source\PSoC5/isr_1.c **** /*******************************************************************************
 219:.\Generated_Source\PSoC5/isr_1.c **** * Function Name: isr_1_GetVector
 220:.\Generated_Source\PSoC5/isr_1.c **** ********************************************************************************
 221:.\Generated_Source\PSoC5/isr_1.c **** *
 222:.\Generated_Source\PSoC5/isr_1.c **** * Summary:
 223:.\Generated_Source\PSoC5/isr_1.c **** *   Gets the "address" of the current ISR vector for the Interrupt.
 224:.\Generated_Source\PSoC5/isr_1.c **** *
 225:.\Generated_Source\PSoC5/isr_1.c **** * Parameters:
 226:.\Generated_Source\PSoC5/isr_1.c **** *   None
 227:.\Generated_Source\PSoC5/isr_1.c **** *
 228:.\Generated_Source\PSoC5/isr_1.c **** * Return:
 229:.\Generated_Source\PSoC5/isr_1.c **** *   Address of the ISR in the interrupt vector table.
 230:.\Generated_Source\PSoC5/isr_1.c **** *
 231:.\Generated_Source\PSoC5/isr_1.c **** *******************************************************************************/
 232:.\Generated_Source\PSoC5/isr_1.c **** cyisraddress isr_1_GetVector(void)
 233:.\Generated_Source\PSoC5/isr_1.c **** {
  72              		.loc 1 233 0
  73              		.cfi_startproc
  74              		@ args = 0, pretend = 0, frame = 0
  75              		@ frame_needed = 0, uses_anonymous_args = 0
  76              		@ link register save eliminated.
 234:.\Generated_Source\PSoC5/isr_1.c ****     cyisraddress * ramVectorTable;
 235:.\Generated_Source\PSoC5/isr_1.c **** 
 236:.\Generated_Source\PSoC5/isr_1.c ****     ramVectorTable = (cyisraddress *) *CYINT_VECT_TABLE;
  77              		.loc 1 236 0
  78 0000 014B     		ldr	r3, .L6
  79 0002 1B68     		ldr	r3, [r3]
  80              	.LVL2:
 237:.\Generated_Source\PSoC5/isr_1.c **** 
 238:.\Generated_Source\PSoC5/isr_1.c ****     return ramVectorTable[CYINT_IRQ_BASE + (uint32)isr_1__INTC_NUMBER];
 239:.\Generated_Source\PSoC5/isr_1.c **** }
  81              		.loc 1 239 0
  82 0004 986C     		ldr	r0, [r3, #72]
  83 0006 7047     		bx	lr
  84              	.L7:
  85              		.align	2
  86              	.L6:
  87 0008 08ED00E0 		.word	-536810232
  88              		.cfi_endproc
  89              	.LFE5:
  90              		.size	isr_1_GetVector, .-isr_1_GetVector
  91              		.section	.text.isr_1_SetPriority,"ax",%progbits
  92              		.align	2
  93              		.global	isr_1_SetPriority
  94              		.thumb
  95              		.thumb_func
  96              		.type	isr_1_SetPriority, %function
  97              	isr_1_SetPriority:
  98              	.LFB6:
 240:.\Generated_Source\PSoC5/isr_1.c **** 
 241:.\Generated_Source\PSoC5/isr_1.c **** 
 242:.\Generated_Source\PSoC5/isr_1.c **** /*******************************************************************************
 243:.\Generated_Source\PSoC5/isr_1.c **** * Function Name: isr_1_SetPriority
 244:.\Generated_Source\PSoC5/isr_1.c **** ********************************************************************************
ARM GAS  C:\Users\PANXIA~1\AppData\Local\Temp\cc7aG6MS.s 			page 7


 245:.\Generated_Source\PSoC5/isr_1.c **** *
 246:.\Generated_Source\PSoC5/isr_1.c **** * Summary:
 247:.\Generated_Source\PSoC5/isr_1.c **** *   Sets the Priority of the Interrupt. 
 248:.\Generated_Source\PSoC5/isr_1.c **** *
 249:.\Generated_Source\PSoC5/isr_1.c **** *   Note calling isr_1_Start or isr_1_StartEx will 
 250:.\Generated_Source\PSoC5/isr_1.c **** *   override any effect this API would have had. This API should only be called
 251:.\Generated_Source\PSoC5/isr_1.c **** *   after isr_1_Start or isr_1_StartEx has been called. 
 252:.\Generated_Source\PSoC5/isr_1.c **** *   To set the initial priority for the component, use the Design-Wide Resources
 253:.\Generated_Source\PSoC5/isr_1.c **** *   Interrupt Editor.
 254:.\Generated_Source\PSoC5/isr_1.c **** *
 255:.\Generated_Source\PSoC5/isr_1.c **** *   Note This API has no effect on Non-maskable interrupt NMI).
 256:.\Generated_Source\PSoC5/isr_1.c **** *
 257:.\Generated_Source\PSoC5/isr_1.c **** * Parameters:
 258:.\Generated_Source\PSoC5/isr_1.c **** *   priority: Priority of the interrupt, 0 being the highest priority
 259:.\Generated_Source\PSoC5/isr_1.c **** *             PSoC 3 and PSoC 5LP: Priority is from 0 to 7.
 260:.\Generated_Source\PSoC5/isr_1.c **** *             PSoC 4: Priority is from 0 to 3.
 261:.\Generated_Source\PSoC5/isr_1.c **** *
 262:.\Generated_Source\PSoC5/isr_1.c **** * Return:
 263:.\Generated_Source\PSoC5/isr_1.c **** *   None
 264:.\Generated_Source\PSoC5/isr_1.c **** *
 265:.\Generated_Source\PSoC5/isr_1.c **** *******************************************************************************/
 266:.\Generated_Source\PSoC5/isr_1.c **** void isr_1_SetPriority(uint8 priority)
 267:.\Generated_Source\PSoC5/isr_1.c **** {
  99              		.loc 1 267 0
 100              		.cfi_startproc
 101              		@ args = 0, pretend = 0, frame = 0
 102              		@ frame_needed = 0, uses_anonymous_args = 0
 103              		@ link register save eliminated.
 104              	.LVL3:
 268:.\Generated_Source\PSoC5/isr_1.c ****     *isr_1_INTC_PRIOR = priority << 5;
 105              		.loc 1 268 0
 106 0000 4001     		lsls	r0, r0, #5
 107              	.LVL4:
 108 0002 C0B2     		uxtb	r0, r0
 109 0004 014B     		ldr	r3, .L9
 110 0006 1870     		strb	r0, [r3]
 111 0008 7047     		bx	lr
 112              	.L10:
 113 000a 00BF     		.align	2
 114              	.L9:
 115 000c 02E400E0 		.word	-536812542
 116              		.cfi_endproc
 117              	.LFE6:
 118              		.size	isr_1_SetPriority, .-isr_1_SetPriority
 119              		.section	.text.isr_1_GetPriority,"ax",%progbits
 120              		.align	2
 121              		.global	isr_1_GetPriority
 122              		.thumb
 123              		.thumb_func
 124              		.type	isr_1_GetPriority, %function
 125              	isr_1_GetPriority:
 126              	.LFB7:
 269:.\Generated_Source\PSoC5/isr_1.c **** }
 270:.\Generated_Source\PSoC5/isr_1.c **** 
 271:.\Generated_Source\PSoC5/isr_1.c **** 
 272:.\Generated_Source\PSoC5/isr_1.c **** /*******************************************************************************
 273:.\Generated_Source\PSoC5/isr_1.c **** * Function Name: isr_1_GetPriority
ARM GAS  C:\Users\PANXIA~1\AppData\Local\Temp\cc7aG6MS.s 			page 8


 274:.\Generated_Source\PSoC5/isr_1.c **** ********************************************************************************
 275:.\Generated_Source\PSoC5/isr_1.c **** *
 276:.\Generated_Source\PSoC5/isr_1.c **** * Summary:
 277:.\Generated_Source\PSoC5/isr_1.c **** *   Gets the Priority of the Interrupt.
 278:.\Generated_Source\PSoC5/isr_1.c **** *
 279:.\Generated_Source\PSoC5/isr_1.c **** * Parameters:
 280:.\Generated_Source\PSoC5/isr_1.c **** *   None
 281:.\Generated_Source\PSoC5/isr_1.c **** *
 282:.\Generated_Source\PSoC5/isr_1.c **** * Return:
 283:.\Generated_Source\PSoC5/isr_1.c **** *   Priority of the interrupt, 0 being the highest priority
 284:.\Generated_Source\PSoC5/isr_1.c **** *    PSoC 3 and PSoC 5LP: Priority is from 0 to 7.
 285:.\Generated_Source\PSoC5/isr_1.c **** *    PSoC 4: Priority is from 0 to 3.
 286:.\Generated_Source\PSoC5/isr_1.c **** *
 287:.\Generated_Source\PSoC5/isr_1.c **** *******************************************************************************/
 288:.\Generated_Source\PSoC5/isr_1.c **** uint8 isr_1_GetPriority(void)
 289:.\Generated_Source\PSoC5/isr_1.c **** {
 127              		.loc 1 289 0
 128              		.cfi_startproc
 129              		@ args = 0, pretend = 0, frame = 0
 130              		@ frame_needed = 0, uses_anonymous_args = 0
 131              		@ link register save eliminated.
 290:.\Generated_Source\PSoC5/isr_1.c ****     uint8 priority;
 291:.\Generated_Source\PSoC5/isr_1.c **** 
 292:.\Generated_Source\PSoC5/isr_1.c **** 
 293:.\Generated_Source\PSoC5/isr_1.c ****     priority = *isr_1_INTC_PRIOR >> 5;
 132              		.loc 1 293 0
 133 0000 014B     		ldr	r3, .L12
 134 0002 1878     		ldrb	r0, [r3]	@ zero_extendqisi2
 135              	.LVL5:
 294:.\Generated_Source\PSoC5/isr_1.c **** 
 295:.\Generated_Source\PSoC5/isr_1.c ****     return priority;
 296:.\Generated_Source\PSoC5/isr_1.c **** }
 136              		.loc 1 296 0
 137 0004 4009     		lsrs	r0, r0, #5
 138              	.LVL6:
 139 0006 7047     		bx	lr
 140              	.L13:
 141              		.align	2
 142              	.L12:
 143 0008 02E400E0 		.word	-536812542
 144              		.cfi_endproc
 145              	.LFE7:
 146              		.size	isr_1_GetPriority, .-isr_1_GetPriority
 147              		.section	.text.isr_1_Enable,"ax",%progbits
 148              		.align	2
 149              		.global	isr_1_Enable
 150              		.thumb
 151              		.thumb_func
 152              		.type	isr_1_Enable, %function
 153              	isr_1_Enable:
 154              	.LFB8:
 297:.\Generated_Source\PSoC5/isr_1.c **** 
 298:.\Generated_Source\PSoC5/isr_1.c **** 
 299:.\Generated_Source\PSoC5/isr_1.c **** /*******************************************************************************
 300:.\Generated_Source\PSoC5/isr_1.c **** * Function Name: isr_1_Enable
 301:.\Generated_Source\PSoC5/isr_1.c **** ********************************************************************************
 302:.\Generated_Source\PSoC5/isr_1.c **** *
ARM GAS  C:\Users\PANXIA~1\AppData\Local\Temp\cc7aG6MS.s 			page 9


 303:.\Generated_Source\PSoC5/isr_1.c **** * Summary:
 304:.\Generated_Source\PSoC5/isr_1.c **** *   Enables the interrupt to the interrupt controller. Do not call this function
 305:.\Generated_Source\PSoC5/isr_1.c **** *   unless ISR_Start() has been called or the functionality of the ISR_Start() 
 306:.\Generated_Source\PSoC5/isr_1.c **** *   function, which sets the vector and the priority, has been called.
 307:.\Generated_Source\PSoC5/isr_1.c **** *
 308:.\Generated_Source\PSoC5/isr_1.c **** * Parameters:
 309:.\Generated_Source\PSoC5/isr_1.c **** *   None
 310:.\Generated_Source\PSoC5/isr_1.c **** *
 311:.\Generated_Source\PSoC5/isr_1.c **** * Return:
 312:.\Generated_Source\PSoC5/isr_1.c **** *   None
 313:.\Generated_Source\PSoC5/isr_1.c **** *
 314:.\Generated_Source\PSoC5/isr_1.c **** *******************************************************************************/
 315:.\Generated_Source\PSoC5/isr_1.c **** void isr_1_Enable(void)
 316:.\Generated_Source\PSoC5/isr_1.c **** {
 155              		.loc 1 316 0
 156              		.cfi_startproc
 157              		@ args = 0, pretend = 0, frame = 0
 158              		@ frame_needed = 0, uses_anonymous_args = 0
 159              		@ link register save eliminated.
 317:.\Generated_Source\PSoC5/isr_1.c ****     /* Enable the general interrupt. */
 318:.\Generated_Source\PSoC5/isr_1.c ****     *isr_1_INTC_SET_EN = isr_1__INTC_MASK;
 160              		.loc 1 318 0
 161 0000 0422     		movs	r2, #4
 162 0002 014B     		ldr	r3, .L15
 163 0004 1A60     		str	r2, [r3]
 164 0006 7047     		bx	lr
 165              	.L16:
 166              		.align	2
 167              	.L15:
 168 0008 00E100E0 		.word	-536813312
 169              		.cfi_endproc
 170              	.LFE8:
 171              		.size	isr_1_Enable, .-isr_1_Enable
 172              		.section	.text.isr_1_GetState,"ax",%progbits
 173              		.align	2
 174              		.global	isr_1_GetState
 175              		.thumb
 176              		.thumb_func
 177              		.type	isr_1_GetState, %function
 178              	isr_1_GetState:
 179              	.LFB9:
 319:.\Generated_Source\PSoC5/isr_1.c **** }
 320:.\Generated_Source\PSoC5/isr_1.c **** 
 321:.\Generated_Source\PSoC5/isr_1.c **** 
 322:.\Generated_Source\PSoC5/isr_1.c **** /*******************************************************************************
 323:.\Generated_Source\PSoC5/isr_1.c **** * Function Name: isr_1_GetState
 324:.\Generated_Source\PSoC5/isr_1.c **** ********************************************************************************
 325:.\Generated_Source\PSoC5/isr_1.c **** *
 326:.\Generated_Source\PSoC5/isr_1.c **** * Summary:
 327:.\Generated_Source\PSoC5/isr_1.c **** *   Gets the state (enabled, disabled) of the Interrupt.
 328:.\Generated_Source\PSoC5/isr_1.c **** *
 329:.\Generated_Source\PSoC5/isr_1.c **** * Parameters:
 330:.\Generated_Source\PSoC5/isr_1.c **** *   None
 331:.\Generated_Source\PSoC5/isr_1.c **** *
 332:.\Generated_Source\PSoC5/isr_1.c **** * Return:
 333:.\Generated_Source\PSoC5/isr_1.c **** *   1 if enabled, 0 if disabled.
 334:.\Generated_Source\PSoC5/isr_1.c **** *
ARM GAS  C:\Users\PANXIA~1\AppData\Local\Temp\cc7aG6MS.s 			page 10


 335:.\Generated_Source\PSoC5/isr_1.c **** *******************************************************************************/
 336:.\Generated_Source\PSoC5/isr_1.c **** uint8 isr_1_GetState(void)
 337:.\Generated_Source\PSoC5/isr_1.c **** {
 180              		.loc 1 337 0
 181              		.cfi_startproc
 182              		@ args = 0, pretend = 0, frame = 0
 183              		@ frame_needed = 0, uses_anonymous_args = 0
 184              		@ link register save eliminated.
 338:.\Generated_Source\PSoC5/isr_1.c ****     /* Get the state of the general interrupt. */
 339:.\Generated_Source\PSoC5/isr_1.c ****     return ((*isr_1_INTC_SET_EN & (uint32)isr_1__INTC_MASK) != 0u) ? 1u:0u;
 185              		.loc 1 339 0
 186 0000 044B     		ldr	r3, .L20
 187 0002 1B68     		ldr	r3, [r3]
 188 0004 13F0040F 		tst	r3, #4
 189 0008 01D0     		beq	.L19
 190 000a 0120     		movs	r0, #1
 191 000c 7047     		bx	lr
 192              	.L19:
 193 000e 0020     		movs	r0, #0
 340:.\Generated_Source\PSoC5/isr_1.c **** }
 194              		.loc 1 340 0
 195 0010 7047     		bx	lr
 196              	.L21:
 197 0012 00BF     		.align	2
 198              	.L20:
 199 0014 00E100E0 		.word	-536813312
 200              		.cfi_endproc
 201              	.LFE9:
 202              		.size	isr_1_GetState, .-isr_1_GetState
 203              		.section	.text.isr_1_Disable,"ax",%progbits
 204              		.align	2
 205              		.global	isr_1_Disable
 206              		.thumb
 207              		.thumb_func
 208              		.type	isr_1_Disable, %function
 209              	isr_1_Disable:
 210              	.LFB10:
 341:.\Generated_Source\PSoC5/isr_1.c **** 
 342:.\Generated_Source\PSoC5/isr_1.c **** 
 343:.\Generated_Source\PSoC5/isr_1.c **** /*******************************************************************************
 344:.\Generated_Source\PSoC5/isr_1.c **** * Function Name: isr_1_Disable
 345:.\Generated_Source\PSoC5/isr_1.c **** ********************************************************************************
 346:.\Generated_Source\PSoC5/isr_1.c **** *
 347:.\Generated_Source\PSoC5/isr_1.c **** * Summary:
 348:.\Generated_Source\PSoC5/isr_1.c **** *   Disables the Interrupt in the interrupt controller.
 349:.\Generated_Source\PSoC5/isr_1.c **** *
 350:.\Generated_Source\PSoC5/isr_1.c **** * Parameters:
 351:.\Generated_Source\PSoC5/isr_1.c **** *   None
 352:.\Generated_Source\PSoC5/isr_1.c **** *
 353:.\Generated_Source\PSoC5/isr_1.c **** * Return:
 354:.\Generated_Source\PSoC5/isr_1.c **** *   None
 355:.\Generated_Source\PSoC5/isr_1.c **** *
 356:.\Generated_Source\PSoC5/isr_1.c **** *******************************************************************************/
 357:.\Generated_Source\PSoC5/isr_1.c **** void isr_1_Disable(void)
 358:.\Generated_Source\PSoC5/isr_1.c **** {
 211              		.loc 1 358 0
 212              		.cfi_startproc
ARM GAS  C:\Users\PANXIA~1\AppData\Local\Temp\cc7aG6MS.s 			page 11


 213              		@ args = 0, pretend = 0, frame = 0
 214              		@ frame_needed = 0, uses_anonymous_args = 0
 215              		@ link register save eliminated.
 359:.\Generated_Source\PSoC5/isr_1.c ****     /* Disable the general interrupt. */
 360:.\Generated_Source\PSoC5/isr_1.c ****     *isr_1_INTC_CLR_EN = isr_1__INTC_MASK;
 216              		.loc 1 360 0
 217 0000 0422     		movs	r2, #4
 218 0002 014B     		ldr	r3, .L23
 219 0004 1A60     		str	r2, [r3]
 220 0006 7047     		bx	lr
 221              	.L24:
 222              		.align	2
 223              	.L23:
 224 0008 80E100E0 		.word	-536813184
 225              		.cfi_endproc
 226              	.LFE10:
 227              		.size	isr_1_Disable, .-isr_1_Disable
 228              		.section	.text.isr_1_Start,"ax",%progbits
 229              		.align	2
 230              		.global	isr_1_Start
 231              		.thumb
 232              		.thumb_func
 233              		.type	isr_1_Start, %function
 234              	isr_1_Start:
 235              	.LFB0:
  62:.\Generated_Source\PSoC5/isr_1.c ****     /* For all we know the interrupt is active. */
 236              		.loc 1 62 0
 237              		.cfi_startproc
 238              		@ args = 0, pretend = 0, frame = 0
 239              		@ frame_needed = 0, uses_anonymous_args = 0
 240 0000 08B5     		push	{r3, lr}
 241              		.cfi_def_cfa_offset 8
 242              		.cfi_offset 3, -8
 243              		.cfi_offset 14, -4
  64:.\Generated_Source\PSoC5/isr_1.c **** 
 244              		.loc 1 64 0
 245 0002 FFF7FEFF 		bl	isr_1_Disable
 246              	.LVL7:
  67:.\Generated_Source\PSoC5/isr_1.c **** 
 247              		.loc 1 67 0
 248 0006 0448     		ldr	r0, .L27
 249 0008 FFF7FEFF 		bl	isr_1_SetVector
 250              	.LVL8:
  70:.\Generated_Source\PSoC5/isr_1.c **** 
 251              		.loc 1 70 0
 252 000c 0720     		movs	r0, #7
 253 000e FFF7FEFF 		bl	isr_1_SetPriority
 254              	.LVL9:
  73:.\Generated_Source\PSoC5/isr_1.c **** }
 255              		.loc 1 73 0
 256 0012 FFF7FEFF 		bl	isr_1_Enable
 257              	.LVL10:
 258 0016 08BD     		pop	{r3, pc}
 259              	.L28:
 260              		.align	2
 261              	.L27:
 262 0018 00000000 		.word	isr_1_Interrupt
ARM GAS  C:\Users\PANXIA~1\AppData\Local\Temp\cc7aG6MS.s 			page 12


 263              		.cfi_endproc
 264              	.LFE0:
 265              		.size	isr_1_Start, .-isr_1_Start
 266              		.section	.text.isr_1_StartEx,"ax",%progbits
 267              		.align	2
 268              		.global	isr_1_StartEx
 269              		.thumb
 270              		.thumb_func
 271              		.type	isr_1_StartEx, %function
 272              	isr_1_StartEx:
 273              	.LFB1:
 105:.\Generated_Source\PSoC5/isr_1.c ****     /* For all we know the interrupt is active. */
 274              		.loc 1 105 0
 275              		.cfi_startproc
 276              		@ args = 0, pretend = 0, frame = 0
 277              		@ frame_needed = 0, uses_anonymous_args = 0
 278              	.LVL11:
 279 0000 10B5     		push	{r4, lr}
 280              		.cfi_def_cfa_offset 8
 281              		.cfi_offset 4, -8
 282              		.cfi_offset 14, -4
 283 0002 0446     		mov	r4, r0
 107:.\Generated_Source\PSoC5/isr_1.c **** 
 284              		.loc 1 107 0
 285 0004 FFF7FEFF 		bl	isr_1_Disable
 286              	.LVL12:
 110:.\Generated_Source\PSoC5/isr_1.c **** 
 287              		.loc 1 110 0
 288 0008 2046     		mov	r0, r4
 289 000a FFF7FEFF 		bl	isr_1_SetVector
 290              	.LVL13:
 113:.\Generated_Source\PSoC5/isr_1.c **** 
 291              		.loc 1 113 0
 292 000e 0720     		movs	r0, #7
 293 0010 FFF7FEFF 		bl	isr_1_SetPriority
 294              	.LVL14:
 116:.\Generated_Source\PSoC5/isr_1.c **** }
 295              		.loc 1 116 0
 296 0014 FFF7FEFF 		bl	isr_1_Enable
 297              	.LVL15:
 298 0018 10BD     		pop	{r4, pc}
 299              		.cfi_endproc
 300              	.LFE1:
 301              		.size	isr_1_StartEx, .-isr_1_StartEx
 302 001a 00BF     		.section	.text.isr_1_Stop,"ax",%progbits
 303              		.align	2
 304              		.global	isr_1_Stop
 305              		.thumb
 306              		.thumb_func
 307              		.type	isr_1_Stop, %function
 308              	isr_1_Stop:
 309              	.LFB2:
 135:.\Generated_Source\PSoC5/isr_1.c ****     /* Disable this interrupt. */
 310              		.loc 1 135 0
 311              		.cfi_startproc
 312              		@ args = 0, pretend = 0, frame = 0
 313              		@ frame_needed = 0, uses_anonymous_args = 0
ARM GAS  C:\Users\PANXIA~1\AppData\Local\Temp\cc7aG6MS.s 			page 13


 314 0000 08B5     		push	{r3, lr}
 315              		.cfi_def_cfa_offset 8
 316              		.cfi_offset 3, -8
 317              		.cfi_offset 14, -4
 137:.\Generated_Source\PSoC5/isr_1.c **** 
 318              		.loc 1 137 0
 319 0002 FFF7FEFF 		bl	isr_1_Disable
 320              	.LVL16:
 140:.\Generated_Source\PSoC5/isr_1.c **** }
 321              		.loc 1 140 0
 322 0006 0248     		ldr	r0, .L33
 323 0008 FFF7FEFF 		bl	isr_1_SetVector
 324              	.LVL17:
 325 000c 08BD     		pop	{r3, pc}
 326              	.L34:
 327 000e 00BF     		.align	2
 328              	.L33:
 329 0010 00000000 		.word	IntDefaultHandler
 330              		.cfi_endproc
 331              	.LFE2:
 332              		.size	isr_1_Stop, .-isr_1_Stop
 333              		.section	.text.isr_1_SetPending,"ax",%progbits
 334              		.align	2
 335              		.global	isr_1_SetPending
 336              		.thumb
 337              		.thumb_func
 338              		.type	isr_1_SetPending, %function
 339              	isr_1_SetPending:
 340              	.LFB11:
 361:.\Generated_Source\PSoC5/isr_1.c **** }
 362:.\Generated_Source\PSoC5/isr_1.c **** 
 363:.\Generated_Source\PSoC5/isr_1.c **** 
 364:.\Generated_Source\PSoC5/isr_1.c **** /*******************************************************************************
 365:.\Generated_Source\PSoC5/isr_1.c **** * Function Name: isr_1_SetPending
 366:.\Generated_Source\PSoC5/isr_1.c **** ********************************************************************************
 367:.\Generated_Source\PSoC5/isr_1.c **** *
 368:.\Generated_Source\PSoC5/isr_1.c **** * Summary:
 369:.\Generated_Source\PSoC5/isr_1.c **** *   Causes the Interrupt to enter the pending state, a software method of
 370:.\Generated_Source\PSoC5/isr_1.c **** *   generating the interrupt.
 371:.\Generated_Source\PSoC5/isr_1.c **** *
 372:.\Generated_Source\PSoC5/isr_1.c **** * Parameters:
 373:.\Generated_Source\PSoC5/isr_1.c **** *   None
 374:.\Generated_Source\PSoC5/isr_1.c **** *
 375:.\Generated_Source\PSoC5/isr_1.c **** * Return:
 376:.\Generated_Source\PSoC5/isr_1.c **** *   None
 377:.\Generated_Source\PSoC5/isr_1.c **** *
 378:.\Generated_Source\PSoC5/isr_1.c **** * Side Effects:
 379:.\Generated_Source\PSoC5/isr_1.c **** *   If interrupts are enabled and the interrupt is set up properly, the ISR is
 380:.\Generated_Source\PSoC5/isr_1.c **** *   entered (depending on the priority of this interrupt and other pending 
 381:.\Generated_Source\PSoC5/isr_1.c **** *   interrupts).
 382:.\Generated_Source\PSoC5/isr_1.c **** *
 383:.\Generated_Source\PSoC5/isr_1.c **** *******************************************************************************/
 384:.\Generated_Source\PSoC5/isr_1.c **** void isr_1_SetPending(void)
 385:.\Generated_Source\PSoC5/isr_1.c **** {
 341              		.loc 1 385 0
 342              		.cfi_startproc
 343              		@ args = 0, pretend = 0, frame = 0
ARM GAS  C:\Users\PANXIA~1\AppData\Local\Temp\cc7aG6MS.s 			page 14


 344              		@ frame_needed = 0, uses_anonymous_args = 0
 345              		@ link register save eliminated.
 386:.\Generated_Source\PSoC5/isr_1.c ****     *isr_1_INTC_SET_PD = isr_1__INTC_MASK;
 346              		.loc 1 386 0
 347 0000 0422     		movs	r2, #4
 348 0002 014B     		ldr	r3, .L36
 349 0004 1A60     		str	r2, [r3]
 350 0006 7047     		bx	lr
 351              	.L37:
 352              		.align	2
 353              	.L36:
 354 0008 00E200E0 		.word	-536813056
 355              		.cfi_endproc
 356              	.LFE11:
 357              		.size	isr_1_SetPending, .-isr_1_SetPending
 358              		.section	.text.isr_1_ClearPending,"ax",%progbits
 359              		.align	2
 360              		.global	isr_1_ClearPending
 361              		.thumb
 362              		.thumb_func
 363              		.type	isr_1_ClearPending, %function
 364              	isr_1_ClearPending:
 365              	.LFB12:
 387:.\Generated_Source\PSoC5/isr_1.c **** }
 388:.\Generated_Source\PSoC5/isr_1.c **** 
 389:.\Generated_Source\PSoC5/isr_1.c **** 
 390:.\Generated_Source\PSoC5/isr_1.c **** /*******************************************************************************
 391:.\Generated_Source\PSoC5/isr_1.c **** * Function Name: isr_1_ClearPending
 392:.\Generated_Source\PSoC5/isr_1.c **** ********************************************************************************
 393:.\Generated_Source\PSoC5/isr_1.c **** *
 394:.\Generated_Source\PSoC5/isr_1.c **** * Summary:
 395:.\Generated_Source\PSoC5/isr_1.c **** *   Clears a pending interrupt in the interrupt controller.
 396:.\Generated_Source\PSoC5/isr_1.c **** *
 397:.\Generated_Source\PSoC5/isr_1.c **** *   Note Some interrupt sources are clear-on-read and require the block 
 398:.\Generated_Source\PSoC5/isr_1.c **** *   interrupt/status register to be read/cleared with the appropriate block API 
 399:.\Generated_Source\PSoC5/isr_1.c **** *   (GPIO, UART, and so on). Otherwise the ISR will continue to remain in 
 400:.\Generated_Source\PSoC5/isr_1.c **** *   pending state even though the interrupt itself is cleared using this API.
 401:.\Generated_Source\PSoC5/isr_1.c **** *
 402:.\Generated_Source\PSoC5/isr_1.c **** * Parameters:
 403:.\Generated_Source\PSoC5/isr_1.c **** *   None
 404:.\Generated_Source\PSoC5/isr_1.c **** *
 405:.\Generated_Source\PSoC5/isr_1.c **** * Return:
 406:.\Generated_Source\PSoC5/isr_1.c **** *   None
 407:.\Generated_Source\PSoC5/isr_1.c **** *
 408:.\Generated_Source\PSoC5/isr_1.c **** *******************************************************************************/
 409:.\Generated_Source\PSoC5/isr_1.c **** void isr_1_ClearPending(void)
 410:.\Generated_Source\PSoC5/isr_1.c **** {
 366              		.loc 1 410 0
 367              		.cfi_startproc
 368              		@ args = 0, pretend = 0, frame = 0
 369              		@ frame_needed = 0, uses_anonymous_args = 0
 370              		@ link register save eliminated.
 411:.\Generated_Source\PSoC5/isr_1.c ****     *isr_1_INTC_CLR_PD = isr_1__INTC_MASK;
 371              		.loc 1 411 0
 372 0000 0422     		movs	r2, #4
 373 0002 014B     		ldr	r3, .L39
 374 0004 1A60     		str	r2, [r3]
ARM GAS  C:\Users\PANXIA~1\AppData\Local\Temp\cc7aG6MS.s 			page 15


 375 0006 7047     		bx	lr
 376              	.L40:
 377              		.align	2
 378              	.L39:
 379 0008 80E200E0 		.word	-536812928
 380              		.cfi_endproc
 381              	.LFE12:
 382              		.size	isr_1_ClearPending, .-isr_1_ClearPending
 383              		.text
 384              	.Letext0:
 385              		.file 2 "Generated_Source\\PSoC5/cytypes.h"
 386              		.section	.debug_info,"",%progbits
 387              	.Ldebug_info0:
 388 0000 D1020000 		.4byte	0x2d1
 389 0004 0400     		.2byte	0x4
 390 0006 00000000 		.4byte	.Ldebug_abbrev0
 391 000a 04       		.byte	0x4
 392 000b 01       		.uleb128 0x1
 393 000c FE000000 		.4byte	.LASF34
 394 0010 01       		.byte	0x1
 395 0011 39000000 		.4byte	.LASF35
 396 0015 08020000 		.4byte	.LASF36
 397 0019 00000000 		.4byte	.Ldebug_ranges0+0
 398 001d 00000000 		.4byte	0
 399 0021 00000000 		.4byte	.Ldebug_line0
 400 0025 02       		.uleb128 0x2
 401 0026 04       		.byte	0x4
 402 0027 05       		.byte	0x5
 403 0028 696E7400 		.ascii	"int\000"
 404 002c 03       		.uleb128 0x3
 405 002d 04       		.byte	0x4
 406 002e 07       		.byte	0x7
 407 002f 8C010000 		.4byte	.LASF0
 408 0033 03       		.uleb128 0x3
 409 0034 01       		.byte	0x1
 410 0035 06       		.byte	0x6
 411 0036 A5020000 		.4byte	.LASF1
 412 003a 03       		.uleb128 0x3
 413 003b 01       		.byte	0x1
 414 003c 08       		.byte	0x8
 415 003d AA000000 		.4byte	.LASF2
 416 0041 03       		.uleb128 0x3
 417 0042 02       		.byte	0x2
 418 0043 05       		.byte	0x5
 419 0044 72020000 		.4byte	.LASF3
 420 0048 03       		.uleb128 0x3
 421 0049 02       		.byte	0x2
 422 004a 07       		.byte	0x7
 423 004b 7F000000 		.4byte	.LASF4
 424 004f 03       		.uleb128 0x3
 425 0050 04       		.byte	0x4
 426 0051 05       		.byte	0x5
 427 0052 9C020000 		.4byte	.LASF5
 428 0056 03       		.uleb128 0x3
 429 0057 04       		.byte	0x4
 430 0058 07       		.byte	0x7
 431 0059 BD000000 		.4byte	.LASF6
ARM GAS  C:\Users\PANXIA~1\AppData\Local\Temp\cc7aG6MS.s 			page 16


 432 005d 03       		.uleb128 0x3
 433 005e 08       		.byte	0x8
 434 005f 05       		.byte	0x5
 435 0060 D9010000 		.4byte	.LASF7
 436 0064 03       		.uleb128 0x3
 437 0065 08       		.byte	0x8
 438 0066 07       		.byte	0x7
 439 0067 A1010000 		.4byte	.LASF8
 440 006b 03       		.uleb128 0x3
 441 006c 04       		.byte	0x4
 442 006d 07       		.byte	0x7
 443 006e D0010000 		.4byte	.LASF9
 444 0072 04       		.uleb128 0x4
 445 0073 04       		.byte	0x4
 446 0074 78000000 		.4byte	0x78
 447 0078 05       		.uleb128 0x5
 448 0079 03       		.uleb128 0x3
 449 007a 01       		.byte	0x1
 450 007b 08       		.byte	0x8
 451 007c F4010000 		.4byte	.LASF10
 452 0080 06       		.uleb128 0x6
 453 0081 CF000000 		.4byte	.LASF11
 454 0085 02       		.byte	0x2
 455 0086 C2       		.byte	0xc2
 456 0087 3A000000 		.4byte	0x3a
 457 008b 06       		.uleb128 0x6
 458 008c F7000000 		.4byte	.LASF12
 459 0090 02       		.byte	0x2
 460 0091 C4       		.byte	0xc4
 461 0092 56000000 		.4byte	0x56
 462 0096 03       		.uleb128 0x3
 463 0097 04       		.byte	0x4
 464 0098 04       		.byte	0x4
 465 0099 A4000000 		.4byte	.LASF13
 466 009d 03       		.uleb128 0x3
 467 009e 08       		.byte	0x8
 468 009f 04       		.byte	0x4
 469 00a0 DE000000 		.4byte	.LASF14
 470 00a4 07       		.uleb128 0x7
 471 00a5 B8000000 		.4byte	.LASF15
 472 00a9 02       		.byte	0x2
 473 00aa 6C01     		.2byte	0x16c
 474 00ac B0000000 		.4byte	0xb0
 475 00b0 08       		.uleb128 0x8
 476 00b1 80000000 		.4byte	0x80
 477 00b5 07       		.uleb128 0x7
 478 00b6 13000000 		.4byte	.LASF16
 479 00ba 02       		.byte	0x2
 480 00bb 6E01     		.2byte	0x16e
 481 00bd C1000000 		.4byte	0xc1
 482 00c1 08       		.uleb128 0x8
 483 00c2 8B000000 		.4byte	0x8b
 484 00c6 07       		.uleb128 0x7
 485 00c7 C3010000 		.4byte	.LASF17
 486 00cb 02       		.byte	0x2
 487 00cc 7E01     		.2byte	0x17e
 488 00ce 72000000 		.4byte	0x72
ARM GAS  C:\Users\PANXIA~1\AppData\Local\Temp\cc7aG6MS.s 			page 17


 489 00d2 09       		.uleb128 0x9
 490 00d3 8C020000 		.4byte	.LASF25
 491 00d7 01       		.byte	0x1
 492 00d8 A0       		.byte	0xa0
 493 00d9 00000000 		.4byte	.LFB3
 494 00dd 02000000 		.4byte	.LFE3-.LFB3
 495 00e1 01       		.uleb128 0x1
 496 00e2 9C       		.byte	0x9c
 497 00e3 0A       		.uleb128 0xa
 498 00e4 BF020000 		.4byte	.LASF19
 499 00e8 01       		.byte	0x1
 500 00e9 D0       		.byte	0xd0
 501 00ea 00000000 		.4byte	.LFB4
 502 00ee 0C000000 		.4byte	.LFE4-.LFB4
 503 00f2 01       		.uleb128 0x1
 504 00f3 9C       		.byte	0x9c
 505 00f4 13010000 		.4byte	0x113
 506 00f8 0B       		.uleb128 0xb
 507 00f9 99010000 		.4byte	.LASF21
 508 00fd 01       		.byte	0x1
 509 00fe D0       		.byte	0xd0
 510 00ff C6000000 		.4byte	0xc6
 511 0103 01       		.uleb128 0x1
 512 0104 50       		.byte	0x50
 513 0105 0C       		.uleb128 0xc
 514 0106 F9010000 		.4byte	.LASF18
 515 010a 01       		.byte	0x1
 516 010b D2       		.byte	0xd2
 517 010c 13010000 		.4byte	0x113
 518 0110 01       		.uleb128 0x1
 519 0111 53       		.byte	0x53
 520 0112 00       		.byte	0
 521 0113 04       		.uleb128 0x4
 522 0114 04       		.byte	0x4
 523 0115 C6000000 		.4byte	0xc6
 524 0119 0D       		.uleb128 0xd
 525 011a 7C020000 		.4byte	.LASF23
 526 011e 01       		.byte	0x1
 527 011f E8       		.byte	0xe8
 528 0120 C6000000 		.4byte	0xc6
 529 0124 00000000 		.4byte	.LFB5
 530 0128 0C000000 		.4byte	.LFE5-.LFB5
 531 012c 01       		.uleb128 0x1
 532 012d 9C       		.byte	0x9c
 533 012e 40010000 		.4byte	0x140
 534 0132 0C       		.uleb128 0xc
 535 0133 F9010000 		.4byte	.LASF18
 536 0137 01       		.byte	0x1
 537 0138 EA       		.byte	0xea
 538 0139 13010000 		.4byte	0x113
 539 013d 01       		.uleb128 0x1
 540 013e 53       		.byte	0x53
 541 013f 00       		.byte	0
 542 0140 0E       		.uleb128 0xe
 543 0141 E5000000 		.4byte	.LASF20
 544 0145 01       		.byte	0x1
 545 0146 0A01     		.2byte	0x10a
ARM GAS  C:\Users\PANXIA~1\AppData\Local\Temp\cc7aG6MS.s 			page 18


 546 0148 00000000 		.4byte	.LFB6
 547 014c 10000000 		.4byte	.LFE6-.LFB6
 548 0150 01       		.uleb128 0x1
 549 0151 9C       		.byte	0x9c
 550 0152 67010000 		.4byte	0x167
 551 0156 0F       		.uleb128 0xf
 552 0157 D5000000 		.4byte	.LASF22
 553 015b 01       		.byte	0x1
 554 015c 0A01     		.2byte	0x10a
 555 015e 80000000 		.4byte	0x80
 556 0162 00000000 		.4byte	.LLST0
 557 0166 00       		.byte	0
 558 0167 10       		.uleb128 0x10
 559 0168 92000000 		.4byte	.LASF24
 560 016c 01       		.byte	0x1
 561 016d 2001     		.2byte	0x120
 562 016f 80000000 		.4byte	0x80
 563 0173 00000000 		.4byte	.LFB7
 564 0177 0C000000 		.4byte	.LFE7-.LFB7
 565 017b 01       		.uleb128 0x1
 566 017c 9C       		.byte	0x9c
 567 017d 92010000 		.4byte	0x192
 568 0181 11       		.uleb128 0x11
 569 0182 D5000000 		.4byte	.LASF22
 570 0186 01       		.byte	0x1
 571 0187 2201     		.2byte	0x122
 572 0189 80000000 		.4byte	0x80
 573 018d 21000000 		.4byte	.LLST1
 574 0191 00       		.byte	0
 575 0192 12       		.uleb128 0x12
 576 0193 E7010000 		.4byte	.LASF26
 577 0197 01       		.byte	0x1
 578 0198 3B01     		.2byte	0x13b
 579 019a 00000000 		.4byte	.LFB8
 580 019e 0C000000 		.4byte	.LFE8-.LFB8
 581 01a2 01       		.uleb128 0x1
 582 01a3 9C       		.byte	0x9c
 583 01a4 13       		.uleb128 0x13
 584 01a5 2A000000 		.4byte	.LASF37
 585 01a9 01       		.byte	0x1
 586 01aa 5001     		.2byte	0x150
 587 01ac 80000000 		.4byte	0x80
 588 01b0 00000000 		.4byte	.LFB9
 589 01b4 18000000 		.4byte	.LFE9-.LFB9
 590 01b8 01       		.uleb128 0x1
 591 01b9 9C       		.byte	0x9c
 592 01ba 12       		.uleb128 0x12
 593 01bb 5A000000 		.4byte	.LASF27
 594 01bf 01       		.byte	0x1
 595 01c0 6501     		.2byte	0x165
 596 01c2 00000000 		.4byte	.LFB10
 597 01c6 0C000000 		.4byte	.LFE10-.LFB10
 598 01ca 01       		.uleb128 0x1
 599 01cb 9C       		.byte	0x9c
 600 01cc 0A       		.uleb128 0xa
 601 01cd 73000000 		.4byte	.LASF28
 602 01d1 01       		.byte	0x1
ARM GAS  C:\Users\PANXIA~1\AppData\Local\Temp\cc7aG6MS.s 			page 19


 603 01d2 3D       		.byte	0x3d
 604 01d3 00000000 		.4byte	.LFB0
 605 01d7 1C000000 		.4byte	.LFE0-.LFB0
 606 01db 01       		.uleb128 0x1
 607 01dc 9C       		.byte	0x9c
 608 01dd 1E020000 		.4byte	0x21e
 609 01e1 14       		.uleb128 0x14
 610 01e2 06000000 		.4byte	.LVL7
 611 01e6 BA010000 		.4byte	0x1ba
 612 01ea 15       		.uleb128 0x15
 613 01eb 0C000000 		.4byte	.LVL8
 614 01ef E3000000 		.4byte	0xe3
 615 01f3 01020000 		.4byte	0x201
 616 01f7 16       		.uleb128 0x16
 617 01f8 01       		.uleb128 0x1
 618 01f9 50       		.byte	0x50
 619 01fa 05       		.uleb128 0x5
 620 01fb 03       		.byte	0x3
 621 01fc 00000000 		.4byte	isr_1_Interrupt
 622 0200 00       		.byte	0
 623 0201 15       		.uleb128 0x15
 624 0202 12000000 		.4byte	.LVL9
 625 0206 40010000 		.4byte	0x140
 626 020a 14020000 		.4byte	0x214
 627 020e 16       		.uleb128 0x16
 628 020f 01       		.uleb128 0x1
 629 0210 50       		.byte	0x50
 630 0211 01       		.uleb128 0x1
 631 0212 37       		.byte	0x37
 632 0213 00       		.byte	0
 633 0214 14       		.uleb128 0x14
 634 0215 16000000 		.4byte	.LVL10
 635 0219 92010000 		.4byte	0x192
 636 021d 00       		.byte	0
 637 021e 0A       		.uleb128 0xa
 638 021f B1020000 		.4byte	.LASF29
 639 0223 01       		.byte	0x1
 640 0224 68       		.byte	0x68
 641 0225 00000000 		.4byte	.LFB1
 642 0229 1A000000 		.4byte	.LFE1-.LFB1
 643 022d 01       		.uleb128 0x1
 644 022e 9C       		.byte	0x9c
 645 022f 7C020000 		.4byte	0x27c
 646 0233 17       		.uleb128 0x17
 647 0234 99010000 		.4byte	.LASF21
 648 0238 01       		.byte	0x1
 649 0239 68       		.byte	0x68
 650 023a C6000000 		.4byte	0xc6
 651 023e 38000000 		.4byte	.LLST2
 652 0242 14       		.uleb128 0x14
 653 0243 08000000 		.4byte	.LVL12
 654 0247 BA010000 		.4byte	0x1ba
 655 024b 15       		.uleb128 0x15
 656 024c 0E000000 		.4byte	.LVL13
 657 0250 E3000000 		.4byte	0xe3
 658 0254 5F020000 		.4byte	0x25f
 659 0258 16       		.uleb128 0x16
ARM GAS  C:\Users\PANXIA~1\AppData\Local\Temp\cc7aG6MS.s 			page 20


 660 0259 01       		.uleb128 0x1
 661 025a 50       		.byte	0x50
 662 025b 02       		.uleb128 0x2
 663 025c 74       		.byte	0x74
 664 025d 00       		.sleb128 0
 665 025e 00       		.byte	0
 666 025f 15       		.uleb128 0x15
 667 0260 14000000 		.4byte	.LVL14
 668 0264 40010000 		.4byte	0x140
 669 0268 72020000 		.4byte	0x272
 670 026c 16       		.uleb128 0x16
 671 026d 01       		.uleb128 0x1
 672 026e 50       		.byte	0x50
 673 026f 01       		.uleb128 0x1
 674 0270 37       		.byte	0x37
 675 0271 00       		.byte	0
 676 0272 14       		.uleb128 0x14
 677 0273 18000000 		.4byte	.LVL15
 678 0277 92010000 		.4byte	0x192
 679 027b 00       		.byte	0
 680 027c 0A       		.uleb128 0xa
 681 027d 68000000 		.4byte	.LASF30
 682 0281 01       		.byte	0x1
 683 0282 86       		.byte	0x86
 684 0283 00000000 		.4byte	.LFB2
 685 0287 14000000 		.4byte	.LFE2-.LFB2
 686 028b 01       		.uleb128 0x1
 687 028c 9C       		.byte	0x9c
 688 028d A4020000 		.4byte	0x2a4
 689 0291 14       		.uleb128 0x14
 690 0292 06000000 		.4byte	.LVL16
 691 0296 BA010000 		.4byte	0x1ba
 692 029a 14       		.uleb128 0x14
 693 029b 0C000000 		.4byte	.LVL17
 694 029f E3000000 		.4byte	0xe3
 695 02a3 00       		.byte	0
 696 02a4 12       		.uleb128 0x12
 697 02a5 19000000 		.4byte	.LASF31
 698 02a9 01       		.byte	0x1
 699 02aa 8001     		.2byte	0x180
 700 02ac 00000000 		.4byte	.LFB11
 701 02b0 0C000000 		.4byte	.LFE11-.LFB11
 702 02b4 01       		.uleb128 0x1
 703 02b5 9C       		.byte	0x9c
 704 02b6 12       		.uleb128 0x12
 705 02b7 00000000 		.4byte	.LASF32
 706 02bb 01       		.byte	0x1
 707 02bc 9901     		.2byte	0x199
 708 02be 00000000 		.4byte	.LFB12
 709 02c2 0C000000 		.4byte	.LFE12-.LFB12
 710 02c6 01       		.uleb128 0x1
 711 02c7 9C       		.byte	0x9c
 712 02c8 18       		.uleb128 0x18
 713 02c9 B8010000 		.4byte	.LASF33
 714 02cd 01       		.byte	0x1
 715 02ce 1E       		.byte	0x1e
 716 02cf 25000000 		.4byte	0x25
ARM GAS  C:\Users\PANXIA~1\AppData\Local\Temp\cc7aG6MS.s 			page 21


 717 02d3 03       		.byte	0x3
 718 02d4 00       		.byte	0
 719              		.section	.debug_abbrev,"",%progbits
 720              	.Ldebug_abbrev0:
 721 0000 01       		.uleb128 0x1
 722 0001 11       		.uleb128 0x11
 723 0002 01       		.byte	0x1
 724 0003 25       		.uleb128 0x25
 725 0004 0E       		.uleb128 0xe
 726 0005 13       		.uleb128 0x13
 727 0006 0B       		.uleb128 0xb
 728 0007 03       		.uleb128 0x3
 729 0008 0E       		.uleb128 0xe
 730 0009 1B       		.uleb128 0x1b
 731 000a 0E       		.uleb128 0xe
 732 000b 55       		.uleb128 0x55
 733 000c 17       		.uleb128 0x17
 734 000d 11       		.uleb128 0x11
 735 000e 01       		.uleb128 0x1
 736 000f 10       		.uleb128 0x10
 737 0010 17       		.uleb128 0x17
 738 0011 00       		.byte	0
 739 0012 00       		.byte	0
 740 0013 02       		.uleb128 0x2
 741 0014 24       		.uleb128 0x24
 742 0015 00       		.byte	0
 743 0016 0B       		.uleb128 0xb
 744 0017 0B       		.uleb128 0xb
 745 0018 3E       		.uleb128 0x3e
 746 0019 0B       		.uleb128 0xb
 747 001a 03       		.uleb128 0x3
 748 001b 08       		.uleb128 0x8
 749 001c 00       		.byte	0
 750 001d 00       		.byte	0
 751 001e 03       		.uleb128 0x3
 752 001f 24       		.uleb128 0x24
 753 0020 00       		.byte	0
 754 0021 0B       		.uleb128 0xb
 755 0022 0B       		.uleb128 0xb
 756 0023 3E       		.uleb128 0x3e
 757 0024 0B       		.uleb128 0xb
 758 0025 03       		.uleb128 0x3
 759 0026 0E       		.uleb128 0xe
 760 0027 00       		.byte	0
 761 0028 00       		.byte	0
 762 0029 04       		.uleb128 0x4
 763 002a 0F       		.uleb128 0xf
 764 002b 00       		.byte	0
 765 002c 0B       		.uleb128 0xb
 766 002d 0B       		.uleb128 0xb
 767 002e 49       		.uleb128 0x49
 768 002f 13       		.uleb128 0x13
 769 0030 00       		.byte	0
 770 0031 00       		.byte	0
 771 0032 05       		.uleb128 0x5
 772 0033 15       		.uleb128 0x15
 773 0034 00       		.byte	0
ARM GAS  C:\Users\PANXIA~1\AppData\Local\Temp\cc7aG6MS.s 			page 22


 774 0035 27       		.uleb128 0x27
 775 0036 19       		.uleb128 0x19
 776 0037 00       		.byte	0
 777 0038 00       		.byte	0
 778 0039 06       		.uleb128 0x6
 779 003a 16       		.uleb128 0x16
 780 003b 00       		.byte	0
 781 003c 03       		.uleb128 0x3
 782 003d 0E       		.uleb128 0xe
 783 003e 3A       		.uleb128 0x3a
 784 003f 0B       		.uleb128 0xb
 785 0040 3B       		.uleb128 0x3b
 786 0041 0B       		.uleb128 0xb
 787 0042 49       		.uleb128 0x49
 788 0043 13       		.uleb128 0x13
 789 0044 00       		.byte	0
 790 0045 00       		.byte	0
 791 0046 07       		.uleb128 0x7
 792 0047 16       		.uleb128 0x16
 793 0048 00       		.byte	0
 794 0049 03       		.uleb128 0x3
 795 004a 0E       		.uleb128 0xe
 796 004b 3A       		.uleb128 0x3a
 797 004c 0B       		.uleb128 0xb
 798 004d 3B       		.uleb128 0x3b
 799 004e 05       		.uleb128 0x5
 800 004f 49       		.uleb128 0x49
 801 0050 13       		.uleb128 0x13
 802 0051 00       		.byte	0
 803 0052 00       		.byte	0
 804 0053 08       		.uleb128 0x8
 805 0054 35       		.uleb128 0x35
 806 0055 00       		.byte	0
 807 0056 49       		.uleb128 0x49
 808 0057 13       		.uleb128 0x13
 809 0058 00       		.byte	0
 810 0059 00       		.byte	0
 811 005a 09       		.uleb128 0x9
 812 005b 2E       		.uleb128 0x2e
 813 005c 00       		.byte	0
 814 005d 3F       		.uleb128 0x3f
 815 005e 19       		.uleb128 0x19
 816 005f 03       		.uleb128 0x3
 817 0060 0E       		.uleb128 0xe
 818 0061 3A       		.uleb128 0x3a
 819 0062 0B       		.uleb128 0xb
 820 0063 3B       		.uleb128 0x3b
 821 0064 0B       		.uleb128 0xb
 822 0065 27       		.uleb128 0x27
 823 0066 19       		.uleb128 0x19
 824 0067 11       		.uleb128 0x11
 825 0068 01       		.uleb128 0x1
 826 0069 12       		.uleb128 0x12
 827 006a 06       		.uleb128 0x6
 828 006b 40       		.uleb128 0x40
 829 006c 18       		.uleb128 0x18
 830 006d 9742     		.uleb128 0x2117
ARM GAS  C:\Users\PANXIA~1\AppData\Local\Temp\cc7aG6MS.s 			page 23


 831 006f 19       		.uleb128 0x19
 832 0070 00       		.byte	0
 833 0071 00       		.byte	0
 834 0072 0A       		.uleb128 0xa
 835 0073 2E       		.uleb128 0x2e
 836 0074 01       		.byte	0x1
 837 0075 3F       		.uleb128 0x3f
 838 0076 19       		.uleb128 0x19
 839 0077 03       		.uleb128 0x3
 840 0078 0E       		.uleb128 0xe
 841 0079 3A       		.uleb128 0x3a
 842 007a 0B       		.uleb128 0xb
 843 007b 3B       		.uleb128 0x3b
 844 007c 0B       		.uleb128 0xb
 845 007d 27       		.uleb128 0x27
 846 007e 19       		.uleb128 0x19
 847 007f 11       		.uleb128 0x11
 848 0080 01       		.uleb128 0x1
 849 0081 12       		.uleb128 0x12
 850 0082 06       		.uleb128 0x6
 851 0083 40       		.uleb128 0x40
 852 0084 18       		.uleb128 0x18
 853 0085 9742     		.uleb128 0x2117
 854 0087 19       		.uleb128 0x19
 855 0088 01       		.uleb128 0x1
 856 0089 13       		.uleb128 0x13
 857 008a 00       		.byte	0
 858 008b 00       		.byte	0
 859 008c 0B       		.uleb128 0xb
 860 008d 05       		.uleb128 0x5
 861 008e 00       		.byte	0
 862 008f 03       		.uleb128 0x3
 863 0090 0E       		.uleb128 0xe
 864 0091 3A       		.uleb128 0x3a
 865 0092 0B       		.uleb128 0xb
 866 0093 3B       		.uleb128 0x3b
 867 0094 0B       		.uleb128 0xb
 868 0095 49       		.uleb128 0x49
 869 0096 13       		.uleb128 0x13
 870 0097 02       		.uleb128 0x2
 871 0098 18       		.uleb128 0x18
 872 0099 00       		.byte	0
 873 009a 00       		.byte	0
 874 009b 0C       		.uleb128 0xc
 875 009c 34       		.uleb128 0x34
 876 009d 00       		.byte	0
 877 009e 03       		.uleb128 0x3
 878 009f 0E       		.uleb128 0xe
 879 00a0 3A       		.uleb128 0x3a
 880 00a1 0B       		.uleb128 0xb
 881 00a2 3B       		.uleb128 0x3b
 882 00a3 0B       		.uleb128 0xb
 883 00a4 49       		.uleb128 0x49
 884 00a5 13       		.uleb128 0x13
 885 00a6 02       		.uleb128 0x2
 886 00a7 18       		.uleb128 0x18
 887 00a8 00       		.byte	0
ARM GAS  C:\Users\PANXIA~1\AppData\Local\Temp\cc7aG6MS.s 			page 24


 888 00a9 00       		.byte	0
 889 00aa 0D       		.uleb128 0xd
 890 00ab 2E       		.uleb128 0x2e
 891 00ac 01       		.byte	0x1
 892 00ad 3F       		.uleb128 0x3f
 893 00ae 19       		.uleb128 0x19
 894 00af 03       		.uleb128 0x3
 895 00b0 0E       		.uleb128 0xe
 896 00b1 3A       		.uleb128 0x3a
 897 00b2 0B       		.uleb128 0xb
 898 00b3 3B       		.uleb128 0x3b
 899 00b4 0B       		.uleb128 0xb
 900 00b5 27       		.uleb128 0x27
 901 00b6 19       		.uleb128 0x19
 902 00b7 49       		.uleb128 0x49
 903 00b8 13       		.uleb128 0x13
 904 00b9 11       		.uleb128 0x11
 905 00ba 01       		.uleb128 0x1
 906 00bb 12       		.uleb128 0x12
 907 00bc 06       		.uleb128 0x6
 908 00bd 40       		.uleb128 0x40
 909 00be 18       		.uleb128 0x18
 910 00bf 9742     		.uleb128 0x2117
 911 00c1 19       		.uleb128 0x19
 912 00c2 01       		.uleb128 0x1
 913 00c3 13       		.uleb128 0x13
 914 00c4 00       		.byte	0
 915 00c5 00       		.byte	0
 916 00c6 0E       		.uleb128 0xe
 917 00c7 2E       		.uleb128 0x2e
 918 00c8 01       		.byte	0x1
 919 00c9 3F       		.uleb128 0x3f
 920 00ca 19       		.uleb128 0x19
 921 00cb 03       		.uleb128 0x3
 922 00cc 0E       		.uleb128 0xe
 923 00cd 3A       		.uleb128 0x3a
 924 00ce 0B       		.uleb128 0xb
 925 00cf 3B       		.uleb128 0x3b
 926 00d0 05       		.uleb128 0x5
 927 00d1 27       		.uleb128 0x27
 928 00d2 19       		.uleb128 0x19
 929 00d3 11       		.uleb128 0x11
 930 00d4 01       		.uleb128 0x1
 931 00d5 12       		.uleb128 0x12
 932 00d6 06       		.uleb128 0x6
 933 00d7 40       		.uleb128 0x40
 934 00d8 18       		.uleb128 0x18
 935 00d9 9742     		.uleb128 0x2117
 936 00db 19       		.uleb128 0x19
 937 00dc 01       		.uleb128 0x1
 938 00dd 13       		.uleb128 0x13
 939 00de 00       		.byte	0
 940 00df 00       		.byte	0
 941 00e0 0F       		.uleb128 0xf
 942 00e1 05       		.uleb128 0x5
 943 00e2 00       		.byte	0
 944 00e3 03       		.uleb128 0x3
ARM GAS  C:\Users\PANXIA~1\AppData\Local\Temp\cc7aG6MS.s 			page 25


 945 00e4 0E       		.uleb128 0xe
 946 00e5 3A       		.uleb128 0x3a
 947 00e6 0B       		.uleb128 0xb
 948 00e7 3B       		.uleb128 0x3b
 949 00e8 05       		.uleb128 0x5
 950 00e9 49       		.uleb128 0x49
 951 00ea 13       		.uleb128 0x13
 952 00eb 02       		.uleb128 0x2
 953 00ec 17       		.uleb128 0x17
 954 00ed 00       		.byte	0
 955 00ee 00       		.byte	0
 956 00ef 10       		.uleb128 0x10
 957 00f0 2E       		.uleb128 0x2e
 958 00f1 01       		.byte	0x1
 959 00f2 3F       		.uleb128 0x3f
 960 00f3 19       		.uleb128 0x19
 961 00f4 03       		.uleb128 0x3
 962 00f5 0E       		.uleb128 0xe
 963 00f6 3A       		.uleb128 0x3a
 964 00f7 0B       		.uleb128 0xb
 965 00f8 3B       		.uleb128 0x3b
 966 00f9 05       		.uleb128 0x5
 967 00fa 27       		.uleb128 0x27
 968 00fb 19       		.uleb128 0x19
 969 00fc 49       		.uleb128 0x49
 970 00fd 13       		.uleb128 0x13
 971 00fe 11       		.uleb128 0x11
 972 00ff 01       		.uleb128 0x1
 973 0100 12       		.uleb128 0x12
 974 0101 06       		.uleb128 0x6
 975 0102 40       		.uleb128 0x40
 976 0103 18       		.uleb128 0x18
 977 0104 9742     		.uleb128 0x2117
 978 0106 19       		.uleb128 0x19
 979 0107 01       		.uleb128 0x1
 980 0108 13       		.uleb128 0x13
 981 0109 00       		.byte	0
 982 010a 00       		.byte	0
 983 010b 11       		.uleb128 0x11
 984 010c 34       		.uleb128 0x34
 985 010d 00       		.byte	0
 986 010e 03       		.uleb128 0x3
 987 010f 0E       		.uleb128 0xe
 988 0110 3A       		.uleb128 0x3a
 989 0111 0B       		.uleb128 0xb
 990 0112 3B       		.uleb128 0x3b
 991 0113 05       		.uleb128 0x5
 992 0114 49       		.uleb128 0x49
 993 0115 13       		.uleb128 0x13
 994 0116 02       		.uleb128 0x2
 995 0117 17       		.uleb128 0x17
 996 0118 00       		.byte	0
 997 0119 00       		.byte	0
 998 011a 12       		.uleb128 0x12
 999 011b 2E       		.uleb128 0x2e
 1000 011c 00       		.byte	0
 1001 011d 3F       		.uleb128 0x3f
ARM GAS  C:\Users\PANXIA~1\AppData\Local\Temp\cc7aG6MS.s 			page 26


 1002 011e 19       		.uleb128 0x19
 1003 011f 03       		.uleb128 0x3
 1004 0120 0E       		.uleb128 0xe
 1005 0121 3A       		.uleb128 0x3a
 1006 0122 0B       		.uleb128 0xb
 1007 0123 3B       		.uleb128 0x3b
 1008 0124 05       		.uleb128 0x5
 1009 0125 27       		.uleb128 0x27
 1010 0126 19       		.uleb128 0x19
 1011 0127 11       		.uleb128 0x11
 1012 0128 01       		.uleb128 0x1
 1013 0129 12       		.uleb128 0x12
 1014 012a 06       		.uleb128 0x6
 1015 012b 40       		.uleb128 0x40
 1016 012c 18       		.uleb128 0x18
 1017 012d 9742     		.uleb128 0x2117
 1018 012f 19       		.uleb128 0x19
 1019 0130 00       		.byte	0
 1020 0131 00       		.byte	0
 1021 0132 13       		.uleb128 0x13
 1022 0133 2E       		.uleb128 0x2e
 1023 0134 00       		.byte	0
 1024 0135 3F       		.uleb128 0x3f
 1025 0136 19       		.uleb128 0x19
 1026 0137 03       		.uleb128 0x3
 1027 0138 0E       		.uleb128 0xe
 1028 0139 3A       		.uleb128 0x3a
 1029 013a 0B       		.uleb128 0xb
 1030 013b 3B       		.uleb128 0x3b
 1031 013c 05       		.uleb128 0x5
 1032 013d 27       		.uleb128 0x27
 1033 013e 19       		.uleb128 0x19
 1034 013f 49       		.uleb128 0x49
 1035 0140 13       		.uleb128 0x13
 1036 0141 11       		.uleb128 0x11
 1037 0142 01       		.uleb128 0x1
 1038 0143 12       		.uleb128 0x12
 1039 0144 06       		.uleb128 0x6
 1040 0145 40       		.uleb128 0x40
 1041 0146 18       		.uleb128 0x18
 1042 0147 9742     		.uleb128 0x2117
 1043 0149 19       		.uleb128 0x19
 1044 014a 00       		.byte	0
 1045 014b 00       		.byte	0
 1046 014c 14       		.uleb128 0x14
 1047 014d 898201   		.uleb128 0x4109
 1048 0150 00       		.byte	0
 1049 0151 11       		.uleb128 0x11
 1050 0152 01       		.uleb128 0x1
 1051 0153 31       		.uleb128 0x31
 1052 0154 13       		.uleb128 0x13
 1053 0155 00       		.byte	0
 1054 0156 00       		.byte	0
 1055 0157 15       		.uleb128 0x15
 1056 0158 898201   		.uleb128 0x4109
 1057 015b 01       		.byte	0x1
 1058 015c 11       		.uleb128 0x11
ARM GAS  C:\Users\PANXIA~1\AppData\Local\Temp\cc7aG6MS.s 			page 27


 1059 015d 01       		.uleb128 0x1
 1060 015e 31       		.uleb128 0x31
 1061 015f 13       		.uleb128 0x13
 1062 0160 01       		.uleb128 0x1
 1063 0161 13       		.uleb128 0x13
 1064 0162 00       		.byte	0
 1065 0163 00       		.byte	0
 1066 0164 16       		.uleb128 0x16
 1067 0165 8A8201   		.uleb128 0x410a
 1068 0168 00       		.byte	0
 1069 0169 02       		.uleb128 0x2
 1070 016a 18       		.uleb128 0x18
 1071 016b 9142     		.uleb128 0x2111
 1072 016d 18       		.uleb128 0x18
 1073 016e 00       		.byte	0
 1074 016f 00       		.byte	0
 1075 0170 17       		.uleb128 0x17
 1076 0171 05       		.uleb128 0x5
 1077 0172 00       		.byte	0
 1078 0173 03       		.uleb128 0x3
 1079 0174 0E       		.uleb128 0xe
 1080 0175 3A       		.uleb128 0x3a
 1081 0176 0B       		.uleb128 0xb
 1082 0177 3B       		.uleb128 0x3b
 1083 0178 0B       		.uleb128 0xb
 1084 0179 49       		.uleb128 0x49
 1085 017a 13       		.uleb128 0x13
 1086 017b 02       		.uleb128 0x2
 1087 017c 17       		.uleb128 0x17
 1088 017d 00       		.byte	0
 1089 017e 00       		.byte	0
 1090 017f 18       		.uleb128 0x18
 1091 0180 34       		.uleb128 0x34
 1092 0181 00       		.byte	0
 1093 0182 03       		.uleb128 0x3
 1094 0183 0E       		.uleb128 0xe
 1095 0184 3A       		.uleb128 0x3a
 1096 0185 0B       		.uleb128 0xb
 1097 0186 3B       		.uleb128 0x3b
 1098 0187 0B       		.uleb128 0xb
 1099 0188 49       		.uleb128 0x49
 1100 0189 13       		.uleb128 0x13
 1101 018a 1C       		.uleb128 0x1c
 1102 018b 0B       		.uleb128 0xb
 1103 018c 00       		.byte	0
 1104 018d 00       		.byte	0
 1105 018e 00       		.byte	0
 1106              		.section	.debug_loc,"",%progbits
 1107              	.Ldebug_loc0:
 1108              	.LLST0:
 1109 0000 00000000 		.4byte	.LVL3
 1110 0004 02000000 		.4byte	.LVL4
 1111 0008 0100     		.2byte	0x1
 1112 000a 50       		.byte	0x50
 1113 000b 02000000 		.4byte	.LVL4
 1114 000f 10000000 		.4byte	.LFE6
 1115 0013 0400     		.2byte	0x4
ARM GAS  C:\Users\PANXIA~1\AppData\Local\Temp\cc7aG6MS.s 			page 28


 1116 0015 F3       		.byte	0xf3
 1117 0016 01       		.uleb128 0x1
 1118 0017 50       		.byte	0x50
 1119 0018 9F       		.byte	0x9f
 1120 0019 00000000 		.4byte	0
 1121 001d 00000000 		.4byte	0
 1122              	.LLST1:
 1123 0021 04000000 		.4byte	.LVL5
 1124 0025 06000000 		.4byte	.LVL6
 1125 0029 0500     		.2byte	0x5
 1126 002b 70       		.byte	0x70
 1127 002c 00       		.sleb128 0
 1128 002d 35       		.byte	0x35
 1129 002e 25       		.byte	0x25
 1130 002f 9F       		.byte	0x9f
 1131 0030 00000000 		.4byte	0
 1132 0034 00000000 		.4byte	0
 1133              	.LLST2:
 1134 0038 00000000 		.4byte	.LVL11
 1135 003c 07000000 		.4byte	.LVL12-1
 1136 0040 0100     		.2byte	0x1
 1137 0042 50       		.byte	0x50
 1138 0043 07000000 		.4byte	.LVL12-1
 1139 0047 1A000000 		.4byte	.LFE1
 1140 004b 0100     		.2byte	0x1
 1141 004d 54       		.byte	0x54
 1142 004e 00000000 		.4byte	0
 1143 0052 00000000 		.4byte	0
 1144              		.section	.debug_aranges,"",%progbits
 1145 0000 7C000000 		.4byte	0x7c
 1146 0004 0200     		.2byte	0x2
 1147 0006 00000000 		.4byte	.Ldebug_info0
 1148 000a 04       		.byte	0x4
 1149 000b 00       		.byte	0
 1150 000c 0000     		.2byte	0
 1151 000e 0000     		.2byte	0
 1152 0010 00000000 		.4byte	.LFB3
 1153 0014 02000000 		.4byte	.LFE3-.LFB3
 1154 0018 00000000 		.4byte	.LFB4
 1155 001c 0C000000 		.4byte	.LFE4-.LFB4
 1156 0020 00000000 		.4byte	.LFB5
 1157 0024 0C000000 		.4byte	.LFE5-.LFB5
 1158 0028 00000000 		.4byte	.LFB6
 1159 002c 10000000 		.4byte	.LFE6-.LFB6
 1160 0030 00000000 		.4byte	.LFB7
 1161 0034 0C000000 		.4byte	.LFE7-.LFB7
 1162 0038 00000000 		.4byte	.LFB8
 1163 003c 0C000000 		.4byte	.LFE8-.LFB8
 1164 0040 00000000 		.4byte	.LFB9
 1165 0044 18000000 		.4byte	.LFE9-.LFB9
 1166 0048 00000000 		.4byte	.LFB10
 1167 004c 0C000000 		.4byte	.LFE10-.LFB10
 1168 0050 00000000 		.4byte	.LFB0
 1169 0054 1C000000 		.4byte	.LFE0-.LFB0
 1170 0058 00000000 		.4byte	.LFB1
 1171 005c 1A000000 		.4byte	.LFE1-.LFB1
 1172 0060 00000000 		.4byte	.LFB2
ARM GAS  C:\Users\PANXIA~1\AppData\Local\Temp\cc7aG6MS.s 			page 29


 1173 0064 14000000 		.4byte	.LFE2-.LFB2
 1174 0068 00000000 		.4byte	.LFB11
 1175 006c 0C000000 		.4byte	.LFE11-.LFB11
 1176 0070 00000000 		.4byte	.LFB12
 1177 0074 0C000000 		.4byte	.LFE12-.LFB12
 1178 0078 00000000 		.4byte	0
 1179 007c 00000000 		.4byte	0
 1180              		.section	.debug_ranges,"",%progbits
 1181              	.Ldebug_ranges0:
 1182 0000 00000000 		.4byte	.LFB3
 1183 0004 02000000 		.4byte	.LFE3
 1184 0008 00000000 		.4byte	.LFB4
 1185 000c 0C000000 		.4byte	.LFE4
 1186 0010 00000000 		.4byte	.LFB5
 1187 0014 0C000000 		.4byte	.LFE5
 1188 0018 00000000 		.4byte	.LFB6
 1189 001c 10000000 		.4byte	.LFE6
 1190 0020 00000000 		.4byte	.LFB7
 1191 0024 0C000000 		.4byte	.LFE7
 1192 0028 00000000 		.4byte	.LFB8
 1193 002c 0C000000 		.4byte	.LFE8
 1194 0030 00000000 		.4byte	.LFB9
 1195 0034 18000000 		.4byte	.LFE9
 1196 0038 00000000 		.4byte	.LFB10
 1197 003c 0C000000 		.4byte	.LFE10
 1198 0040 00000000 		.4byte	.LFB0
 1199 0044 1C000000 		.4byte	.LFE0
 1200 0048 00000000 		.4byte	.LFB1
 1201 004c 1A000000 		.4byte	.LFE1
 1202 0050 00000000 		.4byte	.LFB2
 1203 0054 14000000 		.4byte	.LFE2
 1204 0058 00000000 		.4byte	.LFB11
 1205 005c 0C000000 		.4byte	.LFE11
 1206 0060 00000000 		.4byte	.LFB12
 1207 0064 0C000000 		.4byte	.LFE12
 1208 0068 00000000 		.4byte	0
 1209 006c 00000000 		.4byte	0
 1210              		.section	.debug_line,"",%progbits
 1211              	.Ldebug_line0:
 1212 0000 47010000 		.section	.debug_str,"MS",%progbits,1
 1212      02005B00 
 1212      00000201 
 1212      FB0E0D00 
 1212      01010101 
 1213              	.LASF32:
 1214 0000 6973725F 		.ascii	"isr_1_ClearPending\000"
 1214      315F436C 
 1214      65617250 
 1214      656E6469 
 1214      6E6700
 1215              	.LASF16:
 1216 0013 72656733 		.ascii	"reg32\000"
 1216      3200
 1217              	.LASF31:
 1218 0019 6973725F 		.ascii	"isr_1_SetPending\000"
 1218      315F5365 
 1218      7450656E 
ARM GAS  C:\Users\PANXIA~1\AppData\Local\Temp\cc7aG6MS.s 			page 30


 1218      64696E67 
 1218      00
 1219              	.LASF37:
 1220 002a 6973725F 		.ascii	"isr_1_GetState\000"
 1220      315F4765 
 1220      74537461 
 1220      746500
 1221              	.LASF35:
 1222 0039 2E5C4765 		.ascii	".\\Generated_Source\\PSoC5\\isr_1.c\000"
 1222      6E657261 
 1222      7465645F 
 1222      536F7572 
 1222      63655C50 
 1223              	.LASF27:
 1224 005a 6973725F 		.ascii	"isr_1_Disable\000"
 1224      315F4469 
 1224      7361626C 
 1224      6500
 1225              	.LASF30:
 1226 0068 6973725F 		.ascii	"isr_1_Stop\000"
 1226      315F5374 
 1226      6F7000
 1227              	.LASF28:
 1228 0073 6973725F 		.ascii	"isr_1_Start\000"
 1228      315F5374 
 1228      61727400 
 1229              	.LASF4:
 1230 007f 73686F72 		.ascii	"short unsigned int\000"
 1230      7420756E 
 1230      7369676E 
 1230      65642069 
 1230      6E7400
 1231              	.LASF24:
 1232 0092 6973725F 		.ascii	"isr_1_GetPriority\000"
 1232      315F4765 
 1232      74507269 
 1232      6F726974 
 1232      7900
 1233              	.LASF13:
 1234 00a4 666C6F61 		.ascii	"float\000"
 1234      7400
 1235              	.LASF2:
 1236 00aa 756E7369 		.ascii	"unsigned char\000"
 1236      676E6564 
 1236      20636861 
 1236      7200
 1237              	.LASF15:
 1238 00b8 72656738 		.ascii	"reg8\000"
 1238      00
 1239              	.LASF6:
 1240 00bd 6C6F6E67 		.ascii	"long unsigned int\000"
 1240      20756E73 
 1240      69676E65 
 1240      6420696E 
 1240      7400
 1241              	.LASF11:
 1242 00cf 75696E74 		.ascii	"uint8\000"
ARM GAS  C:\Users\PANXIA~1\AppData\Local\Temp\cc7aG6MS.s 			page 31


 1242      3800
 1243              	.LASF22:
 1244 00d5 7072696F 		.ascii	"priority\000"
 1244      72697479 
 1244      00
 1245              	.LASF14:
 1246 00de 646F7562 		.ascii	"double\000"
 1246      6C6500
 1247              	.LASF20:
 1248 00e5 6973725F 		.ascii	"isr_1_SetPriority\000"
 1248      315F5365 
 1248      74507269 
 1248      6F726974 
 1248      7900
 1249              	.LASF12:
 1250 00f7 75696E74 		.ascii	"uint32\000"
 1250      333200
 1251              	.LASF34:
 1252 00fe 474E5520 		.ascii	"GNU C 4.9.3 20150303 (release) [ARM/embedded-4_9-br"
 1252      4320342E 
 1252      392E3320 
 1252      32303135 
 1252      30333033 
 1253 0131 616E6368 		.ascii	"anch revision 221220] -mcpu=cortex-m3 -mthumb -g -O"
 1253      20726576 
 1253      6973696F 
 1253      6E203232 
 1253      31323230 
 1254 0164 67202D66 		.ascii	"g -ffunction-sections -ffat-lto-objects\000"
 1254      66756E63 
 1254      74696F6E 
 1254      2D736563 
 1254      74696F6E 
 1255              	.LASF0:
 1256 018c 756E7369 		.ascii	"unsigned int\000"
 1256      676E6564 
 1256      20696E74 
 1256      00
 1257              	.LASF21:
 1258 0199 61646472 		.ascii	"address\000"
 1258      65737300 
 1259              	.LASF8:
 1260 01a1 6C6F6E67 		.ascii	"long long unsigned int\000"
 1260      206C6F6E 
 1260      6720756E 
 1260      7369676E 
 1260      65642069 
 1261              	.LASF33:
 1262 01b8 74696D65 		.ascii	"time_count\000"
 1262      5F636F75 
 1262      6E7400
 1263              	.LASF17:
 1264 01c3 63796973 		.ascii	"cyisraddress\000"
 1264      72616464 
 1264      72657373 
 1264      00
 1265              	.LASF9:
ARM GAS  C:\Users\PANXIA~1\AppData\Local\Temp\cc7aG6MS.s 			page 32


 1266 01d0 73697A65 		.ascii	"sizetype\000"
 1266      74797065 
 1266      00
 1267              	.LASF7:
 1268 01d9 6C6F6E67 		.ascii	"long long int\000"
 1268      206C6F6E 
 1268      6720696E 
 1268      7400
 1269              	.LASF26:
 1270 01e7 6973725F 		.ascii	"isr_1_Enable\000"
 1270      315F456E 
 1270      61626C65 
 1270      00
 1271              	.LASF10:
 1272 01f4 63686172 		.ascii	"char\000"
 1272      00
 1273              	.LASF18:
 1274 01f9 72616D56 		.ascii	"ramVectorTable\000"
 1274      6563746F 
 1274      72546162 
 1274      6C6500
 1275              	.LASF36:
 1276 0208 443A5C47 		.ascii	"D:\\GIT\\A20_CANfestival\\A20Bootload\\A66_canfesti"
 1276      49545C41 
 1276      32305F43 
 1276      414E6665 
 1276      73746976 
 1277 0237 76616C5F 		.ascii	"val_bootload\\Workspace01\\MOTION-T1-2016-09-18-ver"
 1277      626F6F74 
 1277      6C6F6164 
 1277      5C576F72 
 1277      6B737061 
 1278 0268 312E302E 		.ascii	"1.0.cydsn\000"
 1278      63796473 
 1278      6E00
 1279              	.LASF3:
 1280 0272 73686F72 		.ascii	"short int\000"
 1280      7420696E 
 1280      7400
 1281              	.LASF23:
 1282 027c 6973725F 		.ascii	"isr_1_GetVector\000"
 1282      315F4765 
 1282      74566563 
 1282      746F7200 
 1283              	.LASF25:
 1284 028c 6973725F 		.ascii	"isr_1_Interrupt\000"
 1284      315F496E 
 1284      74657272 
 1284      75707400 
 1285              	.LASF5:
 1286 029c 6C6F6E67 		.ascii	"long int\000"
 1286      20696E74 
 1286      00
 1287              	.LASF1:
 1288 02a5 7369676E 		.ascii	"signed char\000"
 1288      65642063 
 1288      68617200 
ARM GAS  C:\Users\PANXIA~1\AppData\Local\Temp\cc7aG6MS.s 			page 33


 1289              	.LASF29:
 1290 02b1 6973725F 		.ascii	"isr_1_StartEx\000"
 1290      315F5374 
 1290      61727445 
 1290      7800
 1291              	.LASF19:
 1292 02bf 6973725F 		.ascii	"isr_1_SetVector\000"
 1292      315F5365 
 1292      74566563 
 1292      746F7200 
 1293              		.ident	"GCC: (GNU Tools for ARM Embedded Processors) 4.9.3 20150303 (release) [ARM/embedded-4_9-br
