ARM GAS  C:\Users\li\AppData\Local\Temp\ccLWBUJ9.s 			page 1


   1              		.syntax unified
   2              		.cpu cortex-m3
   3              		.fpu softvfp
   4              		.eabi_attribute 20, 1
   5              		.eabi_attribute 21, 1
   6              		.eabi_attribute 23, 3
   7              		.eabi_attribute 24, 1
   8              		.eabi_attribute 25, 1
   9              		.eabi_attribute 26, 1
  10              		.eabi_attribute 30, 1
  11              		.eabi_attribute 34, 1
  12              		.eabi_attribute 18, 4
  13              		.thumb
  14              		.file	"main.c"
  15              		.text
  16              	.Ltext0:
  17              		.cfi_sections	.debug_frame
  18              		.section	.text.main,"ax",%progbits
  19              		.align	2
  20              		.global	main
  21              		.thumb
  22              		.thumb_func
  23              		.type	main, %function
  24              	main:
  25              	.LFB63:
  26              		.file 1 ".\\main.c"
   1:.\main.c      **** /* ========================================
   2:.\main.c      ****  *
   3:.\main.c      ****  * Copyright YOUR COMPANY, THE YEAR
   4:.\main.c      ****  * All Rights Reserved
   5:.\main.c      ****  * UNPUBLISHED, LICENSED SOFTWARE.
   6:.\main.c      ****  *
   7:.\main.c      ****  * CONFIDENTIAL AND PROPRIETARY INFORMATION
   8:.\main.c      ****  * WHICH IS THE PROPERTY OF your company.
   9:.\main.c      ****  *
  10:.\main.c      ****  * ========================================
  11:.\main.c      **** */
  12:.\main.c      **** #include <project.h>
  13:.\main.c      **** 
  14:.\main.c      **** int main()
  15:.\main.c      **** {  
  27              		.loc 1 15 0
  28              		.cfi_startproc
  29              		@ Volatile: function does not return.
  30              		@ args = 0, pretend = 0, frame = 0
  31              		@ frame_needed = 0, uses_anonymous_args = 0
  32 0000 08B5     		push	{r3, lr}
  33              		.cfi_def_cfa_offset 8
  34              		.cfi_offset 3, -8
  35              		.cfi_offset 14, -4
  16:.\main.c      ****     LCD_Char_1_Init();
  36              		.loc 1 16 0
  37 0002 FFF7FEFF 		bl	LCD_Char_1_Init
  38              	.LVL0:
  17:.\main.c      ****     LCD_Char_1_LoadCustomFonts(LCD_Char_1_customFonts) ; 
  39              		.loc 1 17 0
  40 0006 0C48     		ldr	r0, .L4
ARM GAS  C:\Users\li\AppData\Local\Temp\ccLWBUJ9.s 			page 2


  41 0008 FFF7FEFF 		bl	LCD_Char_1_LoadCustomFonts
  42              	.LVL1:
  18:.\main.c      **** //    Timer_1_Start();
  19:.\main.c      **** //	isr_1_Start();
  20:.\main.c      ****     CyGlobalIntEnable; /* Enable global interrupts. */
  43              		.loc 1 20 0
  44              	@ 20 ".\main.c" 1
  45 000c 62B6     		CPSIE   i
  46              	@ 0 "" 2
  21:.\main.c      **** 
  22:.\main.c      ****  
  23:.\main.c      ****     /* Place your initialization/startup code here (e.g. MyInst_Start()) */
  24:.\main.c      **** //  
  25:.\main.c      ****     LCD_Char_1_Position(0,0) ;
  47              		.loc 1 25 0
  48              		.thumb
  49 000e 0020     		movs	r0, #0
  50 0010 0146     		mov	r1, r0
  51 0012 FFF7FEFF 		bl	LCD_Char_1_Position
  52              	.LVL2:
  26:.\main.c      ****     LCD_Char_1_PrintString("Boot-V1");
  53              		.loc 1 26 0
  54 0016 0948     		ldr	r0, .L4+4
  55 0018 FFF7FEFF 		bl	LCD_Char_1_PrintString
  56              	.LVL3:
  27:.\main.c      ****     LCD_Char_1_Position(1,0) ;
  57              		.loc 1 27 0
  58 001c 0120     		movs	r0, #1
  59 001e 0021     		movs	r1, #0
  60 0020 FFF7FEFF 		bl	LCD_Char_1_Position
  61              	.LVL4:
  28:.\main.c      ****     LCD_Char_1_PrintString("");
  62              		.loc 1 28 0
  63 0024 0648     		ldr	r0, .L4+8
  64 0026 FFF7FEFF 		bl	LCD_Char_1_PrintString
  65              	.LVL5:
  29:.\main.c      **** //    USBFS_1_Init();
  30:.\main.c      **** //    USBFS_1_Dp_SetDriveMode(USBFS_1_Dp_DM_STRONG);
  31:.\main.c      **** //    USBFS_1_Dm_SetDriveMode(USBFS_1_Dp_DM_STRONG);
  32:.\main.c      ****     CyDelay(1000);
  66              		.loc 1 32 0
  67 002a 4FF47A70 		mov	r0, #1000
  68 002e FFF7FEFF 		bl	CyDelay
  69              	.LVL6:
  33:.\main.c      ****    
  34:.\main.c      **** //    if(USBFS_1_Dm_Read() == 0 )
  35:.\main.c      **** //    {
  36:.\main.c      **** //        LCD_Char_1_Position(0,0);
  37:.\main.c      **** //        LCD_Char_1_PrintString("1  pc");
  38:.\main.c      **** //    }
  39:.\main.c      **** //    
  40:.\main.c      **** //    if(USBFS_1_Dm_Read() == 0)
  41:.\main.c      **** //    {
  42:.\main.c      **** //      LCD_Char_1_Position(1,0) ;
  43:.\main.c      **** //      LCD_Char_1_PrintString("-----");
  44:.\main.c      **** ////          LCD_Char_1_Position(1,0) ;
  45:.\main.c      **** ////          LCD_Char_1_PrintString('0  pc');
ARM GAS  C:\Users\li\AppData\Local\Temp\ccLWBUJ9.s 			page 3


  46:.\main.c      **** //    }
  47:.\main.c      ****     CyBtldr_Start();
  70              		.loc 1 47 0
  71 0032 FFF7FEFF 		bl	Bootloader_1_Start
  72              	.LVL7:
  73              	.L2:
  48:.\main.c      ****  
  49:.\main.c      ****     for(;;)
  50:.\main.c      ****     {
  51:.\main.c      ****         /* Place your application code here. */
  52:.\main.c      ****   
  53:.\main.c      ****     }
  74              		.loc 1 53 0 discriminator 1
  75 0036 FEE7     		b	.L2
  76              	.L5:
  77              		.align	2
  78              	.L4:
  79 0038 00000000 		.word	LCD_Char_1_customFonts
  80 003c 00000000 		.word	.LC0
  81 0040 08000000 		.word	.LC1
  82              		.cfi_endproc
  83              	.LFE63:
  84              		.size	main, .-main
  85              		.section	.rodata.str1.4,"aMS",%progbits,1
  86              		.align	2
  87              	.LC0:
  88 0000 426F6F74 		.ascii	"Boot-V1\000"
  88      2D563100 
  89              	.LC1:
  90 0008 00       		.ascii	"\000"
  91 0009 000000   		.text
  92              	.Letext0:
  93              		.file 2 "c:\\program files (x86)\\cypress\\psoc creator\\3.3\\psoc creator\\import\\gnu\\arm\\4.9.
  94              		.file 3 "c:\\program files (x86)\\cypress\\psoc creator\\3.3\\psoc creator\\import\\gnu\\arm\\4.9.
  95              		.file 4 "Generated_Source\\PSoC5/cytypes.h"
  96              		.file 5 "Generated_Source\\PSoC5/LCD_Char_1.h"
  97              		.file 6 "Generated_Source\\PSoC5/core_cm3.h"
  98              		.file 7 "Generated_Source\\PSoC5/CyLib.h"
  99              		.file 8 "Generated_Source\\PSoC5/Bootloader_1.h"
 100              		.section	.debug_info,"",%progbits
 101              	.Ldebug_info0:
 102 0000 01020000 		.4byte	0x201
 103 0004 0400     		.2byte	0x4
 104 0006 00000000 		.4byte	.Ldebug_abbrev0
 105 000a 04       		.byte	0x4
 106 000b 01       		.uleb128 0x1
 107 000c 12010000 		.4byte	.LASF26
 108 0010 01       		.byte	0x1
 109 0011 93000000 		.4byte	.LASF27
 110 0015 25000000 		.4byte	.LASF28
 111 0019 00000000 		.4byte	.Ldebug_ranges0+0
 112 001d 00000000 		.4byte	0
 113 0021 00000000 		.4byte	.Ldebug_line0
 114 0025 02       		.uleb128 0x2
 115 0026 01       		.byte	0x1
 116 0027 06       		.byte	0x6
 117 0028 4F020000 		.4byte	.LASF0
ARM GAS  C:\Users\li\AppData\Local\Temp\ccLWBUJ9.s 			page 4


 118 002c 02       		.uleb128 0x2
 119 002d 01       		.byte	0x1
 120 002e 08       		.byte	0x8
 121 002f F1000000 		.4byte	.LASF1
 122 0033 02       		.uleb128 0x2
 123 0034 02       		.byte	0x2
 124 0035 05       		.byte	0x5
 125 0036 36020000 		.4byte	.LASF2
 126 003a 02       		.uleb128 0x2
 127 003b 02       		.byte	0x2
 128 003c 07       		.byte	0x7
 129 003d D1000000 		.4byte	.LASF3
 130 0041 03       		.uleb128 0x3
 131 0042 1B000000 		.4byte	.LASF9
 132 0046 02       		.byte	0x2
 133 0047 3F       		.byte	0x3f
 134 0048 4C000000 		.4byte	0x4c
 135 004c 02       		.uleb128 0x2
 136 004d 04       		.byte	0x4
 137 004e 05       		.byte	0x5
 138 004f 46020000 		.4byte	.LASF4
 139 0053 02       		.uleb128 0x2
 140 0054 04       		.byte	0x4
 141 0055 07       		.byte	0x7
 142 0056 BF000000 		.4byte	.LASF5
 143 005a 02       		.uleb128 0x2
 144 005b 08       		.byte	0x8
 145 005c 05       		.byte	0x5
 146 005d EC010000 		.4byte	.LASF6
 147 0061 02       		.uleb128 0x2
 148 0062 08       		.byte	0x8
 149 0063 07       		.byte	0x7
 150 0064 AD010000 		.4byte	.LASF7
 151 0068 04       		.uleb128 0x4
 152 0069 04       		.byte	0x4
 153 006a 05       		.byte	0x5
 154 006b 696E7400 		.ascii	"int\000"
 155 006f 02       		.uleb128 0x2
 156 0070 04       		.byte	0x4
 157 0071 07       		.byte	0x7
 158 0072 A0010000 		.4byte	.LASF8
 159 0076 03       		.uleb128 0x3
 160 0077 C4010000 		.4byte	.LASF10
 161 007b 03       		.byte	0x3
 162 007c 2C       		.byte	0x2c
 163 007d 41000000 		.4byte	0x41
 164 0081 03       		.uleb128 0x3
 165 0082 40020000 		.4byte	.LASF11
 166 0086 04       		.byte	0x4
 167 0087 C2       		.byte	0xc2
 168 0088 2C000000 		.4byte	0x2c
 169 008c 03       		.uleb128 0x3
 170 008d 0B010000 		.4byte	.LASF12
 171 0091 04       		.byte	0x4
 172 0092 C4       		.byte	0xc4
 173 0093 53000000 		.4byte	0x53
 174 0097 02       		.uleb128 0x2
ARM GAS  C:\Users\li\AppData\Local\Temp\ccLWBUJ9.s 			page 5


 175 0098 04       		.byte	0x4
 176 0099 04       		.byte	0x4
 177 009a 9C000000 		.4byte	.LASF13
 178 009e 02       		.uleb128 0x2
 179 009f 08       		.byte	0x8
 180 00a0 04       		.byte	0x4
 181 00a1 FF000000 		.4byte	.LASF14
 182 00a5 03       		.uleb128 0x3
 183 00a6 B9000000 		.4byte	.LASF15
 184 00aa 04       		.byte	0x4
 185 00ab D3       		.byte	0xd3
 186 00ac B0000000 		.4byte	0xb0
 187 00b0 02       		.uleb128 0x2
 188 00b1 01       		.byte	0x1
 189 00b2 08       		.byte	0x8
 190 00b3 FA010000 		.4byte	.LASF16
 191 00b7 02       		.uleb128 0x2
 192 00b8 04       		.byte	0x4
 193 00b9 07       		.byte	0x7
 194 00ba E3010000 		.4byte	.LASF17
 195 00be 05       		.uleb128 0x5
 196 00bf 06010000 		.4byte	.LASF29
 197 00c3 01       		.byte	0x1
 198 00c4 0E       		.byte	0xe
 199 00c5 68000000 		.4byte	0x68
 200 00c9 00000000 		.4byte	.LFB63
 201 00cd 44000000 		.4byte	.LFE63-.LFB63
 202 00d1 01       		.uleb128 0x1
 203 00d2 9C       		.byte	0x9c
 204 00d3 66010000 		.4byte	0x166
 205 00d7 06       		.uleb128 0x6
 206 00d8 06000000 		.4byte	.LVL0
 207 00dc 97010000 		.4byte	0x197
 208 00e0 06       		.uleb128 0x6
 209 00e1 0C000000 		.4byte	.LVL1
 210 00e5 9E010000 		.4byte	0x19e
 211 00e9 07       		.uleb128 0x7
 212 00ea 16000000 		.4byte	.LVL2
 213 00ee BA010000 		.4byte	0x1ba
 214 00f2 01010000 		.4byte	0x101
 215 00f6 08       		.uleb128 0x8
 216 00f7 01       		.uleb128 0x1
 217 00f8 51       		.byte	0x51
 218 00f9 01       		.uleb128 0x1
 219 00fa 30       		.byte	0x30
 220 00fb 08       		.uleb128 0x8
 221 00fc 01       		.uleb128 0x1
 222 00fd 50       		.byte	0x50
 223 00fe 01       		.uleb128 0x1
 224 00ff 30       		.byte	0x30
 225 0100 00       		.byte	0
 226 0101 07       		.uleb128 0x7
 227 0102 1C000000 		.4byte	.LVL3
 228 0106 D0010000 		.4byte	0x1d0
 229 010a 18010000 		.4byte	0x118
 230 010e 08       		.uleb128 0x8
 231 010f 01       		.uleb128 0x1
ARM GAS  C:\Users\li\AppData\Local\Temp\ccLWBUJ9.s 			page 6


 232 0110 50       		.byte	0x50
 233 0111 05       		.uleb128 0x5
 234 0112 03       		.byte	0x3
 235 0113 00000000 		.4byte	.LC0
 236 0117 00       		.byte	0
 237 0118 07       		.uleb128 0x7
 238 0119 24000000 		.4byte	.LVL4
 239 011d BA010000 		.4byte	0x1ba
 240 0121 30010000 		.4byte	0x130
 241 0125 08       		.uleb128 0x8
 242 0126 01       		.uleb128 0x1
 243 0127 51       		.byte	0x51
 244 0128 01       		.uleb128 0x1
 245 0129 30       		.byte	0x30
 246 012a 08       		.uleb128 0x8
 247 012b 01       		.uleb128 0x1
 248 012c 50       		.byte	0x50
 249 012d 01       		.uleb128 0x1
 250 012e 31       		.byte	0x31
 251 012f 00       		.byte	0
 252 0130 07       		.uleb128 0x7
 253 0131 2A000000 		.4byte	.LVL5
 254 0135 D0010000 		.4byte	0x1d0
 255 0139 47010000 		.4byte	0x147
 256 013d 08       		.uleb128 0x8
 257 013e 01       		.uleb128 0x1
 258 013f 50       		.byte	0x50
 259 0140 05       		.uleb128 0x5
 260 0141 03       		.byte	0x3
 261 0142 08000000 		.4byte	.LC1
 262 0146 00       		.byte	0
 263 0147 07       		.uleb128 0x7
 264 0148 32000000 		.4byte	.LVL6
 265 014c EC010000 		.4byte	0x1ec
 266 0150 5C010000 		.4byte	0x15c
 267 0154 08       		.uleb128 0x8
 268 0155 01       		.uleb128 0x1
 269 0156 50       		.byte	0x50
 270 0157 03       		.uleb128 0x3
 271 0158 0A       		.byte	0xa
 272 0159 E803     		.2byte	0x3e8
 273 015b 00       		.byte	0
 274 015c 06       		.uleb128 0x6
 275 015d 36000000 		.4byte	.LVL7
 276 0161 FD010000 		.4byte	0x1fd
 277 0165 00       		.byte	0
 278 0166 09       		.uleb128 0x9
 279 0167 81000000 		.4byte	0x81
 280 016b 76010000 		.4byte	0x176
 281 016f 0A       		.uleb128 0xa
 282 0170 B7000000 		.4byte	0xb7
 283 0174 3F       		.byte	0x3f
 284 0175 00       		.byte	0
 285 0176 0B       		.uleb128 0xb
 286 0177 CC010000 		.4byte	.LASF18
 287 017b 05       		.byte	0x5
 288 017c 77       		.byte	0x77
ARM GAS  C:\Users\li\AppData\Local\Temp\ccLWBUJ9.s 			page 7


 289 017d 81010000 		.4byte	0x181
 290 0181 0C       		.uleb128 0xc
 291 0182 66010000 		.4byte	0x166
 292 0186 0D       		.uleb128 0xd
 293 0187 E4000000 		.4byte	.LASF19
 294 018b 06       		.byte	0x6
 295 018c 2A06     		.2byte	0x62a
 296 018e 92010000 		.4byte	0x192
 297 0192 0E       		.uleb128 0xe
 298 0193 76000000 		.4byte	0x76
 299 0197 0F       		.uleb128 0xf
 300 0198 26020000 		.4byte	.LASF24
 301 019c 05       		.byte	0x5
 302 019d 36       		.byte	0x36
 303 019e 10       		.uleb128 0x10
 304 019f 00000000 		.4byte	.LASF20
 305 01a3 05       		.byte	0x5
 306 01a4 55       		.byte	0x55
 307 01a5 AF010000 		.4byte	0x1af
 308 01a9 11       		.uleb128 0x11
 309 01aa AF010000 		.4byte	0x1af
 310 01ae 00       		.byte	0
 311 01af 12       		.uleb128 0x12
 312 01b0 04       		.byte	0x4
 313 01b1 B5010000 		.4byte	0x1b5
 314 01b5 0C       		.uleb128 0xc
 315 01b6 81000000 		.4byte	0x81
 316 01ba 10       		.uleb128 0x10
 317 01bb FF010000 		.4byte	.LASF21
 318 01bf 05       		.byte	0x5
 319 01c0 3D       		.byte	0x3d
 320 01c1 D0010000 		.4byte	0x1d0
 321 01c5 11       		.uleb128 0x11
 322 01c6 81000000 		.4byte	0x81
 323 01ca 11       		.uleb128 0x11
 324 01cb 81000000 		.4byte	0x81
 325 01cf 00       		.byte	0
 326 01d0 10       		.uleb128 0x10
 327 01d1 A2000000 		.4byte	.LASF22
 328 01d5 05       		.byte	0x5
 329 01d6 3C       		.byte	0x3c
 330 01d7 E1010000 		.4byte	0x1e1
 331 01db 11       		.uleb128 0x11
 332 01dc E1010000 		.4byte	0x1e1
 333 01e0 00       		.byte	0
 334 01e1 12       		.uleb128 0x12
 335 01e2 04       		.byte	0x4
 336 01e3 E7010000 		.4byte	0x1e7
 337 01e7 0C       		.uleb128 0xc
 338 01e8 A5000000 		.4byte	0xa5
 339 01ec 10       		.uleb128 0x10
 340 01ed 5B020000 		.4byte	.LASF23
 341 01f1 07       		.byte	0x7
 342 01f2 77       		.byte	0x77
 343 01f3 FD010000 		.4byte	0x1fd
 344 01f7 11       		.uleb128 0x11
 345 01f8 8C000000 		.4byte	0x8c
ARM GAS  C:\Users\li\AppData\Local\Temp\ccLWBUJ9.s 			page 8


 346 01fc 00       		.byte	0
 347 01fd 0F       		.uleb128 0xf
 348 01fe 13020000 		.4byte	.LASF25
 349 0202 08       		.byte	0x8
 350 0203 8D       		.byte	0x8d
 351 0204 00       		.byte	0
 352              		.section	.debug_abbrev,"",%progbits
 353              	.Ldebug_abbrev0:
 354 0000 01       		.uleb128 0x1
 355 0001 11       		.uleb128 0x11
 356 0002 01       		.byte	0x1
 357 0003 25       		.uleb128 0x25
 358 0004 0E       		.uleb128 0xe
 359 0005 13       		.uleb128 0x13
 360 0006 0B       		.uleb128 0xb
 361 0007 03       		.uleb128 0x3
 362 0008 0E       		.uleb128 0xe
 363 0009 1B       		.uleb128 0x1b
 364 000a 0E       		.uleb128 0xe
 365 000b 55       		.uleb128 0x55
 366 000c 17       		.uleb128 0x17
 367 000d 11       		.uleb128 0x11
 368 000e 01       		.uleb128 0x1
 369 000f 10       		.uleb128 0x10
 370 0010 17       		.uleb128 0x17
 371 0011 00       		.byte	0
 372 0012 00       		.byte	0
 373 0013 02       		.uleb128 0x2
 374 0014 24       		.uleb128 0x24
 375 0015 00       		.byte	0
 376 0016 0B       		.uleb128 0xb
 377 0017 0B       		.uleb128 0xb
 378 0018 3E       		.uleb128 0x3e
 379 0019 0B       		.uleb128 0xb
 380 001a 03       		.uleb128 0x3
 381 001b 0E       		.uleb128 0xe
 382 001c 00       		.byte	0
 383 001d 00       		.byte	0
 384 001e 03       		.uleb128 0x3
 385 001f 16       		.uleb128 0x16
 386 0020 00       		.byte	0
 387 0021 03       		.uleb128 0x3
 388 0022 0E       		.uleb128 0xe
 389 0023 3A       		.uleb128 0x3a
 390 0024 0B       		.uleb128 0xb
 391 0025 3B       		.uleb128 0x3b
 392 0026 0B       		.uleb128 0xb
 393 0027 49       		.uleb128 0x49
 394 0028 13       		.uleb128 0x13
 395 0029 00       		.byte	0
 396 002a 00       		.byte	0
 397 002b 04       		.uleb128 0x4
 398 002c 24       		.uleb128 0x24
 399 002d 00       		.byte	0
 400 002e 0B       		.uleb128 0xb
 401 002f 0B       		.uleb128 0xb
 402 0030 3E       		.uleb128 0x3e
ARM GAS  C:\Users\li\AppData\Local\Temp\ccLWBUJ9.s 			page 9


 403 0031 0B       		.uleb128 0xb
 404 0032 03       		.uleb128 0x3
 405 0033 08       		.uleb128 0x8
 406 0034 00       		.byte	0
 407 0035 00       		.byte	0
 408 0036 05       		.uleb128 0x5
 409 0037 2E       		.uleb128 0x2e
 410 0038 01       		.byte	0x1
 411 0039 3F       		.uleb128 0x3f
 412 003a 19       		.uleb128 0x19
 413 003b 03       		.uleb128 0x3
 414 003c 0E       		.uleb128 0xe
 415 003d 3A       		.uleb128 0x3a
 416 003e 0B       		.uleb128 0xb
 417 003f 3B       		.uleb128 0x3b
 418 0040 0B       		.uleb128 0xb
 419 0041 49       		.uleb128 0x49
 420 0042 13       		.uleb128 0x13
 421 0043 11       		.uleb128 0x11
 422 0044 01       		.uleb128 0x1
 423 0045 12       		.uleb128 0x12
 424 0046 06       		.uleb128 0x6
 425 0047 40       		.uleb128 0x40
 426 0048 18       		.uleb128 0x18
 427 0049 9742     		.uleb128 0x2117
 428 004b 19       		.uleb128 0x19
 429 004c 01       		.uleb128 0x1
 430 004d 13       		.uleb128 0x13
 431 004e 00       		.byte	0
 432 004f 00       		.byte	0
 433 0050 06       		.uleb128 0x6
 434 0051 898201   		.uleb128 0x4109
 435 0054 00       		.byte	0
 436 0055 11       		.uleb128 0x11
 437 0056 01       		.uleb128 0x1
 438 0057 31       		.uleb128 0x31
 439 0058 13       		.uleb128 0x13
 440 0059 00       		.byte	0
 441 005a 00       		.byte	0
 442 005b 07       		.uleb128 0x7
 443 005c 898201   		.uleb128 0x4109
 444 005f 01       		.byte	0x1
 445 0060 11       		.uleb128 0x11
 446 0061 01       		.uleb128 0x1
 447 0062 31       		.uleb128 0x31
 448 0063 13       		.uleb128 0x13
 449 0064 01       		.uleb128 0x1
 450 0065 13       		.uleb128 0x13
 451 0066 00       		.byte	0
 452 0067 00       		.byte	0
 453 0068 08       		.uleb128 0x8
 454 0069 8A8201   		.uleb128 0x410a
 455 006c 00       		.byte	0
 456 006d 02       		.uleb128 0x2
 457 006e 18       		.uleb128 0x18
 458 006f 9142     		.uleb128 0x2111
 459 0071 18       		.uleb128 0x18
ARM GAS  C:\Users\li\AppData\Local\Temp\ccLWBUJ9.s 			page 10


 460 0072 00       		.byte	0
 461 0073 00       		.byte	0
 462 0074 09       		.uleb128 0x9
 463 0075 01       		.uleb128 0x1
 464 0076 01       		.byte	0x1
 465 0077 49       		.uleb128 0x49
 466 0078 13       		.uleb128 0x13
 467 0079 01       		.uleb128 0x1
 468 007a 13       		.uleb128 0x13
 469 007b 00       		.byte	0
 470 007c 00       		.byte	0
 471 007d 0A       		.uleb128 0xa
 472 007e 21       		.uleb128 0x21
 473 007f 00       		.byte	0
 474 0080 49       		.uleb128 0x49
 475 0081 13       		.uleb128 0x13
 476 0082 2F       		.uleb128 0x2f
 477 0083 0B       		.uleb128 0xb
 478 0084 00       		.byte	0
 479 0085 00       		.byte	0
 480 0086 0B       		.uleb128 0xb
 481 0087 34       		.uleb128 0x34
 482 0088 00       		.byte	0
 483 0089 03       		.uleb128 0x3
 484 008a 0E       		.uleb128 0xe
 485 008b 3A       		.uleb128 0x3a
 486 008c 0B       		.uleb128 0xb
 487 008d 3B       		.uleb128 0x3b
 488 008e 0B       		.uleb128 0xb
 489 008f 49       		.uleb128 0x49
 490 0090 13       		.uleb128 0x13
 491 0091 3F       		.uleb128 0x3f
 492 0092 19       		.uleb128 0x19
 493 0093 3C       		.uleb128 0x3c
 494 0094 19       		.uleb128 0x19
 495 0095 00       		.byte	0
 496 0096 00       		.byte	0
 497 0097 0C       		.uleb128 0xc
 498 0098 26       		.uleb128 0x26
 499 0099 00       		.byte	0
 500 009a 49       		.uleb128 0x49
 501 009b 13       		.uleb128 0x13
 502 009c 00       		.byte	0
 503 009d 00       		.byte	0
 504 009e 0D       		.uleb128 0xd
 505 009f 34       		.uleb128 0x34
 506 00a0 00       		.byte	0
 507 00a1 03       		.uleb128 0x3
 508 00a2 0E       		.uleb128 0xe
 509 00a3 3A       		.uleb128 0x3a
 510 00a4 0B       		.uleb128 0xb
 511 00a5 3B       		.uleb128 0x3b
 512 00a6 05       		.uleb128 0x5
 513 00a7 49       		.uleb128 0x49
 514 00a8 13       		.uleb128 0x13
 515 00a9 3F       		.uleb128 0x3f
 516 00aa 19       		.uleb128 0x19
ARM GAS  C:\Users\li\AppData\Local\Temp\ccLWBUJ9.s 			page 11


 517 00ab 3C       		.uleb128 0x3c
 518 00ac 19       		.uleb128 0x19
 519 00ad 00       		.byte	0
 520 00ae 00       		.byte	0
 521 00af 0E       		.uleb128 0xe
 522 00b0 35       		.uleb128 0x35
 523 00b1 00       		.byte	0
 524 00b2 49       		.uleb128 0x49
 525 00b3 13       		.uleb128 0x13
 526 00b4 00       		.byte	0
 527 00b5 00       		.byte	0
 528 00b6 0F       		.uleb128 0xf
 529 00b7 2E       		.uleb128 0x2e
 530 00b8 00       		.byte	0
 531 00b9 3F       		.uleb128 0x3f
 532 00ba 19       		.uleb128 0x19
 533 00bb 03       		.uleb128 0x3
 534 00bc 0E       		.uleb128 0xe
 535 00bd 3A       		.uleb128 0x3a
 536 00be 0B       		.uleb128 0xb
 537 00bf 3B       		.uleb128 0x3b
 538 00c0 0B       		.uleb128 0xb
 539 00c1 27       		.uleb128 0x27
 540 00c2 19       		.uleb128 0x19
 541 00c3 3C       		.uleb128 0x3c
 542 00c4 19       		.uleb128 0x19
 543 00c5 00       		.byte	0
 544 00c6 00       		.byte	0
 545 00c7 10       		.uleb128 0x10
 546 00c8 2E       		.uleb128 0x2e
 547 00c9 01       		.byte	0x1
 548 00ca 3F       		.uleb128 0x3f
 549 00cb 19       		.uleb128 0x19
 550 00cc 03       		.uleb128 0x3
 551 00cd 0E       		.uleb128 0xe
 552 00ce 3A       		.uleb128 0x3a
 553 00cf 0B       		.uleb128 0xb
 554 00d0 3B       		.uleb128 0x3b
 555 00d1 0B       		.uleb128 0xb
 556 00d2 27       		.uleb128 0x27
 557 00d3 19       		.uleb128 0x19
 558 00d4 3C       		.uleb128 0x3c
 559 00d5 19       		.uleb128 0x19
 560 00d6 01       		.uleb128 0x1
 561 00d7 13       		.uleb128 0x13
 562 00d8 00       		.byte	0
 563 00d9 00       		.byte	0
 564 00da 11       		.uleb128 0x11
 565 00db 05       		.uleb128 0x5
 566 00dc 00       		.byte	0
 567 00dd 49       		.uleb128 0x49
 568 00de 13       		.uleb128 0x13
 569 00df 00       		.byte	0
 570 00e0 00       		.byte	0
 571 00e1 12       		.uleb128 0x12
 572 00e2 0F       		.uleb128 0xf
 573 00e3 00       		.byte	0
ARM GAS  C:\Users\li\AppData\Local\Temp\ccLWBUJ9.s 			page 12


 574 00e4 0B       		.uleb128 0xb
 575 00e5 0B       		.uleb128 0xb
 576 00e6 49       		.uleb128 0x49
 577 00e7 13       		.uleb128 0x13
 578 00e8 00       		.byte	0
 579 00e9 00       		.byte	0
 580 00ea 00       		.byte	0
 581              		.section	.debug_aranges,"",%progbits
 582 0000 1C000000 		.4byte	0x1c
 583 0004 0200     		.2byte	0x2
 584 0006 00000000 		.4byte	.Ldebug_info0
 585 000a 04       		.byte	0x4
 586 000b 00       		.byte	0
 587 000c 0000     		.2byte	0
 588 000e 0000     		.2byte	0
 589 0010 00000000 		.4byte	.LFB63
 590 0014 44000000 		.4byte	.LFE63-.LFB63
 591 0018 00000000 		.4byte	0
 592 001c 00000000 		.4byte	0
 593              		.section	.debug_ranges,"",%progbits
 594              	.Ldebug_ranges0:
 595 0000 00000000 		.4byte	.LFB63
 596 0004 44000000 		.4byte	.LFE63
 597 0008 00000000 		.4byte	0
 598 000c 00000000 		.4byte	0
 599              		.section	.debug_line,"",%progbits
 600              	.Ldebug_line0:
 601 0000 9B010000 		.section	.debug_str,"MS",%progbits,1
 601      02007601 
 601      00000201 
 601      FB0E0D00 
 601      01010101 
 602              	.LASF20:
 603 0000 4C43445F 		.ascii	"LCD_Char_1_LoadCustomFonts\000"
 603      43686172 
 603      5F315F4C 
 603      6F616443 
 603      7573746F 
 604              	.LASF9:
 605 001b 5F5F696E 		.ascii	"__int32_t\000"
 605      7433325F 
 605      7400
 606              	.LASF28:
 607 0025 433A5C55 		.ascii	"C:\\Users\\li\\Desktop\\MOTION-T1\\Bootload\\A66_ca"
 607      73657273 
 607      5C6C695C 
 607      4465736B 
 607      746F705C 
 608 0052 6E666573 		.ascii	"nfestival_bootload\\Workspace01\\MOTION-T1-2016-09-"
 608      74697661 
 608      6C5F626F 
 608      6F746C6F 
 608      61645C57 
 609 0083 31382D76 		.ascii	"18-ver1.0.cydsn\000"
 609      6572312E 
 609      302E6379 
 609      64736E00 
ARM GAS  C:\Users\li\AppData\Local\Temp\ccLWBUJ9.s 			page 13


 610              	.LASF27:
 611 0093 2E5C6D61 		.ascii	".\\main.c\000"
 611      696E2E63 
 611      00
 612              	.LASF13:
 613 009c 666C6F61 		.ascii	"float\000"
 613      7400
 614              	.LASF22:
 615 00a2 4C43445F 		.ascii	"LCD_Char_1_PrintString\000"
 615      43686172 
 615      5F315F50 
 615      72696E74 
 615      53747269 
 616              	.LASF15:
 617 00b9 63686172 		.ascii	"char8\000"
 617      3800
 618              	.LASF5:
 619 00bf 6C6F6E67 		.ascii	"long unsigned int\000"
 619      20756E73 
 619      69676E65 
 619      6420696E 
 619      7400
 620              	.LASF3:
 621 00d1 73686F72 		.ascii	"short unsigned int\000"
 621      7420756E 
 621      7369676E 
 621      65642069 
 621      6E7400
 622              	.LASF19:
 623 00e4 49544D5F 		.ascii	"ITM_RxBuffer\000"
 623      52784275 
 623      66666572 
 623      00
 624              	.LASF1:
 625 00f1 756E7369 		.ascii	"unsigned char\000"
 625      676E6564 
 625      20636861 
 625      7200
 626              	.LASF14:
 627 00ff 646F7562 		.ascii	"double\000"
 627      6C6500
 628              	.LASF29:
 629 0106 6D61696E 		.ascii	"main\000"
 629      00
 630              	.LASF12:
 631 010b 75696E74 		.ascii	"uint32\000"
 631      333200
 632              	.LASF26:
 633 0112 474E5520 		.ascii	"GNU C 4.9.3 20150303 (release) [ARM/embedded-4_9-br"
 633      4320342E 
 633      392E3320 
 633      32303135 
 633      30333033 
 634 0145 616E6368 		.ascii	"anch revision 221220] -mcpu=cortex-m3 -mthumb -g -O"
 634      20726576 
 634      6973696F 
 634      6E203232 
ARM GAS  C:\Users\li\AppData\Local\Temp\ccLWBUJ9.s 			page 14


 634      31323230 
 635 0178 67202D66 		.ascii	"g -ffunction-sections -ffat-lto-objects\000"
 635      66756E63 
 635      74696F6E 
 635      2D736563 
 635      74696F6E 
 636              	.LASF8:
 637 01a0 756E7369 		.ascii	"unsigned int\000"
 637      676E6564 
 637      20696E74 
 637      00
 638              	.LASF7:
 639 01ad 6C6F6E67 		.ascii	"long long unsigned int\000"
 639      206C6F6E 
 639      6720756E 
 639      7369676E 
 639      65642069 
 640              	.LASF10:
 641 01c4 696E7433 		.ascii	"int32_t\000"
 641      325F7400 
 642              	.LASF18:
 643 01cc 4C43445F 		.ascii	"LCD_Char_1_customFonts\000"
 643      43686172 
 643      5F315F63 
 643      7573746F 
 643      6D466F6E 
 644              	.LASF17:
 645 01e3 73697A65 		.ascii	"sizetype\000"
 645      74797065 
 645      00
 646              	.LASF6:
 647 01ec 6C6F6E67 		.ascii	"long long int\000"
 647      206C6F6E 
 647      6720696E 
 647      7400
 648              	.LASF16:
 649 01fa 63686172 		.ascii	"char\000"
 649      00
 650              	.LASF21:
 651 01ff 4C43445F 		.ascii	"LCD_Char_1_Position\000"
 651      43686172 
 651      5F315F50 
 651      6F736974 
 651      696F6E00 
 652              	.LASF25:
 653 0213 426F6F74 		.ascii	"Bootloader_1_Start\000"
 653      6C6F6164 
 653      65725F31 
 653      5F537461 
 653      727400
 654              	.LASF24:
 655 0226 4C43445F 		.ascii	"LCD_Char_1_Init\000"
 655      43686172 
 655      5F315F49 
 655      6E697400 
 656              	.LASF2:
 657 0236 73686F72 		.ascii	"short int\000"
ARM GAS  C:\Users\li\AppData\Local\Temp\ccLWBUJ9.s 			page 15


 657      7420696E 
 657      7400
 658              	.LASF11:
 659 0240 75696E74 		.ascii	"uint8\000"
 659      3800
 660              	.LASF4:
 661 0246 6C6F6E67 		.ascii	"long int\000"
 661      20696E74 
 661      00
 662              	.LASF0:
 663 024f 7369676E 		.ascii	"signed char\000"
 663      65642063 
 663      68617200 
 664              	.LASF23:
 665 025b 43794465 		.ascii	"CyDelay\000"
 665      6C617900 
 666              		.ident	"GCC: (GNU Tools for ARM Embedded Processors) 4.9.3 20150303 (release) [ARM/embedded-4_9-br
