ARM GAS  C:\Users\PANXIA~1\AppData\Local\Temp\cch9b1Kj.s 			page 1


   1              		.syntax unified
   2              		.cpu cortex-m3
   3              		.fpu softvfp
   4              		.eabi_attribute 20, 1
   5              		.eabi_attribute 21, 1
   6              		.eabi_attribute 23, 3
   7              		.eabi_attribute 24, 1
   8              		.eabi_attribute 25, 1
   9              		.eabi_attribute 26, 1
  10              		.eabi_attribute 30, 1
  11              		.eabi_attribute 34, 1
  12              		.eabi_attribute 18, 4
  13              		.thumb
  14              		.file	"canfestival.c"
  15              		.text
  16              	.Ltext0:
  17              		.cfi_sections	.debug_frame
  18              		.section	.text.setTimer,"ax",%progbits
  19              		.align	2
  20              		.global	setTimer
  21              		.thumb
  22              		.thumb_func
  23              		.type	setTimer, %function
  24              	setTimer:
  25              	.LFB0:
  26              		.file 1 ".\\canfestival.c"
   1:.\canfestival.c **** /* ========================================
   2:.\canfestival.c ****  *
   3:.\canfestival.c ****  * Copyright YOUR COMPANY, THE YEAR
   4:.\canfestival.c ****  * All Rights Reserved
   5:.\canfestival.c ****  * UNPUBLISHED, LICENSED SOFTWARE.
   6:.\canfestival.c ****  *
   7:.\canfestival.c ****  * CONFIDENTIAL AND PROPRIETARY INFORMATION
   8:.\canfestival.c ****  * WHICH IS THE PROPERTY OF your company.
   9:.\canfestival.c ****  *
  10:.\canfestival.c ****  * ========================================
  11:.\canfestival.c **** */
  12:.\canfestival.c **** #include "canfestival.h"
  13:.\canfestival.c **** 
  14:.\canfestival.c **** 
  15:.\canfestival.c **** unsigned int TimeCNT=0;//时间计数
  16:.\canfestival.c **** unsigned int NextTime=0;//下一次触发时间计数
  17:.\canfestival.c **** unsigned int TIMER_MAX_COUNT=70000;//最大时间计数
  18:.\canfestival.c **** static TIMEVAL last_time_set = TIMEVAL_MAX;//上一次的时间计数
  19:.\canfestival.c **** 
  20:.\canfestival.c **** 
  21:.\canfestival.c **** 
  22:.\canfestival.c **** #define CAN_RTR_DATA     ((unsigned int )0x00000000)
  23:.\canfestival.c **** #define CAN_RTR_REMOTE   ((unsigned int )0x00000002)
  24:.\canfestival.c **** #define CAN_ID_STD       ((unsigned int)0x00000000)
  25:.\canfestival.c **** 
  26:.\canfestival.c **** 
  27:.\canfestival.c **** void setTimer(TIMEVAL value)
  28:.\canfestival.c **** {
  27              		.loc 1 28 0
  28              		.cfi_startproc
  29              		@ args = 0, pretend = 0, frame = 0
ARM GAS  C:\Users\PANXIA~1\AppData\Local\Temp\cch9b1Kj.s 			page 2


  30              		@ frame_needed = 0, uses_anonymous_args = 0
  31              		@ link register save eliminated.
  32              	.LVL0:
  29:.\canfestival.c ****     NextTime=TimeCNT+value;
  33              		.loc 1 29 0
  34 0000 024A     		ldr	r2, .L2
  35 0002 1368     		ldr	r3, [r2]
  36 0004 1844     		add	r0, r0, r3
  37              	.LVL1:
  38 0006 5060     		str	r0, [r2, #4]
  39 0008 7047     		bx	lr
  40              	.L3:
  41 000a 00BF     		.align	2
  42              	.L2:
  43 000c 00000000 		.word	.LANCHOR0
  44              		.cfi_endproc
  45              	.LFE0:
  46              		.size	setTimer, .-setTimer
  47              		.section	.text.getElapsedTime,"ax",%progbits
  48              		.align	2
  49              		.global	getElapsedTime
  50              		.thumb
  51              		.thumb_func
  52              		.type	getElapsedTime, %function
  53              	getElapsedTime:
  54              	.LFB1:
  30:.\canfestival.c **** }
  31:.\canfestival.c **** TIMEVAL getElapsedTime(void)
  32:.\canfestival.c **** {
  55              		.loc 1 32 0
  56              		.cfi_startproc
  57              		@ args = 0, pretend = 0, frame = 0
  58              		@ frame_needed = 0, uses_anonymous_args = 0
  59              		@ link register save eliminated.
  60              	.LVL2:
  33:.\canfestival.c ****         int ret=0;
  34:.\canfestival.c ****       //  ret = TimeCNT> last_time_set ? TimeCNT - last_time_set : TimeCNT + TIMER_MAX_COUNT - last
  35:.\canfestival.c ****         ret = TimeCNT> last_time_set ? TimeCNT - last_time_set :   last_time_set - TimeCNT ;
  61              		.loc 1 35 0
  62 0000 054B     		ldr	r3, .L7
  63 0002 1B68     		ldr	r3, [r3]
  64 0004 054A     		ldr	r2, .L7+4
  65 0006 1068     		ldr	r0, [r2]
  66 0008 8342     		cmp	r3, r0
  67 000a 01D9     		bls	.L5
  68              		.loc 1 35 0 is_stmt 0 discriminator 1
  69 000c 181A     		subs	r0, r3, r0
  70 000e 00E0     		b	.L6
  71              	.L5:
  72              		.loc 1 35 0 discriminator 2
  73 0010 C01A     		subs	r0, r0, r3
  74              	.L6:
  75              	.LVL3:
  36:.\canfestival.c ****         last_time_set = TimeCNT;
  76              		.loc 1 36 0 is_stmt 1 discriminator 4
  77 0012 024A     		ldr	r2, .L7+4
  78 0014 1360     		str	r3, [r2]
ARM GAS  C:\Users\PANXIA~1\AppData\Local\Temp\cch9b1Kj.s 			page 3


  37:.\canfestival.c ****         return ret;
  38:.\canfestival.c **** }
  79              		.loc 1 38 0 discriminator 4
  80 0016 7047     		bx	lr
  81              	.L8:
  82              		.align	2
  83              	.L7:
  84 0018 00000000 		.word	.LANCHOR0
  85 001c 00000000 		.word	.LANCHOR1
  86              		.cfi_endproc
  87              	.LFE1:
  88              		.size	getElapsedTime, .-getElapsedTime
  89              		.section	.text.timerForCan,"ax",%progbits
  90              		.align	2
  91              		.global	timerForCan
  92              		.thumb
  93              		.thumb_func
  94              		.type	timerForCan, %function
  95              	timerForCan:
  96              	.LFB2:
  39:.\canfestival.c **** void timerForCan()
  40:.\canfestival.c **** {
  97              		.loc 1 40 0
  98              		.cfi_startproc
  99              		@ args = 0, pretend = 0, frame = 0
 100              		@ frame_needed = 0, uses_anonymous_args = 0
 101 0000 08B5     		push	{r3, lr}
 102              		.cfi_def_cfa_offset 8
 103              		.cfi_offset 3, -8
 104              		.cfi_offset 14, -4
  41:.\canfestival.c ****         
  42:.\canfestival.c ****         if (TimeCNT>=TIMER_MAX_COUNT)
 105              		.loc 1 42 0
 106 0002 0A4B     		ldr	r3, .L13
 107 0004 1A68     		ldr	r2, [r3]
 108 0006 0A4B     		ldr	r3, .L13+4
 109 0008 5B68     		ldr	r3, [r3, #4]
 110 000a 9A42     		cmp	r2, r3
 111 000c 02D3     		bcc	.L10
  43:.\canfestival.c ****         {
  44:.\canfestival.c ****                 TimeCNT=0;
 112              		.loc 1 44 0
 113 000e 0022     		movs	r2, #0
 114 0010 064B     		ldr	r3, .L13
 115 0012 1A60     		str	r2, [r3]
 116              	.L10:
  45:.\canfestival.c ****         }
  46:.\canfestival.c ****         if (TimeCNT==NextTime)
 117              		.loc 1 46 0
 118 0014 054B     		ldr	r3, .L13
 119 0016 1A68     		ldr	r2, [r3]
 120 0018 5B68     		ldr	r3, [r3, #4]
 121 001a 9A42     		cmp	r2, r3
 122 001c 01D1     		bne	.L11
  47:.\canfestival.c ****         {
  48:.\canfestival.c ****                 TimeDispatch();
 123              		.loc 1 48 0
ARM GAS  C:\Users\PANXIA~1\AppData\Local\Temp\cch9b1Kj.s 			page 4


 124 001e FFF7FEFF 		bl	TimeDispatch
 125              	.LVL4:
 126              	.L11:
  49:.\canfestival.c ****         }
  50:.\canfestival.c ****         TimeCNT++;
 127              		.loc 1 50 0
 128 0022 024A     		ldr	r2, .L13
 129 0024 1368     		ldr	r3, [r2]
 130 0026 0133     		adds	r3, r3, #1
 131 0028 1360     		str	r3, [r2]
 132 002a 08BD     		pop	{r3, pc}
 133              	.L14:
 134              		.align	2
 135              	.L13:
 136 002c 00000000 		.word	.LANCHOR0
 137 0030 00000000 		.word	.LANCHOR1
 138              		.cfi_endproc
 139              	.LFE2:
 140              		.size	timerForCan, .-timerForCan
 141              		.global	TIMER_MAX_COUNT
 142              		.global	NextTime
 143              		.global	TimeCNT
 144              		.data
 145              		.align	2
 146              		.set	.LANCHOR1,. + 0
 147              		.type	last_time_set, %object
 148              		.size	last_time_set, 4
 149              	last_time_set:
 150 0000 FFFF0000 		.word	65535
 151              		.type	TIMER_MAX_COUNT, %object
 152              		.size	TIMER_MAX_COUNT, 4
 153              	TIMER_MAX_COUNT:
 154 0004 70110100 		.word	70000
 155              		.bss
 156              		.align	2
 157              		.set	.LANCHOR0,. + 0
 158              		.type	TimeCNT, %object
 159              		.size	TimeCNT, 4
 160              	TimeCNT:
 161 0000 00000000 		.space	4
 162              		.type	NextTime, %object
 163              		.size	NextTime, 4
 164              	NextTime:
 165 0004 00000000 		.space	4
 166              		.text
 167              	.Letext0:
 168              		.file 2 ".\\timer.h"
 169              		.section	.debug_info,"",%progbits
 170              	.Ldebug_info0:
 171 0000 2E010000 		.4byte	0x12e
 172 0004 0400     		.2byte	0x4
 173 0006 00000000 		.4byte	.Ldebug_abbrev0
 174 000a 04       		.byte	0x4
 175 000b 01       		.uleb128 0x1
 176 000c D8000000 		.4byte	.LASF15
 177 0010 01       		.byte	0x1
 178 0011 7D000000 		.4byte	.LASF16
ARM GAS  C:\Users\PANXIA~1\AppData\Local\Temp\cch9b1Kj.s 			page 5


 179 0015 99000000 		.4byte	.LASF17
 180 0019 00000000 		.4byte	.Ldebug_ranges0+0
 181 001d 00000000 		.4byte	0
 182 0021 00000000 		.4byte	.Ldebug_line0
 183 0025 02       		.uleb128 0x2
 184 0026 04       		.byte	0x4
 185 0027 05       		.byte	0x5
 186 0028 696E7400 		.ascii	"int\000"
 187 002c 03       		.uleb128 0x3
 188 002d 04       		.byte	0x4
 189 002e 07       		.byte	0x7
 190 002f 0E000000 		.4byte	.LASF0
 191 0033 03       		.uleb128 0x3
 192 0034 01       		.byte	0x1
 193 0035 06       		.byte	0x6
 194 0036 9E010000 		.4byte	.LASF1
 195 003a 03       		.uleb128 0x3
 196 003b 01       		.byte	0x1
 197 003c 08       		.byte	0x8
 198 003d 29000000 		.4byte	.LASF2
 199 0041 03       		.uleb128 0x3
 200 0042 02       		.byte	0x2
 201 0043 05       		.byte	0x5
 202 0044 B9010000 		.4byte	.LASF3
 203 0048 03       		.uleb128 0x3
 204 0049 02       		.byte	0x2
 205 004a 07       		.byte	0x7
 206 004b 8B010000 		.4byte	.LASF4
 207 004f 03       		.uleb128 0x3
 208 0050 04       		.byte	0x4
 209 0051 05       		.byte	0x5
 210 0052 6B010000 		.4byte	.LASF5
 211 0056 03       		.uleb128 0x3
 212 0057 04       		.byte	0x4
 213 0058 07       		.byte	0x7
 214 0059 54000000 		.4byte	.LASF6
 215 005d 03       		.uleb128 0x3
 216 005e 08       		.byte	0x8
 217 005f 05       		.byte	0x5
 218 0060 00000000 		.4byte	.LASF7
 219 0064 03       		.uleb128 0x3
 220 0065 08       		.byte	0x8
 221 0066 07       		.byte	0x7
 222 0067 66000000 		.4byte	.LASF8
 223 006b 03       		.uleb128 0x3
 224 006c 04       		.byte	0x4
 225 006d 07       		.byte	0x7
 226 006e C3010000 		.4byte	.LASF9
 227 0072 03       		.uleb128 0x3
 228 0073 01       		.byte	0x1
 229 0074 08       		.byte	0x8
 230 0075 66010000 		.4byte	.LASF10
 231 0079 04       		.uleb128 0x4
 232 007a CC010000 		.4byte	.LASF18
 233 007e 01       		.byte	0x1
 234 007f 1B       		.byte	0x1b
 235 0080 00000000 		.4byte	.LFB0
ARM GAS  C:\Users\PANXIA~1\AppData\Local\Temp\cch9b1Kj.s 			page 6


 236 0084 10000000 		.4byte	.LFE0-.LFB0
 237 0088 01       		.uleb128 0x1
 238 0089 9C       		.byte	0x9c
 239 008a 9E000000 		.4byte	0x9e
 240 008e 05       		.uleb128 0x5
 241 008f B3010000 		.4byte	.LASF19
 242 0093 01       		.byte	0x1
 243 0094 1B       		.byte	0x1b
 244 0095 56000000 		.4byte	0x56
 245 0099 00000000 		.4byte	.LLST0
 246 009d 00       		.byte	0
 247 009e 06       		.uleb128 0x6
 248 009f 74010000 		.4byte	.LASF20
 249 00a3 01       		.byte	0x1
 250 00a4 1F       		.byte	0x1f
 251 00a5 56000000 		.4byte	0x56
 252 00a9 00000000 		.4byte	.LFB1
 253 00ad 20000000 		.4byte	.LFE1-.LFB1
 254 00b1 01       		.uleb128 0x1
 255 00b2 9C       		.byte	0x9c
 256 00b3 C7000000 		.4byte	0xc7
 257 00b7 07       		.uleb128 0x7
 258 00b8 72657400 		.ascii	"ret\000"
 259 00bc 01       		.byte	0x1
 260 00bd 21       		.byte	0x21
 261 00be 25000000 		.4byte	0x25
 262 00c2 21000000 		.4byte	.LLST1
 263 00c6 00       		.byte	0
 264 00c7 08       		.uleb128 0x8
 265 00c8 8D000000 		.4byte	.LASF21
 266 00cc 01       		.byte	0x1
 267 00cd 27       		.byte	0x27
 268 00ce 00000000 		.4byte	.LFB2
 269 00d2 34000000 		.4byte	.LFE2-.LFB2
 270 00d6 01       		.uleb128 0x1
 271 00d7 9C       		.byte	0x9c
 272 00d8 E6000000 		.4byte	0xe6
 273 00dc 09       		.uleb128 0x9
 274 00dd 22000000 		.4byte	.LVL4
 275 00e1 2A010000 		.4byte	0x12a
 276 00e5 00       		.byte	0
 277 00e6 0A       		.uleb128 0xa
 278 00e7 1B000000 		.4byte	.LASF11
 279 00eb 01       		.byte	0x1
 280 00ec 12       		.byte	0x12
 281 00ed 56000000 		.4byte	0x56
 282 00f1 05       		.uleb128 0x5
 283 00f2 03       		.byte	0x3
 284 00f3 00000000 		.4byte	last_time_set
 285 00f7 0B       		.uleb128 0xb
 286 00f8 83010000 		.4byte	.LASF12
 287 00fc 01       		.byte	0x1
 288 00fd 0F       		.byte	0xf
 289 00fe 2C000000 		.4byte	0x2c
 290 0102 05       		.uleb128 0x5
 291 0103 03       		.byte	0x3
 292 0104 00000000 		.4byte	TimeCNT
ARM GAS  C:\Users\PANXIA~1\AppData\Local\Temp\cch9b1Kj.s 			page 7


 293 0108 0B       		.uleb128 0xb
 294 0109 AA010000 		.4byte	.LASF13
 295 010d 01       		.byte	0x1
 296 010e 10       		.byte	0x10
 297 010f 2C000000 		.4byte	0x2c
 298 0113 05       		.uleb128 0x5
 299 0114 03       		.byte	0x3
 300 0115 00000000 		.4byte	NextTime
 301 0119 0B       		.uleb128 0xb
 302 011a 37000000 		.4byte	.LASF14
 303 011e 01       		.byte	0x1
 304 011f 11       		.byte	0x11
 305 0120 2C000000 		.4byte	0x2c
 306 0124 05       		.uleb128 0x5
 307 0125 03       		.byte	0x3
 308 0126 00000000 		.4byte	TIMER_MAX_COUNT
 309 012a 0C       		.uleb128 0xc
 310 012b 47000000 		.4byte	.LASF22
 311 012f 02       		.byte	0x2
 312 0130 57       		.byte	0x57
 313 0131 00       		.byte	0
 314              		.section	.debug_abbrev,"",%progbits
 315              	.Ldebug_abbrev0:
 316 0000 01       		.uleb128 0x1
 317 0001 11       		.uleb128 0x11
 318 0002 01       		.byte	0x1
 319 0003 25       		.uleb128 0x25
 320 0004 0E       		.uleb128 0xe
 321 0005 13       		.uleb128 0x13
 322 0006 0B       		.uleb128 0xb
 323 0007 03       		.uleb128 0x3
 324 0008 0E       		.uleb128 0xe
 325 0009 1B       		.uleb128 0x1b
 326 000a 0E       		.uleb128 0xe
 327 000b 55       		.uleb128 0x55
 328 000c 17       		.uleb128 0x17
 329 000d 11       		.uleb128 0x11
 330 000e 01       		.uleb128 0x1
 331 000f 10       		.uleb128 0x10
 332 0010 17       		.uleb128 0x17
 333 0011 00       		.byte	0
 334 0012 00       		.byte	0
 335 0013 02       		.uleb128 0x2
 336 0014 24       		.uleb128 0x24
 337 0015 00       		.byte	0
 338 0016 0B       		.uleb128 0xb
 339 0017 0B       		.uleb128 0xb
 340 0018 3E       		.uleb128 0x3e
 341 0019 0B       		.uleb128 0xb
 342 001a 03       		.uleb128 0x3
 343 001b 08       		.uleb128 0x8
 344 001c 00       		.byte	0
 345 001d 00       		.byte	0
 346 001e 03       		.uleb128 0x3
 347 001f 24       		.uleb128 0x24
 348 0020 00       		.byte	0
 349 0021 0B       		.uleb128 0xb
ARM GAS  C:\Users\PANXIA~1\AppData\Local\Temp\cch9b1Kj.s 			page 8


 350 0022 0B       		.uleb128 0xb
 351 0023 3E       		.uleb128 0x3e
 352 0024 0B       		.uleb128 0xb
 353 0025 03       		.uleb128 0x3
 354 0026 0E       		.uleb128 0xe
 355 0027 00       		.byte	0
 356 0028 00       		.byte	0
 357 0029 04       		.uleb128 0x4
 358 002a 2E       		.uleb128 0x2e
 359 002b 01       		.byte	0x1
 360 002c 3F       		.uleb128 0x3f
 361 002d 19       		.uleb128 0x19
 362 002e 03       		.uleb128 0x3
 363 002f 0E       		.uleb128 0xe
 364 0030 3A       		.uleb128 0x3a
 365 0031 0B       		.uleb128 0xb
 366 0032 3B       		.uleb128 0x3b
 367 0033 0B       		.uleb128 0xb
 368 0034 27       		.uleb128 0x27
 369 0035 19       		.uleb128 0x19
 370 0036 11       		.uleb128 0x11
 371 0037 01       		.uleb128 0x1
 372 0038 12       		.uleb128 0x12
 373 0039 06       		.uleb128 0x6
 374 003a 40       		.uleb128 0x40
 375 003b 18       		.uleb128 0x18
 376 003c 9742     		.uleb128 0x2117
 377 003e 19       		.uleb128 0x19
 378 003f 01       		.uleb128 0x1
 379 0040 13       		.uleb128 0x13
 380 0041 00       		.byte	0
 381 0042 00       		.byte	0
 382 0043 05       		.uleb128 0x5
 383 0044 05       		.uleb128 0x5
 384 0045 00       		.byte	0
 385 0046 03       		.uleb128 0x3
 386 0047 0E       		.uleb128 0xe
 387 0048 3A       		.uleb128 0x3a
 388 0049 0B       		.uleb128 0xb
 389 004a 3B       		.uleb128 0x3b
 390 004b 0B       		.uleb128 0xb
 391 004c 49       		.uleb128 0x49
 392 004d 13       		.uleb128 0x13
 393 004e 02       		.uleb128 0x2
 394 004f 17       		.uleb128 0x17
 395 0050 00       		.byte	0
 396 0051 00       		.byte	0
 397 0052 06       		.uleb128 0x6
 398 0053 2E       		.uleb128 0x2e
 399 0054 01       		.byte	0x1
 400 0055 3F       		.uleb128 0x3f
 401 0056 19       		.uleb128 0x19
 402 0057 03       		.uleb128 0x3
 403 0058 0E       		.uleb128 0xe
 404 0059 3A       		.uleb128 0x3a
 405 005a 0B       		.uleb128 0xb
 406 005b 3B       		.uleb128 0x3b
ARM GAS  C:\Users\PANXIA~1\AppData\Local\Temp\cch9b1Kj.s 			page 9


 407 005c 0B       		.uleb128 0xb
 408 005d 27       		.uleb128 0x27
 409 005e 19       		.uleb128 0x19
 410 005f 49       		.uleb128 0x49
 411 0060 13       		.uleb128 0x13
 412 0061 11       		.uleb128 0x11
 413 0062 01       		.uleb128 0x1
 414 0063 12       		.uleb128 0x12
 415 0064 06       		.uleb128 0x6
 416 0065 40       		.uleb128 0x40
 417 0066 18       		.uleb128 0x18
 418 0067 9742     		.uleb128 0x2117
 419 0069 19       		.uleb128 0x19
 420 006a 01       		.uleb128 0x1
 421 006b 13       		.uleb128 0x13
 422 006c 00       		.byte	0
 423 006d 00       		.byte	0
 424 006e 07       		.uleb128 0x7
 425 006f 34       		.uleb128 0x34
 426 0070 00       		.byte	0
 427 0071 03       		.uleb128 0x3
 428 0072 08       		.uleb128 0x8
 429 0073 3A       		.uleb128 0x3a
 430 0074 0B       		.uleb128 0xb
 431 0075 3B       		.uleb128 0x3b
 432 0076 0B       		.uleb128 0xb
 433 0077 49       		.uleb128 0x49
 434 0078 13       		.uleb128 0x13
 435 0079 02       		.uleb128 0x2
 436 007a 17       		.uleb128 0x17
 437 007b 00       		.byte	0
 438 007c 00       		.byte	0
 439 007d 08       		.uleb128 0x8
 440 007e 2E       		.uleb128 0x2e
 441 007f 01       		.byte	0x1
 442 0080 3F       		.uleb128 0x3f
 443 0081 19       		.uleb128 0x19
 444 0082 03       		.uleb128 0x3
 445 0083 0E       		.uleb128 0xe
 446 0084 3A       		.uleb128 0x3a
 447 0085 0B       		.uleb128 0xb
 448 0086 3B       		.uleb128 0x3b
 449 0087 0B       		.uleb128 0xb
 450 0088 11       		.uleb128 0x11
 451 0089 01       		.uleb128 0x1
 452 008a 12       		.uleb128 0x12
 453 008b 06       		.uleb128 0x6
 454 008c 40       		.uleb128 0x40
 455 008d 18       		.uleb128 0x18
 456 008e 9742     		.uleb128 0x2117
 457 0090 19       		.uleb128 0x19
 458 0091 01       		.uleb128 0x1
 459 0092 13       		.uleb128 0x13
 460 0093 00       		.byte	0
 461 0094 00       		.byte	0
 462 0095 09       		.uleb128 0x9
 463 0096 898201   		.uleb128 0x4109
ARM GAS  C:\Users\PANXIA~1\AppData\Local\Temp\cch9b1Kj.s 			page 10


 464 0099 00       		.byte	0
 465 009a 11       		.uleb128 0x11
 466 009b 01       		.uleb128 0x1
 467 009c 31       		.uleb128 0x31
 468 009d 13       		.uleb128 0x13
 469 009e 00       		.byte	0
 470 009f 00       		.byte	0
 471 00a0 0A       		.uleb128 0xa
 472 00a1 34       		.uleb128 0x34
 473 00a2 00       		.byte	0
 474 00a3 03       		.uleb128 0x3
 475 00a4 0E       		.uleb128 0xe
 476 00a5 3A       		.uleb128 0x3a
 477 00a6 0B       		.uleb128 0xb
 478 00a7 3B       		.uleb128 0x3b
 479 00a8 0B       		.uleb128 0xb
 480 00a9 49       		.uleb128 0x49
 481 00aa 13       		.uleb128 0x13
 482 00ab 02       		.uleb128 0x2
 483 00ac 18       		.uleb128 0x18
 484 00ad 00       		.byte	0
 485 00ae 00       		.byte	0
 486 00af 0B       		.uleb128 0xb
 487 00b0 34       		.uleb128 0x34
 488 00b1 00       		.byte	0
 489 00b2 03       		.uleb128 0x3
 490 00b3 0E       		.uleb128 0xe
 491 00b4 3A       		.uleb128 0x3a
 492 00b5 0B       		.uleb128 0xb
 493 00b6 3B       		.uleb128 0x3b
 494 00b7 0B       		.uleb128 0xb
 495 00b8 49       		.uleb128 0x49
 496 00b9 13       		.uleb128 0x13
 497 00ba 3F       		.uleb128 0x3f
 498 00bb 19       		.uleb128 0x19
 499 00bc 02       		.uleb128 0x2
 500 00bd 18       		.uleb128 0x18
 501 00be 00       		.byte	0
 502 00bf 00       		.byte	0
 503 00c0 0C       		.uleb128 0xc
 504 00c1 2E       		.uleb128 0x2e
 505 00c2 00       		.byte	0
 506 00c3 3F       		.uleb128 0x3f
 507 00c4 19       		.uleb128 0x19
 508 00c5 03       		.uleb128 0x3
 509 00c6 0E       		.uleb128 0xe
 510 00c7 3A       		.uleb128 0x3a
 511 00c8 0B       		.uleb128 0xb
 512 00c9 3B       		.uleb128 0x3b
 513 00ca 0B       		.uleb128 0xb
 514 00cb 27       		.uleb128 0x27
 515 00cc 19       		.uleb128 0x19
 516 00cd 3C       		.uleb128 0x3c
 517 00ce 19       		.uleb128 0x19
 518 00cf 00       		.byte	0
 519 00d0 00       		.byte	0
 520 00d1 00       		.byte	0
ARM GAS  C:\Users\PANXIA~1\AppData\Local\Temp\cch9b1Kj.s 			page 11


 521              		.section	.debug_loc,"",%progbits
 522              	.Ldebug_loc0:
 523              	.LLST0:
 524 0000 00000000 		.4byte	.LVL0
 525 0004 06000000 		.4byte	.LVL1
 526 0008 0100     		.2byte	0x1
 527 000a 50       		.byte	0x50
 528 000b 06000000 		.4byte	.LVL1
 529 000f 10000000 		.4byte	.LFE0
 530 0013 0400     		.2byte	0x4
 531 0015 F3       		.byte	0xf3
 532 0016 01       		.uleb128 0x1
 533 0017 50       		.byte	0x50
 534 0018 9F       		.byte	0x9f
 535 0019 00000000 		.4byte	0
 536 001d 00000000 		.4byte	0
 537              	.LLST1:
 538 0021 00000000 		.4byte	.LVL2
 539 0025 12000000 		.4byte	.LVL3
 540 0029 0200     		.2byte	0x2
 541 002b 30       		.byte	0x30
 542 002c 9F       		.byte	0x9f
 543 002d 12000000 		.4byte	.LVL3
 544 0031 20000000 		.4byte	.LFE1
 545 0035 0100     		.2byte	0x1
 546 0037 50       		.byte	0x50
 547 0038 00000000 		.4byte	0
 548 003c 00000000 		.4byte	0
 549              		.section	.debug_aranges,"",%progbits
 550 0000 2C000000 		.4byte	0x2c
 551 0004 0200     		.2byte	0x2
 552 0006 00000000 		.4byte	.Ldebug_info0
 553 000a 04       		.byte	0x4
 554 000b 00       		.byte	0
 555 000c 0000     		.2byte	0
 556 000e 0000     		.2byte	0
 557 0010 00000000 		.4byte	.LFB0
 558 0014 10000000 		.4byte	.LFE0-.LFB0
 559 0018 00000000 		.4byte	.LFB1
 560 001c 20000000 		.4byte	.LFE1-.LFB1
 561 0020 00000000 		.4byte	.LFB2
 562 0024 34000000 		.4byte	.LFE2-.LFB2
 563 0028 00000000 		.4byte	0
 564 002c 00000000 		.4byte	0
 565              		.section	.debug_ranges,"",%progbits
 566              	.Ldebug_ranges0:
 567 0000 00000000 		.4byte	.LFB0
 568 0004 10000000 		.4byte	.LFE0
 569 0008 00000000 		.4byte	.LFB1
 570 000c 20000000 		.4byte	.LFE1
 571 0010 00000000 		.4byte	.LFB2
 572 0014 34000000 		.4byte	.LFE2
 573 0018 00000000 		.4byte	0
 574 001c 00000000 		.4byte	0
 575              		.section	.debug_line,"",%progbits
 576              	.Ldebug_line0:
 577 0000 83000000 		.section	.debug_str,"MS",%progbits,1
ARM GAS  C:\Users\PANXIA~1\AppData\Local\Temp\cch9b1Kj.s 			page 12


 577      02003300 
 577      00000201 
 577      FB0E0D00 
 577      01010101 
 578              	.LASF7:
 579 0000 6C6F6E67 		.ascii	"long long int\000"
 579      206C6F6E 
 579      6720696E 
 579      7400
 580              	.LASF0:
 581 000e 756E7369 		.ascii	"unsigned int\000"
 581      676E6564 
 581      20696E74 
 581      00
 582              	.LASF11:
 583 001b 6C617374 		.ascii	"last_time_set\000"
 583      5F74696D 
 583      655F7365 
 583      7400
 584              	.LASF2:
 585 0029 756E7369 		.ascii	"unsigned char\000"
 585      676E6564 
 585      20636861 
 585      7200
 586              	.LASF14:
 587 0037 54494D45 		.ascii	"TIMER_MAX_COUNT\000"
 587      525F4D41 
 587      585F434F 
 587      554E5400 
 588              	.LASF22:
 589 0047 54696D65 		.ascii	"TimeDispatch\000"
 589      44697370 
 589      61746368 
 589      00
 590              	.LASF6:
 591 0054 6C6F6E67 		.ascii	"long unsigned int\000"
 591      20756E73 
 591      69676E65 
 591      6420696E 
 591      7400
 592              	.LASF8:
 593 0066 6C6F6E67 		.ascii	"long long unsigned int\000"
 593      206C6F6E 
 593      6720756E 
 593      7369676E 
 593      65642069 
 594              	.LASF16:
 595 007d 2E5C6361 		.ascii	".\\canfestival.c\000"
 595      6E666573 
 595      74697661 
 595      6C2E6300 
 596              	.LASF21:
 597 008d 74696D65 		.ascii	"timerForCan\000"
 597      72466F72 
 597      43616E00 
 598              	.LASF17:
 599 0099 443A5C47 		.ascii	"D:\\GIT\\A20_CANfestival\\posoc\\MOTION-T1-Ver1.0-2"
ARM GAS  C:\Users\PANXIA~1\AppData\Local\Temp\cch9b1Kj.s 			page 13


 599      49545C41 
 599      32305F43 
 599      414E6665 
 599      73746976 
 600 00c8 3031362D 		.ascii	"016-09-18.cydsn\000"
 600      30392D31 
 600      382E6379 
 600      64736E00 
 601              	.LASF15:
 602 00d8 474E5520 		.ascii	"GNU C 4.9.3 20150303 (release) [ARM/embedded-4_9-br"
 602      4320342E 
 602      392E3320 
 602      32303135 
 602      30333033 
 603 010b 616E6368 		.ascii	"anch revision 221220] -mcpu=cortex-m3 -mthumb -g -O"
 603      20726576 
 603      6973696F 
 603      6E203232 
 603      31323230 
 604 013e 67202D66 		.ascii	"g -ffunction-sections -ffat-lto-objects\000"
 604      66756E63 
 604      74696F6E 
 604      2D736563 
 604      74696F6E 
 605              	.LASF10:
 606 0166 63686172 		.ascii	"char\000"
 606      00
 607              	.LASF5:
 608 016b 6C6F6E67 		.ascii	"long int\000"
 608      20696E74 
 608      00
 609              	.LASF20:
 610 0174 67657445 		.ascii	"getElapsedTime\000"
 610      6C617073 
 610      65645469 
 610      6D6500
 611              	.LASF12:
 612 0183 54696D65 		.ascii	"TimeCNT\000"
 612      434E5400 
 613              	.LASF4:
 614 018b 73686F72 		.ascii	"short unsigned int\000"
 614      7420756E 
 614      7369676E 
 614      65642069 
 614      6E7400
 615              	.LASF1:
 616 019e 7369676E 		.ascii	"signed char\000"
 616      65642063 
 616      68617200 
 617              	.LASF13:
 618 01aa 4E657874 		.ascii	"NextTime\000"
 618      54696D65 
 618      00
 619              	.LASF19:
 620 01b3 76616C75 		.ascii	"value\000"
 620      6500
 621              	.LASF3:
ARM GAS  C:\Users\PANXIA~1\AppData\Local\Temp\cch9b1Kj.s 			page 14


 622 01b9 73686F72 		.ascii	"short int\000"
 622      7420696E 
 622      7400
 623              	.LASF9:
 624 01c3 73697A65 		.ascii	"sizetype\000"
 624      74797065 
 624      00
 625              	.LASF18:
 626 01cc 73657454 		.ascii	"setTimer\000"
 626      696D6572 
 626      00
 627              		.ident	"GCC: (GNU Tools for ARM Embedded Processors) 4.9.3 20150303 (release) [ARM/embedded-4_9-br
