ARM GAS  C:\Users\PANXIA~1\AppData\Local\Temp\ccpNLRaF.s 			page 1


   1              		.syntax unified
   2              		.cpu cortex-m3
   3              		.fpu softvfp
   4              		.eabi_attribute 20, 1
   5              		.eabi_attribute 21, 1
   6              		.eabi_attribute 23, 3
   7              		.eabi_attribute 24, 1
   8              		.eabi_attribute 25, 1
   9              		.eabi_attribute 26, 1
  10              		.eabi_attribute 30, 1
  11              		.eabi_attribute 34, 1
  12              		.eabi_attribute 18, 4
  13              		.thumb
  14              		.file	"cymetadata.c"
  15              		.text
  16              	.Ltext0:
  17              		.cfi_sections	.debug_frame
  18              		.global	cy_meta_configecc
  19              		.global	cy_meta_loadable
  20              		.section	.cyconfigecc,"a",%progbits
  21              		.align	2
  22              		.type	cy_meta_configecc, %object
  23              		.size	cy_meta_configecc, 1604
  24              	cy_meta_configecc:
  25 0000 05       		.byte	5
  26 0001 52       		.byte	82
  27 0002 00       		.byte	0
  28 0003 40       		.byte	64
  29 0004 02       		.byte	2
  30 0005 64       		.byte	100
  31 0006 00       		.byte	0
  32 0007 40       		.byte	64
  33 0008 02       		.byte	2
  34 0009 65       		.byte	101
  35 000a 00       		.byte	0
  36 000b 40       		.byte	64
  37 000c 0D       		.byte	13
  38 000d 03       		.byte	3
  39 000e 01       		.byte	1
  40 000f 40       		.byte	64
  41 0010 35       		.byte	53
  42 0011 04       		.byte	4
  43 0012 01       		.byte	1
  44 0013 40       		.byte	64
  45 0014 38       		.byte	56
  46 0015 05       		.byte	5
  47 0016 01       		.byte	1
  48 0017 40       		.byte	64
  49 0018 5B       		.byte	91
  50 0019 06       		.byte	6
  51 001a 01       		.byte	1
  52 001b 40       		.byte	64
  53 001c 4A       		.byte	74
  54 001d 07       		.byte	7
  55 001e 01       		.byte	1
  56 001f 40       		.byte	64
  57 0020 02       		.byte	2
ARM GAS  C:\Users\PANXIA~1\AppData\Local\Temp\ccpNLRaF.s 			page 2


  58 0021 0B       		.byte	11
  59 0022 01       		.byte	1
  60 0023 40       		.byte	64
  61 0024 02       		.byte	2
  62 0025 0D       		.byte	13
  63 0026 01       		.byte	1
  64 0027 40       		.byte	64
  65 0028 47       		.byte	71
  66 0029 14       		.byte	20
  67 002a 01       		.byte	1
  68 002b 40       		.byte	64
  69 002c 43       		.byte	67
  70 002d 15       		.byte	21
  71 002e 01       		.byte	1
  72 002f 40       		.byte	64
  73 0030 59       		.byte	89
  74 0031 16       		.byte	22
  75 0032 01       		.byte	1
  76 0033 40       		.byte	64
  77 0034 4D       		.byte	77
  78 0035 17       		.byte	23
  79 0036 01       		.byte	1
  80 0037 40       		.byte	64
  81 0038 01       		.byte	1
  82 0039 1B       		.byte	27
  83 003a 01       		.byte	1
  84 003b 40       		.byte	64
  85 003c 10       		.byte	16
  86 003d 40       		.byte	64
  87 003e 01       		.byte	1
  88 003f 40       		.byte	64
  89 0040 13       		.byte	19
  90 0041 41       		.byte	65
  91 0042 01       		.byte	1
  92 0043 40       		.byte	64
  93 0044 0B       		.byte	11
  94 0045 42       		.byte	66
  95 0046 01       		.byte	1
  96 0047 40       		.byte	64
  97 0048 06       		.byte	6
  98 0049 43       		.byte	67
  99 004a 01       		.byte	1
 100 004b 40       		.byte	64
 101 004c 06       		.byte	6
 102 004d 44       		.byte	68
 103 004e 01       		.byte	1
 104 004f 40       		.byte	64
 105 0050 07       		.byte	7
 106 0051 45       		.byte	69
 107 0052 01       		.byte	1
 108 0053 40       		.byte	64
 109 0054 0A       		.byte	10
 110 0055 46       		.byte	70
 111 0056 01       		.byte	1
 112 0057 40       		.byte	64
 113 0058 01       		.byte	1
 114 0059 47       		.byte	71
ARM GAS  C:\Users\PANXIA~1\AppData\Local\Temp\ccpNLRaF.s 			page 3


 115 005a 01       		.byte	1
 116 005b 40       		.byte	64
 117 005c 07       		.byte	7
 118 005d 48       		.byte	72
 119 005e 01       		.byte	1
 120 005f 40       		.byte	64
 121 0060 08       		.byte	8
 122 0061 49       		.byte	73
 123 0062 01       		.byte	1
 124 0063 40       		.byte	64
 125 0064 01       		.byte	1
 126 0065 4C       		.byte	76
 127 0066 01       		.byte	1
 128 0067 40       		.byte	64
 129 0068 07       		.byte	7
 130 0069 4D       		.byte	77
 131 006a 01       		.byte	1
 132 006b 40       		.byte	64
 133 006c 08       		.byte	8
 134 006d 50       		.byte	80
 135 006e 01       		.byte	1
 136 006f 40       		.byte	64
 137 0070 01       		.byte	1
 138 0071 51       		.byte	81
 139 0072 01       		.byte	1
 140 0073 40       		.byte	64
 141 0074 20       		.byte	32
 142 0075 15       		.byte	21
 143 0076 21       		.byte	33
 144 0077 3C       		.byte	60
 145 0078 30       		.byte	48
 146 0079 08       		.byte	8
 147 007a 31       		.byte	49
 148 007b 0C       		.byte	12
 149 007c 78       		.byte	120
 150 007d 14       		.byte	20
 151 007e 85       		.byte	-123
 152 007f 38       		.byte	56
 153 0080 87       		.byte	-121
 154 0081 0D       		.byte	13
 155 0082 85       		.byte	-123
 156 0083 0F       		.byte	15
 157 0084 86       		.byte	-122
 158 0085 72       		.byte	114
 159 0086 80       		.byte	-128
 160 0087 04       		.byte	4
 161 0088 83       		.byte	-125
 162 0089 40       		.byte	64
 163 008a 8B       		.byte	-117
 164 008b 20       		.byte	32
 165 008c 92       		.byte	-110
 166 008d 80       		.byte	-128
 167 008e 94       		.byte	-108
 168 008f 80       		.byte	-128
 169 0090 98       		.byte	-104
 170 0091 10       		.byte	16
 171 0092 99       		.byte	-103
ARM GAS  C:\Users\PANXIA~1\AppData\Local\Temp\ccpNLRaF.s 			page 4


 172 0093 08       		.byte	8
 173 0094 A8       		.byte	-88
 174 0095 40       		.byte	64
 175 0096 A9       		.byte	-87
 176 0097 08       		.byte	8
 177 0098 AA       		.byte	-86
 178 0099 40       		.byte	64
 179 009a B0       		.byte	-80
 180 009b 10       		.byte	16
 181 009c E2       		.byte	-30
 182 009d 80       		.byte	-128
 183 009e E8       		.byte	-24
 184 009f 10       		.byte	16
 185 00a0 08       		.byte	8
 186 00a1 02       		.byte	2
 187 00a2 10       		.byte	16
 188 00a3 02       		.byte	2
 189 00a4 16       		.byte	22
 190 00a5 01       		.byte	1
 191 00a6 18       		.byte	24
 192 00a7 02       		.byte	2
 193 00a8 20       		.byte	32
 194 00a9 02       		.byte	2
 195 00aa 2E       		.byte	46
 196 00ab 01       		.byte	1
 197 00ac 30       		.byte	48
 198 00ad 01       		.byte	1
 199 00ae 34       		.byte	52
 200 00af 02       		.byte	2
 201 00b0 3E       		.byte	62
 202 00b1 11       		.byte	17
 203 00b2 56       		.byte	86
 204 00b3 08       		.byte	8
 205 00b4 58       		.byte	88
 206 00b5 04       		.byte	4
 207 00b6 5B       		.byte	91
 208 00b7 04       		.byte	4
 209 00b8 5D       		.byte	93
 210 00b9 90       		.byte	-112
 211 00ba 5F       		.byte	95
 212 00bb 01       		.byte	1
 213 00bc 82       		.byte	-126
 214 00bd B3       		.byte	-77
 215 00be 84       		.byte	-124
 216 00bf F3       		.byte	-13
 217 00c0 85       		.byte	-123
 218 00c1 01       		.byte	1
 219 00c2 86       		.byte	-122
 220 00c3 0C       		.byte	12
 221 00c4 87       		.byte	-121
 222 00c5 06       		.byte	6
 223 00c6 8A       		.byte	-118
 224 00c7 40       		.byte	64
 225 00c8 8C       		.byte	-116
 226 00c9 08       		.byte	8
 227 00ca 8F       		.byte	-113
 228 00cb 01       		.byte	1
ARM GAS  C:\Users\PANXIA~1\AppData\Local\Temp\ccpNLRaF.s 			page 5


 229 00cc 90       		.byte	-112
 230 00cd 4F       		.byte	79
 231 00ce 92       		.byte	-110
 232 00cf 90       		.byte	-112
 233 00d0 94       		.byte	-108
 234 00d1 4C       		.byte	76
 235 00d2 96       		.byte	-106
 236 00d3 A3       		.byte	-93
 237 00d4 98       		.byte	-104
 238 00d5 04       		.byte	4
 239 00d6 99       		.byte	-103
 240 00d7 07       		.byte	7
 241 00d8 9C       		.byte	-100
 242 00d9 42       		.byte	66
 243 00da 9D       		.byte	-99
 244 00db 07       		.byte	7
 245 00dc A0       		.byte	-96
 246 00dd FF       		.byte	-1
 247 00de A1       		.byte	-95
 248 00df 04       		.byte	4
 249 00e0 A4       		.byte	-92
 250 00e1 0C       		.byte	12
 251 00e2 A5       		.byte	-91
 252 00e3 02       		.byte	2
 253 00e4 A8       		.byte	-88
 254 00e5 01       		.byte	1
 255 00e6 A9       		.byte	-87
 256 00e7 06       		.byte	6
 257 00e8 AC       		.byte	-84
 258 00e9 03       		.byte	3
 259 00ea AD       		.byte	-83
 260 00eb 06       		.byte	6
 261 00ec AF       		.byte	-81
 262 00ed 01       		.byte	1
 263 00ee B0       		.byte	-80
 264 00ef 8C       		.byte	-116
 265 00f0 B1       		.byte	-79
 266 00f1 07       		.byte	7
 267 00f2 B2       		.byte	-78
 268 00f3 7C       		.byte	124
 269 00f4 B4       		.byte	-76
 270 00f5 0F       		.byte	15
 271 00f6 BA       		.byte	-70
 272 00f7 2A       		.byte	42
 273 00f8 BB       		.byte	-69
 274 00f9 80       		.byte	-128
 275 00fa D4       		.byte	-44
 276 00fb 18       		.byte	24
 277 00fc D6       		.byte	-42
 278 00fd 04       		.byte	4
 279 00fe D8       		.byte	-40
 280 00ff 04       		.byte	4
 281 0100 D9       		.byte	-39
 282 0101 04       		.byte	4
 283 0102 DB       		.byte	-37
 284 0103 04       		.byte	4
 285 0104 DC       		.byte	-36
ARM GAS  C:\Users\PANXIA~1\AppData\Local\Temp\ccpNLRaF.s 			page 6


 286 0105 22       		.byte	34
 287 0106 DD       		.byte	-35
 288 0107 20       		.byte	32
 289 0108 DF       		.byte	-33
 290 0109 01       		.byte	1
 291 010a 00       		.byte	0
 292 010b 10       		.byte	16
 293 010c 04       		.byte	4
 294 010d 24       		.byte	36
 295 010e 06       		.byte	6
 296 010f 82       		.byte	-126
 297 0110 09       		.byte	9
 298 0111 26       		.byte	38
 299 0112 0C       		.byte	12
 300 0113 20       		.byte	32
 301 0114 0E       		.byte	14
 302 0115 60       		.byte	96
 303 0116 0F       		.byte	15
 304 0117 01       		.byte	1
 305 0118 11       		.byte	17
 306 0119 01       		.byte	1
 307 011a 12       		.byte	18
 308 011b 82       		.byte	-126
 309 011c 14       		.byte	20
 310 011d 01       		.byte	1
 311 011e 15       		.byte	21
 312 011f 11       		.byte	17
 313 0120 16       		.byte	22
 314 0121 20       		.byte	32
 315 0122 19       		.byte	25
 316 0123 20       		.byte	32
 317 0124 1B       		.byte	27
 318 0125 01       		.byte	1
 319 0126 1C       		.byte	28
 320 0127 54       		.byte	84
 321 0128 1D       		.byte	29
 322 0129 22       		.byte	34
 323 012a 1E       		.byte	30
 324 012b 60       		.byte	96
 325 012c 26       		.byte	38
 326 012d 82       		.byte	-126
 327 012e 2A       		.byte	42
 328 012f 40       		.byte	64
 329 0130 2B       		.byte	43
 330 0131 01       		.byte	1
 331 0132 2C       		.byte	44
 332 0133 20       		.byte	32
 333 0134 2E       		.byte	46
 334 0135 62       		.byte	98
 335 0136 36       		.byte	54
 336 0137 90       		.byte	-112
 337 0138 3A       		.byte	58
 338 0139 04       		.byte	4
 339 013a 3B       		.byte	59
 340 013b 04       		.byte	4
 341 013c 3C       		.byte	60
 342 013d 04       		.byte	4
ARM GAS  C:\Users\PANXIA~1\AppData\Local\Temp\ccpNLRaF.s 			page 7


 343 013e 3E       		.byte	62
 344 013f 80       		.byte	-128
 345 0140 58       		.byte	88
 346 0141 10       		.byte	16
 347 0142 5A       		.byte	90
 348 0143 80       		.byte	-128
 349 0144 5F       		.byte	95
 350 0145 02       		.byte	2
 351 0146 60       		.byte	96
 352 0147 02       		.byte	2
 353 0148 63       		.byte	99
 354 0149 04       		.byte	4
 355 014a 66       		.byte	102
 356 014b 40       		.byte	64
 357 014c 67       		.byte	103
 358 014d 48       		.byte	72
 359 014e 6C       		.byte	108
 360 014f 44       		.byte	68
 361 0150 6F       		.byte	111
 362 0151 22       		.byte	34
 363 0152 74       		.byte	116
 364 0153 94       		.byte	-108
 365 0154 80       		.byte	-128
 366 0155 80       		.byte	-128
 367 0156 86       		.byte	-122
 368 0157 84       		.byte	-124
 369 0158 88       		.byte	-120
 370 0159 14       		.byte	20
 371 015a 8C       		.byte	-116
 372 015b 20       		.byte	32
 373 015c 92       		.byte	-110
 374 015d 80       		.byte	-128
 375 015e 94       		.byte	-108
 376 015f 88       		.byte	-120
 377 0160 98       		.byte	-104
 378 0161 50       		.byte	80
 379 0162 99       		.byte	-103
 380 0163 08       		.byte	8
 381 0164 A7       		.byte	-89
 382 0165 60       		.byte	96
 383 0166 AC       		.byte	-84
 384 0167 40       		.byte	64
 385 0168 C0       		.byte	-64
 386 0169 F2       		.byte	-14
 387 016a C2       		.byte	-62
 388 016b FE       		.byte	-2
 389 016c C4       		.byte	-60
 390 016d F9       		.byte	-7
 391 016e CA       		.byte	-54
 392 016f F0       		.byte	-16
 393 0170 CC       		.byte	-52
 394 0171 30       		.byte	48
 395 0172 CE       		.byte	-50
 396 0173 50       		.byte	80
 397 0174 D6       		.byte	-42
 398 0175 8C       		.byte	-116
 399 0176 D8       		.byte	-40
ARM GAS  C:\Users\PANXIA~1\AppData\Local\Temp\ccpNLRaF.s 			page 8


 400 0177 BC       		.byte	-68
 401 0178 E0       		.byte	-32
 402 0179 44       		.byte	68
 403 017a 01       		.byte	1
 404 017b 14       		.byte	20
 405 017c 03       		.byte	3
 406 017d 43       		.byte	67
 407 017e 05       		.byte	5
 408 017f 18       		.byte	24
 409 0180 06       		.byte	6
 410 0181 01       		.byte	1
 411 0182 09       		.byte	9
 412 0183 0A       		.byte	10
 413 0184 0B       		.byte	11
 414 0185 44       		.byte	68
 415 0186 0E       		.byte	14
 416 0187 01       		.byte	1
 417 0188 0F       		.byte	15
 418 0189 18       		.byte	24
 419 018a 11       		.byte	17
 420 018b 18       		.byte	24
 421 018c 13       		.byte	19
 422 018d 20       		.byte	32
 423 018e 14       		.byte	20
 424 018f 01       		.byte	1
 425 0190 15       		.byte	21
 426 0191 18       		.byte	24
 427 0192 18       		.byte	24
 428 0193 01       		.byte	1
 429 0194 1B       		.byte	27
 430 0195 18       		.byte	24
 431 0196 25       		.byte	37
 432 0197 06       		.byte	6
 433 0198 29       		.byte	41
 434 0199 06       		.byte	6
 435 019a 2F       		.byte	47
 436 019b 18       		.byte	24
 437 019c 31       		.byte	49
 438 019d 60       		.byte	96
 439 019e 32       		.byte	50
 440 019f 01       		.byte	1
 441 01a0 33       		.byte	51
 442 01a1 01       		.byte	1
 443 01a2 35       		.byte	53
 444 01a3 06       		.byte	6
 445 01a4 37       		.byte	55
 446 01a5 18       		.byte	24
 447 01a6 38       		.byte	56
 448 01a7 08       		.byte	8
 449 01a8 3F       		.byte	63
 450 01a9 01       		.byte	1
 451 01aa 40       		.byte	64
 452 01ab 24       		.byte	36
 453 01ac 41       		.byte	65
 454 01ad 06       		.byte	6
 455 01ae 42       		.byte	66
 456 01af 05       		.byte	5
ARM GAS  C:\Users\PANXIA~1\AppData\Local\Temp\ccpNLRaF.s 			page 9


 457 01b0 44       		.byte	68
 458 01b1 01       		.byte	1
 459 01b2 45       		.byte	69
 460 01b3 0E       		.byte	14
 461 01b4 47       		.byte	71
 462 01b5 0C       		.byte	12
 463 01b6 48       		.byte	72
 464 01b7 11       		.byte	17
 465 01b8 49       		.byte	73
 466 01b9 FF       		.byte	-1
 467 01ba 4A       		.byte	74
 468 01bb FF       		.byte	-1
 469 01bc 4B       		.byte	75
 470 01bd FF       		.byte	-1
 471 01be 4C       		.byte	76
 472 01bf 62       		.byte	98
 473 01c0 4D       		.byte	77
 474 01c1 A0       		.byte	-96
 475 01c2 4E       		.byte	78
 476 01c3 F0       		.byte	-16
 477 01c4 4F       		.byte	79
 478 01c5 41       		.byte	65
 479 01c6 50       		.byte	80
 480 01c7 0C       		.byte	12
 481 01c8 56       		.byte	86
 482 01c9 08       		.byte	8
 483 01ca 58       		.byte	88
 484 01cb 04       		.byte	4
 485 01cc 59       		.byte	89
 486 01cd 04       		.byte	4
 487 01ce 5A       		.byte	90
 488 01cf 04       		.byte	4
 489 01d0 5B       		.byte	91
 490 01d1 04       		.byte	4
 491 01d2 5C       		.byte	92
 492 01d3 22       		.byte	34
 493 01d4 5D       		.byte	93
 494 01d5 92       		.byte	-110
 495 01d6 5F       		.byte	95
 496 01d7 01       		.byte	1
 497 01d8 66       		.byte	102
 498 01d9 40       		.byte	64
 499 01da 67       		.byte	103
 500 01db 02       		.byte	2
 501 01dc 69       		.byte	105
 502 01dd 10       		.byte	16
 503 01de 6A       		.byte	106
 504 01df 30       		.byte	48
 505 01e0 6B       		.byte	107
 506 01e1 10       		.byte	16
 507 01e2 6D       		.byte	109
 508 01e3 10       		.byte	16
 509 01e4 6E       		.byte	110
 510 01e5 10       		.byte	16
 511 01e6 6F       		.byte	111
 512 01e7 12       		.byte	18
 513 01e8 84       		.byte	-124
ARM GAS  C:\Users\PANXIA~1\AppData\Local\Temp\ccpNLRaF.s 			page 10


 514 01e9 03       		.byte	3
 515 01ea 8C       		.byte	-116
 516 01eb 02       		.byte	2
 517 01ec 95       		.byte	-107
 518 01ed 02       		.byte	2
 519 01ee 99       		.byte	-103
 520 01ef 01       		.byte	1
 521 01f0 9C       		.byte	-100
 522 01f1 03       		.byte	3
 523 01f2 A1       		.byte	-95
 524 01f3 01       		.byte	1
 525 01f4 AA       		.byte	-86
 526 01f5 01       		.byte	1
 527 01f6 AF       		.byte	-81
 528 01f7 01       		.byte	1
 529 01f8 B4       		.byte	-76
 530 01f9 03       		.byte	3
 531 01fa B7       		.byte	-73
 532 01fb 03       		.byte	3
 533 01fc B8       		.byte	-72
 534 01fd 20       		.byte	32
 535 01fe B9       		.byte	-71
 536 01ff 80       		.byte	-128
 537 0200 BE       		.byte	-66
 538 0201 10       		.byte	16
 539 0202 C0       		.byte	-64
 540 0203 02       		.byte	2
 541 0204 C5       		.byte	-59
 542 0205 40       		.byte	64
 543 0206 C9       		.byte	-55
 544 0207 FF       		.byte	-1
 545 0208 CA       		.byte	-54
 546 0209 07       		.byte	7
 547 020a CB       		.byte	-53
 548 020b FF       		.byte	-1
 549 020c CC       		.byte	-52
 550 020d 40       		.byte	64
 551 020e CD       		.byte	-51
 552 020f 20       		.byte	32
 553 0210 CE       		.byte	-50
 554 0211 F0       		.byte	-16
 555 0212 CF       		.byte	-49
 556 0213 05       		.byte	5
 557 0214 D0       		.byte	-48
 558 0215 08       		.byte	8
 559 0216 D4       		.byte	-44
 560 0217 01       		.byte	1
 561 0218 D6       		.byte	-42
 562 0219 04       		.byte	4
 563 021a D8       		.byte	-40
 564 021b 04       		.byte	4
 565 021c D9       		.byte	-39
 566 021d 04       		.byte	4
 567 021e DA       		.byte	-38
 568 021f 04       		.byte	4
 569 0220 DB       		.byte	-37
 570 0221 04       		.byte	4
ARM GAS  C:\Users\PANXIA~1\AppData\Local\Temp\ccpNLRaF.s 			page 11


 571 0222 DC       		.byte	-36
 572 0223 20       		.byte	32
 573 0224 DD       		.byte	-35
 574 0225 12       		.byte	18
 575 0226 DF       		.byte	-33
 576 0227 01       		.byte	1
 577 0228 E0       		.byte	-32
 578 0229 40       		.byte	64
 579 022a E1       		.byte	-31
 580 022b A8       		.byte	-88
 581 022c E2       		.byte	-30
 582 022d 40       		.byte	64
 583 022e E3       		.byte	-29
 584 022f 20       		.byte	32
 585 0230 00       		.byte	0
 586 0231 88       		.byte	-120
 587 0232 03       		.byte	3
 588 0233 02       		.byte	2
 589 0234 04       		.byte	4
 590 0235 40       		.byte	64
 591 0236 07       		.byte	7
 592 0237 10       		.byte	16
 593 0238 08       		.byte	8
 594 0239 80       		.byte	-128
 595 023a 0A       		.byte	10
 596 023b 01       		.byte	1
 597 023c 0D       		.byte	13
 598 023d 20       		.byte	32
 599 023e 0F       		.byte	15
 600 023f 20       		.byte	32
 601 0240 10       		.byte	16
 602 0241 08       		.byte	8
 603 0242 1A       		.byte	26
 604 0243 04       		.byte	4
 605 0244 1D       		.byte	29
 606 0245 08       		.byte	8
 607 0246 20       		.byte	32
 608 0247 02       		.byte	2
 609 0248 24       		.byte	36
 610 0249 20       		.byte	32
 611 024a 25       		.byte	37
 612 024b 10       		.byte	16
 613 024c 27       		.byte	39
 614 024d 42       		.byte	66
 615 024e 28       		.byte	40
 616 024f 80       		.byte	-128
 617 0250 2B       		.byte	43
 618 0251 02       		.byte	2
 619 0252 2E       		.byte	46
 620 0253 80       		.byte	-128
 621 0254 2F       		.byte	47
 622 0255 28       		.byte	40
 623 0256 30       		.byte	48
 624 0257 08       		.byte	8
 625 0258 32       		.byte	50
 626 0259 10       		.byte	16
 627 025a 34       		.byte	52
ARM GAS  C:\Users\PANXIA~1\AppData\Local\Temp\ccpNLRaF.s 			page 12


 628 025b 01       		.byte	1
 629 025c 36       		.byte	54
 630 025d 18       		.byte	24
 631 025e 37       		.byte	55
 632 025f 11       		.byte	17
 633 0260 3C       		.byte	60
 634 0261 40       		.byte	64
 635 0262 3D       		.byte	61
 636 0263 30       		.byte	48
 637 0264 3E       		.byte	62
 638 0265 08       		.byte	8
 639 0266 3F       		.byte	63
 640 0267 01       		.byte	1
 641 0268 42       		.byte	66
 642 0269 04       		.byte	4
 643 026a 45       		.byte	69
 644 026b 22       		.byte	34
 645 026c 46       		.byte	70
 646 026d 88       		.byte	-120
 647 026e 47       		.byte	71
 648 026f 40       		.byte	64
 649 0270 48       		.byte	72
 650 0271 80       		.byte	-128
 651 0272 4E       		.byte	78
 652 0273 0E       		.byte	14
 653 0274 4F       		.byte	79
 654 0275 28       		.byte	40
 655 0276 50       		.byte	80
 656 0277 08       		.byte	8
 657 0278 55       		.byte	85
 658 0279 04       		.byte	4
 659 027a 59       		.byte	89
 660 027b 05       		.byte	5
 661 027c 5A       		.byte	90
 662 027d 80       		.byte	-128
 663 027e 5D       		.byte	93
 664 027f 48       		.byte	72
 665 0280 5F       		.byte	95
 666 0281 20       		.byte	32
 667 0282 63       		.byte	99
 668 0283 80       		.byte	-128
 669 0284 64       		.byte	100
 670 0285 10       		.byte	16
 671 0286 65       		.byte	101
 672 0287 10       		.byte	16
 673 0288 67       		.byte	103
 674 0289 01       		.byte	1
 675 028a 90       		.byte	-112
 676 028b 40       		.byte	64
 677 028c 92       		.byte	-110
 678 028d 08       		.byte	8
 679 028e 94       		.byte	-108
 680 028f 20       		.byte	32
 681 0290 95       		.byte	-107
 682 0291 10       		.byte	16
 683 0292 97       		.byte	-105
 684 0293 09       		.byte	9
ARM GAS  C:\Users\PANXIA~1\AppData\Local\Temp\ccpNLRaF.s 			page 13


 685 0294 98       		.byte	-104
 686 0295 62       		.byte	98
 687 0296 99       		.byte	-103
 688 0297 28       		.byte	40
 689 0298 9A       		.byte	-102
 690 0299 04       		.byte	4
 691 029a 9C       		.byte	-100
 692 029b 01       		.byte	1
 693 029c 9E       		.byte	-98
 694 029d A2       		.byte	-94
 695 029e 9F       		.byte	-97
 696 029f 02       		.byte	2
 697 02a0 A1       		.byte	-95
 698 02a1 20       		.byte	32
 699 02a2 A2       		.byte	-94
 700 02a3 12       		.byte	18
 701 02a4 A4       		.byte	-92
 702 02a5 20       		.byte	32
 703 02a6 A5       		.byte	-91
 704 02a7 04       		.byte	4
 705 02a8 A7       		.byte	-89
 706 02a9 40       		.byte	64
 707 02aa B3       		.byte	-77
 708 02ab 42       		.byte	66
 709 02ac C0       		.byte	-64
 710 02ad A5       		.byte	-91
 711 02ae C2       		.byte	-62
 712 02af 61       		.byte	97
 713 02b0 C4       		.byte	-60
 714 02b1 02       		.byte	2
 715 02b2 CA       		.byte	-54
 716 02b3 79       		.byte	121
 717 02b4 CC       		.byte	-52
 718 02b5 E6       		.byte	-26
 719 02b6 CE       		.byte	-50
 720 02b7 F0       		.byte	-16
 721 02b8 D0       		.byte	-48
 722 02b9 B4       		.byte	-76
 723 02ba D2       		.byte	-46
 724 02bb 30       		.byte	48
 725 02bc D6       		.byte	-42
 726 02bd 7B       		.byte	123
 727 02be D8       		.byte	-40
 728 02bf 71       		.byte	113
 729 02c0 EA       		.byte	-22
 730 02c1 20       		.byte	32
 731 02c2 EE       		.byte	-18
 732 02c3 80       		.byte	-128
 733 02c4 E0       		.byte	-32
 734 02c5 24       		.byte	36
 735 02c6 E4       		.byte	-28
 736 02c7 80       		.byte	-128
 737 02c8 E8       		.byte	-24
 738 02c9 10       		.byte	16
 739 02ca EA       		.byte	-22
 740 02cb 20       		.byte	32
 741 02cc 00       		.byte	0
ARM GAS  C:\Users\PANXIA~1\AppData\Local\Temp\ccpNLRaF.s 			page 14


 742 02cd 12       		.byte	18
 743 02ce 02       		.byte	2
 744 02cf 20       		.byte	32
 745 02d0 04       		.byte	4
 746 02d1 20       		.byte	32
 747 02d2 05       		.byte	5
 748 02d3 03       		.byte	3
 749 02d4 06       		.byte	6
 750 02d5 18       		.byte	24
 751 02d6 07       		.byte	7
 752 02d7 04       		.byte	4
 753 02d8 0C       		.byte	12
 754 02d9 38       		.byte	56
 755 02da 0D       		.byte	13
 756 02db 03       		.byte	3
 757 02dc 0E       		.byte	14
 758 02dd 04       		.byte	4
 759 02de 0F       		.byte	15
 760 02df 04       		.byte	4
 761 02e0 11       		.byte	17
 762 02e1 0A       		.byte	10
 763 02e2 12       		.byte	18
 764 02e3 01       		.byte	1
 765 02e4 13       		.byte	19
 766 02e5 04       		.byte	4
 767 02e6 14       		.byte	20
 768 02e7 18       		.byte	24
 769 02e8 16       		.byte	22
 770 02e9 22       		.byte	34
 771 02ea 17       		.byte	23
 772 02eb 05       		.byte	5
 773 02ec 19       		.byte	25
 774 02ed 03       		.byte	3
 775 02ee 1B       		.byte	27
 776 02ef 0C       		.byte	12
 777 02f0 1E       		.byte	30
 778 02f1 06       		.byte	6
 779 02f2 20       		.byte	32
 780 02f3 20       		.byte	32
 781 02f4 21       		.byte	33
 782 02f5 10       		.byte	16
 783 02f6 24       		.byte	36
 784 02f7 28       		.byte	40
 785 02f8 2A       		.byte	42
 786 02f9 01       		.byte	1
 787 02fa 2F       		.byte	47
 788 02fb 08       		.byte	8
 789 02fc 30       		.byte	48
 790 02fd 01       		.byte	1
 791 02fe 35       		.byte	53
 792 02ff 0F       		.byte	15
 793 0300 36       		.byte	54
 794 0301 3E       		.byte	62
 795 0302 37       		.byte	55
 796 0303 10       		.byte	16
 797 0304 3B       		.byte	59
 798 0305 20       		.byte	32
ARM GAS  C:\Users\PANXIA~1\AppData\Local\Temp\ccpNLRaF.s 			page 15


 799 0306 3E       		.byte	62
 800 0307 01       		.byte	1
 801 0308 3F       		.byte	63
 802 0309 40       		.byte	64
 803 030a 40       		.byte	64
 804 030b 26       		.byte	38
 805 030c 41       		.byte	65
 806 030d 05       		.byte	5
 807 030e 45       		.byte	69
 808 030f 0C       		.byte	12
 809 0310 46       		.byte	70
 810 0311 BE       		.byte	-66
 811 0312 48       		.byte	72
 812 0313 0D       		.byte	13
 813 0314 49       		.byte	73
 814 0315 FF       		.byte	-1
 815 0316 4A       		.byte	74
 816 0317 FF       		.byte	-1
 817 0318 4B       		.byte	75
 818 0319 FF       		.byte	-1
 819 031a 4E       		.byte	78
 820 031b F0       		.byte	-16
 821 031c 4F       		.byte	79
 822 031d 44       		.byte	68
 823 031e 50       		.byte	80
 824 031f 0C       		.byte	12
 825 0320 56       		.byte	86
 826 0321 08       		.byte	8
 827 0322 58       		.byte	88
 828 0323 04       		.byte	4
 829 0324 59       		.byte	89
 830 0325 04       		.byte	4
 831 0326 5A       		.byte	90
 832 0327 04       		.byte	4
 833 0328 5B       		.byte	91
 834 0329 04       		.byte	4
 835 032a 5C       		.byte	92
 836 032b 22       		.byte	34
 837 032c 5D       		.byte	93
 838 032d 92       		.byte	-110
 839 032e 5F       		.byte	95
 840 032f 01       		.byte	1
 841 0330 66       		.byte	102
 842 0331 C0       		.byte	-64
 843 0332 6A       		.byte	106
 844 0333 40       		.byte	64
 845 0334 6B       		.byte	107
 846 0335 02       		.byte	2
 847 0336 85       		.byte	-123
 848 0337 02       		.byte	2
 849 0338 8F       		.byte	-113
 850 0339 01       		.byte	1
 851 033a 93       		.byte	-109
 852 033b 02       		.byte	2
 853 033c 97       		.byte	-105
 854 033d 01       		.byte	1
 855 033e 9B       		.byte	-101
ARM GAS  C:\Users\PANXIA~1\AppData\Local\Temp\ccpNLRaF.s 			page 16


 856 033f 02       		.byte	2
 857 0340 A1       		.byte	-95
 858 0341 04       		.byte	4
 859 0342 AB       		.byte	-85
 860 0343 02       		.byte	2
 861 0344 AD       		.byte	-83
 862 0345 02       		.byte	2
 863 0346 B3       		.byte	-77
 864 0347 01       		.byte	1
 865 0348 B5       		.byte	-75
 866 0349 04       		.byte	4
 867 034a B7       		.byte	-73
 868 034b 02       		.byte	2
 869 034c BF       		.byte	-65
 870 034d 50       		.byte	80
 871 034e D4       		.byte	-44
 872 034f 01       		.byte	1
 873 0350 D9       		.byte	-39
 874 0351 04       		.byte	4
 875 0352 DB       		.byte	-37
 876 0353 04       		.byte	4
 877 0354 DC       		.byte	-36
 878 0355 10       		.byte	16
 879 0356 DD       		.byte	-35
 880 0357 20       		.byte	32
 881 0358 DF       		.byte	-33
 882 0359 01       		.byte	1
 883 035a 00       		.byte	0
 884 035b 0A       		.byte	10
 885 035c 02       		.byte	2
 886 035d 42       		.byte	66
 887 035e 09       		.byte	9
 888 035f 04       		.byte	4
 889 0360 0A       		.byte	10
 890 0361 01       		.byte	1
 891 0362 0B       		.byte	11
 892 0363 40       		.byte	64
 893 0364 10       		.byte	16
 894 0365 A0       		.byte	-96
 895 0366 12       		.byte	18
 896 0367 08       		.byte	8
 897 0368 1A       		.byte	26
 898 0369 81       		.byte	-127
 899 036a 1B       		.byte	27
 900 036b 80       		.byte	-128
 901 036c 20       		.byte	32
 902 036d 0C       		.byte	12
 903 036e 22       		.byte	34
 904 036f 90       		.byte	-112
 905 0370 26       		.byte	38
 906 0371 40       		.byte	64
 907 0372 27       		.byte	39
 908 0373 28       		.byte	40
 909 0374 2A       		.byte	42
 910 0375 40       		.byte	64
 911 0376 2B       		.byte	43
 912 0377 80       		.byte	-128
ARM GAS  C:\Users\PANXIA~1\AppData\Local\Temp\ccpNLRaF.s 			page 17


 913 0378 2C       		.byte	44
 914 0379 08       		.byte	8
 915 037a 2D       		.byte	45
 916 037b C1       		.byte	-63
 917 037c 2F       		.byte	47
 918 037d 40       		.byte	64
 919 037e 30       		.byte	48
 920 037f 08       		.byte	8
 921 0380 32       		.byte	50
 922 0381 12       		.byte	18
 923 0382 36       		.byte	54
 924 0383 1A       		.byte	26
 925 0384 39       		.byte	57
 926 0385 40       		.byte	64
 927 0386 3B       		.byte	59
 928 0387 04       		.byte	4
 929 0388 3C       		.byte	60
 930 0389 08       		.byte	8
 931 038a 3F       		.byte	63
 932 038b 40       		.byte	64
 933 038c 40       		.byte	64
 934 038d 04       		.byte	4
 935 038e 48       		.byte	72
 936 038f 08       		.byte	8
 937 0390 49       		.byte	73
 938 0391 80       		.byte	-128
 939 0392 4A       		.byte	74
 940 0393 10       		.byte	16
 941 0394 4B       		.byte	75
 942 0395 04       		.byte	4
 943 0396 50       		.byte	80
 944 0397 20       		.byte	32
 945 0398 53       		.byte	83
 946 0399 40       		.byte	64
 947 039a 58       		.byte	88
 948 039b 64       		.byte	100
 949 039c 5D       		.byte	93
 950 039d 01       		.byte	1
 951 039e 5E       		.byte	94
 952 039f A0       		.byte	-96
 953 03a0 5F       		.byte	95
 954 03a1 08       		.byte	8
 955 03a2 62       		.byte	98
 956 03a3 10       		.byte	16
 957 03a4 63       		.byte	99
 958 03a5 22       		.byte	34
 959 03a6 80       		.byte	-128
 960 03a7 80       		.byte	-128
 961 03a8 81       		.byte	-127
 962 03a9 84       		.byte	-124
 963 03aa 83       		.byte	-125
 964 03ab 10       		.byte	16
 965 03ac 87       		.byte	-121
 966 03ad 20       		.byte	32
 967 03ae 88       		.byte	-120
 968 03af 01       		.byte	1
 969 03b0 8A       		.byte	-118
ARM GAS  C:\Users\PANXIA~1\AppData\Local\Temp\ccpNLRaF.s 			page 18


 970 03b1 10       		.byte	16
 971 03b2 8E       		.byte	-114
 972 03b3 80       		.byte	-128
 973 03b4 93       		.byte	-109
 974 03b5 40       		.byte	64
 975 03b6 96       		.byte	-106
 976 03b7 A0       		.byte	-96
 977 03b8 98       		.byte	-104
 978 03b9 64       		.byte	100
 979 03ba 99       		.byte	-103
 980 03bb 80       		.byte	-128
 981 03bc 9C       		.byte	-100
 982 03bd 81       		.byte	-127
 983 03be A0       		.byte	-96
 984 03bf 89       		.byte	-119
 985 03c0 A2       		.byte	-94
 986 03c1 0A       		.byte	10
 987 03c2 A4       		.byte	-92
 988 03c3 04       		.byte	4
 989 03c4 A7       		.byte	-89
 990 03c5 01       		.byte	1
 991 03c6 B0       		.byte	-80
 992 03c7 08       		.byte	8
 993 03c8 B3       		.byte	-77
 994 03c9 01       		.byte	1
 995 03ca C0       		.byte	-64
 996 03cb 0D       		.byte	13
 997 03cc C2       		.byte	-62
 998 03cd 0D       		.byte	13
 999 03ce C4       		.byte	-60
 1000 03cf 0E       		.byte	14
 1001 03d0 CA       		.byte	-54
 1002 03d1 B9       		.byte	-71
 1003 03d2 CC       		.byte	-52
 1004 03d3 E7       		.byte	-25
 1005 03d4 CE       		.byte	-50
 1006 03d5 5A       		.byte	90
 1007 03d6 D0       		.byte	-48
 1008 03d7 04       		.byte	4
 1009 03d8 D2       		.byte	-46
 1010 03d9 0C       		.byte	12
 1011 03da D6       		.byte	-42
 1012 03db FE       		.byte	-2
 1013 03dc D8       		.byte	-40
 1014 03dd 0E       		.byte	14
 1015 03de E2       		.byte	-30
 1016 03df 50       		.byte	80
 1017 03e0 01       		.byte	1
 1018 03e1 04       		.byte	4
 1019 03e2 03       		.byte	3
 1020 03e3 01       		.byte	1
 1021 03e4 04       		.byte	4
 1022 03e5 02       		.byte	2
 1023 03e6 05       		.byte	5
 1024 03e7 07       		.byte	7
 1025 03e8 09       		.byte	9
 1026 03e9 02       		.byte	2
ARM GAS  C:\Users\PANXIA~1\AppData\Local\Temp\ccpNLRaF.s 			page 19


 1027 03ea 0B       		.byte	11
 1028 03eb 01       		.byte	1
 1029 03ec 16       		.byte	22
 1030 03ed 01       		.byte	1
 1031 03ee 1A       		.byte	26
 1032 03ef 01       		.byte	1
 1033 03f0 1D       		.byte	29
 1034 03f1 01       		.byte	1
 1035 03f2 1F       		.byte	31
 1036 03f3 06       		.byte	6
 1037 03f4 28       		.byte	40
 1038 03f5 02       		.byte	2
 1039 03f6 29       		.byte	41
 1040 03f7 07       		.byte	7
 1041 03f8 2C       		.byte	44
 1042 03f9 02       		.byte	2
 1043 03fa 30       		.byte	48
 1044 03fb 02       		.byte	2
 1045 03fc 32       		.byte	50
 1046 03fd 01       		.byte	1
 1047 03fe 37       		.byte	55
 1048 03ff 07       		.byte	7
 1049 0400 3E       		.byte	62
 1050 0401 04       		.byte	4
 1051 0402 40       		.byte	64
 1052 0403 46       		.byte	70
 1053 0404 49       		.byte	73
 1054 0405 FF       		.byte	-1
 1055 0406 4A       		.byte	74
 1056 0407 FF       		.byte	-1
 1057 0408 4B       		.byte	75
 1058 0409 FF       		.byte	-1
 1059 040a 4F       		.byte	79
 1060 040b 01       		.byte	1
 1061 040c 50       		.byte	80
 1062 040d 18       		.byte	24
 1063 040e 56       		.byte	86
 1064 040f 02       		.byte	2
 1065 0410 57       		.byte	87
 1066 0411 11       		.byte	17
 1067 0412 58       		.byte	88
 1068 0413 04       		.byte	4
 1069 0414 59       		.byte	89
 1070 0415 04       		.byte	4
 1071 0416 5A       		.byte	90
 1072 0417 04       		.byte	4
 1073 0418 5B       		.byte	91
 1074 0419 04       		.byte	4
 1075 041a 5C       		.byte	92
 1076 041b 22       		.byte	34
 1077 041c 5D       		.byte	93
 1078 041d 21       		.byte	33
 1079 041e 5F       		.byte	95
 1080 041f 01       		.byte	1
 1081 0420 60       		.byte	96
 1082 0421 40       		.byte	64
 1083 0422 62       		.byte	98
ARM GAS  C:\Users\PANXIA~1\AppData\Local\Temp\ccpNLRaF.s 			page 20


 1084 0423 40       		.byte	64
 1085 0424 64       		.byte	100
 1086 0425 40       		.byte	64
 1087 0426 65       		.byte	101
 1088 0427 40       		.byte	64
 1089 0428 66       		.byte	102
 1090 0429 80       		.byte	-128
 1091 042a 68       		.byte	104
 1092 042b 80       		.byte	-128
 1093 042c 6A       		.byte	106
 1094 042d 80       		.byte	-128
 1095 042e 6C       		.byte	108
 1096 042f 80       		.byte	-128
 1097 0430 6E       		.byte	110
 1098 0431 80       		.byte	-128
 1099 0432 82       		.byte	-126
 1100 0433 06       		.byte	6
 1101 0434 86       		.byte	-122
 1102 0435 05       		.byte	5
 1103 0436 8C       		.byte	-116
 1104 0437 06       		.byte	6
 1105 0438 8E       		.byte	-114
 1106 0439 01       		.byte	1
 1107 043a 91       		.byte	-111
 1108 043b 0C       		.byte	12
 1109 043c 93       		.byte	-109
 1110 043d 03       		.byte	3
 1111 043e 97       		.byte	-105
 1112 043f 03       		.byte	3
 1113 0440 99       		.byte	-103
 1114 0441 01       		.byte	1
 1115 0442 9B       		.byte	-101
 1116 0443 06       		.byte	6
 1117 0444 9E       		.byte	-98
 1118 0445 03       		.byte	3
 1119 0446 9F       		.byte	-97
 1120 0447 08       		.byte	8
 1121 0448 A1       		.byte	-95
 1122 0449 01       		.byte	1
 1123 044a A2       		.byte	-94
 1124 044b 02       		.byte	2
 1125 044c A3       		.byte	-93
 1126 044d 0E       		.byte	14
 1127 044e AA       		.byte	-86
 1128 044f 01       		.byte	1
 1129 0450 AF       		.byte	-81
 1130 0451 0C       		.byte	12
 1131 0452 B1       		.byte	-79
 1132 0453 0F       		.byte	15
 1133 0454 B6       		.byte	-74
 1134 0455 07       		.byte	7
 1135 0456 BA       		.byte	-70
 1136 0457 80       		.byte	-128
 1137 0458 BB       		.byte	-69
 1138 0459 02       		.byte	2
 1139 045a C0       		.byte	-64
 1140 045b 46       		.byte	70
ARM GAS  C:\Users\PANXIA~1\AppData\Local\Temp\ccpNLRaF.s 			page 21


 1141 045c C5       		.byte	-59
 1142 045d EC       		.byte	-20
 1143 045e C7       		.byte	-57
 1144 045f 02       		.byte	2
 1145 0460 C8       		.byte	-56
 1146 0461 13       		.byte	19
 1147 0462 C9       		.byte	-55
 1148 0463 FF       		.byte	-1
 1149 0464 CA       		.byte	-54
 1150 0465 FF       		.byte	-1
 1151 0466 CB       		.byte	-53
 1152 0467 FF       		.byte	-1
 1153 0468 CD       		.byte	-51
 1154 0469 83       		.byte	-125
 1155 046a CE       		.byte	-50
 1156 046b 03       		.byte	3
 1157 046c CF       		.byte	-49
 1158 046d 01       		.byte	1
 1159 046e D0       		.byte	-48
 1160 046f 18       		.byte	24
 1161 0470 D2       		.byte	-46
 1162 0471 80       		.byte	-128
 1163 0472 D8       		.byte	-40
 1164 0473 04       		.byte	4
 1165 0474 D9       		.byte	-39
 1166 0475 04       		.byte	4
 1167 0476 DA       		.byte	-38
 1168 0477 04       		.byte	4
 1169 0478 DB       		.byte	-37
 1170 0479 04       		.byte	4
 1171 047a DC       		.byte	-36
 1172 047b 22       		.byte	34
 1173 047c DD       		.byte	-35
 1174 047d 11       		.byte	17
 1175 047e DF       		.byte	-33
 1176 047f 01       		.byte	1
 1177 0480 E0       		.byte	-32
 1178 0481 40       		.byte	64
 1179 0482 E2       		.byte	-30
 1180 0483 40       		.byte	64
 1181 0484 E4       		.byte	-28
 1182 0485 40       		.byte	64
 1183 0486 E5       		.byte	-27
 1184 0487 40       		.byte	64
 1185 0488 E6       		.byte	-26
 1186 0489 80       		.byte	-128
 1187 048a E8       		.byte	-24
 1188 048b 80       		.byte	-128
 1189 048c EA       		.byte	-22
 1190 048d 80       		.byte	-128
 1191 048e EC       		.byte	-20
 1192 048f 80       		.byte	-128
 1193 0490 EE       		.byte	-18
 1194 0491 80       		.byte	-128
 1195 0492 00       		.byte	0
 1196 0493 8A       		.byte	-118
 1197 0494 02       		.byte	2
ARM GAS  C:\Users\PANXIA~1\AppData\Local\Temp\ccpNLRaF.s 			page 22


 1198 0495 40       		.byte	64
 1199 0496 04       		.byte	4
 1200 0497 08       		.byte	8
 1201 0498 0A       		.byte	10
 1202 0499 01       		.byte	1
 1203 049a 0D       		.byte	13
 1204 049b 08       		.byte	8
 1205 049c 0F       		.byte	15
 1206 049d 08       		.byte	8
 1207 049e 10       		.byte	16
 1208 049f 88       		.byte	-120
 1209 04a0 15       		.byte	21
 1210 04a1 40       		.byte	64
 1211 04a2 17       		.byte	23
 1212 04a3 10       		.byte	16
 1213 04a4 19       		.byte	25
 1214 04a5 80       		.byte	-128
 1215 04a6 1A       		.byte	26
 1216 04a7 01       		.byte	1
 1217 04a8 1B       		.byte	27
 1218 04a9 80       		.byte	-128
 1219 04aa 1D       		.byte	29
 1220 04ab 02       		.byte	2
 1221 04ac 1F       		.byte	31
 1222 04ad 04       		.byte	4
 1223 04ae 20       		.byte	32
 1224 04af 80       		.byte	-128
 1225 04b0 22       		.byte	34
 1226 04b1 02       		.byte	2
 1227 04b2 26       		.byte	38
 1228 04b3 80       		.byte	-128
 1229 04b4 27       		.byte	39
 1230 04b5 01       		.byte	1
 1231 04b6 2A       		.byte	42
 1232 04b7 40       		.byte	64
 1233 04b8 2B       		.byte	43
 1234 04b9 80       		.byte	-128
 1235 04ba 2F       		.byte	47
 1236 04bb 08       		.byte	8
 1237 04bc 30       		.byte	48
 1238 04bd 88       		.byte	-120
 1239 04be 32       		.byte	50
 1240 04bf 12       		.byte	18
 1241 04c0 36       		.byte	54
 1242 04c1 80       		.byte	-128
 1243 04c2 3D       		.byte	61
 1244 04c3 20       		.byte	32
 1245 04c4 3E       		.byte	62
 1246 04c5 04       		.byte	4
 1247 04c6 3F       		.byte	63
 1248 04c7 01       		.byte	1
 1249 04c8 42       		.byte	66
 1250 04c9 80       		.byte	-128
 1251 04ca 44       		.byte	68
 1252 04cb 10       		.byte	16
 1253 04cc 46       		.byte	70
 1254 04cd 90       		.byte	-112
ARM GAS  C:\Users\PANXIA~1\AppData\Local\Temp\ccpNLRaF.s 			page 23


 1255 04ce 49       		.byte	73
 1256 04cf 05       		.byte	5
 1257 04d0 4A       		.byte	74
 1258 04d1 08       		.byte	8
 1259 04d2 4E       		.byte	78
 1260 04d3 08       		.byte	8
 1261 04d4 52       		.byte	82
 1262 04d5 08       		.byte	8
 1263 04d6 58       		.byte	88
 1264 04d7 89       		.byte	-119
 1265 04d8 59       		.byte	89
 1266 04d9 10       		.byte	16
 1267 04da 5D       		.byte	93
 1268 04db 20       		.byte	32
 1269 04dc 60       		.byte	96
 1270 04dd 02       		.byte	2
 1271 04de 62       		.byte	98
 1272 04df 14       		.byte	20
 1273 04e0 6C       		.byte	108
 1274 04e1 04       		.byte	4
 1275 04e2 6D       		.byte	109
 1276 04e3 40       		.byte	64
 1277 04e4 6E       		.byte	110
 1278 04e5 04       		.byte	4
 1279 04e6 6F       		.byte	111
 1280 04e7 38       		.byte	56
 1281 04e8 72       		.byte	114
 1282 04e9 80       		.byte	-128
 1283 04ea 73       		.byte	115
 1284 04eb 40       		.byte	64
 1285 04ec 74       		.byte	116
 1286 04ed 20       		.byte	32
 1287 04ee 76       		.byte	118
 1288 04ef 22       		.byte	34
 1289 04f0 93       		.byte	-109
 1290 04f1 01       		.byte	1
 1291 04f2 96       		.byte	-106
 1292 04f3 A1       		.byte	-95
 1293 04f4 97       		.byte	-105
 1294 04f5 08       		.byte	8
 1295 04f6 98       		.byte	-104
 1296 04f7 76       		.byte	118
 1297 04f8 99       		.byte	-103
 1298 04f9 30       		.byte	48
 1299 04fa 9A       		.byte	-102
 1300 04fb 04       		.byte	4
 1301 04fc 9D       		.byte	-99
 1302 04fd 05       		.byte	5
 1303 04fe 9E       		.byte	-98
 1304 04ff 22       		.byte	34
 1305 0500 9F       		.byte	-97
 1306 0501 01       		.byte	1
 1307 0502 A0       		.byte	-96
 1308 0503 89       		.byte	-119
 1309 0504 A1       		.byte	-95
 1310 0505 18       		.byte	24
 1311 0506 A3       		.byte	-93
ARM GAS  C:\Users\PANXIA~1\AppData\Local\Temp\ccpNLRaF.s 			page 24


 1312 0507 04       		.byte	4
 1313 0508 A4       		.byte	-92
 1314 0509 64       		.byte	100
 1315 050a A5       		.byte	-91
 1316 050b 02       		.byte	2
 1317 050c A7       		.byte	-89
 1318 050d 28       		.byte	40
 1319 050e AC       		.byte	-84
 1320 050f 04       		.byte	4
 1321 0510 B3       		.byte	-77
 1322 0511 20       		.byte	32
 1323 0512 B5       		.byte	-75
 1324 0513 40       		.byte	64
 1325 0514 C0       		.byte	-64
 1326 0515 2D       		.byte	45
 1327 0516 C2       		.byte	-62
 1328 0517 61       		.byte	97
 1329 0518 C4       		.byte	-60
 1330 0519 CA       		.byte	-54
 1331 051a CA       		.byte	-54
 1332 051b 29       		.byte	41
 1333 051c CC       		.byte	-52
 1334 051d 1F       		.byte	31
 1335 051e CE       		.byte	-50
 1336 051f E0       		.byte	-32
 1337 0520 D0       		.byte	-48
 1338 0521 81       		.byte	-127
 1339 0522 D2       		.byte	-46
 1340 0523 24       		.byte	36
 1341 0524 D6       		.byte	-42
 1342 0525 2F       		.byte	47
 1343 0526 D8       		.byte	-40
 1344 0527 0E       		.byte	14
 1345 0528 E8       		.byte	-24
 1346 0529 40       		.byte	64
 1347 052a EC       		.byte	-20
 1348 052b 20       		.byte	32
 1349 052c E2       		.byte	-30
 1350 052d 10       		.byte	16
 1351 052e 04       		.byte	4
 1352 052f 08       		.byte	8
 1353 0530 09       		.byte	9
 1354 0531 80       		.byte	-128
 1355 0532 0E       		.byte	14
 1356 0533 08       		.byte	8
 1357 0534 33       		.byte	51
 1358 0535 10       		.byte	16
 1359 0536 36       		.byte	54
 1360 0537 40       		.byte	64
 1361 0538 57       		.byte	87
 1362 0539 10       		.byte	16
 1363 053a 5B       		.byte	91
 1364 053b 40       		.byte	64
 1365 053c 5D       		.byte	93
 1366 053d 80       		.byte	-128
 1367 053e 62       		.byte	98
 1368 053f 02       		.byte	2
ARM GAS  C:\Users\PANXIA~1\AppData\Local\Temp\ccpNLRaF.s 			page 25


 1369 0540 67       		.byte	103
 1370 0541 08       		.byte	8
 1371 0542 C0       		.byte	-64
 1372 0543 20       		.byte	32
 1373 0544 C2       		.byte	-62
 1374 0545 C0       		.byte	-64
 1375 0546 CC       		.byte	-52
 1376 0547 30       		.byte	48
 1377 0548 D4       		.byte	-44
 1378 0549 C0       		.byte	-64
 1379 054a D6       		.byte	-42
 1380 054b 20       		.byte	32
 1381 054c D8       		.byte	-40
 1382 054d C0       		.byte	-64
 1383 054e 08       		.byte	8
 1384 054f 20       		.byte	32
 1385 0550 0B       		.byte	11
 1386 0551 80       		.byte	-128
 1387 0552 0C       		.byte	12
 1388 0553 01       		.byte	1
 1389 0554 0E       		.byte	14
 1390 0555 08       		.byte	8
 1391 0556 83       		.byte	-125
 1392 0557 50       		.byte	80
 1393 0558 8B       		.byte	-117
 1394 0559 04       		.byte	4
 1395 055a 97       		.byte	-105
 1396 055b 08       		.byte	8
 1397 055c 9D       		.byte	-99
 1398 055d 80       		.byte	-128
 1399 055e 9F       		.byte	-97
 1400 055f 50       		.byte	80
 1401 0560 A6       		.byte	-90
 1402 0561 40       		.byte	64
 1403 0562 A7       		.byte	-89
 1404 0563 10       		.byte	16
 1405 0564 A9       		.byte	-87
 1406 0565 80       		.byte	-128
 1407 0566 AA       		.byte	-86
 1408 0567 06       		.byte	6
 1409 0568 B4       		.byte	-76
 1410 0569 04       		.byte	4
 1411 056a C2       		.byte	-62
 1412 056b F0       		.byte	-16
 1413 056c E2       		.byte	-30
 1414 056d 20       		.byte	32
 1415 056e E6       		.byte	-26
 1416 056f 80       		.byte	-128
 1417 0570 EA       		.byte	-22
 1418 0571 80       		.byte	-128
 1419 0572 EC       		.byte	-20
 1420 0573 A0       		.byte	-96
 1421 0574 05       		.byte	5
 1422 0575 02       		.byte	2
 1423 0576 8E       		.byte	-114
 1424 0577 04       		.byte	4
 1425 0578 93       		.byte	-109
ARM GAS  C:\Users\PANXIA~1\AppData\Local\Temp\ccpNLRaF.s 			page 26


 1426 0579 80       		.byte	-128
 1427 057a 98       		.byte	-104
 1428 057b 01       		.byte	1
 1429 057c 9D       		.byte	-99
 1430 057d 80       		.byte	-128
 1431 057e A2       		.byte	-94
 1432 057f 04       		.byte	4
 1433 0580 A6       		.byte	-90
 1434 0581 40       		.byte	64
 1435 0582 A7       		.byte	-89
 1436 0583 10       		.byte	16
 1437 0584 AC       		.byte	-84
 1438 0585 20       		.byte	32
 1439 0586 C0       		.byte	-64
 1440 0587 20       		.byte	32
 1441 0588 EC       		.byte	-20
 1442 0589 10       		.byte	16
 1443 058a 93       		.byte	-109
 1444 058b 80       		.byte	-128
 1445 058c 98       		.byte	-104
 1446 058d 01       		.byte	1
 1447 058e 99       		.byte	-103
 1448 058f 02       		.byte	2
 1449 0590 A7       		.byte	-89
 1450 0591 10       		.byte	16
 1451 0592 B1       		.byte	-79
 1452 0593 80       		.byte	-128
 1453 0594 B2       		.byte	-78
 1454 0595 40       		.byte	64
 1455 0596 01       		.byte	1
 1456 0597 04       		.byte	4
 1457 0598 53       		.byte	83
 1458 0599 02       		.byte	2
 1459 059a 5D       		.byte	93
 1460 059b 80       		.byte	-128
 1461 059c C0       		.byte	-64
 1462 059d 08       		.byte	8
 1463 059e D4       		.byte	-44
 1464 059f 01       		.byte	1
 1465 05a0 D6       		.byte	-42
 1466 05a1 04       		.byte	4
 1467 05a2 98       		.byte	-104
 1468 05a3 02       		.byte	2
 1469 05a4 9D       		.byte	-99
 1470 05a5 80       		.byte	-128
 1471 05a6 A7       		.byte	-89
 1472 05a7 02       		.byte	2
 1473 05a8 B1       		.byte	-79
 1474 05a9 04       		.byte	4
 1475 05aa B4       		.byte	-76
 1476 05ab 02       		.byte	2
 1477 05ac E8       		.byte	-24
 1478 05ad 08       		.byte	8
 1479 05ae EA       		.byte	-22
 1480 05af 04       		.byte	4
 1481 05b0 54       		.byte	84
 1482 05b1 04       		.byte	4
ARM GAS  C:\Users\PANXIA~1\AppData\Local\Temp\ccpNLRaF.s 			page 27


 1483 05b2 83       		.byte	-125
 1484 05b3 02       		.byte	2
 1485 05b4 88       		.byte	-120
 1486 05b5 04       		.byte	4
 1487 05b6 89       		.byte	-119
 1488 05b7 80       		.byte	-128
 1489 05b8 98       		.byte	-104
 1490 05b9 02       		.byte	2
 1491 05ba 9D       		.byte	-99
 1492 05bb 80       		.byte	-128
 1493 05bc A7       		.byte	-89
 1494 05bd 02       		.byte	2
 1495 05be D4       		.byte	-44
 1496 05bf 02       		.byte	2
 1497 05c0 E0       		.byte	-32
 1498 05c1 04       		.byte	4
 1499 05c2 E4       		.byte	-28
 1500 05c3 01       		.byte	1
 1501 05c4 98       		.byte	-104
 1502 05c5 02       		.byte	2
 1503 05c6 56       		.byte	86
 1504 05c7 10       		.byte	16
 1505 05c8 A7       		.byte	-89
 1506 05c9 10       		.byte	16
 1507 05ca AF       		.byte	-81
 1508 05cb 40       		.byte	64
 1509 05cc B0       		.byte	-80
 1510 05cd 01       		.byte	1
 1511 05ce B5       		.byte	-75
 1512 05cf 02       		.byte	2
 1513 05d0 D4       		.byte	-44
 1514 05d1 40       		.byte	64
 1515 05d2 E8       		.byte	-24
 1516 05d3 10       		.byte	16
 1517 05d4 70       		.byte	112
 1518 05d5 01       		.byte	1
 1519 05d6 86       		.byte	-122
 1520 05d7 10       		.byte	16
 1521 05d8 8C       		.byte	-116
 1522 05d9 01       		.byte	1
 1523 05da 8F       		.byte	-113
 1524 05db 10       		.byte	16
 1525 05dc 9E       		.byte	-98
 1526 05dd 10       		.byte	16
 1527 05de A7       		.byte	-89
 1528 05df 10       		.byte	16
 1529 05e0 DC       		.byte	-36
 1530 05e1 80       		.byte	-128
 1531 05e2 E2       		.byte	-30
 1532 05e3 40       		.byte	64
 1533 05e4 98       		.byte	-104
 1534 05e5 02       		.byte	2
 1535 05e6 18       		.byte	24
 1536 05e7 10       		.byte	16
 1537 05e8 78       		.byte	120
 1538 05e9 02       		.byte	2
 1539 05ea 8C       		.byte	-116
ARM GAS  C:\Users\PANXIA~1\AppData\Local\Temp\ccpNLRaF.s 			page 28


 1540 05eb 10       		.byte	16
 1541 05ec 98       		.byte	-104
 1542 05ed 02       		.byte	2
 1543 05ee C6       		.byte	-58
 1544 05ef 08       		.byte	8
 1545 05f0 DE       		.byte	-34
 1546 05f1 02       		.byte	2
 1547 05f2 E2       		.byte	-30
 1548 05f3 08       		.byte	8
 1549 05f4 00       		.byte	0
 1550 05f5 06       		.byte	6
 1551 05f6 01       		.byte	1
 1552 05f7 01       		.byte	1
 1553 05f8 0A       		.byte	10
 1554 05f9 06       		.byte	6
 1555 05fa 0B       		.byte	11
 1556 05fb 01       		.byte	1
 1557 05fc 10       		.byte	16
 1558 05fd 06       		.byte	6
 1559 05fe 11       		.byte	17
 1560 05ff 01       		.byte	1
 1561 0600 1A       		.byte	26
 1562 0601 06       		.byte	6
 1563 0602 1B       		.byte	27
 1564 0603 01       		.byte	1
 1565 0604 00       		.byte	0
 1566 0605 0F       		.byte	15
 1567 0606 00       		.byte	0
 1568 0607 00       		.byte	0
 1569 0608 F0       		.byte	-16
 1570 0609 0C       		.byte	12
 1571 060a 0C       		.byte	12
 1572 060b 00       		.byte	0
 1573 060c 00       		.byte	0
 1574 060d 00       		.byte	0
 1575 060e 00       		.byte	0
 1576 060f 00       		.byte	0
 1577 0610 02       		.byte	2
 1578 0611 00       		.byte	0
 1579 0612 08       		.byte	8
 1580 0613 07       		.byte	7
 1581 0614 07       		.byte	7
 1582 0615 00       		.byte	0
 1583 0616 02       		.byte	2
 1584 0617 00       		.byte	0
 1585 0618 00       		.byte	0
 1586 0619 00       		.byte	0
 1587 061a 00       		.byte	0
 1588 061b 00       		.byte	0
 1589 061c 00       		.byte	0
 1590 061d 14       		.byte	20
 1591 061e 14       		.byte	20
 1592 061f 00       		.byte	0
 1593 0620 14       		.byte	20
 1594 0621 00       		.byte	0
 1595 0622 00       		.byte	0
 1596 0623 00       		.byte	0
ARM GAS  C:\Users\PANXIA~1\AppData\Local\Temp\ccpNLRaF.s 			page 29


 1597 0624 00       		.byte	0
 1598 0625 7F       		.byte	127
 1599 0626 7F       		.byte	127
 1600 0627 00       		.byte	0
 1601 0628 00       		.byte	0
 1602 0629 00       		.byte	0
 1603 062a 00       		.byte	0
 1604 062b 00       		.byte	0
 1605 062c C2       		.byte	-62
 1606 062d 3D       		.byte	61
 1607 062e 3D       		.byte	61
 1608 062f 00       		.byte	0
 1609 0630 3D       		.byte	61
 1610 0631 00       		.byte	0
 1611 0632 00       		.byte	0
 1612 0633 00       		.byte	0
 1613 0634 00       		.byte	0
 1614 0635 E0       		.byte	-32
 1615 0636 E0       		.byte	-32
 1616 0637 00       		.byte	0
 1617 0638 00       		.byte	0
 1618 0639 00       		.byte	0
 1619 063a 00       		.byte	0
 1620 063b 00       		.byte	0
 1621 063c 01       		.byte	1
 1622 063d 0C       		.byte	12
 1623 063e 0C       		.byte	12
 1624 063f 00       		.byte	0
 1625 0640 0C       		.byte	12
 1626 0641 00       		.byte	0
 1627 0642 00       		.byte	0
 1628 0643 00       		.byte	0
 1629              		.section	.cyloadablemeta,"a",%progbits
 1630              		.align	2
 1631              		.type	cy_meta_loadable, %object
 1632              		.size	cy_meta_loadable, 64
 1633              	cy_meta_loadable:
 1634 0000 00000000 		.space	64
 1634      00000000 
 1634      00000000 
 1634      00000000 
 1634      00000000 
 1635              		.text
 1636              	.Letext0:
 1637              		.file 1 ".\\Generated_Source\\PSoC5\\cymetadata.c"
 1638              		.file 2 ".\\Generated_Source\\PSoC5\\cytypes.h"
 1639              		.section	.debug_info,"",%progbits
 1640              	.Ldebug_info0:
 1641 0000 D4000000 		.4byte	0xd4
 1642 0004 0400     		.2byte	0x4
 1643 0006 00000000 		.4byte	.Ldebug_abbrev0
 1644 000a 04       		.byte	0x4
 1645 000b 01       		.uleb128 0x1
 1646 000c B7000000 		.4byte	.LASF15
 1647 0010 01       		.byte	0x1
 1648 0011 3F000000 		.4byte	.LASF16
 1649 0015 00000000 		.4byte	.LASF17
ARM GAS  C:\Users\PANXIA~1\AppData\Local\Temp\ccpNLRaF.s 			page 30


 1650 0019 00000000 		.4byte	.Ldebug_line0
 1651 001d 02       		.uleb128 0x2
 1652 001e 01       		.byte	0x1
 1653 001f 06       		.byte	0x6
 1654 0020 AF010000 		.4byte	.LASF0
 1655 0024 02       		.uleb128 0x2
 1656 0025 01       		.byte	0x1
 1657 0026 08       		.byte	0x8
 1658 0027 6B000000 		.4byte	.LASF1
 1659 002b 02       		.uleb128 0x2
 1660 002c 02       		.byte	0x2
 1661 002d 05       		.byte	0x5
 1662 002e 96010000 		.4byte	.LASF2
 1663 0032 02       		.uleb128 0x2
 1664 0033 02       		.byte	0x2
 1665 0034 07       		.byte	0x7
 1666 0035 8B000000 		.4byte	.LASF3
 1667 0039 02       		.uleb128 0x2
 1668 003a 04       		.byte	0x4
 1669 003b 05       		.byte	0x5
 1670 003c A6010000 		.4byte	.LASF4
 1671 0040 02       		.uleb128 0x2
 1672 0041 04       		.byte	0x4
 1673 0042 07       		.byte	0x7
 1674 0043 79000000 		.4byte	.LASF5
 1675 0047 02       		.uleb128 0x2
 1676 0048 08       		.byte	0x8
 1677 0049 05       		.byte	0x5
 1678 004a 83010000 		.4byte	.LASF6
 1679 004e 02       		.uleb128 0x2
 1680 004f 08       		.byte	0x8
 1681 0050 07       		.byte	0x7
 1682 0051 52010000 		.4byte	.LASF7
 1683 0055 03       		.uleb128 0x3
 1684 0056 04       		.byte	0x4
 1685 0057 05       		.byte	0x5
 1686 0058 696E7400 		.ascii	"int\000"
 1687 005c 02       		.uleb128 0x2
 1688 005d 04       		.byte	0x4
 1689 005e 07       		.byte	0x7
 1690 005f 45010000 		.4byte	.LASF8
 1691 0063 04       		.uleb128 0x4
 1692 0064 A0010000 		.4byte	.LASF18
 1693 0068 02       		.byte	0x2
 1694 0069 C2       		.byte	0xc2
 1695 006a 24000000 		.4byte	0x24
 1696 006e 02       		.uleb128 0x2
 1697 006f 04       		.byte	0x4
 1698 0070 04       		.byte	0x4
 1699 0071 65000000 		.4byte	.LASF9
 1700 0075 02       		.uleb128 0x2
 1701 0076 08       		.byte	0x8
 1702 0077 04       		.byte	0x4
 1703 0078 9E000000 		.4byte	.LASF10
 1704 007c 02       		.uleb128 0x2
 1705 007d 01       		.byte	0x1
 1706 007e 08       		.byte	0x8
ARM GAS  C:\Users\PANXIA~1\AppData\Local\Temp\ccpNLRaF.s 			page 31


 1707 007f 91010000 		.4byte	.LASF11
 1708 0083 05       		.uleb128 0x5
 1709 0084 63000000 		.4byte	0x63
 1710 0088 93000000 		.4byte	0x93
 1711 008c 06       		.uleb128 0x6
 1712 008d 93000000 		.4byte	0x93
 1713 0091 3F       		.byte	0x3f
 1714 0092 00       		.byte	0
 1715 0093 02       		.uleb128 0x2
 1716 0094 04       		.byte	0x4
 1717 0095 07       		.byte	0x7
 1718 0096 7A010000 		.4byte	.LASF12
 1719 009a 07       		.uleb128 0x7
 1720 009b 69010000 		.4byte	.LASF13
 1721 009f 01       		.byte	0x1
 1722 00a0 1C       		.byte	0x1c
 1723 00a1 AB000000 		.4byte	0xab
 1724 00a5 05       		.uleb128 0x5
 1725 00a6 03       		.byte	0x3
 1726 00a7 00000000 		.4byte	cy_meta_loadable
 1727 00ab 08       		.uleb128 0x8
 1728 00ac 83000000 		.4byte	0x83
 1729 00b0 05       		.uleb128 0x5
 1730 00b1 63000000 		.4byte	0x63
 1731 00b5 C1000000 		.4byte	0xc1
 1732 00b9 09       		.uleb128 0x9
 1733 00ba 93000000 		.4byte	0x93
 1734 00be 4306     		.2byte	0x643
 1735 00c0 00       		.byte	0
 1736 00c1 07       		.uleb128 0x7
 1737 00c2 A5000000 		.4byte	.LASF14
 1738 00c6 01       		.byte	0x1
 1739 00c7 2E       		.byte	0x2e
 1740 00c8 D2000000 		.4byte	0xd2
 1741 00cc 05       		.uleb128 0x5
 1742 00cd 03       		.byte	0x3
 1743 00ce 00000000 		.4byte	cy_meta_configecc
 1744 00d2 08       		.uleb128 0x8
 1745 00d3 B0000000 		.4byte	0xb0
 1746 00d7 00       		.byte	0
 1747              		.section	.debug_abbrev,"",%progbits
 1748              	.Ldebug_abbrev0:
 1749 0000 01       		.uleb128 0x1
 1750 0001 11       		.uleb128 0x11
 1751 0002 01       		.byte	0x1
 1752 0003 25       		.uleb128 0x25
 1753 0004 0E       		.uleb128 0xe
 1754 0005 13       		.uleb128 0x13
 1755 0006 0B       		.uleb128 0xb
 1756 0007 03       		.uleb128 0x3
 1757 0008 0E       		.uleb128 0xe
 1758 0009 1B       		.uleb128 0x1b
 1759 000a 0E       		.uleb128 0xe
 1760 000b 10       		.uleb128 0x10
 1761 000c 17       		.uleb128 0x17
 1762 000d 00       		.byte	0
 1763 000e 00       		.byte	0
ARM GAS  C:\Users\PANXIA~1\AppData\Local\Temp\ccpNLRaF.s 			page 32


 1764 000f 02       		.uleb128 0x2
 1765 0010 24       		.uleb128 0x24
 1766 0011 00       		.byte	0
 1767 0012 0B       		.uleb128 0xb
 1768 0013 0B       		.uleb128 0xb
 1769 0014 3E       		.uleb128 0x3e
 1770 0015 0B       		.uleb128 0xb
 1771 0016 03       		.uleb128 0x3
 1772 0017 0E       		.uleb128 0xe
 1773 0018 00       		.byte	0
 1774 0019 00       		.byte	0
 1775 001a 03       		.uleb128 0x3
 1776 001b 24       		.uleb128 0x24
 1777 001c 00       		.byte	0
 1778 001d 0B       		.uleb128 0xb
 1779 001e 0B       		.uleb128 0xb
 1780 001f 3E       		.uleb128 0x3e
 1781 0020 0B       		.uleb128 0xb
 1782 0021 03       		.uleb128 0x3
 1783 0022 08       		.uleb128 0x8
 1784 0023 00       		.byte	0
 1785 0024 00       		.byte	0
 1786 0025 04       		.uleb128 0x4
 1787 0026 16       		.uleb128 0x16
 1788 0027 00       		.byte	0
 1789 0028 03       		.uleb128 0x3
 1790 0029 0E       		.uleb128 0xe
 1791 002a 3A       		.uleb128 0x3a
 1792 002b 0B       		.uleb128 0xb
 1793 002c 3B       		.uleb128 0x3b
 1794 002d 0B       		.uleb128 0xb
 1795 002e 49       		.uleb128 0x49
 1796 002f 13       		.uleb128 0x13
 1797 0030 00       		.byte	0
 1798 0031 00       		.byte	0
 1799 0032 05       		.uleb128 0x5
 1800 0033 01       		.uleb128 0x1
 1801 0034 01       		.byte	0x1
 1802 0035 49       		.uleb128 0x49
 1803 0036 13       		.uleb128 0x13
 1804 0037 01       		.uleb128 0x1
 1805 0038 13       		.uleb128 0x13
 1806 0039 00       		.byte	0
 1807 003a 00       		.byte	0
 1808 003b 06       		.uleb128 0x6
 1809 003c 21       		.uleb128 0x21
 1810 003d 00       		.byte	0
 1811 003e 49       		.uleb128 0x49
 1812 003f 13       		.uleb128 0x13
 1813 0040 2F       		.uleb128 0x2f
 1814 0041 0B       		.uleb128 0xb
 1815 0042 00       		.byte	0
 1816 0043 00       		.byte	0
 1817 0044 07       		.uleb128 0x7
 1818 0045 34       		.uleb128 0x34
 1819 0046 00       		.byte	0
 1820 0047 03       		.uleb128 0x3
ARM GAS  C:\Users\PANXIA~1\AppData\Local\Temp\ccpNLRaF.s 			page 33


 1821 0048 0E       		.uleb128 0xe
 1822 0049 3A       		.uleb128 0x3a
 1823 004a 0B       		.uleb128 0xb
 1824 004b 3B       		.uleb128 0x3b
 1825 004c 0B       		.uleb128 0xb
 1826 004d 49       		.uleb128 0x49
 1827 004e 13       		.uleb128 0x13
 1828 004f 3F       		.uleb128 0x3f
 1829 0050 19       		.uleb128 0x19
 1830 0051 02       		.uleb128 0x2
 1831 0052 18       		.uleb128 0x18
 1832 0053 00       		.byte	0
 1833 0054 00       		.byte	0
 1834 0055 08       		.uleb128 0x8
 1835 0056 26       		.uleb128 0x26
 1836 0057 00       		.byte	0
 1837 0058 49       		.uleb128 0x49
 1838 0059 13       		.uleb128 0x13
 1839 005a 00       		.byte	0
 1840 005b 00       		.byte	0
 1841 005c 09       		.uleb128 0x9
 1842 005d 21       		.uleb128 0x21
 1843 005e 00       		.byte	0
 1844 005f 49       		.uleb128 0x49
 1845 0060 13       		.uleb128 0x13
 1846 0061 2F       		.uleb128 0x2f
 1847 0062 05       		.uleb128 0x5
 1848 0063 00       		.byte	0
 1849 0064 00       		.byte	0
 1850 0065 00       		.byte	0
 1851              		.section	.debug_aranges,"",%progbits
 1852 0000 14000000 		.4byte	0x14
 1853 0004 0200     		.2byte	0x2
 1854 0006 00000000 		.4byte	.Ldebug_info0
 1855 000a 04       		.byte	0x4
 1856 000b 00       		.byte	0
 1857 000c 0000     		.2byte	0
 1858 000e 0000     		.2byte	0
 1859 0010 00000000 		.4byte	0
 1860 0014 00000000 		.4byte	0
 1861              		.section	.debug_line,"",%progbits
 1862              	.Ldebug_line0:
 1863 0000 4F000000 		.section	.debug_str,"MS",%progbits,1
 1863      02004900 
 1863      00000201 
 1863      FB0E0D00 
 1863      01010101 
 1864              	.LASF17:
 1865 0000 443A5C47 		.ascii	"D:\\GIT\\A20_CANfestival\\posoc\\MOTION-T1-Ver1.0-2"
 1865      49545C41 
 1865      32305F43 
 1865      414E6665 
 1865      73746976 
 1866 002f 3031362D 		.ascii	"016-09-18.cydsn\000"
 1866      30392D31 
 1866      382E6379 
 1866      64736E00 
ARM GAS  C:\Users\PANXIA~1\AppData\Local\Temp\ccpNLRaF.s 			page 34


 1867              	.LASF16:
 1868 003f 2E5C4765 		.ascii	".\\Generated_Source\\PSoC5\\cymetadata.c\000"
 1868      6E657261 
 1868      7465645F 
 1868      536F7572 
 1868      63655C50 
 1869              	.LASF9:
 1870 0065 666C6F61 		.ascii	"float\000"
 1870      7400
 1871              	.LASF1:
 1872 006b 756E7369 		.ascii	"unsigned char\000"
 1872      676E6564 
 1872      20636861 
 1872      7200
 1873              	.LASF5:
 1874 0079 6C6F6E67 		.ascii	"long unsigned int\000"
 1874      20756E73 
 1874      69676E65 
 1874      6420696E 
 1874      7400
 1875              	.LASF3:
 1876 008b 73686F72 		.ascii	"short unsigned int\000"
 1876      7420756E 
 1876      7369676E 
 1876      65642069 
 1876      6E7400
 1877              	.LASF10:
 1878 009e 646F7562 		.ascii	"double\000"
 1878      6C6500
 1879              	.LASF14:
 1880 00a5 63795F6D 		.ascii	"cy_meta_configecc\000"
 1880      6574615F 
 1880      636F6E66 
 1880      69676563 
 1880      6300
 1881              	.LASF15:
 1882 00b7 474E5520 		.ascii	"GNU C 4.9.3 20150303 (release) [ARM/embedded-4_9-br"
 1882      4320342E 
 1882      392E3320 
 1882      32303135 
 1882      30333033 
 1883 00ea 616E6368 		.ascii	"anch revision 221220] -mcpu=cortex-m3 -mthumb -g -O"
 1883      20726576 
 1883      6973696F 
 1883      6E203232 
 1883      31323230 
 1884 011d 67202D66 		.ascii	"g -ffunction-sections -ffat-lto-objects\000"
 1884      66756E63 
 1884      74696F6E 
 1884      2D736563 
 1884      74696F6E 
 1885              	.LASF8:
 1886 0145 756E7369 		.ascii	"unsigned int\000"
 1886      676E6564 
 1886      20696E74 
 1886      00
 1887              	.LASF7:
ARM GAS  C:\Users\PANXIA~1\AppData\Local\Temp\ccpNLRaF.s 			page 35


 1888 0152 6C6F6E67 		.ascii	"long long unsigned int\000"
 1888      206C6F6E 
 1888      6720756E 
 1888      7369676E 
 1888      65642069 
 1889              	.LASF13:
 1890 0169 63795F6D 		.ascii	"cy_meta_loadable\000"
 1890      6574615F 
 1890      6C6F6164 
 1890      61626C65 
 1890      00
 1891              	.LASF12:
 1892 017a 73697A65 		.ascii	"sizetype\000"
 1892      74797065 
 1892      00
 1893              	.LASF6:
 1894 0183 6C6F6E67 		.ascii	"long long int\000"
 1894      206C6F6E 
 1894      6720696E 
 1894      7400
 1895              	.LASF11:
 1896 0191 63686172 		.ascii	"char\000"
 1896      00
 1897              	.LASF2:
 1898 0196 73686F72 		.ascii	"short int\000"
 1898      7420696E 
 1898      7400
 1899              	.LASF18:
 1900 01a0 75696E74 		.ascii	"uint8\000"
 1900      3800
 1901              	.LASF4:
 1902 01a6 6C6F6E67 		.ascii	"long int\000"
 1902      20696E74 
 1902      00
 1903              	.LASF0:
 1904 01af 7369676E 		.ascii	"signed char\000"
 1904      65642063 
 1904      68617200 
 1905              		.ident	"GCC: (GNU Tools for ARM Embedded Processors) 4.9.3 20150303 (release) [ARM/embedded-4_9-br
