ARM GAS  C:\Users\PANXIA~1\AppData\Local\Temp\ccyZCjWm.s 			page 1


   1              		.syntax unified
   2              		.cpu cortex-m3
   3              		.fpu softvfp
   4              		.eabi_attribute 20, 1
   5              		.eabi_attribute 21, 1
   6              		.eabi_attribute 23, 3
   7              		.eabi_attribute 24, 1
   8              		.eabi_attribute 25, 1
   9              		.eabi_attribute 26, 1
  10              		.eabi_attribute 30, 1
  11              		.eabi_attribute 34, 1
  12              		.eabi_attribute 18, 4
  13              		.thumb
  14              		.file	"main.c"
  15              		.text
  16              	.Ltext0:
  17              		.cfi_sections	.debug_frame
  18              		.section	.text.canSend,"ax",%progbits
  19              		.align	2
  20              		.global	canSend
  21              		.thumb
  22              		.thumb_func
  23              		.type	canSend, %function
  24              	canSend:
  25              	.LFB63:
  26              		.file 1 ".\\main.c"
   1:.\main.c      **** /* ========================================
   2:.\main.c      ****  *
   3:.\main.c      ****  * Copyright YOUR COMPANY, THE YEAR
   4:.\main.c      ****  * All Rights Reserved
   5:.\main.c      ****  * UNPUBLISHED, LICENSED SOFTWARE.
   6:.\main.c      ****  *
   7:.\main.c      ****  * CONFIDENTIAL AND PROPRIETARY INFORMATION
   8:.\main.c      ****  * WHICH IS THE PROPERTY OF your company.
   9:.\main.c      ****  *
  10:.\main.c      ****  * ========================================
  11:.\main.c      **** */
  12:.\main.c      **** 
  13:.\main.c      **** #include "product.h"
  14:.\main.c      **** #include <ISR_Stroke_Timer.h>
  15:.\main.c      **** #include "TestSlave.h"
  16:.\main.c      **** #include "canfestival.h"
  17:.\main.c      **** #include "CanopenDictConfig.h"
  18:.\main.c      **** #include "TLC5616.h"
  19:.\main.c      **** #include "Valve_Control.h"
  20:.\main.c      **** #define CAN_RTR_DATA     ((unsigned int )0x00000000)
  21:.\main.c      **** #define CAN_RTR_REMOTE   ((unsigned int )0x00000002)
  22:.\main.c      **** #define CAN_ID_STD       ((unsigned int) 0x00000000)
  23:.\main.c      **** extern int ISR_Stroke_Timer_states;
  24:.\main.c      **** extern uint8 const CYCODE LCD_Char_1_customFonts[];
  25:.\main.c      **** uint8  key_count = 0;
  26:.\main.c      **** 
  27:.\main.c      **** 
  28:.\main.c      **** unsigned char  receiveData[8]; 
  29:.\main.c      **** 
  30:.\main.c      **** CAN_1_TX_MSG CAN_message;     /* Declares Data as structure variable of type DATA_BYTES_MSG */  
  31:.\main.c      **** 
ARM GAS  C:\Users\PANXIA~1\AppData\Local\Temp\ccyZCjWm.s 			page 2


  32:.\main.c      **** CAN_1_DATA_BYTES_MSG Data;
  33:.\main.c      **** 
  34:.\main.c      **** unsigned char receiveData[8]; 
  35:.\main.c      **** 
  36:.\main.c      **** 
  37:.\main.c      **** 
  38:.\main.c      **** unsigned char canSend(CAN_PORT notused, Message *m)
  39:.\main.c      **** {
  27              		.loc 1 39 0
  28              		.cfi_startproc
  29              		@ args = 0, pretend = 0, frame = 24
  30              		@ frame_needed = 0, uses_anonymous_args = 0
  31              	.LVL0:
  32 0000 30B5     		push	{r4, r5, lr}
  33              		.cfi_def_cfa_offset 12
  34              		.cfi_offset 4, -12
  35              		.cfi_offset 5, -8
  36              		.cfi_offset 14, -4
  37 0002 87B0     		sub	sp, sp, #28
  38              		.cfi_def_cfa_offset 40
  39              	.LVL1:
  40:.\main.c      ****     uint32_t i,index;
  41:.\main.c      ****     CanTxMsg TxMessage;
  42:.\main.c      ****     CanTxMsg *ptx_msg=&TxMessage;
  43:.\main.c      ****     ptx_msg->StdId = m->cob_id;
  40              		.loc 1 43 0
  41 0004 0D88     		ldrh	r5, [r1]
  44:.\main.c      **** 
  45:.\main.c      ****     ptx_msg->RTR = CAN_RTR_DATA;
  46:.\main.c      **** 
  47:.\main.c      ****     ptx_msg->IDE = CAN_ID_STD;
  48:.\main.c      **** 
  49:.\main.c      ****     ptx_msg->DLC = m->len;
  42              		.loc 1 49 0
  43 0006 CA78     		ldrb	r2, [r1, #3]	@ zero_extendqisi2
  44              	.LVL2:
  50:.\main.c      ****     for(i = 0; i < m->len; i++)
  45              		.loc 1 50 0
  46 0008 0023     		movs	r3, #0
  47 000a 06E0     		b	.L2
  48              	.LVL3:
  49              	.L3:
  51:.\main.c      ****     ptx_msg->Data[i] = m->data[i];
  50              		.loc 1 51 0 discriminator 3
  51 000c C818     		adds	r0, r1, r3
  52 000e 0479     		ldrb	r4, [r0, #4]	@ zero_extendqisi2
  53 0010 06A8     		add	r0, sp, #24
  54 0012 1844     		add	r0, r0, r3
  55 0014 00F8094C 		strb	r4, [r0, #-9]
  50:.\main.c      ****     for(i = 0; i < m->len; i++)
  56              		.loc 1 50 0 discriminator 3
  57 0018 0133     		adds	r3, r3, #1
  58              	.LVL4:
  59              	.L2:
  50:.\main.c      ****     for(i = 0; i < m->len; i++)
  60              		.loc 1 50 0 is_stmt 0 discriminator 1
  61 001a C878     		ldrb	r0, [r1, #3]	@ zero_extendqisi2
ARM GAS  C:\Users\PANXIA~1\AppData\Local\Temp\ccyZCjWm.s 			page 3


  62 001c 9842     		cmp	r0, r3
  63 001e F5D8     		bhi	.L3
  52:.\main.c      **** 
  53:.\main.c      ****     CAN_message.dlc = ptx_msg->DLC;
  64              		.loc 1 53 0 is_stmt 1
  65 0020 0F49     		ldr	r1, .L9
  66              	.LVL5:
  67 0022 8A71     		strb	r2, [r1, #6]
  54:.\main.c      ****             
  55:.\main.c      ****     CAN_message.id =  ptx_msg->StdId;
  68              		.loc 1 55 0
  69 0024 0D60     		str	r5, [r1]
  56:.\main.c      ****             
  57:.\main.c      ****     CAN_message.ide= ptx_msg->IDE;
  70              		.loc 1 57 0
  71 0026 0023     		movs	r3, #0
  72              	.LVL6:
  73 0028 4B71     		strb	r3, [r1, #5]
  74              	.LVL7:
  58:.\main.c      ****             
  59:.\main.c      ****     for (index=0;index<CAN_message.dlc ;index++)
  75              		.loc 1 59 0
  76 002a 06E0     		b	.L4
  77              	.LVL8:
  78              	.L5:
  60:.\main.c      ****     {
  61:.\main.c      ****        receiveData[index] =ptx_msg->Data[index]  ; 
  79              		.loc 1 61 0 discriminator 3
  80 002c 06A9     		add	r1, sp, #24
  81 002e 1944     		add	r1, r1, r3
  82 0030 11F8090C 		ldrb	r0, [r1, #-9]	@ zero_extendqisi2
  83 0034 0B49     		ldr	r1, .L9+4
  84 0036 C854     		strb	r0, [r1, r3]
  59:.\main.c      ****     {
  85              		.loc 1 59 0 discriminator 3
  86 0038 0133     		adds	r3, r3, #1
  87              	.LVL9:
  88              	.L4:
  59:.\main.c      ****     {
  89              		.loc 1 59 0 is_stmt 0 discriminator 1
  90 003a 1146     		mov	r1, r2
  91 003c 9A42     		cmp	r2, r3
  92 003e F5D8     		bhi	.L5
  93 0040 0023     		movs	r3, #0
  94              	.LVL10:
  95 0042 04E0     		b	.L6
  96              	.LVL11:
  97              	.L7:
  62:.\main.c      ****     }
  63:.\main.c      ****             
  64:.\main.c      ****     for(index=0;index<CAN_message.dlc ;index++)
  65:.\main.c      ****     {   
  66:.\main.c      ****         Data.byte[index] = receiveData[index];
  98              		.loc 1 66 0 is_stmt 1 discriminator 3
  99 0044 074A     		ldr	r2, .L9+4
 100 0046 D05C     		ldrb	r0, [r2, r3]	@ zero_extendqisi2
 101 0048 074A     		ldr	r2, .L9+8
ARM GAS  C:\Users\PANXIA~1\AppData\Local\Temp\ccyZCjWm.s 			page 4


 102 004a D054     		strb	r0, [r2, r3]
  64:.\main.c      ****     {   
 103              		.loc 1 64 0 discriminator 3
 104 004c 0133     		adds	r3, r3, #1
 105              	.LVL12:
 106              	.L6:
  64:.\main.c      ****     {   
 107              		.loc 1 64 0 is_stmt 0 discriminator 1
 108 004e 8B42     		cmp	r3, r1
 109 0050 F8D3     		bcc	.L7
  67:.\main.c      ****     }
  68:.\main.c      ****     CAN_1_SendMsg(&CAN_message);
 110              		.loc 1 68 0 is_stmt 1
 111 0052 0348     		ldr	r0, .L9
 112 0054 FFF7FEFF 		bl	CAN_1_SendMsg
 113              	.LVL13:
  69:.\main.c      ****     
  70:.\main.c      ****     return 0;           
  71:.\main.c      **** }
 114              		.loc 1 71 0
 115 0058 0020     		movs	r0, #0
 116 005a 07B0     		add	sp, sp, #28
 117              		.cfi_def_cfa_offset 12
 118              		@ sp needed
 119 005c 30BD     		pop	{r4, r5, pc}
 120              	.LVL14:
 121              	.L10:
 122 005e 00BF     		.align	2
 123              	.L9:
 124 0060 00000000 		.word	CAN_message
 125 0064 00000000 		.word	receiveData
 126 0068 00000000 		.word	Data
 127              		.cfi_endproc
 128              	.LFE63:
 129              		.size	canSend, .-canSend
 130              		.section	.text.main,"ax",%progbits
 131              		.align	2
 132              		.global	main
 133              		.thumb
 134              		.thumb_func
 135              		.type	main, %function
 136              	main:
 137              	.LFB64:
  72:.\main.c      **** 
  73:.\main.c      **** 
  74:.\main.c      **** 
  75:.\main.c      **** int main()
  76:.\main.c      **** {
 138              		.loc 1 76 0
 139              		.cfi_startproc
 140              		@ Volatile: function does not return.
 141              		@ args = 0, pretend = 0, frame = 0
 142              		@ frame_needed = 0, uses_anonymous_args = 0
 143 0000 08B5     		push	{r3, lr}
 144              		.cfi_def_cfa_offset 8
 145              		.cfi_offset 3, -8
 146              		.cfi_offset 14, -4
ARM GAS  C:\Users\PANXIA~1\AppData\Local\Temp\ccyZCjWm.s 			page 5


  77:.\main.c      ****     
  78:.\main.c      ****     Init_Stroke_Timer(); 
 147              		.loc 1 78 0
 148 0002 FFF7FEFF 		bl	Init_Stroke_Timer
 149              	.LVL15:
  79:.\main.c      ****     Init_TLC5616();
 150              		.loc 1 79 0
 151 0006 FFF7FEFF 		bl	Init_TLC5616
 152              	.LVL16:
  80:.\main.c      ****     /* Enable global interrupts. */
  81:.\main.c      ****     CyGlobalIntEnable; 
 153              		.loc 1 81 0
 154              	@ 81 ".\main.c" 1
 155 000a 62B6     		CPSIE   i
 156              	@ 0 "" 2
  82:.\main.c      ****     
  83:.\main.c      ****     LCD_Char_1_Init();
 157              		.loc 1 83 0
 158              		.thumb
 159 000c FFF7FEFF 		bl	LCD_Char_1_Init
 160              	.LVL17:
  84:.\main.c      ****     LCD_Char_1_LoadCustomFonts(LCD_Char_1_customFonts) ; 
 161              		.loc 1 84 0
 162 0010 4E48     		ldr	r0, .L23
 163 0012 FFF7FEFF 		bl	LCD_Char_1_LoadCustomFonts
 164              	.LVL18:
  85:.\main.c      ****     
  86:.\main.c      ****     CAN_1_Start();   
 165              		.loc 1 86 0
 166 0016 FFF7FEFF 		bl	CAN_1_Start
 167              	.LVL19:
  87:.\main.c      ****     CanopenInit();
 168              		.loc 1 87 0
 169 001a FFF7FEFF 		bl	CanopenInit
 170              	.LVL20:
  88:.\main.c      ****     CyDelay(100); 
 171              		.loc 1 88 0
 172 001e 6420     		movs	r0, #100
 173 0020 FFF7FEFF 		bl	CyDelay
 174              	.LVL21:
  89:.\main.c      ****     CutReg.SToDotFlag = 0;
 175              		.loc 1 89 0
 176 0024 4A4C     		ldr	r4, .L23+4
 177 0026 0025     		movs	r5, #0
 178 0028 A575     		strb	r5, [r4, #22]
  90:.\main.c      ****     
  91:.\main.c      ****     Control_LED_Write(5);
 179              		.loc 1 91 0
 180 002a 0520     		movs	r0, #5
 181 002c FFF7FEFF 		bl	Control_LED_Write
 182              	.LVL22:
  92:.\main.c      ****     ValveOut(CutReg.Action[VStop]);
 183              		.loc 1 92 0
 184 0030 607B     		ldrb	r0, [r4, #13]	@ zero_extendqisi2
 185 0032 FFF7FEFF 		bl	Control_Reg_1_Write
 186              	.LVL23:
 187 0036 627B     		ldrb	r2, [r4, #13]	@ zero_extendqisi2
ARM GAS  C:\Users\PANXIA~1\AppData\Local\Temp\ccyZCjWm.s 			page 6


 188 0038 464B     		ldr	r3, .L23+8
 189 003a 1A70     		strb	r2, [r3]
 190              	.LBB2:
  93:.\main.c      ****     LED_WRITE(LED_Status[VStop]);
 191              		.loc 1 93 0
 192 003c 464B     		ldr	r3, .L23+12
 193 003e 5879     		ldrb	r0, [r3, #5]	@ zero_extendqisi2
 194 0040 464B     		ldr	r3, .L23+16
 195 0042 1870     		strb	r0, [r3]
 196 0044 FFF7FEFF 		bl	LCD_DISPLAY
 197              	.LVL24:
 198 0048 FFF7FEFF 		bl	LCD_DISPLAY_MODE
 199              	.LVL25:
 200              	.LBE2:
  94:.\main.c      ****    
  95:.\main.c      ****     TLC5616_Write(1,1023);
 201              		.loc 1 95 0
 202 004c 0120     		movs	r0, #1
 203 004e 40F2FF31 		movw	r1, #1023
 204 0052 FFF7FEFF 		bl	TLC5616_Write
 205              	.LVL26:
  96:.\main.c      **** 
  97:.\main.c      ****     /////////////ceshi fucha//////////////
  98:.\main.c      ****     CutReg.Action[VFast]   =   0x01;
 206              		.loc 1 98 0
 207 0056 0123     		movs	r3, #1
 208 0058 2372     		strb	r3, [r4, #8]
  99:.\main.c      ****     CutReg.Action[VSlow]   =   0x01;
 209              		.loc 1 99 0
 210 005a 6372     		strb	r3, [r4, #9]
 100:.\main.c      ****     CutReg.Action[VKeep]   =   0x01;
 211              		.loc 1 100 0
 212 005c A372     		strb	r3, [r4, #10]
 101:.\main.c      ****     CutReg.Action[VUnload] =   0x00;
 213              		.loc 1 101 0
 214 005e E572     		strb	r5, [r4, #11]
 102:.\main.c      ****     CutReg.Action[VBack]   =   0x02;
 215              		.loc 1 102 0
 216 0060 0223     		movs	r3, #2
 217 0062 2373     		strb	r3, [r4, #12]
 103:.\main.c      ****     CutReg.Action[VStop]   =   0x00;
 218              		.loc 1 103 0
 219 0064 6573     		strb	r5, [r4, #13]
 104:.\main.c      ****     CutReg.KeepTime        =   600;
 220              		.loc 1 104 0
 221 0066 4FF41673 		mov	r3, #600
 222 006a 2380     		strh	r3, [r4]	@ movhi
 105:.\main.c      ****     CutReg.UnloadTime      =   500;  
 223              		.loc 1 105 0
 224 006c 4FF4FA73 		mov	r3, #500
 225 0070 6380     		strh	r3, [r4, #2]	@ movhi
 106:.\main.c      ****     /////////////////////////////////////////
 107:.\main.c      ****  // while(1);
 108:.\main.c      ****    config_para.isConfig_para_state = 0;
 226              		.loc 1 108 0
 227 0072 3B4B     		ldr	r3, .L23+20
 228 0074 9D72     		strb	r5, [r3, #10]
ARM GAS  C:\Users\PANXIA~1\AppData\Local\Temp\ccyZCjWm.s 			page 7


 229              	.L12:
 109:.\main.c      ****     for(;;)
 110:.\main.c      ****     {    
 111:.\main.c      ****         //增加了 配置回复模式 如果开始没有在上止点就进入此模式
 112:.\main.c      ****          if(config_para.isConfig_para_state == EnterConfig )
 230              		.loc 1 112 0
 231 0076 3A4B     		ldr	r3, .L23+20
 232 0078 9B7A     		ldrb	r3, [r3, #10]	@ zero_extendqisi2
 233 007a AA2B     		cmp	r3, #170
 234 007c 04D1     		bne	.L13
 235              	.LBB3:
 113:.\main.c      ****          { 
 114:.\main.c      ****        //    LED_WRITE(0X01);                          //进入阀组配置状态后默认显示“
 115:.\main.c      ****        //     ValveOut(CutReg.Action[VFast]);     
 116:.\main.c      ****             Write_config();
 236              		.loc 1 116 0
 237 007e FFF7FEFF 		bl	Write_config
 238              	.LVL27:
 117:.\main.c      ****             config_para.isConfig_para_state =  FinsihConfig;
 239              		.loc 1 117 0
 240 0082 A022     		movs	r2, #160
 241 0084 364B     		ldr	r3, .L23+20
 242 0086 9A72     		strb	r2, [r3, #10]
 243              	.L13:
 244              	.LBE3:
 118:.\main.c      ****          }
 119:.\main.c      ****         if(!PumpSignal())
 245              		.loc 1 119 0
 246 0088 FFF7FEFF 		bl	Status_Reg_1_Read
 247              	.LVL28:
 248 008c 10F0100F 		tst	r0, #16
 249 0090 11D0     		beq	.L14
 120:.\main.c      **** 		{
 121:.\main.c      **** 			ISR_Stroke_Timer_states = 0x01;
 250              		.loc 1 121 0
 251 0092 0122     		movs	r2, #1
 252 0094 334B     		ldr	r3, .L23+24
 253 0096 1A60     		str	r2, [r3]
 122:.\main.c      **** 			CutReg.CutStatus = StrokeStart;
 254              		.loc 1 122 0
 255 0098 2D4C     		ldr	r4, .L23+4
 256 009a 0025     		movs	r5, #0
 257 009c 2574     		strb	r5, [r4, #16]
 123:.\main.c      **** 			CutReg.ModeRunFlag = 0;
 258              		.loc 1 123 0
 259 009e 2575     		strb	r5, [r4, #20]
 260              	.LBB4:
 124:.\main.c      ****             
 125:.\main.c      ****             LED_WRITE(LED_Status[VStop]);
 261              		.loc 1 125 0
 262 00a0 2D4B     		ldr	r3, .L23+12
 263 00a2 5879     		ldrb	r0, [r3, #5]	@ zero_extendqisi2
 264 00a4 2D4B     		ldr	r3, .L23+16
 265 00a6 1870     		strb	r0, [r3]
 266 00a8 FFF7FEFF 		bl	LCD_DISPLAY
 267              	.LVL29:
 268 00ac FFF7FEFF 		bl	LCD_DISPLAY_MODE
ARM GAS  C:\Users\PANXIA~1\AppData\Local\Temp\ccyZCjWm.s 			page 8


 269              	.LVL30:
 270              	.LBE4:
 126:.\main.c      ****             
 127:.\main.c      ****             CutReg.Cnt = 0;
 271              		.loc 1 127 0
 272 00b0 E581     		strh	r5, [r4, #14]	@ movhi
 128:.\main.c      **** 			CutReg.CutTimeStatus = VFast;   //结束  
 273              		.loc 1 128 0
 274 00b2 6574     		strb	r5, [r4, #17]
 275 00b4 0EE0     		b	.L15
 276              	.L14:
 129:.\main.c      **** 		}
 130:.\main.c      ****         
 131:.\main.c      **** 		else if((System_enable == Enter_Start ||System_enable == Enter_CUTJMODE || CutReg.OneWorkFinshSta
 277              		.loc 1 131 0
 278 00b6 2C4B     		ldr	r3, .L23+28
 279 00b8 1B78     		ldrb	r3, [r3]	@ zero_extendqisi2
 280 00ba AA2B     		cmp	r3, #170
 281 00bc 06D0     		beq	.L16
 282              		.loc 1 131 0 is_stmt 0 discriminator 2
 283 00be 402B     		cmp	r3, #64
 284 00c0 04D0     		beq	.L16
 285              		.loc 1 131 0 discriminator 4
 286 00c2 234A     		ldr	r2, .L23+4
 287 00c4 D27D     		ldrb	r2, [r2, #23]	@ zero_extendqisi2
 288 00c6 D2B2     		uxtb	r2, r2
 289 00c8 112A     		cmp	r2, #17
 290 00ca 03D1     		bne	.L15
 291              	.L16:
 292              		.loc 1 131 0 discriminator 5
 293 00cc A02B     		cmp	r3, #160
 294 00ce 01D0     		beq	.L15
 132:.\main.c      **** 		{
 133:.\main.c      **** 			Stroke_Process();
 295              		.loc 1 133 0 is_stmt 1
 296 00d0 FFF7FEFF 		bl	Stroke_Process
 297              	.LVL31:
 298              	.L15:
 134:.\main.c      **** 		}
 135:.\main.c      ****         
 136:.\main.c      ****         if(System_enable == Enter_QUIT) //停止一切活动20160825*/
 299              		.loc 1 136 0
 300 00d4 244B     		ldr	r3, .L23+28
 301 00d6 1B78     		ldrb	r3, [r3]	@ zero_extendqisi2
 302 00d8 A02B     		cmp	r3, #160
 303 00da 0FD1     		bne	.L17
 137:.\main.c      ****         {
 138:.\main.c      ****             ValveOut(CutReg.Action[VStop]); 
 304              		.loc 1 138 0
 305 00dc 1C4C     		ldr	r4, .L23+4
 306 00de 607B     		ldrb	r0, [r4, #13]	@ zero_extendqisi2
 307 00e0 FFF7FEFF 		bl	Control_Reg_1_Write
 308              	.LVL32:
 309 00e4 627B     		ldrb	r2, [r4, #13]	@ zero_extendqisi2
 310 00e6 1B4B     		ldr	r3, .L23+8
 311 00e8 1A70     		strb	r2, [r3]
 139:.\main.c      ****             CutReg.OneWorkFinshState = One_Work_Finish;
ARM GAS  C:\Users\PANXIA~1\AppData\Local\Temp\ccyZCjWm.s 			page 9


 312              		.loc 1 139 0
 313 00ea FF23     		movs	r3, #255
 314 00ec E375     		strb	r3, [r4, #23]
 140:.\main.c      ****             FootStart_state=0x01;
 315              		.loc 1 140 0
 316 00ee 0122     		movs	r2, #1
 317 00f0 1E4B     		ldr	r3, .L23+32
 318 00f2 1A70     		strb	r2, [r3]
 141:.\main.c      ****             CutReg.CutStatus = StrokeStart;
 319              		.loc 1 141 0
 320 00f4 0023     		movs	r3, #0
 321 00f6 2374     		strb	r3, [r4, #16]
 142:.\main.c      ****             CutReg.CutTimeStatus = VStop;
 322              		.loc 1 142 0
 323 00f8 0523     		movs	r3, #5
 324 00fa 6374     		strb	r3, [r4, #17]
 325              	.L17:
 143:.\main.c      ****         }
 144:.\main.c      ****         if(System_enable == Enter_return)/*20160825进入回复模式*/
 326              		.loc 1 144 0
 327 00fc 1A4B     		ldr	r3, .L23+28
 328 00fe 1B78     		ldrb	r3, [r3]	@ zero_extendqisi2
 329 0100 882B     		cmp	r3, #136
 330 0102 09D1     		bne	.L18
 145:.\main.c      ****         {
 146:.\main.c      ****            FootStart_state = 0x00;                   //不允许往下只能回到上止点
 331              		.loc 1 146 0
 332 0104 0021     		movs	r1, #0
 333 0106 194A     		ldr	r2, .L23+32
 334 0108 1170     		strb	r1, [r2]
 147:.\main.c      ****            CutReg.CutTimeStatus = VStop;
 335              		.loc 1 147 0
 336 010a 114A     		ldr	r2, .L23+4
 337 010c 0521     		movs	r1, #5
 338 010e 5174     		strb	r1, [r2, #17]
 148:.\main.c      ****            CutReg.CutStatus = JOGMODE;
 339              		.loc 1 148 0
 340 0110 0121     		movs	r1, #1
 341 0112 1174     		strb	r1, [r2, #16]
 149:.\main.c      ****            CutReg.OneWorkFinshState = One_Work_Runing; 
 342              		.loc 1 149 0
 343 0114 1121     		movs	r1, #17
 344 0116 D175     		strb	r1, [r2, #23]
 345              	.L18:
 150:.\main.c      ****         }
 151:.\main.c      ****         
 152:.\main.c      ****         if(System_enable == Enter_Start)
 346              		.loc 1 152 0
 347 0118 AA2B     		cmp	r3, #170
 348 011a 02D1     		bne	.L19
 153:.\main.c      ****         {
 154:.\main.c      ****             FootStart_state = 0x01;
 349              		.loc 1 154 0
 350 011c 0121     		movs	r1, #1
 351 011e 134A     		ldr	r2, .L23+32
 352 0120 1170     		strb	r1, [r2]
 353              	.L19:
ARM GAS  C:\Users\PANXIA~1\AppData\Local\Temp\ccyZCjWm.s 			page 10


 155:.\main.c      ****         }
 156:.\main.c      ****         if(System_enable == Enter_Config_Test)
 354              		.loc 1 156 0
 355 0122 302B     		cmp	r3, #48
 356 0124 07D1     		bne	.L20
 157:.\main.c      ****         {
 158:.\main.c      ****             ValveOut(Config_Test_Value);
 357              		.loc 1 158 0
 358 0126 124C     		ldr	r4, .L23+36
 359 0128 2078     		ldrb	r0, [r4]	@ zero_extendqisi2
 360 012a FFF7FEFF 		bl	Control_Reg_1_Write
 361              	.LVL33:
 362 012e 2278     		ldrb	r2, [r4]	@ zero_extendqisi2
 363 0130 084B     		ldr	r3, .L23+8
 364 0132 1A70     		strb	r2, [r3]
 365 0134 9FE7     		b	.L12
 366              	.L20:
 159:.\main.c      **** //            switch(Config_Test_Value)
 160:.\main.c      **** //            {
 161:.\main.c      **** //                case 0x31: ValveOut(Config_Test_Value); break;
 162:.\main.c      **** //                case 0x32: ValveOut(Config_Test_Value); break;
 163:.\main.c      **** //                case 0x33: ValveOut(Config_Test_Value); break;
 164:.\main.c      **** //                case 0x34: ValveOut(Config_Test_Value); break;
 165:.\main.c      **** //                case 0x35: ValveOut(Config_Test_Value); break;
 166:.\main.c      **** //                case 0x36: ValveOut(Config_Test_Value); break;
 167:.\main.c      **** //                case 0x36: ValveOut(Config_Test_Value); break;
 168:.\main.c      **** //                default
 169:.\main.c      **** //            }
 170:.\main.c      ****             
 171:.\main.c      ****         }
 172:.\main.c      ****         else if(System_enable == Quit_Config_Test)
 367              		.loc 1 172 0
 368 0136 312B     		cmp	r3, #49
 369 0138 9DD1     		bne	.L12
 173:.\main.c      ****         {
 174:.\main.c      ****             Config_Test_Value = 0x00;
 370              		.loc 1 174 0
 371 013a 0D4C     		ldr	r4, .L23+36
 372 013c 0020     		movs	r0, #0
 373 013e 2070     		strb	r0, [r4]
 175:.\main.c      ****             ValveOut(Config_Test_Value);
 374              		.loc 1 175 0
 375 0140 FFF7FEFF 		bl	Control_Reg_1_Write
 376              	.LVL34:
 377 0144 2278     		ldrb	r2, [r4]	@ zero_extendqisi2
 378 0146 034B     		ldr	r3, .L23+8
 379 0148 1A70     		strb	r2, [r3]
 380 014a 94E7     		b	.L12
 381              	.L24:
 382              		.align	2
 383              	.L23:
 384 014c 00000000 		.word	LCD_Char_1_customFonts
 385 0150 00000000 		.word	CutReg
 386 0154 00000000 		.word	TPDO_OUT_Status
 387 0158 00000000 		.word	LED_Status
 388 015c 00000000 		.word	TPDO_PROCESS_Status
 389 0160 00000000 		.word	config_para
ARM GAS  C:\Users\PANXIA~1\AppData\Local\Temp\ccyZCjWm.s 			page 11


 390 0164 00000000 		.word	ISR_Stroke_Timer_states
 391 0168 00000000 		.word	System_enable
 392 016c 00000000 		.word	FootStart_state
 393 0170 00000000 		.word	Config_Test_Value
 394              		.cfi_endproc
 395              	.LFE64:
 396              		.size	main, .-main
 397              		.comm	Data,8,4
 398              		.comm	CAN_message,12,4
 399              		.comm	receiveData,8,4
 400              		.global	key_count
 401              		.bss
 402              		.type	key_count, %object
 403              		.size	key_count, 1
 404              	key_count:
 405 0000 00       		.space	1
 406              		.text
 407              	.Letext0:
 408              		.file 2 "c:\\program files (x86)\\cypress\\psoc creator\\3.3\\psoc creator\\import\\gnu\\arm\\4.9.
 409              		.file 3 "c:\\program files (x86)\\cypress\\psoc creator\\3.3\\psoc creator\\import\\gnu\\arm\\4.9.
 410              		.file 4 "Generated_Source\\PSoC5/cytypes.h"
 411              		.file 5 "Generated_Source\\PSoC5/CAN_1.h"
 412              		.file 6 ".\\Valve_Control.h"
 413              		.file 7 ".\\can.h"
 414              		.file 8 ".\\applicfg.h"
 415              		.file 9 ".\\TestSlave.h"
 416              		.file 10 ".\\canfestival.h"
 417              		.file 11 "Generated_Source\\PSoC5/core_cm3.h"
 418              		.file 12 ".\\TLC5616.h"
 419              		.file 13 "Generated_Source\\PSoC5/LCD_Char_1.h"
 420              		.file 14 ".\\CanopenDictConfig.h"
 421              		.file 15 "Generated_Source\\PSoC5/CyLib.h"
 422              		.file 16 ".\\led.h"
 423              		.file 17 "Generated_Source\\PSoC5/Control_Reg_1.h"
 424              		.file 18 "Generated_Source\\PSoC5/Status_Reg_1.h"
 425              		.section	.debug_info,"",%progbits
 426              	.Ldebug_info0:
 427 0000 D6070000 		.4byte	0x7d6
 428 0004 0400     		.2byte	0x4
 429 0006 00000000 		.4byte	.Ldebug_abbrev0
 430 000a 04       		.byte	0x4
 431 000b 01       		.uleb128 0x1
 432 000c 96040000 		.4byte	.LASF108
 433 0010 01       		.byte	0x1
 434 0011 CF050000 		.4byte	.LASF109
 435 0015 BD030000 		.4byte	.LASF110
 436 0019 00000000 		.4byte	.Ldebug_ranges0+0
 437 001d 00000000 		.4byte	0
 438 0021 00000000 		.4byte	.Ldebug_line0
 439 0025 02       		.uleb128 0x2
 440 0026 01       		.byte	0x1
 441 0027 06       		.byte	0x6
 442 0028 64050000 		.4byte	.LASF0
 443 002c 03       		.uleb128 0x3
 444 002d B3030000 		.4byte	.LASF4
 445 0031 02       		.byte	0x2
 446 0032 1D       		.byte	0x1d
ARM GAS  C:\Users\PANXIA~1\AppData\Local\Temp\ccyZCjWm.s 			page 12


 447 0033 37000000 		.4byte	0x37
 448 0037 02       		.uleb128 0x2
 449 0038 01       		.byte	0x1
 450 0039 08       		.byte	0x8
 451 003a 7D040000 		.4byte	.LASF1
 452 003e 02       		.uleb128 0x2
 453 003f 02       		.byte	0x2
 454 0040 05       		.byte	0x5
 455 0041 44030000 		.4byte	.LASF2
 456 0045 02       		.uleb128 0x2
 457 0046 02       		.byte	0x2
 458 0047 07       		.byte	0x7
 459 0048 80050000 		.4byte	.LASF3
 460 004c 03       		.uleb128 0x3
 461 004d 8B000000 		.4byte	.LASF5
 462 0051 02       		.byte	0x2
 463 0052 3F       		.byte	0x3f
 464 0053 57000000 		.4byte	0x57
 465 0057 02       		.uleb128 0x2
 466 0058 04       		.byte	0x4
 467 0059 05       		.byte	0x5
 468 005a 4E030000 		.4byte	.LASF6
 469 005e 03       		.uleb128 0x3
 470 005f 8B040000 		.4byte	.LASF7
 471 0063 02       		.byte	0x2
 472 0064 41       		.byte	0x41
 473 0065 69000000 		.4byte	0x69
 474 0069 02       		.uleb128 0x2
 475 006a 04       		.byte	0x4
 476 006b 07       		.byte	0x7
 477 006c 35040000 		.4byte	.LASF8
 478 0070 02       		.uleb128 0x2
 479 0071 08       		.byte	0x8
 480 0072 05       		.byte	0x5
 481 0073 9D020000 		.4byte	.LASF9
 482 0077 02       		.uleb128 0x2
 483 0078 08       		.byte	0x8
 484 0079 07       		.byte	0x7
 485 007a 1E010000 		.4byte	.LASF10
 486 007e 04       		.uleb128 0x4
 487 007f 04       		.byte	0x4
 488 0080 05       		.byte	0x5
 489 0081 696E7400 		.ascii	"int\000"
 490 0085 02       		.uleb128 0x2
 491 0086 04       		.byte	0x4
 492 0087 07       		.byte	0x7
 493 0088 5C000000 		.4byte	.LASF11
 494 008c 03       		.uleb128 0x3
 495 008d 4F020000 		.4byte	.LASF12
 496 0091 03       		.byte	0x3
 497 0092 15       		.byte	0x15
 498 0093 2C000000 		.4byte	0x2c
 499 0097 03       		.uleb128 0x3
 500 0098 47040000 		.4byte	.LASF13
 501 009c 03       		.byte	0x3
 502 009d 2C       		.byte	0x2c
 503 009e 4C000000 		.4byte	0x4c
ARM GAS  C:\Users\PANXIA~1\AppData\Local\Temp\ccyZCjWm.s 			page 13


 504 00a2 03       		.uleb128 0x3
 505 00a3 EB000000 		.4byte	.LASF14
 506 00a7 03       		.byte	0x3
 507 00a8 2D       		.byte	0x2d
 508 00a9 5E000000 		.4byte	0x5e
 509 00ad 03       		.uleb128 0x3
 510 00ae 98050000 		.4byte	.LASF15
 511 00b2 04       		.byte	0x4
 512 00b3 C2       		.byte	0xc2
 513 00b4 37000000 		.4byte	0x37
 514 00b8 03       		.uleb128 0x3
 515 00b9 2F020000 		.4byte	.LASF16
 516 00bd 04       		.byte	0x4
 517 00be C3       		.byte	0xc3
 518 00bf 45000000 		.4byte	0x45
 519 00c3 03       		.uleb128 0x3
 520 00c4 E8020000 		.4byte	.LASF17
 521 00c8 04       		.byte	0x4
 522 00c9 C4       		.byte	0xc4
 523 00ca 69000000 		.4byte	0x69
 524 00ce 02       		.uleb128 0x2
 525 00cf 04       		.byte	0x4
 526 00d0 04       		.byte	0x4
 527 00d1 FD000000 		.4byte	.LASF18
 528 00d5 02       		.uleb128 0x2
 529 00d6 08       		.byte	0x8
 530 00d7 04       		.byte	0x4
 531 00d8 9E050000 		.4byte	.LASF19
 532 00dc 02       		.uleb128 0x2
 533 00dd 01       		.byte	0x1
 534 00de 08       		.byte	0x8
 535 00df 19020000 		.4byte	.LASF20
 536 00e3 05       		.uleb128 0x5
 537 00e4 AD000000 		.4byte	0xad
 538 00e8 05       		.uleb128 0x5
 539 00e9 B8000000 		.4byte	0xb8
 540 00ed 02       		.uleb128 0x2
 541 00ee 04       		.byte	0x4
 542 00ef 07       		.byte	0x7
 543 00f0 2C040000 		.4byte	.LASF21
 544 00f4 06       		.uleb128 0x6
 545 00f5 04       		.byte	0x4
 546 00f6 07       		.uleb128 0x7
 547 00f7 08       		.byte	0x8
 548 00f8 05       		.byte	0x5
 549 00f9 6F       		.byte	0x6f
 550 00fa 0B010000 		.4byte	0x10b
 551 00fe 08       		.uleb128 0x8
 552 00ff 78040000 		.4byte	.LASF23
 553 0103 05       		.byte	0x5
 554 0104 71       		.byte	0x71
 555 0105 0B010000 		.4byte	0x10b
 556 0109 00       		.byte	0
 557 010a 00       		.byte	0
 558 010b 09       		.uleb128 0x9
 559 010c AD000000 		.4byte	0xad
 560 0110 1B010000 		.4byte	0x11b
ARM GAS  C:\Users\PANXIA~1\AppData\Local\Temp\ccyZCjWm.s 			page 14


 561 0114 0A       		.uleb128 0xa
 562 0115 ED000000 		.4byte	0xed
 563 0119 07       		.byte	0x7
 564 011a 00       		.byte	0
 565 011b 03       		.uleb128 0x3
 566 011c BF010000 		.4byte	.LASF22
 567 0120 05       		.byte	0x5
 568 0121 72       		.byte	0x72
 569 0122 F6000000 		.4byte	0xf6
 570 0126 07       		.uleb128 0x7
 571 0127 0C       		.byte	0xc
 572 0128 05       		.byte	0x5
 573 0129 81       		.byte	0x81
 574 012a 76010000 		.4byte	0x176
 575 012e 0B       		.uleb128 0xb
 576 012f 696400   		.ascii	"id\000"
 577 0132 05       		.byte	0x5
 578 0133 83       		.byte	0x83
 579 0134 C3000000 		.4byte	0xc3
 580 0138 00       		.byte	0
 581 0139 0B       		.uleb128 0xb
 582 013a 72747200 		.ascii	"rtr\000"
 583 013e 05       		.byte	0x5
 584 013f 84       		.byte	0x84
 585 0140 AD000000 		.4byte	0xad
 586 0144 04       		.byte	0x4
 587 0145 0B       		.uleb128 0xb
 588 0146 69646500 		.ascii	"ide\000"
 589 014a 05       		.byte	0x5
 590 014b 85       		.byte	0x85
 591 014c AD000000 		.4byte	0xad
 592 0150 05       		.byte	0x5
 593 0151 0B       		.uleb128 0xb
 594 0152 646C6300 		.ascii	"dlc\000"
 595 0156 05       		.byte	0x5
 596 0157 86       		.byte	0x86
 597 0158 AD000000 		.4byte	0xad
 598 015c 06       		.byte	0x6
 599 015d 0B       		.uleb128 0xb
 600 015e 69727100 		.ascii	"irq\000"
 601 0162 05       		.byte	0x5
 602 0163 87       		.byte	0x87
 603 0164 AD000000 		.4byte	0xad
 604 0168 07       		.byte	0x7
 605 0169 0B       		.uleb128 0xb
 606 016a 6D736700 		.ascii	"msg\000"
 607 016e 05       		.byte	0x5
 608 016f 8B       		.byte	0x8b
 609 0170 76010000 		.4byte	0x176
 610 0174 08       		.byte	0x8
 611 0175 00       		.byte	0
 612 0176 0C       		.uleb128 0xc
 613 0177 04       		.byte	0x4
 614 0178 1B010000 		.4byte	0x11b
 615 017c 03       		.uleb128 0x3
 616 017d 95000000 		.4byte	.LASF24
 617 0181 05       		.byte	0x5
ARM GAS  C:\Users\PANXIA~1\AppData\Local\Temp\ccyZCjWm.s 			page 15


 618 0182 8C       		.byte	0x8c
 619 0183 26010000 		.4byte	0x126
 620 0187 0D       		.uleb128 0xd
 621 0188 2D050000 		.4byte	.LASF37
 622 018c 01       		.byte	0x1
 623 018d 06       		.byte	0x6
 624 018e 6B       		.byte	0x6b
 625 018f DC010000 		.4byte	0x1dc
 626 0193 0E       		.uleb128 0xe
 627 0194 B8020000 		.4byte	.LASF25
 628 0198 00       		.sleb128 0
 629 0199 0E       		.uleb128 0xe
 630 019a AA000000 		.4byte	.LASF26
 631 019e 01       		.sleb128 1
 632 019f 0E       		.uleb128 0xe
 633 01a0 49000000 		.4byte	.LASF27
 634 01a4 02       		.sleb128 2
 635 01a5 0E       		.uleb128 0xe
 636 01a6 AE010000 		.4byte	.LASF28
 637 01aa 03       		.sleb128 3
 638 01ab 0E       		.uleb128 0xe
 639 01ac C4000000 		.4byte	.LASF29
 640 01b0 04       		.sleb128 4
 641 01b1 0E       		.uleb128 0xe
 642 01b2 3C010000 		.4byte	.LASF30
 643 01b6 05       		.sleb128 5
 644 01b7 0E       		.uleb128 0xe
 645 01b8 F4000000 		.4byte	.LASF31
 646 01bc 00       		.sleb128 0
 647 01bd 0E       		.uleb128 0xe
 648 01be 6F040000 		.4byte	.LASF32
 649 01c2 01       		.sleb128 1
 650 01c3 0E       		.uleb128 0xe
 651 01c4 FC030000 		.4byte	.LASF33
 652 01c8 02       		.sleb128 2
 653 01c9 0E       		.uleb128 0xe
 654 01ca AC050000 		.4byte	.LASF34
 655 01ce 03       		.sleb128 3
 656 01cf 0E       		.uleb128 0xe
 657 01d0 24050000 		.4byte	.LASF35
 658 01d4 04       		.sleb128 4
 659 01d5 0E       		.uleb128 0xe
 660 01d6 C1050000 		.4byte	.LASF36
 661 01da 05       		.sleb128 5
 662 01db 00       		.byte	0
 663 01dc 0D       		.uleb128 0xd
 664 01dd 13030000 		.4byte	.LASF38
 665 01e1 01       		.byte	0x1
 666 01e2 06       		.byte	0x6
 667 01e3 7B       		.byte	0x7b
 668 01e4 13020000 		.4byte	0x213
 669 01e8 0E       		.uleb128 0xe
 670 01e9 58050000 		.4byte	.LASF39
 671 01ed 00       		.sleb128 0
 672 01ee 0E       		.uleb128 0xe
 673 01ef CA000000 		.4byte	.LASF40
 674 01f3 01       		.sleb128 1
ARM GAS  C:\Users\PANXIA~1\AppData\Local\Temp\ccyZCjWm.s 			page 16


 675 01f4 0E       		.uleb128 0xe
 676 01f5 3F050000 		.4byte	.LASF41
 677 01f9 02       		.sleb128 2
 678 01fa 0E       		.uleb128 0xe
 679 01fb 69000000 		.4byte	.LASF42
 680 01ff 03       		.sleb128 3
 681 0200 0E       		.uleb128 0xe
 682 0201 B6010000 		.4byte	.LASF43
 683 0205 04       		.sleb128 4
 684 0206 0E       		.uleb128 0xe
 685 0207 B0000000 		.4byte	.LASF44
 686 020b 05       		.sleb128 5
 687 020c 0E       		.uleb128 0xe
 688 020d 92010000 		.4byte	.LASF45
 689 0211 06       		.sleb128 6
 690 0212 00       		.byte	0
 691 0213 0F       		.uleb128 0xf
 692 0214 D4010000 		.4byte	.LASF61
 693 0218 18       		.byte	0x18
 694 0219 06       		.byte	0x6
 695 021a 86       		.byte	0x86
 696 021b B0020000 		.4byte	0x2b0
 697 021f 08       		.uleb128 0x8
 698 0220 D0020000 		.4byte	.LASF46
 699 0224 06       		.byte	0x6
 700 0225 89       		.byte	0x89
 701 0226 E8000000 		.4byte	0xe8
 702 022a 00       		.byte	0
 703 022b 08       		.uleb128 0x8
 704 022c 87010000 		.4byte	.LASF47
 705 0230 06       		.byte	0x6
 706 0231 8A       		.byte	0x8a
 707 0232 E8000000 		.4byte	0xe8
 708 0236 02       		.byte	0x2
 709 0237 08       		.uleb128 0x8
 710 0238 35010000 		.4byte	.LASF48
 711 023c 06       		.byte	0x6
 712 023d 8B       		.byte	0x8b
 713 023e C0020000 		.4byte	0x2c0
 714 0242 04       		.byte	0x4
 715 0243 08       		.uleb128 0x8
 716 0244 9B010000 		.4byte	.LASF49
 717 0248 06       		.byte	0x6
 718 0249 8C       		.byte	0x8c
 719 024a D5020000 		.4byte	0x2d5
 720 024e 08       		.byte	0x8
 721 024f 0B       		.uleb128 0xb
 722 0250 436E7400 		.ascii	"Cnt\000"
 723 0254 06       		.byte	0x6
 724 0255 8E       		.byte	0x8e
 725 0256 E8000000 		.4byte	0xe8
 726 025a 0E       		.byte	0xe
 727 025b 08       		.uleb128 0x8
 728 025c B7050000 		.4byte	.LASF50
 729 0260 06       		.byte	0x6
 730 0261 8F       		.byte	0x8f
 731 0262 E3000000 		.4byte	0xe3
ARM GAS  C:\Users\PANXIA~1\AppData\Local\Temp\ccyZCjWm.s 			page 17


 732 0266 10       		.byte	0x10
 733 0267 08       		.uleb128 0x8
 734 0268 35000000 		.4byte	.LASF51
 735 026c 06       		.byte	0x6
 736 026d 90       		.byte	0x90
 737 026e E3000000 		.4byte	0xe3
 738 0272 11       		.byte	0x11
 739 0273 08       		.uleb128 0x8
 740 0274 16010000 		.4byte	.LASF52
 741 0278 06       		.byte	0x6
 742 0279 91       		.byte	0x91
 743 027a E8000000 		.4byte	0xe8
 744 027e 12       		.byte	0x12
 745 027f 08       		.uleb128 0x8
 746 0280 B8000000 		.4byte	.LASF53
 747 0284 06       		.byte	0x6
 748 0285 92       		.byte	0x92
 749 0286 E3000000 		.4byte	0xe3
 750 028a 14       		.byte	0x14
 751 028b 08       		.uleb128 0x8
 752 028c D8050000 		.4byte	.LASF54
 753 0290 06       		.byte	0x6
 754 0291 93       		.byte	0x93
 755 0292 E3000000 		.4byte	0xe3
 756 0296 15       		.byte	0x15
 757 0297 08       		.uleb128 0x8
 758 0298 0C040000 		.4byte	.LASF55
 759 029c 06       		.byte	0x6
 760 029d 94       		.byte	0x94
 761 029e E3000000 		.4byte	0xe3
 762 02a2 16       		.byte	0x16
 763 02a3 08       		.uleb128 0x8
 764 02a4 64020000 		.4byte	.LASF56
 765 02a8 06       		.byte	0x6
 766 02a9 96       		.byte	0x96
 767 02aa E3000000 		.4byte	0xe3
 768 02ae 17       		.byte	0x17
 769 02af 00       		.byte	0
 770 02b0 09       		.uleb128 0x9
 771 02b1 B8000000 		.4byte	0xb8
 772 02b5 C0020000 		.4byte	0x2c0
 773 02b9 0A       		.uleb128 0xa
 774 02ba ED000000 		.4byte	0xed
 775 02be 01       		.byte	0x1
 776 02bf 00       		.byte	0
 777 02c0 05       		.uleb128 0x5
 778 02c1 B0020000 		.4byte	0x2b0
 779 02c5 09       		.uleb128 0x9
 780 02c6 AD000000 		.4byte	0xad
 781 02ca D5020000 		.4byte	0x2d5
 782 02ce 0A       		.uleb128 0xa
 783 02cf ED000000 		.4byte	0xed
 784 02d3 05       		.byte	0x5
 785 02d4 00       		.byte	0
 786 02d5 05       		.uleb128 0x5
 787 02d6 C5020000 		.4byte	0x2c5
 788 02da 07       		.uleb128 0x7
ARM GAS  C:\Users\PANXIA~1\AppData\Local\Temp\ccyZCjWm.s 			page 18


 789 02db 0C       		.byte	0xc
 790 02dc 07       		.byte	0x7
 791 02dd 15       		.byte	0x15
 792 02de 13030000 		.4byte	0x313
 793 02e2 08       		.uleb128 0x8
 794 02e3 A5050000 		.4byte	.LASF57
 795 02e7 07       		.byte	0x7
 796 02e8 16       		.byte	0x16
 797 02e9 45000000 		.4byte	0x45
 798 02ed 00       		.byte	0
 799 02ee 0B       		.uleb128 0xb
 800 02ef 72747200 		.ascii	"rtr\000"
 801 02f3 07       		.byte	0x7
 802 02f4 17       		.byte	0x17
 803 02f5 37000000 		.4byte	0x37
 804 02f9 02       		.byte	0x2
 805 02fa 0B       		.uleb128 0xb
 806 02fb 6C656E00 		.ascii	"len\000"
 807 02ff 07       		.byte	0x7
 808 0300 18       		.byte	0x18
 809 0301 37000000 		.4byte	0x37
 810 0305 03       		.byte	0x3
 811 0306 08       		.uleb128 0x8
 812 0307 36020000 		.4byte	.LASF58
 813 030b 07       		.byte	0x7
 814 030c 19       		.byte	0x19
 815 030d 13030000 		.4byte	0x313
 816 0311 04       		.byte	0x4
 817 0312 00       		.byte	0
 818 0313 09       		.uleb128 0x9
 819 0314 37000000 		.4byte	0x37
 820 0318 23030000 		.4byte	0x323
 821 031c 0A       		.uleb128 0xa
 822 031d ED000000 		.4byte	0xed
 823 0321 07       		.byte	0x7
 824 0322 00       		.byte	0
 825 0323 03       		.uleb128 0x3
 826 0324 A2000000 		.4byte	.LASF59
 827 0328 07       		.byte	0x7
 828 0329 1A       		.byte	0x1a
 829 032a DA020000 		.4byte	0x2da
 830 032e 0C       		.uleb128 0xc
 831 032f 04       		.byte	0x4
 832 0330 23030000 		.4byte	0x323
 833 0334 03       		.uleb128 0x3
 834 0335 17040000 		.4byte	.LASF60
 835 0339 08       		.byte	0x8
 836 033a 66       		.byte	0x66
 837 033b F4000000 		.4byte	0xf4
 838 033f 0F       		.uleb128 0xf
 839 0340 20040000 		.4byte	.LASF62
 840 0344 0C       		.byte	0xc
 841 0345 09       		.byte	0x9
 842 0346 0C       		.byte	0xc
 843 0347 B8030000 		.4byte	0x3b8
 844 034b 08       		.uleb128 0x8
 845 034c 57020000 		.4byte	.LASF63
ARM GAS  C:\Users\PANXIA~1\AppData\Local\Temp\ccyZCjWm.s 			page 19


 846 0350 09       		.byte	0x9
 847 0351 0F       		.byte	0xf
 848 0352 37000000 		.4byte	0x37
 849 0356 00       		.byte	0
 850 0357 08       		.uleb128 0x8
 851 0358 4F000000 		.4byte	.LASF64
 852 035c 09       		.byte	0x9
 853 035d 10       		.byte	0x10
 854 035e 37000000 		.4byte	0x37
 855 0362 01       		.byte	0x1
 856 0363 08       		.uleb128 0x8
 857 0364 08000000 		.4byte	.LASF65
 858 0368 09       		.byte	0x9
 859 0369 11       		.byte	0x11
 860 036a 37000000 		.4byte	0x37
 861 036e 02       		.byte	0x2
 862 036f 08       		.uleb128 0x8
 863 0370 94030000 		.4byte	.LASF66
 864 0374 09       		.byte	0x9
 865 0375 12       		.byte	0x12
 866 0376 37000000 		.4byte	0x37
 867 037a 03       		.byte	0x3
 868 037b 08       		.uleb128 0x8
 869 037c 72000000 		.4byte	.LASF67
 870 0380 09       		.byte	0x9
 871 0381 13       		.byte	0x13
 872 0382 37000000 		.4byte	0x37
 873 0386 04       		.byte	0x4
 874 0387 08       		.uleb128 0x8
 875 0388 09010000 		.4byte	.LASF68
 876 038c 09       		.byte	0x9
 877 038d 14       		.byte	0x14
 878 038e 37000000 		.4byte	0x37
 879 0392 05       		.byte	0x5
 880 0393 08       		.uleb128 0x8
 881 0394 03030000 		.4byte	.LASF69
 882 0398 09       		.byte	0x9
 883 0399 15       		.byte	0x15
 884 039a 45000000 		.4byte	0x45
 885 039e 06       		.byte	0x6
 886 039f 08       		.uleb128 0x8
 887 03a0 5C010000 		.4byte	.LASF70
 888 03a4 09       		.byte	0x9
 889 03a5 16       		.byte	0x16
 890 03a6 45000000 		.4byte	0x45
 891 03aa 08       		.byte	0x8
 892 03ab 08       		.uleb128 0x8
 893 03ac DC010000 		.4byte	.LASF71
 894 03b0 09       		.byte	0x9
 895 03b1 17       		.byte	0x17
 896 03b2 37000000 		.4byte	0x37
 897 03b6 0A       		.byte	0xa
 898 03b7 00       		.byte	0
 899 03b8 07       		.uleb128 0x7
 900 03b9 14       		.byte	0x14
 901 03ba 0A       		.byte	0xa
 902 03bb 11       		.byte	0x11
ARM GAS  C:\Users\PANXIA~1\AppData\Local\Temp\ccyZCjWm.s 			page 20


 903 03bc 09040000 		.4byte	0x409
 904 03c0 08       		.uleb128 0x8
 905 03c1 BE020000 		.4byte	.LASF72
 906 03c5 0A       		.byte	0xa
 907 03c6 13       		.byte	0x13
 908 03c7 A2000000 		.4byte	0xa2
 909 03cb 00       		.byte	0
 910 03cc 08       		.uleb128 0x8
 911 03cd 43000000 		.4byte	.LASF73
 912 03d1 0A       		.byte	0xa
 913 03d2 16       		.byte	0x16
 914 03d3 A2000000 		.4byte	0xa2
 915 03d7 04       		.byte	0x4
 916 03d8 0B       		.uleb128 0xb
 917 03d9 49444500 		.ascii	"IDE\000"
 918 03dd 0A       		.byte	0xa
 919 03de 19       		.byte	0x19
 920 03df 8C000000 		.4byte	0x8c
 921 03e3 08       		.byte	0x8
 922 03e4 0B       		.uleb128 0xb
 923 03e5 52545200 		.ascii	"RTR\000"
 924 03e9 0A       		.byte	0xa
 925 03ea 1D       		.byte	0x1d
 926 03eb 8C000000 		.4byte	0x8c
 927 03ef 09       		.byte	0x9
 928 03f0 0B       		.uleb128 0xb
 929 03f1 444C4300 		.ascii	"DLC\000"
 930 03f5 0A       		.byte	0xa
 931 03f6 21       		.byte	0x21
 932 03f7 8C000000 		.4byte	0x8c
 933 03fb 0A       		.byte	0xa
 934 03fc 08       		.uleb128 0x8
 935 03fd CA050000 		.4byte	.LASF74
 936 0401 0A       		.byte	0xa
 937 0402 25       		.byte	0x25
 938 0403 09040000 		.4byte	0x409
 939 0407 0B       		.byte	0xb
 940 0408 00       		.byte	0
 941 0409 09       		.uleb128 0x9
 942 040a 8C000000 		.4byte	0x8c
 943 040e 19040000 		.4byte	0x419
 944 0412 0A       		.uleb128 0xa
 945 0413 ED000000 		.4byte	0xed
 946 0417 07       		.byte	0x7
 947 0418 00       		.byte	0
 948 0419 03       		.uleb128 0x3
 949 041a 31030000 		.4byte	.LASF75
 950 041e 0A       		.byte	0xa
 951 041f 27       		.byte	0x27
 952 0420 B8030000 		.4byte	0x3b8
 953 0424 10       		.uleb128 0x10
 954 0425 54010000 		.4byte	.LASF111
 955 0429 01       		.byte	0x1
 956 042a 26       		.byte	0x26
 957 042b 37000000 		.4byte	0x37
 958 042f 00000000 		.4byte	.LFB63
 959 0433 6C000000 		.4byte	.LFE63-.LFB63
ARM GAS  C:\Users\PANXIA~1\AppData\Local\Temp\ccyZCjWm.s 			page 21


 960 0437 01       		.uleb128 0x1
 961 0438 9C       		.byte	0x9c
 962 0439 A6040000 		.4byte	0x4a6
 963 043d 11       		.uleb128 0x11
 964 043e 15000000 		.4byte	.LASF76
 965 0442 01       		.byte	0x1
 966 0443 26       		.byte	0x26
 967 0444 34030000 		.4byte	0x334
 968 0448 00000000 		.4byte	.LLST0
 969 044c 12       		.uleb128 0x12
 970 044d 6D00     		.ascii	"m\000"
 971 044f 01       		.byte	0x1
 972 0450 26       		.byte	0x26
 973 0451 2E030000 		.4byte	0x32e
 974 0455 21000000 		.4byte	.LLST1
 975 0459 13       		.uleb128 0x13
 976 045a 6900     		.ascii	"i\000"
 977 045c 01       		.byte	0x1
 978 045d 28       		.byte	0x28
 979 045e A2000000 		.4byte	0xa2
 980 0462 42000000 		.4byte	.LLST2
 981 0466 14       		.uleb128 0x14
 982 0467 03010000 		.4byte	.LASF77
 983 046b 01       		.byte	0x1
 984 046c 28       		.byte	0x28
 985 046d A2000000 		.4byte	0xa2
 986 0471 61000000 		.4byte	.LLST3
 987 0475 15       		.uleb128 0x15
 988 0476 07020000 		.4byte	.LASF78
 989 047a 01       		.byte	0x1
 990 047b 29       		.byte	0x29
 991 047c 19040000 		.4byte	0x419
 992 0480 02       		.uleb128 0x2
 993 0481 91       		.byte	0x91
 994 0482 5C       		.sleb128 -36
 995 0483 14       		.uleb128 0x14
 996 0484 11020000 		.4byte	.LASF79
 997 0488 01       		.byte	0x1
 998 0489 2A       		.byte	0x2a
 999 048a A6040000 		.4byte	0x4a6
 1000 048e 8B000000 		.4byte	.LLST4
 1001 0492 16       		.uleb128 0x16
 1002 0493 58000000 		.4byte	.LVL13
 1003 0497 E7060000 		.4byte	0x6e7
 1004 049b 17       		.uleb128 0x17
 1005 049c 01       		.uleb128 0x1
 1006 049d 50       		.byte	0x50
 1007 049e 05       		.uleb128 0x5
 1008 049f 03       		.byte	0x3
 1009 04a0 00000000 		.4byte	CAN_message
 1010 04a4 00       		.byte	0
 1011 04a5 00       		.byte	0
 1012 04a6 0C       		.uleb128 0xc
 1013 04a7 04       		.byte	0x4
 1014 04a8 19040000 		.4byte	0x419
 1015 04ac 18       		.uleb128 0x18
 1016 04ad 93050000 		.4byte	.LASF112
ARM GAS  C:\Users\PANXIA~1\AppData\Local\Temp\ccyZCjWm.s 			page 22


 1017 04b1 01       		.byte	0x1
 1018 04b2 4B       		.byte	0x4b
 1019 04b3 7E000000 		.4byte	0x7e
 1020 04b7 00000000 		.4byte	.LFB64
 1021 04bb 74010000 		.4byte	.LFE64-.LFB64
 1022 04bf 01       		.uleb128 0x1
 1023 04c0 9C       		.byte	0x9c
 1024 04c1 04060000 		.4byte	0x604
 1025 04c5 19       		.uleb128 0x19
 1026 04c6 3C000000 		.4byte	.LBB2
 1027 04ca 10000000 		.4byte	.LBE2-.LBB2
 1028 04ce F6040000 		.4byte	0x4f6
 1029 04d2 1A       		.uleb128 0x1a
 1030 04d3 91020000 		.4byte	.LASF80
 1031 04d7 01       		.byte	0x1
 1032 04d8 5D       		.byte	0x5d
 1033 04d9 7E000000 		.4byte	0x7e
 1034 04dd E3040000 		.4byte	0x4e3
 1035 04e1 1B       		.uleb128 0x1b
 1036 04e2 00       		.byte	0
 1037 04e3 1C       		.uleb128 0x1c
 1038 04e4 48000000 		.4byte	.LVL24
 1039 04e8 08070000 		.4byte	0x708
 1040 04ec 1C       		.uleb128 0x1c
 1041 04ed 4C000000 		.4byte	.LVL25
 1042 04f1 19070000 		.4byte	0x719
 1043 04f5 00       		.byte	0
 1044 04f6 19       		.uleb128 0x19
 1045 04f7 7E000000 		.4byte	.LBB3
 1046 04fb 0A000000 		.4byte	.LBE3-.LBB3
 1047 04ff 1E050000 		.4byte	0x51e
 1048 0503 1A       		.uleb128 0x1a
 1049 0504 AB020000 		.4byte	.LASF81
 1050 0508 01       		.byte	0x1
 1051 0509 74       		.byte	0x74
 1052 050a 7E000000 		.4byte	0x7e
 1053 050e 14050000 		.4byte	0x514
 1054 0512 1B       		.uleb128 0x1b
 1055 0513 00       		.byte	0
 1056 0514 1C       		.uleb128 0x1c
 1057 0515 82000000 		.4byte	.LVL27
 1058 0519 26070000 		.4byte	0x726
 1059 051d 00       		.byte	0
 1060 051e 19       		.uleb128 0x19
 1061 051f A0000000 		.4byte	.LBB4
 1062 0523 10000000 		.4byte	.LBE4-.LBB4
 1063 0527 4F050000 		.4byte	0x54f
 1064 052b 1A       		.uleb128 0x1a
 1065 052c 91020000 		.4byte	.LASF80
 1066 0530 01       		.byte	0x1
 1067 0531 5D       		.byte	0x5d
 1068 0532 7E000000 		.4byte	0x7e
 1069 0536 3C050000 		.4byte	0x53c
 1070 053a 1B       		.uleb128 0x1b
 1071 053b 00       		.byte	0
 1072 053c 1C       		.uleb128 0x1c
 1073 053d AC000000 		.4byte	.LVL29
ARM GAS  C:\Users\PANXIA~1\AppData\Local\Temp\ccyZCjWm.s 			page 23


 1074 0541 08070000 		.4byte	0x708
 1075 0545 1C       		.uleb128 0x1c
 1076 0546 B0000000 		.4byte	.LVL30
 1077 054a 19070000 		.4byte	0x719
 1078 054e 00       		.byte	0
 1079 054f 1C       		.uleb128 0x1c
 1080 0550 06000000 		.4byte	.LVL15
 1081 0554 37070000 		.4byte	0x737
 1082 0558 1C       		.uleb128 0x1c
 1083 0559 0A000000 		.4byte	.LVL16
 1084 055d 3E070000 		.4byte	0x73e
 1085 0561 1C       		.uleb128 0x1c
 1086 0562 10000000 		.4byte	.LVL17
 1087 0566 45070000 		.4byte	0x745
 1088 056a 1C       		.uleb128 0x1c
 1089 056b 16000000 		.4byte	.LVL18
 1090 056f 4C070000 		.4byte	0x74c
 1091 0573 1C       		.uleb128 0x1c
 1092 0574 1A000000 		.4byte	.LVL19
 1093 0578 68070000 		.4byte	0x768
 1094 057c 1C       		.uleb128 0x1c
 1095 057d 1E000000 		.4byte	.LVL20
 1096 0581 73070000 		.4byte	0x773
 1097 0585 1D       		.uleb128 0x1d
 1098 0586 24000000 		.4byte	.LVL21
 1099 058a 7A070000 		.4byte	0x77a
 1100 058e 99050000 		.4byte	0x599
 1101 0592 17       		.uleb128 0x17
 1102 0593 01       		.uleb128 0x1
 1103 0594 50       		.byte	0x50
 1104 0595 02       		.uleb128 0x2
 1105 0596 08       		.byte	0x8
 1106 0597 64       		.byte	0x64
 1107 0598 00       		.byte	0
 1108 0599 1D       		.uleb128 0x1d
 1109 059a 30000000 		.4byte	.LVL22
 1110 059e 8B070000 		.4byte	0x78b
 1111 05a2 AC050000 		.4byte	0x5ac
 1112 05a6 17       		.uleb128 0x17
 1113 05a7 01       		.uleb128 0x1
 1114 05a8 50       		.byte	0x50
 1115 05a9 01       		.uleb128 0x1
 1116 05aa 35       		.byte	0x35
 1117 05ab 00       		.byte	0
 1118 05ac 1C       		.uleb128 0x1c
 1119 05ad 36000000 		.4byte	.LVL23
 1120 05b1 9C070000 		.4byte	0x79c
 1121 05b5 1D       		.uleb128 0x1d
 1122 05b6 56000000 		.4byte	.LVL26
 1123 05ba AD070000 		.4byte	0x7ad
 1124 05be CF050000 		.4byte	0x5cf
 1125 05c2 17       		.uleb128 0x17
 1126 05c3 01       		.uleb128 0x1
 1127 05c4 51       		.byte	0x51
 1128 05c5 03       		.uleb128 0x3
 1129 05c6 0A       		.byte	0xa
 1130 05c7 FF03     		.2byte	0x3ff
ARM GAS  C:\Users\PANXIA~1\AppData\Local\Temp\ccyZCjWm.s 			page 24


 1131 05c9 17       		.uleb128 0x17
 1132 05ca 01       		.uleb128 0x1
 1133 05cb 50       		.byte	0x50
 1134 05cc 01       		.uleb128 0x1
 1135 05cd 31       		.byte	0x31
 1136 05ce 00       		.byte	0
 1137 05cf 1C       		.uleb128 0x1c
 1138 05d0 8C000000 		.4byte	.LVL28
 1139 05d4 C3070000 		.4byte	0x7c3
 1140 05d8 1C       		.uleb128 0x1c
 1141 05d9 D4000000 		.4byte	.LVL31
 1142 05dd CE070000 		.4byte	0x7ce
 1143 05e1 1C       		.uleb128 0x1c
 1144 05e2 E4000000 		.4byte	.LVL32
 1145 05e6 9C070000 		.4byte	0x79c
 1146 05ea 1C       		.uleb128 0x1c
 1147 05eb 2E010000 		.4byte	.LVL33
 1148 05ef 9C070000 		.4byte	0x79c
 1149 05f3 16       		.uleb128 0x16
 1150 05f4 44010000 		.4byte	.LVL34
 1151 05f8 9C070000 		.4byte	0x79c
 1152 05fc 17       		.uleb128 0x17
 1153 05fd 01       		.uleb128 0x1
 1154 05fe 50       		.byte	0x50
 1155 05ff 02       		.uleb128 0x2
 1156 0600 75       		.byte	0x75
 1157 0601 00       		.sleb128 0
 1158 0602 00       		.byte	0
 1159 0603 00       		.byte	0
 1160 0604 09       		.uleb128 0x9
 1161 0605 AD000000 		.4byte	0xad
 1162 0609 14060000 		.4byte	0x614
 1163 060d 0A       		.uleb128 0xa
 1164 060e ED000000 		.4byte	0xed
 1165 0612 3F       		.byte	0x3f
 1166 0613 00       		.byte	0
 1167 0614 1E       		.uleb128 0x1e
 1168 0615 F0010000 		.4byte	.LASF82
 1169 0619 01       		.byte	0x1
 1170 061a 18       		.byte	0x18
 1171 061b 1F060000 		.4byte	0x61f
 1172 061f 1F       		.uleb128 0x1f
 1173 0620 04060000 		.4byte	0x604
 1174 0624 20       		.uleb128 0x20
 1175 0625 69030000 		.4byte	.LASF83
 1176 0629 0B       		.byte	0xb
 1177 062a 2A06     		.2byte	0x62a
 1178 062c 30060000 		.4byte	0x630
 1179 0630 05       		.uleb128 0x5
 1180 0631 97000000 		.4byte	0x97
 1181 0635 09       		.uleb128 0x9
 1182 0636 AD000000 		.4byte	0xad
 1183 063a 40060000 		.4byte	0x640
 1184 063e 21       		.uleb128 0x21
 1185 063f 00       		.byte	0
 1186 0640 1E       		.uleb128 0x1e
 1187 0641 7C010000 		.4byte	.LASF84
ARM GAS  C:\Users\PANXIA~1\AppData\Local\Temp\ccyZCjWm.s 			page 25


 1188 0645 06       		.byte	0x6
 1189 0646 25       		.byte	0x25
 1190 0647 35060000 		.4byte	0x635
 1191 064b 1E       		.uleb128 0x1e
 1192 064c EF020000 		.4byte	.LASF85
 1193 0650 09       		.byte	0x9
 1194 0651 0A       		.byte	0xa
 1195 0652 37000000 		.4byte	0x37
 1196 0656 1E       		.uleb128 0x1e
 1197 0657 21030000 		.4byte	.LASF86
 1198 065b 06       		.byte	0x6
 1199 065c 27       		.byte	0x27
 1200 065d 37000000 		.4byte	0x37
 1201 0661 1E       		.uleb128 0x1e
 1202 0662 05040000 		.4byte	.LASF87
 1203 0666 06       		.byte	0x6
 1204 0667 9A       		.byte	0x9a
 1205 0668 13020000 		.4byte	0x213
 1206 066c 1E       		.uleb128 0x1e
 1207 066d 70050000 		.4byte	.LASF88
 1208 0671 06       		.byte	0x6
 1209 0672 9B       		.byte	0x9b
 1210 0673 AD000000 		.4byte	0xad
 1211 0677 1E       		.uleb128 0x1e
 1212 0678 82030000 		.4byte	.LASF89
 1213 067c 06       		.byte	0x6
 1214 067d 9D       		.byte	0x9d
 1215 067e AD000000 		.4byte	0xad
 1216 0682 1E       		.uleb128 0x1e
 1217 0683 4F040000 		.4byte	.LASF90
 1218 0687 09       		.byte	0x9
 1219 0688 0B       		.byte	0xb
 1220 0689 37000000 		.4byte	0x37
 1221 068d 1E       		.uleb128 0x1e
 1222 068e 7F000000 		.4byte	.LASF91
 1223 0692 09       		.byte	0x9
 1224 0693 19       		.byte	0x19
 1225 0694 3F030000 		.4byte	0x33f
 1226 0698 1E       		.uleb128 0x1e
 1227 0699 1D000000 		.4byte	.LASF92
 1228 069d 01       		.byte	0x1
 1229 069e 17       		.byte	0x17
 1230 069f 7E000000 		.4byte	0x7e
 1231 06a3 22       		.uleb128 0x22
 1232 06a4 3A030000 		.4byte	.LASF93
 1233 06a8 01       		.byte	0x1
 1234 06a9 19       		.byte	0x19
 1235 06aa AD000000 		.4byte	0xad
 1236 06ae 05       		.uleb128 0x5
 1237 06af 03       		.byte	0x3
 1238 06b0 00000000 		.4byte	key_count
 1239 06b4 22       		.uleb128 0x22
 1240 06b5 A2010000 		.4byte	.LASF94
 1241 06b9 01       		.byte	0x1
 1242 06ba 22       		.byte	0x22
 1243 06bb 13030000 		.4byte	0x313
 1244 06bf 05       		.uleb128 0x5
ARM GAS  C:\Users\PANXIA~1\AppData\Local\Temp\ccyZCjWm.s 			page 26


 1245 06c0 03       		.byte	0x3
 1246 06c1 00000000 		.4byte	receiveData
 1247 06c5 22       		.uleb128 0x22
 1248 06c6 76030000 		.4byte	.LASF95
 1249 06ca 01       		.byte	0x1
 1250 06cb 1E       		.byte	0x1e
 1251 06cc 7C010000 		.4byte	0x17c
 1252 06d0 05       		.uleb128 0x5
 1253 06d1 03       		.byte	0x3
 1254 06d2 00000000 		.4byte	CAN_message
 1255 06d6 22       		.uleb128 0x22
 1256 06d7 CA050000 		.4byte	.LASF74
 1257 06db 01       		.byte	0x1
 1258 06dc 20       		.byte	0x20
 1259 06dd 1B010000 		.4byte	0x11b
 1260 06e1 05       		.uleb128 0x5
 1261 06e2 03       		.byte	0x3
 1262 06e3 00000000 		.4byte	Data
 1263 06e7 23       		.uleb128 0x23
 1264 06e8 4A050000 		.4byte	.LASF113
 1265 06ec 05       		.byte	0x5
 1266 06ed 1801     		.2byte	0x118
 1267 06ef AD000000 		.4byte	0xad
 1268 06f3 FD060000 		.4byte	0x6fd
 1269 06f7 24       		.uleb128 0x24
 1270 06f8 FD060000 		.4byte	0x6fd
 1271 06fc 00       		.byte	0
 1272 06fd 0C       		.uleb128 0xc
 1273 06fe 04       		.byte	0x4
 1274 06ff 03070000 		.4byte	0x703
 1275 0703 1F       		.uleb128 0x1f
 1276 0704 7C010000 		.4byte	0x17c
 1277 0708 1A       		.uleb128 0x1a
 1278 0709 91020000 		.4byte	.LASF80
 1279 070d 01       		.byte	0x1
 1280 070e 5D       		.byte	0x5d
 1281 070f 7E000000 		.4byte	0x7e
 1282 0713 19070000 		.4byte	0x719
 1283 0717 1B       		.uleb128 0x1b
 1284 0718 00       		.byte	0
 1285 0719 25       		.uleb128 0x25
 1286 071a 1E020000 		.4byte	.LASF114
 1287 071e 06       		.byte	0x6
 1288 071f AA       		.byte	0xaa
 1289 0720 26070000 		.4byte	0x726
 1290 0724 1B       		.uleb128 0x1b
 1291 0725 00       		.byte	0
 1292 0726 1A       		.uleb128 0x1a
 1293 0727 AB020000 		.4byte	.LASF81
 1294 072b 01       		.byte	0x1
 1295 072c 74       		.byte	0x74
 1296 072d 7E000000 		.4byte	0x7e
 1297 0731 37070000 		.4byte	0x737
 1298 0735 1B       		.uleb128 0x1b
 1299 0736 00       		.byte	0
 1300 0737 26       		.uleb128 0x26
 1301 0738 5D040000 		.4byte	.LASF96
ARM GAS  C:\Users\PANXIA~1\AppData\Local\Temp\ccyZCjWm.s 			page 27


 1302 073c 06       		.byte	0x6
 1303 073d A0       		.byte	0xa0
 1304 073e 26       		.uleb128 0x26
 1305 073f D2000000 		.4byte	.LASF97
 1306 0743 0C       		.byte	0xc
 1307 0744 1B       		.byte	0x1b
 1308 0745 26       		.uleb128 0x26
 1309 0746 A3030000 		.4byte	.LASF98
 1310 074a 0D       		.byte	0xd
 1311 074b 36       		.byte	0x36
 1312 074c 27       		.uleb128 0x27
 1313 074d 76020000 		.4byte	.LASF99
 1314 0751 0D       		.byte	0xd
 1315 0752 55       		.byte	0x55
 1316 0753 5D070000 		.4byte	0x75d
 1317 0757 24       		.uleb128 0x24
 1318 0758 5D070000 		.4byte	0x75d
 1319 075c 00       		.byte	0
 1320 075d 0C       		.uleb128 0xc
 1321 075e 04       		.byte	0x4
 1322 075f 63070000 		.4byte	0x763
 1323 0763 1F       		.uleb128 0x1f
 1324 0764 AD000000 		.4byte	0xad
 1325 0768 28       		.uleb128 0x28
 1326 0769 C4020000 		.4byte	.LASF105
 1327 076d 05       		.byte	0x5
 1328 076e C5       		.byte	0xc5
 1329 076f AD000000 		.4byte	0xad
 1330 0773 26       		.uleb128 0x26
 1331 0774 DF000000 		.4byte	.LASF100
 1332 0778 0E       		.byte	0xe
 1333 0779 0E       		.byte	0xe
 1334 077a 27       		.uleb128 0x27
 1335 077b 00000000 		.4byte	.LASF101
 1336 077f 0F       		.byte	0xf
 1337 0780 77       		.byte	0x77
 1338 0781 8B070000 		.4byte	0x78b
 1339 0785 24       		.uleb128 0x24
 1340 0786 C3000000 		.4byte	0xc3
 1341 078a 00       		.byte	0
 1342 078b 27       		.uleb128 0x27
 1343 078c 57030000 		.4byte	.LASF102
 1344 0790 10       		.byte	0x10
 1345 0791 11       		.byte	0x11
 1346 0792 9C070000 		.4byte	0x79c
 1347 0796 24       		.uleb128 0x24
 1348 0797 AD000000 		.4byte	0xad
 1349 079b 00       		.byte	0
 1350 079c 27       		.uleb128 0x27
 1351 079d 3B020000 		.4byte	.LASF103
 1352 07a1 11       		.byte	0x11
 1353 07a2 27       		.byte	0x27
 1354 07a3 AD070000 		.4byte	0x7ad
 1355 07a7 24       		.uleb128 0x24
 1356 07a8 AD000000 		.4byte	0xad
 1357 07ac 00       		.byte	0
 1358 07ad 27       		.uleb128 0x27
ARM GAS  C:\Users\PANXIA~1\AppData\Local\Temp\ccyZCjWm.s 			page 28


 1359 07ae 6E010000 		.4byte	.LASF104
 1360 07b2 0C       		.byte	0xc
 1361 07b3 1C       		.byte	0x1c
 1362 07b4 C3070000 		.4byte	0x7c3
 1363 07b8 24       		.uleb128 0x24
 1364 07b9 AD000000 		.4byte	0xad
 1365 07bd 24       		.uleb128 0x24
 1366 07be B8000000 		.4byte	0xb8
 1367 07c2 00       		.byte	0
 1368 07c3 28       		.uleb128 0x28
 1369 07c4 42010000 		.4byte	.LASF106
 1370 07c8 12       		.byte	0x12
 1371 07c9 28       		.byte	0x28
 1372 07ca AD000000 		.4byte	0xad
 1373 07ce 28       		.uleb128 0x28
 1374 07cf D9020000 		.4byte	.LASF107
 1375 07d3 06       		.byte	0x6
 1376 07d4 A1       		.byte	0xa1
 1377 07d5 AD000000 		.4byte	0xad
 1378 07d9 00       		.byte	0
 1379              		.section	.debug_abbrev,"",%progbits
 1380              	.Ldebug_abbrev0:
 1381 0000 01       		.uleb128 0x1
 1382 0001 11       		.uleb128 0x11
 1383 0002 01       		.byte	0x1
 1384 0003 25       		.uleb128 0x25
 1385 0004 0E       		.uleb128 0xe
 1386 0005 13       		.uleb128 0x13
 1387 0006 0B       		.uleb128 0xb
 1388 0007 03       		.uleb128 0x3
 1389 0008 0E       		.uleb128 0xe
 1390 0009 1B       		.uleb128 0x1b
 1391 000a 0E       		.uleb128 0xe
 1392 000b 55       		.uleb128 0x55
 1393 000c 17       		.uleb128 0x17
 1394 000d 11       		.uleb128 0x11
 1395 000e 01       		.uleb128 0x1
 1396 000f 10       		.uleb128 0x10
 1397 0010 17       		.uleb128 0x17
 1398 0011 00       		.byte	0
 1399 0012 00       		.byte	0
 1400 0013 02       		.uleb128 0x2
 1401 0014 24       		.uleb128 0x24
 1402 0015 00       		.byte	0
 1403 0016 0B       		.uleb128 0xb
 1404 0017 0B       		.uleb128 0xb
 1405 0018 3E       		.uleb128 0x3e
 1406 0019 0B       		.uleb128 0xb
 1407 001a 03       		.uleb128 0x3
 1408 001b 0E       		.uleb128 0xe
 1409 001c 00       		.byte	0
 1410 001d 00       		.byte	0
 1411 001e 03       		.uleb128 0x3
 1412 001f 16       		.uleb128 0x16
 1413 0020 00       		.byte	0
 1414 0021 03       		.uleb128 0x3
 1415 0022 0E       		.uleb128 0xe
ARM GAS  C:\Users\PANXIA~1\AppData\Local\Temp\ccyZCjWm.s 			page 29


 1416 0023 3A       		.uleb128 0x3a
 1417 0024 0B       		.uleb128 0xb
 1418 0025 3B       		.uleb128 0x3b
 1419 0026 0B       		.uleb128 0xb
 1420 0027 49       		.uleb128 0x49
 1421 0028 13       		.uleb128 0x13
 1422 0029 00       		.byte	0
 1423 002a 00       		.byte	0
 1424 002b 04       		.uleb128 0x4
 1425 002c 24       		.uleb128 0x24
 1426 002d 00       		.byte	0
 1427 002e 0B       		.uleb128 0xb
 1428 002f 0B       		.uleb128 0xb
 1429 0030 3E       		.uleb128 0x3e
 1430 0031 0B       		.uleb128 0xb
 1431 0032 03       		.uleb128 0x3
 1432 0033 08       		.uleb128 0x8
 1433 0034 00       		.byte	0
 1434 0035 00       		.byte	0
 1435 0036 05       		.uleb128 0x5
 1436 0037 35       		.uleb128 0x35
 1437 0038 00       		.byte	0
 1438 0039 49       		.uleb128 0x49
 1439 003a 13       		.uleb128 0x13
 1440 003b 00       		.byte	0
 1441 003c 00       		.byte	0
 1442 003d 06       		.uleb128 0x6
 1443 003e 0F       		.uleb128 0xf
 1444 003f 00       		.byte	0
 1445 0040 0B       		.uleb128 0xb
 1446 0041 0B       		.uleb128 0xb
 1447 0042 00       		.byte	0
 1448 0043 00       		.byte	0
 1449 0044 07       		.uleb128 0x7
 1450 0045 13       		.uleb128 0x13
 1451 0046 01       		.byte	0x1
 1452 0047 0B       		.uleb128 0xb
 1453 0048 0B       		.uleb128 0xb
 1454 0049 3A       		.uleb128 0x3a
 1455 004a 0B       		.uleb128 0xb
 1456 004b 3B       		.uleb128 0x3b
 1457 004c 0B       		.uleb128 0xb
 1458 004d 01       		.uleb128 0x1
 1459 004e 13       		.uleb128 0x13
 1460 004f 00       		.byte	0
 1461 0050 00       		.byte	0
 1462 0051 08       		.uleb128 0x8
 1463 0052 0D       		.uleb128 0xd
 1464 0053 00       		.byte	0
 1465 0054 03       		.uleb128 0x3
 1466 0055 0E       		.uleb128 0xe
 1467 0056 3A       		.uleb128 0x3a
 1468 0057 0B       		.uleb128 0xb
 1469 0058 3B       		.uleb128 0x3b
 1470 0059 0B       		.uleb128 0xb
 1471 005a 49       		.uleb128 0x49
 1472 005b 13       		.uleb128 0x13
ARM GAS  C:\Users\PANXIA~1\AppData\Local\Temp\ccyZCjWm.s 			page 30


 1473 005c 38       		.uleb128 0x38
 1474 005d 0B       		.uleb128 0xb
 1475 005e 00       		.byte	0
 1476 005f 00       		.byte	0
 1477 0060 09       		.uleb128 0x9
 1478 0061 01       		.uleb128 0x1
 1479 0062 01       		.byte	0x1
 1480 0063 49       		.uleb128 0x49
 1481 0064 13       		.uleb128 0x13
 1482 0065 01       		.uleb128 0x1
 1483 0066 13       		.uleb128 0x13
 1484 0067 00       		.byte	0
 1485 0068 00       		.byte	0
 1486 0069 0A       		.uleb128 0xa
 1487 006a 21       		.uleb128 0x21
 1488 006b 00       		.byte	0
 1489 006c 49       		.uleb128 0x49
 1490 006d 13       		.uleb128 0x13
 1491 006e 2F       		.uleb128 0x2f
 1492 006f 0B       		.uleb128 0xb
 1493 0070 00       		.byte	0
 1494 0071 00       		.byte	0
 1495 0072 0B       		.uleb128 0xb
 1496 0073 0D       		.uleb128 0xd
 1497 0074 00       		.byte	0
 1498 0075 03       		.uleb128 0x3
 1499 0076 08       		.uleb128 0x8
 1500 0077 3A       		.uleb128 0x3a
 1501 0078 0B       		.uleb128 0xb
 1502 0079 3B       		.uleb128 0x3b
 1503 007a 0B       		.uleb128 0xb
 1504 007b 49       		.uleb128 0x49
 1505 007c 13       		.uleb128 0x13
 1506 007d 38       		.uleb128 0x38
 1507 007e 0B       		.uleb128 0xb
 1508 007f 00       		.byte	0
 1509 0080 00       		.byte	0
 1510 0081 0C       		.uleb128 0xc
 1511 0082 0F       		.uleb128 0xf
 1512 0083 00       		.byte	0
 1513 0084 0B       		.uleb128 0xb
 1514 0085 0B       		.uleb128 0xb
 1515 0086 49       		.uleb128 0x49
 1516 0087 13       		.uleb128 0x13
 1517 0088 00       		.byte	0
 1518 0089 00       		.byte	0
 1519 008a 0D       		.uleb128 0xd
 1520 008b 04       		.uleb128 0x4
 1521 008c 01       		.byte	0x1
 1522 008d 03       		.uleb128 0x3
 1523 008e 0E       		.uleb128 0xe
 1524 008f 0B       		.uleb128 0xb
 1525 0090 0B       		.uleb128 0xb
 1526 0091 3A       		.uleb128 0x3a
 1527 0092 0B       		.uleb128 0xb
 1528 0093 3B       		.uleb128 0x3b
 1529 0094 0B       		.uleb128 0xb
ARM GAS  C:\Users\PANXIA~1\AppData\Local\Temp\ccyZCjWm.s 			page 31


 1530 0095 01       		.uleb128 0x1
 1531 0096 13       		.uleb128 0x13
 1532 0097 00       		.byte	0
 1533 0098 00       		.byte	0
 1534 0099 0E       		.uleb128 0xe
 1535 009a 28       		.uleb128 0x28
 1536 009b 00       		.byte	0
 1537 009c 03       		.uleb128 0x3
 1538 009d 0E       		.uleb128 0xe
 1539 009e 1C       		.uleb128 0x1c
 1540 009f 0D       		.uleb128 0xd
 1541 00a0 00       		.byte	0
 1542 00a1 00       		.byte	0
 1543 00a2 0F       		.uleb128 0xf
 1544 00a3 13       		.uleb128 0x13
 1545 00a4 01       		.byte	0x1
 1546 00a5 03       		.uleb128 0x3
 1547 00a6 0E       		.uleb128 0xe
 1548 00a7 0B       		.uleb128 0xb
 1549 00a8 0B       		.uleb128 0xb
 1550 00a9 3A       		.uleb128 0x3a
 1551 00aa 0B       		.uleb128 0xb
 1552 00ab 3B       		.uleb128 0x3b
 1553 00ac 0B       		.uleb128 0xb
 1554 00ad 01       		.uleb128 0x1
 1555 00ae 13       		.uleb128 0x13
 1556 00af 00       		.byte	0
 1557 00b0 00       		.byte	0
 1558 00b1 10       		.uleb128 0x10
 1559 00b2 2E       		.uleb128 0x2e
 1560 00b3 01       		.byte	0x1
 1561 00b4 3F       		.uleb128 0x3f
 1562 00b5 19       		.uleb128 0x19
 1563 00b6 03       		.uleb128 0x3
 1564 00b7 0E       		.uleb128 0xe
 1565 00b8 3A       		.uleb128 0x3a
 1566 00b9 0B       		.uleb128 0xb
 1567 00ba 3B       		.uleb128 0x3b
 1568 00bb 0B       		.uleb128 0xb
 1569 00bc 27       		.uleb128 0x27
 1570 00bd 19       		.uleb128 0x19
 1571 00be 49       		.uleb128 0x49
 1572 00bf 13       		.uleb128 0x13
 1573 00c0 11       		.uleb128 0x11
 1574 00c1 01       		.uleb128 0x1
 1575 00c2 12       		.uleb128 0x12
 1576 00c3 06       		.uleb128 0x6
 1577 00c4 40       		.uleb128 0x40
 1578 00c5 18       		.uleb128 0x18
 1579 00c6 9742     		.uleb128 0x2117
 1580 00c8 19       		.uleb128 0x19
 1581 00c9 01       		.uleb128 0x1
 1582 00ca 13       		.uleb128 0x13
 1583 00cb 00       		.byte	0
 1584 00cc 00       		.byte	0
 1585 00cd 11       		.uleb128 0x11
 1586 00ce 05       		.uleb128 0x5
ARM GAS  C:\Users\PANXIA~1\AppData\Local\Temp\ccyZCjWm.s 			page 32


 1587 00cf 00       		.byte	0
 1588 00d0 03       		.uleb128 0x3
 1589 00d1 0E       		.uleb128 0xe
 1590 00d2 3A       		.uleb128 0x3a
 1591 00d3 0B       		.uleb128 0xb
 1592 00d4 3B       		.uleb128 0x3b
 1593 00d5 0B       		.uleb128 0xb
 1594 00d6 49       		.uleb128 0x49
 1595 00d7 13       		.uleb128 0x13
 1596 00d8 02       		.uleb128 0x2
 1597 00d9 17       		.uleb128 0x17
 1598 00da 00       		.byte	0
 1599 00db 00       		.byte	0
 1600 00dc 12       		.uleb128 0x12
 1601 00dd 05       		.uleb128 0x5
 1602 00de 00       		.byte	0
 1603 00df 03       		.uleb128 0x3
 1604 00e0 08       		.uleb128 0x8
 1605 00e1 3A       		.uleb128 0x3a
 1606 00e2 0B       		.uleb128 0xb
 1607 00e3 3B       		.uleb128 0x3b
 1608 00e4 0B       		.uleb128 0xb
 1609 00e5 49       		.uleb128 0x49
 1610 00e6 13       		.uleb128 0x13
 1611 00e7 02       		.uleb128 0x2
 1612 00e8 17       		.uleb128 0x17
 1613 00e9 00       		.byte	0
 1614 00ea 00       		.byte	0
 1615 00eb 13       		.uleb128 0x13
 1616 00ec 34       		.uleb128 0x34
 1617 00ed 00       		.byte	0
 1618 00ee 03       		.uleb128 0x3
 1619 00ef 08       		.uleb128 0x8
 1620 00f0 3A       		.uleb128 0x3a
 1621 00f1 0B       		.uleb128 0xb
 1622 00f2 3B       		.uleb128 0x3b
 1623 00f3 0B       		.uleb128 0xb
 1624 00f4 49       		.uleb128 0x49
 1625 00f5 13       		.uleb128 0x13
 1626 00f6 02       		.uleb128 0x2
 1627 00f7 17       		.uleb128 0x17
 1628 00f8 00       		.byte	0
 1629 00f9 00       		.byte	0
 1630 00fa 14       		.uleb128 0x14
 1631 00fb 34       		.uleb128 0x34
 1632 00fc 00       		.byte	0
 1633 00fd 03       		.uleb128 0x3
 1634 00fe 0E       		.uleb128 0xe
 1635 00ff 3A       		.uleb128 0x3a
 1636 0100 0B       		.uleb128 0xb
 1637 0101 3B       		.uleb128 0x3b
 1638 0102 0B       		.uleb128 0xb
 1639 0103 49       		.uleb128 0x49
 1640 0104 13       		.uleb128 0x13
 1641 0105 02       		.uleb128 0x2
 1642 0106 17       		.uleb128 0x17
 1643 0107 00       		.byte	0
ARM GAS  C:\Users\PANXIA~1\AppData\Local\Temp\ccyZCjWm.s 			page 33


 1644 0108 00       		.byte	0
 1645 0109 15       		.uleb128 0x15
 1646 010a 34       		.uleb128 0x34
 1647 010b 00       		.byte	0
 1648 010c 03       		.uleb128 0x3
 1649 010d 0E       		.uleb128 0xe
 1650 010e 3A       		.uleb128 0x3a
 1651 010f 0B       		.uleb128 0xb
 1652 0110 3B       		.uleb128 0x3b
 1653 0111 0B       		.uleb128 0xb
 1654 0112 49       		.uleb128 0x49
 1655 0113 13       		.uleb128 0x13
 1656 0114 02       		.uleb128 0x2
 1657 0115 18       		.uleb128 0x18
 1658 0116 00       		.byte	0
 1659 0117 00       		.byte	0
 1660 0118 16       		.uleb128 0x16
 1661 0119 898201   		.uleb128 0x4109
 1662 011c 01       		.byte	0x1
 1663 011d 11       		.uleb128 0x11
 1664 011e 01       		.uleb128 0x1
 1665 011f 31       		.uleb128 0x31
 1666 0120 13       		.uleb128 0x13
 1667 0121 00       		.byte	0
 1668 0122 00       		.byte	0
 1669 0123 17       		.uleb128 0x17
 1670 0124 8A8201   		.uleb128 0x410a
 1671 0127 00       		.byte	0
 1672 0128 02       		.uleb128 0x2
 1673 0129 18       		.uleb128 0x18
 1674 012a 9142     		.uleb128 0x2111
 1675 012c 18       		.uleb128 0x18
 1676 012d 00       		.byte	0
 1677 012e 00       		.byte	0
 1678 012f 18       		.uleb128 0x18
 1679 0130 2E       		.uleb128 0x2e
 1680 0131 01       		.byte	0x1
 1681 0132 3F       		.uleb128 0x3f
 1682 0133 19       		.uleb128 0x19
 1683 0134 03       		.uleb128 0x3
 1684 0135 0E       		.uleb128 0xe
 1685 0136 3A       		.uleb128 0x3a
 1686 0137 0B       		.uleb128 0xb
 1687 0138 3B       		.uleb128 0x3b
 1688 0139 0B       		.uleb128 0xb
 1689 013a 49       		.uleb128 0x49
 1690 013b 13       		.uleb128 0x13
 1691 013c 11       		.uleb128 0x11
 1692 013d 01       		.uleb128 0x1
 1693 013e 12       		.uleb128 0x12
 1694 013f 06       		.uleb128 0x6
 1695 0140 40       		.uleb128 0x40
 1696 0141 18       		.uleb128 0x18
 1697 0142 9742     		.uleb128 0x2117
 1698 0144 19       		.uleb128 0x19
 1699 0145 01       		.uleb128 0x1
 1700 0146 13       		.uleb128 0x13
ARM GAS  C:\Users\PANXIA~1\AppData\Local\Temp\ccyZCjWm.s 			page 34


 1701 0147 00       		.byte	0
 1702 0148 00       		.byte	0
 1703 0149 19       		.uleb128 0x19
 1704 014a 0B       		.uleb128 0xb
 1705 014b 01       		.byte	0x1
 1706 014c 11       		.uleb128 0x11
 1707 014d 01       		.uleb128 0x1
 1708 014e 12       		.uleb128 0x12
 1709 014f 06       		.uleb128 0x6
 1710 0150 01       		.uleb128 0x1
 1711 0151 13       		.uleb128 0x13
 1712 0152 00       		.byte	0
 1713 0153 00       		.byte	0
 1714 0154 1A       		.uleb128 0x1a
 1715 0155 2E       		.uleb128 0x2e
 1716 0156 01       		.byte	0x1
 1717 0157 3F       		.uleb128 0x3f
 1718 0158 19       		.uleb128 0x19
 1719 0159 03       		.uleb128 0x3
 1720 015a 0E       		.uleb128 0xe
 1721 015b 3A       		.uleb128 0x3a
 1722 015c 0B       		.uleb128 0xb
 1723 015d 3B       		.uleb128 0x3b
 1724 015e 0B       		.uleb128 0xb
 1725 015f 49       		.uleb128 0x49
 1726 0160 13       		.uleb128 0x13
 1727 0161 3C       		.uleb128 0x3c
 1728 0162 19       		.uleb128 0x19
 1729 0163 01       		.uleb128 0x1
 1730 0164 13       		.uleb128 0x13
 1731 0165 00       		.byte	0
 1732 0166 00       		.byte	0
 1733 0167 1B       		.uleb128 0x1b
 1734 0168 18       		.uleb128 0x18
 1735 0169 00       		.byte	0
 1736 016a 00       		.byte	0
 1737 016b 00       		.byte	0
 1738 016c 1C       		.uleb128 0x1c
 1739 016d 898201   		.uleb128 0x4109
 1740 0170 00       		.byte	0
 1741 0171 11       		.uleb128 0x11
 1742 0172 01       		.uleb128 0x1
 1743 0173 31       		.uleb128 0x31
 1744 0174 13       		.uleb128 0x13
 1745 0175 00       		.byte	0
 1746 0176 00       		.byte	0
 1747 0177 1D       		.uleb128 0x1d
 1748 0178 898201   		.uleb128 0x4109
 1749 017b 01       		.byte	0x1
 1750 017c 11       		.uleb128 0x11
 1751 017d 01       		.uleb128 0x1
 1752 017e 31       		.uleb128 0x31
 1753 017f 13       		.uleb128 0x13
 1754 0180 01       		.uleb128 0x1
 1755 0181 13       		.uleb128 0x13
 1756 0182 00       		.byte	0
 1757 0183 00       		.byte	0
ARM GAS  C:\Users\PANXIA~1\AppData\Local\Temp\ccyZCjWm.s 			page 35


 1758 0184 1E       		.uleb128 0x1e
 1759 0185 34       		.uleb128 0x34
 1760 0186 00       		.byte	0
 1761 0187 03       		.uleb128 0x3
 1762 0188 0E       		.uleb128 0xe
 1763 0189 3A       		.uleb128 0x3a
 1764 018a 0B       		.uleb128 0xb
 1765 018b 3B       		.uleb128 0x3b
 1766 018c 0B       		.uleb128 0xb
 1767 018d 49       		.uleb128 0x49
 1768 018e 13       		.uleb128 0x13
 1769 018f 3F       		.uleb128 0x3f
 1770 0190 19       		.uleb128 0x19
 1771 0191 3C       		.uleb128 0x3c
 1772 0192 19       		.uleb128 0x19
 1773 0193 00       		.byte	0
 1774 0194 00       		.byte	0
 1775 0195 1F       		.uleb128 0x1f
 1776 0196 26       		.uleb128 0x26
 1777 0197 00       		.byte	0
 1778 0198 49       		.uleb128 0x49
 1779 0199 13       		.uleb128 0x13
 1780 019a 00       		.byte	0
 1781 019b 00       		.byte	0
 1782 019c 20       		.uleb128 0x20
 1783 019d 34       		.uleb128 0x34
 1784 019e 00       		.byte	0
 1785 019f 03       		.uleb128 0x3
 1786 01a0 0E       		.uleb128 0xe
 1787 01a1 3A       		.uleb128 0x3a
 1788 01a2 0B       		.uleb128 0xb
 1789 01a3 3B       		.uleb128 0x3b
 1790 01a4 05       		.uleb128 0x5
 1791 01a5 49       		.uleb128 0x49
 1792 01a6 13       		.uleb128 0x13
 1793 01a7 3F       		.uleb128 0x3f
 1794 01a8 19       		.uleb128 0x19
 1795 01a9 3C       		.uleb128 0x3c
 1796 01aa 19       		.uleb128 0x19
 1797 01ab 00       		.byte	0
 1798 01ac 00       		.byte	0
 1799 01ad 21       		.uleb128 0x21
 1800 01ae 21       		.uleb128 0x21
 1801 01af 00       		.byte	0
 1802 01b0 00       		.byte	0
 1803 01b1 00       		.byte	0
 1804 01b2 22       		.uleb128 0x22
 1805 01b3 34       		.uleb128 0x34
 1806 01b4 00       		.byte	0
 1807 01b5 03       		.uleb128 0x3
 1808 01b6 0E       		.uleb128 0xe
 1809 01b7 3A       		.uleb128 0x3a
 1810 01b8 0B       		.uleb128 0xb
 1811 01b9 3B       		.uleb128 0x3b
 1812 01ba 0B       		.uleb128 0xb
 1813 01bb 49       		.uleb128 0x49
 1814 01bc 13       		.uleb128 0x13
ARM GAS  C:\Users\PANXIA~1\AppData\Local\Temp\ccyZCjWm.s 			page 36


 1815 01bd 3F       		.uleb128 0x3f
 1816 01be 19       		.uleb128 0x19
 1817 01bf 02       		.uleb128 0x2
 1818 01c0 18       		.uleb128 0x18
 1819 01c1 00       		.byte	0
 1820 01c2 00       		.byte	0
 1821 01c3 23       		.uleb128 0x23
 1822 01c4 2E       		.uleb128 0x2e
 1823 01c5 01       		.byte	0x1
 1824 01c6 3F       		.uleb128 0x3f
 1825 01c7 19       		.uleb128 0x19
 1826 01c8 03       		.uleb128 0x3
 1827 01c9 0E       		.uleb128 0xe
 1828 01ca 3A       		.uleb128 0x3a
 1829 01cb 0B       		.uleb128 0xb
 1830 01cc 3B       		.uleb128 0x3b
 1831 01cd 05       		.uleb128 0x5
 1832 01ce 27       		.uleb128 0x27
 1833 01cf 19       		.uleb128 0x19
 1834 01d0 49       		.uleb128 0x49
 1835 01d1 13       		.uleb128 0x13
 1836 01d2 3C       		.uleb128 0x3c
 1837 01d3 19       		.uleb128 0x19
 1838 01d4 01       		.uleb128 0x1
 1839 01d5 13       		.uleb128 0x13
 1840 01d6 00       		.byte	0
 1841 01d7 00       		.byte	0
 1842 01d8 24       		.uleb128 0x24
 1843 01d9 05       		.uleb128 0x5
 1844 01da 00       		.byte	0
 1845 01db 49       		.uleb128 0x49
 1846 01dc 13       		.uleb128 0x13
 1847 01dd 00       		.byte	0
 1848 01de 00       		.byte	0
 1849 01df 25       		.uleb128 0x25
 1850 01e0 2E       		.uleb128 0x2e
 1851 01e1 01       		.byte	0x1
 1852 01e2 3F       		.uleb128 0x3f
 1853 01e3 19       		.uleb128 0x19
 1854 01e4 03       		.uleb128 0x3
 1855 01e5 0E       		.uleb128 0xe
 1856 01e6 3A       		.uleb128 0x3a
 1857 01e7 0B       		.uleb128 0xb
 1858 01e8 3B       		.uleb128 0x3b
 1859 01e9 0B       		.uleb128 0xb
 1860 01ea 3C       		.uleb128 0x3c
 1861 01eb 19       		.uleb128 0x19
 1862 01ec 01       		.uleb128 0x1
 1863 01ed 13       		.uleb128 0x13
 1864 01ee 00       		.byte	0
 1865 01ef 00       		.byte	0
 1866 01f0 26       		.uleb128 0x26
 1867 01f1 2E       		.uleb128 0x2e
 1868 01f2 00       		.byte	0
 1869 01f3 3F       		.uleb128 0x3f
 1870 01f4 19       		.uleb128 0x19
 1871 01f5 03       		.uleb128 0x3
ARM GAS  C:\Users\PANXIA~1\AppData\Local\Temp\ccyZCjWm.s 			page 37


 1872 01f6 0E       		.uleb128 0xe
 1873 01f7 3A       		.uleb128 0x3a
 1874 01f8 0B       		.uleb128 0xb
 1875 01f9 3B       		.uleb128 0x3b
 1876 01fa 0B       		.uleb128 0xb
 1877 01fb 27       		.uleb128 0x27
 1878 01fc 19       		.uleb128 0x19
 1879 01fd 3C       		.uleb128 0x3c
 1880 01fe 19       		.uleb128 0x19
 1881 01ff 00       		.byte	0
 1882 0200 00       		.byte	0
 1883 0201 27       		.uleb128 0x27
 1884 0202 2E       		.uleb128 0x2e
 1885 0203 01       		.byte	0x1
 1886 0204 3F       		.uleb128 0x3f
 1887 0205 19       		.uleb128 0x19
 1888 0206 03       		.uleb128 0x3
 1889 0207 0E       		.uleb128 0xe
 1890 0208 3A       		.uleb128 0x3a
 1891 0209 0B       		.uleb128 0xb
 1892 020a 3B       		.uleb128 0x3b
 1893 020b 0B       		.uleb128 0xb
 1894 020c 27       		.uleb128 0x27
 1895 020d 19       		.uleb128 0x19
 1896 020e 3C       		.uleb128 0x3c
 1897 020f 19       		.uleb128 0x19
 1898 0210 01       		.uleb128 0x1
 1899 0211 13       		.uleb128 0x13
 1900 0212 00       		.byte	0
 1901 0213 00       		.byte	0
 1902 0214 28       		.uleb128 0x28
 1903 0215 2E       		.uleb128 0x2e
 1904 0216 00       		.byte	0
 1905 0217 3F       		.uleb128 0x3f
 1906 0218 19       		.uleb128 0x19
 1907 0219 03       		.uleb128 0x3
 1908 021a 0E       		.uleb128 0xe
 1909 021b 3A       		.uleb128 0x3a
 1910 021c 0B       		.uleb128 0xb
 1911 021d 3B       		.uleb128 0x3b
 1912 021e 0B       		.uleb128 0xb
 1913 021f 27       		.uleb128 0x27
 1914 0220 19       		.uleb128 0x19
 1915 0221 49       		.uleb128 0x49
 1916 0222 13       		.uleb128 0x13
 1917 0223 3C       		.uleb128 0x3c
 1918 0224 19       		.uleb128 0x19
 1919 0225 00       		.byte	0
 1920 0226 00       		.byte	0
 1921 0227 00       		.byte	0
 1922              		.section	.debug_loc,"",%progbits
 1923              	.Ldebug_loc0:
 1924              	.LLST0:
 1925 0000 00000000 		.4byte	.LVL0
 1926 0004 0C000000 		.4byte	.LVL3
 1927 0008 0100     		.2byte	0x1
 1928 000a 50       		.byte	0x50
ARM GAS  C:\Users\PANXIA~1\AppData\Local\Temp\ccyZCjWm.s 			page 38


 1929 000b 0C000000 		.4byte	.LVL3
 1930 000f 6C000000 		.4byte	.LFE63
 1931 0013 0400     		.2byte	0x4
 1932 0015 F3       		.byte	0xf3
 1933 0016 01       		.uleb128 0x1
 1934 0017 50       		.byte	0x50
 1935 0018 9F       		.byte	0x9f
 1936 0019 00000000 		.4byte	0
 1937 001d 00000000 		.4byte	0
 1938              	.LLST1:
 1939 0021 00000000 		.4byte	.LVL0
 1940 0025 22000000 		.4byte	.LVL5
 1941 0029 0100     		.2byte	0x1
 1942 002b 51       		.byte	0x51
 1943 002c 22000000 		.4byte	.LVL5
 1944 0030 6C000000 		.4byte	.LFE63
 1945 0034 0400     		.2byte	0x4
 1946 0036 F3       		.byte	0xf3
 1947 0037 01       		.uleb128 0x1
 1948 0038 51       		.byte	0x51
 1949 0039 9F       		.byte	0x9f
 1950 003a 00000000 		.4byte	0
 1951 003e 00000000 		.4byte	0
 1952              	.LLST2:
 1953 0042 08000000 		.4byte	.LVL2
 1954 0046 0C000000 		.4byte	.LVL3
 1955 004a 0200     		.2byte	0x2
 1956 004c 30       		.byte	0x30
 1957 004d 9F       		.byte	0x9f
 1958 004e 0C000000 		.4byte	.LVL3
 1959 0052 28000000 		.4byte	.LVL6
 1960 0056 0100     		.2byte	0x1
 1961 0058 53       		.byte	0x53
 1962 0059 00000000 		.4byte	0
 1963 005d 00000000 		.4byte	0
 1964              	.LLST3:
 1965 0061 2A000000 		.4byte	.LVL7
 1966 0065 2C000000 		.4byte	.LVL8
 1967 0069 0200     		.2byte	0x2
 1968 006b 30       		.byte	0x30
 1969 006c 9F       		.byte	0x9f
 1970 006d 2C000000 		.4byte	.LVL8
 1971 0071 42000000 		.4byte	.LVL10
 1972 0075 0100     		.2byte	0x1
 1973 0077 53       		.byte	0x53
 1974 0078 44000000 		.4byte	.LVL11
 1975 007c 57000000 		.4byte	.LVL13-1
 1976 0080 0100     		.2byte	0x1
 1977 0082 53       		.byte	0x53
 1978 0083 00000000 		.4byte	0
 1979 0087 00000000 		.4byte	0
 1980              	.LLST4:
 1981 008b 04000000 		.4byte	.LVL1
 1982 008f 5E000000 		.4byte	.LVL14
 1983 0093 0300     		.2byte	0x3
 1984 0095 91       		.byte	0x91
 1985 0096 5C       		.sleb128 -36
ARM GAS  C:\Users\PANXIA~1\AppData\Local\Temp\ccyZCjWm.s 			page 39


 1986 0097 9F       		.byte	0x9f
 1987 0098 5E000000 		.4byte	.LVL14
 1988 009c 6C000000 		.4byte	.LFE63
 1989 00a0 0300     		.2byte	0x3
 1990 00a2 7D       		.byte	0x7d
 1991 00a3 5C       		.sleb128 -36
 1992 00a4 9F       		.byte	0x9f
 1993 00a5 00000000 		.4byte	0
 1994 00a9 00000000 		.4byte	0
 1995              		.section	.debug_aranges,"",%progbits
 1996 0000 24000000 		.4byte	0x24
 1997 0004 0200     		.2byte	0x2
 1998 0006 00000000 		.4byte	.Ldebug_info0
 1999 000a 04       		.byte	0x4
 2000 000b 00       		.byte	0
 2001 000c 0000     		.2byte	0
 2002 000e 0000     		.2byte	0
 2003 0010 00000000 		.4byte	.LFB63
 2004 0014 6C000000 		.4byte	.LFE63-.LFB63
 2005 0018 00000000 		.4byte	.LFB64
 2006 001c 74010000 		.4byte	.LFE64-.LFB64
 2007 0020 00000000 		.4byte	0
 2008 0024 00000000 		.4byte	0
 2009              		.section	.debug_ranges,"",%progbits
 2010              	.Ldebug_ranges0:
 2011 0000 00000000 		.4byte	.LFB63
 2012 0004 6C000000 		.4byte	.LFE63
 2013 0008 00000000 		.4byte	.LFB64
 2014 000c 74010000 		.4byte	.LFE64
 2015 0010 00000000 		.4byte	0
 2016 0014 00000000 		.4byte	0
 2017              		.section	.debug_line,"",%progbits
 2018              	.Ldebug_line0:
 2019 0000 C3020000 		.section	.debug_str,"MS",%progbits,1
 2019      02001B02 
 2019      00000201 
 2019      FB0E0D00 
 2019      01010101 
 2020              	.LASF101:
 2021 0000 43794465 		.ascii	"CyDelay\000"
 2021      6C617900 
 2022              	.LASF65:
 2023 0008 436F6E66 		.ascii	"Config_VKeep\000"
 2023      69675F56 
 2023      4B656570 
 2023      00
 2024              	.LASF76:
 2025 0015 6E6F7475 		.ascii	"notused\000"
 2025      73656400 
 2026              	.LASF92:
 2027 001d 4953525F 		.ascii	"ISR_Stroke_Timer_states\000"
 2027      5374726F 
 2027      6B655F54 
 2027      696D6572 
 2027      5F737461 
 2028              	.LASF51:
 2029 0035 43757454 		.ascii	"CutTimeStatus\000"
ARM GAS  C:\Users\PANXIA~1\AppData\Local\Temp\ccyZCjWm.s 			page 40


 2029      696D6553 
 2029      74617475 
 2029      7300
 2030              	.LASF73:
 2031 0043 45787449 		.ascii	"ExtId\000"
 2031      6400
 2032              	.LASF27:
 2033 0049 564B6565 		.ascii	"VKeep\000"
 2033      7000
 2034              	.LASF64:
 2035 004f 436F6E66 		.ascii	"Config_VSlow\000"
 2035      69675F56 
 2035      536C6F77 
 2035      00
 2036              	.LASF11:
 2037 005c 756E7369 		.ascii	"unsigned int\000"
 2037      676E6564 
 2037      20696E74 
 2037      00
 2038              	.LASF42:
 2039 0069 57616974 		.ascii	"WaitFoot\000"
 2039      466F6F74 
 2039      00
 2040              	.LASF67:
 2041 0072 436F6E66 		.ascii	"Config_VBack\000"
 2041      69675F56 
 2041      4261636B 
 2041      00
 2042              	.LASF91:
 2043 007f 636F6E66 		.ascii	"config_para\000"
 2043      69675F70 
 2043      61726100 
 2044              	.LASF5:
 2045 008b 5F5F696E 		.ascii	"__int32_t\000"
 2045      7433325F 
 2045      7400
 2046              	.LASF24:
 2047 0095 43414E5F 		.ascii	"CAN_1_TX_MSG\000"
 2047      315F5458 
 2047      5F4D5347 
 2047      00
 2048              	.LASF59:
 2049 00a2 4D657373 		.ascii	"Message\000"
 2049      61676500 
 2050              	.LASF26:
 2051 00aa 56536C6F 		.ascii	"VSlow\000"
 2051      7700
 2052              	.LASF44:
 2053 00b0 43757474 		.ascii	"Cutting\000"
 2053      696E6700 
 2054              	.LASF53:
 2055 00b8 4D6F6465 		.ascii	"ModeRunFlag\000"
 2055      52756E46 
 2055      6C616700 
 2056              	.LASF29:
 2057 00c4 56426163 		.ascii	"VBack\000"
 2057      6B00
ARM GAS  C:\Users\PANXIA~1\AppData\Local\Temp\ccyZCjWm.s 			page 41


 2058              	.LASF40:
 2059 00ca 4A4F474D 		.ascii	"JOGMODE\000"
 2059      4F444500 
 2060              	.LASF97:
 2061 00d2 496E6974 		.ascii	"Init_TLC5616\000"
 2061      5F544C43 
 2061      35363136 
 2061      00
 2062              	.LASF100:
 2063 00df 43616E6F 		.ascii	"CanopenInit\000"
 2063      70656E49 
 2063      6E697400 
 2064              	.LASF14:
 2065 00eb 75696E74 		.ascii	"uint32_t\000"
 2065      33325F74 
 2065      00
 2066              	.LASF31:
 2067 00f4 4A6F6756 		.ascii	"JogVFast\000"
 2067      46617374 
 2067      00
 2068              	.LASF18:
 2069 00fd 666C6F61 		.ascii	"float\000"
 2069      7400
 2070              	.LASF77:
 2071 0103 696E6465 		.ascii	"index\000"
 2071      7800
 2072              	.LASF68:
 2073 0109 436F6E66 		.ascii	"Config_VStop\000"
 2073      69675F56 
 2073      53746F70 
 2073      00
 2074              	.LASF52:
 2075 0116 56657273 		.ascii	"Version\000"
 2075      696F6E00 
 2076              	.LASF10:
 2077 011e 6C6F6E67 		.ascii	"long long unsigned int\000"
 2077      206C6F6E 
 2077      6720756E 
 2077      7369676E 
 2077      65642069 
 2078              	.LASF48:
 2079 0135 56415469 		.ascii	"VATime\000"
 2079      6D6500
 2080              	.LASF30:
 2081 013c 5653746F 		.ascii	"VStop\000"
 2081      7000
 2082              	.LASF106:
 2083 0142 53746174 		.ascii	"Status_Reg_1_Read\000"
 2083      75735F52 
 2083      65675F31 
 2083      5F526561 
 2083      6400
 2084              	.LASF111:
 2085 0154 63616E53 		.ascii	"canSend\000"
 2085      656E6400 
 2086              	.LASF70:
 2087 015c 436F6E66 		.ascii	"Config_UnloadTime\000"
ARM GAS  C:\Users\PANXIA~1\AppData\Local\Temp\ccyZCjWm.s 			page 42


 2087      69675F55 
 2087      6E6C6F61 
 2087      6454696D 
 2087      6500
 2088              	.LASF104:
 2089 016e 544C4335 		.ascii	"TLC5616_Write\000"
 2089      3631365F 
 2089      57726974 
 2089      6500
 2090              	.LASF84:
 2091 017c 4C45445F 		.ascii	"LED_Status\000"
 2091      53746174 
 2091      757300
 2092              	.LASF47:
 2093 0187 556E6C6F 		.ascii	"UnloadTime\000"
 2093      61645469 
 2093      6D6500
 2094              	.LASF45:
 2095 0192 4A756467 		.ascii	"JudgMode\000"
 2095      4D6F6465 
 2095      00
 2096              	.LASF49:
 2097 019b 41637469 		.ascii	"Action\000"
 2097      6F6E00
 2098              	.LASF94:
 2099 01a2 72656365 		.ascii	"receiveData\000"
 2099      69766544 
 2099      61746100 
 2100              	.LASF28:
 2101 01ae 56556E6C 		.ascii	"VUnload\000"
 2101      6F616400 
 2102              	.LASF43:
 2103 01b6 43757453 		.ascii	"CutStart\000"
 2103      74617274 
 2103      00
 2104              	.LASF22:
 2105 01bf 43414E5F 		.ascii	"CAN_1_DATA_BYTES_MSG\000"
 2105      315F4441 
 2105      54415F42 
 2105      59544553 
 2105      5F4D5347 
 2106              	.LASF61:
 2107 01d4 43555450 		.ascii	"CUTPARA\000"
 2107      41524100 
 2108              	.LASF71:
 2109 01dc 6973436F 		.ascii	"isConfig_para_state\000"
 2109      6E666967 
 2109      5F706172 
 2109      615F7374 
 2109      61746500 
 2110              	.LASF82:
 2111 01f0 4C43445F 		.ascii	"LCD_Char_1_customFonts\000"
 2111      43686172 
 2111      5F315F63 
 2111      7573746F 
 2111      6D466F6E 
 2112              	.LASF78:
ARM GAS  C:\Users\PANXIA~1\AppData\Local\Temp\ccyZCjWm.s 			page 43


 2113 0207 54784D65 		.ascii	"TxMessage\000"
 2113      73736167 
 2113      6500
 2114              	.LASF79:
 2115 0211 7074785F 		.ascii	"ptx_msg\000"
 2115      6D736700 
 2116              	.LASF20:
 2117 0219 63686172 		.ascii	"char\000"
 2117      00
 2118              	.LASF114:
 2119 021e 4C43445F 		.ascii	"LCD_DISPLAY_MODE\000"
 2119      44495350 
 2119      4C41595F 
 2119      4D4F4445 
 2119      00
 2120              	.LASF16:
 2121 022f 75696E74 		.ascii	"uint16\000"
 2121      313600
 2122              	.LASF58:
 2123 0236 64617461 		.ascii	"data\000"
 2123      00
 2124              	.LASF103:
 2125 023b 436F6E74 		.ascii	"Control_Reg_1_Write\000"
 2125      726F6C5F 
 2125      5265675F 
 2125      315F5772 
 2125      69746500 
 2126              	.LASF12:
 2127 024f 75696E74 		.ascii	"uint8_t\000"
 2127      385F7400 
 2128              	.LASF63:
 2129 0257 436F6E66 		.ascii	"Config_VFast\000"
 2129      69675F56 
 2129      46617374 
 2129      00
 2130              	.LASF56:
 2131 0264 4F6E6557 		.ascii	"OneWorkFinshState\000"
 2131      6F726B46 
 2131      696E7368 
 2131      53746174 
 2131      6500
 2132              	.LASF99:
 2133 0276 4C43445F 		.ascii	"LCD_Char_1_LoadCustomFonts\000"
 2133      43686172 
 2133      5F315F4C 
 2133      6F616443 
 2133      7573746F 
 2134              	.LASF80:
 2135 0291 4C43445F 		.ascii	"LCD_DISPLAY\000"
 2135      44495350 
 2135      4C415900 
 2136              	.LASF9:
 2137 029d 6C6F6E67 		.ascii	"long long int\000"
 2137      206C6F6E 
 2137      6720696E 
 2137      7400
 2138              	.LASF81:
ARM GAS  C:\Users\PANXIA~1\AppData\Local\Temp\ccyZCjWm.s 			page 44


 2139 02ab 57726974 		.ascii	"Write_config\000"
 2139      655F636F 
 2139      6E666967 
 2139      00
 2140              	.LASF25:
 2141 02b8 56466173 		.ascii	"VFast\000"
 2141      7400
 2142              	.LASF72:
 2143 02be 53746449 		.ascii	"StdId\000"
 2143      6400
 2144              	.LASF105:
 2145 02c4 43414E5F 		.ascii	"CAN_1_Start\000"
 2145      315F5374 
 2145      61727400 
 2146              	.LASF46:
 2147 02d0 4B656570 		.ascii	"KeepTime\000"
 2147      54696D65 
 2147      00
 2148              	.LASF107:
 2149 02d9 5374726F 		.ascii	"Stroke_Process\000"
 2149      6B655F50 
 2149      726F6365 
 2149      737300
 2150              	.LASF17:
 2151 02e8 75696E74 		.ascii	"uint32\000"
 2151      333200
 2152              	.LASF85:
 2153 02ef 5450444F 		.ascii	"TPDO_PROCESS_Status\000"
 2153      5F50524F 
 2153      43455353 
 2153      5F537461 
 2153      74757300 
 2154              	.LASF69:
 2155 0303 436F6E66 		.ascii	"Config_KeepTime\000"
 2155      69675F4B 
 2155      65657054 
 2155      696D6500 
 2156              	.LASF38:
 2157 0313 56414C56 		.ascii	"VALVE_PROCESS\000"
 2157      455F5052 
 2157      4F434553 
 2157      5300
 2158              	.LASF86:
 2159 0321 5450444F 		.ascii	"TPDO_OUT_Status\000"
 2159      5F4F5554 
 2159      5F537461 
 2159      74757300 
 2160              	.LASF75:
 2161 0331 43616E54 		.ascii	"CanTxMsg\000"
 2161      784D7367 
 2161      00
 2162              	.LASF93:
 2163 033a 6B65795F 		.ascii	"key_count\000"
 2163      636F756E 
 2163      7400
 2164              	.LASF2:
 2165 0344 73686F72 		.ascii	"short int\000"
ARM GAS  C:\Users\PANXIA~1\AppData\Local\Temp\ccyZCjWm.s 			page 45


 2165      7420696E 
 2165      7400
 2166              	.LASF6:
 2167 034e 6C6F6E67 		.ascii	"long int\000"
 2167      20696E74 
 2167      00
 2168              	.LASF102:
 2169 0357 436F6E74 		.ascii	"Control_LED_Write\000"
 2169      726F6C5F 
 2169      4C45445F 
 2169      57726974 
 2169      6500
 2170              	.LASF83:
 2171 0369 49544D5F 		.ascii	"ITM_RxBuffer\000"
 2171      52784275 
 2171      66666572 
 2171      00
 2172              	.LASF95:
 2173 0376 43414E5F 		.ascii	"CAN_message\000"
 2173      6D657373 
 2173      61676500 
 2174              	.LASF89:
 2175 0382 436F6E66 		.ascii	"Config_Test_Value\000"
 2175      69675F54 
 2175      6573745F 
 2175      56616C75 
 2175      6500
 2176              	.LASF66:
 2177 0394 436F6E66 		.ascii	"Config_VUnload\000"
 2177      69675F56 
 2177      556E6C6F 
 2177      616400
 2178              	.LASF98:
 2179 03a3 4C43445F 		.ascii	"LCD_Char_1_Init\000"
 2179      43686172 
 2179      5F315F49 
 2179      6E697400 
 2180              	.LASF4:
 2181 03b3 5F5F7569 		.ascii	"__uint8_t\000"
 2181      6E74385F 
 2181      7400
 2182              	.LASF110:
 2183 03bd 443A5C47 		.ascii	"D:\\GIT\\A20_CANfestival\\posoc\\MOTION-T1-Ver1.0-2"
 2183      49545C41 
 2183      32305F43 
 2183      414E6665 
 2183      73746976 
 2184 03ec 3031362D 		.ascii	"016-09-18.cydsn\000"
 2184      30392D31 
 2184      382E6379 
 2184      64736E00 
 2185              	.LASF33:
 2186 03fc 4A6F6756 		.ascii	"JogVKeep\000"
 2186      4B656570 
 2186      00
 2187              	.LASF87:
 2188 0405 43757452 		.ascii	"CutReg\000"
ARM GAS  C:\Users\PANXIA~1\AppData\Local\Temp\ccyZCjWm.s 			page 46


 2188      656700
 2189              	.LASF55:
 2190 040c 53546F44 		.ascii	"SToDotFlag\000"
 2190      6F74466C 
 2190      616700
 2191              	.LASF60:
 2192 0417 43414E5F 		.ascii	"CAN_PORT\000"
 2192      504F5254 
 2192      00
 2193              	.LASF62:
 2194 0420 436F6E66 		.ascii	"Config_para\000"
 2194      69675F70 
 2194      61726100 
 2195              	.LASF21:
 2196 042c 73697A65 		.ascii	"sizetype\000"
 2196      74797065 
 2196      00
 2197              	.LASF8:
 2198 0435 6C6F6E67 		.ascii	"long unsigned int\000"
 2198      20756E73 
 2198      69676E65 
 2198      6420696E 
 2198      7400
 2199              	.LASF13:
 2200 0447 696E7433 		.ascii	"int32_t\000"
 2200      325F7400 
 2201              	.LASF90:
 2202 044f 53797374 		.ascii	"System_enable\000"
 2202      656D5F65 
 2202      6E61626C 
 2202      6500
 2203              	.LASF96:
 2204 045d 496E6974 		.ascii	"Init_Stroke_Timer\000"
 2204      5F537472 
 2204      6F6B655F 
 2204      54696D65 
 2204      7200
 2205              	.LASF32:
 2206 046f 4A6F6756 		.ascii	"JogVSlow\000"
 2206      536C6F77 
 2206      00
 2207              	.LASF23:
 2208 0478 62797465 		.ascii	"byte\000"
 2208      00
 2209              	.LASF1:
 2210 047d 756E7369 		.ascii	"unsigned char\000"
 2210      676E6564 
 2210      20636861 
 2210      7200
 2211              	.LASF7:
 2212 048b 5F5F7569 		.ascii	"__uint32_t\000"
 2212      6E743332 
 2212      5F7400
 2213              	.LASF108:
 2214 0496 474E5520 		.ascii	"GNU C 4.9.3 20150303 (release) [ARM/embedded-4_9-br"
 2214      4320342E 
 2214      392E3320 
ARM GAS  C:\Users\PANXIA~1\AppData\Local\Temp\ccyZCjWm.s 			page 47


 2214      32303135 
 2214      30333033 
 2215 04c9 616E6368 		.ascii	"anch revision 221220] -mcpu=cortex-m3 -mthumb -g -O"
 2215      20726576 
 2215      6973696F 
 2215      6E203232 
 2215      31323230 
 2216 04fc 67202D66 		.ascii	"g -ffunction-sections -ffat-lto-objects\000"
 2216      66756E63 
 2216      74696F6E 
 2216      2D736563 
 2216      74696F6E 
 2217              	.LASF35:
 2218 0524 4A6F6756 		.ascii	"JogVBack\000"
 2218      4261636B 
 2218      00
 2219              	.LASF37:
 2220 052d 56414C56 		.ascii	"VALVE_ACTION_ENUM\000"
 2220      455F4143 
 2220      54494F4E 
 2220      5F454E55 
 2220      4D00
 2221              	.LASF41:
 2222 053f 57616974 		.ascii	"WaitNoFoot\000"
 2222      4E6F466F 
 2222      6F7400
 2223              	.LASF113:
 2224 054a 43414E5F 		.ascii	"CAN_1_SendMsg\000"
 2224      315F5365 
 2224      6E644D73 
 2224      6700
 2225              	.LASF39:
 2226 0558 5374726F 		.ascii	"StrokeStart\000"
 2226      6B655374 
 2226      61727400 
 2227              	.LASF0:
 2228 0564 7369676E 		.ascii	"signed char\000"
 2228      65642063 
 2228      68617200 
 2229              	.LASF88:
 2230 0570 466F6F74 		.ascii	"FootStart_state\000"
 2230      53746172 
 2230      745F7374 
 2230      61746500 
 2231              	.LASF3:
 2232 0580 73686F72 		.ascii	"short unsigned int\000"
 2232      7420756E 
 2232      7369676E 
 2232      65642069 
 2232      6E7400
 2233              	.LASF112:
 2234 0593 6D61696E 		.ascii	"main\000"
 2234      00
 2235              	.LASF15:
 2236 0598 75696E74 		.ascii	"uint8\000"
 2236      3800
 2237              	.LASF19:
ARM GAS  C:\Users\PANXIA~1\AppData\Local\Temp\ccyZCjWm.s 			page 48


 2238 059e 646F7562 		.ascii	"double\000"
 2238      6C6500
 2239              	.LASF57:
 2240 05a5 636F625F 		.ascii	"cob_id\000"
 2240      696400
 2241              	.LASF34:
 2242 05ac 4A6F6756 		.ascii	"JogVUnload\000"
 2242      556E6C6F 
 2242      616400
 2243              	.LASF50:
 2244 05b7 43757453 		.ascii	"CutStatus\000"
 2244      74617475 
 2244      7300
 2245              	.LASF36:
 2246 05c1 4A6F6756 		.ascii	"JogVStop\000"
 2246      53746F70 
 2246      00
 2247              	.LASF74:
 2248 05ca 44617461 		.ascii	"Data\000"
 2248      00
 2249              	.LASF109:
 2250 05cf 2E5C6D61 		.ascii	".\\main.c\000"
 2250      696E2E63 
 2250      00
 2251              	.LASF54:
 2252 05d8 56616C76 		.ascii	"ValveNum\000"
 2252      654E756D 
 2252      00
 2253              		.ident	"GCC: (GNU Tools for ARM Embedded Processors) 4.9.3 20150303 (release) [ARM/embedded-4_9-br
