ARM GAS  C:\Users\pxc\AppData\Local\Temp\cc1IEE5o.s 			page 1


   1              		.syntax unified
   2              		.cpu cortex-m3
   3              		.fpu softvfp
   4              		.eabi_attribute 20, 1
   5              		.eabi_attribute 21, 1
   6              		.eabi_attribute 23, 3
   7              		.eabi_attribute 24, 1
   8              		.eabi_attribute 25, 1
   9              		.eabi_attribute 26, 1
  10              		.eabi_attribute 30, 1
  11              		.eabi_attribute 34, 1
  12              		.eabi_attribute 18, 4
  13              		.thumb
  14              		.file	"nmtMaster.c"
  15              		.text
  16              	.Ltext0:
  17              		.cfi_sections	.debug_frame
  18              		.section	.text.masterSendNMTstateChange,"ax",%progbits
  19              		.align	2
  20              		.global	masterSendNMTstateChange
  21              		.thumb
  22              		.thumb_func
  23              		.type	masterSendNMTstateChange, %function
  24              	masterSendNMTstateChange:
  25              	.LFB0:
  26              		.file 1 ".\\nmtMaster.c"
   1:.\nmtMaster.c **** /* ========================================
   2:.\nmtMaster.c ****  *
   3:.\nmtMaster.c ****  * Copyright YOUR COMPANY, THE YEAR
   4:.\nmtMaster.c ****  * All Rights Reserved
   5:.\nmtMaster.c ****  * UNPUBLISHED, LICENSED SOFTWARE.
   6:.\nmtMaster.c ****  *
   7:.\nmtMaster.c ****  * CONFIDENTIAL AND PROPRIETARY INFORMATION
   8:.\nmtMaster.c ****  * WHICH IS THE PROPERTY OF your company.
   9:.\nmtMaster.c ****  *
  10:.\nmtMaster.c ****  * ========================================
  11:.\nmtMaster.c **** */
  12:.\nmtMaster.c **** 
  13:.\nmtMaster.c **** /* [] END OF FILE */
  14:.\nmtMaster.c **** 
  15:.\nmtMaster.c **** /*!
  16:.\nmtMaster.c **** ** @file   nmtMaster.c
  17:.\nmtMaster.c **** ** @author Edouard TISSERANT and Francis DUPIN
  18:.\nmtMaster.c **** ** @date   Tue Jun  5 08:47:18 2007
  19:.\nmtMaster.c **** **
  20:.\nmtMaster.c **** ** @brief
  21:.\nmtMaster.c **** **
  22:.\nmtMaster.c **** **
  23:.\nmtMaster.c **** */
  24:.\nmtMaster.c **** #include "nmtMaster.h"
  25:.\nmtMaster.c **** #include "canfestival.h"
  26:.\nmtMaster.c **** #include "sysdep.h"
  27:.\nmtMaster.c **** 
  28:.\nmtMaster.c **** /*!
  29:.\nmtMaster.c **** **
  30:.\nmtMaster.c **** **
  31:.\nmtMaster.c **** ** @param d
ARM GAS  C:\Users\pxc\AppData\Local\Temp\cc1IEE5o.s 			page 2


  32:.\nmtMaster.c **** ** @param Node_ID
  33:.\nmtMaster.c **** ** @param cs
  34:.\nmtMaster.c **** **
  35:.\nmtMaster.c **** ** @return
  36:.\nmtMaster.c **** **/
  37:.\nmtMaster.c **** UNS8 masterSendNMTstateChange(CO_Data* d, UNS8 Node_ID, UNS8 cs)
  38:.\nmtMaster.c **** {
  27              		.loc 1 38 0
  28              		.cfi_startproc
  29              		@ args = 0, pretend = 0, frame = 16
  30              		@ frame_needed = 0, uses_anonymous_args = 0
  31              	.LVL0:
  32 0000 00B5     		push	{lr}
  33              		.cfi_def_cfa_offset 4
  34              		.cfi_offset 14, -4
  35 0002 85B0     		sub	sp, sp, #20
  36              		.cfi_def_cfa_offset 24
  39:.\nmtMaster.c ****   Message m;
  40:.\nmtMaster.c **** 
  41:.\nmtMaster.c ****   MSG_WAR(0x3501, "Send_NMT cs : ", cs);
  42:.\nmtMaster.c ****   MSG_WAR(0x3502, "    to node : ", Node_ID);
  43:.\nmtMaster.c ****   /* message configuration */
  44:.\nmtMaster.c ****   m.cob_id = 0x0000; /*(NMT) << 7*/
  37              		.loc 1 44 0
  38 0004 0023     		movs	r3, #0
  39 0006 ADF80430 		strh	r3, [sp, #4]	@ movhi
  45:.\nmtMaster.c ****   m.rtr = NOT_A_REQUEST;
  40              		.loc 1 45 0
  41 000a 8DF80630 		strb	r3, [sp, #6]
  46:.\nmtMaster.c ****   m.len = 2;
  42              		.loc 1 46 0
  43 000e 0223     		movs	r3, #2
  44 0010 8DF80730 		strb	r3, [sp, #7]
  47:.\nmtMaster.c ****   m.data[0] = cs;
  45              		.loc 1 47 0
  46 0014 8DF80820 		strb	r2, [sp, #8]
  48:.\nmtMaster.c ****   m.data[1] = Node_ID;
  47              		.loc 1 48 0
  48 0018 8DF80910 		strb	r1, [sp, #9]
  49:.\nmtMaster.c **** 
  50:.\nmtMaster.c ****   return canSend(d->canHandle,&m);
  49              		.loc 1 50 0
  50 001c D0F85001 		ldr	r0, [r0, #336]
  51              	.LVL1:
  52 0020 01A9     		add	r1, sp, #4
  53              	.LVL2:
  54 0022 FFF7FEFF 		bl	canSend
  55              	.LVL3:
  51:.\nmtMaster.c **** }
  56              		.loc 1 51 0
  57 0026 05B0     		add	sp, sp, #20
  58              		.cfi_def_cfa_offset 4
  59              		@ sp needed
  60 0028 5DF804FB 		ldr	pc, [sp], #4
  61              		.cfi_endproc
  62              	.LFE0:
  63              		.size	masterSendNMTstateChange, .-masterSendNMTstateChange
ARM GAS  C:\Users\pxc\AppData\Local\Temp\cc1IEE5o.s 			page 3


  64              		.section	.text.masterSendNMTnodeguard,"ax",%progbits
  65              		.align	2
  66              		.global	masterSendNMTnodeguard
  67              		.thumb
  68              		.thumb_func
  69              		.type	masterSendNMTnodeguard, %function
  70              	masterSendNMTnodeguard:
  71              	.LFB1:
  52:.\nmtMaster.c **** 
  53:.\nmtMaster.c **** 
  54:.\nmtMaster.c **** /*!
  55:.\nmtMaster.c **** **
  56:.\nmtMaster.c **** **
  57:.\nmtMaster.c **** ** @param d
  58:.\nmtMaster.c **** ** @param nodeId
  59:.\nmtMaster.c **** **
  60:.\nmtMaster.c **** ** @return
  61:.\nmtMaster.c **** **/
  62:.\nmtMaster.c **** UNS8 masterSendNMTnodeguard(CO_Data* d, UNS8 nodeId)
  63:.\nmtMaster.c **** {
  72              		.loc 1 63 0
  73              		.cfi_startproc
  74              		@ args = 0, pretend = 0, frame = 16
  75              		@ frame_needed = 0, uses_anonymous_args = 0
  76              	.LVL4:
  77 0000 00B5     		push	{lr}
  78              		.cfi_def_cfa_offset 4
  79              		.cfi_offset 14, -4
  80 0002 85B0     		sub	sp, sp, #20
  81              		.cfi_def_cfa_offset 24
  64:.\nmtMaster.c ****   Message m;
  65:.\nmtMaster.c **** 
  66:.\nmtMaster.c ****   /* message configuration */
  67:.\nmtMaster.c ****   UNS16 tmp = nodeId | (NODE_GUARD << 7);
  82              		.loc 1 67 0
  83 0004 41F4E061 		orr	r1, r1, #1792
  84              	.LVL5:
  68:.\nmtMaster.c ****   m.cob_id = UNS16_LE(tmp);
  85              		.loc 1 68 0
  86 0008 ADF80410 		strh	r1, [sp, #4]	@ movhi
  69:.\nmtMaster.c ****   m.rtr = REQUEST;
  87              		.loc 1 69 0
  88 000c 0123     		movs	r3, #1
  89 000e 8DF80630 		strb	r3, [sp, #6]
  70:.\nmtMaster.c ****   m.len = 0;
  90              		.loc 1 70 0
  91 0012 0023     		movs	r3, #0
  92 0014 8DF80730 		strb	r3, [sp, #7]
  71:.\nmtMaster.c **** 
  72:.\nmtMaster.c ****   MSG_WAR(0x3503, "Send_NODE_GUARD to node : ", nodeId);
  73:.\nmtMaster.c **** 
  74:.\nmtMaster.c ****   return canSend(d->canHandle,&m);
  93              		.loc 1 74 0
  94 0018 D0F85001 		ldr	r0, [r0, #336]
  95              	.LVL6:
  96 001c 01A9     		add	r1, sp, #4
  97              	.LVL7:
ARM GAS  C:\Users\pxc\AppData\Local\Temp\cc1IEE5o.s 			page 4


  98 001e FFF7FEFF 		bl	canSend
  99              	.LVL8:
  75:.\nmtMaster.c **** }
 100              		.loc 1 75 0
 101 0022 05B0     		add	sp, sp, #20
 102              		.cfi_def_cfa_offset 4
 103              		@ sp needed
 104 0024 5DF804FB 		ldr	pc, [sp], #4
 105              		.cfi_endproc
 106              	.LFE1:
 107              		.size	masterSendNMTnodeguard, .-masterSendNMTnodeguard
 108              		.section	.text.masterRequestNodeState,"ax",%progbits
 109              		.align	2
 110              		.global	masterRequestNodeState
 111              		.thumb
 112              		.thumb_func
 113              		.type	masterRequestNodeState, %function
 114              	masterRequestNodeState:
 115              	.LFB2:
  76:.\nmtMaster.c **** 
  77:.\nmtMaster.c **** /*!
  78:.\nmtMaster.c **** **
  79:.\nmtMaster.c **** **
  80:.\nmtMaster.c **** ** @param d
  81:.\nmtMaster.c **** ** @param nodeId
  82:.\nmtMaster.c **** **
  83:.\nmtMaster.c **** ** @return
  84:.\nmtMaster.c **** **/
  85:.\nmtMaster.c **** UNS8 masterRequestNodeState(CO_Data* d, UNS8 nodeId)
  86:.\nmtMaster.c **** {
 116              		.loc 1 86 0
 117              		.cfi_startproc
 118              		@ args = 0, pretend = 0, frame = 0
 119              		@ frame_needed = 0, uses_anonymous_args = 0
 120              	.LVL9:
 121 0000 10B5     		push	{r4, lr}
 122              		.cfi_def_cfa_offset 8
 123              		.cfi_offset 4, -8
 124              		.cfi_offset 14, -4
  87:.\nmtMaster.c ****   /* FIXME: should warn for bad toggle bit. */
  88:.\nmtMaster.c **** 
  89:.\nmtMaster.c ****   /* NMTable configuration to indicate that the master is waiting
  90:.\nmtMaster.c ****     for a Node_Guard frame from the slave whose node_id is ID
  91:.\nmtMaster.c ****   */
  92:.\nmtMaster.c ****   d->NMTable[nodeId] = Unknown_state; /* A state that does not exist*/
 125              		.loc 1 92 0
 126 0002 4318     		adds	r3, r0, r1
 127 0004 0F22     		movs	r2, #15
 128 0006 83F8B020 		strb	r2, [r3, #176]
  93:.\nmtMaster.c ****   if (nodeId == 0) { /* NMT broadcast */
 129              		.loc 1 93 0
 130 000a 39B1     		cbz	r1, .L9
 131              	.LBB2:
 132 000c 0AE0     		b	.L7
 133              	.LVL10:
 134              	.L8:
  94:.\nmtMaster.c ****     UNS8 i = 0;
ARM GAS  C:\Users\pxc\AppData\Local\Temp\cc1IEE5o.s 			page 5


  95:.\nmtMaster.c ****     for (i = 0 ; i < NMT_MAX_NODE_ID ; i++) {
  96:.\nmtMaster.c ****       d->NMTable[i] = Unknown_state;
 135              		.loc 1 96 0 discriminator 3
 136 000e C218     		adds	r2, r0, r3
 137 0010 0F24     		movs	r4, #15
 138 0012 82F8B040 		strb	r4, [r2, #176]
  95:.\nmtMaster.c ****       d->NMTable[i] = Unknown_state;
 139              		.loc 1 95 0 discriminator 3
 140 0016 0133     		adds	r3, r3, #1
 141              	.LVL11:
 142 0018 DBB2     		uxtb	r3, r3
 143              	.LVL12:
 144 001a 00E0     		b	.L6
 145              	.LVL13:
 146              	.L9:
 147              	.LBE2:
 148 001c 0023     		movs	r3, #0
 149              	.L6:
 150              	.LVL14:
 151              	.LBB3:
  95:.\nmtMaster.c ****       d->NMTable[i] = Unknown_state;
 152              		.loc 1 95 0 is_stmt 0 discriminator 1
 153 001e 13F0800F 		tst	r3, #128
 154 0022 F4D0     		beq	.L8
 155              	.LVL15:
 156              	.L7:
 157              	.LBE3:
  97:.\nmtMaster.c ****     }
  98:.\nmtMaster.c ****   }
  99:.\nmtMaster.c ****   return masterSendNMTnodeguard(d,nodeId);
 158              		.loc 1 99 0 is_stmt 1
 159 0024 FFF7FEFF 		bl	masterSendNMTnodeguard
 160              	.LVL16:
 100:.\nmtMaster.c **** }
 161              		.loc 1 100 0
 162 0028 10BD     		pop	{r4, pc}
 163              		.cfi_endproc
 164              	.LFE2:
 165              		.size	masterRequestNodeState, .-masterRequestNodeState
 166 002a 00BF     		.text
 167              	.Letext0:
 168              		.file 2 ".\\data.h"
 169              		.file 3 ".\\can.h"
 170              		.file 4 ".\\applicfg.h"
 171              		.file 5 ".\\objdictdef.h"
 172              		.file 6 ".\\objacces.h"
 173              		.file 7 ".\\sdo.h"
 174              		.file 8 ".\\pdo.h"
 175              		.file 9 ".\\states.h"
 176              		.file 10 ".\\lifegrd.h"
 177              		.file 11 ".\\sync.h"
 178              		.file 12 ".\\emcy.h"
 179              		.file 13 ".\\canfestival.h"
 180              		.section	.debug_info,"",%progbits
 181              	.Ldebug_info0:
 182 0000 510A0000 		.4byte	0xa51
 183 0004 0400     		.2byte	0x4
ARM GAS  C:\Users\pxc\AppData\Local\Temp\cc1IEE5o.s 			page 6


 184 0006 00000000 		.4byte	.Ldebug_abbrev0
 185 000a 04       		.byte	0x4
 186 000b 01       		.uleb128 0x1
 187 000c 6C070000 		.4byte	.LASF164
 188 0010 01       		.byte	0x1
 189 0011 4A030000 		.4byte	.LASF165
 190 0015 74040000 		.4byte	.LASF166
 191 0019 18000000 		.4byte	.Ldebug_ranges0+0x18
 192 001d 00000000 		.4byte	0
 193 0021 00000000 		.4byte	.Ldebug_line0
 194 0025 02       		.uleb128 0x2
 195 0026 07090000 		.4byte	.LASF64
 196 002a 02       		.byte	0x2
 197 002b 2C       		.byte	0x2c
 198 002c 30000000 		.4byte	0x30
 199 0030 03       		.uleb128 0x3
 200 0031 4C000000 		.4byte	.LASF67
 201 0035 AC01     		.2byte	0x1ac
 202 0037 02       		.byte	0x2
 203 0038 44       		.byte	0x44
 204 0039 BB020000 		.4byte	0x2bb
 205 003d 04       		.uleb128 0x4
 206 003e FE050000 		.4byte	.LASF0
 207 0042 02       		.byte	0x2
 208 0043 46       		.byte	0x46
 209 0044 0A030000 		.4byte	0x30a
 210 0048 00       		.byte	0
 211 0049 04       		.uleb128 0x4
 212 004a ED050000 		.4byte	.LASF1
 213 004e 02       		.byte	0x2
 214 004f 47       		.byte	0x47
 215 0050 96040000 		.4byte	0x496
 216 0054 04       		.byte	0x4
 217 0055 04       		.uleb128 0x4
 218 0056 14030000 		.4byte	.LASF2
 219 005a 02       		.byte	0x2
 220 005b 48       		.byte	0x48
 221 005c C4080000 		.4byte	0x8c4
 222 0060 08       		.byte	0x8
 223 0061 04       		.uleb128 0x4
 224 0062 24060000 		.4byte	.LASF3
 225 0066 02       		.byte	0x2
 226 0067 49       		.byte	0x49
 227 0068 CA080000 		.4byte	0x8ca
 228 006c 0C       		.byte	0xc
 229 006d 04       		.uleb128 0x4
 230 006e 0C000000 		.4byte	.LASF4
 231 0072 02       		.byte	0x2
 232 0073 4A       		.byte	0x4a
 233 0074 28050000 		.4byte	0x528
 234 0078 10       		.byte	0x10
 235 0079 04       		.uleb128 0x4
 236 007a D2060000 		.4byte	.LASF5
 237 007e 02       		.byte	0x2
 238 007f 4B       		.byte	0x4b
 239 0080 D0080000 		.4byte	0x8d0
 240 0084 14       		.byte	0x14
ARM GAS  C:\Users\pxc\AppData\Local\Temp\cc1IEE5o.s 			page 7


 241 0085 04       		.uleb128 0x4
 242 0086 A4000000 		.4byte	.LASF6
 243 008a 02       		.byte	0x2
 244 008b 4C       		.byte	0x4c
 245 008c D0080000 		.4byte	0x8d0
 246 0090 18       		.byte	0x18
 247 0091 04       		.uleb128 0x4
 248 0092 C6060000 		.4byte	.LASF7
 249 0096 02       		.byte	0x2
 250 0097 4D       		.byte	0x4d
 251 0098 DB080000 		.4byte	0x8db
 252 009c 1C       		.byte	0x1c
 253 009d 04       		.uleb128 0x4
 254 009e ED040000 		.4byte	.LASF8
 255 00a2 02       		.byte	0x2
 256 00a3 4E       		.byte	0x4e
 257 00a4 E6080000 		.4byte	0x8e6
 258 00a8 20       		.byte	0x20
 259 00a9 04       		.uleb128 0x4
 260 00aa 8C010000 		.4byte	.LASF9
 261 00ae 02       		.byte	0x2
 262 00af 4F       		.byte	0x4f
 263 00b0 DD040000 		.4byte	0x4dd
 264 00b4 24       		.byte	0x24
 265 00b5 04       		.uleb128 0x4
 266 00b6 8F060000 		.4byte	.LASF10
 267 00ba 02       		.byte	0x2
 268 00bb 52       		.byte	0x52
 269 00bc F1080000 		.4byte	0x8f1
 270 00c0 28       		.byte	0x28
 271 00c1 04       		.uleb128 0x4
 272 00c2 CC080000 		.4byte	.LASF11
 273 00c6 02       		.byte	0x2
 274 00c7 56       		.byte	0x56
 275 00c8 3B070000 		.4byte	0x73b
 276 00cc 78       		.byte	0x78
 277 00cd 04       		.uleb128 0x4
 278 00ce B0030000 		.4byte	.LASF12
 279 00d2 02       		.byte	0x2
 280 00d3 57       		.byte	0x57
 281 00d4 A3070000 		.4byte	0x7a3
 282 00d8 79       		.byte	0x79
 283 00d9 04       		.uleb128 0x4
 284 00da 2C070000 		.4byte	.LASF13
 285 00de 02       		.byte	0x2
 286 00df 58       		.byte	0x58
 287 00e0 AE070000 		.4byte	0x7ae
 288 00e4 80       		.byte	0x80
 289 00e5 04       		.uleb128 0x4
 290 00e6 2C020000 		.4byte	.LASF14
 291 00ea 02       		.byte	0x2
 292 00eb 59       		.byte	0x59
 293 00ec CA070000 		.4byte	0x7ca
 294 00f0 84       		.byte	0x84
 295 00f1 04       		.uleb128 0x4
 296 00f2 58030000 		.4byte	.LASF15
 297 00f6 02       		.byte	0x2
ARM GAS  C:\Users\pxc\AppData\Local\Temp\cc1IEE5o.s 			page 8


 298 00f7 5A       		.byte	0x5a
 299 00f8 D5070000 		.4byte	0x7d5
 300 00fc 88       		.byte	0x88
 301 00fd 04       		.uleb128 0x4
 302 00fe 1F080000 		.4byte	.LASF16
 303 0102 02       		.byte	0x2
 304 0103 5B       		.byte	0x5b
 305 0104 E0070000 		.4byte	0x7e0
 306 0108 8C       		.byte	0x8c
 307 0109 04       		.uleb128 0x4
 308 010a F6000000 		.4byte	.LASF17
 309 010e 02       		.byte	0x2
 310 010f 5C       		.byte	0x5c
 311 0110 B9070000 		.4byte	0x7b9
 312 0114 90       		.byte	0x90
 313 0115 04       		.uleb128 0x4
 314 0116 DD060000 		.4byte	.LASF18
 315 011a 02       		.byte	0x2
 316 011b 5D       		.byte	0x5d
 317 011c B9070000 		.4byte	0x7b9
 318 0120 94       		.byte	0x94
 319 0121 04       		.uleb128 0x4
 320 0122 0C020000 		.4byte	.LASF19
 321 0126 02       		.byte	0x2
 322 0127 60       		.byte	0x60
 323 0128 0A030000 		.4byte	0x30a
 324 012c 98       		.byte	0x98
 325 012d 04       		.uleb128 0x4
 326 012e 5F080000 		.4byte	.LASF20
 327 0132 02       		.byte	0x2
 328 0133 61       		.byte	0x61
 329 0134 CB040000 		.4byte	0x4cb
 330 0138 9C       		.byte	0x9c
 331 0139 04       		.uleb128 0x4
 332 013a 28040000 		.4byte	.LASF21
 333 013e 02       		.byte	0x2
 334 013f 62       		.byte	0x62
 335 0140 CA080000 		.4byte	0x8ca
 336 0144 A0       		.byte	0xa0
 337 0145 04       		.uleb128 0x4
 338 0146 8B080000 		.4byte	.LASF22
 339 014a 02       		.byte	0x2
 340 014b 63       		.byte	0x63
 341 014c 01090000 		.4byte	0x901
 342 0150 A4       		.byte	0xa4
 343 0151 04       		.uleb128 0x4
 344 0152 AB020000 		.4byte	.LASF23
 345 0156 02       		.byte	0x2
 346 0157 64       		.byte	0x64
 347 0158 D7020000 		.4byte	0x2d7
 348 015c A8       		.byte	0xa8
 349 015d 04       		.uleb128 0x4
 350 015e B1050000 		.4byte	.LASF24
 351 0162 02       		.byte	0x2
 352 0163 65       		.byte	0x65
 353 0164 EB070000 		.4byte	0x7eb
 354 0168 AC       		.byte	0xac
ARM GAS  C:\Users\pxc\AppData\Local\Temp\cc1IEE5o.s 			page 9


 355 0169 04       		.uleb128 0x4
 356 016a 01030000 		.4byte	.LASF25
 357 016e 02       		.byte	0x2
 358 016f 66       		.byte	0x66
 359 0170 07090000 		.4byte	0x907
 360 0174 B0       		.byte	0xb0
 361 0175 05       		.uleb128 0x5
 362 0176 5C040000 		.4byte	.LASF26
 363 017a 02       		.byte	0x2
 364 017b 69       		.byte	0x69
 365 017c D7020000 		.4byte	0x2d7
 366 0180 3001     		.2byte	0x130
 367 0182 05       		.uleb128 0x5
 368 0183 F6030000 		.4byte	.LASF27
 369 0187 02       		.byte	0x2
 370 0188 6A       		.byte	0x6a
 371 0189 CB040000 		.4byte	0x4cb
 372 018d 3401     		.2byte	0x134
 373 018f 05       		.uleb128 0x5
 374 0190 05070000 		.4byte	.LASF28
 375 0194 02       		.byte	0x2
 376 0195 6B       		.byte	0x6b
 377 0196 CB040000 		.4byte	0x4cb
 378 019a 3801     		.2byte	0x138
 379 019c 05       		.uleb128 0x5
 380 019d 85030000 		.4byte	.LASF29
 381 01a1 02       		.byte	0x2
 382 01a2 6D       		.byte	0x6d
 383 01a3 27080000 		.4byte	0x827
 384 01a7 3C01     		.2byte	0x13c
 385 01a9 05       		.uleb128 0x5
 386 01aa 46040000 		.4byte	.LASF30
 387 01ae 02       		.byte	0x2
 388 01af 6E       		.byte	0x6e
 389 01b0 32080000 		.4byte	0x832
 390 01b4 4001     		.2byte	0x140
 391 01b6 05       		.uleb128 0x5
 392 01b7 1E010000 		.4byte	.LASF31
 393 01bb 02       		.byte	0x2
 394 01bc 6F       		.byte	0x6f
 395 01bd F6070000 		.4byte	0x7f6
 396 01c1 4401     		.2byte	0x144
 397 01c3 05       		.uleb128 0x5
 398 01c4 79060000 		.4byte	.LASF32
 399 01c8 02       		.byte	0x2
 400 01c9 70       		.byte	0x70
 401 01ca 01080000 		.4byte	0x801
 402 01ce 4801     		.2byte	0x148
 403 01d0 05       		.uleb128 0x5
 404 01d1 F9040000 		.4byte	.LASF33
 405 01d5 02       		.byte	0x2
 406 01d6 73       		.byte	0x73
 407 01d7 D0020000 		.4byte	0x2d0
 408 01db 4C01     		.2byte	0x14c
 409 01dd 05       		.uleb128 0x5
 410 01de 2F010000 		.4byte	.LASF34
 411 01e2 02       		.byte	0x2
ARM GAS  C:\Users\pxc\AppData\Local\Temp\cc1IEE5o.s 			page 10


 412 01e3 74       		.byte	0x74
 413 01e4 71030000 		.4byte	0x371
 414 01e8 5001     		.2byte	0x150
 415 01ea 05       		.uleb128 0x5
 416 01eb CE050000 		.4byte	.LASF35
 417 01ef 02       		.byte	0x2
 418 01f0 75       		.byte	0x75
 419 01f1 A1040000 		.4byte	0x4a1
 420 01f5 5401     		.2byte	0x154
 421 01f7 05       		.uleb128 0x5
 422 01f8 BC080000 		.4byte	.LASF36
 423 01fc 02       		.byte	0x2
 424 01fd 76       		.byte	0x76
 425 01fe 02050000 		.4byte	0x502
 426 0202 5801     		.2byte	0x158
 427 0204 05       		.uleb128 0x5
 428 0205 89000000 		.4byte	.LASF37
 429 0209 02       		.byte	0x2
 430 020a 79       		.byte	0x79
 431 020b 96040000 		.4byte	0x496
 432 020f 5C01     		.2byte	0x15c
 433 0211 05       		.uleb128 0x5
 434 0212 98020000 		.4byte	.LASF38
 435 0216 02       		.byte	0x2
 436 0217 7A       		.byte	0x7a
 437 0218 0A030000 		.4byte	0x30a
 438 021c 6001     		.2byte	0x160
 439 021e 05       		.uleb128 0x5
 440 021f B4060000 		.4byte	.LASF39
 441 0223 02       		.byte	0x2
 442 0224 7B       		.byte	0x7b
 443 0225 EC020000 		.4byte	0x2ec
 444 0229 6401     		.2byte	0x164
 445 022b 05       		.uleb128 0x5
 446 022c CB020000 		.4byte	.LASF40
 447 0230 02       		.byte	0x2
 448 0231 7C       		.byte	0x7c
 449 0232 D0020000 		.4byte	0x2d0
 450 0236 6801     		.2byte	0x168
 451 0238 05       		.uleb128 0x5
 452 0239 DA050000 		.4byte	.LASF41
 453 023d 02       		.byte	0x2
 454 023e 7D       		.byte	0x7d
 455 023f EC020000 		.4byte	0x2ec
 456 0243 6C01     		.2byte	0x16c
 457 0245 05       		.uleb128 0x5
 458 0246 13040000 		.4byte	.LASF42
 459 024a 02       		.byte	0x2
 460 024b 7E       		.byte	0x7e
 461 024c 0A030000 		.4byte	0x30a
 462 0250 7001     		.2byte	0x170
 463 0252 05       		.uleb128 0x5
 464 0253 1C040000 		.4byte	.LASF43
 465 0257 02       		.byte	0x2
 466 0258 81       		.byte	0x81
 467 0259 56080000 		.4byte	0x856
 468 025d 7401     		.2byte	0x174
ARM GAS  C:\Users\pxc\AppData\Local\Temp\cc1IEE5o.s 			page 11


 469 025f 05       		.uleb128 0x5
 470 0260 58020000 		.4byte	.LASF44
 471 0264 02       		.byte	0x2
 472 0265 82       		.byte	0x82
 473 0266 D0020000 		.4byte	0x2d0
 474 026a 7501     		.2byte	0x175
 475 026c 05       		.uleb128 0x5
 476 026d E9030000 		.4byte	.LASF45
 477 0271 02       		.byte	0x2
 478 0272 83       		.byte	0x83
 479 0273 0A030000 		.4byte	0x30a
 480 0277 7801     		.2byte	0x178
 481 0279 05       		.uleb128 0x5
 482 027a 9B010000 		.4byte	.LASF46
 483 027e 02       		.byte	0x2
 484 027f 84       		.byte	0x84
 485 0280 CB040000 		.4byte	0x4cb
 486 0284 7C01     		.2byte	0x17c
 487 0286 05       		.uleb128 0x5
 488 0287 DA030000 		.4byte	.LASF47
 489 028b 02       		.byte	0x2
 490 028c 85       		.byte	0x85
 491 028d 0A030000 		.4byte	0x30a
 492 0291 8001     		.2byte	0x180
 493 0293 05       		.uleb128 0x5
 494 0294 52070000 		.4byte	.LASF48
 495 0298 02       		.byte	0x2
 496 0299 86       		.byte	0x86
 497 029a CB040000 		.4byte	0x4cb
 498 029e 8401     		.2byte	0x184
 499 02a0 05       		.uleb128 0x5
 500 02a1 D6080000 		.4byte	.LASF49
 501 02a5 02       		.byte	0x2
 502 02a6 87       		.byte	0x87
 503 02a7 17090000 		.4byte	0x917
 504 02ab 8801     		.2byte	0x188
 505 02ad 05       		.uleb128 0x5
 506 02ae 27080000 		.4byte	.LASF50
 507 02b2 02       		.byte	0x2
 508 02b3 88       		.byte	0x88
 509 02b4 99080000 		.4byte	0x899
 510 02b8 A801     		.2byte	0x1a8
 511 02ba 00       		.byte	0
 512 02bb 06       		.uleb128 0x6
 513 02bc 04       		.byte	0x4
 514 02bd 05       		.byte	0x5
 515 02be 696E7400 		.ascii	"int\000"
 516 02c2 07       		.uleb128 0x7
 517 02c3 04       		.byte	0x4
 518 02c4 07       		.byte	0x7
 519 02c5 5B000000 		.4byte	.LASF51
 520 02c9 07       		.uleb128 0x7
 521 02ca 01       		.byte	0x1
 522 02cb 06       		.byte	0x6
 523 02cc 53080000 		.4byte	.LASF52
 524 02d0 07       		.uleb128 0x7
 525 02d1 01       		.byte	0x1
ARM GAS  C:\Users\pxc\AppData\Local\Temp\cc1IEE5o.s 			page 12


 526 02d2 08       		.byte	0x8
 527 02d3 5E070000 		.4byte	.LASF53
 528 02d7 07       		.uleb128 0x7
 529 02d8 02       		.byte	0x2
 530 02d9 05       		.byte	0x5
 531 02da E3050000 		.4byte	.LASF54
 532 02de 07       		.uleb128 0x7
 533 02df 02       		.byte	0x2
 534 02e0 07       		.byte	0x7
 535 02e1 78080000 		.4byte	.LASF55
 536 02e5 07       		.uleb128 0x7
 537 02e6 04       		.byte	0x4
 538 02e7 05       		.byte	0x5
 539 02e8 F5050000 		.4byte	.LASF56
 540 02ec 07       		.uleb128 0x7
 541 02ed 04       		.byte	0x4
 542 02ee 07       		.byte	0x7
 543 02ef A2060000 		.4byte	.LASF57
 544 02f3 07       		.uleb128 0x7
 545 02f4 08       		.byte	0x8
 546 02f5 05       		.byte	0x5
 547 02f6 66040000 		.4byte	.LASF58
 548 02fa 07       		.uleb128 0x7
 549 02fb 08       		.byte	0x8
 550 02fc 07       		.byte	0x7
 551 02fd F5010000 		.4byte	.LASF59
 552 0301 07       		.uleb128 0x7
 553 0302 04       		.byte	0x4
 554 0303 07       		.byte	0x7
 555 0304 99060000 		.4byte	.LASF60
 556 0308 08       		.uleb128 0x8
 557 0309 04       		.byte	0x4
 558 030a 09       		.uleb128 0x9
 559 030b 04       		.byte	0x4
 560 030c D0020000 		.4byte	0x2d0
 561 0310 07       		.uleb128 0x7
 562 0311 01       		.byte	0x1
 563 0312 08       		.byte	0x8
 564 0313 97030000 		.4byte	.LASF61
 565 0317 0A       		.uleb128 0xa
 566 0318 0C       		.byte	0xc
 567 0319 03       		.byte	0x3
 568 031a 15       		.byte	0x15
 569 031b 50030000 		.4byte	0x350
 570 031f 04       		.uleb128 0x4
 571 0320 F1080000 		.4byte	.LASF62
 572 0324 03       		.byte	0x3
 573 0325 16       		.byte	0x16
 574 0326 DE020000 		.4byte	0x2de
 575 032a 00       		.byte	0
 576 032b 0B       		.uleb128 0xb
 577 032c 72747200 		.ascii	"rtr\000"
 578 0330 03       		.byte	0x3
 579 0331 17       		.byte	0x17
 580 0332 D0020000 		.4byte	0x2d0
 581 0336 02       		.byte	0x2
 582 0337 0B       		.uleb128 0xb
ARM GAS  C:\Users\pxc\AppData\Local\Temp\cc1IEE5o.s 			page 13


 583 0338 6C656E00 		.ascii	"len\000"
 584 033c 03       		.byte	0x3
 585 033d 18       		.byte	0x18
 586 033e D0020000 		.4byte	0x2d0
 587 0342 03       		.byte	0x3
 588 0343 04       		.uleb128 0x4
 589 0344 0E040000 		.4byte	.LASF63
 590 0348 03       		.byte	0x3
 591 0349 19       		.byte	0x19
 592 034a 50030000 		.4byte	0x350
 593 034e 04       		.byte	0x4
 594 034f 00       		.byte	0
 595 0350 0C       		.uleb128 0xc
 596 0351 D0020000 		.4byte	0x2d0
 597 0355 60030000 		.4byte	0x360
 598 0359 0D       		.uleb128 0xd
 599 035a 01030000 		.4byte	0x301
 600 035e 07       		.byte	0x7
 601 035f 00       		.byte	0
 602 0360 02       		.uleb128 0x2
 603 0361 C0000000 		.4byte	.LASF65
 604 0365 03       		.byte	0x3
 605 0366 1A       		.byte	0x1a
 606 0367 17030000 		.4byte	0x317
 607 036b 09       		.uleb128 0x9
 608 036c 04       		.byte	0x4
 609 036d 60030000 		.4byte	0x360
 610 0371 02       		.uleb128 0x2
 611 0372 ED000000 		.4byte	.LASF66
 612 0376 04       		.byte	0x4
 613 0377 66       		.byte	0x66
 614 0378 08030000 		.4byte	0x308
 615 037c 0E       		.uleb128 0xe
 616 037d DE020000 		.4byte	.LASF68
 617 0381 0C       		.byte	0xc
 618 0382 05       		.byte	0x5
 619 0383 DA       		.byte	0xda
 620 0384 B9030000 		.4byte	0x3b9
 621 0388 04       		.uleb128 0x4
 622 0389 02040000 		.4byte	.LASF69
 623 038d 05       		.byte	0x5
 624 038e DC       		.byte	0xdc
 625 038f D0020000 		.4byte	0x2d0
 626 0393 00       		.byte	0
 627 0394 04       		.uleb128 0x4
 628 0395 8E020000 		.4byte	.LASF70
 629 0399 05       		.byte	0x5
 630 039a DD       		.byte	0xdd
 631 039b D0020000 		.4byte	0x2d0
 632 039f 01       		.byte	0x1
 633 03a0 04       		.uleb128 0x4
 634 03a1 2D050000 		.4byte	.LASF71
 635 03a5 05       		.byte	0x5
 636 03a6 DE       		.byte	0xde
 637 03a7 C2020000 		.4byte	0x2c2
 638 03ab 04       		.byte	0x4
 639 03ac 04       		.uleb128 0x4
ARM GAS  C:\Users\pxc\AppData\Local\Temp\cc1IEE5o.s 			page 14


 640 03ad 8F030000 		.4byte	.LASF72
 641 03b1 05       		.byte	0x5
 642 03b2 DF       		.byte	0xdf
 643 03b3 08030000 		.4byte	0x308
 644 03b7 08       		.byte	0x8
 645 03b8 00       		.byte	0
 646 03b9 02       		.uleb128 0x2
 647 03ba 80000000 		.4byte	.LASF73
 648 03be 05       		.byte	0x5
 649 03bf E0       		.byte	0xe0
 650 03c0 7C030000 		.4byte	0x37c
 651 03c4 0E       		.uleb128 0xe
 652 03c5 C0050000 		.4byte	.LASF74
 653 03c9 08       		.byte	0x8
 654 03ca 05       		.byte	0x5
 655 03cb E4       		.byte	0xe4
 656 03cc F5030000 		.4byte	0x3f5
 657 03d0 04       		.uleb128 0x4
 658 03d1 C8010000 		.4byte	.LASF75
 659 03d5 05       		.byte	0x5
 660 03d6 E6       		.byte	0xe6
 661 03d7 F5030000 		.4byte	0x3f5
 662 03db 00       		.byte	0
 663 03dc 04       		.uleb128 0x4
 664 03dd 27030000 		.4byte	.LASF76
 665 03e1 05       		.byte	0x5
 666 03e2 E7       		.byte	0xe7
 667 03e3 D0020000 		.4byte	0x2d0
 668 03e7 04       		.byte	0x4
 669 03e8 04       		.uleb128 0x4
 670 03e9 EF010000 		.4byte	.LASF77
 671 03ed 05       		.byte	0x5
 672 03ee EB       		.byte	0xeb
 673 03ef DE020000 		.4byte	0x2de
 674 03f3 06       		.byte	0x6
 675 03f4 00       		.byte	0
 676 03f5 09       		.uleb128 0x9
 677 03f6 04       		.byte	0x4
 678 03f7 B9030000 		.4byte	0x3b9
 679 03fb 02       		.uleb128 0x2
 680 03fc 68050000 		.4byte	.LASF78
 681 0400 05       		.byte	0x5
 682 0401 EC       		.byte	0xec
 683 0402 C4030000 		.4byte	0x3c4
 684 0406 0E       		.uleb128 0xe
 685 0407 50010000 		.4byte	.LASF79
 686 040b 0C       		.byte	0xc
 687 040c 05       		.byte	0x5
 688 040d EE       		.byte	0xee
 689 040e 5B040000 		.4byte	0x45b
 690 0412 04       		.uleb128 0x4
 691 0413 4B080000 		.4byte	.LASF80
 692 0417 05       		.byte	0x5
 693 0418 EF       		.byte	0xef
 694 0419 D0020000 		.4byte	0x2d0
 695 041d 00       		.byte	0
 696 041e 04       		.uleb128 0x4
ARM GAS  C:\Users\pxc\AppData\Local\Temp\cc1IEE5o.s 			page 15


 697 041f 43080000 		.4byte	.LASF81
 698 0423 05       		.byte	0x5
 699 0424 F0       		.byte	0xf0
 700 0425 DE020000 		.4byte	0x2de
 701 0429 02       		.byte	0x2
 702 042a 04       		.uleb128 0x4
 703 042b 57050000 		.4byte	.LASF82
 704 042f 05       		.byte	0x5
 705 0430 F1       		.byte	0xf1
 706 0431 DE020000 		.4byte	0x2de
 707 0435 04       		.byte	0x4
 708 0436 04       		.uleb128 0x4
 709 0437 64030000 		.4byte	.LASF83
 710 043b 05       		.byte	0x5
 711 043c F2       		.byte	0xf2
 712 043d DE020000 		.4byte	0x2de
 713 0441 06       		.byte	0x6
 714 0442 04       		.uleb128 0x4
 715 0443 1F030000 		.4byte	.LASF84
 716 0447 05       		.byte	0x5
 717 0448 F3       		.byte	0xf3
 718 0449 DE020000 		.4byte	0x2de
 719 044d 08       		.byte	0x8
 720 044e 04       		.uleb128 0x4
 721 044f 99050000 		.4byte	.LASF85
 722 0453 05       		.byte	0x5
 723 0454 F4       		.byte	0xf4
 724 0455 DE020000 		.4byte	0x2de
 725 0459 0A       		.byte	0xa
 726 045a 00       		.byte	0
 727 045b 02       		.uleb128 0x2
 728 045c 21050000 		.4byte	.LASF86
 729 0460 05       		.byte	0x5
 730 0461 F5       		.byte	0xf5
 731 0462 06040000 		.4byte	0x406
 732 0466 02       		.uleb128 0x2
 733 0467 36060000 		.4byte	.LASF87
 734 046b 05       		.byte	0x5
 735 046c F9       		.byte	0xf9
 736 046d 71040000 		.4byte	0x471
 737 0471 09       		.uleb128 0x9
 738 0472 04       		.byte	0x4
 739 0473 77040000 		.4byte	0x477
 740 0477 0F       		.uleb128 0xf
 741 0478 EC020000 		.4byte	0x2ec
 742 047c 90040000 		.4byte	0x490
 743 0480 10       		.uleb128 0x10
 744 0481 90040000 		.4byte	0x490
 745 0485 10       		.uleb128 0x10
 746 0486 96040000 		.4byte	0x496
 747 048a 10       		.uleb128 0x10
 748 048b D0020000 		.4byte	0x2d0
 749 048f 00       		.byte	0
 750 0490 09       		.uleb128 0x9
 751 0491 04       		.byte	0x4
 752 0492 25000000 		.4byte	0x25
 753 0496 09       		.uleb128 0x9
ARM GAS  C:\Users\pxc\AppData\Local\Temp\cc1IEE5o.s 			page 16


 754 0497 04       		.byte	0x4
 755 0498 9C040000 		.4byte	0x49c
 756 049c 11       		.uleb128 0x11
 757 049d FB030000 		.4byte	0x3fb
 758 04a1 02       		.uleb128 0x2
 759 04a2 0F090000 		.4byte	.LASF88
 760 04a6 05       		.byte	0x5
 761 04a7 FA       		.byte	0xfa
 762 04a8 AC040000 		.4byte	0x4ac
 763 04ac 09       		.uleb128 0x9
 764 04ad 04       		.byte	0x4
 765 04ae B2040000 		.4byte	0x4b2
 766 04b2 0F       		.uleb128 0xf
 767 04b3 96040000 		.4byte	0x496
 768 04b7 CB040000 		.4byte	0x4cb
 769 04bb 10       		.uleb128 0x10
 770 04bc DE020000 		.4byte	0x2de
 771 04c0 10       		.uleb128 0x10
 772 04c1 CB040000 		.4byte	0x4cb
 773 04c5 10       		.uleb128 0x10
 774 04c6 D1040000 		.4byte	0x4d1
 775 04ca 00       		.byte	0
 776 04cb 09       		.uleb128 0x9
 777 04cc 04       		.byte	0x4
 778 04cd EC020000 		.4byte	0x2ec
 779 04d1 09       		.uleb128 0x9
 780 04d2 04       		.byte	0x4
 781 04d3 D7040000 		.4byte	0x4d7
 782 04d7 09       		.uleb128 0x9
 783 04d8 04       		.byte	0x4
 784 04d9 66040000 		.4byte	0x466
 785 04dd 02       		.uleb128 0x2
 786 04de B7010000 		.4byte	.LASF89
 787 04e2 06       		.byte	0x6
 788 04e3 3E       		.byte	0x3e
 789 04e4 E8040000 		.4byte	0x4e8
 790 04e8 09       		.uleb128 0x9
 791 04e9 04       		.byte	0x4
 792 04ea EE040000 		.4byte	0x4ee
 793 04ee 0F       		.uleb128 0xf
 794 04ef EC020000 		.4byte	0x2ec
 795 04f3 02050000 		.4byte	0x502
 796 04f7 10       		.uleb128 0x10
 797 04f8 D0020000 		.4byte	0x2d0
 798 04fc 10       		.uleb128 0x10
 799 04fd 08030000 		.4byte	0x308
 800 0501 00       		.byte	0
 801 0502 02       		.uleb128 0x2
 802 0503 AE000000 		.4byte	.LASF90
 803 0507 06       		.byte	0x6
 804 0508 3F       		.byte	0x3f
 805 0509 0D050000 		.4byte	0x50d
 806 050d 09       		.uleb128 0x9
 807 050e 04       		.byte	0x4
 808 050f 13050000 		.4byte	0x513
 809 0513 12       		.uleb128 0x12
 810 0514 28050000 		.4byte	0x528
ARM GAS  C:\Users\pxc\AppData\Local\Temp\cc1IEE5o.s 			page 17


 811 0518 10       		.uleb128 0x10
 812 0519 90040000 		.4byte	0x490
 813 051d 10       		.uleb128 0x10
 814 051e DE020000 		.4byte	0x2de
 815 0522 10       		.uleb128 0x10
 816 0523 D0020000 		.4byte	0x2d0
 817 0527 00       		.byte	0
 818 0528 09       		.uleb128 0x9
 819 0529 04       		.byte	0x4
 820 052a 2E050000 		.4byte	0x52e
 821 052e 12       		.uleb128 0x12
 822 052f 3E050000 		.4byte	0x53e
 823 0533 10       		.uleb128 0x10
 824 0534 90040000 		.4byte	0x490
 825 0538 10       		.uleb128 0x10
 826 0539 EC020000 		.4byte	0x2ec
 827 053d 00       		.byte	0
 828 053e 13       		.uleb128 0x13
 829 053f 01       		.byte	0x1
 830 0540 07       		.byte	0x7
 831 0541 39       		.byte	0x39
 832 0542 59050000 		.4byte	0x559
 833 0546 14       		.uleb128 0x14
 834 0547 A5050000 		.4byte	.LASF91
 835 054b 00       		.sleb128 0
 836 054c 14       		.uleb128 0x14
 837 054d 40050000 		.4byte	.LASF92
 838 0551 01       		.sleb128 1
 839 0552 14       		.uleb128 0x14
 840 0553 81010000 		.4byte	.LASF93
 841 0557 02       		.sleb128 2
 842 0558 00       		.byte	0
 843 0559 02       		.uleb128 0x2
 844 055a 5F050000 		.4byte	.LASF94
 845 055e 07       		.byte	0x7
 846 055f 39       		.byte	0x39
 847 0560 3E050000 		.4byte	0x53e
 848 0564 02       		.uleb128 0x2
 849 0565 13050000 		.4byte	.LASF95
 850 0569 07       		.byte	0x7
 851 056a 3B       		.byte	0x3b
 852 056b 6F050000 		.4byte	0x56f
 853 056f 09       		.uleb128 0x9
 854 0570 04       		.byte	0x4
 855 0571 75050000 		.4byte	0x575
 856 0575 12       		.uleb128 0x12
 857 0576 85050000 		.4byte	0x585
 858 057a 10       		.uleb128 0x10
 859 057b 90040000 		.4byte	0x490
 860 057f 10       		.uleb128 0x10
 861 0580 D0020000 		.4byte	0x2d0
 862 0584 00       		.byte	0
 863 0585 0E       		.uleb128 0xe
 864 0586 54060000 		.4byte	.LASF96
 865 058a 50       		.byte	0x50
 866 058b 07       		.byte	0x7
 867 058c 44       		.byte	0x44
ARM GAS  C:\Users\pxc\AppData\Local\Temp\cc1IEE5o.s 			page 18


 868 058d 9A060000 		.4byte	0x69a
 869 0591 04       		.uleb128 0x4
 870 0592 E2040000 		.4byte	.LASF97
 871 0596 07       		.byte	0x7
 872 0597 45       		.byte	0x45
 873 0598 D0020000 		.4byte	0x2d0
 874 059c 00       		.byte	0
 875 059d 04       		.uleb128 0x4
 876 059e 95000000 		.4byte	.LASF98
 877 05a2 07       		.byte	0x7
 878 05a3 47       		.byte	0x47
 879 05a4 D0020000 		.4byte	0x2d0
 880 05a8 01       		.byte	0x1
 881 05a9 04       		.uleb128 0x4
 882 05aa 3D080000 		.4byte	.LASF99
 883 05ae 07       		.byte	0x7
 884 05af 48       		.byte	0x48
 885 05b0 D0020000 		.4byte	0x2d0
 886 05b4 02       		.byte	0x2
 887 05b5 04       		.uleb128 0x4
 888 05b6 F9040000 		.4byte	.LASF33
 889 05ba 07       		.byte	0x7
 890 05bb 49       		.byte	0x49
 891 05bc D0020000 		.4byte	0x2d0
 892 05c0 03       		.byte	0x3
 893 05c1 04       		.uleb128 0x4
 894 05c2 6B020000 		.4byte	.LASF100
 895 05c6 07       		.byte	0x7
 896 05c7 4A       		.byte	0x4a
 897 05c8 EC020000 		.4byte	0x2ec
 898 05cc 04       		.byte	0x4
 899 05cd 04       		.uleb128 0x4
 900 05ce EF010000 		.4byte	.LASF77
 901 05d2 07       		.byte	0x7
 902 05d3 4D       		.byte	0x4d
 903 05d4 DE020000 		.4byte	0x2de
 904 05d8 08       		.byte	0x8
 905 05d9 04       		.uleb128 0x4
 906 05da 23020000 		.4byte	.LASF101
 907 05de 07       		.byte	0x7
 908 05df 4E       		.byte	0x4e
 909 05e0 D0020000 		.4byte	0x2d0
 910 05e4 0A       		.byte	0xa
 911 05e5 04       		.uleb128 0x4
 912 05e6 E9010000 		.4byte	.LASF102
 913 05ea 07       		.byte	0x7
 914 05eb 4F       		.byte	0x4f
 915 05ec EC020000 		.4byte	0x2ec
 916 05f0 0C       		.byte	0xc
 917 05f1 04       		.uleb128 0x4
 918 05f2 EA020000 		.4byte	.LASF103
 919 05f6 07       		.byte	0x7
 920 05f7 50       		.byte	0x50
 921 05f8 EC020000 		.4byte	0x2ec
 922 05fc 10       		.byte	0x10
 923 05fd 04       		.uleb128 0x4
 924 05fe 0E040000 		.4byte	.LASF63
ARM GAS  C:\Users\pxc\AppData\Local\Temp\cc1IEE5o.s 			page 19


 925 0602 07       		.byte	0x7
 926 0603 56       		.byte	0x56
 927 0604 9A060000 		.4byte	0x69a
 928 0608 14       		.byte	0x14
 929 0609 04       		.uleb128 0x4
 930 060a A1080000 		.4byte	.LASF104
 931 060e 07       		.byte	0x7
 932 060f 5C       		.byte	0x5c
 933 0610 D0020000 		.4byte	0x2d0
 934 0614 34       		.byte	0x34
 935 0615 04       		.uleb128 0x4
 936 0616 D6020000 		.4byte	.LASF105
 937 061a 07       		.byte	0x7
 938 061b 5D       		.byte	0x5d
 939 061c D0020000 		.4byte	0x2d0
 940 0620 35       		.byte	0x35
 941 0621 04       		.uleb128 0x4
 942 0622 0B080000 		.4byte	.LASF106
 943 0626 07       		.byte	0x7
 944 0627 5E       		.byte	0x5e
 945 0628 D0020000 		.4byte	0x2d0
 946 062c 36       		.byte	0x36
 947 062d 04       		.uleb128 0x4
 948 062e 4A070000 		.4byte	.LASF107
 949 0632 07       		.byte	0x7
 950 0633 5F       		.byte	0x5f
 951 0634 EC020000 		.4byte	0x2ec
 952 0638 38       		.byte	0x38
 953 0639 04       		.uleb128 0x4
 954 063a F1020000 		.4byte	.LASF108
 955 063e 07       		.byte	0x7
 956 063f 60       		.byte	0x60
 957 0640 D0020000 		.4byte	0x2d0
 958 0644 3C       		.byte	0x3c
 959 0645 04       		.uleb128 0x4
 960 0646 7B010000 		.4byte	.LASF109
 961 064a 07       		.byte	0x7
 962 064b 61       		.byte	0x61
 963 064c D0020000 		.4byte	0x2d0
 964 0650 3D       		.byte	0x3d
 965 0651 04       		.uleb128 0x4
 966 0652 4F020000 		.4byte	.LASF110
 967 0656 07       		.byte	0x7
 968 0657 62       		.byte	0x62
 969 0658 D0020000 		.4byte	0x2d0
 970 065c 3E       		.byte	0x3e
 971 065d 04       		.uleb128 0x4
 972 065e 66060000 		.4byte	.LASF111
 973 0662 07       		.byte	0x7
 974 0663 63       		.byte	0x63
 975 0664 59050000 		.4byte	0x559
 976 0668 3F       		.byte	0x3f
 977 0669 04       		.uleb128 0x4
 978 066a 4F050000 		.4byte	.LASF112
 979 066e 07       		.byte	0x7
 980 066f 64       		.byte	0x64
 981 0670 50030000 		.4byte	0x350
ARM GAS  C:\Users\pxc\AppData\Local\Temp\cc1IEE5o.s 			page 20


 982 0674 40       		.byte	0x40
 983 0675 04       		.uleb128 0x4
 984 0676 5E010000 		.4byte	.LASF113
 985 067a 07       		.byte	0x7
 986 067b 66       		.byte	0x66
 987 067c D0020000 		.4byte	0x2d0
 988 0680 48       		.byte	0x48
 989 0681 04       		.uleb128 0x4
 990 0682 01090000 		.4byte	.LASF114
 991 0686 07       		.byte	0x7
 992 0687 6A       		.byte	0x6a
 993 0688 D7020000 		.4byte	0x2d7
 994 068c 4A       		.byte	0x4a
 995 068d 04       		.uleb128 0x4
 996 068e C2020000 		.4byte	.LASF115
 997 0692 07       		.byte	0x7
 998 0693 70       		.byte	0x70
 999 0694 64050000 		.4byte	0x564
 1000 0698 4C       		.byte	0x4c
 1001 0699 00       		.byte	0
 1002 069a 0C       		.uleb128 0xc
 1003 069b D0020000 		.4byte	0x2d0
 1004 069f AA060000 		.4byte	0x6aa
 1005 06a3 0D       		.uleb128 0xd
 1006 06a4 01030000 		.4byte	0x301
 1007 06a8 1F       		.byte	0x1f
 1008 06a9 00       		.byte	0
 1009 06aa 02       		.uleb128 0x2
 1010 06ab 09030000 		.4byte	.LASF116
 1011 06af 07       		.byte	0x7
 1012 06b0 72       		.byte	0x72
 1013 06b1 85050000 		.4byte	0x585
 1014 06b5 02       		.uleb128 0x2
 1015 06b6 6E010000 		.4byte	.LASF117
 1016 06ba 08       		.byte	0x8
 1017 06bb 30       		.byte	0x30
 1018 06bc C0060000 		.4byte	0x6c0
 1019 06c0 0E       		.uleb128 0xe
 1020 06c1 9C030000 		.4byte	.LASF118
 1021 06c5 12       		.byte	0x12
 1022 06c6 08       		.byte	0x8
 1023 06c7 3C       		.byte	0x3c
 1024 06c8 FD060000 		.4byte	0x6fd
 1025 06cc 04       		.uleb128 0x4
 1026 06cd 68000000 		.4byte	.LASF119
 1027 06d1 08       		.byte	0x8
 1028 06d2 3D       		.byte	0x3d
 1029 06d3 D0020000 		.4byte	0x2d0
 1030 06d7 00       		.byte	0
 1031 06d8 04       		.uleb128 0x4
 1032 06d9 50040000 		.4byte	.LASF120
 1033 06dd 08       		.byte	0x8
 1034 06de 3E       		.byte	0x3e
 1035 06df D7020000 		.4byte	0x2d7
 1036 06e3 02       		.byte	0x2
 1037 06e4 04       		.uleb128 0x4
 1038 06e5 3B020000 		.4byte	.LASF121
ARM GAS  C:\Users\pxc\AppData\Local\Temp\cc1IEE5o.s 			page 21


 1039 06e9 08       		.byte	0x8
 1040 06ea 3F       		.byte	0x3f
 1041 06eb D7020000 		.4byte	0x2d7
 1042 06ef 04       		.byte	0x4
 1043 06f0 04       		.uleb128 0x4
 1044 06f1 12080000 		.4byte	.LASF122
 1045 06f5 08       		.byte	0x8
 1046 06f6 40       		.byte	0x40
 1047 06f7 60030000 		.4byte	0x360
 1048 06fb 06       		.byte	0x6
 1049 06fc 00       		.byte	0
 1050 06fd 15       		.uleb128 0x15
 1051 06fe 8A050000 		.4byte	.LASF149
 1052 0702 01       		.byte	0x1
 1053 0703 09       		.byte	0x9
 1054 0704 33       		.byte	0x33
 1055 0705 3B070000 		.4byte	0x73b
 1056 0709 14       		.uleb128 0x14
 1057 070a C8000000 		.4byte	.LASF123
 1058 070e 00       		.sleb128 0
 1059 070f 14       		.uleb128 0x14
 1060 0710 3D030000 		.4byte	.LASF124
 1061 0714 01       		.sleb128 1
 1062 0715 14       		.uleb128 0x14
 1063 0716 39010000 		.4byte	.LASF125
 1064 071a 02       		.sleb128 2
 1065 071b 14       		.uleb128 0x14
 1066 071c 70030000 		.4byte	.LASF126
 1067 0720 02       		.sleb128 2
 1068 0721 14       		.uleb128 0x14
 1069 0722 26000000 		.4byte	.LASF127
 1070 0726 04       		.sleb128 4
 1071 0727 14       		.uleb128 0x14
 1072 0728 B0080000 		.4byte	.LASF128
 1073 072c 05       		.sleb128 5
 1074 072d 14       		.uleb128 0x14
 1075 072e E1080000 		.4byte	.LASF129
 1076 0732 FF00     		.sleb128 127
 1077 0734 14       		.uleb128 0x14
 1078 0735 BB040000 		.4byte	.LASF130
 1079 0739 0F       		.sleb128 15
 1080 073a 00       		.byte	0
 1081 073b 02       		.uleb128 0x2
 1082 073c 31080000 		.4byte	.LASF131
 1083 0740 09       		.byte	0x9
 1084 0741 3E       		.byte	0x3e
 1085 0742 FD060000 		.4byte	0x6fd
 1086 0746 0A       		.uleb128 0xa
 1087 0747 07       		.byte	0x7
 1088 0748 09       		.byte	0x9
 1089 0749 40       		.byte	0x40
 1090 074a A3070000 		.4byte	0x7a3
 1091 074e 04       		.uleb128 0x4
 1092 074f 22070000 		.4byte	.LASF132
 1093 0753 09       		.byte	0x9
 1094 0754 42       		.byte	0x42
 1095 0755 C9020000 		.4byte	0x2c9
ARM GAS  C:\Users\pxc\AppData\Local\Temp\cc1IEE5o.s 			page 22


 1096 0759 00       		.byte	0
 1097 075a 04       		.uleb128 0x4
 1098 075b 49020000 		.4byte	.LASF133
 1099 075f 09       		.byte	0x9
 1100 0760 43       		.byte	0x43
 1101 0761 C9020000 		.4byte	0x2c9
 1102 0765 01       		.byte	0x1
 1103 0766 04       		.uleb128 0x4
 1104 0767 75020000 		.4byte	.LASF134
 1105 076b 09       		.byte	0x9
 1106 076c 44       		.byte	0x44
 1107 076d C9020000 		.4byte	0x2c9
 1108 0771 02       		.byte	0x2
 1109 0772 04       		.uleb128 0x4
 1110 0773 1D060000 		.4byte	.LASF135
 1111 0777 09       		.byte	0x9
 1112 0778 45       		.byte	0x45
 1113 0779 C9020000 		.4byte	0x2c9
 1114 077d 03       		.byte	0x3
 1115 077e 04       		.uleb128 0x4
 1116 077f 00000000 		.4byte	.LASF136
 1117 0783 09       		.byte	0x9
 1118 0784 46       		.byte	0x46
 1119 0785 C9020000 		.4byte	0x2c9
 1120 0789 04       		.byte	0x4
 1121 078a 04       		.uleb128 0x4
 1122 078b 2E000000 		.4byte	.LASF137
 1123 078f 09       		.byte	0x9
 1124 0790 47       		.byte	0x47
 1125 0791 C9020000 		.4byte	0x2c9
 1126 0795 05       		.byte	0x5
 1127 0796 04       		.uleb128 0x4
 1128 0797 40040000 		.4byte	.LASF138
 1129 079b 09       		.byte	0x9
 1130 079c 48       		.byte	0x48
 1131 079d C9020000 		.4byte	0x2c9
 1132 07a1 06       		.byte	0x6
 1133 07a2 00       		.byte	0
 1134 07a3 02       		.uleb128 0x2
 1135 07a4 D7000000 		.4byte	.LASF139
 1136 07a8 09       		.byte	0x9
 1137 07a9 49       		.byte	0x49
 1138 07aa 46070000 		.4byte	0x746
 1139 07ae 02       		.uleb128 0x2
 1140 07af 43060000 		.4byte	.LASF140
 1141 07b3 09       		.byte	0x9
 1142 07b4 4F       		.byte	0x4f
 1143 07b5 B9070000 		.4byte	0x7b9
 1144 07b9 09       		.uleb128 0x9
 1145 07ba 04       		.byte	0x4
 1146 07bb BF070000 		.4byte	0x7bf
 1147 07bf 12       		.uleb128 0x12
 1148 07c0 CA070000 		.4byte	0x7ca
 1149 07c4 10       		.uleb128 0x10
 1150 07c5 90040000 		.4byte	0x490
 1151 07c9 00       		.byte	0
 1152 07ca 02       		.uleb128 0x2
ARM GAS  C:\Users\pxc\AppData\Local\Temp\cc1IEE5o.s 			page 23


 1153 07cb 0C060000 		.4byte	.LASF141
 1154 07cf 09       		.byte	0x9
 1155 07d0 50       		.byte	0x50
 1156 07d1 B9070000 		.4byte	0x7b9
 1157 07d5 02       		.uleb128 0x2
 1158 07d6 32050000 		.4byte	.LASF142
 1159 07da 09       		.byte	0x9
 1160 07db 51       		.byte	0x51
 1161 07dc B9070000 		.4byte	0x7b9
 1162 07e0 02       		.uleb128 0x2
 1163 07e1 14010000 		.4byte	.LASF143
 1164 07e5 09       		.byte	0x9
 1165 07e6 52       		.byte	0x52
 1166 07e7 B9070000 		.4byte	0x7b9
 1167 07eb 02       		.uleb128 0x2
 1168 07ec FA070000 		.4byte	.LASF144
 1169 07f0 0A       		.byte	0xa
 1170 07f1 30       		.byte	0x30
 1171 07f2 6F050000 		.4byte	0x56f
 1172 07f6 02       		.uleb128 0x2
 1173 07f7 00050000 		.4byte	.LASF145
 1174 07fb 0A       		.byte	0xa
 1175 07fc 33       		.byte	0x33
 1176 07fd 6F050000 		.4byte	0x56f
 1177 0801 02       		.uleb128 0x2
 1178 0802 34000000 		.4byte	.LASF146
 1179 0806 0A       		.byte	0xa
 1180 0807 36       		.byte	0x36
 1181 0808 0C080000 		.4byte	0x80c
 1182 080c 09       		.uleb128 0x9
 1183 080d 04       		.byte	0x4
 1184 080e 12080000 		.4byte	0x812
 1185 0812 12       		.uleb128 0x12
 1186 0813 27080000 		.4byte	0x827
 1187 0817 10       		.uleb128 0x10
 1188 0818 90040000 		.4byte	0x490
 1189 081c 10       		.uleb128 0x10
 1190 081d D0020000 		.4byte	0x2d0
 1191 0821 10       		.uleb128 0x10
 1192 0822 3B070000 		.4byte	0x73b
 1193 0826 00       		.byte	0
 1194 0827 02       		.uleb128 0x2
 1195 0828 31030000 		.4byte	.LASF147
 1196 082c 0B       		.byte	0xb
 1197 082d 2F       		.byte	0x2f
 1198 082e B9070000 		.4byte	0x7b9
 1199 0832 02       		.uleb128 0x2
 1200 0833 6D060000 		.4byte	.LASF148
 1201 0837 0B       		.byte	0xb
 1202 0838 32       		.byte	0x32
 1203 0839 B9070000 		.4byte	0x7b9
 1204 083d 15       		.uleb128 0x15
 1205 083e CA030000 		.4byte	.LASF150
 1206 0842 01       		.byte	0x1
 1207 0843 0C       		.byte	0xc
 1208 0844 39       		.byte	0x39
 1209 0845 56080000 		.4byte	0x856
ARM GAS  C:\Users\pxc\AppData\Local\Temp\cc1IEE5o.s 			page 24


 1210 0849 14       		.uleb128 0x14
 1211 084a 7A030000 		.4byte	.LASF151
 1212 084e 00       		.sleb128 0
 1213 084f 14       		.uleb128 0x14
 1214 0850 3B070000 		.4byte	.LASF152
 1215 0854 01       		.sleb128 1
 1216 0855 00       		.byte	0
 1217 0856 02       		.uleb128 0x2
 1218 0857 81020000 		.4byte	.LASF153
 1219 085b 0C       		.byte	0xc
 1220 085c 3C       		.byte	0x3c
 1221 085d 3D080000 		.4byte	0x83d
 1222 0861 0A       		.uleb128 0xa
 1223 0862 04       		.byte	0x4
 1224 0863 0C       		.byte	0xc
 1225 0864 3E       		.byte	0x3e
 1226 0865 8E080000 		.4byte	0x88e
 1227 0869 04       		.uleb128 0x4
 1228 086a AF010000 		.4byte	.LASF154
 1229 086e 0C       		.byte	0xc
 1230 086f 3F       		.byte	0x3f
 1231 0870 DE020000 		.4byte	0x2de
 1232 0874 00       		.byte	0
 1233 0875 04       		.uleb128 0x4
 1234 0876 17070000 		.4byte	.LASF155
 1235 087a 0C       		.byte	0xc
 1236 087b 40       		.byte	0x40
 1237 087c D0020000 		.4byte	0x2d0
 1238 0880 02       		.byte	0x2
 1239 0881 04       		.uleb128 0x4
 1240 0882 67010000 		.4byte	.LASF156
 1241 0886 0C       		.byte	0xc
 1242 0887 41       		.byte	0x41
 1243 0888 D0020000 		.4byte	0x2d0
 1244 088c 03       		.byte	0x3
 1245 088d 00       		.byte	0
 1246 088e 02       		.uleb128 0x2
 1247 088f F8080000 		.4byte	.LASF157
 1248 0893 0C       		.byte	0xc
 1249 0894 42       		.byte	0x42
 1250 0895 61080000 		.4byte	0x861
 1251 0899 02       		.uleb128 0x2
 1252 089a 44010000 		.4byte	.LASF158
 1253 089e 0C       		.byte	0xc
 1254 089f 47       		.byte	0x47
 1255 08a0 A4080000 		.4byte	0x8a4
 1256 08a4 09       		.uleb128 0x9
 1257 08a5 04       		.byte	0x4
 1258 08a6 AA080000 		.4byte	0x8aa
 1259 08aa 12       		.uleb128 0x12
 1260 08ab C4080000 		.4byte	0x8c4
 1261 08af 10       		.uleb128 0x10
 1262 08b0 90040000 		.4byte	0x490
 1263 08b4 10       		.uleb128 0x10
 1264 08b5 D0020000 		.4byte	0x2d0
 1265 08b9 10       		.uleb128 0x10
 1266 08ba DE020000 		.4byte	0x2de
ARM GAS  C:\Users\pxc\AppData\Local\Temp\cc1IEE5o.s 			page 25


 1267 08be 10       		.uleb128 0x10
 1268 08bf D0020000 		.4byte	0x2d0
 1269 08c3 00       		.byte	0
 1270 08c4 09       		.uleb128 0x9
 1271 08c5 04       		.byte	0x4
 1272 08c6 B5060000 		.4byte	0x6b5
 1273 08ca 09       		.uleb128 0x9
 1274 08cb 04       		.byte	0x4
 1275 08cc D7020000 		.4byte	0x2d7
 1276 08d0 09       		.uleb128 0x9
 1277 08d1 04       		.byte	0x4
 1278 08d2 D6080000 		.4byte	0x8d6
 1279 08d6 11       		.uleb128 0x11
 1280 08d7 5B040000 		.4byte	0x45b
 1281 08db 09       		.uleb128 0x9
 1282 08dc 04       		.byte	0x4
 1283 08dd E1080000 		.4byte	0x8e1
 1284 08e1 11       		.uleb128 0x11
 1285 08e2 DE020000 		.4byte	0x2de
 1286 08e6 09       		.uleb128 0x9
 1287 08e7 04       		.byte	0x4
 1288 08e8 EC080000 		.4byte	0x8ec
 1289 08ec 11       		.uleb128 0x11
 1290 08ed D0020000 		.4byte	0x2d0
 1291 08f1 0C       		.uleb128 0xc
 1292 08f2 AA060000 		.4byte	0x6aa
 1293 08f6 01090000 		.4byte	0x901
 1294 08fa 0D       		.uleb128 0xd
 1295 08fb 01030000 		.4byte	0x301
 1296 08ff 00       		.byte	0
 1297 0900 00       		.byte	0
 1298 0901 09       		.uleb128 0x9
 1299 0902 04       		.byte	0x4
 1300 0903 DE020000 		.4byte	0x2de
 1301 0907 0C       		.uleb128 0xc
 1302 0908 3B070000 		.4byte	0x73b
 1303 090c 17090000 		.4byte	0x917
 1304 0910 0D       		.uleb128 0xd
 1305 0911 01030000 		.4byte	0x301
 1306 0915 7F       		.byte	0x7f
 1307 0916 00       		.byte	0
 1308 0917 0C       		.uleb128 0xc
 1309 0918 8E080000 		.4byte	0x88e
 1310 091c 27090000 		.4byte	0x927
 1311 0920 0D       		.uleb128 0xd
 1312 0921 01030000 		.4byte	0x301
 1313 0925 07       		.byte	0x7
 1314 0926 00       		.byte	0
 1315 0927 16       		.uleb128 0x16
 1316 0928 C9040000 		.4byte	.LASF160
 1317 092c 01       		.byte	0x1
 1318 092d 25       		.byte	0x25
 1319 092e D0020000 		.4byte	0x2d0
 1320 0932 00000000 		.4byte	.LFB0
 1321 0936 2C000000 		.4byte	.LFE0-.LFB0
 1322 093a 01       		.uleb128 0x1
 1323 093b 9C       		.byte	0x9c
ARM GAS  C:\Users\pxc\AppData\Local\Temp\cc1IEE5o.s 			page 26


 1324 093c 87090000 		.4byte	0x987
 1325 0940 17       		.uleb128 0x17
 1326 0941 6400     		.ascii	"d\000"
 1327 0943 01       		.byte	0x1
 1328 0944 25       		.byte	0x25
 1329 0945 90040000 		.4byte	0x490
 1330 0949 00000000 		.4byte	.LLST0
 1331 094d 18       		.uleb128 0x18
 1332 094e 9C000000 		.4byte	.LASF159
 1333 0952 01       		.byte	0x1
 1334 0953 25       		.byte	0x25
 1335 0954 D0020000 		.4byte	0x2d0
 1336 0958 21000000 		.4byte	.LLST1
 1337 095c 17       		.uleb128 0x17
 1338 095d 637300   		.ascii	"cs\000"
 1339 0960 01       		.byte	0x1
 1340 0961 25       		.byte	0x25
 1341 0962 D0020000 		.4byte	0x2d0
 1342 0966 4E000000 		.4byte	.LLST2
 1343 096a 19       		.uleb128 0x19
 1344 096b 6D00     		.ascii	"m\000"
 1345 096d 01       		.byte	0x1
 1346 096e 27       		.byte	0x27
 1347 096f 60030000 		.4byte	0x360
 1348 0973 02       		.uleb128 0x2
 1349 0974 91       		.byte	0x91
 1350 0975 6C       		.sleb128 -20
 1351 0976 1A       		.uleb128 0x1a
 1352 0977 26000000 		.4byte	.LVL3
 1353 097b 3E0A0000 		.4byte	0xa3e
 1354 097f 1B       		.uleb128 0x1b
 1355 0980 01       		.uleb128 0x1
 1356 0981 51       		.byte	0x51
 1357 0982 02       		.uleb128 0x2
 1358 0983 91       		.byte	0x91
 1359 0984 6C       		.sleb128 -20
 1360 0985 00       		.byte	0
 1361 0986 00       		.byte	0
 1362 0987 16       		.uleb128 0x16
 1363 0988 D2010000 		.4byte	.LASF161
 1364 098c 01       		.byte	0x1
 1365 098d 3E       		.byte	0x3e
 1366 098e D0020000 		.4byte	0x2d0
 1367 0992 00000000 		.4byte	.LFB1
 1368 0996 28000000 		.4byte	.LFE1-.LFB1
 1369 099a 01       		.uleb128 0x1
 1370 099b 9C       		.byte	0x9c
 1371 099c E8090000 		.4byte	0x9e8
 1372 09a0 17       		.uleb128 0x17
 1373 09a1 6400     		.ascii	"d\000"
 1374 09a3 01       		.byte	0x1
 1375 09a4 3E       		.byte	0x3e
 1376 09a5 90040000 		.4byte	0x490
 1377 09a9 6F000000 		.4byte	.LLST3
 1378 09ad 18       		.uleb128 0x18
 1379 09ae 1D090000 		.4byte	.LASF162
 1380 09b2 01       		.byte	0x1
ARM GAS  C:\Users\pxc\AppData\Local\Temp\cc1IEE5o.s 			page 27


 1381 09b3 3E       		.byte	0x3e
 1382 09b4 D0020000 		.4byte	0x2d0
 1383 09b8 90000000 		.4byte	.LLST4
 1384 09bc 19       		.uleb128 0x19
 1385 09bd 6D00     		.ascii	"m\000"
 1386 09bf 01       		.byte	0x1
 1387 09c0 40       		.byte	0x40
 1388 09c1 60030000 		.4byte	0x360
 1389 09c5 02       		.uleb128 0x2
 1390 09c6 91       		.byte	0x91
 1391 09c7 6C       		.sleb128 -20
 1392 09c8 1C       		.uleb128 0x1c
 1393 09c9 746D7000 		.ascii	"tmp\000"
 1394 09cd 01       		.byte	0x1
 1395 09ce 43       		.byte	0x43
 1396 09cf DE020000 		.4byte	0x2de
 1397 09d3 B1000000 		.4byte	.LLST5
 1398 09d7 1A       		.uleb128 0x1a
 1399 09d8 22000000 		.4byte	.LVL8
 1400 09dc 3E0A0000 		.4byte	0xa3e
 1401 09e0 1B       		.uleb128 0x1b
 1402 09e1 01       		.uleb128 0x1
 1403 09e2 51       		.byte	0x51
 1404 09e3 02       		.uleb128 0x2
 1405 09e4 91       		.byte	0x91
 1406 09e5 6C       		.sleb128 -20
 1407 09e6 00       		.byte	0
 1408 09e7 00       		.byte	0
 1409 09e8 16       		.uleb128 0x16
 1410 09e9 73050000 		.4byte	.LASF163
 1411 09ed 01       		.byte	0x1
 1412 09ee 55       		.byte	0x55
 1413 09ef D0020000 		.4byte	0x2d0
 1414 09f3 00000000 		.4byte	.LFB2
 1415 09f7 2A000000 		.4byte	.LFE2-.LFB2
 1416 09fb 01       		.uleb128 0x1
 1417 09fc 9C       		.byte	0x9c
 1418 09fd 3E0A0000 		.4byte	0xa3e
 1419 0a01 17       		.uleb128 0x17
 1420 0a02 6400     		.ascii	"d\000"
 1421 0a04 01       		.byte	0x1
 1422 0a05 55       		.byte	0x55
 1423 0a06 90040000 		.4byte	0x490
 1424 0a0a D0000000 		.4byte	.LLST6
 1425 0a0e 18       		.uleb128 0x18
 1426 0a0f 1D090000 		.4byte	.LASF162
 1427 0a13 01       		.byte	0x1
 1428 0a14 55       		.byte	0x55
 1429 0a15 D0020000 		.4byte	0x2d0
 1430 0a19 F1000000 		.4byte	.LLST7
 1431 0a1d 1D       		.uleb128 0x1d
 1432 0a1e 00000000 		.4byte	.Ldebug_ranges0+0
 1433 0a22 340A0000 		.4byte	0xa34
 1434 0a26 1C       		.uleb128 0x1c
 1435 0a27 6900     		.ascii	"i\000"
 1436 0a29 01       		.byte	0x1
 1437 0a2a 5E       		.byte	0x5e
ARM GAS  C:\Users\pxc\AppData\Local\Temp\cc1IEE5o.s 			page 28


 1438 0a2b D0020000 		.4byte	0x2d0
 1439 0a2f 12010000 		.4byte	.LLST8
 1440 0a33 00       		.byte	0
 1441 0a34 1E       		.uleb128 0x1e
 1442 0a35 28000000 		.4byte	.LVL16
 1443 0a39 87090000 		.4byte	0x987
 1444 0a3d 00       		.byte	0
 1445 0a3e 1F       		.uleb128 0x1f
 1446 0a3f A3020000 		.4byte	.LASF167
 1447 0a43 0D       		.byte	0xd
 1448 0a44 45       		.byte	0x45
 1449 0a45 D0020000 		.4byte	0x2d0
 1450 0a49 10       		.uleb128 0x10
 1451 0a4a 71030000 		.4byte	0x371
 1452 0a4e 10       		.uleb128 0x10
 1453 0a4f 6B030000 		.4byte	0x36b
 1454 0a53 00       		.byte	0
 1455 0a54 00       		.byte	0
 1456              		.section	.debug_abbrev,"",%progbits
 1457              	.Ldebug_abbrev0:
 1458 0000 01       		.uleb128 0x1
 1459 0001 11       		.uleb128 0x11
 1460 0002 01       		.byte	0x1
 1461 0003 25       		.uleb128 0x25
 1462 0004 0E       		.uleb128 0xe
 1463 0005 13       		.uleb128 0x13
 1464 0006 0B       		.uleb128 0xb
 1465 0007 03       		.uleb128 0x3
 1466 0008 0E       		.uleb128 0xe
 1467 0009 1B       		.uleb128 0x1b
 1468 000a 0E       		.uleb128 0xe
 1469 000b 55       		.uleb128 0x55
 1470 000c 17       		.uleb128 0x17
 1471 000d 11       		.uleb128 0x11
 1472 000e 01       		.uleb128 0x1
 1473 000f 10       		.uleb128 0x10
 1474 0010 17       		.uleb128 0x17
 1475 0011 00       		.byte	0
 1476 0012 00       		.byte	0
 1477 0013 02       		.uleb128 0x2
 1478 0014 16       		.uleb128 0x16
 1479 0015 00       		.byte	0
 1480 0016 03       		.uleb128 0x3
 1481 0017 0E       		.uleb128 0xe
 1482 0018 3A       		.uleb128 0x3a
 1483 0019 0B       		.uleb128 0xb
 1484 001a 3B       		.uleb128 0x3b
 1485 001b 0B       		.uleb128 0xb
 1486 001c 49       		.uleb128 0x49
 1487 001d 13       		.uleb128 0x13
 1488 001e 00       		.byte	0
 1489 001f 00       		.byte	0
 1490 0020 03       		.uleb128 0x3
 1491 0021 13       		.uleb128 0x13
 1492 0022 01       		.byte	0x1
 1493 0023 03       		.uleb128 0x3
 1494 0024 0E       		.uleb128 0xe
ARM GAS  C:\Users\pxc\AppData\Local\Temp\cc1IEE5o.s 			page 29


 1495 0025 0B       		.uleb128 0xb
 1496 0026 05       		.uleb128 0x5
 1497 0027 3A       		.uleb128 0x3a
 1498 0028 0B       		.uleb128 0xb
 1499 0029 3B       		.uleb128 0x3b
 1500 002a 0B       		.uleb128 0xb
 1501 002b 01       		.uleb128 0x1
 1502 002c 13       		.uleb128 0x13
 1503 002d 00       		.byte	0
 1504 002e 00       		.byte	0
 1505 002f 04       		.uleb128 0x4
 1506 0030 0D       		.uleb128 0xd
 1507 0031 00       		.byte	0
 1508 0032 03       		.uleb128 0x3
 1509 0033 0E       		.uleb128 0xe
 1510 0034 3A       		.uleb128 0x3a
 1511 0035 0B       		.uleb128 0xb
 1512 0036 3B       		.uleb128 0x3b
 1513 0037 0B       		.uleb128 0xb
 1514 0038 49       		.uleb128 0x49
 1515 0039 13       		.uleb128 0x13
 1516 003a 38       		.uleb128 0x38
 1517 003b 0B       		.uleb128 0xb
 1518 003c 00       		.byte	0
 1519 003d 00       		.byte	0
 1520 003e 05       		.uleb128 0x5
 1521 003f 0D       		.uleb128 0xd
 1522 0040 00       		.byte	0
 1523 0041 03       		.uleb128 0x3
 1524 0042 0E       		.uleb128 0xe
 1525 0043 3A       		.uleb128 0x3a
 1526 0044 0B       		.uleb128 0xb
 1527 0045 3B       		.uleb128 0x3b
 1528 0046 0B       		.uleb128 0xb
 1529 0047 49       		.uleb128 0x49
 1530 0048 13       		.uleb128 0x13
 1531 0049 38       		.uleb128 0x38
 1532 004a 05       		.uleb128 0x5
 1533 004b 00       		.byte	0
 1534 004c 00       		.byte	0
 1535 004d 06       		.uleb128 0x6
 1536 004e 24       		.uleb128 0x24
 1537 004f 00       		.byte	0
 1538 0050 0B       		.uleb128 0xb
 1539 0051 0B       		.uleb128 0xb
 1540 0052 3E       		.uleb128 0x3e
 1541 0053 0B       		.uleb128 0xb
 1542 0054 03       		.uleb128 0x3
 1543 0055 08       		.uleb128 0x8
 1544 0056 00       		.byte	0
 1545 0057 00       		.byte	0
 1546 0058 07       		.uleb128 0x7
 1547 0059 24       		.uleb128 0x24
 1548 005a 00       		.byte	0
 1549 005b 0B       		.uleb128 0xb
 1550 005c 0B       		.uleb128 0xb
 1551 005d 3E       		.uleb128 0x3e
ARM GAS  C:\Users\pxc\AppData\Local\Temp\cc1IEE5o.s 			page 30


 1552 005e 0B       		.uleb128 0xb
 1553 005f 03       		.uleb128 0x3
 1554 0060 0E       		.uleb128 0xe
 1555 0061 00       		.byte	0
 1556 0062 00       		.byte	0
 1557 0063 08       		.uleb128 0x8
 1558 0064 0F       		.uleb128 0xf
 1559 0065 00       		.byte	0
 1560 0066 0B       		.uleb128 0xb
 1561 0067 0B       		.uleb128 0xb
 1562 0068 00       		.byte	0
 1563 0069 00       		.byte	0
 1564 006a 09       		.uleb128 0x9
 1565 006b 0F       		.uleb128 0xf
 1566 006c 00       		.byte	0
 1567 006d 0B       		.uleb128 0xb
 1568 006e 0B       		.uleb128 0xb
 1569 006f 49       		.uleb128 0x49
 1570 0070 13       		.uleb128 0x13
 1571 0071 00       		.byte	0
 1572 0072 00       		.byte	0
 1573 0073 0A       		.uleb128 0xa
 1574 0074 13       		.uleb128 0x13
 1575 0075 01       		.byte	0x1
 1576 0076 0B       		.uleb128 0xb
 1577 0077 0B       		.uleb128 0xb
 1578 0078 3A       		.uleb128 0x3a
 1579 0079 0B       		.uleb128 0xb
 1580 007a 3B       		.uleb128 0x3b
 1581 007b 0B       		.uleb128 0xb
 1582 007c 01       		.uleb128 0x1
 1583 007d 13       		.uleb128 0x13
 1584 007e 00       		.byte	0
 1585 007f 00       		.byte	0
 1586 0080 0B       		.uleb128 0xb
 1587 0081 0D       		.uleb128 0xd
 1588 0082 00       		.byte	0
 1589 0083 03       		.uleb128 0x3
 1590 0084 08       		.uleb128 0x8
 1591 0085 3A       		.uleb128 0x3a
 1592 0086 0B       		.uleb128 0xb
 1593 0087 3B       		.uleb128 0x3b
 1594 0088 0B       		.uleb128 0xb
 1595 0089 49       		.uleb128 0x49
 1596 008a 13       		.uleb128 0x13
 1597 008b 38       		.uleb128 0x38
 1598 008c 0B       		.uleb128 0xb
 1599 008d 00       		.byte	0
 1600 008e 00       		.byte	0
 1601 008f 0C       		.uleb128 0xc
 1602 0090 01       		.uleb128 0x1
 1603 0091 01       		.byte	0x1
 1604 0092 49       		.uleb128 0x49
 1605 0093 13       		.uleb128 0x13
 1606 0094 01       		.uleb128 0x1
 1607 0095 13       		.uleb128 0x13
 1608 0096 00       		.byte	0
ARM GAS  C:\Users\pxc\AppData\Local\Temp\cc1IEE5o.s 			page 31


 1609 0097 00       		.byte	0
 1610 0098 0D       		.uleb128 0xd
 1611 0099 21       		.uleb128 0x21
 1612 009a 00       		.byte	0
 1613 009b 49       		.uleb128 0x49
 1614 009c 13       		.uleb128 0x13
 1615 009d 2F       		.uleb128 0x2f
 1616 009e 0B       		.uleb128 0xb
 1617 009f 00       		.byte	0
 1618 00a0 00       		.byte	0
 1619 00a1 0E       		.uleb128 0xe
 1620 00a2 13       		.uleb128 0x13
 1621 00a3 01       		.byte	0x1
 1622 00a4 03       		.uleb128 0x3
 1623 00a5 0E       		.uleb128 0xe
 1624 00a6 0B       		.uleb128 0xb
 1625 00a7 0B       		.uleb128 0xb
 1626 00a8 3A       		.uleb128 0x3a
 1627 00a9 0B       		.uleb128 0xb
 1628 00aa 3B       		.uleb128 0x3b
 1629 00ab 0B       		.uleb128 0xb
 1630 00ac 01       		.uleb128 0x1
 1631 00ad 13       		.uleb128 0x13
 1632 00ae 00       		.byte	0
 1633 00af 00       		.byte	0
 1634 00b0 0F       		.uleb128 0xf
 1635 00b1 15       		.uleb128 0x15
 1636 00b2 01       		.byte	0x1
 1637 00b3 27       		.uleb128 0x27
 1638 00b4 19       		.uleb128 0x19
 1639 00b5 49       		.uleb128 0x49
 1640 00b6 13       		.uleb128 0x13
 1641 00b7 01       		.uleb128 0x1
 1642 00b8 13       		.uleb128 0x13
 1643 00b9 00       		.byte	0
 1644 00ba 00       		.byte	0
 1645 00bb 10       		.uleb128 0x10
 1646 00bc 05       		.uleb128 0x5
 1647 00bd 00       		.byte	0
 1648 00be 49       		.uleb128 0x49
 1649 00bf 13       		.uleb128 0x13
 1650 00c0 00       		.byte	0
 1651 00c1 00       		.byte	0
 1652 00c2 11       		.uleb128 0x11
 1653 00c3 26       		.uleb128 0x26
 1654 00c4 00       		.byte	0
 1655 00c5 49       		.uleb128 0x49
 1656 00c6 13       		.uleb128 0x13
 1657 00c7 00       		.byte	0
 1658 00c8 00       		.byte	0
 1659 00c9 12       		.uleb128 0x12
 1660 00ca 15       		.uleb128 0x15
 1661 00cb 01       		.byte	0x1
 1662 00cc 27       		.uleb128 0x27
 1663 00cd 19       		.uleb128 0x19
 1664 00ce 01       		.uleb128 0x1
 1665 00cf 13       		.uleb128 0x13
ARM GAS  C:\Users\pxc\AppData\Local\Temp\cc1IEE5o.s 			page 32


 1666 00d0 00       		.byte	0
 1667 00d1 00       		.byte	0
 1668 00d2 13       		.uleb128 0x13
 1669 00d3 04       		.uleb128 0x4
 1670 00d4 01       		.byte	0x1
 1671 00d5 0B       		.uleb128 0xb
 1672 00d6 0B       		.uleb128 0xb
 1673 00d7 3A       		.uleb128 0x3a
 1674 00d8 0B       		.uleb128 0xb
 1675 00d9 3B       		.uleb128 0x3b
 1676 00da 0B       		.uleb128 0xb
 1677 00db 01       		.uleb128 0x1
 1678 00dc 13       		.uleb128 0x13
 1679 00dd 00       		.byte	0
 1680 00de 00       		.byte	0
 1681 00df 14       		.uleb128 0x14
 1682 00e0 28       		.uleb128 0x28
 1683 00e1 00       		.byte	0
 1684 00e2 03       		.uleb128 0x3
 1685 00e3 0E       		.uleb128 0xe
 1686 00e4 1C       		.uleb128 0x1c
 1687 00e5 0D       		.uleb128 0xd
 1688 00e6 00       		.byte	0
 1689 00e7 00       		.byte	0
 1690 00e8 15       		.uleb128 0x15
 1691 00e9 04       		.uleb128 0x4
 1692 00ea 01       		.byte	0x1
 1693 00eb 03       		.uleb128 0x3
 1694 00ec 0E       		.uleb128 0xe
 1695 00ed 0B       		.uleb128 0xb
 1696 00ee 0B       		.uleb128 0xb
 1697 00ef 3A       		.uleb128 0x3a
 1698 00f0 0B       		.uleb128 0xb
 1699 00f1 3B       		.uleb128 0x3b
 1700 00f2 0B       		.uleb128 0xb
 1701 00f3 01       		.uleb128 0x1
 1702 00f4 13       		.uleb128 0x13
 1703 00f5 00       		.byte	0
 1704 00f6 00       		.byte	0
 1705 00f7 16       		.uleb128 0x16
 1706 00f8 2E       		.uleb128 0x2e
 1707 00f9 01       		.byte	0x1
 1708 00fa 3F       		.uleb128 0x3f
 1709 00fb 19       		.uleb128 0x19
 1710 00fc 03       		.uleb128 0x3
 1711 00fd 0E       		.uleb128 0xe
 1712 00fe 3A       		.uleb128 0x3a
 1713 00ff 0B       		.uleb128 0xb
 1714 0100 3B       		.uleb128 0x3b
 1715 0101 0B       		.uleb128 0xb
 1716 0102 27       		.uleb128 0x27
 1717 0103 19       		.uleb128 0x19
 1718 0104 49       		.uleb128 0x49
 1719 0105 13       		.uleb128 0x13
 1720 0106 11       		.uleb128 0x11
 1721 0107 01       		.uleb128 0x1
 1722 0108 12       		.uleb128 0x12
ARM GAS  C:\Users\pxc\AppData\Local\Temp\cc1IEE5o.s 			page 33


 1723 0109 06       		.uleb128 0x6
 1724 010a 40       		.uleb128 0x40
 1725 010b 18       		.uleb128 0x18
 1726 010c 9742     		.uleb128 0x2117
 1727 010e 19       		.uleb128 0x19
 1728 010f 01       		.uleb128 0x1
 1729 0110 13       		.uleb128 0x13
 1730 0111 00       		.byte	0
 1731 0112 00       		.byte	0
 1732 0113 17       		.uleb128 0x17
 1733 0114 05       		.uleb128 0x5
 1734 0115 00       		.byte	0
 1735 0116 03       		.uleb128 0x3
 1736 0117 08       		.uleb128 0x8
 1737 0118 3A       		.uleb128 0x3a
 1738 0119 0B       		.uleb128 0xb
 1739 011a 3B       		.uleb128 0x3b
 1740 011b 0B       		.uleb128 0xb
 1741 011c 49       		.uleb128 0x49
 1742 011d 13       		.uleb128 0x13
 1743 011e 02       		.uleb128 0x2
 1744 011f 17       		.uleb128 0x17
 1745 0120 00       		.byte	0
 1746 0121 00       		.byte	0
 1747 0122 18       		.uleb128 0x18
 1748 0123 05       		.uleb128 0x5
 1749 0124 00       		.byte	0
 1750 0125 03       		.uleb128 0x3
 1751 0126 0E       		.uleb128 0xe
 1752 0127 3A       		.uleb128 0x3a
 1753 0128 0B       		.uleb128 0xb
 1754 0129 3B       		.uleb128 0x3b
 1755 012a 0B       		.uleb128 0xb
 1756 012b 49       		.uleb128 0x49
 1757 012c 13       		.uleb128 0x13
 1758 012d 02       		.uleb128 0x2
 1759 012e 17       		.uleb128 0x17
 1760 012f 00       		.byte	0
 1761 0130 00       		.byte	0
 1762 0131 19       		.uleb128 0x19
 1763 0132 34       		.uleb128 0x34
 1764 0133 00       		.byte	0
 1765 0134 03       		.uleb128 0x3
 1766 0135 08       		.uleb128 0x8
 1767 0136 3A       		.uleb128 0x3a
 1768 0137 0B       		.uleb128 0xb
 1769 0138 3B       		.uleb128 0x3b
 1770 0139 0B       		.uleb128 0xb
 1771 013a 49       		.uleb128 0x49
 1772 013b 13       		.uleb128 0x13
 1773 013c 02       		.uleb128 0x2
 1774 013d 18       		.uleb128 0x18
 1775 013e 00       		.byte	0
 1776 013f 00       		.byte	0
 1777 0140 1A       		.uleb128 0x1a
 1778 0141 898201   		.uleb128 0x4109
 1779 0144 01       		.byte	0x1
ARM GAS  C:\Users\pxc\AppData\Local\Temp\cc1IEE5o.s 			page 34


 1780 0145 11       		.uleb128 0x11
 1781 0146 01       		.uleb128 0x1
 1782 0147 31       		.uleb128 0x31
 1783 0148 13       		.uleb128 0x13
 1784 0149 00       		.byte	0
 1785 014a 00       		.byte	0
 1786 014b 1B       		.uleb128 0x1b
 1787 014c 8A8201   		.uleb128 0x410a
 1788 014f 00       		.byte	0
 1789 0150 02       		.uleb128 0x2
 1790 0151 18       		.uleb128 0x18
 1791 0152 9142     		.uleb128 0x2111
 1792 0154 18       		.uleb128 0x18
 1793 0155 00       		.byte	0
 1794 0156 00       		.byte	0
 1795 0157 1C       		.uleb128 0x1c
 1796 0158 34       		.uleb128 0x34
 1797 0159 00       		.byte	0
 1798 015a 03       		.uleb128 0x3
 1799 015b 08       		.uleb128 0x8
 1800 015c 3A       		.uleb128 0x3a
 1801 015d 0B       		.uleb128 0xb
 1802 015e 3B       		.uleb128 0x3b
 1803 015f 0B       		.uleb128 0xb
 1804 0160 49       		.uleb128 0x49
 1805 0161 13       		.uleb128 0x13
 1806 0162 02       		.uleb128 0x2
 1807 0163 17       		.uleb128 0x17
 1808 0164 00       		.byte	0
 1809 0165 00       		.byte	0
 1810 0166 1D       		.uleb128 0x1d
 1811 0167 0B       		.uleb128 0xb
 1812 0168 01       		.byte	0x1
 1813 0169 55       		.uleb128 0x55
 1814 016a 17       		.uleb128 0x17
 1815 016b 01       		.uleb128 0x1
 1816 016c 13       		.uleb128 0x13
 1817 016d 00       		.byte	0
 1818 016e 00       		.byte	0
 1819 016f 1E       		.uleb128 0x1e
 1820 0170 898201   		.uleb128 0x4109
 1821 0173 00       		.byte	0
 1822 0174 11       		.uleb128 0x11
 1823 0175 01       		.uleb128 0x1
 1824 0176 31       		.uleb128 0x31
 1825 0177 13       		.uleb128 0x13
 1826 0178 00       		.byte	0
 1827 0179 00       		.byte	0
 1828 017a 1F       		.uleb128 0x1f
 1829 017b 2E       		.uleb128 0x2e
 1830 017c 01       		.byte	0x1
 1831 017d 3F       		.uleb128 0x3f
 1832 017e 19       		.uleb128 0x19
 1833 017f 03       		.uleb128 0x3
 1834 0180 0E       		.uleb128 0xe
 1835 0181 3A       		.uleb128 0x3a
 1836 0182 0B       		.uleb128 0xb
ARM GAS  C:\Users\pxc\AppData\Local\Temp\cc1IEE5o.s 			page 35


 1837 0183 3B       		.uleb128 0x3b
 1838 0184 0B       		.uleb128 0xb
 1839 0185 27       		.uleb128 0x27
 1840 0186 19       		.uleb128 0x19
 1841 0187 49       		.uleb128 0x49
 1842 0188 13       		.uleb128 0x13
 1843 0189 3C       		.uleb128 0x3c
 1844 018a 19       		.uleb128 0x19
 1845 018b 00       		.byte	0
 1846 018c 00       		.byte	0
 1847 018d 00       		.byte	0
 1848              		.section	.debug_loc,"",%progbits
 1849              	.Ldebug_loc0:
 1850              	.LLST0:
 1851 0000 00000000 		.4byte	.LVL0
 1852 0004 20000000 		.4byte	.LVL1
 1853 0008 0100     		.2byte	0x1
 1854 000a 50       		.byte	0x50
 1855 000b 20000000 		.4byte	.LVL1
 1856 000f 2C000000 		.4byte	.LFE0
 1857 0013 0400     		.2byte	0x4
 1858 0015 F3       		.byte	0xf3
 1859 0016 01       		.uleb128 0x1
 1860 0017 50       		.byte	0x50
 1861 0018 9F       		.byte	0x9f
 1862 0019 00000000 		.4byte	0
 1863 001d 00000000 		.4byte	0
 1864              	.LLST1:
 1865 0021 00000000 		.4byte	.LVL0
 1866 0025 22000000 		.4byte	.LVL2
 1867 0029 0100     		.2byte	0x1
 1868 002b 51       		.byte	0x51
 1869 002c 22000000 		.4byte	.LVL2
 1870 0030 25000000 		.4byte	.LVL3-1
 1871 0034 0200     		.2byte	0x2
 1872 0036 91       		.byte	0x91
 1873 0037 71       		.sleb128 -15
 1874 0038 25000000 		.4byte	.LVL3-1
 1875 003c 2C000000 		.4byte	.LFE0
 1876 0040 0400     		.2byte	0x4
 1877 0042 F3       		.byte	0xf3
 1878 0043 01       		.uleb128 0x1
 1879 0044 51       		.byte	0x51
 1880 0045 9F       		.byte	0x9f
 1881 0046 00000000 		.4byte	0
 1882 004a 00000000 		.4byte	0
 1883              	.LLST2:
 1884 004e 00000000 		.4byte	.LVL0
 1885 0052 25000000 		.4byte	.LVL3-1
 1886 0056 0100     		.2byte	0x1
 1887 0058 52       		.byte	0x52
 1888 0059 25000000 		.4byte	.LVL3-1
 1889 005d 2C000000 		.4byte	.LFE0
 1890 0061 0400     		.2byte	0x4
 1891 0063 F3       		.byte	0xf3
 1892 0064 01       		.uleb128 0x1
 1893 0065 52       		.byte	0x52
ARM GAS  C:\Users\pxc\AppData\Local\Temp\cc1IEE5o.s 			page 36


 1894 0066 9F       		.byte	0x9f
 1895 0067 00000000 		.4byte	0
 1896 006b 00000000 		.4byte	0
 1897              	.LLST3:
 1898 006f 00000000 		.4byte	.LVL4
 1899 0073 1C000000 		.4byte	.LVL6
 1900 0077 0100     		.2byte	0x1
 1901 0079 50       		.byte	0x50
 1902 007a 1C000000 		.4byte	.LVL6
 1903 007e 28000000 		.4byte	.LFE1
 1904 0082 0400     		.2byte	0x4
 1905 0084 F3       		.byte	0xf3
 1906 0085 01       		.uleb128 0x1
 1907 0086 50       		.byte	0x50
 1908 0087 9F       		.byte	0x9f
 1909 0088 00000000 		.4byte	0
 1910 008c 00000000 		.4byte	0
 1911              	.LLST4:
 1912 0090 00000000 		.4byte	.LVL4
 1913 0094 08000000 		.4byte	.LVL5
 1914 0098 0100     		.2byte	0x1
 1915 009a 51       		.byte	0x51
 1916 009b 08000000 		.4byte	.LVL5
 1917 009f 28000000 		.4byte	.LFE1
 1918 00a3 0400     		.2byte	0x4
 1919 00a5 F3       		.byte	0xf3
 1920 00a6 01       		.uleb128 0x1
 1921 00a7 51       		.byte	0x51
 1922 00a8 9F       		.byte	0x9f
 1923 00a9 00000000 		.4byte	0
 1924 00ad 00000000 		.4byte	0
 1925              	.LLST5:
 1926 00b1 08000000 		.4byte	.LVL5
 1927 00b5 1E000000 		.4byte	.LVL7
 1928 00b9 0100     		.2byte	0x1
 1929 00bb 51       		.byte	0x51
 1930 00bc 1E000000 		.4byte	.LVL7
 1931 00c0 21000000 		.4byte	.LVL8-1
 1932 00c4 0200     		.2byte	0x2
 1933 00c6 71       		.byte	0x71
 1934 00c7 00       		.sleb128 0
 1935 00c8 00000000 		.4byte	0
 1936 00cc 00000000 		.4byte	0
 1937              	.LLST6:
 1938 00d0 00000000 		.4byte	.LVL9
 1939 00d4 27000000 		.4byte	.LVL16-1
 1940 00d8 0100     		.2byte	0x1
 1941 00da 50       		.byte	0x50
 1942 00db 27000000 		.4byte	.LVL16-1
 1943 00df 2A000000 		.4byte	.LFE2
 1944 00e3 0400     		.2byte	0x4
 1945 00e5 F3       		.byte	0xf3
 1946 00e6 01       		.uleb128 0x1
 1947 00e7 50       		.byte	0x50
 1948 00e8 9F       		.byte	0x9f
 1949 00e9 00000000 		.4byte	0
 1950 00ed 00000000 		.4byte	0
ARM GAS  C:\Users\pxc\AppData\Local\Temp\cc1IEE5o.s 			page 37


 1951              	.LLST7:
 1952 00f1 00000000 		.4byte	.LVL9
 1953 00f5 27000000 		.4byte	.LVL16-1
 1954 00f9 0100     		.2byte	0x1
 1955 00fb 51       		.byte	0x51
 1956 00fc 27000000 		.4byte	.LVL16-1
 1957 0100 2A000000 		.4byte	.LFE2
 1958 0104 0400     		.2byte	0x4
 1959 0106 F3       		.byte	0xf3
 1960 0107 01       		.uleb128 0x1
 1961 0108 51       		.byte	0x51
 1962 0109 9F       		.byte	0x9f
 1963 010a 00000000 		.4byte	0
 1964 010e 00000000 		.4byte	0
 1965              	.LLST8:
 1966 0112 0E000000 		.4byte	.LVL10
 1967 0116 18000000 		.4byte	.LVL11
 1968 011a 0100     		.2byte	0x1
 1969 011c 53       		.byte	0x53
 1970 011d 1A000000 		.4byte	.LVL12
 1971 0121 1C000000 		.4byte	.LVL13
 1972 0125 0100     		.2byte	0x1
 1973 0127 53       		.byte	0x53
 1974 0128 1E000000 		.4byte	.LVL14
 1975 012c 24000000 		.4byte	.LVL15
 1976 0130 0100     		.2byte	0x1
 1977 0132 53       		.byte	0x53
 1978 0133 00000000 		.4byte	0
 1979 0137 00000000 		.4byte	0
 1980              		.section	.debug_aranges,"",%progbits
 1981 0000 2C000000 		.4byte	0x2c
 1982 0004 0200     		.2byte	0x2
 1983 0006 00000000 		.4byte	.Ldebug_info0
 1984 000a 04       		.byte	0x4
 1985 000b 00       		.byte	0
 1986 000c 0000     		.2byte	0
 1987 000e 0000     		.2byte	0
 1988 0010 00000000 		.4byte	.LFB0
 1989 0014 2C000000 		.4byte	.LFE0-.LFB0
 1990 0018 00000000 		.4byte	.LFB1
 1991 001c 28000000 		.4byte	.LFE1-.LFB1
 1992 0020 00000000 		.4byte	.LFB2
 1993 0024 2A000000 		.4byte	.LFE2-.LFB2
 1994 0028 00000000 		.4byte	0
 1995 002c 00000000 		.4byte	0
 1996              		.section	.debug_ranges,"",%progbits
 1997              	.Ldebug_ranges0:
 1998 0000 0C000000 		.4byte	.LBB2
 1999 0004 1C000000 		.4byte	.LBE2
 2000 0008 1E000000 		.4byte	.LBB3
 2001 000c 24000000 		.4byte	.LBE3
 2002 0010 00000000 		.4byte	0
 2003 0014 00000000 		.4byte	0
 2004 0018 00000000 		.4byte	.LFB0
 2005 001c 2C000000 		.4byte	.LFE0
 2006 0020 00000000 		.4byte	.LFB1
 2007 0024 28000000 		.4byte	.LFE1
ARM GAS  C:\Users\pxc\AppData\Local\Temp\cc1IEE5o.s 			page 38


 2008 0028 00000000 		.4byte	.LFB2
 2009 002c 2A000000 		.4byte	.LFE2
 2010 0030 00000000 		.4byte	0
 2011 0034 00000000 		.4byte	0
 2012              		.section	.debug_line,"",%progbits
 2013              	.Ldebug_line0:
 2014 0000 21010000 		.section	.debug_str,"MS",%progbits,1
 2014      0200CB00 
 2014      00000201 
 2014      FB0E0D00 
 2014      01010101 
 2015              	.LASF136:
 2016 0000 63734865 		.ascii	"csHeartbeat\000"
 2016      61727462 
 2016      65617400 
 2017              	.LASF4:
 2018 000c 52785044 		.ascii	"RxPDO_EventTimers_Handler\000"
 2018      4F5F4576 
 2018      656E7454 
 2018      696D6572 
 2018      735F4861 
 2019              	.LASF127:
 2020 0026 53746F70 		.ascii	"Stopped\000"
 2020      70656400 
 2021              	.LASF137:
 2022 002e 63735044 		.ascii	"csPDO\000"
 2022      4F00
 2023              	.LASF146:
 2024 0034 706F7374 		.ascii	"post_SlaveStateChange_t\000"
 2024      5F536C61 
 2024      76655374 
 2024      61746543 
 2024      68616E67 
 2025              	.LASF67:
 2026 004c 73747275 		.ascii	"struct_CO_Data\000"
 2026      63745F43 
 2026      4F5F4461 
 2026      746100
 2027              	.LASF51:
 2028 005b 756E7369 		.ascii	"unsigned int\000"
 2028      676E6564 
 2028      20696E74 
 2028      00
 2029              	.LASF119:
 2030 0068 7472616E 		.ascii	"transmit_type_parameter\000"
 2030      736D6974 
 2030      5F747970 
 2030      655F7061 
 2030      72616D65 
 2031              	.LASF73:
 2032 0080 73756269 		.ascii	"subindex\000"
 2032      6E646578 
 2032      00
 2033              	.LASF37:
 2034 0089 6463665F 		.ascii	"dcf_odentry\000"
 2034      6F64656E 
 2034      74727900 
ARM GAS  C:\Users\pxc\AppData\Local\Temp\cc1IEE5o.s 			page 39


 2035              	.LASF98:
 2036 0095 77686F61 		.ascii	"whoami\000"
 2036      6D6900
 2037              	.LASF159:
 2038 009c 4E6F6465 		.ascii	"Node_ID\000"
 2038      5F494400 
 2039              	.LASF6:
 2040 00a4 6C617374 		.ascii	"lastIndex\000"
 2040      496E6465 
 2040      7800
 2041              	.LASF90:
 2042 00ae 73746F72 		.ascii	"storeODSubIndex_t\000"
 2042      654F4453 
 2042      7562496E 
 2042      6465785F 
 2042      7400
 2043              	.LASF65:
 2044 00c0 4D657373 		.ascii	"Message\000"
 2044      61676500 
 2045              	.LASF123:
 2046 00c8 496E6974 		.ascii	"Initialisation\000"
 2046      69616C69 
 2046      73617469 
 2046      6F6E00
 2047              	.LASF139:
 2048 00d7 735F7374 		.ascii	"s_state_communication\000"
 2048      6174655F 
 2048      636F6D6D 
 2048      756E6963 
 2048      6174696F 
 2049              	.LASF66:
 2050 00ed 43414E5F 		.ascii	"CAN_PORT\000"
 2050      504F5254 
 2050      00
 2051              	.LASF17:
 2052 00f6 4E4D545F 		.ascii	"NMT_Slave_Node_Reset_Callback\000"
 2052      536C6176 
 2052      655F4E6F 
 2052      64655F52 
 2052      65736574 
 2053              	.LASF143:
 2054 0114 73746F70 		.ascii	"stopped_t\000"
 2054      7065645F 
 2054      7400
 2055              	.LASF31:
 2056 011e 706F7374 		.ascii	"post_SlaveBootup\000"
 2056      5F536C61 
 2056      7665426F 
 2056      6F747570 
 2056      00
 2057              	.LASF34:
 2058 012f 63616E48 		.ascii	"canHandle\000"
 2058      616E646C 
 2058      6500
 2059              	.LASF125:
 2060 0139 436F6E6E 		.ascii	"Connecting\000"
 2060      65637469 
ARM GAS  C:\Users\pxc\AppData\Local\Temp\cc1IEE5o.s 			page 40


 2060      6E6700
 2061              	.LASF158:
 2062 0144 706F7374 		.ascii	"post_emcy_t\000"
 2062      5F656D63 
 2062      795F7400 
 2063              	.LASF79:
 2064 0150 735F7175 		.ascii	"s_quick_index\000"
 2064      69636B5F 
 2064      696E6465 
 2064      7800
 2065              	.LASF113:
 2066 015e 64617461 		.ascii	"dataType\000"
 2066      54797065 
 2066      00
 2067              	.LASF156:
 2068 0167 61637469 		.ascii	"active\000"
 2068      766500
 2069              	.LASF117:
 2070 016e 735F5044 		.ascii	"s_PDO_status\000"
 2070      4F5F7374 
 2070      61747573 
 2070      00
 2071              	.LASF109:
 2072 017b 7365716E 		.ascii	"seqno\000"
 2072      6F00
 2073              	.LASF93:
 2074 0181 52585354 		.ascii	"RXSTEP_END\000"
 2074      45505F45 
 2074      4E4400
 2075              	.LASF9:
 2076 018c 76616C75 		.ascii	"valueRangeTest\000"
 2076      6552616E 
 2076      67655465 
 2076      737400
 2077              	.LASF46:
 2078 019b 6572726F 		.ascii	"error_first_element\000"
 2078      725F6669 
 2078      7273745F 
 2078      656C656D 
 2078      656E7400 
 2079              	.LASF154:
 2080 01af 65727243 		.ascii	"errCode\000"
 2080      6F646500 
 2081              	.LASF89:
 2082 01b7 76616C75 		.ascii	"valueRangeTest_t\000"
 2082      6552616E 
 2082      67655465 
 2082      73745F74 
 2082      00
 2083              	.LASF75:
 2084 01c8 70537562 		.ascii	"pSubindex\000"
 2084      696E6465 
 2084      7800
 2085              	.LASF161:
 2086 01d2 6D617374 		.ascii	"masterSendNMTnodeguard\000"
 2086      65725365 
 2086      6E644E4D 
ARM GAS  C:\Users\pxc\AppData\Local\Temp\cc1IEE5o.s 			page 41


 2086      546E6F64 
 2086      65677561 
 2087              	.LASF102:
 2088 01e9 636F756E 		.ascii	"count\000"
 2088      7400
 2089              	.LASF77:
 2090 01ef 696E6465 		.ascii	"index\000"
 2090      7800
 2091              	.LASF59:
 2092 01f5 6C6F6E67 		.ascii	"long long unsigned int\000"
 2092      206C6F6E 
 2092      6720756E 
 2092      7369676E 
 2092      65642069 
 2093              	.LASF19:
 2094 020c 436F6E73 		.ascii	"ConsumerHeartbeatCount\000"
 2094      756D6572 
 2094      48656172 
 2094      74626561 
 2094      74436F75 
 2095              	.LASF101:
 2096 0223 73756249 		.ascii	"subIndex\000"
 2096      6E646578 
 2096      00
 2097              	.LASF14:
 2098 022c 7072654F 		.ascii	"preOperational\000"
 2098      70657261 
 2098      74696F6E 
 2098      616C00
 2099              	.LASF121:
 2100 023b 696E6869 		.ascii	"inhibit_timer\000"
 2100      6269745F 
 2100      74696D65 
 2100      7200
 2101              	.LASF133:
 2102 0249 63735344 		.ascii	"csSDO\000"
 2102      4F00
 2103              	.LASF110:
 2104 024f 656E6466 		.ascii	"endfield\000"
 2104      69656C64 
 2104      00
 2105              	.LASF44:
 2106 0258 6572726F 		.ascii	"error_history_size\000"
 2106      725F6869 
 2106      73746F72 
 2106      795F7369 
 2106      7A6500
 2107              	.LASF100:
 2108 026b 61626F72 		.ascii	"abortCode\000"
 2108      74436F64 
 2108      6500
 2109              	.LASF134:
 2110 0275 6373456D 		.ascii	"csEmergency\000"
 2110      65726765 
 2110      6E637900 
 2111              	.LASF153:
 2112 0281 655F6572 		.ascii	"e_errorState\000"
ARM GAS  C:\Users\pxc\AppData\Local\Temp\cc1IEE5o.s 			page 42


 2112      726F7253 
 2112      74617465 
 2112      00
 2113              	.LASF70:
 2114 028e 62446174 		.ascii	"bDataType\000"
 2114      61547970 
 2114      6500
 2115              	.LASF38:
 2116 0298 6463665F 		.ascii	"dcf_cursor\000"
 2116      63757273 
 2116      6F7200
 2117              	.LASF167:
 2118 02a3 63616E53 		.ascii	"canSend\000"
 2118      656E6400 
 2119              	.LASF23:
 2120 02ab 50726F64 		.ascii	"ProducerHeartBeatTimer\000"
 2120      75636572 
 2120      48656172 
 2120      74426561 
 2120      7454696D 
 2121              	.LASF115:
 2122 02c2 43616C6C 		.ascii	"Callback\000"
 2122      6261636B 
 2122      00
 2123              	.LASF40:
 2124 02cb 6463665F 		.ascii	"dcf_status\000"
 2124      73746174 
 2124      757300
 2125              	.LASF105:
 2126 02d6 626C6B73 		.ascii	"blksize\000"
 2126      697A6500 
 2127              	.LASF68:
 2128 02de 74645F73 		.ascii	"td_subindex\000"
 2128      7562696E 
 2128      64657800 
 2129              	.LASF103:
 2130 02ea 6F666673 		.ascii	"offset\000"
 2130      657400
 2131              	.LASF108:
 2132 02f1 6C617374 		.ascii	"lastblockoffset\000"
 2132      626C6F63 
 2132      6B6F6666 
 2132      73657400 
 2133              	.LASF25:
 2134 0301 4E4D5461 		.ascii	"NMTable\000"
 2134      626C6500 
 2135              	.LASF116:
 2136 0309 735F7472 		.ascii	"s_transfer\000"
 2136      616E7366 
 2136      657200
 2137              	.LASF2:
 2138 0314 50444F5F 		.ascii	"PDO_status\000"
 2138      73746174 
 2138      757300
 2139              	.LASF84:
 2140 031f 50444F5F 		.ascii	"PDO_TRS\000"
 2140      54525300 
ARM GAS  C:\Users\pxc\AppData\Local\Temp\cc1IEE5o.s 			page 43


 2141              	.LASF76:
 2142 0327 62537562 		.ascii	"bSubCount\000"
 2142      436F756E 
 2142      7400
 2143              	.LASF147:
 2144 0331 706F7374 		.ascii	"post_sync_t\000"
 2144      5F73796E 
 2144      635F7400 
 2145              	.LASF124:
 2146 033d 44697363 		.ascii	"Disconnected\000"
 2146      6F6E6E65 
 2146      63746564 
 2146      00
 2147              	.LASF165:
 2148 034a 2E5C6E6D 		.ascii	".\\nmtMaster.c\000"
 2148      744D6173 
 2148      7465722E 
 2148      6300
 2149              	.LASF15:
 2150 0358 6F706572 		.ascii	"operational\000"
 2150      6174696F 
 2150      6E616C00 
 2151              	.LASF83:
 2152 0364 50444F5F 		.ascii	"PDO_RCV_MAP\000"
 2152      5243565F 
 2152      4D415000 
 2153              	.LASF126:
 2154 0370 50726570 		.ascii	"Preparing\000"
 2154      6172696E 
 2154      6700
 2155              	.LASF151:
 2156 037a 4572726F 		.ascii	"Error_free\000"
 2156      725F6672 
 2156      656500
 2157              	.LASF29:
 2158 0385 706F7374 		.ascii	"post_sync\000"
 2158      5F73796E 
 2158      6300
 2159              	.LASF72:
 2160 038f 704F626A 		.ascii	"pObject\000"
 2160      65637400 
 2161              	.LASF61:
 2162 0397 63686172 		.ascii	"char\000"
 2162      00
 2163              	.LASF118:
 2164 039c 73747275 		.ascii	"struct_s_PDO_status\000"
 2164      63745F73 
 2164      5F50444F 
 2164      5F737461 
 2164      74757300 
 2165              	.LASF12:
 2166 03b0 43757272 		.ascii	"CurrentCommunicationState\000"
 2166      656E7443 
 2166      6F6D6D75 
 2166      6E696361 
 2166      74696F6E 
 2167              	.LASF150:
ARM GAS  C:\Users\pxc\AppData\Local\Temp\cc1IEE5o.s 			page 44


 2168 03ca 656E756D 		.ascii	"enum_errorState\000"
 2168      5F657272 
 2168      6F725374 
 2168      61746500 
 2169              	.LASF47:
 2170 03da 6572726F 		.ascii	"error_register\000"
 2170      725F7265 
 2170      67697374 
 2170      657200
 2171              	.LASF45:
 2172 03e9 6572726F 		.ascii	"error_number\000"
 2172      725F6E75 
 2172      6D626572 
 2172      00
 2173              	.LASF27:
 2174 03f6 434F425F 		.ascii	"COB_ID_Sync\000"
 2174      49445F53 
 2174      796E6300 
 2175              	.LASF69:
 2176 0402 62416363 		.ascii	"bAccessType\000"
 2176      65737354 
 2176      79706500 
 2177              	.LASF63:
 2178 040e 64617461 		.ascii	"data\000"
 2178      00
 2179              	.LASF42:
 2180 0413 6463665F 		.ascii	"dcf_data\000"
 2180      64617461 
 2180      00
 2181              	.LASF43:
 2182 041c 6572726F 		.ascii	"error_state\000"
 2182      725F7374 
 2182      61746500 
 2183              	.LASF21:
 2184 0428 436F6E73 		.ascii	"ConsumerHeartBeatTimers\000"
 2184      756D6572 
 2184      48656172 
 2184      74426561 
 2184      7454696D 
 2185              	.LASF138:
 2186 0440 63734C53 		.ascii	"csLSS\000"
 2186      5300
 2187              	.LASF30:
 2188 0446 706F7374 		.ascii	"post_TPDO\000"
 2188      5F545044 
 2188      4F00
 2189              	.LASF120:
 2190 0450 6576656E 		.ascii	"event_timer\000"
 2190      745F7469 
 2190      6D657200 
 2191              	.LASF26:
 2192 045c 73796E63 		.ascii	"syncTimer\000"
 2192      54696D65 
 2192      7200
 2193              	.LASF58:
 2194 0466 6C6F6E67 		.ascii	"long long int\000"
 2194      206C6F6E 
ARM GAS  C:\Users\pxc\AppData\Local\Temp\cc1IEE5o.s 			page 45


 2194      6720696E 
 2194      7400
 2195              	.LASF166:
 2196 0474 433A5C55 		.ascii	"C:\\Users\\pxc\\Desktop\\MOTION-T1\\posoc\\MOTION-T"
 2196      73657273 
 2196      5C707863 
 2196      5C446573 
 2196      6B746F70 
 2197 04a1 312D5665 		.ascii	"1-Ver1.0-2016-09-18.cydsn\000"
 2197      72312E30 
 2197      2D323031 
 2197      362D3039 
 2197      2D31382E 
 2198              	.LASF130:
 2199 04bb 556E6B6E 		.ascii	"Unknown_state\000"
 2199      6F776E5F 
 2199      73746174 
 2199      6500
 2200              	.LASF160:
 2201 04c9 6D617374 		.ascii	"masterSendNMTstateChange\000"
 2201      65725365 
 2201      6E644E4D 
 2201      54737461 
 2201      74654368 
 2202              	.LASF97:
 2203 04e2 436C6953 		.ascii	"CliServNbr\000"
 2203      6572764E 
 2203      627200
 2204              	.LASF8:
 2205 04ed 69616D5F 		.ascii	"iam_a_slave\000"
 2205      615F736C 
 2205      61766500 
 2206              	.LASF33:
 2207 04f9 746F6767 		.ascii	"toggle\000"
 2207      6C6500
 2208              	.LASF145:
 2209 0500 706F7374 		.ascii	"post_SlaveBootup_t\000"
 2209      5F536C61 
 2209      7665426F 
 2209      6F747570 
 2209      5F7400
 2210              	.LASF95:
 2211 0513 53444F43 		.ascii	"SDOCallback_t\000"
 2211      616C6C62 
 2211      61636B5F 
 2211      7400
 2212              	.LASF86:
 2213 0521 71756963 		.ascii	"quick_index\000"
 2213      6B5F696E 
 2213      64657800 
 2214              	.LASF71:
 2215 052d 73697A65 		.ascii	"size\000"
 2215      00
 2216              	.LASF142:
 2217 0532 6F706572 		.ascii	"operational_t\000"
 2217      6174696F 
 2217      6E616C5F 
ARM GAS  C:\Users\pxc\AppData\Local\Temp\cc1IEE5o.s 			page 46


 2217      7400
 2218              	.LASF92:
 2219 0540 52585354 		.ascii	"RXSTEP_STARTED\000"
 2219      45505F53 
 2219      54415254 
 2219      454400
 2220              	.LASF112:
 2221 054f 746D7044 		.ascii	"tmpData\000"
 2221      61746100 
 2222              	.LASF82:
 2223 0557 50444F5F 		.ascii	"PDO_RCV\000"
 2223      52435600 
 2224              	.LASF94:
 2225 055f 72785374 		.ascii	"rxStep_t\000"
 2225      65705F74 
 2225      00
 2226              	.LASF78:
 2227 0568 696E6465 		.ascii	"indextable\000"
 2227      78746162 
 2227      6C6500
 2228              	.LASF163:
 2229 0573 6D617374 		.ascii	"masterRequestNodeState\000"
 2229      65725265 
 2229      71756573 
 2229      744E6F64 
 2229      65537461 
 2230              	.LASF149:
 2231 058a 656E756D 		.ascii	"enum_nodeState\000"
 2231      5F6E6F64 
 2231      65537461 
 2231      746500
 2232              	.LASF85:
 2233 0599 50444F5F 		.ascii	"PDO_TRS_MAP\000"
 2233      5452535F 
 2233      4D415000 
 2234              	.LASF91:
 2235 05a5 52585354 		.ascii	"RXSTEP_INIT\000"
 2235      45505F49 
 2235      4E495400 
 2236              	.LASF24:
 2237 05b1 68656172 		.ascii	"heartbeatError\000"
 2237      74626561 
 2237      74457272 
 2237      6F7200
 2238              	.LASF74:
 2239 05c0 74645F69 		.ascii	"td_indextable\000"
 2239      6E646578 
 2239      7461626C 
 2239      6500
 2240              	.LASF35:
 2241 05ce 7363616E 		.ascii	"scanIndexOD\000"
 2241      496E6465 
 2241      784F4400 
 2242              	.LASF41:
 2243 05da 6463665F 		.ascii	"dcf_size\000"
 2243      73697A65 
 2243      00
ARM GAS  C:\Users\pxc\AppData\Local\Temp\cc1IEE5o.s 			page 47


 2244              	.LASF54:
 2245 05e3 73686F72 		.ascii	"short int\000"
 2245      7420696E 
 2245      7400
 2246              	.LASF1:
 2247 05ed 6F626A64 		.ascii	"objdict\000"
 2247      69637400 
 2248              	.LASF56:
 2249 05f5 6C6F6E67 		.ascii	"long int\000"
 2249      20696E74 
 2249      00
 2250              	.LASF0:
 2251 05fe 62446576 		.ascii	"bDeviceNodeId\000"
 2251      6963654E 
 2251      6F646549 
 2251      6400
 2252              	.LASF141:
 2253 060c 7072654F 		.ascii	"preOperational_t\000"
 2253      70657261 
 2253      74696F6E 
 2253      616C5F74 
 2253      00
 2254              	.LASF135:
 2255 061d 63735359 		.ascii	"csSYNC\000"
 2255      4E4300
 2256              	.LASF3:
 2257 0624 52785044 		.ascii	"RxPDO_EventTimers\000"
 2257      4F5F4576 
 2257      656E7454 
 2257      696D6572 
 2257      7300
 2258              	.LASF87:
 2259 0636 4F444361 		.ascii	"ODCallback_t\000"
 2259      6C6C6261 
 2259      636B5F74 
 2259      00
 2260              	.LASF140:
 2261 0643 696E6974 		.ascii	"initialisation_t\000"
 2261      69616C69 
 2261      73617469 
 2261      6F6E5F74 
 2261      00
 2262              	.LASF96:
 2263 0654 73747275 		.ascii	"struct_s_transfer\000"
 2263      63745F73 
 2263      5F747261 
 2263      6E736665 
 2263      7200
 2264              	.LASF111:
 2265 0666 72787374 		.ascii	"rxstep\000"
 2265      657000
 2266              	.LASF148:
 2267 066d 706F7374 		.ascii	"post_TPDO_t\000"
 2267      5F545044 
 2267      4F5F7400 
 2268              	.LASF32:
 2269 0679 706F7374 		.ascii	"post_SlaveStateChange\000"
ARM GAS  C:\Users\pxc\AppData\Local\Temp\cc1IEE5o.s 			page 48


 2269      5F536C61 
 2269      76655374 
 2269      61746543 
 2269      68616E67 
 2270              	.LASF10:
 2271 068f 7472616E 		.ascii	"transfers\000"
 2271      73666572 
 2271      7300
 2272              	.LASF60:
 2273 0699 73697A65 		.ascii	"sizetype\000"
 2273      74797065 
 2273      00
 2274              	.LASF57:
 2275 06a2 6C6F6E67 		.ascii	"long unsigned int\000"
 2275      20756E73 
 2275      69676E65 
 2275      6420696E 
 2275      7400
 2276              	.LASF39:
 2277 06b4 6463665F 		.ascii	"dcf_entries_count\000"
 2277      656E7472 
 2277      6965735F 
 2277      636F756E 
 2277      7400
 2278              	.LASF7:
 2279 06c6 4F626A64 		.ascii	"ObjdictSize\000"
 2279      69637453 
 2279      697A6500 
 2280              	.LASF5:
 2281 06d2 66697273 		.ascii	"firstIndex\000"
 2281      74496E64 
 2281      657800
 2282              	.LASF18:
 2283 06dd 4E4D545F 		.ascii	"NMT_Slave_Communications_Reset_Callback\000"
 2283      536C6176 
 2283      655F436F 
 2283      6D6D756E 
 2283      69636174 
 2284              	.LASF28:
 2285 0705 53796E63 		.ascii	"Sync_Cycle_Period\000"
 2285      5F437963 
 2285      6C655F50 
 2285      6572696F 
 2285      6400
 2286              	.LASF155:
 2287 0717 65727252 		.ascii	"errRegMask\000"
 2287      65674D61 
 2287      736B00
 2288              	.LASF132:
 2289 0722 6373426F 		.ascii	"csBoot_Up\000"
 2289      6F745F55 
 2289      7000
 2290              	.LASF13:
 2291 072c 696E6974 		.ascii	"initialisation\000"
 2291      69616C69 
 2291      73617469 
 2291      6F6E00
ARM GAS  C:\Users\pxc\AppData\Local\Temp\cc1IEE5o.s 			page 49


 2292              	.LASF152:
 2293 073b 4572726F 		.ascii	"Error_occurred\000"
 2293      725F6F63 
 2293      63757272 
 2293      656400
 2294              	.LASF107:
 2295 074a 6F626A73 		.ascii	"objsize\000"
 2295      697A6500 
 2296              	.LASF48:
 2297 0752 6572726F 		.ascii	"error_cobid\000"
 2297      725F636F 
 2297      62696400 
 2298              	.LASF53:
 2299 075e 756E7369 		.ascii	"unsigned char\000"
 2299      676E6564 
 2299      20636861 
 2299      7200
 2300              	.LASF164:
 2301 076c 474E5520 		.ascii	"GNU C 4.9.3 20150303 (release) [ARM/embedded-4_9-br"
 2301      4320342E 
 2301      392E3320 
 2301      32303135 
 2301      30333033 
 2302 079f 616E6368 		.ascii	"anch revision 221220] -mcpu=cortex-m3 -mthumb -g -O"
 2302      20726576 
 2302      6973696F 
 2302      6E203232 
 2302      31323230 
 2303 07d2 67202D66 		.ascii	"g -ffunction-sections -ffat-lto-objects\000"
 2303      66756E63 
 2303      74696F6E 
 2303      2D736563 
 2303      74696F6E 
 2304              	.LASF144:
 2305 07fa 68656172 		.ascii	"heartbeatError_t\000"
 2305      74626561 
 2305      74457272 
 2305      6F725F74 
 2305      00
 2306              	.LASF106:
 2307 080b 61636B73 		.ascii	"ackseq\000"
 2307      657100
 2308              	.LASF122:
 2309 0812 6C617374 		.ascii	"last_message\000"
 2309      5F6D6573 
 2309      73616765 
 2309      00
 2310              	.LASF16:
 2311 081f 73746F70 		.ascii	"stopped\000"
 2311      70656400 
 2312              	.LASF50:
 2313 0827 706F7374 		.ascii	"post_emcy\000"
 2313      5F656D63 
 2313      7900
 2314              	.LASF131:
 2315 0831 655F6E6F 		.ascii	"e_nodeState\000"
 2315      64655374 
ARM GAS  C:\Users\pxc\AppData\Local\Temp\cc1IEE5o.s 			page 50


 2315      61746500 
 2316              	.LASF99:
 2317 083d 73746174 		.ascii	"state\000"
 2317      6500
 2318              	.LASF81:
 2319 0843 53444F5F 		.ascii	"SDO_CLT\000"
 2319      434C5400 
 2320              	.LASF80:
 2321 084b 53444F5F 		.ascii	"SDO_SVR\000"
 2321      53565200 
 2322              	.LASF52:
 2323 0853 7369676E 		.ascii	"signed char\000"
 2323      65642063 
 2323      68617200 
 2324              	.LASF20:
 2325 085f 436F6E73 		.ascii	"ConsumerHeartbeatEntries\000"
 2325      756D6572 
 2325      48656172 
 2325      74626561 
 2325      74456E74 
 2326              	.LASF55:
 2327 0878 73686F72 		.ascii	"short unsigned int\000"
 2327      7420756E 
 2327      7369676E 
 2327      65642069 
 2327      6E7400
 2328              	.LASF22:
 2329 088b 50726F64 		.ascii	"ProducerHeartBeatTime\000"
 2329      75636572 
 2329      48656172 
 2329      74426561 
 2329      7454696D 
 2330              	.LASF104:
 2331 08a1 70656572 		.ascii	"peerCRCsupport\000"
 2331      43524373 
 2331      7570706F 
 2331      727400
 2332              	.LASF128:
 2333 08b0 4F706572 		.ascii	"Operational\000"
 2333      6174696F 
 2333      6E616C00 
 2334              	.LASF36:
 2335 08bc 73746F72 		.ascii	"storeODSubIndex\000"
 2335      654F4453 
 2335      7562496E 
 2335      64657800 
 2336              	.LASF11:
 2337 08cc 6E6F6465 		.ascii	"nodeState\000"
 2337      53746174 
 2337      6500
 2338              	.LASF49:
 2339 08d6 6572726F 		.ascii	"error_data\000"
 2339      725F6461 
 2339      746100
 2340              	.LASF129:
 2341 08e1 5072655F 		.ascii	"Pre_operational\000"
 2341      6F706572 
ARM GAS  C:\Users\pxc\AppData\Local\Temp\cc1IEE5o.s 			page 51


 2341      6174696F 
 2341      6E616C00 
 2342              	.LASF62:
 2343 08f1 636F625F 		.ascii	"cob_id\000"
 2343      696400
 2344              	.LASF157:
 2345 08f8 735F6572 		.ascii	"s_errors\000"
 2345      726F7273 
 2345      00
 2346              	.LASF114:
 2347 0901 74696D65 		.ascii	"timer\000"
 2347      7200
 2348              	.LASF64:
 2349 0907 434F5F44 		.ascii	"CO_Data\000"
 2349      61746100 
 2350              	.LASF88:
 2351 090f 7363616E 		.ascii	"scanIndexOD_t\000"
 2351      496E6465 
 2351      784F445F 
 2351      7400
 2352              	.LASF162:
 2353 091d 6E6F6465 		.ascii	"nodeId\000"
 2353      496400
 2354              		.ident	"GCC: (GNU Tools for ARM Embedded Processors) 4.9.3 20150303 (release) [ARM/embedded-4_9-br
