C51 COMPILER V9.51   CYFITTER_CFG                                                          09/19/2016 16:11:31 PAGE 1   


C51 COMPILER V9.51, COMPILATION OF MODULE CYFITTER_CFG
OBJECT MODULE PLACED IN .\DP8051_Keil_951\Debug\cyfitter_cfg.obj
COMPILER INVOKED BY: C:\Program Files (x86)\Cypress\PSoC Creator\3.3\PSoC Creator\import\keil\pk51\9.51\C51\BIN\c51.exe 
                    -.\Generated_Source\PSoC3\cyfitter_cfg.c NOIV LARGE MODDP2 OMF2 VB(1) NOIP INCDIR(.,Generated_Source\PSoC3) FF(3) DB WL(2
                    -) PR(.\DP8051_Keil_951\Debug/cyfitter_cfg.lst) CD OT(0,SIZE) OJ(.\DP8051_Keil_951\Debug\cyfitter_cfg.obj)

line level    source

   1          /*******************************************************************************
   2          * File Name: cyfitter_cfg.c
   3          * 
   4          * PSoC Creator  3.3
   5          *
   6          * Description:
   7          * This file contains device initialization code.
   8          * Except for the user defined sections in CyClockStartupError(), this file should not be modified.
   9          * This file is automatically generated by PSoC Creator.
  10          *
  11          ********************************************************************************
  12          * Copyright (c) 2007-2015 Cypress Semiconductor.  All rights reserved.
  13          * You may use this file only in accordance with the license, terms, conditions, 
  14          * disclaimers, and limitations in the end user license agreement accompanying 
  15          * the software package with which this file was provided.
  16          ********************************************************************************/
  17          
  18          #include <string.h>
  19          #include "cytypes.h"
  20          #include "cydevice_trm.h"
  21          #include "cyfitter.h"
  22          #include "CyLib.h"
  23          #include "cyfitter_cfg.h"
  24          
  25          #define CY_NEED_CYCLOCKSTARTUPERROR 1
  26          
  27          
  28          #if defined(__C51__) || defined(__CX51__)
  29                  #define CYPACKED
  30                  #define CYPACKED_ATTR
  31                  #define CYALIGNED
  32                  
  33              #define CY_CFG_UNUSED
  34                  #define CY_CFG_MEMORY_BARRIER() do { } while (0)
  35          
  36          
  37          
  38                  #define CYMEMZERO(a,c) cymemzero((a),(c))
  39                  #define CYCONFIGCPY(d,s,c) cyconfigcpy((c),(s),(d))
  40                  #define CYCONFIGCPYCODE(d,s,c) cyconfigcpycode((c),(s),(d))
  41          #else
                      #error Unsupported toolchain
              #endif
  44          
  45          
  46          
  47          /* Clock startup error codes                                                   */
  48          #define CYCLOCKSTART_NO_ERROR    0u
  49          #define CYCLOCKSTART_XTAL_ERROR  1u
  50          #define CYCLOCKSTART_32KHZ_ERROR 2u
  51          #define CYCLOCKSTART_PLL_ERROR   3u
  52          
  53          #ifdef CY_NEED_CYCLOCKSTARTUPERROR
C51 COMPILER V9.51   CYFITTER_CFG                                                          09/19/2016 16:11:31 PAGE 2   

  54          /*******************************************************************************
  55          * Function Name: CyClockStartupError
  56          ********************************************************************************
  57          * Summary:
  58          *  If an error is encountered during clock configuration (crystal startup error,
  59          *  PLL lock error, etc.), the system will end up here.  Unless reimplemented by
  60          *  the customer, this function will stop in an infinite loop.
  61          *
  62          * Parameters:
  63          *   void
  64          *
  65          * Return:
  66          *   void
  67          *
  68          *******************************************************************************/
  69          CY_CFG_UNUSED
  70          static void CyClockStartupError(uint8 errorCode);
  71          CY_CFG_UNUSED
  72          static void CyClockStartupError(uint8 errorCode)
  73          {
  74   1          /* To remove the compiler warning if errorCode not used.                */
  75   1          errorCode = errorCode;
  76   1      
  77   1          /* `#START CyClockStartupError` */
  78   1      
  79   1          /* If we have a clock startup error (bad MHz crystal, PLL lock, etc.),  */
  80   1          /* we will end up here to allow the customer to implement something to  */
  81   1          /* deal with the clock condition.                                       */
  82   1      
  83   1          /* `#END` */
  84   1      
  85   1          /* If nothing else, stop here since the clocks have not started         */
  86   1          /* correctly.                                                           */
  87   1          while(1) {}
  88   1      }
  89          #endif
  90          
  91          #define cfg_byte_table ((const void CYFAR *)0x080000u)
  92          /* IOPINS0_8 Address: CYREG_PRT15_DR Size (bytes): 10 */
  93          #define BS_IOPINS0_8_VAL ((const uint8 CYFAR *)0x00080044u)
  94          
  95          /* IOPINS0_1 Address: CYREG_PRT1_DM0 Size (bytes): 8 */
  96          #define BS_IOPINS0_1_VAL ((const uint8 CYFAR *)0x00080050u)
  97          
  98          
  99          /*******************************************************************************
 100          * Function Name: ClockSetup
 101          ********************************************************************************
 102          *
 103          * Summary:
 104          *  Performs the initialization of all of the clocks in the device based on the
 105          *  settings in the Clock tab of the DWR.  This includes enabling the requested
 106          *  clocks and setting the necessary dividers to produce the desired frequency. 
 107          *
 108          * Parameters:
 109          *  void
 110          *
 111          * Return:
 112          *  void
 113          *
 114          *******************************************************************************/
 115          static void ClockSetup(void);
C51 COMPILER V9.51   CYFITTER_CFG                                                          09/19/2016 16:11:31 PAGE 3   

 116          static void ClockSetup(void)
 117          {
 118   1              uint32 timeout;
 119   1              uint8 pllLock;
 120   1      
 121   1      
 122   1              /* Configure ILO based on settings from Clock DWR */
 123   1              CY_SET_REG8((void CYXDATA *)(CYREG_SLOWCLK_ILO_CR0), 0x06u);
 124   1      
 125   1              /* Configure IMO based on settings from Clock DWR */
 126   1              CY_SET_REG8((void CYXDATA *)(CYREG_FASTCLK_IMO_CR), 0x52u);
 127   1              CY_SET_REG8((void CYXDATA *)(CYREG_IMO_TR1), (CY_GET_XTND_REG8((void CYFAR *)CYREG_FLSHID_CUST_TABLES_IMO
             -_USB)));
 128   1      
 129   1              /* Configure PLL based on settings from Clock DWR */
 130   1              CY_SET_XTND_REG16((void CYFAR *)(CYREG_FASTCLK_PLL_P), 0x070Bu);
 131   1              CY_SET_XTND_REG16((void CYFAR *)(CYREG_FASTCLK_PLL_CFG0), 0x1251u);
 132   1              /* Wait up to 250us for the PLL to lock */
 133   1              pllLock = 0u;
 134   1              for (timeout = 250u / 10u; (timeout > 0u) && (pllLock != 0x03u); timeout--)
 135   1              { 
 136   2                      pllLock = 0x03u & ((uint8)((uint8)pllLock << 1) | ((CY_GET_REG8((void CYXDATA *)CYREG_FASTCLK_PLL_SR) & 
             -0x01u) >> 0));
 137   2                      CyDelayCycles(10u * 48u); /* Delay 10us based on 48MHz clock */
 138   2              }
 139   1              /* If we ran out of time the PLL didn't lock so go to the error function */
 140   1              if (timeout == 0u)
 141   1              {
 142   2                      CyClockStartupError(CYCLOCKSTART_PLL_ERROR);
 143   2              }
 144   1      
 145   1              /* Configure Bus/Master Clock based on settings from Clock DWR */
 146   1              CY_SET_XTND_REG16((void CYFAR *)(CYREG_CLKDIST_MSTR0), 0x0100u);
 147   1              CY_SET_REG8((void CYXDATA *)(CYREG_CLKDIST_MSTR0), 0x07u);
 148   1              CY_SET_REG8((void CYXDATA *)(CYREG_CLKDIST_BCFG0), 0x00u);
 149   1              CY_SET_REG8((void CYXDATA *)(CYREG_CLKDIST_BCFG2), 0x48u);
 150   1              CY_SET_REG8((void CYXDATA *)(CYREG_CLKDIST_MSTR0), 0x00u);
 151   1      
 152   1              /* Configure USB Clock based on settings from Clock DWR */
 153   1              CY_SET_REG8((void CYXDATA *)(CYREG_CLKDIST_UCFG), 0x00u);
 154   1              CY_SET_REG8((void CYXDATA *)(CYREG_CLKDIST_LD), 0x02u);
 155   1      }
 156          
 157          
 158          /* Analog API Functions */
 159          
 160          
 161          /*******************************************************************************
 162          * Function Name: AnalogSetDefault
 163          ********************************************************************************
 164          *
 165          * Summary:
 166          *  Sets up the analog portions of the chip to default values based on chip
 167          *  configuration options from the project.
 168          *
 169          * Parameters:
 170          *  void
 171          *
 172          * Return:
 173          *  void
 174          *
 175          *******************************************************************************/
C51 COMPILER V9.51   CYFITTER_CFG                                                          09/19/2016 16:11:31 PAGE 4   

 176          static void AnalogSetDefault(void);
 177          static void AnalogSetDefault(void)
 178          {
 179   1              uint8 bg_xover_inl_trim = CY_GET_XTND_REG8((void CYFAR *)(CYREG_FLSHID_MFG_CFG_BG_XOVER_INL_TRIM + 1u));
 180   1              CY_SET_REG8((void CYXDATA *)(CYREG_BG_DFT0), (bg_xover_inl_trim & 0x07u));
 181   1              CY_SET_REG8((void CYXDATA *)(CYREG_BG_DFT1), ((bg_xover_inl_trim >> 4) & 0x0Fu));
 182   1              CY_SET_REG8((void CYXDATA *)CYREG_PUMP_CR0, 0x44u);
 183   1      }
 184          
 185          
 186          /*******************************************************************************
 187          * Function Name: SetAnalogRoutingPumps
 188          ********************************************************************************
 189          *
 190          * Summary:
 191          * Enables or disables the analog pumps feeding analog routing switches.
 192          * Intended to be called at startup, based on the Vdda system configuration;
 193          * may be called during operation when the user informs us that the Vdda voltage
 194          * crossed the pump threshold.
 195          *
 196          * Parameters:
 197          *  enabled - 1 to enable the pumps, 0 to disable the pumps
 198          *
 199          * Return:
 200          *  void
 201          *
 202          *******************************************************************************/
 203          void SetAnalogRoutingPumps(uint8 enabled)
 204          {
 205   1              uint8 regValue = CY_GET_REG8((void CYXDATA *)CYREG_PUMP_CR0);
 206   1              if (enabled != 0u)
 207   1              {
 208   2                      regValue |= 0x00u;
 209   2              }
 210   1              else
 211   1              {
 212   2                      regValue &= (uint8)~0x00u;
 213   2              }
 214   1              CY_SET_REG8((void CYXDATA *)CYREG_PUMP_CR0, regValue);
 215   1      }
 216          
 217          #define CY_AMUX_UNUSED CYREG_BOOST_SR
 218          
 219          
 220          /*******************************************************************************
 221          * Function Name: cyfitter_cfg
 222          ********************************************************************************
 223          * Summary:
 224          *  This function is called by the start-up code for the selected device. It
 225          *  performs all of the necessary device configuration based on the design
 226          *  settings.  This includes settings from the Design Wide Resources (DWR) such
 227          *  as Clocks and Pins as well as any component configuration that is necessary.
 228          *
 229          * Parameters:  
 230          *   void
 231          *
 232          * Return:
 233          *   void
 234          *
 235          *******************************************************************************/
 236          
 237          void cyfitter_cfg(void)
C51 COMPILER V9.51   CYFITTER_CFG                                                          09/19/2016 16:11:31 PAGE 5   

 238          {
 239   1              /* Enable/Disable Debug functionality based on settings from System DWR */
 240   1              CY_SET_XTND_REG8((void CYFAR *)CYREG_MLOGIC_DEBUG, (CY_GET_XTND_REG8((void CYFAR *)CYREG_MLOGIC_DEBUG) | 
             -0x05u));
 241   1      
 242   1              {
 243   2      
 244   2                      CYPACKED typedef struct {
 245   2                              void CYFAR *address;
 246   2                              uint16 size;
 247   2                      } CYPACKED_ATTR cfg_memset_t;
 248   2      
 249   2                      static const cfg_memset_t CYCODE cfg_memset_list [] = {
 250   2                              /* address, size */
 251   2                              {(void CYFAR *)(CYREG_PRT0_DR), 16u},
 252   2                              {(void CYFAR *)(CYREG_PRT2_DR), 80u},
 253   2                              {(void CYFAR *)(CYREG_PRT12_DR), 16u},
 254   2                              {(void CYFAR *)(CYDEV_UCFG_B0_P0_U0_BASE), 4096u},
 255   2                              {(void CYFAR *)(CYDEV_UCFG_B1_P2_U0_BASE), 2048u},
 256   2                              {(void CYFAR *)(CYDEV_UCFG_DSI0_BASE), 2560u},
 257   2                              {(void CYFAR *)(CYDEV_UCFG_DSI12_BASE), 512u},
 258   2                              {(void CYFAR *)(CYREG_BCTL0_MDCLK_EN), 32u},
 259   2                      };
 260   2      
 261   2                      uint8 CYDATA i;
 262   2      
 263   2                      /* Zero out critical memory blocks before beginning configuration */
 264   2                      for (i = 0u; i < (sizeof(cfg_memset_list)/sizeof(cfg_memset_list[0])); i++)
 265   2                      {
 266   3                              const cfg_memset_t CYCODE * CYDATA ms = &cfg_memset_list[i];
 267   3                              CYMEMZERO(ms->address, ms->size);
 268   3                      }
 269   2      
 270   2                      cfg_write_bytes(cfg_byte_table);
 271   2      
 272   2                      /* Enable digital routing */
 273   2                      CY_SET_XTND_REG8((void CYFAR *)CYREG_BCTL0_BANK_CTL, CY_GET_XTND_REG8((void CYFAR *)CYREG_BCTL0_BANK_CTL
             -) | 0x02u);
 274   2                      CY_SET_XTND_REG8((void CYFAR *)CYREG_BCTL1_BANK_CTL, CY_GET_XTND_REG8((void CYFAR *)CYREG_BCTL1_BANK_CTL
             -) | 0x02u);
 275   2      
 276   2                      /* Enable UDB array */
 277   2                      CY_SET_REG8((void CYXDATA *)CYREG_PM_ACT_CFG0, CY_GET_REG8((void CYXDATA *)CYREG_PM_ACT_CFG0) | 0x40u);
 278   2                      CY_SET_REG8((void CYXDATA *)CYREG_PM_AVAIL_CR2, CY_GET_REG8((void CYXDATA *)CYREG_PM_AVAIL_CR2) | 0x10u)
             -;
 279   2              }
 280   1      
 281   1      
 282   1              /* Perform second pass device configuration. These items must be configured in specific order after the r
             -egular configuration is done. */
 283   1              CYCONFIGCPY((void CYFAR *)(CYREG_PRT15_DR), (const void CYFAR *)(BS_IOPINS0_8_VAL), 10u);
 284   1              CYCONFIGCPY((void CYFAR *)(CYREG_PRT1_DM0), (const void CYFAR *)(BS_IOPINS0_1_VAL), 8u);
 285   1              CY_SET_REG8((void CYXDATA *)(CYREG_INTC_CSR_EN), 0x01u);
 286   1              /* Switch Boost to the precision bandgap reference from its internal reference */
 287   1              CY_SET_REG8((void CYXDATA *)CYREG_BOOST_CR2, (CY_GET_REG8((void CYXDATA *)CYREG_BOOST_CR2) | 0x08u));
 288   1              if (CYDEV_CHIP_REV_ACTUAL < 5u)
 289   1              {
 290   2                      CY_SET_REG8((void CYXDATA *)CYREG_PWRSYS_WAKE_TR2, 0x3Au);
 291   2              }
 292   1      
 293   1      
 294   1              /* Set Flash Cycles based on max possible frequency in case a glitch occurs during ClockSetup(). */
C51 COMPILER V9.51   CYFITTER_CFG                                                          09/19/2016 16:11:31 PAGE 6   

 295   1              CY_SET_REG8((void CYXDATA *)(CYREG_CACHE_CR), (((CYDEV_INSTRUCT_CACHE_ENABLED) != 0) ? 0xF1u : 0xC0u));
 296   1              /* Setup clocks based on selections from Clock DWR */
 297   1              ClockSetup();
 298   1              /* Set Flash Cycles based on newly configured 33.00MHz Bus Clock. */
 299   1              CY_SET_REG8((void CYXDATA *)(CYREG_CACHE_CR), (((CYDEV_INSTRUCT_CACHE_ENABLED) != 0) ? 0xB1u : 0x80u));
 300   1      
 301   1              /* Perform basic analog initialization to defaults */
 302   1              AnalogSetDefault();
 303   1      
 304   1              /* Configure alternate active mode */
 305   1              CYCONFIGCPY((void CYFAR *)CYDEV_PM_STBY_BASE, (const void CYFAR *)CYDEV_PM_ACT_BASE, 14u);
 306   1              CY_SET_REG8((void CYXDATA *)CYREG_PM_STBY_CFG0, CY_GET_REG8((void CYXDATA *)CYREG_PM_STBY_CFG0) & (uint8)
             -~0x02u);        /* Disable CPU */
 307   1      }
C51 COMPILER V9.51   CYFITTER_CFG                                                          09/19/2016 16:11:31 PAGE 7   

ASSEMBLY LISTING OF GENERATED OBJECT CODE


             ; FUNCTION _CyClockStartupError (BEGIN)
                                           ; SOURCE LINE # 72
0000 900000      R     MOV     DPTR,#errorCode
0003 EF                MOV     A,R7
0004 F0                MOVX    @DPTR,A
                                           ; SOURCE LINE # 73
                                           ; SOURCE LINE # 75
0005 900000      R     MOV     DPTR,#errorCode
0008 E0                MOVX    A,@DPTR
0009 FF                MOV     R7,A
000A 900000      R     MOV     DPTR,#errorCode
000D EF                MOV     A,R7
000E F0                MOVX    @DPTR,A
000F         ?C0001:
                                           ; SOURCE LINE # 87
000F 80FE              SJMP    ?C0001
0011         ?C0002:
                                           ; SOURCE LINE # 88
0011         ?C0003:
0011 22                RET     
             ; FUNCTION _CyClockStartupError (END)

             ; FUNCTION ClockSetup (BEGIN)
                                           ; SOURCE LINE # 116
                                           ; SOURCE LINE # 117
                                           ; SOURCE LINE # 123
0000 904300            MOV     DPTR,#04300H
0003 7406              MOV     A,#06H
0005 F0                MOVX    @DPTR,A
                                           ; SOURCE LINE # 126
0006 904200            MOV     DPTR,#04200H
0009 7452              MOV     A,#052H
000B F0                MOVX    @DPTR,A
                                           ; SOURCE LINE # 127
000C 7B0C              MOV     R3,#0CH
000E 7A01              MOV     R2,#01H
0010 790F              MOV     R1,#0FH
0012 120000      E     LCALL   _cyread8
0015 9046A1            MOV     DPTR,#046A1H
0018 EF                MOV     A,R7
0019 F0                MOVX    @DPTR,A
                                           ; SOURCE LINE # 130
001A 7B00              MOV     R3,#00H
001C 7A42              MOV     R2,#042H
001E 7922              MOV     R1,#022H
0020 7D0B              MOV     R5,#0BH
0022 7C07              MOV     R4,#07H
0024 120000      E     LCALL   _cywrite16
                                           ; SOURCE LINE # 131
0027 7B00              MOV     R3,#00H
0029 7A42              MOV     R2,#042H
002B 7920              MOV     R1,#020H
002D 7D51              MOV     R5,#051H
002F 7C12              MOV     R4,#012H
0031 120000      E     LCALL   _cywrite16
                                           ; SOURCE LINE # 133
0034 900000      R     MOV     DPTR,#pllLock
0037 E4                CLR     A
0038 F0                MOVX    @DPTR,A
C51 COMPILER V9.51   CYFITTER_CFG                                                          09/19/2016 16:11:31 PAGE 8   

                                           ; SOURCE LINE # 134
0039 7F19              MOV     R7,#019H
003B 7E00              MOV     R6,#00H
003D 7D00              MOV     R5,#00H
003F 7C00              MOV     R4,#00H
0041 900000      R     MOV     DPTR,#timeout
0044 120000      E     LCALL   ?C?LSTXDATA
0047         ?C0004:
0047 900000      R     MOV     DPTR,#timeout
004A 120000      E     LCALL   ?C?LLDXDATA
004D D3                SETB    C
004E EF                MOV     A,R7
004F 9400              SUBB    A,#00H
0051 EE                MOV     A,R6
0052 9400              SUBB    A,#00H
0054 404E              JC      ?C0005
0056 900000      R     MOV     DPTR,#pllLock
0059 E0                MOVX    A,@DPTR
005A FF                MOV     R7,A
005B EF                MOV     A,R7
005C 6403              XRL     A,#03H
005E 6044              JZ      ?C0005
                                           ; SOURCE LINE # 135
                                           ; SOURCE LINE # 136
0060 904225            MOV     DPTR,#04225H
0063 E0                MOVX    A,@DPTR
0064 FF                MOV     R7,A
0065 EF                MOV     A,R7
0066 5401              ANL     A,#01H
0068 FF                MOV     R7,A
0069 7E00              MOV     R6,#00H
006B 900000      R     MOV     DPTR,#pllLock
006E E0                MOVX    A,@DPTR
006F FE                MOV     R6,A
0070 EE                MOV     A,R6
0071 25E0              ADD     A,ACC
0073 FE                MOV     R6,A
0074 EE                MOV     A,R6
0075 4F                ORL     A,R7
0076 FF                MOV     R7,A
0077 EF                MOV     A,R7
0078 5403              ANL     A,#03H
007A FF                MOV     R7,A
007B 900000      R     MOV     DPTR,#pllLock
007E EF                MOV     A,R7
007F F0                MOVX    @DPTR,A
                                           ; SOURCE LINE # 137
0080 7FE0              MOV     R7,#0E0H
0082 7E01              MOV     R6,#01H
0084 7D00              MOV     R5,#00H
0086 7C00              MOV     R4,#00H
0088 120000      E     LCALL   _CyDelayCycles
                                           ; SOURCE LINE # 138
008B         ?C0006:
008B 900000      R     MOV     DPTR,#timeout
008E 120000      E     LCALL   ?C?LLDXDATA
0091 7BFF              MOV     R3,#0FFH
0093 7AFF              MOV     R2,#0FFH
0095 79FF              MOV     R1,#0FFH
0097 78FF              MOV     R0,#0FFH
0099 120000      E     LCALL   ?C?LADD
009C 900000      R     MOV     DPTR,#timeout
C51 COMPILER V9.51   CYFITTER_CFG                                                          09/19/2016 16:11:31 PAGE 9   

009F 120000      E     LCALL   ?C?LSTXDATA
00A2 80A3              SJMP    ?C0004
00A4         ?C0005:
                                           ; SOURCE LINE # 140
00A4 900000      R     MOV     DPTR,#timeout
00A7 120000      E     LCALL   ?C?LLDXDATA
00AA EF                MOV     A,R7
00AB 4E                ORL     A,R6
00AC 7005              JNZ     ?C0007
                                           ; SOURCE LINE # 141
                                           ; SOURCE LINE # 142
00AE 7F03              MOV     R7,#03H
00B0 120000      R     LCALL   _CyClockStartupError
                                           ; SOURCE LINE # 143
00B3         ?C0007:
                                           ; SOURCE LINE # 146
00B3 7B00              MOV     R3,#00H
00B5 7A40              MOV     R2,#040H
00B7 7904              MOV     R1,#04H
00B9 7D00              MOV     R5,#00H
00BB 7C01              MOV     R4,#01H
00BD 120000      E     LCALL   _cywrite16
                                           ; SOURCE LINE # 147
00C0 904004            MOV     DPTR,#04004H
00C3 7407              MOV     A,#07H
00C5 F0                MOVX    @DPTR,A
                                           ; SOURCE LINE # 148
00C6 904006            MOV     DPTR,#04006H
00C9 E4                CLR     A
00CA F0                MOVX    @DPTR,A
                                           ; SOURCE LINE # 149
00CB 904008            MOV     DPTR,#04008H
00CE 7448              MOV     A,#048H
00D0 F0                MOVX    @DPTR,A
                                           ; SOURCE LINE # 150
00D1 904004            MOV     DPTR,#04004H
00D4 E4                CLR     A
00D5 F0                MOVX    @DPTR,A
                                           ; SOURCE LINE # 153
00D6 904009            MOV     DPTR,#04009H
00D9 E4                CLR     A
00DA F0                MOVX    @DPTR,A
                                           ; SOURCE LINE # 154
00DB 904001            MOV     DPTR,#04001H
00DE 7402              MOV     A,#02H
00E0 F0                MOVX    @DPTR,A
                                           ; SOURCE LINE # 155
00E1         ?C0008:
00E1 22                RET     
             ; FUNCTION ClockSetup (END)

             ; FUNCTION AnalogSetDefault (BEGIN)
                                           ; SOURCE LINE # 177
                                           ; SOURCE LINE # 178
                                           ; SOURCE LINE # 179
0000 7B0C              MOV     R3,#0CH
0002 7A01              MOV     R2,#01H
0004 79CF              MOV     R1,#0CFH
0006 120000      E     LCALL   _cyread8
0009 900000      R     MOV     DPTR,#bg_xover_inl_trim
000C EF                MOV     A,R7
000D F0                MOVX    @DPTR,A
C51 COMPILER V9.51   CYFITTER_CFG                                                          09/19/2016 16:11:31 PAGE 10  

                                           ; SOURCE LINE # 180
000E 900000      R     MOV     DPTR,#bg_xover_inl_trim
0011 E0                MOVX    A,@DPTR
0012 FF                MOV     R7,A
0013 EF                MOV     A,R7
0014 5407              ANL     A,#07H
0016 FF                MOV     R7,A
0017 90586E            MOV     DPTR,#0586EH
001A EF                MOV     A,R7
001B F0                MOVX    @DPTR,A
                                           ; SOURCE LINE # 181
001C 900000      R     MOV     DPTR,#bg_xover_inl_trim
001F E0                MOVX    A,@DPTR
0020 FF                MOV     R7,A
0021 EF                MOV     A,R7
0022 C4                SWAP    A
0023 540F              ANL     A,#0FH
0025 FF                MOV     R7,A
0026 EF                MOV     A,R7
0027 540F              ANL     A,#0FH
0029 FF                MOV     R7,A
002A 90586F            MOV     DPTR,#0586FH
002D EF                MOV     A,R7
002E F0                MOVX    @DPTR,A
                                           ; SOURCE LINE # 182
002F 905876            MOV     DPTR,#05876H
0032 7444              MOV     A,#044H
0034 F0                MOVX    @DPTR,A
                                           ; SOURCE LINE # 183
0035         ?C0009:
0035 22                RET     
             ; FUNCTION AnalogSetDefault (END)

             ; FUNCTION _SetAnalogRoutingPumps (BEGIN)
                                           ; SOURCE LINE # 203
0000 900000      R     MOV     DPTR,#enabled
0003 EF                MOV     A,R7
0004 F0                MOVX    @DPTR,A
                                           ; SOURCE LINE # 204
                                           ; SOURCE LINE # 205
0005 905876            MOV     DPTR,#05876H
0008 E0                MOVX    A,@DPTR
0009 FF                MOV     R7,A
000A 900000      R     MOV     DPTR,#regValue
000D EF                MOV     A,R7
000E F0                MOVX    @DPTR,A
                                           ; SOURCE LINE # 206
000F 900000      R     MOV     DPTR,#enabled
0012 E0                MOVX    A,@DPTR
0013 FF                MOV     R7,A
0014 EF                MOV     A,R7
0015 6010              JZ      ?C0010
                                           ; SOURCE LINE # 207
                                           ; SOURCE LINE # 208
0017 900000      R     MOV     DPTR,#regValue
001A E0                MOVX    A,@DPTR
001B FF                MOV     R7,A
001C EF                MOV     A,R7
001D 4400              ORL     A,#00H
001F FF                MOV     R7,A
0020 900000      R     MOV     DPTR,#regValue
0023 EF                MOV     A,R7
C51 COMPILER V9.51   CYFITTER_CFG                                                          09/19/2016 16:11:31 PAGE 11  

0024 F0                MOVX    @DPTR,A
                                           ; SOURCE LINE # 209
0025 800E              SJMP    ?C0011
0027         ?C0010:
                                           ; SOURCE LINE # 211
                                           ; SOURCE LINE # 212
0027 900000      R     MOV     DPTR,#regValue
002A E0                MOVX    A,@DPTR
002B FF                MOV     R7,A
002C EF                MOV     A,R7
002D 54FF              ANL     A,#0FFH
002F FF                MOV     R7,A
0030 900000      R     MOV     DPTR,#regValue
0033 EF                MOV     A,R7
0034 F0                MOVX    @DPTR,A
                                           ; SOURCE LINE # 213
0035         ?C0011:
                                           ; SOURCE LINE # 214
0035 900000      R     MOV     DPTR,#regValue
0038 E0                MOVX    A,@DPTR
0039 FF                MOV     R7,A
003A 905876            MOV     DPTR,#05876H
003D EF                MOV     A,R7
003E F0                MOVX    @DPTR,A
                                           ; SOURCE LINE # 215
003F         ?C0012:
003F 22                RET     
             ; FUNCTION _SetAnalogRoutingPumps (END)

             ; FUNCTION cyfitter_cfg (BEGIN)
                                           ; SOURCE LINE # 237
                                           ; SOURCE LINE # 238
                                           ; SOURCE LINE # 240
0000 7B00              MOV     R3,#00H
0002 7A46              MOV     R2,#046H
0004 79E8              MOV     R1,#0E8H
0006 120000      E     LCALL   _cyread8
0009 EF                MOV     A,R7
000A 4405              ORL     A,#05H
000C FD                MOV     R5,A
000D 7B00              MOV     R3,#00H
000F 7A46              MOV     R2,#046H
0011 79E8              MOV     R1,#0E8H
0013 120000      E     LCALL   _cywrite8
                                           ; SOURCE LINE # 242
                                           ; SOURCE LINE # 264
0016 750000      R     MOV     i,#00H
0019         ?C0013:
0019 E500        R     MOV     A,i
001B C3                CLR     C
001C 9408              SUBB    A,#08H
001E 503A              JNC     ?C0014
                                           ; SOURCE LINE # 265
                                           ; SOURCE LINE # 266
0020 AF00        R     MOV     R7,i
0022 EF                MOV     A,R7
0023 75F005            MOV     B,#05H
0026 A4                MUL     AB
0027 2400        R     ADD     A,#LOW cfg_memset_list
0029 F582              MOV     DPL,A
002B E4                CLR     A
002C 3400        R     ADDC    A,#HIGH cfg_memset_list
C51 COMPILER V9.51   CYFITTER_CFG                                                          09/19/2016 16:11:31 PAGE 12  

002E F583              MOV     DPH,A
0030 AF82              MOV     R7,DPL
0032 AE83              MOV     R6,DPH
0034 8E00        R     MOV     ms,R6
0036 8F00        R     MOV     ms+01H,R7
                                           ; SOURCE LINE # 267
0038 AE00        R     MOV     R6,ms
003A AF00        R     MOV     R7,ms+01H
003C 8F82              MOV     DPL,R7
003E 8E83              MOV     DPH,R6
0040 120000      E     LCALL   ?C?PLDCODE
0043 AE00        R     MOV     R6,ms
0045 AF00        R     MOV     R7,ms+01H
0047 8F82              MOV     DPL,R7
0049 8E83              MOV     DPH,R6
004B 7403              MOV     A,#03H
004D 93                MOVC    A,@A+DPTR
004E FC                MOV     R4,A
004F 7404              MOV     A,#04H
0051 93                MOVC    A,@A+DPTR
0052 FD                MOV     R5,A
0053 120000      E     LCALL   _cymemzero
                                           ; SOURCE LINE # 268
0056         ?C0015:
0056 0500        R     INC     i
0058 80BF              SJMP    ?C0013
005A         ?C0014:
                                           ; SOURCE LINE # 270
005A 7B08              MOV     R3,#08H
005C 7A00              MOV     R2,#00H
005E 7900              MOV     R1,#00H
0060 120000      E     LCALL   _cfg_write_bytes
                                           ; SOURCE LINE # 273
0063 7B01              MOV     R3,#01H
0065 7A50              MOV     R2,#050H
0067 7903              MOV     R1,#03H
0069 120000      E     LCALL   _cyread8
006C EF                MOV     A,R7
006D 4402              ORL     A,#02H
006F FD                MOV     R5,A
0070 7B01              MOV     R3,#01H
0072 7A50              MOV     R2,#050H
0074 7903              MOV     R1,#03H
0076 120000      E     LCALL   _cywrite8
                                           ; SOURCE LINE # 274
0079 7B01              MOV     R3,#01H
007B 7A50              MOV     R2,#050H
007D 7913              MOV     R1,#013H
007F 120000      E     LCALL   _cyread8
0082 EF                MOV     A,R7
0083 4402              ORL     A,#02H
0085 FD                MOV     R5,A
0086 7B01              MOV     R3,#01H
0088 7A50              MOV     R2,#050H
008A 7913              MOV     R1,#013H
008C 120000      E     LCALL   _cywrite8
                                           ; SOURCE LINE # 277
008F 9043A0            MOV     DPTR,#043A0H
0092 E0                MOVX    A,@DPTR
0093 FF                MOV     R7,A
0094 EF                MOV     A,R7
0095 4440              ORL     A,#040H
C51 COMPILER V9.51   CYFITTER_CFG                                                          09/19/2016 16:11:31 PAGE 13  

0097 FF                MOV     R7,A
0098 9043A0            MOV     DPTR,#043A0H
009B EF                MOV     A,R7
009C F0                MOVX    @DPTR,A
                                           ; SOURCE LINE # 278
009D 9043C2            MOV     DPTR,#043C2H
00A0 E0                MOVX    A,@DPTR
00A1 FF                MOV     R7,A
00A2 EF                MOV     A,R7
00A3 4410              ORL     A,#010H
00A5 FF                MOV     R7,A
00A6 9043C2            MOV     DPTR,#043C2H
00A9 EF                MOV     A,R7
00AA F0                MOVX    @DPTR,A
                                           ; SOURCE LINE # 279
                                           ; SOURCE LINE # 283
00AB 7B08              MOV     R3,#08H
00AD 7A00              MOV     R2,#00H
00AF 7944              MOV     R1,#044H
00B1 C003              PUSH    AR3
00B3 C002              PUSH    AR2
00B5 C001              PUSH    AR1
00B7 7B00              MOV     R3,#00H
00B9 7A51              MOV     R2,#051H
00BB 79F0              MOV     R1,#0F0H
00BD 900000      E     MOV     DPTR,#?_cyconfigcpy?BYTE+05H
00C0 120000      E     LCALL   ?C?PSTXDATA
00C3 D001              POP     AR1
00C5 D002              POP     AR2
00C7 D003              POP     AR3
00C9 7F0A              MOV     R7,#0AH
00CB 7E00              MOV     R6,#00H
00CD 120000      E     LCALL   _cyconfigcpy
                                           ; SOURCE LINE # 284
00D0 7B08              MOV     R3,#08H
00D2 7A00              MOV     R2,#00H
00D4 7950              MOV     R1,#050H
00D6 C003              PUSH    AR3
00D8 C002              PUSH    AR2
00DA C001              PUSH    AR1
00DC 7B00              MOV     R3,#00H
00DE 7A51              MOV     R2,#051H
00E0 7912              MOV     R1,#012H
00E2 900000      E     MOV     DPTR,#?_cyconfigcpy?BYTE+05H
00E5 120000      E     LCALL   ?C?PSTXDATA
00E8 D001              POP     AR1
00EA D002              POP     AR2
00EC D003              POP     AR3
00EE 7F08              MOV     R7,#08H
00F0 7E00              MOV     R6,#00H
00F2 120000      E     LCALL   _cyconfigcpy
                                           ; SOURCE LINE # 285
00F5 9044F4            MOV     DPTR,#044F4H
00F8 7401              MOV     A,#01H
00FA F0                MOVX    @DPTR,A
                                           ; SOURCE LINE # 287
00FB 904322            MOV     DPTR,#04322H
00FE E0                MOVX    A,@DPTR
00FF FF                MOV     R7,A
0100 EF                MOV     A,R7
0101 4408              ORL     A,#08H
0103 FF                MOV     R7,A
C51 COMPILER V9.51   CYFITTER_CFG                                                          09/19/2016 16:11:31 PAGE 14  

0104 904322            MOV     DPTR,#04322H
0107 EF                MOV     A,R7
0108 F0                MOVX    @DPTR,A
                                           ; SOURCE LINE # 288
0109 9046EC            MOV     DPTR,#046ECH
010C E0                MOVX    A,@DPTR
010D FF                MOV     R7,A
010E EF                MOV     A,R7
010F C3                CLR     C
0110 9405              SUBB    A,#05H
0112 5006              JNC     ?C0016
                                           ; SOURCE LINE # 289
                                           ; SOURCE LINE # 290
0114 904689            MOV     DPTR,#04689H
0117 743A              MOV     A,#03AH
0119 F0                MOVX    @DPTR,A
                                           ; SOURCE LINE # 291
011A         ?C0016:
                                           ; SOURCE LINE # 295
011A 904800            MOV     DPTR,#04800H
011D 74C0              MOV     A,#0C0H
011F F0                MOVX    @DPTR,A
                                           ; SOURCE LINE # 297
0120 120000      R     LCALL   ClockSetup
                                           ; SOURCE LINE # 299
0123 904800            MOV     DPTR,#04800H
0126 7480              MOV     A,#080H
0128 F0                MOVX    @DPTR,A
                                           ; SOURCE LINE # 302
0129 120000      R     LCALL   AnalogSetDefault
                                           ; SOURCE LINE # 305
012C 7B00              MOV     R3,#00H
012E 7A43              MOV     R2,#043H
0130 79A0              MOV     R1,#0A0H
0132 C003              PUSH    AR3
0134 C002              PUSH    AR2
0136 C001              PUSH    AR1
0138 7B00              MOV     R3,#00H
013A 7A43              MOV     R2,#043H
013C 79B0              MOV     R1,#0B0H
013E 900000      E     MOV     DPTR,#?_cyconfigcpy?BYTE+05H
0141 120000      E     LCALL   ?C?PSTXDATA
0144 D001              POP     AR1
0146 D002              POP     AR2
0148 D003              POP     AR3
014A 7F0E              MOV     R7,#0EH
014C 7E00              MOV     R6,#00H
014E 120000      E     LCALL   _cyconfigcpy
                                           ; SOURCE LINE # 306
0151 9043B0            MOV     DPTR,#043B0H
0154 E0                MOVX    A,@DPTR
0155 FF                MOV     R7,A
0156 EF                MOV     A,R7
0157 54FD              ANL     A,#0FDH
0159 FF                MOV     R7,A
015A EF                MOV     A,R7
015B F0                MOVX    @DPTR,A
                                           ; SOURCE LINE # 307
015C         ?C0017:
015C 22                RET     
             ; FUNCTION cyfitter_cfg (END)

C51 COMPILER V9.51   CYFITTER_CFG                                                          09/19/2016 16:11:31 PAGE 15  



MODULE INFORMATION:   STATIC OVERLAYABLE
   CODE SIZE        =    711    ----
   CONSTANT SIZE    =     40    ----
   XDATA SIZE       =      9    ----
   PDATA SIZE       =   ----    ----
   DATA SIZE        =      3    ----
   IDATA SIZE       =   ----    ----
   BIT SIZE         =   ----    ----
   EDATA SIZE       =   ----    ----
   HDATA SIZE       =   ----    ----
   XDATA CONST SIZE =   ----    ----
   FAR CONST SIZE   =   ----    ----
END OF MODULE INFORMATION.


C51 COMPILATION COMPLETE.  0 WARNING(S),  0 ERROR(S)
