C51 COMPILER V9.51   USBFS_1_VND                                                           09/19/2016 16:11:34 PAGE 1   


C51 COMPILER V9.51, COMPILATION OF MODULE USBFS_1_VND
OBJECT MODULE PLACED IN .\DP8051_Keil_951\Debug\USBFS_1_vnd.obj
COMPILER INVOKED BY: C:\Program Files (x86)\Cypress\PSoC Creator\3.3\PSoC Creator\import\keil\pk51\9.51\C51\BIN\c51.exe 
                    -.\Generated_Source\PSoC3\USBFS_1_vnd.c NOIV LARGE MODDP2 OMF2 VB(1) NOIP INCDIR(.,Generated_Source\PSoC3) FF(3) DB WL(2)
                    - PR(.\DP8051_Keil_951\Debug/USBFS_1_vnd.lst) CD OT(0,SIZE) OJ(.\DP8051_Keil_951\Debug\USBFS_1_vnd.obj)

line level    source

   1          /*******************************************************************************
   2          * File Name: USBFS_1_vnd.c
   3          * Version 2.80
   4          *
   5          * Description:
   6          *  USB vendor request handler.
   7          *
   8          * Note:
   9          *
  10          ********************************************************************************
  11          * Copyright 2008-2014, Cypress Semiconductor Corporation.  All rights reserved.
  12          * You may use this file only in accordance with the license, terms, conditions,
  13          * disclaimers, and limitations in the end user license agreement accompanying
  14          * the software package with which this file was provided.
  15          *******************************************************************************/
  16          
  17          #include "USBFS_1.h"
  18          #include "USBFS_1_pvt.h"
  19          #include "cyapicallbacks.h"
  20          
  21          #if(USBFS_1_EXTERN_VND == USBFS_1_FALSE)
  22          
  23          
  24          /***************************************
  25          * Vendor Specific Declarations
  26          ***************************************/
  27          
  28          /* `#START VENDOR_SPECIFIC_DECLARATIONS` Place your declaration here */
  29          
  30          /* `#END` */
  31          
  32          
  33          /*******************************************************************************
  34          * Function Name: USBFS_1_HandleVendorRqst
  35          ********************************************************************************
  36          *
  37          * Summary:
  38          *  This routine provide users with a method to implement vendor specific
  39          *  requests.
  40          *
  41          *  To implement vendor specific requests, add your code in this function to
  42          *  decode and disposition the request.  If the request is handled, your code
  43          *  must set the variable "requestHandled" to TRUE, indicating that the
  44          *  request has been handled.
  45          *
  46          * Parameters:
  47          *  None.
  48          *
  49          * Return:
  50          *  requestHandled.
  51          *
  52          * Reentrant:
  53          *  No.
C51 COMPILER V9.51   USBFS_1_VND                                                           09/19/2016 16:11:34 PAGE 2   

  54          *
  55          *******************************************************************************/
  56          uint8 USBFS_1_HandleVendorRqst(void) 
  57          {
  58   1          uint8 requestHandled = USBFS_1_FALSE;
  59   1      
  60   1          if ((CY_GET_REG8(USBFS_1_bmRequestType) & USBFS_1_RQST_DIR_MASK) == USBFS_1_RQST_DIR_D2H)
  61   1          {
  62   2              /* Control Read */
  63   2              switch (CY_GET_REG8(USBFS_1_bRequest))
  64   2              {
  65   3                  case USBFS_1_GET_EXTENDED_CONFIG_DESCRIPTOR:
  66   3                      #if defined(USBFS_1_ENABLE_MSOS_STRING)
  67   3                          USBFS_1_currentTD.pData = (volatile uint8 *)&USBFS_1_MSOS_CONFIGURATION_DESCR[0u];
  68   3                          USBFS_1_currentTD.count = USBFS_1_MSOS_CONFIGURATION_DESCR[0u];
  69   3                          requestHandled  = USBFS_1_InitControlRead();
  70   3                      #endif /*  USBFS_1_ENABLE_MSOS_STRING */
  71   3                      break;
  72   3                  default:
  73   3                      break;
  74   3              }
  75   2          }
  76   1      
  77   1          /* `#START VENDOR_SPECIFIC_CODE` Place your vendor specific request here */
  78   1      
  79   1          /* `#END` */
  80   1      
  81   1          #ifdef USBFS_1_HANDLE_VENDOR_RQST_CALLBACK
                      USBFS_1_HandleVendorRqst_Callback();
                  #endif /* USBFS_1_HANDLE_VENDOR_RQST_CALLBACK */
  84   1      
  85   1          return(requestHandled);
  86   1      }
  87          
  88          
  89          /*******************************************************************************
  90          * Additional user functions supporting Vendor Specific Requests
  91          ********************************************************************************/
  92          
  93          /* `#START VENDOR_SPECIFIC_FUNCTIONS` Place any additional functions here */
  94          
  95          /* `#END` */
  96          
  97          #endif /* USBFS_1_EXTERN_VND */
  98          
  99          
 100          /* [] END OF FILE */
C51 COMPILER V9.51   USBFS_1_VND                                                           09/19/2016 16:11:34 PAGE 3   

ASSEMBLY LISTING OF GENERATED OBJECT CODE


             ; FUNCTION USBFS_1_HandleVendorRqst (BEGIN)
                                           ; SOURCE LINE # 56
                                           ; SOURCE LINE # 57
                                           ; SOURCE LINE # 58
0000 900000      R     MOV     DPTR,#requestHandled
0003 E4                CLR     A
0004 F0                MOVX    @DPTR,A
                                           ; SOURCE LINE # 60
0005 906000            MOV     DPTR,#06000H
0008 E0                MOVX    A,@DPTR
0009 FF                MOV     R7,A
000A EF                MOV     A,R7
000B 5480              ANL     A,#080H
000D FF                MOV     R7,A
000E 7E00              MOV     R6,#00H
0010 EF                MOV     A,R7
0011 6480              XRL     A,#080H
0013 4E                ORL     A,R6
0014 7034              JNZ     ?C0001
                                           ; SOURCE LINE # 61
                                           ; SOURCE LINE # 63
0016 906001            MOV     DPTR,#06001H
0019 E0                MOVX    A,@DPTR
001A FF                MOV     R7,A
001B EF                MOV     A,R7
001C 120000      E     LCALL   ?C?CCASE
001F 0000        R     DW      ?C0003
0021 01                DB      01H
0022 0000              DW      00H
0024 0000        R     DW      ?C0001
                                           ; SOURCE LINE # 64
                                           ; SOURCE LINE # 65
0026         ?C0003:
                                           ; SOURCE LINE # 67
0026 7BFF              MOV     R3,#0FFH
0028 7A00        E     MOV     R2,#HIGH USBFS_1_MSOS_CONFIGURATION_DESCR
002A 7900        E     MOV     R1,#LOW USBFS_1_MSOS_CONFIGURATION_DESCR
002C 900000      E     MOV     DPTR,#USBFS_1_currentTD+02H
002F 120000      E     LCALL   ?C?PSTXDATA
                                           ; SOURCE LINE # 68
0032 900000      E     MOV     DPTR,#USBFS_1_MSOS_CONFIGURATION_DESCR
0035 E4                CLR     A
0036 93                MOVC    A,@A+DPTR
0037 FF                MOV     R7,A
0038 7E00              MOV     R6,#00H
003A 900000      E     MOV     DPTR,#USBFS_1_currentTD
003D EE                MOV     A,R6
003E F0                MOVX    @DPTR,A
003F A3                INC     DPTR
0040 EF                MOV     A,R7
0041 F0                MOVX    @DPTR,A
                                           ; SOURCE LINE # 69
0042 120000      E     LCALL   USBFS_1_InitControlRead
0045 900000      R     MOV     DPTR,#requestHandled
0048 EF                MOV     A,R7
0049 F0                MOVX    @DPTR,A
                                           ; SOURCE LINE # 71
                                           ; SOURCE LINE # 72
004A         ?C0004:
C51 COMPILER V9.51   USBFS_1_VND                                                           09/19/2016 16:11:34 PAGE 4   

                                           ; SOURCE LINE # 73
                                           ; SOURCE LINE # 74
004A         ?C0002:
                                           ; SOURCE LINE # 75
004A         ?C0001:
                                           ; SOURCE LINE # 85
004A 900000      R     MOV     DPTR,#requestHandled
004D E0                MOVX    A,@DPTR
004E FF                MOV     R7,A
                                           ; SOURCE LINE # 86
004F         ?C0005:
004F 22                RET     
             ; FUNCTION USBFS_1_HandleVendorRqst (END)



MODULE INFORMATION:   STATIC OVERLAYABLE
   CODE SIZE        =     80    ----
   CONSTANT SIZE    =   ----    ----
   XDATA SIZE       =      1    ----
   PDATA SIZE       =   ----    ----
   DATA SIZE        =   ----    ----
   IDATA SIZE       =   ----    ----
   BIT SIZE         =   ----    ----
   EDATA SIZE       =   ----    ----
   HDATA SIZE       =   ----    ----
   XDATA CONST SIZE =   ----    ----
   FAR CONST SIZE   =   ----    ----
END OF MODULE INFORMATION.


C51 COMPILATION COMPLETE.  0 WARNING(S),  0 ERROR(S)
