--------------- Clean Started: 11/22/2016 11:18:01 Project: MOTION-T1-Ver1.0-2016-09-18, Configuration: ARM GCC 4.9-2015-q1-update Debug ---------------
Deleting file ".\CortexM3\ARM_GCC_493\Debug\main.o"
Deleting file ".\CortexM3\ARM_GCC_493\Debug\dcf.o"
Deleting file ".\CortexM3\ARM_GCC_493\Debug\emcy.o"
Deleting file ".\CortexM3\ARM_GCC_493\Debug\lifegrd.o"
Deleting file ".\CortexM3\ARM_GCC_493\Debug\lss.o"
Deleting file ".\CortexM3\ARM_GCC_493\Debug\nmtMaster.o"
Deleting file ".\CortexM3\ARM_GCC_493\Debug\nmtSlave.o"
Deleting file ".\CortexM3\ARM_GCC_493\Debug\objacces.o"
Deleting file ".\CortexM3\ARM_GCC_493\Debug\pdo.o"
Deleting file ".\CortexM3\ARM_GCC_493\Debug\sdo.o"
Deleting file ".\CortexM3\ARM_GCC_493\Debug\states.o"
Deleting file ".\CortexM3\ARM_GCC_493\Debug\sync.o"
Deleting file ".\CortexM3\ARM_GCC_493\Debug\TestSlave.o"
Deleting file ".\CortexM3\ARM_GCC_493\Debug\timer.o"
Deleting file ".\CortexM3\ARM_GCC_493\Debug\canfestival.o"
Deleting file ".\CortexM3\ARM_GCC_493\Debug\led.o"
Deleting file ".\CortexM3\ARM_GCC_493\Debug\Valve_Control.o"
Deleting file ".\CortexM3\ARM_GCC_493\Debug\CanopenDictConfig.o"
Deleting file ".\CortexM3\ARM_GCC_493\Debug\TLC5616.o"
Deleting file ".\CortexM3\ARM_GCC_493\Debug\cyfitter_cfg.o"
Deleting file ".\CortexM3\ARM_GCC_493\Debug\cymetadata.o"
Deleting file ".\CortexM3\ARM_GCC_493\Debug\RX_1.o"
Deleting file ".\CortexM3\ARM_GCC_493\Debug\TX_1.o"
Deleting file ".\CortexM3\ARM_GCC_493\Debug\CAN_1.o"
Deleting file ".\CortexM3\ARM_GCC_493\Debug\CAN_1_INT.o"
Deleting file ".\CortexM3\ARM_GCC_493\Debug\CAN_1_PM.o"
Deleting file ".\CortexM3\ARM_GCC_493\Debug\CAN_1_TX_RX_func.o"
Deleting file ".\CortexM3\ARM_GCC_493\Debug\Cm3Start.o"
Deleting file ".\CortexM3\ARM_GCC_493\Debug\CyBootAsmGnu.o"
Deleting file ".\CortexM3\ARM_GCC_493\Debug\CyDmac.o"
Deleting file ".\CortexM3\ARM_GCC_493\Debug\CyFlash.o"
Deleting file ".\CortexM3\ARM_GCC_493\Debug\CyLib.o"
Deleting file ".\CortexM3\ARM_GCC_493\Debug\cyPm.o"
Deleting file ".\CortexM3\ARM_GCC_493\Debug\CySpc.o"
Deleting file ".\CortexM3\ARM_GCC_493\Debug\cyutils.o"
Deleting file ".\CortexM3\ARM_GCC_493\Debug\Timer_1.o"
Deleting file ".\CortexM3\ARM_GCC_493\Debug\Timer_1_PM.o"
Deleting file ".\CortexM3\ARM_GCC_493\Debug\LED1.o"
Deleting file ".\CortexM3\ARM_GCC_493\Debug\ISR_Stroke_Timer.o"
Deleting file ".\CortexM3\ARM_GCC_493\Debug\Control_Reg_1.o"
Deleting file ".\CortexM3\ARM_GCC_493\Debug\Control_Reg_1_PM.o"
Deleting file ".\CortexM3\ARM_GCC_493\Debug\LED4.o"
Deleting file ".\CortexM3\ARM_GCC_493\Debug\KA1.o"
Deleting file ".\CortexM3\ARM_GCC_493\Debug\KA2.o"
Deleting file ".\CortexM3\ARM_GCC_493\Debug\KA3.o"
Deleting file ".\CortexM3\ARM_GCC_493\Debug\KA4.o"
Deleting file ".\CortexM3\ARM_GCC_493\Debug\KA5.o"
Deleting file ".\CortexM3\ARM_GCC_493\Debug\KA6.o"
Deleting file ".\CortexM3\ARM_GCC_493\Debug\KA7.o"
Deleting file ".\CortexM3\ARM_GCC_493\Debug\Status_Reg_1.o"
Deleting file ".\CortexM3\ARM_GCC_493\Debug\IN_1.o"
Deleting file ".\CortexM3\ARM_GCC_493\Debug\IN_2.o"
Deleting file ".\CortexM3\ARM_GCC_493\Debug\IN_3.o"
Deleting file ".\CortexM3\ARM_GCC_493\Debug\IN_4.o"
Deleting file ".\CortexM3\ARM_GCC_493\Debug\IN_5.o"
Deleting file ".\CortexM3\ARM_GCC_493\Debug\IN_6.o"
Deleting file ".\CortexM3\ARM_GCC_493\Debug\IN_7.o"
Deleting file ".\CortexM3\ARM_GCC_493\Debug\Clock_1.o"
Deleting file ".\CortexM3\ARM_GCC_493\Debug\LED2.o"
Deleting file ".\CortexM3\ARM_GCC_493\Debug\LED3.o"
Deleting file ".\CortexM3\ARM_GCC_493\Debug\EEPROM_1.o"
Deleting file ".\CortexM3\ARM_GCC_493\Debug\UART_1.o"
Deleting file ".\CortexM3\ARM_GCC_493\Debug\UART_1_PM.o"
Deleting file ".\CortexM3\ARM_GCC_493\Debug\UART_1_INT.o"
Deleting file ".\CortexM3\ARM_GCC_493\Debug\UART_1_BOOT.o"
Deleting file ".\CortexM3\ARM_GCC_493\Debug\RX_ISR.o"
Deleting file ".\CortexM3\ARM_GCC_493\Debug\UART_1_IntClock.o"
Deleting file ".\CortexM3\ARM_GCC_493\Debug\Clock_2.o"
Deleting file ".\CortexM3\ARM_GCC_493\Debug\TLC5616_CLK.o"
Deleting file ".\CortexM3\ARM_GCC_493\Debug\TLC5616_DAT.o"
Deleting file ".\CortexM3\ARM_GCC_493\Debug\TLC5616_CS1.o"
Deleting file ".\CortexM3\ARM_GCC_493\Debug\TLC5616_CS2.o"
Deleting file ".\CortexM3\ARM_GCC_493\Debug\LCD_Char_1.o"
Deleting file ".\CortexM3\ARM_GCC_493\Debug\LCD_Char_1_PM.o"
Deleting file ".\CortexM3\ARM_GCC_493\Debug\LCD_Char_1_CustChars.o"
Deleting file ".\CortexM3\ARM_GCC_493\Debug\LCD_Char_1_LCDPort.o"
Deleting file ".\CortexM3\ARM_GCC_493\Debug\cybootloader.o"
Deleting file ".\CortexM3\ARM_GCC_493\Debug\Bootloadable_1.o"
Deleting file ".\CortexM3\ARM_GCC_493\Debug\test.o"
Deleting file ".\CortexM3\ARM_GCC_493\Debug\MOTION-T1-Ver1.0-2016-09-18.hex"
Deleting file ".\CortexM3\ARM_GCC_493\Debug\MOTION-T1-Ver1.0-2016-09-18.map"
Deleting file ".\CortexM3\ARM_GCC_493\Debug\MOTION-T1-Ver1.0-2016-09-18.cyacd"
Deleting file ".\MOTION-T1-Ver1.0-2016-09-18.cycdx"
Deleting file ".\MOTION-T1-Ver1.0-2016-09-18.svd"
Deleting file ".\MOTION-T1-Ver1.0-2016-09-18.rpt"
Deleting file ".\MOTION-T1-Ver1.0-2016-09-18_timing.html"
Deleting file ".\CortexM3\ARM_GCC_493\Debug\.deps\C_FILE.P"
Deleting file ".\CortexM3\ARM_GCC_493\Debug\.deps\ARM_C_FILE.P"
Deleting file ".\CortexM3\ARM_GCC_493\Debug\.deps\GNU_ARM_ASM_FILE.P"
--------------- Clean Succeeded: 11/22/2016 11:18:01 ---------------
