ARM GAS  C:\Users\PANXIA~1\AppData\Local\Temp\ccWBcGuK.s 			page 1


   1              		.syntax unified
   2              		.cpu cortex-m3
   3              		.fpu softvfp
   4              		.eabi_attribute 20, 1
   5              		.eabi_attribute 21, 1
   6              		.eabi_attribute 23, 3
   7              		.eabi_attribute 24, 1
   8              		.eabi_attribute 25, 1
   9              		.eabi_attribute 26, 1
  10              		.eabi_attribute 30, 1
  11              		.eabi_attribute 34, 1
  12              		.eabi_attribute 18, 4
  13              		.thumb
  14              		.file	"CAN_1_PM.c"
  15              		.text
  16              	.Ltext0:
  17              		.cfi_sections	.debug_frame
  18              		.section	.text.CAN_1_SaveConfig,"ax",%progbits
  19              		.align	2
  20              		.global	CAN_1_SaveConfig
  21              		.thumb
  22              		.thumb_func
  23              		.type	CAN_1_SaveConfig, %function
  24              	CAN_1_SaveConfig:
  25              	.LFB0:
  26              		.file 1 ".\\Generated_Source\\PSoC5\\CAN_1_PM.c"
   1:.\Generated_Source\PSoC5/CAN_1_PM.c **** /*******************************************************************************
   2:.\Generated_Source\PSoC5/CAN_1_PM.c **** * File Name: CAN_1_PM.c
   3:.\Generated_Source\PSoC5/CAN_1_PM.c **** * Version 3.0
   4:.\Generated_Source\PSoC5/CAN_1_PM.c **** *
   5:.\Generated_Source\PSoC5/CAN_1_PM.c **** * Description:
   6:.\Generated_Source\PSoC5/CAN_1_PM.c **** *  This file contains the setup, control and status commands to support
   7:.\Generated_Source\PSoC5/CAN_1_PM.c **** *  component operations in the low power mode.
   8:.\Generated_Source\PSoC5/CAN_1_PM.c **** *
   9:.\Generated_Source\PSoC5/CAN_1_PM.c **** * Note:
  10:.\Generated_Source\PSoC5/CAN_1_PM.c **** *
  11:.\Generated_Source\PSoC5/CAN_1_PM.c **** ********************************************************************************
  12:.\Generated_Source\PSoC5/CAN_1_PM.c **** * Copyright 2008-2015, Cypress Semiconductor Corporation.  All rights reserved.
  13:.\Generated_Source\PSoC5/CAN_1_PM.c **** * You may use this file only in accordance with the license, terms, conditions,
  14:.\Generated_Source\PSoC5/CAN_1_PM.c **** * disclaimers, and limitations in the end user license agreement accompanying
  15:.\Generated_Source\PSoC5/CAN_1_PM.c **** * the software package with which this file was provided.
  16:.\Generated_Source\PSoC5/CAN_1_PM.c **** *******************************************************************************/
  17:.\Generated_Source\PSoC5/CAN_1_PM.c **** 
  18:.\Generated_Source\PSoC5/CAN_1_PM.c **** #include "CAN_1.h"
  19:.\Generated_Source\PSoC5/CAN_1_PM.c **** 
  20:.\Generated_Source\PSoC5/CAN_1_PM.c **** static CAN_1_BACKUP_STRUCT CAN_1_backup =
  21:.\Generated_Source\PSoC5/CAN_1_PM.c **** {
  22:.\Generated_Source\PSoC5/CAN_1_PM.c ****     0u,
  23:.\Generated_Source\PSoC5/CAN_1_PM.c ****     #if (CY_PSOC3 || CY_PSOC5)
  24:.\Generated_Source\PSoC5/CAN_1_PM.c ****         0u,
  25:.\Generated_Source\PSoC5/CAN_1_PM.c ****         CAN_1_INIT_INTERRUPT_MASK,
  26:.\Generated_Source\PSoC5/CAN_1_PM.c ****         CAN_1_MODE_MASK,
  27:.\Generated_Source\PSoC5/CAN_1_PM.c ****         (((uint32) ((uint32) CAN_1_SYNC_EDGE    << CAN_1_EDGE_MODE_SHIFT))     |
  28:.\Generated_Source\PSoC5/CAN_1_PM.c ****         ((uint32) ((uint32) CAN_1_SAMPLING_MODE << CAN_1_SAMPLE_MODE_SHIFT))   |
  29:.\Generated_Source\PSoC5/CAN_1_PM.c ****         ((uint32) ((uint32) CAN_1_CFG_REG_SJW   << CAN_1_CFG_REG_SJW_SHIFT))   |
  30:.\Generated_Source\PSoC5/CAN_1_PM.c ****         ((uint32) ((uint32) CAN_1_RESET_TYPE    << CAN_1_RESET_SHIFT))         |
  31:.\Generated_Source\PSoC5/CAN_1_PM.c ****         ((uint32) ((uint32) CAN_1_CFG_REG_TSEG2 << CAN_1_CFG_REG_TSEG2_SHIFT)) |
ARM GAS  C:\Users\PANXIA~1\AppData\Local\Temp\ccWBcGuK.s 			page 2


  32:.\Generated_Source\PSoC5/CAN_1_PM.c ****         ((uint32) ((uint32) CAN_1_CFG_REG_TSEG1 << CAN_1_CFG_REG_TSEG1_SHIFT)) |
  33:.\Generated_Source\PSoC5/CAN_1_PM.c ****         ((uint32) ((uint32) CAN_1_ARBITER       << CAN_1_ARBITER_SHIFT))       |
  34:.\Generated_Source\PSoC5/CAN_1_PM.c ****         ((uint32) ((uint32) CAN_1_BITRATE       << CAN_1_BITRATE_SHIFT)))
  35:.\Generated_Source\PSoC5/CAN_1_PM.c ****     #endif /* CY_PSOC3 || CY_PSOC5 */
  36:.\Generated_Source\PSoC5/CAN_1_PM.c **** };
  37:.\Generated_Source\PSoC5/CAN_1_PM.c **** 
  38:.\Generated_Source\PSoC5/CAN_1_PM.c **** 
  39:.\Generated_Source\PSoC5/CAN_1_PM.c **** /*******************************************************************************
  40:.\Generated_Source\PSoC5/CAN_1_PM.c **** * Function Name: CAN_1_SaveConfig
  41:.\Generated_Source\PSoC5/CAN_1_PM.c **** ********************************************************************************
  42:.\Generated_Source\PSoC5/CAN_1_PM.c **** *
  43:.\Generated_Source\PSoC5/CAN_1_PM.c **** * Summary:
  44:.\Generated_Source\PSoC5/CAN_1_PM.c **** *  Save the CAN configuration.
  45:.\Generated_Source\PSoC5/CAN_1_PM.c **** *
  46:.\Generated_Source\PSoC5/CAN_1_PM.c **** * Parameters:
  47:.\Generated_Source\PSoC5/CAN_1_PM.c **** *  None.
  48:.\Generated_Source\PSoC5/CAN_1_PM.c **** *
  49:.\Generated_Source\PSoC5/CAN_1_PM.c **** * Return:
  50:.\Generated_Source\PSoC5/CAN_1_PM.c **** *  None.
  51:.\Generated_Source\PSoC5/CAN_1_PM.c **** *
  52:.\Generated_Source\PSoC5/CAN_1_PM.c **** * Global Variables:
  53:.\Generated_Source\PSoC5/CAN_1_PM.c **** *  CAN_1_backup - Modified when non-retention registers are saved.
  54:.\Generated_Source\PSoC5/CAN_1_PM.c **** *
  55:.\Generated_Source\PSoC5/CAN_1_PM.c **** * Reentrant:
  56:.\Generated_Source\PSoC5/CAN_1_PM.c **** *  No.
  57:.\Generated_Source\PSoC5/CAN_1_PM.c **** *
  58:.\Generated_Source\PSoC5/CAN_1_PM.c **** *******************************************************************************/
  59:.\Generated_Source\PSoC5/CAN_1_PM.c **** void CAN_1_SaveConfig(void) 
  60:.\Generated_Source\PSoC5/CAN_1_PM.c **** {
  27              		.loc 1 60 0
  28              		.cfi_startproc
  29              		@ args = 0, pretend = 0, frame = 0
  30              		@ frame_needed = 0, uses_anonymous_args = 0
  31              		@ link register save eliminated.
  61:.\Generated_Source\PSoC5/CAN_1_PM.c ****     #if (CY_PSOC3 || CY_PSOC5)
  62:.\Generated_Source\PSoC5/CAN_1_PM.c ****         CAN_1_backup.intSr = (CY_GET_REG32(CAN_1_INT_SR_PTR));
  32              		.loc 1 62 0
  33 0000 064B     		ldr	r3, .L2
  34 0002 1A68     		ldr	r2, [r3]
  35 0004 064B     		ldr	r3, .L2+4
  36 0006 5A60     		str	r2, [r3, #4]
  63:.\Generated_Source\PSoC5/CAN_1_PM.c ****         CAN_1_backup.intEn = (CY_GET_REG32(CAN_1_INT_EN_PTR));
  37              		.loc 1 63 0
  38 0008 064A     		ldr	r2, .L2+8
  39 000a 1268     		ldr	r2, [r2]
  40 000c 9A60     		str	r2, [r3, #8]
  64:.\Generated_Source\PSoC5/CAN_1_PM.c ****         CAN_1_backup.cmd = (CY_GET_REG32(CAN_1_CMD_PTR));
  41              		.loc 1 64 0
  42 000e 064A     		ldr	r2, .L2+12
  43 0010 1268     		ldr	r2, [r2]
  44 0012 DA60     		str	r2, [r3, #12]
  65:.\Generated_Source\PSoC5/CAN_1_PM.c ****         CAN_1_backup.cfg = (CY_GET_REG32(CAN_1_CFG_PTR));
  45              		.loc 1 65 0
  46 0014 054A     		ldr	r2, .L2+16
  47 0016 1268     		ldr	r2, [r2]
  48 0018 1A61     		str	r2, [r3, #16]
  49 001a 7047     		bx	lr
ARM GAS  C:\Users\PANXIA~1\AppData\Local\Temp\ccWBcGuK.s 			page 3


  50              	.L3:
  51              		.align	2
  52              	.L2:
  53 001c 00A00040 		.word	1073782784
  54 0020 00000000 		.word	.LANCHOR0
  55 0024 04A00040 		.word	1073782788
  56 0028 10A00040 		.word	1073782800
  57 002c 14A00040 		.word	1073782804
  58              		.cfi_endproc
  59              	.LFE0:
  60              		.size	CAN_1_SaveConfig, .-CAN_1_SaveConfig
  61              		.section	.text.CAN_1_RestoreConfig,"ax",%progbits
  62              		.align	2
  63              		.global	CAN_1_RestoreConfig
  64              		.thumb
  65              		.thumb_func
  66              		.type	CAN_1_RestoreConfig, %function
  67              	CAN_1_RestoreConfig:
  68              	.LFB1:
  66:.\Generated_Source\PSoC5/CAN_1_PM.c ****     #endif /* CY_PSOC3 || CY_PSOC5 */
  67:.\Generated_Source\PSoC5/CAN_1_PM.c **** }
  68:.\Generated_Source\PSoC5/CAN_1_PM.c **** 
  69:.\Generated_Source\PSoC5/CAN_1_PM.c **** 
  70:.\Generated_Source\PSoC5/CAN_1_PM.c **** /*******************************************************************************
  71:.\Generated_Source\PSoC5/CAN_1_PM.c **** * Function Name: CAN_1_RestoreConfig
  72:.\Generated_Source\PSoC5/CAN_1_PM.c **** ********************************************************************************
  73:.\Generated_Source\PSoC5/CAN_1_PM.c **** *
  74:.\Generated_Source\PSoC5/CAN_1_PM.c **** * Summary:
  75:.\Generated_Source\PSoC5/CAN_1_PM.c **** *  Restore the CAN configuration.
  76:.\Generated_Source\PSoC5/CAN_1_PM.c **** *
  77:.\Generated_Source\PSoC5/CAN_1_PM.c **** * Parameters:
  78:.\Generated_Source\PSoC5/CAN_1_PM.c **** *  None.
  79:.\Generated_Source\PSoC5/CAN_1_PM.c **** *
  80:.\Generated_Source\PSoC5/CAN_1_PM.c **** * Return:
  81:.\Generated_Source\PSoC5/CAN_1_PM.c **** *  None.
  82:.\Generated_Source\PSoC5/CAN_1_PM.c **** *
  83:.\Generated_Source\PSoC5/CAN_1_PM.c **** * Global Variables:
  84:.\Generated_Source\PSoC5/CAN_1_PM.c **** *  CAN_1_backup - Used when non-retention registers are restored.
  85:.\Generated_Source\PSoC5/CAN_1_PM.c **** *
  86:.\Generated_Source\PSoC5/CAN_1_PM.c **** * Side Effects:
  87:.\Generated_Source\PSoC5/CAN_1_PM.c **** *  If this API is called without first calling SaveConfig then default values
  88:.\Generated_Source\PSoC5/CAN_1_PM.c **** *  from Customizer will be in the following registers: CAN_1_INT_SR,
  89:.\Generated_Source\PSoC5/CAN_1_PM.c **** *  CAN_1_INT_EN, CAN_1_CMD, CAN_1_CFG.
  90:.\Generated_Source\PSoC5/CAN_1_PM.c **** *
  91:.\Generated_Source\PSoC5/CAN_1_PM.c **** *******************************************************************************/
  92:.\Generated_Source\PSoC5/CAN_1_PM.c **** void CAN_1_RestoreConfig(void) 
  93:.\Generated_Source\PSoC5/CAN_1_PM.c **** {
  69              		.loc 1 93 0
  70              		.cfi_startproc
  71              		@ args = 0, pretend = 0, frame = 0
  72              		@ frame_needed = 0, uses_anonymous_args = 0
  73              		@ link register save eliminated.
  94:.\Generated_Source\PSoC5/CAN_1_PM.c ****     #if (CY_PSOC3 || CY_PSOC5)
  95:.\Generated_Source\PSoC5/CAN_1_PM.c ****         CY_SET_REG32(CAN_1_INT_SR_PTR, CAN_1_backup.intSr);
  74              		.loc 1 95 0
  75 0000 064B     		ldr	r3, .L5
  76 0002 5968     		ldr	r1, [r3, #4]
ARM GAS  C:\Users\PANXIA~1\AppData\Local\Temp\ccWBcGuK.s 			page 4


  77 0004 064A     		ldr	r2, .L5+4
  78 0006 1160     		str	r1, [r2]
  96:.\Generated_Source\PSoC5/CAN_1_PM.c ****         CY_SET_REG32(CAN_1_INT_EN_PTR, CAN_1_backup.intEn);
  79              		.loc 1 96 0
  80 0008 9968     		ldr	r1, [r3, #8]
  81 000a 0432     		adds	r2, r2, #4
  82 000c 1160     		str	r1, [r2]
  97:.\Generated_Source\PSoC5/CAN_1_PM.c ****         CY_SET_REG32(CAN_1_CMD_PTR, CAN_1_backup.cmd);
  83              		.loc 1 97 0
  84 000e D968     		ldr	r1, [r3, #12]
  85 0010 0C32     		adds	r2, r2, #12
  86 0012 1160     		str	r1, [r2]
  98:.\Generated_Source\PSoC5/CAN_1_PM.c ****         CY_SET_REG32(CAN_1_CFG_PTR, CAN_1_backup.cfg);
  87              		.loc 1 98 0
  88 0014 1A69     		ldr	r2, [r3, #16]
  89 0016 034B     		ldr	r3, .L5+8
  90 0018 1A60     		str	r2, [r3]
  91 001a 7047     		bx	lr
  92              	.L6:
  93              		.align	2
  94              	.L5:
  95 001c 00000000 		.word	.LANCHOR0
  96 0020 00A00040 		.word	1073782784
  97 0024 14A00040 		.word	1073782804
  98              		.cfi_endproc
  99              	.LFE1:
 100              		.size	CAN_1_RestoreConfig, .-CAN_1_RestoreConfig
 101              		.section	.text.CAN_1_Sleep,"ax",%progbits
 102              		.align	2
 103              		.global	CAN_1_Sleep
 104              		.thumb
 105              		.thumb_func
 106              		.type	CAN_1_Sleep, %function
 107              	CAN_1_Sleep:
 108              	.LFB2:
  99:.\Generated_Source\PSoC5/CAN_1_PM.c ****     #endif /* CY_PSOC3 || CY_PSOC5 */
 100:.\Generated_Source\PSoC5/CAN_1_PM.c **** }
 101:.\Generated_Source\PSoC5/CAN_1_PM.c **** 
 102:.\Generated_Source\PSoC5/CAN_1_PM.c **** 
 103:.\Generated_Source\PSoC5/CAN_1_PM.c **** /*******************************************************************************
 104:.\Generated_Source\PSoC5/CAN_1_PM.c **** * Function Name: CAN_1_Sleep
 105:.\Generated_Source\PSoC5/CAN_1_PM.c **** ********************************************************************************
 106:.\Generated_Source\PSoC5/CAN_1_PM.c **** *
 107:.\Generated_Source\PSoC5/CAN_1_PM.c **** * Summary:
 108:.\Generated_Source\PSoC5/CAN_1_PM.c **** *  Prepares CAN Component to go to sleep.
 109:.\Generated_Source\PSoC5/CAN_1_PM.c **** *
 110:.\Generated_Source\PSoC5/CAN_1_PM.c **** * Parameters:
 111:.\Generated_Source\PSoC5/CAN_1_PM.c **** *  None.
 112:.\Generated_Source\PSoC5/CAN_1_PM.c **** *
 113:.\Generated_Source\PSoC5/CAN_1_PM.c **** * Return:
 114:.\Generated_Source\PSoC5/CAN_1_PM.c **** *  None.
 115:.\Generated_Source\PSoC5/CAN_1_PM.c **** *
 116:.\Generated_Source\PSoC5/CAN_1_PM.c **** * Global Variables:
 117:.\Generated_Source\PSoC5/CAN_1_PM.c **** *  CAN_1_backup - Modified when non-retention registers are saved.
 118:.\Generated_Source\PSoC5/CAN_1_PM.c **** *
 119:.\Generated_Source\PSoC5/CAN_1_PM.c **** * Reentrant:
 120:.\Generated_Source\PSoC5/CAN_1_PM.c **** *  No.
ARM GAS  C:\Users\PANXIA~1\AppData\Local\Temp\ccWBcGuK.s 			page 5


 121:.\Generated_Source\PSoC5/CAN_1_PM.c **** *
 122:.\Generated_Source\PSoC5/CAN_1_PM.c **** *******************************************************************************/
 123:.\Generated_Source\PSoC5/CAN_1_PM.c **** void CAN_1_Sleep(void) 
 124:.\Generated_Source\PSoC5/CAN_1_PM.c **** {
 109              		.loc 1 124 0
 110              		.cfi_startproc
 111              		@ args = 0, pretend = 0, frame = 0
 112              		@ frame_needed = 0, uses_anonymous_args = 0
 113 0000 08B5     		push	{r3, lr}
 114              		.cfi_def_cfa_offset 8
 115              		.cfi_offset 3, -8
 116              		.cfi_offset 14, -4
 125:.\Generated_Source\PSoC5/CAN_1_PM.c ****     #if (!(CY_PSOC3 || CY_PSOC5))
 126:.\Generated_Source\PSoC5/CAN_1_PM.c ****         uint8 i;
 127:.\Generated_Source\PSoC5/CAN_1_PM.c ****     #endif /* (!(CY_PSOC3 || CY_PSOC5)) */
 128:.\Generated_Source\PSoC5/CAN_1_PM.c **** 
 129:.\Generated_Source\PSoC5/CAN_1_PM.c ****     if (0u != (CY_GET_REG32(CAN_1_CMD_PTR) & CAN_1_MODE_MASK))
 117              		.loc 1 129 0
 118 0002 084B     		ldr	r3, .L11
 119 0004 1B68     		ldr	r3, [r3]
 120 0006 13F0010F 		tst	r3, #1
 121 000a 03D0     		beq	.L8
 130:.\Generated_Source\PSoC5/CAN_1_PM.c ****     {
 131:.\Generated_Source\PSoC5/CAN_1_PM.c ****         CAN_1_backup.enableState = 1u;
 122              		.loc 1 131 0
 123 000c 0122     		movs	r2, #1
 124 000e 064B     		ldr	r3, .L11+4
 125 0010 1A70     		strb	r2, [r3]
 126 0012 02E0     		b	.L9
 127              	.L8:
 132:.\Generated_Source\PSoC5/CAN_1_PM.c ****     }
 133:.\Generated_Source\PSoC5/CAN_1_PM.c ****     else /* CAN block is disabled */
 134:.\Generated_Source\PSoC5/CAN_1_PM.c ****     {
 135:.\Generated_Source\PSoC5/CAN_1_PM.c ****         CAN_1_backup.enableState = 0u;
 128              		.loc 1 135 0
 129 0014 0022     		movs	r2, #0
 130 0016 044B     		ldr	r3, .L11+4
 131 0018 1A70     		strb	r2, [r3]
 132              	.L9:
 136:.\Generated_Source\PSoC5/CAN_1_PM.c ****     }
 137:.\Generated_Source\PSoC5/CAN_1_PM.c **** 
 138:.\Generated_Source\PSoC5/CAN_1_PM.c ****     #if (CY_PSOC3 || CY_PSOC5)
 139:.\Generated_Source\PSoC5/CAN_1_PM.c ****         CAN_1_SaveConfig();
 133              		.loc 1 139 0
 134 001a FFF7FEFF 		bl	CAN_1_SaveConfig
 135              	.LVL0:
 140:.\Generated_Source\PSoC5/CAN_1_PM.c ****         (void) CAN_1_Stop();
 136              		.loc 1 140 0
 137 001e FFF7FEFF 		bl	CAN_1_Stop
 138              	.LVL1:
 139 0022 08BD     		pop	{r3, pc}
 140              	.L12:
 141              		.align	2
 142              	.L11:
 143 0024 10A00040 		.word	1073782800
 144 0028 00000000 		.word	.LANCHOR0
 145              		.cfi_endproc
ARM GAS  C:\Users\PANXIA~1\AppData\Local\Temp\ccWBcGuK.s 			page 6


 146              	.LFE2:
 147              		.size	CAN_1_Sleep, .-CAN_1_Sleep
 148              		.section	.text.CAN_1_Wakeup,"ax",%progbits
 149              		.align	2
 150              		.global	CAN_1_Wakeup
 151              		.thumb
 152              		.thumb_func
 153              		.type	CAN_1_Wakeup, %function
 154              	CAN_1_Wakeup:
 155              	.LFB3:
 141:.\Generated_Source\PSoC5/CAN_1_PM.c ****     #else /* CY_PSOC4 */
 142:.\Generated_Source\PSoC5/CAN_1_PM.c ****         /* Abort respective pending TX message requests */
 143:.\Generated_Source\PSoC5/CAN_1_PM.c ****         for (i = 0u; i < CAN_1_NUMBER_OF_TX_MAILBOXES; i++)
 144:.\Generated_Source\PSoC5/CAN_1_PM.c ****         {
 145:.\Generated_Source\PSoC5/CAN_1_PM.c ****             CAN_1_TX_ABORT_MESSAGE(i);
 146:.\Generated_Source\PSoC5/CAN_1_PM.c ****         }
 147:.\Generated_Source\PSoC5/CAN_1_PM.c **** 
 148:.\Generated_Source\PSoC5/CAN_1_PM.c ****         /* Sets CAN controller to Stop mode */
 149:.\Generated_Source\PSoC5/CAN_1_PM.c ****         (void) CAN_1_Stop();
 150:.\Generated_Source\PSoC5/CAN_1_PM.c **** 
 151:.\Generated_Source\PSoC5/CAN_1_PM.c ****         /* Clear Global Interrupt enable Flag */
 152:.\Generated_Source\PSoC5/CAN_1_PM.c ****         (void) CAN_1_GlobalIntDisable();
 153:.\Generated_Source\PSoC5/CAN_1_PM.c ****     #endif /* CY_PSOC3 || CY_PSOC5 */
 154:.\Generated_Source\PSoC5/CAN_1_PM.c **** }
 155:.\Generated_Source\PSoC5/CAN_1_PM.c **** 
 156:.\Generated_Source\PSoC5/CAN_1_PM.c **** 
 157:.\Generated_Source\PSoC5/CAN_1_PM.c **** /*******************************************************************************
 158:.\Generated_Source\PSoC5/CAN_1_PM.c **** * Function Name: CAN_1_Wakeup
 159:.\Generated_Source\PSoC5/CAN_1_PM.c **** ********************************************************************************
 160:.\Generated_Source\PSoC5/CAN_1_PM.c **** *
 161:.\Generated_Source\PSoC5/CAN_1_PM.c **** * Summary:
 162:.\Generated_Source\PSoC5/CAN_1_PM.c **** *  Prepares CAN Component to wake up.
 163:.\Generated_Source\PSoC5/CAN_1_PM.c **** *
 164:.\Generated_Source\PSoC5/CAN_1_PM.c **** * Parameters:
 165:.\Generated_Source\PSoC5/CAN_1_PM.c **** *  None.
 166:.\Generated_Source\PSoC5/CAN_1_PM.c **** *
 167:.\Generated_Source\PSoC5/CAN_1_PM.c **** * Return:
 168:.\Generated_Source\PSoC5/CAN_1_PM.c **** *  None.
 169:.\Generated_Source\PSoC5/CAN_1_PM.c **** *
 170:.\Generated_Source\PSoC5/CAN_1_PM.c **** * Global Variables:
 171:.\Generated_Source\PSoC5/CAN_1_PM.c **** *  CAN_1_backup - Used when non-retention registers are restored.
 172:.\Generated_Source\PSoC5/CAN_1_PM.c **** *
 173:.\Generated_Source\PSoC5/CAN_1_PM.c **** * Reentrant:
 174:.\Generated_Source\PSoC5/CAN_1_PM.c **** *  No.
 175:.\Generated_Source\PSoC5/CAN_1_PM.c **** *
 176:.\Generated_Source\PSoC5/CAN_1_PM.c **** *******************************************************************************/
 177:.\Generated_Source\PSoC5/CAN_1_PM.c **** void CAN_1_Wakeup(void) 
 178:.\Generated_Source\PSoC5/CAN_1_PM.c **** {
 156              		.loc 1 178 0
 157              		.cfi_startproc
 158              		@ args = 0, pretend = 0, frame = 0
 159              		@ frame_needed = 0, uses_anonymous_args = 0
 160 0000 08B5     		push	{r3, lr}
 161              		.cfi_def_cfa_offset 8
 162              		.cfi_offset 3, -8
 163              		.cfi_offset 14, -4
 179:.\Generated_Source\PSoC5/CAN_1_PM.c ****     #if (CY_PSOC3 || CY_PSOC5)
ARM GAS  C:\Users\PANXIA~1\AppData\Local\Temp\ccWBcGuK.s 			page 7


 180:.\Generated_Source\PSoC5/CAN_1_PM.c ****         /* Enable CAN block in Active mode */
 181:.\Generated_Source\PSoC5/CAN_1_PM.c ****         CAN_1_PM_ACT_CFG_REG |= CAN_1_ACT_PWR_EN;
 164              		.loc 1 181 0
 165 0002 0A4A     		ldr	r2, .L16
 166 0004 1378     		ldrb	r3, [r2]	@ zero_extendqisi2
 167 0006 43F00103 		orr	r3, r3, #1
 168 000a 1370     		strb	r3, [r2]
 182:.\Generated_Source\PSoC5/CAN_1_PM.c ****         /* Enable CAN block in Alternate Active (Standby) mode */
 183:.\Generated_Source\PSoC5/CAN_1_PM.c ****         CAN_1_PM_STBY_CFG_REG |= CAN_1_STBY_PWR_EN;
 169              		.loc 1 183 0
 170 000c 1032     		adds	r2, r2, #16
 171 000e 1378     		ldrb	r3, [r2]	@ zero_extendqisi2
 172 0010 43F00103 		orr	r3, r3, #1
 173 0014 1370     		strb	r3, [r2]
 184:.\Generated_Source\PSoC5/CAN_1_PM.c **** 
 185:.\Generated_Source\PSoC5/CAN_1_PM.c ****         CAN_1_RestoreConfig();
 174              		.loc 1 185 0
 175 0016 FFF7FEFF 		bl	CAN_1_RestoreConfig
 176              	.LVL2:
 186:.\Generated_Source\PSoC5/CAN_1_PM.c **** 
 187:.\Generated_Source\PSoC5/CAN_1_PM.c ****         /* Reconfigure Rx and Tx Buffers control registers */
 188:.\Generated_Source\PSoC5/CAN_1_PM.c ****         (void) CAN_1_RxTxBuffersConfig();
 177              		.loc 1 188 0
 178 001a FFF7FEFF 		bl	CAN_1_RxTxBuffersConfig
 179              	.LVL3:
 189:.\Generated_Source\PSoC5/CAN_1_PM.c **** 
 190:.\Generated_Source\PSoC5/CAN_1_PM.c ****         if (CAN_1_backup.enableState != 0u)
 180              		.loc 1 190 0
 181 001e 044B     		ldr	r3, .L16+4
 182 0020 1B78     		ldrb	r3, [r3]	@ zero_extendqisi2
 183 0022 0BB1     		cbz	r3, .L13
 191:.\Generated_Source\PSoC5/CAN_1_PM.c ****         {
 192:.\Generated_Source\PSoC5/CAN_1_PM.c ****             /* Enable component's operation */
 193:.\Generated_Source\PSoC5/CAN_1_PM.c ****             (void) CAN_1_Enable();
 184              		.loc 1 193 0
 185 0024 FFF7FEFF 		bl	CAN_1_Enable
 186              	.LVL4:
 187              	.L13:
 188 0028 08BD     		pop	{r3, pc}
 189              	.L17:
 190 002a 00BF     		.align	2
 191              	.L16:
 192 002c A6430040 		.word	1073759142
 193 0030 00000000 		.word	.LANCHOR0
 194              		.cfi_endproc
 195              	.LFE3:
 196              		.size	CAN_1_Wakeup, .-CAN_1_Wakeup
 197              		.data
 198              		.align	2
 199              		.set	.LANCHOR0,. + 0
 200              		.type	CAN_1_backup, %object
 201              		.size	CAN_1_backup, 20
 202              	CAN_1_backup:
 203 0000 00       		.byte	0
 204 0001 000000   		.space	3
 205 0004 00000000 		.word	0
 206 0008 01120000 		.word	4609
ARM GAS  C:\Users\PANXIA~1\AppData\Local\Temp\ccWBcGuK.s 			page 8


 207 000c 01000000 		.word	1
 208 0010 48060B00 		.word	722504
 209              		.text
 210              	.Letext0:
 211              		.file 2 ".\\Generated_Source\\PSoC5\\cytypes.h"
 212              		.file 3 ".\\Generated_Source\\PSoC5\\CAN_1.h"
 213              		.section	.debug_info,"",%progbits
 214              	.Ldebug_info0:
 215 0000 C5010000 		.4byte	0x1c5
 216 0004 0400     		.2byte	0x4
 217 0006 00000000 		.4byte	.Ldebug_abbrev0
 218 000a 04       		.byte	0x4
 219 000b 01       		.uleb128 0x1
 220 000c F2000000 		.4byte	.LASF29
 221 0010 01       		.byte	0x1
 222 0011 C0010000 		.4byte	.LASF30
 223 0015 2D000000 		.4byte	.LASF31
 224 0019 00000000 		.4byte	.Ldebug_ranges0+0
 225 001d 00000000 		.4byte	0
 226 0021 00000000 		.4byte	.Ldebug_line0
 227 0025 02       		.uleb128 0x2
 228 0026 01       		.byte	0x1
 229 0027 06       		.byte	0x6
 230 0028 31020000 		.4byte	.LASF0
 231 002c 02       		.uleb128 0x2
 232 002d 01       		.byte	0x1
 233 002e 08       		.byte	0x8
 234 002f 73000000 		.4byte	.LASF1
 235 0033 02       		.uleb128 0x2
 236 0034 02       		.byte	0x2
 237 0035 05       		.byte	0x5
 238 0036 12020000 		.4byte	.LASF2
 239 003a 02       		.uleb128 0x2
 240 003b 02       		.byte	0x2
 241 003c 07       		.byte	0x7
 242 003d 06000000 		.4byte	.LASF3
 243 0041 02       		.uleb128 0x2
 244 0042 04       		.byte	0x4
 245 0043 05       		.byte	0x5
 246 0044 1C020000 		.4byte	.LASF4
 247 0048 02       		.uleb128 0x2
 248 0049 04       		.byte	0x4
 249 004a 07       		.byte	0x7
 250 004b 8C000000 		.4byte	.LASF5
 251 004f 02       		.uleb128 0x2
 252 0050 08       		.byte	0x8
 253 0051 05       		.byte	0x5
 254 0052 F9010000 		.4byte	.LASF6
 255 0056 02       		.uleb128 0x2
 256 0057 08       		.byte	0x8
 257 0058 07       		.byte	0x7
 258 0059 9E010000 		.4byte	.LASF7
 259 005d 03       		.uleb128 0x3
 260 005e 04       		.byte	0x4
 261 005f 05       		.byte	0x5
 262 0060 696E7400 		.ascii	"int\000"
 263 0064 02       		.uleb128 0x2
ARM GAS  C:\Users\PANXIA~1\AppData\Local\Temp\ccWBcGuK.s 			page 9


 264 0065 04       		.byte	0x4
 265 0066 07       		.byte	0x7
 266 0067 91010000 		.4byte	.LASF8
 267 006b 04       		.uleb128 0x4
 268 006c B2000000 		.4byte	.LASF9
 269 0070 02       		.byte	0x2
 270 0071 C2       		.byte	0xc2
 271 0072 2C000000 		.4byte	0x2c
 272 0076 04       		.uleb128 0x4
 273 0077 E4000000 		.4byte	.LASF10
 274 007b 02       		.byte	0x2
 275 007c C3       		.byte	0xc3
 276 007d 3A000000 		.4byte	0x3a
 277 0081 04       		.uleb128 0x4
 278 0082 EB000000 		.4byte	.LASF11
 279 0086 02       		.byte	0x2
 280 0087 C4       		.byte	0xc4
 281 0088 48000000 		.4byte	0x48
 282 008c 02       		.uleb128 0x2
 283 008d 04       		.byte	0x4
 284 008e 04       		.byte	0x4
 285 008f 60000000 		.4byte	.LASF12
 286 0093 02       		.uleb128 0x2
 287 0094 08       		.byte	0x8
 288 0095 04       		.byte	0x4
 289 0096 C5000000 		.4byte	.LASF13
 290 009a 02       		.uleb128 0x2
 291 009b 01       		.byte	0x1
 292 009c 08       		.byte	0x8
 293 009d 07020000 		.4byte	.LASF14
 294 00a1 05       		.uleb128 0x5
 295 00a2 81000000 		.4byte	.LASF15
 296 00a6 02       		.byte	0x2
 297 00a7 6C01     		.2byte	0x16c
 298 00a9 AD000000 		.4byte	0xad
 299 00ad 06       		.uleb128 0x6
 300 00ae 6B000000 		.4byte	0x6b
 301 00b2 05       		.uleb128 0x5
 302 00b3 00000000 		.4byte	.LASF16
 303 00b7 02       		.byte	0x2
 304 00b8 6E01     		.2byte	0x16e
 305 00ba BE000000 		.4byte	0xbe
 306 00be 06       		.uleb128 0x6
 307 00bf 81000000 		.4byte	0x81
 308 00c3 02       		.uleb128 0x2
 309 00c4 04       		.byte	0x4
 310 00c5 07       		.byte	0x7
 311 00c6 E4010000 		.4byte	.LASF17
 312 00ca 07       		.uleb128 0x7
 313 00cb 14       		.byte	0x14
 314 00cc 03       		.byte	0x3
 315 00cd B4       		.byte	0xb4
 316 00ce 0F010000 		.4byte	0x10f
 317 00d2 08       		.uleb128 0x8
 318 00d3 25020000 		.4byte	.LASF18
 319 00d7 03       		.byte	0x3
 320 00d8 B6       		.byte	0xb6
ARM GAS  C:\Users\PANXIA~1\AppData\Local\Temp\ccWBcGuK.s 			page 10


 321 00d9 6B000000 		.4byte	0x6b
 322 00dd 00       		.byte	0
 323 00de 08       		.uleb128 0x8
 324 00df 0C020000 		.4byte	.LASF19
 325 00e3 03       		.byte	0x3
 326 00e4 B8       		.byte	0xb8
 327 00e5 81000000 		.4byte	0x81
 328 00e9 04       		.byte	0x4
 329 00ea 08       		.uleb128 0x8
 330 00eb 86000000 		.4byte	.LASF20
 331 00ef 03       		.byte	0x3
 332 00f0 B9       		.byte	0xb9
 333 00f1 81000000 		.4byte	0x81
 334 00f5 08       		.byte	0x8
 335 00f6 09       		.uleb128 0x9
 336 00f7 636D6400 		.ascii	"cmd\000"
 337 00fb 03       		.byte	0x3
 338 00fc BA       		.byte	0xba
 339 00fd 81000000 		.4byte	0x81
 340 0101 0C       		.byte	0xc
 341 0102 09       		.uleb128 0x9
 342 0103 63666700 		.ascii	"cfg\000"
 343 0107 03       		.byte	0x3
 344 0108 BB       		.byte	0xbb
 345 0109 81000000 		.4byte	0x81
 346 010d 10       		.byte	0x10
 347 010e 00       		.byte	0
 348 010f 04       		.uleb128 0x4
 349 0110 19000000 		.4byte	.LASF21
 350 0114 03       		.byte	0x3
 351 0115 BD       		.byte	0xbd
 352 0116 CA000000 		.4byte	0xca
 353 011a 0A       		.uleb128 0xa
 354 011b 80010000 		.4byte	.LASF22
 355 011f 01       		.byte	0x1
 356 0120 3B       		.byte	0x3b
 357 0121 00000000 		.4byte	.LFB0
 358 0125 30000000 		.4byte	.LFE0-.LFB0
 359 0129 01       		.uleb128 0x1
 360 012a 9C       		.byte	0x9c
 361 012b 0A       		.uleb128 0xa
 362 012c 9E000000 		.4byte	.LASF23
 363 0130 01       		.byte	0x1
 364 0131 5C       		.byte	0x5c
 365 0132 00000000 		.4byte	.LFB1
 366 0136 28000000 		.4byte	.LFE1-.LFB1
 367 013a 01       		.uleb128 0x1
 368 013b 9C       		.byte	0x9c
 369 013c 0B       		.uleb128 0xb
 370 013d ED010000 		.4byte	.LASF24
 371 0141 01       		.byte	0x1
 372 0142 7B       		.byte	0x7b
 373 0143 00000000 		.4byte	.LFB2
 374 0147 2C000000 		.4byte	.LFE2-.LFB2
 375 014b 01       		.uleb128 0x1
 376 014c 9C       		.byte	0x9c
 377 014d 64010000 		.4byte	0x164
ARM GAS  C:\Users\PANXIA~1\AppData\Local\Temp\ccWBcGuK.s 			page 11


 378 0151 0C       		.uleb128 0xc
 379 0152 1E000000 		.4byte	.LVL0
 380 0156 1A010000 		.4byte	0x11a
 381 015a 0C       		.uleb128 0xc
 382 015b 22000000 		.4byte	.LVL1
 383 015f A6010000 		.4byte	0x1a6
 384 0163 00       		.byte	0
 385 0164 0B       		.uleb128 0xb
 386 0165 B8000000 		.4byte	.LASF25
 387 0169 01       		.byte	0x1
 388 016a B1       		.byte	0xb1
 389 016b 00000000 		.4byte	.LFB3
 390 016f 34000000 		.4byte	.LFE3-.LFB3
 391 0173 01       		.uleb128 0x1
 392 0174 9C       		.byte	0x9c
 393 0175 95010000 		.4byte	0x195
 394 0179 0C       		.uleb128 0xc
 395 017a 1A000000 		.4byte	.LVL2
 396 017e 2B010000 		.4byte	0x12b
 397 0182 0C       		.uleb128 0xc
 398 0183 1E000000 		.4byte	.LVL3
 399 0187 B1010000 		.4byte	0x1b1
 400 018b 0C       		.uleb128 0xc
 401 018c 28000000 		.4byte	.LVL4
 402 0190 BD010000 		.4byte	0x1bd
 403 0194 00       		.byte	0
 404 0195 0D       		.uleb128 0xd
 405 0196 66000000 		.4byte	.LASF32
 406 019a 01       		.byte	0x1
 407 019b 14       		.byte	0x14
 408 019c 0F010000 		.4byte	0x10f
 409 01a0 05       		.uleb128 0x5
 410 01a1 03       		.byte	0x3
 411 01a2 00000000 		.4byte	CAN_1_backup
 412 01a6 0E       		.uleb128 0xe
 413 01a7 B5010000 		.4byte	.LASF26
 414 01ab 03       		.byte	0x3
 415 01ac C6       		.byte	0xc6
 416 01ad 6B000000 		.4byte	0x6b
 417 01b1 0F       		.uleb128 0xf
 418 01b2 CC000000 		.4byte	.LASF27
 419 01b6 03       		.byte	0x3
 420 01b7 1701     		.2byte	0x117
 421 01b9 6B000000 		.4byte	0x6b
 422 01bd 0E       		.uleb128 0xe
 423 01be 3D020000 		.4byte	.LASF28
 424 01c2 03       		.byte	0x3
 425 01c3 C7       		.byte	0xc7
 426 01c4 6B000000 		.4byte	0x6b
 427 01c8 00       		.byte	0
 428              		.section	.debug_abbrev,"",%progbits
 429              	.Ldebug_abbrev0:
 430 0000 01       		.uleb128 0x1
 431 0001 11       		.uleb128 0x11
 432 0002 01       		.byte	0x1
 433 0003 25       		.uleb128 0x25
 434 0004 0E       		.uleb128 0xe
ARM GAS  C:\Users\PANXIA~1\AppData\Local\Temp\ccWBcGuK.s 			page 12


 435 0005 13       		.uleb128 0x13
 436 0006 0B       		.uleb128 0xb
 437 0007 03       		.uleb128 0x3
 438 0008 0E       		.uleb128 0xe
 439 0009 1B       		.uleb128 0x1b
 440 000a 0E       		.uleb128 0xe
 441 000b 55       		.uleb128 0x55
 442 000c 17       		.uleb128 0x17
 443 000d 11       		.uleb128 0x11
 444 000e 01       		.uleb128 0x1
 445 000f 10       		.uleb128 0x10
 446 0010 17       		.uleb128 0x17
 447 0011 00       		.byte	0
 448 0012 00       		.byte	0
 449 0013 02       		.uleb128 0x2
 450 0014 24       		.uleb128 0x24
 451 0015 00       		.byte	0
 452 0016 0B       		.uleb128 0xb
 453 0017 0B       		.uleb128 0xb
 454 0018 3E       		.uleb128 0x3e
 455 0019 0B       		.uleb128 0xb
 456 001a 03       		.uleb128 0x3
 457 001b 0E       		.uleb128 0xe
 458 001c 00       		.byte	0
 459 001d 00       		.byte	0
 460 001e 03       		.uleb128 0x3
 461 001f 24       		.uleb128 0x24
 462 0020 00       		.byte	0
 463 0021 0B       		.uleb128 0xb
 464 0022 0B       		.uleb128 0xb
 465 0023 3E       		.uleb128 0x3e
 466 0024 0B       		.uleb128 0xb
 467 0025 03       		.uleb128 0x3
 468 0026 08       		.uleb128 0x8
 469 0027 00       		.byte	0
 470 0028 00       		.byte	0
 471 0029 04       		.uleb128 0x4
 472 002a 16       		.uleb128 0x16
 473 002b 00       		.byte	0
 474 002c 03       		.uleb128 0x3
 475 002d 0E       		.uleb128 0xe
 476 002e 3A       		.uleb128 0x3a
 477 002f 0B       		.uleb128 0xb
 478 0030 3B       		.uleb128 0x3b
 479 0031 0B       		.uleb128 0xb
 480 0032 49       		.uleb128 0x49
 481 0033 13       		.uleb128 0x13
 482 0034 00       		.byte	0
 483 0035 00       		.byte	0
 484 0036 05       		.uleb128 0x5
 485 0037 16       		.uleb128 0x16
 486 0038 00       		.byte	0
 487 0039 03       		.uleb128 0x3
 488 003a 0E       		.uleb128 0xe
 489 003b 3A       		.uleb128 0x3a
 490 003c 0B       		.uleb128 0xb
 491 003d 3B       		.uleb128 0x3b
ARM GAS  C:\Users\PANXIA~1\AppData\Local\Temp\ccWBcGuK.s 			page 13


 492 003e 05       		.uleb128 0x5
 493 003f 49       		.uleb128 0x49
 494 0040 13       		.uleb128 0x13
 495 0041 00       		.byte	0
 496 0042 00       		.byte	0
 497 0043 06       		.uleb128 0x6
 498 0044 35       		.uleb128 0x35
 499 0045 00       		.byte	0
 500 0046 49       		.uleb128 0x49
 501 0047 13       		.uleb128 0x13
 502 0048 00       		.byte	0
 503 0049 00       		.byte	0
 504 004a 07       		.uleb128 0x7
 505 004b 13       		.uleb128 0x13
 506 004c 01       		.byte	0x1
 507 004d 0B       		.uleb128 0xb
 508 004e 0B       		.uleb128 0xb
 509 004f 3A       		.uleb128 0x3a
 510 0050 0B       		.uleb128 0xb
 511 0051 3B       		.uleb128 0x3b
 512 0052 0B       		.uleb128 0xb
 513 0053 01       		.uleb128 0x1
 514 0054 13       		.uleb128 0x13
 515 0055 00       		.byte	0
 516 0056 00       		.byte	0
 517 0057 08       		.uleb128 0x8
 518 0058 0D       		.uleb128 0xd
 519 0059 00       		.byte	0
 520 005a 03       		.uleb128 0x3
 521 005b 0E       		.uleb128 0xe
 522 005c 3A       		.uleb128 0x3a
 523 005d 0B       		.uleb128 0xb
 524 005e 3B       		.uleb128 0x3b
 525 005f 0B       		.uleb128 0xb
 526 0060 49       		.uleb128 0x49
 527 0061 13       		.uleb128 0x13
 528 0062 38       		.uleb128 0x38
 529 0063 0B       		.uleb128 0xb
 530 0064 00       		.byte	0
 531 0065 00       		.byte	0
 532 0066 09       		.uleb128 0x9
 533 0067 0D       		.uleb128 0xd
 534 0068 00       		.byte	0
 535 0069 03       		.uleb128 0x3
 536 006a 08       		.uleb128 0x8
 537 006b 3A       		.uleb128 0x3a
 538 006c 0B       		.uleb128 0xb
 539 006d 3B       		.uleb128 0x3b
 540 006e 0B       		.uleb128 0xb
 541 006f 49       		.uleb128 0x49
 542 0070 13       		.uleb128 0x13
 543 0071 38       		.uleb128 0x38
 544 0072 0B       		.uleb128 0xb
 545 0073 00       		.byte	0
 546 0074 00       		.byte	0
 547 0075 0A       		.uleb128 0xa
 548 0076 2E       		.uleb128 0x2e
ARM GAS  C:\Users\PANXIA~1\AppData\Local\Temp\ccWBcGuK.s 			page 14


 549 0077 00       		.byte	0
 550 0078 3F       		.uleb128 0x3f
 551 0079 19       		.uleb128 0x19
 552 007a 03       		.uleb128 0x3
 553 007b 0E       		.uleb128 0xe
 554 007c 3A       		.uleb128 0x3a
 555 007d 0B       		.uleb128 0xb
 556 007e 3B       		.uleb128 0x3b
 557 007f 0B       		.uleb128 0xb
 558 0080 27       		.uleb128 0x27
 559 0081 19       		.uleb128 0x19
 560 0082 11       		.uleb128 0x11
 561 0083 01       		.uleb128 0x1
 562 0084 12       		.uleb128 0x12
 563 0085 06       		.uleb128 0x6
 564 0086 40       		.uleb128 0x40
 565 0087 18       		.uleb128 0x18
 566 0088 9742     		.uleb128 0x2117
 567 008a 19       		.uleb128 0x19
 568 008b 00       		.byte	0
 569 008c 00       		.byte	0
 570 008d 0B       		.uleb128 0xb
 571 008e 2E       		.uleb128 0x2e
 572 008f 01       		.byte	0x1
 573 0090 3F       		.uleb128 0x3f
 574 0091 19       		.uleb128 0x19
 575 0092 03       		.uleb128 0x3
 576 0093 0E       		.uleb128 0xe
 577 0094 3A       		.uleb128 0x3a
 578 0095 0B       		.uleb128 0xb
 579 0096 3B       		.uleb128 0x3b
 580 0097 0B       		.uleb128 0xb
 581 0098 27       		.uleb128 0x27
 582 0099 19       		.uleb128 0x19
 583 009a 11       		.uleb128 0x11
 584 009b 01       		.uleb128 0x1
 585 009c 12       		.uleb128 0x12
 586 009d 06       		.uleb128 0x6
 587 009e 40       		.uleb128 0x40
 588 009f 18       		.uleb128 0x18
 589 00a0 9742     		.uleb128 0x2117
 590 00a2 19       		.uleb128 0x19
 591 00a3 01       		.uleb128 0x1
 592 00a4 13       		.uleb128 0x13
 593 00a5 00       		.byte	0
 594 00a6 00       		.byte	0
 595 00a7 0C       		.uleb128 0xc
 596 00a8 898201   		.uleb128 0x4109
 597 00ab 00       		.byte	0
 598 00ac 11       		.uleb128 0x11
 599 00ad 01       		.uleb128 0x1
 600 00ae 31       		.uleb128 0x31
 601 00af 13       		.uleb128 0x13
 602 00b0 00       		.byte	0
 603 00b1 00       		.byte	0
 604 00b2 0D       		.uleb128 0xd
 605 00b3 34       		.uleb128 0x34
ARM GAS  C:\Users\PANXIA~1\AppData\Local\Temp\ccWBcGuK.s 			page 15


 606 00b4 00       		.byte	0
 607 00b5 03       		.uleb128 0x3
 608 00b6 0E       		.uleb128 0xe
 609 00b7 3A       		.uleb128 0x3a
 610 00b8 0B       		.uleb128 0xb
 611 00b9 3B       		.uleb128 0x3b
 612 00ba 0B       		.uleb128 0xb
 613 00bb 49       		.uleb128 0x49
 614 00bc 13       		.uleb128 0x13
 615 00bd 02       		.uleb128 0x2
 616 00be 18       		.uleb128 0x18
 617 00bf 00       		.byte	0
 618 00c0 00       		.byte	0
 619 00c1 0E       		.uleb128 0xe
 620 00c2 2E       		.uleb128 0x2e
 621 00c3 00       		.byte	0
 622 00c4 3F       		.uleb128 0x3f
 623 00c5 19       		.uleb128 0x19
 624 00c6 03       		.uleb128 0x3
 625 00c7 0E       		.uleb128 0xe
 626 00c8 3A       		.uleb128 0x3a
 627 00c9 0B       		.uleb128 0xb
 628 00ca 3B       		.uleb128 0x3b
 629 00cb 0B       		.uleb128 0xb
 630 00cc 27       		.uleb128 0x27
 631 00cd 19       		.uleb128 0x19
 632 00ce 49       		.uleb128 0x49
 633 00cf 13       		.uleb128 0x13
 634 00d0 3C       		.uleb128 0x3c
 635 00d1 19       		.uleb128 0x19
 636 00d2 00       		.byte	0
 637 00d3 00       		.byte	0
 638 00d4 0F       		.uleb128 0xf
 639 00d5 2E       		.uleb128 0x2e
 640 00d6 00       		.byte	0
 641 00d7 3F       		.uleb128 0x3f
 642 00d8 19       		.uleb128 0x19
 643 00d9 03       		.uleb128 0x3
 644 00da 0E       		.uleb128 0xe
 645 00db 3A       		.uleb128 0x3a
 646 00dc 0B       		.uleb128 0xb
 647 00dd 3B       		.uleb128 0x3b
 648 00de 05       		.uleb128 0x5
 649 00df 27       		.uleb128 0x27
 650 00e0 19       		.uleb128 0x19
 651 00e1 49       		.uleb128 0x49
 652 00e2 13       		.uleb128 0x13
 653 00e3 3C       		.uleb128 0x3c
 654 00e4 19       		.uleb128 0x19
 655 00e5 00       		.byte	0
 656 00e6 00       		.byte	0
 657 00e7 00       		.byte	0
 658              		.section	.debug_aranges,"",%progbits
 659 0000 34000000 		.4byte	0x34
 660 0004 0200     		.2byte	0x2
 661 0006 00000000 		.4byte	.Ldebug_info0
 662 000a 04       		.byte	0x4
ARM GAS  C:\Users\PANXIA~1\AppData\Local\Temp\ccWBcGuK.s 			page 16


 663 000b 00       		.byte	0
 664 000c 0000     		.2byte	0
 665 000e 0000     		.2byte	0
 666 0010 00000000 		.4byte	.LFB0
 667 0014 30000000 		.4byte	.LFE0-.LFB0
 668 0018 00000000 		.4byte	.LFB1
 669 001c 28000000 		.4byte	.LFE1-.LFB1
 670 0020 00000000 		.4byte	.LFB2
 671 0024 2C000000 		.4byte	.LFE2-.LFB2
 672 0028 00000000 		.4byte	.LFB3
 673 002c 34000000 		.4byte	.LFE3-.LFB3
 674 0030 00000000 		.4byte	0
 675 0034 00000000 		.4byte	0
 676              		.section	.debug_ranges,"",%progbits
 677              	.Ldebug_ranges0:
 678 0000 00000000 		.4byte	.LFB0
 679 0004 30000000 		.4byte	.LFE0
 680 0008 00000000 		.4byte	.LFB1
 681 000c 28000000 		.4byte	.LFE1
 682 0010 00000000 		.4byte	.LFB2
 683 0014 2C000000 		.4byte	.LFE2
 684 0018 00000000 		.4byte	.LFB3
 685 001c 34000000 		.4byte	.LFE3
 686 0020 00000000 		.4byte	0
 687 0024 00000000 		.4byte	0
 688              		.section	.debug_line,"",%progbits
 689              	.Ldebug_line0:
 690 0000 AA000000 		.section	.debug_str,"MS",%progbits,1
 690      02005200 
 690      00000201 
 690      FB0E0D00 
 690      01010101 
 691              	.LASF16:
 692 0000 72656733 		.ascii	"reg32\000"
 692      3200
 693              	.LASF3:
 694 0006 73686F72 		.ascii	"short unsigned int\000"
 694      7420756E 
 694      7369676E 
 694      65642069 
 694      6E7400
 695              	.LASF21:
 696 0019 43414E5F 		.ascii	"CAN_1_BACKUP_STRUCT\000"
 696      315F4241 
 696      434B5550 
 696      5F535452 
 696      55435400 
 697              	.LASF31:
 698 002d 443A5C47 		.ascii	"D:\\GIT\\A20_CANfestival\\posoc\\A66_CanFestival.cy"
 698      49545C41 
 698      32305F43 
 698      414E6665 
 698      73746976 
 699 005c 64736E00 		.ascii	"dsn\000"
 700              	.LASF12:
 701 0060 666C6F61 		.ascii	"float\000"
 701      7400
ARM GAS  C:\Users\PANXIA~1\AppData\Local\Temp\ccWBcGuK.s 			page 17


 702              	.LASF32:
 703 0066 43414E5F 		.ascii	"CAN_1_backup\000"
 703      315F6261 
 703      636B7570 
 703      00
 704              	.LASF1:
 705 0073 756E7369 		.ascii	"unsigned char\000"
 705      676E6564 
 705      20636861 
 705      7200
 706              	.LASF15:
 707 0081 72656738 		.ascii	"reg8\000"
 707      00
 708              	.LASF20:
 709 0086 696E7445 		.ascii	"intEn\000"
 709      6E00
 710              	.LASF5:
 711 008c 6C6F6E67 		.ascii	"long unsigned int\000"
 711      20756E73 
 711      69676E65 
 711      6420696E 
 711      7400
 712              	.LASF23:
 713 009e 43414E5F 		.ascii	"CAN_1_RestoreConfig\000"
 713      315F5265 
 713      73746F72 
 713      65436F6E 
 713      66696700 
 714              	.LASF9:
 715 00b2 75696E74 		.ascii	"uint8\000"
 715      3800
 716              	.LASF25:
 717 00b8 43414E5F 		.ascii	"CAN_1_Wakeup\000"
 717      315F5761 
 717      6B657570 
 717      00
 718              	.LASF13:
 719 00c5 646F7562 		.ascii	"double\000"
 719      6C6500
 720              	.LASF27:
 721 00cc 43414E5F 		.ascii	"CAN_1_RxTxBuffersConfig\000"
 721      315F5278 
 721      54784275 
 721      66666572 
 721      73436F6E 
 722              	.LASF10:
 723 00e4 75696E74 		.ascii	"uint16\000"
 723      313600
 724              	.LASF11:
 725 00eb 75696E74 		.ascii	"uint32\000"
 725      333200
 726              	.LASF29:
 727 00f2 474E5520 		.ascii	"GNU C 4.9.3 20150303 (release) [ARM/embedded-4_9-br"
 727      4320342E 
 727      392E3320 
 727      32303135 
 727      30333033 
ARM GAS  C:\Users\PANXIA~1\AppData\Local\Temp\ccWBcGuK.s 			page 18


 728 0125 616E6368 		.ascii	"anch revision 221220] -mcpu=cortex-m3 -mthumb -g -O"
 728      20726576 
 728      6973696F 
 728      6E203232 
 728      31323230 
 729 0158 67202D66 		.ascii	"g -ffunction-sections -ffat-lto-objects\000"
 729      66756E63 
 729      74696F6E 
 729      2D736563 
 729      74696F6E 
 730              	.LASF22:
 731 0180 43414E5F 		.ascii	"CAN_1_SaveConfig\000"
 731      315F5361 
 731      7665436F 
 731      6E666967 
 731      00
 732              	.LASF8:
 733 0191 756E7369 		.ascii	"unsigned int\000"
 733      676E6564 
 733      20696E74 
 733      00
 734              	.LASF7:
 735 019e 6C6F6E67 		.ascii	"long long unsigned int\000"
 735      206C6F6E 
 735      6720756E 
 735      7369676E 
 735      65642069 
 736              	.LASF26:
 737 01b5 43414E5F 		.ascii	"CAN_1_Stop\000"
 737      315F5374 
 737      6F7000
 738              	.LASF30:
 739 01c0 2E5C4765 		.ascii	".\\Generated_Source\\PSoC5\\CAN_1_PM.c\000"
 739      6E657261 
 739      7465645F 
 739      536F7572 
 739      63655C50 
 740              	.LASF17:
 741 01e4 73697A65 		.ascii	"sizetype\000"
 741      74797065 
 741      00
 742              	.LASF24:
 743 01ed 43414E5F 		.ascii	"CAN_1_Sleep\000"
 743      315F536C 
 743      65657000 
 744              	.LASF6:
 745 01f9 6C6F6E67 		.ascii	"long long int\000"
 745      206C6F6E 
 745      6720696E 
 745      7400
 746              	.LASF14:
 747 0207 63686172 		.ascii	"char\000"
 747      00
 748              	.LASF19:
 749 020c 696E7453 		.ascii	"intSr\000"
 749      7200
 750              	.LASF2:
ARM GAS  C:\Users\PANXIA~1\AppData\Local\Temp\ccWBcGuK.s 			page 19


 751 0212 73686F72 		.ascii	"short int\000"
 751      7420696E 
 751      7400
 752              	.LASF4:
 753 021c 6C6F6E67 		.ascii	"long int\000"
 753      20696E74 
 753      00
 754              	.LASF18:
 755 0225 656E6162 		.ascii	"enableState\000"
 755      6C655374 
 755      61746500 
 756              	.LASF0:
 757 0231 7369676E 		.ascii	"signed char\000"
 757      65642063 
 757      68617200 
 758              	.LASF28:
 759 023d 43414E5F 		.ascii	"CAN_1_Enable\000"
 759      315F456E 
 759      61626C65 
 759      00
 760              		.ident	"GCC: (GNU Tools for ARM Embedded Processors) 4.9.3 20150303 (release) [ARM/embedded-4_9-br
