ARM GAS  C:\Users\PANXIA~1\AppData\Local\Temp\ccq8eyr2.s 			page 1


   1              		.syntax unified
   2              		.cpu cortex-m3
   3              		.fpu softvfp
   4              		.eabi_attribute 20, 1
   5              		.eabi_attribute 21, 1
   6              		.eabi_attribute 23, 3
   7              		.eabi_attribute 24, 1
   8              		.eabi_attribute 25, 1
   9              		.eabi_attribute 26, 1
  10              		.eabi_attribute 30, 1
  11              		.eabi_attribute 34, 1
  12              		.eabi_attribute 18, 4
  13              		.thumb
  14              		.file	"cymetadata.c"
  15              		.text
  16              	.Ltext0:
  17              		.cfi_sections	.debug_frame
  18              		.global	cy_metadata
  19              		.global	cy_meta_flashprotect
  20              		.global	cy_meta_wonvl
  21              		.global	cy_meta_custnvl
  22              		.global	cy_meta_configecc
  23              		.section	.cyconfigecc,"a",%progbits
  24              		.align	2
  25              		.type	cy_meta_configecc, %object
  26              		.size	cy_meta_configecc, 1624
  27              	cy_meta_configecc:
  28 0000 05       		.byte	5
  29 0001 52       		.byte	82
  30 0002 00       		.byte	0
  31 0003 40       		.byte	64
  32 0004 02       		.byte	2
  33 0005 64       		.byte	100
  34 0006 00       		.byte	0
  35 0007 40       		.byte	64
  36 0008 02       		.byte	2
  37 0009 65       		.byte	101
  38 000a 00       		.byte	0
  39 000b 40       		.byte	64
  40 000c 0D       		.byte	13
  41 000d 03       		.byte	3
  42 000e 01       		.byte	1
  43 000f 40       		.byte	64
  44 0010 37       		.byte	55
  45 0011 04       		.byte	4
  46 0012 01       		.byte	1
  47 0013 40       		.byte	64
  48 0014 3E       		.byte	62
  49 0015 05       		.byte	5
  50 0016 01       		.byte	1
  51 0017 40       		.byte	64
  52 0018 57       		.byte	87
  53 0019 06       		.byte	6
  54 001a 01       		.byte	1
  55 001b 40       		.byte	64
  56 001c 47       		.byte	71
  57 001d 07       		.byte	7
ARM GAS  C:\Users\PANXIA~1\AppData\Local\Temp\ccq8eyr2.s 			page 2


  58 001e 01       		.byte	1
  59 001f 40       		.byte	64
  60 0020 01       		.byte	1
  61 0021 0B       		.byte	11
  62 0022 01       		.byte	1
  63 0023 40       		.byte	64
  64 0024 02       		.byte	2
  65 0025 0D       		.byte	13
  66 0026 01       		.byte	1
  67 0027 40       		.byte	64
  68 0028 48       		.byte	72
  69 0029 14       		.byte	20
  70 002a 01       		.byte	1
  71 002b 40       		.byte	64
  72 002c 46       		.byte	70
  73 002d 15       		.byte	21
  74 002e 01       		.byte	1
  75 002f 40       		.byte	64
  76 0030 59       		.byte	89
  77 0031 16       		.byte	22
  78 0032 01       		.byte	1
  79 0033 40       		.byte	64
  80 0034 4E       		.byte	78
  81 0035 17       		.byte	23
  82 0036 01       		.byte	1
  83 0037 40       		.byte	64
  84 0038 01       		.byte	1
  85 0039 1B       		.byte	27
  86 003a 01       		.byte	1
  87 003b 40       		.byte	64
  88 003c 10       		.byte	16
  89 003d 40       		.byte	64
  90 003e 01       		.byte	1
  91 003f 40       		.byte	64
  92 0040 14       		.byte	20
  93 0041 41       		.byte	65
  94 0042 01       		.byte	1
  95 0043 40       		.byte	64
  96 0044 0C       		.byte	12
  97 0045 42       		.byte	66
  98 0046 01       		.byte	1
  99 0047 40       		.byte	64
 100 0048 0A       		.byte	10
 101 0049 43       		.byte	67
 102 004a 01       		.byte	1
 103 004b 40       		.byte	64
 104 004c 06       		.byte	6
 105 004d 44       		.byte	68
 106 004e 01       		.byte	1
 107 004f 40       		.byte	64
 108 0050 07       		.byte	7
 109 0051 45       		.byte	69
 110 0052 01       		.byte	1
 111 0053 40       		.byte	64
 112 0054 09       		.byte	9
 113 0055 46       		.byte	70
 114 0056 01       		.byte	1
ARM GAS  C:\Users\PANXIA~1\AppData\Local\Temp\ccq8eyr2.s 			page 3


 115 0057 40       		.byte	64
 116 0058 01       		.byte	1
 117 0059 47       		.byte	71
 118 005a 01       		.byte	1
 119 005b 40       		.byte	64
 120 005c 07       		.byte	7
 121 005d 48       		.byte	72
 122 005e 01       		.byte	1
 123 005f 40       		.byte	64
 124 0060 08       		.byte	8
 125 0061 49       		.byte	73
 126 0062 01       		.byte	1
 127 0063 40       		.byte	64
 128 0064 01       		.byte	1
 129 0065 4C       		.byte	76
 130 0066 01       		.byte	1
 131 0067 40       		.byte	64
 132 0068 07       		.byte	7
 133 0069 4D       		.byte	77
 134 006a 01       		.byte	1
 135 006b 40       		.byte	64
 136 006c 08       		.byte	8
 137 006d 50       		.byte	80
 138 006e 01       		.byte	1
 139 006f 40       		.byte	64
 140 0070 01       		.byte	1
 141 0071 51       		.byte	81
 142 0072 01       		.byte	1
 143 0073 40       		.byte	64
 144 0074 20       		.byte	32
 145 0075 15       		.byte	21
 146 0076 21       		.byte	33
 147 0077 3C       		.byte	60
 148 0078 30       		.byte	48
 149 0079 08       		.byte	8
 150 007a 31       		.byte	49
 151 007b 08       		.byte	8
 152 007c 78       		.byte	120
 153 007d 18       		.byte	24
 154 007e 85       		.byte	-123
 155 007f 38       		.byte	56
 156 0080 87       		.byte	-121
 157 0081 0D       		.byte	13
 158 0082 85       		.byte	-123
 159 0083 0F       		.byte	15
 160 0084 86       		.byte	-122
 161 0085 72       		.byte	114
 162 0086 80       		.byte	-128
 163 0087 04       		.byte	4
 164 0088 88       		.byte	-120
 165 0089 40       		.byte	64
 166 008a 92       		.byte	-110
 167 008b 80       		.byte	-128
 168 008c 94       		.byte	-108
 169 008d 80       		.byte	-128
 170 008e 98       		.byte	-104
 171 008f 10       		.byte	16
ARM GAS  C:\Users\PANXIA~1\AppData\Local\Temp\ccq8eyr2.s 			page 4


 172 0090 9D       		.byte	-99
 173 0091 02       		.byte	2
 174 0092 A8       		.byte	-88
 175 0093 40       		.byte	64
 176 0094 AA       		.byte	-86
 177 0095 40       		.byte	64
 178 0096 B0       		.byte	-80
 179 0097 10       		.byte	16
 180 0098 B1       		.byte	-79
 181 0099 02       		.byte	2
 182 009a E0       		.byte	-32
 183 009b 80       		.byte	-128
 184 009c E8       		.byte	-24
 185 009d 10       		.byte	16
 186 009e EA       		.byte	-22
 187 009f 80       		.byte	-128
 188 00a0 00       		.byte	0
 189 00a1 01       		.byte	1
 190 00a2 10       		.byte	16
 191 00a3 01       		.byte	1
 192 00a4 14       		.byte	20
 193 00a5 01       		.byte	1
 194 00a6 18       		.byte	24
 195 00a7 01       		.byte	1
 196 00a8 30       		.byte	48
 197 00a9 01       		.byte	1
 198 00aa 3A       		.byte	58
 199 00ab 80       		.byte	-128
 200 00ac 3E       		.byte	62
 201 00ad 01       		.byte	1
 202 00ae 56       		.byte	86
 203 00af 08       		.byte	8
 204 00b0 58       		.byte	88
 205 00b1 04       		.byte	4
 206 00b2 5B       		.byte	91
 207 00b3 04       		.byte	4
 208 00b4 5C       		.byte	92
 209 00b5 02       		.byte	2
 210 00b6 5D       		.byte	93
 211 00b7 90       		.byte	-112
 212 00b8 5F       		.byte	95
 213 00b9 01       		.byte	1
 214 00ba 80       		.byte	-128
 215 00bb FF       		.byte	-1
 216 00bc 83       		.byte	-125
 217 00bd 01       		.byte	1
 218 00be 84       		.byte	-124
 219 00bf 0C       		.byte	12
 220 00c0 85       		.byte	-123
 221 00c1 04       		.byte	4
 222 00c2 89       		.byte	-119
 223 00c3 0C       		.byte	12
 224 00c4 8A       		.byte	-118
 225 00c5 40       		.byte	64
 226 00c6 8B       		.byte	-117
 227 00c7 02       		.byte	2
 228 00c8 8C       		.byte	-116
ARM GAS  C:\Users\PANXIA~1\AppData\Local\Temp\ccq8eyr2.s 			page 5


 229 00c9 4F       		.byte	79
 230 00ca 8D       		.byte	-115
 231 00cb 08       		.byte	8
 232 00cc 8E       		.byte	-114
 233 00cd 90       		.byte	-112
 234 00ce 90       		.byte	-112
 235 00cf 08       		.byte	8
 236 00d0 91       		.byte	-111
 237 00d1 0E       		.byte	14
 238 00d2 94       		.byte	-108
 239 00d3 03       		.byte	3
 240 00d4 95       		.byte	-107
 241 00d5 02       		.byte	2
 242 00d6 97       		.byte	-105
 243 00d7 0C       		.byte	12
 244 00d8 98       		.byte	-104
 245 00d9 F3       		.byte	-13
 246 00da 9A       		.byte	-102
 247 00db 0C       		.byte	12
 248 00dc 9B       		.byte	-101
 249 00dd 02       		.byte	2
 250 00de 9C       		.byte	-100
 251 00df 4C       		.byte	76
 252 00e0 9E       		.byte	-98
 253 00e1 A3       		.byte	-93
 254 00e2 9F       		.byte	-97
 255 00e3 01       		.byte	1
 256 00e4 A0       		.byte	-96
 257 00e5 01       		.byte	1
 258 00e6 A6       		.byte	-90
 259 00e7 B3       		.byte	-77
 260 00e8 A8       		.byte	-88
 261 00e9 04       		.byte	4
 262 00ea A9       		.byte	-87
 263 00eb 0C       		.byte	12
 264 00ec AC       		.byte	-84
 265 00ed 42       		.byte	66
 266 00ee AD       		.byte	-83
 267 00ef 0E       		.byte	14
 268 00f0 B1       		.byte	-79
 269 00f1 0E       		.byte	14
 270 00f2 B2       		.byte	-78
 271 00f3 8C       		.byte	-116
 272 00f4 B4       		.byte	-76
 273 00f5 0F       		.byte	15
 274 00f6 B6       		.byte	-74
 275 00f7 7C       		.byte	124
 276 00f8 B7       		.byte	-73
 277 00f9 01       		.byte	1
 278 00fa BA       		.byte	-70
 279 00fb A8       		.byte	-88
 280 00fc BF       		.byte	-65
 281 00fd 40       		.byte	64
 282 00fe D4       		.byte	-44
 283 00ff 18       		.byte	24
 284 0100 D6       		.byte	-42
 285 0101 04       		.byte	4
ARM GAS  C:\Users\PANXIA~1\AppData\Local\Temp\ccq8eyr2.s 			page 6


 286 0102 D8       		.byte	-40
 287 0103 04       		.byte	4
 288 0104 D9       		.byte	-39
 289 0105 04       		.byte	4
 290 0106 DB       		.byte	-37
 291 0107 04       		.byte	4
 292 0108 DC       		.byte	-36
 293 0109 22       		.byte	34
 294 010a DD       		.byte	-35
 295 010b 20       		.byte	32
 296 010c DF       		.byte	-33
 297 010d 01       		.byte	1
 298 010e 00       		.byte	0
 299 010f 01       		.byte	1
 300 0110 04       		.byte	4
 301 0111 51       		.byte	81
 302 0112 06       		.byte	6
 303 0113 20       		.byte	32
 304 0114 07       		.byte	7
 305 0115 10       		.byte	16
 306 0116 08       		.byte	8
 307 0117 08       		.byte	8
 308 0118 09       		.byte	9
 309 0119 28       		.byte	40
 310 011a 0B       		.byte	11
 311 011b 80       		.byte	-128
 312 011c 0E       		.byte	14
 313 011d 25       		.byte	37
 314 011e 0F       		.byte	15
 315 011f 80       		.byte	-128
 316 0120 14       		.byte	20
 317 0121 22       		.byte	34
 318 0122 16       		.byte	22
 319 0123 88       		.byte	-120
 320 0124 18       		.byte	24
 321 0125 01       		.byte	1
 322 0126 1A       		.byte	26
 323 0127 42       		.byte	66
 324 0128 1C       		.byte	28
 325 0129 20       		.byte	32
 326 012a 1D       		.byte	29
 327 012b 28       		.byte	40
 328 012c 1E       		.byte	30
 329 012d 0F       		.byte	15
 330 012e 1F       		.byte	31
 331 012f 40       		.byte	64
 332 0130 25       		.byte	37
 333 0131 01       		.byte	1
 334 0132 27       		.byte	39
 335 0133 41       		.byte	65
 336 0134 2C       		.byte	44
 337 0135 02       		.byte	2
 338 0136 2E       		.byte	46
 339 0137 20       		.byte	32
 340 0138 34       		.byte	52
 341 0139 20       		.byte	32
 342 013a 36       		.byte	54
ARM GAS  C:\Users\PANXIA~1\AppData\Local\Temp\ccq8eyr2.s 			page 7


 343 013b 05       		.byte	5
 344 013c 37       		.byte	55
 345 013d 40       		.byte	64
 346 013e 3A       		.byte	58
 347 013f 04       		.byte	4
 348 0140 3B       		.byte	59
 349 0141 04       		.byte	4
 350 0142 3C       		.byte	60
 351 0143 A0       		.byte	-96
 352 0144 3E       		.byte	62
 353 0145 08       		.byte	8
 354 0146 3F       		.byte	63
 355 0147 82       		.byte	-126
 356 0148 46       		.byte	70
 357 0149 40       		.byte	64
 358 014a 47       		.byte	71
 359 014b 01       		.byte	1
 360 014c 58       		.byte	88
 361 014d 10       		.byte	16
 362 014e 5A       		.byte	90
 363 014f 80       		.byte	-128
 364 0150 5F       		.byte	95
 365 0151 02       		.byte	2
 366 0152 61       		.byte	97
 367 0153 40       		.byte	64
 368 0154 63       		.byte	99
 369 0155 04       		.byte	4
 370 0156 65       		.byte	101
 371 0157 02       		.byte	2
 372 0158 66       		.byte	102
 373 0159 40       		.byte	64
 374 015a 67       		.byte	103
 375 015b 08       		.byte	8
 376 015c 6C       		.byte	108
 377 015d 44       		.byte	68
 378 015e 6F       		.byte	111
 379 015f 22       		.byte	34
 380 0160 74       		.byte	116
 381 0161 84       		.byte	-124
 382 0162 75       		.byte	117
 383 0163 20       		.byte	32
 384 0164 80       		.byte	-128
 385 0165 48       		.byte	72
 386 0166 84       		.byte	-124
 387 0167 80       		.byte	-128
 388 0168 87       		.byte	-121
 389 0169 20       		.byte	32
 390 016a 88       		.byte	-120
 391 016b 04       		.byte	4
 392 016c 8D       		.byte	-115
 393 016d 20       		.byte	32
 394 016e 8E       		.byte	-114
 395 016f 10       		.byte	16
 396 0170 92       		.byte	-110
 397 0171 80       		.byte	-128
 398 0172 94       		.byte	-108
 399 0173 88       		.byte	-120
ARM GAS  C:\Users\PANXIA~1\AppData\Local\Temp\ccq8eyr2.s 			page 8


 400 0174 98       		.byte	-104
 401 0175 50       		.byte	80
 402 0176 9D       		.byte	-99
 403 0177 02       		.byte	2
 404 0178 C0       		.byte	-64
 405 0179 F8       		.byte	-8
 406 017a C2       		.byte	-62
 407 017b FE       		.byte	-2
 408 017c C4       		.byte	-60
 409 017d F0       		.byte	-16
 410 017e CA       		.byte	-54
 411 017f 30       		.byte	48
 412 0180 CC       		.byte	-52
 413 0181 F0       		.byte	-16
 414 0182 CE       		.byte	-50
 415 0183 F0       		.byte	-16
 416 0184 D6       		.byte	-42
 417 0185 8C       		.byte	-116
 418 0186 D8       		.byte	-40
 419 0187 BC       		.byte	-68
 420 0188 E0       		.byte	-32
 421 0189 48       		.byte	72
 422 018a 01       		.byte	1
 423 018b 28       		.byte	40
 424 018c 03       		.byte	3
 425 018d 83       		.byte	-125
 426 018e 04       		.byte	4
 427 018f 01       		.byte	1
 428 0190 05       		.byte	5
 429 0191 30       		.byte	48
 430 0192 08       		.byte	8
 431 0193 01       		.byte	1
 432 0194 0C       		.byte	12
 433 0195 01       		.byte	1
 434 0196 0D       		.byte	13
 435 0197 14       		.byte	20
 436 0198 0F       		.byte	15
 437 0199 82       		.byte	-126
 438 019a 10       		.byte	16
 439 019b 02       		.byte	2
 440 019c 13       		.byte	19
 441 019d 30       		.byte	48
 442 019e 17       		.byte	23
 443 019f 30       		.byte	48
 444 01a0 18       		.byte	24
 445 01a1 02       		.byte	2
 446 01a2 19       		.byte	25
 447 01a3 32       		.byte	50
 448 01a4 1B       		.byte	27
 449 01a5 4C       		.byte	76
 450 01a6 1E       		.byte	30
 451 01a7 02       		.byte	2
 452 01a8 23       		.byte	35
 453 01a9 30       		.byte	48
 454 01aa 25       		.byte	37
 455 01ab 0E       		.byte	14
 456 01ac 29       		.byte	41
ARM GAS  C:\Users\PANXIA~1\AppData\Local\Temp\ccq8eyr2.s 			page 9


 457 01ad 0E       		.byte	14
 458 01ae 2A       		.byte	42
 459 01af 02       		.byte	2
 460 01b0 2D       		.byte	45
 461 01b1 30       		.byte	48
 462 01b2 30       		.byte	48
 463 01b3 02       		.byte	2
 464 01b4 31       		.byte	49
 465 01b5 C0       		.byte	-64
 466 01b6 32       		.byte	50
 467 01b7 01       		.byte	1
 468 01b8 33       		.byte	51
 469 01b9 01       		.byte	1
 470 01ba 35       		.byte	53
 471 01bb 0E       		.byte	14
 472 01bc 37       		.byte	55
 473 01bd 30       		.byte	48
 474 01be 38       		.byte	56
 475 01bf 02       		.byte	2
 476 01c0 3F       		.byte	63
 477 01c1 01       		.byte	1
 478 01c2 40       		.byte	64
 479 01c3 23       		.byte	35
 480 01c4 41       		.byte	65
 481 01c5 05       		.byte	5
 482 01c6 42       		.byte	66
 483 01c7 04       		.byte	4
 484 01c8 44       		.byte	68
 485 01c9 01       		.byte	1
 486 01ca 45       		.byte	69
 487 01cb 0E       		.byte	14
 488 01cc 47       		.byte	71
 489 01cd C0       		.byte	-64
 490 01ce 48       		.byte	72
 491 01cf 21       		.byte	33
 492 01d0 49       		.byte	73
 493 01d1 FF       		.byte	-1
 494 01d2 4A       		.byte	74
 495 01d3 FF       		.byte	-1
 496 01d4 4B       		.byte	75
 497 01d5 FF       		.byte	-1
 498 01d6 4C       		.byte	76
 499 01d7 62       		.byte	98
 500 01d8 4D       		.byte	77
 501 01d9 A0       		.byte	-96
 502 01da 4E       		.byte	78
 503 01db F0       		.byte	-16
 504 01dc 4F       		.byte	79
 505 01dd 41       		.byte	65
 506 01de 50       		.byte	80
 507 01df 0C       		.byte	12
 508 01e0 56       		.byte	86
 509 01e1 08       		.byte	8
 510 01e2 58       		.byte	88
 511 01e3 04       		.byte	4
 512 01e4 59       		.byte	89
 513 01e5 04       		.byte	4
ARM GAS  C:\Users\PANXIA~1\AppData\Local\Temp\ccq8eyr2.s 			page 10


 514 01e6 5A       		.byte	90
 515 01e7 04       		.byte	4
 516 01e8 5B       		.byte	91
 517 01e9 04       		.byte	4
 518 01ea 5C       		.byte	92
 519 01eb 22       		.byte	34
 520 01ec 5D       		.byte	93
 521 01ed 92       		.byte	-110
 522 01ee 5F       		.byte	95
 523 01ef 01       		.byte	1
 524 01f0 66       		.byte	102
 525 01f1 40       		.byte	64
 526 01f2 67       		.byte	103
 527 01f3 02       		.byte	2
 528 01f4 69       		.byte	105
 529 01f5 10       		.byte	16
 530 01f6 6A       		.byte	106
 531 01f7 30       		.byte	48
 532 01f8 6B       		.byte	107
 533 01f9 10       		.byte	16
 534 01fa 6D       		.byte	109
 535 01fb 10       		.byte	16
 536 01fc 6E       		.byte	110
 537 01fd 10       		.byte	16
 538 01fe 6F       		.byte	111
 539 01ff 12       		.byte	18
 540 0200 83       		.byte	-125
 541 0201 01       		.byte	1
 542 0202 85       		.byte	-123
 543 0203 01       		.byte	1
 544 0204 95       		.byte	-107
 545 0205 01       		.byte	1
 546 0206 9D       		.byte	-99
 547 0207 02       		.byte	2
 548 0208 B5       		.byte	-75
 549 0209 03       		.byte	3
 550 020a B9       		.byte	-71
 551 020b 20       		.byte	32
 552 020c C0       		.byte	-64
 553 020d 04       		.byte	4
 554 020e C7       		.byte	-57
 555 020f 04       		.byte	4
 556 0210 C9       		.byte	-55
 557 0211 FF       		.byte	-1
 558 0212 CA       		.byte	-54
 559 0213 07       		.byte	7
 560 0214 CB       		.byte	-53
 561 0215 FF       		.byte	-1
 562 0216 CC       		.byte	-52
 563 0217 40       		.byte	64
 564 0218 CD       		.byte	-51
 565 0219 20       		.byte	32
 566 021a CE       		.byte	-50
 567 021b F0       		.byte	-16
 568 021c CF       		.byte	-49
 569 021d 05       		.byte	5
 570 021e D0       		.byte	-48
ARM GAS  C:\Users\PANXIA~1\AppData\Local\Temp\ccq8eyr2.s 			page 11


 571 021f 08       		.byte	8
 572 0220 D4       		.byte	-44
 573 0221 01       		.byte	1
 574 0222 D6       		.byte	-42
 575 0223 04       		.byte	4
 576 0224 D9       		.byte	-39
 577 0225 04       		.byte	4
 578 0226 DA       		.byte	-38
 579 0227 04       		.byte	4
 580 0228 DB       		.byte	-37
 581 0229 04       		.byte	4
 582 022a DC       		.byte	-36
 583 022b 20       		.byte	32
 584 022c DD       		.byte	-35
 585 022d 12       		.byte	18
 586 022e DF       		.byte	-33
 587 022f 01       		.byte	1
 588 0230 E0       		.byte	-32
 589 0231 40       		.byte	64
 590 0232 E1       		.byte	-31
 591 0233 A8       		.byte	-88
 592 0234 E2       		.byte	-30
 593 0235 40       		.byte	64
 594 0236 E3       		.byte	-29
 595 0237 20       		.byte	32
 596 0238 04       		.byte	4
 597 0239 28       		.byte	40
 598 023a 06       		.byte	6
 599 023b 20       		.byte	32
 600 023c 07       		.byte	7
 601 023d 01       		.byte	1
 602 023e 0C       		.byte	12
 603 023f 02       		.byte	2
 604 0240 0D       		.byte	13
 605 0241 20       		.byte	32
 606 0242 0E       		.byte	14
 607 0243 01       		.byte	1
 608 0244 14       		.byte	20
 609 0245 08       		.byte	8
 610 0246 1D       		.byte	29
 611 0247 0A       		.byte	10
 612 0248 23       		.byte	35
 613 0249 04       		.byte	4
 614 024a 24       		.byte	36
 615 024b 10       		.byte	16
 616 024c 26       		.byte	38
 617 024d 10       		.byte	16
 618 024e 27       		.byte	39
 619 024f 42       		.byte	66
 620 0250 2C       		.byte	44
 621 0251 22       		.byte	34
 622 0252 2E       		.byte	46
 623 0253 21       		.byte	33
 624 0254 30       		.byte	48
 625 0255 80       		.byte	-128
 626 0256 33       		.byte	51
 627 0257 08       		.byte	8
ARM GAS  C:\Users\PANXIA~1\AppData\Local\Temp\ccq8eyr2.s 			page 12


 628 0258 34       		.byte	52
 629 0259 09       		.byte	9
 630 025a 36       		.byte	54
 631 025b 10       		.byte	16
 632 025c 38       		.byte	56
 633 025d 04       		.byte	4
 634 025e 39       		.byte	57
 635 025f 02       		.byte	2
 636 0260 3A       		.byte	58
 637 0261 10       		.byte	16
 638 0262 3B       		.byte	59
 639 0263 20       		.byte	32
 640 0264 3D       		.byte	61
 641 0265 80       		.byte	-128
 642 0266 3E       		.byte	62
 643 0267 84       		.byte	-124
 644 0268 3F       		.byte	63
 645 0269 01       		.byte	1
 646 026a 40       		.byte	64
 647 026b 40       		.byte	64
 648 026c 44       		.byte	68
 649 026d 20       		.byte	32
 650 026e 45       		.byte	69
 651 026f 29       		.byte	41
 652 0270 47       		.byte	71
 653 0271 40       		.byte	64
 654 0272 4C       		.byte	76
 655 0273 02       		.byte	2
 656 0274 4E       		.byte	78
 657 0275 01       		.byte	1
 658 0276 4F       		.byte	79
 659 0277 08       		.byte	8
 660 0278 50       		.byte	80
 661 0279 88       		.byte	-120
 662 027a 57       		.byte	87
 663 027b 01       		.byte	1
 664 027c 59       		.byte	89
 665 027d 05       		.byte	5
 666 027e 5A       		.byte	90
 667 027f 80       		.byte	-128
 668 0280 5D       		.byte	93
 669 0281 48       		.byte	72
 670 0282 5F       		.byte	95
 671 0283 20       		.byte	32
 672 0284 60       		.byte	96
 673 0285 80       		.byte	-128
 674 0286 64       		.byte	100
 675 0287 02       		.byte	2
 676 0288 65       		.byte	101
 677 0289 10       		.byte	16
 678 028a 67       		.byte	103
 679 028b 21       		.byte	33
 680 028c 84       		.byte	-124
 681 028d 80       		.byte	-128
 682 028e 85       		.byte	-123
 683 028f 08       		.byte	8
 684 0290 91       		.byte	-111
ARM GAS  C:\Users\PANXIA~1\AppData\Local\Temp\ccq8eyr2.s 			page 13


 685 0291 40       		.byte	64
 686 0292 92       		.byte	-110
 687 0293 67       		.byte	103
 688 0294 94       		.byte	-108
 689 0295 10       		.byte	16
 690 0296 97       		.byte	-105
 691 0297 08       		.byte	8
 692 0298 98       		.byte	-104
 693 0299 48       		.byte	72
 694 029a 99       		.byte	-103
 695 029b 40       		.byte	64
 696 029c 9A       		.byte	-102
 697 029d 04       		.byte	4
 698 029e 9C       		.byte	-100
 699 029f 22       		.byte	34
 700 02a0 9E       		.byte	-98
 701 02a1 88       		.byte	-120
 702 02a2 9F       		.byte	-97
 703 02a3 12       		.byte	18
 704 02a4 A1       		.byte	-95
 705 02a5 21       		.byte	33
 706 02a6 A4       		.byte	-92
 707 02a7 42       		.byte	66
 708 02a8 A6       		.byte	-90
 709 02a9 10       		.byte	16
 710 02aa A7       		.byte	-89
 711 02ab 01       		.byte	1
 712 02ac A9       		.byte	-87
 713 02ad 40       		.byte	64
 714 02ae B3       		.byte	-77
 715 02af 02       		.byte	2
 716 02b0 C0       		.byte	-64
 717 02b1 E0       		.byte	-32
 718 02b2 C2       		.byte	-62
 719 02b3 D0       		.byte	-48
 720 02b4 C4       		.byte	-60
 721 02b5 40       		.byte	64
 722 02b6 CA       		.byte	-54
 723 02b7 F0       		.byte	-16
 724 02b8 CC       		.byte	-52
 725 02b9 EA       		.byte	-22
 726 02ba CE       		.byte	-50
 727 02bb D3       		.byte	-45
 728 02bc D0       		.byte	-48
 729 02bd F1       		.byte	-15
 730 02be D2       		.byte	-46
 731 02bf 10       		.byte	16
 732 02c0 D6       		.byte	-42
 733 02c1 7B       		.byte	123
 734 02c2 D8       		.byte	-40
 735 02c3 71       		.byte	113
 736 02c4 EE       		.byte	-18
 737 02c5 80       		.byte	-128
 738 02c6 E0       		.byte	-32
 739 02c7 38       		.byte	56
 740 02c8 E8       		.byte	-24
 741 02c9 10       		.byte	16
ARM GAS  C:\Users\PANXIA~1\AppData\Local\Temp\ccq8eyr2.s 			page 14


 742 02ca EA       		.byte	-22
 743 02cb 20       		.byte	32
 744 02cc 02       		.byte	2
 745 02cd 01       		.byte	1
 746 02ce 04       		.byte	4
 747 02cf 20       		.byte	32
 748 02d0 05       		.byte	5
 749 02d1 06       		.byte	6
 750 02d2 06       		.byte	6
 751 02d3 18       		.byte	24
 752 02d4 07       		.byte	7
 753 02d5 18       		.byte	24
 754 02d6 0C       		.byte	12
 755 02d7 38       		.byte	56
 756 02d8 0E       		.byte	14
 757 02d9 04       		.byte	4
 758 02da 11       		.byte	17
 759 02db 14       		.byte	20
 760 02dc 12       		.byte	18
 761 02dd 01       		.byte	1
 762 02de 13       		.byte	19
 763 02df 08       		.byte	8
 764 02e0 14       		.byte	20
 765 02e1 28       		.byte	40
 766 02e2 15       		.byte	21
 767 02e3 06       		.byte	6
 768 02e4 17       		.byte	23
 769 02e5 08       		.byte	8
 770 02e6 18       		.byte	24
 771 02e7 18       		.byte	24
 772 02e8 19       		.byte	25
 773 02e9 06       		.byte	6
 774 02ea 1A       		.byte	26
 775 02eb 22       		.byte	34
 776 02ec 1B       		.byte	27
 777 02ed 08       		.byte	8
 778 02ee 1E       		.byte	30
 779 02ef 06       		.byte	6
 780 02f0 1F       		.byte	31
 781 02f1 0A       		.byte	10
 782 02f2 21       		.byte	33
 783 02f3 01       		.byte	1
 784 02f4 24       		.byte	36
 785 02f5 12       		.byte	18
 786 02f6 26       		.byte	38
 787 02f7 20       		.byte	32
 788 02f8 27       		.byte	39
 789 02f9 10       		.byte	16
 790 02fa 28       		.byte	40
 791 02fb 20       		.byte	32
 792 02fc 30       		.byte	48
 793 02fd 01       		.byte	1
 794 02fe 35       		.byte	53
 795 02ff 1E       		.byte	30
 796 0300 36       		.byte	54
 797 0301 3E       		.byte	62
 798 0302 37       		.byte	55
ARM GAS  C:\Users\PANXIA~1\AppData\Local\Temp\ccq8eyr2.s 			page 15


 799 0303 01       		.byte	1
 800 0304 3B       		.byte	59
 801 0305 20       		.byte	32
 802 0306 3E       		.byte	62
 803 0307 01       		.byte	1
 804 0308 3F       		.byte	63
 805 0309 40       		.byte	64
 806 030a 40       		.byte	64
 807 030b 25       		.byte	37
 808 030c 41       		.byte	65
 809 030d 03       		.byte	3
 810 030e 45       		.byte	69
 811 030f 0C       		.byte	12
 812 0310 46       		.byte	70
 813 0311 E0       		.byte	-32
 814 0312 47       		.byte	71
 815 0313 0B       		.byte	11
 816 0314 48       		.byte	72
 817 0315 19       		.byte	25
 818 0316 49       		.byte	73
 819 0317 FF       		.byte	-1
 820 0318 4A       		.byte	74
 821 0319 FF       		.byte	-1
 822 031a 4B       		.byte	75
 823 031b FF       		.byte	-1
 824 031c 4E       		.byte	78
 825 031d F0       		.byte	-16
 826 031e 4F       		.byte	79
 827 031f 44       		.byte	68
 828 0320 50       		.byte	80
 829 0321 0C       		.byte	12
 830 0322 56       		.byte	86
 831 0323 08       		.byte	8
 832 0324 58       		.byte	88
 833 0325 04       		.byte	4
 834 0326 59       		.byte	89
 835 0327 04       		.byte	4
 836 0328 5A       		.byte	90
 837 0329 04       		.byte	4
 838 032a 5B       		.byte	91
 839 032b 04       		.byte	4
 840 032c 5C       		.byte	92
 841 032d 22       		.byte	34
 842 032e 5D       		.byte	93
 843 032f 92       		.byte	-110
 844 0330 5F       		.byte	95
 845 0331 01       		.byte	1
 846 0332 66       		.byte	102
 847 0333 C0       		.byte	-64
 848 0334 6A       		.byte	106
 849 0335 40       		.byte	64
 850 0336 6B       		.byte	107
 851 0337 02       		.byte	2
 852 0338 85       		.byte	-123
 853 0339 02       		.byte	2
 854 033a 8B       		.byte	-117
 855 033b 02       		.byte	2
ARM GAS  C:\Users\PANXIA~1\AppData\Local\Temp\ccq8eyr2.s 			page 16


 856 033c 8F       		.byte	-113
 857 033d 01       		.byte	1
 858 033e 93       		.byte	-109
 859 033f 02       		.byte	2
 860 0340 9F       		.byte	-97
 861 0341 01       		.byte	1
 862 0342 A3       		.byte	-93
 863 0343 02       		.byte	2
 864 0344 A5       		.byte	-91
 865 0345 04       		.byte	4
 866 0346 A9       		.byte	-87
 867 0347 02       		.byte	2
 868 0348 B3       		.byte	-77
 869 0349 01       		.byte	1
 870 034a B5       		.byte	-75
 871 034b 04       		.byte	4
 872 034c B7       		.byte	-73
 873 034d 02       		.byte	2
 874 034e BF       		.byte	-65
 875 034f 50       		.byte	80
 876 0350 D4       		.byte	-44
 877 0351 01       		.byte	1
 878 0352 D9       		.byte	-39
 879 0353 04       		.byte	4
 880 0354 DB       		.byte	-37
 881 0355 04       		.byte	4
 882 0356 DC       		.byte	-36
 883 0357 10       		.byte	16
 884 0358 DD       		.byte	-35
 885 0359 20       		.byte	32
 886 035a DF       		.byte	-33
 887 035b 01       		.byte	1
 888 035c 00       		.byte	0
 889 035d 04       		.byte	4
 890 035e 02       		.byte	2
 891 035f C2       		.byte	-62
 892 0360 09       		.byte	9
 893 0361 08       		.byte	8
 894 0362 0A       		.byte	10
 895 0363 01       		.byte	1
 896 0364 0B       		.byte	11
 897 0365 48       		.byte	72
 898 0366 10       		.byte	16
 899 0367 18       		.byte	24
 900 0368 13       		.byte	19
 901 0369 04       		.byte	4
 902 036a 1A       		.byte	26
 903 036b 81       		.byte	-127
 904 036c 1B       		.byte	27
 905 036d 80       		.byte	-128
 906 036e 20       		.byte	32
 907 036f 04       		.byte	4
 908 0370 21       		.byte	33
 909 0371 40       		.byte	64
 910 0372 26       		.byte	38
 911 0373 40       		.byte	64
 912 0374 27       		.byte	39
ARM GAS  C:\Users\PANXIA~1\AppData\Local\Temp\ccq8eyr2.s 			page 17


 913 0375 28       		.byte	40
 914 0376 28       		.byte	40
 915 0377 10       		.byte	16
 916 0378 2B       		.byte	43
 917 0379 80       		.byte	-128
 918 037a 2C       		.byte	44
 919 037b 80       		.byte	-128
 920 037c 2F       		.byte	47
 921 037d 2C       		.byte	44
 922 037e 30       		.byte	48
 923 037f A0       		.byte	-96
 924 0380 32       		.byte	50
 925 0381 02       		.byte	2
 926 0382 33       		.byte	51
 927 0383 08       		.byte	8
 928 0384 36       		.byte	54
 929 0385 82       		.byte	-126
 930 0386 38       		.byte	56
 931 0387 04       		.byte	4
 932 0388 3C       		.byte	60
 933 0389 24       		.byte	36
 934 038a 3F       		.byte	63
 935 038b 40       		.byte	64
 936 038c 40       		.byte	64
 937 038d 04       		.byte	4
 938 038e 43       		.byte	67
 939 038f 08       		.byte	8
 940 0390 48       		.byte	72
 941 0391 30       		.byte	48
 942 0392 4A       		.byte	74
 943 0393 11       		.byte	17
 944 0394 51       		.byte	81
 945 0395 08       		.byte	8
 946 0396 53       		.byte	83
 947 0397 20       		.byte	32
 948 0398 58       		.byte	88
 949 0399 44       		.byte	68
 950 039a 5A       		.byte	90
 951 039b 20       		.byte	32
 952 039c 5D       		.byte	93
 953 039d 02       		.byte	2
 954 039e 5E       		.byte	94
 955 039f A0       		.byte	-96
 956 03a0 5F       		.byte	95
 957 03a1 08       		.byte	8
 958 03a2 62       		.byte	98
 959 03a3 20       		.byte	32
 960 03a4 63       		.byte	99
 961 03a5 22       		.byte	34
 962 03a6 80       		.byte	-128
 963 03a7 80       		.byte	-128
 964 03a8 83       		.byte	-125
 965 03a9 10       		.byte	16
 966 03aa 87       		.byte	-121
 967 03ab 20       		.byte	32
 968 03ac 89       		.byte	-119
 969 03ad 02       		.byte	2
ARM GAS  C:\Users\PANXIA~1\AppData\Local\Temp\ccq8eyr2.s 			page 18


 970 03ae 8B       		.byte	-117
 971 03af 20       		.byte	32
 972 03b0 8D       		.byte	-115
 973 03b1 40       		.byte	64
 974 03b2 92       		.byte	-110
 975 03b3 20       		.byte	32
 976 03b4 93       		.byte	-109
 977 03b5 44       		.byte	68
 978 03b6 94       		.byte	-108
 979 03b7 04       		.byte	4
 980 03b8 96       		.byte	-106
 981 03b9 80       		.byte	-128
 982 03ba 98       		.byte	-104
 983 03bb 44       		.byte	68
 984 03bc 9A       		.byte	-102
 985 03bd 40       		.byte	64
 986 03be 9C       		.byte	-100
 987 03bf 80       		.byte	-128
 988 03c0 A0       		.byte	-96
 989 03c1 88       		.byte	-120
 990 03c2 A2       		.byte	-94
 991 03c3 03       		.byte	3
 992 03c4 A3       		.byte	-93
 993 03c5 08       		.byte	8
 994 03c6 A6       		.byte	-90
 995 03c7 20       		.byte	32
 996 03c8 A7       		.byte	-89
 997 03c9 01       		.byte	1
 998 03ca B0       		.byte	-80
 999 03cb 08       		.byte	8
 1000 03cc B2       		.byte	-78
 1001 03cd 21       		.byte	33
 1002 03ce B3       		.byte	-77
 1003 03cf 01       		.byte	1
 1004 03d0 C0       		.byte	-64
 1005 03d1 0D       		.byte	13
 1006 03d2 C2       		.byte	-62
 1007 03d3 0F       		.byte	15
 1008 03d4 C4       		.byte	-60
 1009 03d5 06       		.byte	6
 1010 03d6 CA       		.byte	-54
 1011 03d7 E3       		.byte	-29
 1012 03d8 CC       		.byte	-52
 1013 03d9 9F       		.byte	-97
 1014 03da CE       		.byte	-50
 1015 03db 72       		.byte	114
 1016 03dc D0       		.byte	-48
 1017 03dd 06       		.byte	6
 1018 03de D2       		.byte	-46
 1019 03df 08       		.byte	8
 1020 03e0 D6       		.byte	-42
 1021 03e1 FE       		.byte	-2
 1022 03e2 D8       		.byte	-40
 1023 03e3 0E       		.byte	14
 1024 03e4 E2       		.byte	-30
 1025 03e5 10       		.byte	16
 1026 03e6 E6       		.byte	-26
ARM GAS  C:\Users\PANXIA~1\AppData\Local\Temp\ccq8eyr2.s 			page 19


 1027 03e7 10       		.byte	16
 1028 03e8 04       		.byte	4
 1029 03e9 06       		.byte	6
 1030 03ea 08       		.byte	8
 1031 03eb 06       		.byte	6
 1032 03ec 09       		.byte	9
 1033 03ed 03       		.byte	3
 1034 03ee 0D       		.byte	13
 1035 03ef 01       		.byte	1
 1036 03f0 0F       		.byte	15
 1037 03f1 02       		.byte	2
 1038 03f2 11       		.byte	17
 1039 03f3 02       		.byte	2
 1040 03f4 12       		.byte	18
 1041 03f5 01       		.byte	1
 1042 03f6 13       		.byte	19
 1043 03f7 01       		.byte	1
 1044 03f8 1A       		.byte	26
 1045 03f9 01       		.byte	1
 1046 03fa 1E       		.byte	30
 1047 03fb 02       		.byte	2
 1048 03fc 20       		.byte	32
 1049 03fd 04       		.byte	4
 1050 03fe 25       		.byte	37
 1051 03ff 03       		.byte	3
 1052 0400 30       		.byte	48
 1053 0401 06       		.byte	6
 1054 0402 32       		.byte	50
 1055 0403 01       		.byte	1
 1056 0404 37       		.byte	55
 1057 0405 03       		.byte	3
 1058 0406 38       		.byte	56
 1059 0407 02       		.byte	2
 1060 0408 3E       		.byte	62
 1061 0409 05       		.byte	5
 1062 040a 40       		.byte	64
 1063 040b 41       		.byte	65
 1064 040c 49       		.byte	73
 1065 040d FF       		.byte	-1
 1066 040e 4A       		.byte	74
 1067 040f FF       		.byte	-1
 1068 0410 4B       		.byte	75
 1069 0411 FF       		.byte	-1
 1070 0412 4F       		.byte	79
 1071 0413 01       		.byte	1
 1072 0414 50       		.byte	80
 1073 0415 18       		.byte	24
 1074 0416 56       		.byte	86
 1075 0417 02       		.byte	2
 1076 0418 57       		.byte	87
 1077 0419 10       		.byte	16
 1078 041a 58       		.byte	88
 1079 041b 04       		.byte	4
 1080 041c 59       		.byte	89
 1081 041d 04       		.byte	4
 1082 041e 5A       		.byte	90
 1083 041f 04       		.byte	4
ARM GAS  C:\Users\PANXIA~1\AppData\Local\Temp\ccq8eyr2.s 			page 20


 1084 0420 5B       		.byte	91
 1085 0421 04       		.byte	4
 1086 0422 5C       		.byte	92
 1087 0423 20       		.byte	32
 1088 0424 5D       		.byte	93
 1089 0425 21       		.byte	33
 1090 0426 5F       		.byte	95
 1091 0427 01       		.byte	1
 1092 0428 60       		.byte	96
 1093 0429 40       		.byte	64
 1094 042a 62       		.byte	98
 1095 042b 40       		.byte	64
 1096 042c 64       		.byte	100
 1097 042d 40       		.byte	64
 1098 042e 65       		.byte	101
 1099 042f 40       		.byte	64
 1100 0430 66       		.byte	102
 1101 0431 80       		.byte	-128
 1102 0432 68       		.byte	104
 1103 0433 80       		.byte	-128
 1104 0434 6A       		.byte	106
 1105 0435 80       		.byte	-128
 1106 0436 6C       		.byte	108
 1107 0437 80       		.byte	-128
 1108 0438 6E       		.byte	110
 1109 0439 80       		.byte	-128
 1110 043a 85       		.byte	-123
 1111 043b 01       		.byte	1
 1112 043c 86       		.byte	-122
 1113 043d 05       		.byte	5
 1114 043e 87       		.byte	-121
 1115 043f 06       		.byte	6
 1116 0440 8A       		.byte	-118
 1117 0441 03       		.byte	3
 1118 0442 8C       		.byte	-116
 1119 0443 06       		.byte	6
 1120 0444 8E       		.byte	-114
 1121 0445 01       		.byte	1
 1122 0446 91       		.byte	-111
 1123 0447 0C       		.byte	12
 1124 0448 93       		.byte	-109
 1125 0449 03       		.byte	3
 1126 044a 97       		.byte	-105
 1127 044b 08       		.byte	8
 1128 044c 9F       		.byte	-97
 1129 044d 03       		.byte	3
 1130 044e A2       		.byte	-94
 1131 044f 01       		.byte	1
 1132 0450 A6       		.byte	-90
 1133 0451 06       		.byte	6
 1134 0452 A7       		.byte	-89
 1135 0453 0C       		.byte	12
 1136 0454 A9       		.byte	-87
 1137 0455 01       		.byte	1
 1138 0456 AA       		.byte	-86
 1139 0457 02       		.byte	2
 1140 0458 AB       		.byte	-85
ARM GAS  C:\Users\PANXIA~1\AppData\Local\Temp\ccq8eyr2.s 			page 21


 1141 0459 0E       		.byte	14
 1142 045a B1       		.byte	-79
 1143 045b 0F       		.byte	15
 1144 045c B2       		.byte	-78
 1145 045d 07       		.byte	7
 1146 045e BA       		.byte	-70
 1147 045f 08       		.byte	8
 1148 0460 BB       		.byte	-69
 1149 0461 02       		.byte	2
 1150 0462 C0       		.byte	-64
 1151 0463 41       		.byte	65
 1152 0464 C5       		.byte	-59
 1153 0465 EC       		.byte	-20
 1154 0466 C6       		.byte	-58
 1155 0467 02       		.byte	2
 1156 0468 C8       		.byte	-56
 1157 0469 07       		.byte	7
 1158 046a C9       		.byte	-55
 1159 046b FF       		.byte	-1
 1160 046c CA       		.byte	-54
 1161 046d FF       		.byte	-1
 1162 046e CB       		.byte	-53
 1163 046f FF       		.byte	-1
 1164 0470 CD       		.byte	-51
 1165 0471 83       		.byte	-125
 1166 0472 CE       		.byte	-50
 1167 0473 03       		.byte	3
 1168 0474 CF       		.byte	-49
 1169 0475 01       		.byte	1
 1170 0476 D0       		.byte	-48
 1171 0477 18       		.byte	24
 1172 0478 D2       		.byte	-46
 1173 0479 80       		.byte	-128
 1174 047a D8       		.byte	-40
 1175 047b 04       		.byte	4
 1176 047c D9       		.byte	-39
 1177 047d 04       		.byte	4
 1178 047e DA       		.byte	-38
 1179 047f 04       		.byte	4
 1180 0480 DB       		.byte	-37
 1181 0481 04       		.byte	4
 1182 0482 DC       		.byte	-36
 1183 0483 22       		.byte	34
 1184 0484 DD       		.byte	-35
 1185 0485 11       		.byte	17
 1186 0486 DF       		.byte	-33
 1187 0487 01       		.byte	1
 1188 0488 E0       		.byte	-32
 1189 0489 40       		.byte	64
 1190 048a E2       		.byte	-30
 1191 048b 40       		.byte	64
 1192 048c E4       		.byte	-28
 1193 048d 40       		.byte	64
 1194 048e E5       		.byte	-27
 1195 048f 40       		.byte	64
 1196 0490 E6       		.byte	-26
 1197 0491 80       		.byte	-128
ARM GAS  C:\Users\PANXIA~1\AppData\Local\Temp\ccq8eyr2.s 			page 22


 1198 0492 E8       		.byte	-24
 1199 0493 80       		.byte	-128
 1200 0494 EA       		.byte	-22
 1201 0495 80       		.byte	-128
 1202 0496 EC       		.byte	-20
 1203 0497 80       		.byte	-128
 1204 0498 EE       		.byte	-18
 1205 0499 80       		.byte	-128
 1206 049a 00       		.byte	0
 1207 049b 14       		.byte	20
 1208 049c 02       		.byte	2
 1209 049d 02       		.byte	2
 1210 049e 04       		.byte	4
 1211 049f 14       		.byte	20
 1212 04a0 0C       		.byte	12
 1213 04a1 80       		.byte	-128
 1214 04a2 0D       		.byte	13
 1215 04a3 02       		.byte	2
 1216 04a4 0E       		.byte	14
 1217 04a5 02       		.byte	2
 1218 04a6 0F       		.byte	15
 1219 04a7 08       		.byte	8
 1220 04a8 10       		.byte	16
 1221 04a9 98       		.byte	-104
 1222 04aa 13       		.byte	19
 1223 04ab 04       		.byte	4
 1224 04ac 15       		.byte	21
 1225 04ad 02       		.byte	2
 1226 04ae 18       		.byte	24
 1227 04af 10       		.byte	16
 1228 04b0 1B       		.byte	27
 1229 04b1 08       		.byte	8
 1230 04b2 1C       		.byte	28
 1231 04b3 40       		.byte	64
 1232 04b4 1F       		.byte	31
 1233 04b5 04       		.byte	4
 1234 04b6 21       		.byte	33
 1235 04b7 01       		.byte	1
 1236 04b8 22       		.byte	34
 1237 04b9 02       		.byte	2
 1238 04ba 25       		.byte	37
 1239 04bb 40       		.byte	64
 1240 04bc 28       		.byte	40
 1241 04bd 10       		.byte	16
 1242 04be 2B       		.byte	43
 1243 04bf 08       		.byte	8
 1244 04c0 2C       		.byte	44
 1245 04c1 20       		.byte	32
 1246 04c2 30       		.byte	48
 1247 04c3 88       		.byte	-120
 1248 04c4 32       		.byte	50
 1249 04c5 02       		.byte	2
 1250 04c6 34       		.byte	52
 1251 04c7 02       		.byte	2
 1252 04c8 38       		.byte	56
 1253 04c9 04       		.byte	4
 1254 04ca 3D       		.byte	61
ARM GAS  C:\Users\PANXIA~1\AppData\Local\Temp\ccq8eyr2.s 			page 23


 1255 04cb 90       		.byte	-112
 1256 04cc 41       		.byte	65
 1257 04cd 80       		.byte	-128
 1258 04ce 42       		.byte	66
 1259 04cf 80       		.byte	-128
 1260 04d0 45       		.byte	69
 1261 04d1 80       		.byte	-128
 1262 04d2 46       		.byte	70
 1263 04d3 80       		.byte	-128
 1264 04d4 49       		.byte	73
 1265 04d5 05       		.byte	5
 1266 04d6 51       		.byte	81
 1267 04d7 80       		.byte	-128
 1268 04d8 52       		.byte	82
 1269 04d9 40       		.byte	64
 1270 04da 58       		.byte	88
 1271 04db 88       		.byte	-120
 1272 04dc 59       		.byte	89
 1273 04dd 10       		.byte	16
 1274 04de 5A       		.byte	90
 1275 04df 02       		.byte	2
 1276 04e0 5E       		.byte	94
 1277 04e1 40       		.byte	64
 1278 04e2 61       		.byte	97
 1279 04e3 40       		.byte	64
 1280 04e4 62       		.byte	98
 1281 04e5 14       		.byte	20
 1282 04e6 6C       		.byte	108
 1283 04e7 34       		.byte	52
 1284 04e8 6D       		.byte	109
 1285 04e9 10       		.byte	16
 1286 04ea 6F       		.byte	111
 1287 04eb 01       		.byte	1
 1288 04ec 72       		.byte	114
 1289 04ed 80       		.byte	-128
 1290 04ee 73       		.byte	115
 1291 04ef 40       		.byte	64
 1292 04f0 74       		.byte	116
 1293 04f1 40       		.byte	64
 1294 04f2 76       		.byte	118
 1295 04f3 08       		.byte	8
 1296 04f4 77       		.byte	119
 1297 04f5 10       		.byte	16
 1298 04f6 84       		.byte	-124
 1299 04f7 04       		.byte	4
 1300 04f8 92       		.byte	-110
 1301 04f9 60       		.byte	96
 1302 04fa 93       		.byte	-109
 1303 04fb 04       		.byte	4
 1304 04fc 94       		.byte	-108
 1305 04fd 6C       		.byte	108
 1306 04fe 95       		.byte	-107
 1307 04ff 02       		.byte	2
 1308 0500 96       		.byte	-106
 1309 0501 80       		.byte	-128
 1310 0502 97       		.byte	-105
 1311 0503 08       		.byte	8
ARM GAS  C:\Users\PANXIA~1\AppData\Local\Temp\ccq8eyr2.s 			page 24


 1312 0504 98       		.byte	-104
 1313 0505 42       		.byte	66
 1314 0506 99       		.byte	-103
 1315 0507 50       		.byte	80
 1316 0508 9A       		.byte	-102
 1317 0509 14       		.byte	20
 1318 050a 9D       		.byte	-99
 1319 050b 05       		.byte	5
 1320 050c 9E       		.byte	-98
 1321 050d 08       		.byte	8
 1322 050e 9F       		.byte	-97
 1323 050f 11       		.byte	17
 1324 0510 A0       		.byte	-96
 1325 0511 88       		.byte	-120
 1326 0512 A1       		.byte	-95
 1327 0513 02       		.byte	2
 1328 0514 A3       		.byte	-93
 1329 0515 04       		.byte	4
 1330 0516 A4       		.byte	-92
 1331 0517 60       		.byte	96
 1332 0518 A5       		.byte	-91
 1333 0519 40       		.byte	64
 1334 051a A7       		.byte	-89
 1335 051b 08       		.byte	8
 1336 051c AC       		.byte	-84
 1337 051d 01       		.byte	1
 1338 051e AD       		.byte	-83
 1339 051f 08       		.byte	8
 1340 0520 B3       		.byte	-77
 1341 0521 20       		.byte	32
 1342 0522 C0       		.byte	-64
 1343 0523 67       		.byte	103
 1344 0524 C2       		.byte	-62
 1345 0525 D0       		.byte	-48
 1346 0526 C4       		.byte	-60
 1347 0527 1E       		.byte	30
 1348 0528 CA       		.byte	-54
 1349 0529 46       		.byte	70
 1350 052a CC       		.byte	-52
 1351 052b 8B       		.byte	-117
 1352 052c CE       		.byte	-50
 1353 052d 32       		.byte	50
 1354 052e D0       		.byte	-48
 1355 052f 99       		.byte	-103
 1356 0530 D6       		.byte	-42
 1357 0531 1F       		.byte	31
 1358 0532 D8       		.byte	-40
 1359 0533 0E       		.byte	14
 1360 0534 EC       		.byte	-20
 1361 0535 20       		.byte	32
 1362 0536 E2       		.byte	-30
 1363 0537 10       		.byte	16
 1364 0538 04       		.byte	4
 1365 0539 08       		.byte	8
 1366 053a 09       		.byte	9
 1367 053b 80       		.byte	-128
 1368 053c 0C       		.byte	12
ARM GAS  C:\Users\PANXIA~1\AppData\Local\Temp\ccq8eyr2.s 			page 25


 1369 053d 40       		.byte	64
 1370 053e 30       		.byte	48
 1371 053f 10       		.byte	16
 1372 0540 36       		.byte	54
 1373 0541 10       		.byte	16
 1374 0542 57       		.byte	87
 1375 0543 10       		.byte	16
 1376 0544 5B       		.byte	91
 1377 0545 40       		.byte	64
 1378 0546 5D       		.byte	93
 1379 0547 80       		.byte	-128
 1380 0548 62       		.byte	98
 1381 0549 02       		.byte	2
 1382 054a 67       		.byte	103
 1383 054b 08       		.byte	8
 1384 054c C0       		.byte	-64
 1385 054d 20       		.byte	32
 1386 054e C2       		.byte	-62
 1387 054f C0       		.byte	-64
 1388 0550 CC       		.byte	-52
 1389 0551 30       		.byte	48
 1390 0552 D4       		.byte	-44
 1391 0553 C0       		.byte	-64
 1392 0554 D6       		.byte	-42
 1393 0555 20       		.byte	32
 1394 0556 D8       		.byte	-40
 1395 0557 C0       		.byte	-64
 1396 0558 08       		.byte	8
 1397 0559 20       		.byte	32
 1398 055a 0B       		.byte	11
 1399 055b 80       		.byte	-128
 1400 055c 0C       		.byte	12
 1401 055d 01       		.byte	1
 1402 055e 0E       		.byte	14
 1403 055f 08       		.byte	8
 1404 0560 83       		.byte	-125
 1405 0561 40       		.byte	64
 1406 0562 88       		.byte	-120
 1407 0563 20       		.byte	32
 1408 0564 97       		.byte	-105
 1409 0565 08       		.byte	8
 1410 0566 98       		.byte	-104
 1411 0567 40       		.byte	64
 1412 0568 9C       		.byte	-100
 1413 0569 10       		.byte	16
 1414 056a 9D       		.byte	-99
 1415 056b 80       		.byte	-128
 1416 056c 9F       		.byte	-97
 1417 056d 40       		.byte	64
 1418 056e A7       		.byte	-89
 1419 056f 10       		.byte	16
 1420 0570 A9       		.byte	-87
 1421 0571 80       		.byte	-128
 1422 0572 AA       		.byte	-86
 1423 0573 02       		.byte	2
 1424 0574 B2       		.byte	-78
 1425 0575 10       		.byte	16
ARM GAS  C:\Users\PANXIA~1\AppData\Local\Temp\ccq8eyr2.s 			page 26


 1426 0576 B4       		.byte	-76
 1427 0577 04       		.byte	4
 1428 0578 C2       		.byte	-62
 1429 0579 F0       		.byte	-16
 1430 057a E6       		.byte	-26
 1431 057b 80       		.byte	-128
 1432 057c EA       		.byte	-22
 1433 057d 80       		.byte	-128
 1434 057e EC       		.byte	-20
 1435 057f 80       		.byte	-128
 1436 0580 05       		.byte	5
 1437 0581 02       		.byte	2
 1438 0582 87       		.byte	-121
 1439 0583 04       		.byte	4
 1440 0584 8E       		.byte	-114
 1441 0585 04       		.byte	4
 1442 0586 93       		.byte	-109
 1443 0587 80       		.byte	-128
 1444 0588 97       		.byte	-105
 1445 0589 08       		.byte	8
 1446 058a 98       		.byte	-104
 1447 058b 41       		.byte	65
 1448 058c 9C       		.byte	-100
 1449 058d 10       		.byte	16
 1450 058e 9D       		.byte	-99
 1451 058f 80       		.byte	-128
 1452 0590 A2       		.byte	-94
 1453 0591 04       		.byte	4
 1454 0592 A7       		.byte	-89
 1455 0593 10       		.byte	16
 1456 0594 C0       		.byte	-64
 1457 0595 20       		.byte	32
 1458 0596 E6       		.byte	-26
 1459 0597 10       		.byte	16
 1460 0598 84       		.byte	-124
 1461 0599 50       		.byte	80
 1462 059a 93       		.byte	-109
 1463 059b 80       		.byte	-128
 1464 059c 98       		.byte	-104
 1465 059d 41       		.byte	65
 1466 059e 9C       		.byte	-100
 1467 059f 10       		.byte	16
 1468 05a0 A7       		.byte	-89
 1469 05a1 10       		.byte	16
 1470 05a2 A9       		.byte	-87
 1471 05a3 02       		.byte	2
 1472 05a4 B1       		.byte	-79
 1473 05a5 80       		.byte	-128
 1474 05a6 E4       		.byte	-28
 1475 05a7 10       		.byte	16
 1476 05a8 E6       		.byte	-26
 1477 05a9 40       		.byte	64
 1478 05aa EC       		.byte	-20
 1479 05ab 20       		.byte	32
 1480 05ac 01       		.byte	1
 1481 05ad 04       		.byte	4
 1482 05ae 51       		.byte	81
ARM GAS  C:\Users\PANXIA~1\AppData\Local\Temp\ccq8eyr2.s 			page 27


 1483 05af 20       		.byte	32
 1484 05b0 5D       		.byte	93
 1485 05b1 20       		.byte	32
 1486 05b2 C0       		.byte	-64
 1487 05b3 08       		.byte	8
 1488 05b4 D4       		.byte	-44
 1489 05b5 04       		.byte	4
 1490 05b6 D6       		.byte	-42
 1491 05b7 04       		.byte	4
 1492 05b8 98       		.byte	-104
 1493 05b9 02       		.byte	2
 1494 05ba 9D       		.byte	-99
 1495 05bb 20       		.byte	32
 1496 05bc A5       		.byte	-91
 1497 05bd 20       		.byte	32
 1498 05be B1       		.byte	-79
 1499 05bf 04       		.byte	4
 1500 05c0 B4       		.byte	-76
 1501 05c1 02       		.byte	2
 1502 05c2 E8       		.byte	-24
 1503 05c3 08       		.byte	8
 1504 05c4 EA       		.byte	-22
 1505 05c5 04       		.byte	4
 1506 05c6 54       		.byte	84
 1507 05c7 04       		.byte	4
 1508 05c8 85       		.byte	-123
 1509 05c9 20       		.byte	32
 1510 05ca 88       		.byte	-120
 1511 05cb 04       		.byte	4
 1512 05cc 8D       		.byte	-115
 1513 05cd 20       		.byte	32
 1514 05ce 98       		.byte	-104
 1515 05cf 02       		.byte	2
 1516 05d0 9D       		.byte	-99
 1517 05d1 20       		.byte	32
 1518 05d2 A5       		.byte	-91
 1519 05d3 20       		.byte	32
 1520 05d4 D4       		.byte	-44
 1521 05d5 02       		.byte	2
 1522 05d6 E0       		.byte	-32
 1523 05d7 0C       		.byte	12
 1524 05d8 98       		.byte	-104
 1525 05d9 02       		.byte	2
 1526 05da 56       		.byte	86
 1527 05db 10       		.byte	16
 1528 05dc 87       		.byte	-121
 1529 05dd 40       		.byte	64
 1530 05de 93       		.byte	-109
 1531 05df 80       		.byte	-128
 1532 05e0 A7       		.byte	-89
 1533 05e1 10       		.byte	16
 1534 05e2 B0       		.byte	-80
 1535 05e3 01       		.byte	1
 1536 05e4 D4       		.byte	-44
 1537 05e5 40       		.byte	64
 1538 05e6 E0       		.byte	-32
 1539 05e7 10       		.byte	16
ARM GAS  C:\Users\PANXIA~1\AppData\Local\Temp\ccq8eyr2.s 			page 28


 1540 05e8 71       		.byte	113
 1541 05e9 02       		.byte	2
 1542 05ea 86       		.byte	-122
 1543 05eb 10       		.byte	16
 1544 05ec 8D       		.byte	-115
 1545 05ed 02       		.byte	2
 1546 05ee 8F       		.byte	-113
 1547 05ef 10       		.byte	16
 1548 05f0 9E       		.byte	-98
 1549 05f1 10       		.byte	16
 1550 05f2 A7       		.byte	-89
 1551 05f3 10       		.byte	16
 1552 05f4 DC       		.byte	-36
 1553 05f5 80       		.byte	-128
 1554 05f6 E2       		.byte	-30
 1555 05f7 40       		.byte	64
 1556 05f8 98       		.byte	-104
 1557 05f9 02       		.byte	2
 1558 05fa 18       		.byte	24
 1559 05fb 10       		.byte	16
 1560 05fc 78       		.byte	120
 1561 05fd 02       		.byte	2
 1562 05fe 8C       		.byte	-116
 1563 05ff 10       		.byte	16
 1564 0600 98       		.byte	-104
 1565 0601 02       		.byte	2
 1566 0602 C6       		.byte	-58
 1567 0603 08       		.byte	8
 1568 0604 DE       		.byte	-34
 1569 0605 02       		.byte	2
 1570 0606 E2       		.byte	-30
 1571 0607 08       		.byte	8
 1572 0608 00       		.byte	0
 1573 0609 06       		.byte	6
 1574 060a 01       		.byte	1
 1575 060b 01       		.byte	1
 1576 060c 0A       		.byte	10
 1577 060d 06       		.byte	6
 1578 060e 0B       		.byte	11
 1579 060f 01       		.byte	1
 1580 0610 10       		.byte	16
 1581 0611 06       		.byte	6
 1582 0612 11       		.byte	17
 1583 0613 01       		.byte	1
 1584 0614 1A       		.byte	26
 1585 0615 06       		.byte	6
 1586 0616 1B       		.byte	27
 1587 0617 01       		.byte	1
 1588 0618 00       		.byte	0
 1589 0619 0F       		.byte	15
 1590 061a 00       		.byte	0
 1591 061b 00       		.byte	0
 1592 061c F0       		.byte	-16
 1593 061d 08       		.byte	8
 1594 061e 08       		.byte	8
 1595 061f 00       		.byte	0
 1596 0620 00       		.byte	0
ARM GAS  C:\Users\PANXIA~1\AppData\Local\Temp\ccq8eyr2.s 			page 29


 1597 0621 00       		.byte	0
 1598 0622 00       		.byte	0
 1599 0623 00       		.byte	0
 1600 0624 01       		.byte	1
 1601 0625 00       		.byte	0
 1602 0626 08       		.byte	8
 1603 0627 35       		.byte	53
 1604 0628 35       		.byte	53
 1605 0629 00       		.byte	0
 1606 062a 01       		.byte	1
 1607 062b 00       		.byte	0
 1608 062c 00       		.byte	0
 1609 062d 00       		.byte	0
 1610 062e 00       		.byte	0
 1611 062f 00       		.byte	0
 1612 0630 00       		.byte	0
 1613 0631 18       		.byte	24
 1614 0632 18       		.byte	24
 1615 0633 00       		.byte	0
 1616 0634 18       		.byte	24
 1617 0635 00       		.byte	0
 1618 0636 00       		.byte	0
 1619 0637 00       		.byte	0
 1620 0638 00       		.byte	0
 1621 0639 7F       		.byte	127
 1622 063a 7F       		.byte	127
 1623 063b 00       		.byte	0
 1624 063c 00       		.byte	0
 1625 063d 00       		.byte	0
 1626 063e 00       		.byte	0
 1627 063f 00       		.byte	0
 1628 0640 C2       		.byte	-62
 1629 0641 3D       		.byte	61
 1630 0642 3D       		.byte	61
 1631 0643 00       		.byte	0
 1632 0644 3D       		.byte	61
 1633 0645 00       		.byte	0
 1634 0646 00       		.byte	0
 1635 0647 00       		.byte	0
 1636 0648 00       		.byte	0
 1637 0649 E0       		.byte	-32
 1638 064a E0       		.byte	-32
 1639 064b 00       		.byte	0
 1640 064c 00       		.byte	0
 1641 064d 00       		.byte	0
 1642 064e 00       		.byte	0
 1643 064f 00       		.byte	0
 1644 0650 01       		.byte	1
 1645 0651 0C       		.byte	12
 1646 0652 0C       		.byte	12
 1647 0653 00       		.byte	0
 1648 0654 0C       		.byte	12
 1649 0655 00       		.byte	0
 1650 0656 00       		.byte	0
 1651 0657 00       		.byte	0
 1652              		.section	.cywolatch,"a",%progbits
 1653              		.align	2
ARM GAS  C:\Users\PANXIA~1\AppData\Local\Temp\ccq8eyr2.s 			page 30


 1654              		.type	cy_meta_wonvl, %object
 1655              		.size	cy_meta_wonvl, 4
 1656              	cy_meta_wonvl:
 1657 0000 BC       		.byte	-68
 1658 0001 90       		.byte	-112
 1659 0002 AC       		.byte	-84
 1660 0003 AF       		.byte	-81
 1661              		.section	.cycustnvl,"a",%progbits
 1662              		.align	2
 1663              		.type	cy_meta_custnvl, %object
 1664              		.size	cy_meta_custnvl, 4
 1665              	cy_meta_custnvl:
 1666 0000 00       		.byte	0
 1667 0001 00       		.byte	0
 1668 0002 40       		.byte	64
 1669 0003 05       		.byte	5
 1670              		.section	.cymeta,"a",%progbits
 1671              		.align	2
 1672              		.type	cy_metadata, %object
 1673              		.size	cy_metadata, 12
 1674              	cy_metadata:
 1675 0000 00       		.byte	0
 1676 0001 01       		.byte	1
 1677 0002 2E       		.byte	46
 1678 0003 16       		.byte	22
 1679 0004 30       		.byte	48
 1680 0005 69       		.byte	105
 1681 0006 00       		.byte	0
 1682 0007 01       		.byte	1
 1683 0008 00       		.byte	0
 1684 0009 00       		.byte	0
 1685 000a 00       		.byte	0
 1686 000b 00       		.byte	0
 1687              		.section	.cyflashprotect,"a",%progbits
 1688              		.align	2
 1689              		.type	cy_meta_flashprotect, %object
 1690              		.size	cy_meta_flashprotect, 256
 1691              	cy_meta_flashprotect:
 1692 0000 00000000 		.space	256
 1692      00000000 
 1692      00000000 
 1692      00000000 
 1692      00000000 
 1693              		.text
 1694              	.Letext0:
 1695              		.file 1 ".\\Generated_Source\\PSoC5\\cymetadata.c"
 1696              		.file 2 ".\\Generated_Source\\PSoC5\\cytypes.h"
 1697              		.section	.debug_info,"",%progbits
 1698              	.Ldebug_info0:
 1699 0000 38010000 		.4byte	0x138
 1700 0004 0400     		.2byte	0x4
 1701 0006 00000000 		.4byte	.Ldebug_abbrev0
 1702 000a 04       		.byte	0x4
 1703 000b 01       		.uleb128 0x1
 1704 000c C7000000 		.4byte	.LASF18
 1705 0010 01       		.byte	0x1
 1706 0011 0C000000 		.4byte	.LASF19
ARM GAS  C:\Users\PANXIA~1\AppData\Local\Temp\ccq8eyr2.s 			page 31


 1707 0015 32000000 		.4byte	.LASF20
 1708 0019 00000000 		.4byte	.Ldebug_line0
 1709 001d 02       		.uleb128 0x2
 1710 001e 01       		.byte	0x1
 1711 001f 06       		.byte	0x6
 1712 0020 D1010000 		.4byte	.LASF0
 1713 0024 02       		.uleb128 0x2
 1714 0025 01       		.byte	0x1
 1715 0026 08       		.byte	0x8
 1716 0027 6B000000 		.4byte	.LASF1
 1717 002b 02       		.uleb128 0x2
 1718 002c 02       		.byte	0x2
 1719 002d 05       		.byte	0x5
 1720 002e B8010000 		.4byte	.LASF2
 1721 0032 02       		.uleb128 0x2
 1722 0033 02       		.byte	0x2
 1723 0034 07       		.byte	0x7
 1724 0035 8B000000 		.4byte	.LASF3
 1725 0039 02       		.uleb128 0x2
 1726 003a 04       		.byte	0x4
 1727 003b 05       		.byte	0x5
 1728 003c C8010000 		.4byte	.LASF4
 1729 0040 02       		.uleb128 0x2
 1730 0041 04       		.byte	0x4
 1731 0042 07       		.byte	0x7
 1732 0043 79000000 		.4byte	.LASF5
 1733 0047 02       		.uleb128 0x2
 1734 0048 08       		.byte	0x8
 1735 0049 05       		.byte	0x5
 1736 004a A5010000 		.4byte	.LASF6
 1737 004e 02       		.uleb128 0x2
 1738 004f 08       		.byte	0x8
 1739 0050 07       		.byte	0x7
 1740 0051 62010000 		.4byte	.LASF7
 1741 0055 03       		.uleb128 0x3
 1742 0056 04       		.byte	0x4
 1743 0057 05       		.byte	0x5
 1744 0058 696E7400 		.ascii	"int\000"
 1745 005c 02       		.uleb128 0x2
 1746 005d 04       		.byte	0x4
 1747 005e 07       		.byte	0x7
 1748 005f 55010000 		.4byte	.LASF8
 1749 0063 04       		.uleb128 0x4
 1750 0064 C2010000 		.4byte	.LASF21
 1751 0068 02       		.byte	0x2
 1752 0069 C2       		.byte	0xc2
 1753 006a 24000000 		.4byte	0x24
 1754 006e 02       		.uleb128 0x2
 1755 006f 04       		.byte	0x4
 1756 0070 04       		.byte	0x4
 1757 0071 65000000 		.4byte	.LASF9
 1758 0075 02       		.uleb128 0x2
 1759 0076 08       		.byte	0x8
 1760 0077 04       		.byte	0x4
 1761 0078 9E000000 		.4byte	.LASF10
 1762 007c 02       		.uleb128 0x2
 1763 007d 01       		.byte	0x1
ARM GAS  C:\Users\PANXIA~1\AppData\Local\Temp\ccq8eyr2.s 			page 32


 1764 007e 08       		.byte	0x8
 1765 007f B3010000 		.4byte	.LASF11
 1766 0083 05       		.uleb128 0x5
 1767 0084 63000000 		.4byte	0x63
 1768 0088 94000000 		.4byte	0x94
 1769 008c 06       		.uleb128 0x6
 1770 008d 94000000 		.4byte	0x94
 1771 0091 5706     		.2byte	0x657
 1772 0093 00       		.byte	0
 1773 0094 02       		.uleb128 0x2
 1774 0095 04       		.byte	0x4
 1775 0096 07       		.byte	0x7
 1776 0097 9C010000 		.4byte	.LASF12
 1777 009b 07       		.uleb128 0x7
 1778 009c B5000000 		.4byte	.LASF13
 1779 00a0 01       		.byte	0x1
 1780 00a1 1C       		.byte	0x1c
 1781 00a2 AC000000 		.4byte	0xac
 1782 00a6 05       		.uleb128 0x5
 1783 00a7 03       		.byte	0x3
 1784 00a8 00000000 		.4byte	cy_meta_configecc
 1785 00ac 08       		.uleb128 0x8
 1786 00ad 83000000 		.4byte	0x83
 1787 00b1 05       		.uleb128 0x5
 1788 00b2 63000000 		.4byte	0x63
 1789 00b6 C1000000 		.4byte	0xc1
 1790 00ba 09       		.uleb128 0x9
 1791 00bb 94000000 		.4byte	0x94
 1792 00bf 03       		.byte	0x3
 1793 00c0 00       		.byte	0
 1794 00c1 07       		.uleb128 0x7
 1795 00c2 A5000000 		.4byte	.LASF14
 1796 00c6 01       		.byte	0x1
 1797 00c7 F1       		.byte	0xf1
 1798 00c8 D2000000 		.4byte	0xd2
 1799 00cc 05       		.uleb128 0x5
 1800 00cd 03       		.byte	0x3
 1801 00ce 00000000 		.4byte	cy_meta_custnvl
 1802 00d2 08       		.uleb128 0x8
 1803 00d3 B1000000 		.4byte	0xb1
 1804 00d7 07       		.uleb128 0x7
 1805 00d8 8E010000 		.4byte	.LASF15
 1806 00dc 01       		.byte	0x1
 1807 00dd FC       		.byte	0xfc
 1808 00de E8000000 		.4byte	0xe8
 1809 00e2 05       		.uleb128 0x5
 1810 00e3 03       		.byte	0x3
 1811 00e4 00000000 		.4byte	cy_meta_wonvl
 1812 00e8 08       		.uleb128 0x8
 1813 00e9 B1000000 		.4byte	0xb1
 1814 00ed 05       		.uleb128 0x5
 1815 00ee 63000000 		.4byte	0x63
 1816 00f2 FD000000 		.4byte	0xfd
 1817 00f6 09       		.uleb128 0x9
 1818 00f7 94000000 		.4byte	0x94
 1819 00fb FF       		.byte	0xff
 1820 00fc 00       		.byte	0
ARM GAS  C:\Users\PANXIA~1\AppData\Local\Temp\ccq8eyr2.s 			page 33


 1821 00fd 0A       		.uleb128 0xa
 1822 00fe 79010000 		.4byte	.LASF16
 1823 0102 01       		.byte	0x1
 1824 0103 0701     		.2byte	0x107
 1825 0105 0F010000 		.4byte	0x10f
 1826 0109 05       		.uleb128 0x5
 1827 010a 03       		.byte	0x3
 1828 010b 00000000 		.4byte	cy_meta_flashprotect
 1829 010f 08       		.uleb128 0x8
 1830 0110 ED000000 		.4byte	0xed
 1831 0114 05       		.uleb128 0x5
 1832 0115 63000000 		.4byte	0x63
 1833 0119 24010000 		.4byte	0x124
 1834 011d 09       		.uleb128 0x9
 1835 011e 94000000 		.4byte	0x94
 1836 0122 0B       		.byte	0xb
 1837 0123 00       		.byte	0
 1838 0124 0A       		.uleb128 0xa
 1839 0125 00000000 		.4byte	.LASF17
 1840 0129 01       		.byte	0x1
 1841 012a 3101     		.2byte	0x131
 1842 012c 36010000 		.4byte	0x136
 1843 0130 05       		.uleb128 0x5
 1844 0131 03       		.byte	0x3
 1845 0132 00000000 		.4byte	cy_metadata
 1846 0136 08       		.uleb128 0x8
 1847 0137 14010000 		.4byte	0x114
 1848 013b 00       		.byte	0
 1849              		.section	.debug_abbrev,"",%progbits
 1850              	.Ldebug_abbrev0:
 1851 0000 01       		.uleb128 0x1
 1852 0001 11       		.uleb128 0x11
 1853 0002 01       		.byte	0x1
 1854 0003 25       		.uleb128 0x25
 1855 0004 0E       		.uleb128 0xe
 1856 0005 13       		.uleb128 0x13
 1857 0006 0B       		.uleb128 0xb
 1858 0007 03       		.uleb128 0x3
 1859 0008 0E       		.uleb128 0xe
 1860 0009 1B       		.uleb128 0x1b
 1861 000a 0E       		.uleb128 0xe
 1862 000b 10       		.uleb128 0x10
 1863 000c 17       		.uleb128 0x17
 1864 000d 00       		.byte	0
 1865 000e 00       		.byte	0
 1866 000f 02       		.uleb128 0x2
 1867 0010 24       		.uleb128 0x24
 1868 0011 00       		.byte	0
 1869 0012 0B       		.uleb128 0xb
 1870 0013 0B       		.uleb128 0xb
 1871 0014 3E       		.uleb128 0x3e
 1872 0015 0B       		.uleb128 0xb
 1873 0016 03       		.uleb128 0x3
 1874 0017 0E       		.uleb128 0xe
 1875 0018 00       		.byte	0
 1876 0019 00       		.byte	0
 1877 001a 03       		.uleb128 0x3
ARM GAS  C:\Users\PANXIA~1\AppData\Local\Temp\ccq8eyr2.s 			page 34


 1878 001b 24       		.uleb128 0x24
 1879 001c 00       		.byte	0
 1880 001d 0B       		.uleb128 0xb
 1881 001e 0B       		.uleb128 0xb
 1882 001f 3E       		.uleb128 0x3e
 1883 0020 0B       		.uleb128 0xb
 1884 0021 03       		.uleb128 0x3
 1885 0022 08       		.uleb128 0x8
 1886 0023 00       		.byte	0
 1887 0024 00       		.byte	0
 1888 0025 04       		.uleb128 0x4
 1889 0026 16       		.uleb128 0x16
 1890 0027 00       		.byte	0
 1891 0028 03       		.uleb128 0x3
 1892 0029 0E       		.uleb128 0xe
 1893 002a 3A       		.uleb128 0x3a
 1894 002b 0B       		.uleb128 0xb
 1895 002c 3B       		.uleb128 0x3b
 1896 002d 0B       		.uleb128 0xb
 1897 002e 49       		.uleb128 0x49
 1898 002f 13       		.uleb128 0x13
 1899 0030 00       		.byte	0
 1900 0031 00       		.byte	0
 1901 0032 05       		.uleb128 0x5
 1902 0033 01       		.uleb128 0x1
 1903 0034 01       		.byte	0x1
 1904 0035 49       		.uleb128 0x49
 1905 0036 13       		.uleb128 0x13
 1906 0037 01       		.uleb128 0x1
 1907 0038 13       		.uleb128 0x13
 1908 0039 00       		.byte	0
 1909 003a 00       		.byte	0
 1910 003b 06       		.uleb128 0x6
 1911 003c 21       		.uleb128 0x21
 1912 003d 00       		.byte	0
 1913 003e 49       		.uleb128 0x49
 1914 003f 13       		.uleb128 0x13
 1915 0040 2F       		.uleb128 0x2f
 1916 0041 05       		.uleb128 0x5
 1917 0042 00       		.byte	0
 1918 0043 00       		.byte	0
 1919 0044 07       		.uleb128 0x7
 1920 0045 34       		.uleb128 0x34
 1921 0046 00       		.byte	0
 1922 0047 03       		.uleb128 0x3
 1923 0048 0E       		.uleb128 0xe
 1924 0049 3A       		.uleb128 0x3a
 1925 004a 0B       		.uleb128 0xb
 1926 004b 3B       		.uleb128 0x3b
 1927 004c 0B       		.uleb128 0xb
 1928 004d 49       		.uleb128 0x49
 1929 004e 13       		.uleb128 0x13
 1930 004f 3F       		.uleb128 0x3f
 1931 0050 19       		.uleb128 0x19
 1932 0051 02       		.uleb128 0x2
 1933 0052 18       		.uleb128 0x18
 1934 0053 00       		.byte	0
ARM GAS  C:\Users\PANXIA~1\AppData\Local\Temp\ccq8eyr2.s 			page 35


 1935 0054 00       		.byte	0
 1936 0055 08       		.uleb128 0x8
 1937 0056 26       		.uleb128 0x26
 1938 0057 00       		.byte	0
 1939 0058 49       		.uleb128 0x49
 1940 0059 13       		.uleb128 0x13
 1941 005a 00       		.byte	0
 1942 005b 00       		.byte	0
 1943 005c 09       		.uleb128 0x9
 1944 005d 21       		.uleb128 0x21
 1945 005e 00       		.byte	0
 1946 005f 49       		.uleb128 0x49
 1947 0060 13       		.uleb128 0x13
 1948 0061 2F       		.uleb128 0x2f
 1949 0062 0B       		.uleb128 0xb
 1950 0063 00       		.byte	0
 1951 0064 00       		.byte	0
 1952 0065 0A       		.uleb128 0xa
 1953 0066 34       		.uleb128 0x34
 1954 0067 00       		.byte	0
 1955 0068 03       		.uleb128 0x3
 1956 0069 0E       		.uleb128 0xe
 1957 006a 3A       		.uleb128 0x3a
 1958 006b 0B       		.uleb128 0xb
 1959 006c 3B       		.uleb128 0x3b
 1960 006d 05       		.uleb128 0x5
 1961 006e 49       		.uleb128 0x49
 1962 006f 13       		.uleb128 0x13
 1963 0070 3F       		.uleb128 0x3f
 1964 0071 19       		.uleb128 0x19
 1965 0072 02       		.uleb128 0x2
 1966 0073 18       		.uleb128 0x18
 1967 0074 00       		.byte	0
 1968 0075 00       		.byte	0
 1969 0076 00       		.byte	0
 1970              		.section	.debug_aranges,"",%progbits
 1971 0000 14000000 		.4byte	0x14
 1972 0004 0200     		.2byte	0x2
 1973 0006 00000000 		.4byte	.Ldebug_info0
 1974 000a 04       		.byte	0x4
 1975 000b 00       		.byte	0
 1976 000c 0000     		.2byte	0
 1977 000e 0000     		.2byte	0
 1978 0010 00000000 		.4byte	0
 1979 0014 00000000 		.4byte	0
 1980              		.section	.debug_line,"",%progbits
 1981              	.Ldebug_line0:
 1982 0000 4F000000 		.section	.debug_str,"MS",%progbits,1
 1982      02004900 
 1982      00000201 
 1982      FB0E0D00 
 1982      01010101 
 1983              	.LASF17:
 1984 0000 63795F6D 		.ascii	"cy_metadata\000"
 1984      65746164 
 1984      61746100 
 1985              	.LASF19:
ARM GAS  C:\Users\PANXIA~1\AppData\Local\Temp\ccq8eyr2.s 			page 36


 1986 000c 2E5C4765 		.ascii	".\\Generated_Source\\PSoC5\\cymetadata.c\000"
 1986      6E657261 
 1986      7465645F 
 1986      536F7572 
 1986      63655C50 
 1987              	.LASF20:
 1988 0032 443A5C47 		.ascii	"D:\\GIT\\A20_CANfestival\\posoc\\A66_CanFestival.cy"
 1988      49545C41 
 1988      32305F43 
 1988      414E6665 
 1988      73746976 
 1989 0061 64736E00 		.ascii	"dsn\000"
 1990              	.LASF9:
 1991 0065 666C6F61 		.ascii	"float\000"
 1991      7400
 1992              	.LASF1:
 1993 006b 756E7369 		.ascii	"unsigned char\000"
 1993      676E6564 
 1993      20636861 
 1993      7200
 1994              	.LASF5:
 1995 0079 6C6F6E67 		.ascii	"long unsigned int\000"
 1995      20756E73 
 1995      69676E65 
 1995      6420696E 
 1995      7400
 1996              	.LASF3:
 1997 008b 73686F72 		.ascii	"short unsigned int\000"
 1997      7420756E 
 1997      7369676E 
 1997      65642069 
 1997      6E7400
 1998              	.LASF10:
 1999 009e 646F7562 		.ascii	"double\000"
 1999      6C6500
 2000              	.LASF14:
 2001 00a5 63795F6D 		.ascii	"cy_meta_custnvl\000"
 2001      6574615F 
 2001      63757374 
 2001      6E766C00 
 2002              	.LASF13:
 2003 00b5 63795F6D 		.ascii	"cy_meta_configecc\000"
 2003      6574615F 
 2003      636F6E66 
 2003      69676563 
 2003      6300
 2004              	.LASF18:
 2005 00c7 474E5520 		.ascii	"GNU C 4.9.3 20150303 (release) [ARM/embedded-4_9-br"
 2005      4320342E 
 2005      392E3320 
 2005      32303135 
 2005      30333033 
 2006 00fa 616E6368 		.ascii	"anch revision 221220] -mcpu=cortex-m3 -mthumb -g -O"
 2006      20726576 
 2006      6973696F 
 2006      6E203232 
 2006      31323230 
ARM GAS  C:\Users\PANXIA~1\AppData\Local\Temp\ccq8eyr2.s 			page 37


 2007 012d 67202D66 		.ascii	"g -ffunction-sections -ffat-lto-objects\000"
 2007      66756E63 
 2007      74696F6E 
 2007      2D736563 
 2007      74696F6E 
 2008              	.LASF8:
 2009 0155 756E7369 		.ascii	"unsigned int\000"
 2009      676E6564 
 2009      20696E74 
 2009      00
 2010              	.LASF7:
 2011 0162 6C6F6E67 		.ascii	"long long unsigned int\000"
 2011      206C6F6E 
 2011      6720756E 
 2011      7369676E 
 2011      65642069 
 2012              	.LASF16:
 2013 0179 63795F6D 		.ascii	"cy_meta_flashprotect\000"
 2013      6574615F 
 2013      666C6173 
 2013      6870726F 
 2013      74656374 
 2014              	.LASF15:
 2015 018e 63795F6D 		.ascii	"cy_meta_wonvl\000"
 2015      6574615F 
 2015      776F6E76 
 2015      6C00
 2016              	.LASF12:
 2017 019c 73697A65 		.ascii	"sizetype\000"
 2017      74797065 
 2017      00
 2018              	.LASF6:
 2019 01a5 6C6F6E67 		.ascii	"long long int\000"
 2019      206C6F6E 
 2019      6720696E 
 2019      7400
 2020              	.LASF11:
 2021 01b3 63686172 		.ascii	"char\000"
 2021      00
 2022              	.LASF2:
 2023 01b8 73686F72 		.ascii	"short int\000"
 2023      7420696E 
 2023      7400
 2024              	.LASF21:
 2025 01c2 75696E74 		.ascii	"uint8\000"
 2025      3800
 2026              	.LASF4:
 2027 01c8 6C6F6E67 		.ascii	"long int\000"
 2027      20696E74 
 2027      00
 2028              	.LASF0:
 2029 01d1 7369676E 		.ascii	"signed char\000"
 2029      65642063 
 2029      68617200 
 2030              		.ident	"GCC: (GNU Tools for ARM Embedded Processors) 4.9.3 20150303 (release) [ARM/embedded-4_9-br
