ARM GAS  C:\Users\CHENGY~1\AppData\Local\Temp\ccQSaPpb.s 			page 1


   1              		.syntax unified
   2              		.cpu cortex-m3
   3              		.fpu softvfp
   4              		.eabi_attribute 20, 1
   5              		.eabi_attribute 21, 1
   6              		.eabi_attribute 23, 3
   7              		.eabi_attribute 24, 1
   8              		.eabi_attribute 25, 1
   9              		.eabi_attribute 26, 1
  10              		.eabi_attribute 30, 1
  11              		.eabi_attribute 34, 1
  12              		.eabi_attribute 18, 4
  13              		.thumb
  14              		.file	"isr_1.c"
  15              		.text
  16              	.Ltext0:
  17              		.cfi_sections	.debug_frame
  18              		.section	.text.isr_1_SetVector,"ax",%progbits
  19              		.align	2
  20              		.global	isr_1_SetVector
  21              		.thumb
  22              		.thumb_func
  23              		.type	isr_1_SetVector, %function
  24              	isr_1_SetVector:
  25              	.LFB3:
  26              		.file 1 ".\\Generated_Source\\PSoC5\\isr_1.c"
   1:.\Generated_Source\PSoC5/isr_1.c **** /*******************************************************************************
   2:.\Generated_Source\PSoC5/isr_1.c **** * File Name: isr_1.c  
   3:.\Generated_Source\PSoC5/isr_1.c **** * Version 1.70
   4:.\Generated_Source\PSoC5/isr_1.c **** *
   5:.\Generated_Source\PSoC5/isr_1.c **** *  Description:
   6:.\Generated_Source\PSoC5/isr_1.c **** *   API for controlling the state of an interrupt.
   7:.\Generated_Source\PSoC5/isr_1.c **** *
   8:.\Generated_Source\PSoC5/isr_1.c **** *
   9:.\Generated_Source\PSoC5/isr_1.c **** *  Note:
  10:.\Generated_Source\PSoC5/isr_1.c **** *
  11:.\Generated_Source\PSoC5/isr_1.c **** ********************************************************************************
  12:.\Generated_Source\PSoC5/isr_1.c **** * Copyright 2008-2015, Cypress Semiconductor Corporation.  All rights reserved.
  13:.\Generated_Source\PSoC5/isr_1.c **** * You may use this file only in accordance with the license, terms, conditions, 
  14:.\Generated_Source\PSoC5/isr_1.c **** * disclaimers, and limitations in the end user license agreement accompanying 
  15:.\Generated_Source\PSoC5/isr_1.c **** * the software package with which this file was provided.
  16:.\Generated_Source\PSoC5/isr_1.c **** *******************************************************************************/
  17:.\Generated_Source\PSoC5/isr_1.c **** 
  18:.\Generated_Source\PSoC5/isr_1.c **** 
  19:.\Generated_Source\PSoC5/isr_1.c **** #include <cydevice_trm.h>
  20:.\Generated_Source\PSoC5/isr_1.c **** #include <CyLib.h>
  21:.\Generated_Source\PSoC5/isr_1.c **** #include <isr_1.h>
  22:.\Generated_Source\PSoC5/isr_1.c **** #include "cyapicallbacks.h"
  23:.\Generated_Source\PSoC5/isr_1.c **** 
  24:.\Generated_Source\PSoC5/isr_1.c **** #if !defined(isr_1__REMOVED) /* Check for removal by optimization */
  25:.\Generated_Source\PSoC5/isr_1.c **** 
  26:.\Generated_Source\PSoC5/isr_1.c **** /*******************************************************************************
  27:.\Generated_Source\PSoC5/isr_1.c **** *  Place your includes, defines and code here 
  28:.\Generated_Source\PSoC5/isr_1.c **** ********************************************************************************/
  29:.\Generated_Source\PSoC5/isr_1.c **** /* `#START isr_1_intc` */
  30:.\Generated_Source\PSoC5/isr_1.c **** #include<Timer_1.h>
  31:.\Generated_Source\PSoC5/isr_1.c **** #include<LED1.h>
ARM GAS  C:\Users\CHENGY~1\AppData\Local\Temp\ccQSaPpb.s 			page 2


  32:.\Generated_Source\PSoC5/isr_1.c **** 
  33:.\Generated_Source\PSoC5/isr_1.c **** /* `#END` */
  34:.\Generated_Source\PSoC5/isr_1.c **** 
  35:.\Generated_Source\PSoC5/isr_1.c **** #ifndef CYINT_IRQ_BASE
  36:.\Generated_Source\PSoC5/isr_1.c **** #define CYINT_IRQ_BASE      16
  37:.\Generated_Source\PSoC5/isr_1.c **** #endif /* CYINT_IRQ_BASE */
  38:.\Generated_Source\PSoC5/isr_1.c **** #ifndef CYINT_VECT_TABLE
  39:.\Generated_Source\PSoC5/isr_1.c **** #define CYINT_VECT_TABLE    ((cyisraddress **) CYREG_NVIC_VECT_OFFSET)
  40:.\Generated_Source\PSoC5/isr_1.c **** #endif /* CYINT_VECT_TABLE */
  41:.\Generated_Source\PSoC5/isr_1.c **** 
  42:.\Generated_Source\PSoC5/isr_1.c **** /* Declared in startup, used to set unused interrupts to. */
  43:.\Generated_Source\PSoC5/isr_1.c **** CY_ISR_PROTO(IntDefaultHandler);
  44:.\Generated_Source\PSoC5/isr_1.c **** 
  45:.\Generated_Source\PSoC5/isr_1.c **** 
  46:.\Generated_Source\PSoC5/isr_1.c **** /*******************************************************************************
  47:.\Generated_Source\PSoC5/isr_1.c **** * Function Name: isr_1_Start
  48:.\Generated_Source\PSoC5/isr_1.c **** ********************************************************************************
  49:.\Generated_Source\PSoC5/isr_1.c **** *
  50:.\Generated_Source\PSoC5/isr_1.c **** * Summary:
  51:.\Generated_Source\PSoC5/isr_1.c **** *  Set up the interrupt and enable it. This function disables the interrupt, 
  52:.\Generated_Source\PSoC5/isr_1.c **** *  sets the default interrupt vector, sets the priority from the value in the
  53:.\Generated_Source\PSoC5/isr_1.c **** *  Design Wide Resources Interrupt Editor, then enables the interrupt to the 
  54:.\Generated_Source\PSoC5/isr_1.c **** *  interrupt controller.
  55:.\Generated_Source\PSoC5/isr_1.c **** *
  56:.\Generated_Source\PSoC5/isr_1.c **** * Parameters:  
  57:.\Generated_Source\PSoC5/isr_1.c **** *   None
  58:.\Generated_Source\PSoC5/isr_1.c **** *
  59:.\Generated_Source\PSoC5/isr_1.c **** * Return:
  60:.\Generated_Source\PSoC5/isr_1.c **** *   None
  61:.\Generated_Source\PSoC5/isr_1.c **** *
  62:.\Generated_Source\PSoC5/isr_1.c **** *******************************************************************************/
  63:.\Generated_Source\PSoC5/isr_1.c **** void isr_1_Start(void)
  64:.\Generated_Source\PSoC5/isr_1.c **** {
  65:.\Generated_Source\PSoC5/isr_1.c ****     /* For all we know the interrupt is active. */
  66:.\Generated_Source\PSoC5/isr_1.c ****     isr_1_Disable();
  67:.\Generated_Source\PSoC5/isr_1.c **** 
  68:.\Generated_Source\PSoC5/isr_1.c ****     /* Set the ISR to point to the isr_1 Interrupt. */
  69:.\Generated_Source\PSoC5/isr_1.c ****     isr_1_SetVector(&isr_1_Interrupt);
  70:.\Generated_Source\PSoC5/isr_1.c **** 
  71:.\Generated_Source\PSoC5/isr_1.c ****     /* Set the priority. */
  72:.\Generated_Source\PSoC5/isr_1.c ****     isr_1_SetPriority((uint8)isr_1_INTC_PRIOR_NUMBER);
  73:.\Generated_Source\PSoC5/isr_1.c **** 
  74:.\Generated_Source\PSoC5/isr_1.c ****     /* Enable it. */
  75:.\Generated_Source\PSoC5/isr_1.c ****     isr_1_Enable();
  76:.\Generated_Source\PSoC5/isr_1.c **** }
  77:.\Generated_Source\PSoC5/isr_1.c **** 
  78:.\Generated_Source\PSoC5/isr_1.c **** 
  79:.\Generated_Source\PSoC5/isr_1.c **** /*******************************************************************************
  80:.\Generated_Source\PSoC5/isr_1.c **** * Function Name: isr_1_StartEx
  81:.\Generated_Source\PSoC5/isr_1.c **** ********************************************************************************
  82:.\Generated_Source\PSoC5/isr_1.c **** *
  83:.\Generated_Source\PSoC5/isr_1.c **** * Summary:
  84:.\Generated_Source\PSoC5/isr_1.c **** *  Sets up the interrupt and enables it. This function disables the interrupt,
  85:.\Generated_Source\PSoC5/isr_1.c **** *  sets the interrupt vector based on the address passed in, sets the priority 
  86:.\Generated_Source\PSoC5/isr_1.c **** *  from the value in the Design Wide Resources Interrupt Editor, then enables 
  87:.\Generated_Source\PSoC5/isr_1.c **** *  the interrupt to the interrupt controller.
  88:.\Generated_Source\PSoC5/isr_1.c **** *  
ARM GAS  C:\Users\CHENGY~1\AppData\Local\Temp\ccQSaPpb.s 			page 3


  89:.\Generated_Source\PSoC5/isr_1.c **** *  When defining ISR functions, the CY_ISR and CY_ISR_PROTO macros should be 
  90:.\Generated_Source\PSoC5/isr_1.c **** *  used to provide consistent definition across compilers:
  91:.\Generated_Source\PSoC5/isr_1.c **** *  
  92:.\Generated_Source\PSoC5/isr_1.c **** *  Function definition example:
  93:.\Generated_Source\PSoC5/isr_1.c **** *   CY_ISR(MyISR)
  94:.\Generated_Source\PSoC5/isr_1.c **** *   {
  95:.\Generated_Source\PSoC5/isr_1.c **** *   }
  96:.\Generated_Source\PSoC5/isr_1.c **** *   Function prototype example:
  97:.\Generated_Source\PSoC5/isr_1.c **** *   CY_ISR_PROTO(MyISR);
  98:.\Generated_Source\PSoC5/isr_1.c **** *
  99:.\Generated_Source\PSoC5/isr_1.c **** * Parameters:  
 100:.\Generated_Source\PSoC5/isr_1.c **** *   address: Address of the ISR to set in the interrupt vector table.
 101:.\Generated_Source\PSoC5/isr_1.c **** *
 102:.\Generated_Source\PSoC5/isr_1.c **** * Return:
 103:.\Generated_Source\PSoC5/isr_1.c **** *   None
 104:.\Generated_Source\PSoC5/isr_1.c **** *
 105:.\Generated_Source\PSoC5/isr_1.c **** *******************************************************************************/
 106:.\Generated_Source\PSoC5/isr_1.c **** void isr_1_StartEx(cyisraddress address)
 107:.\Generated_Source\PSoC5/isr_1.c **** {
 108:.\Generated_Source\PSoC5/isr_1.c ****     /* For all we know the interrupt is active. */
 109:.\Generated_Source\PSoC5/isr_1.c ****     isr_1_Disable();
 110:.\Generated_Source\PSoC5/isr_1.c **** 
 111:.\Generated_Source\PSoC5/isr_1.c ****     /* Set the ISR to point to the isr_1 Interrupt. */
 112:.\Generated_Source\PSoC5/isr_1.c ****     isr_1_SetVector(address);
 113:.\Generated_Source\PSoC5/isr_1.c **** 
 114:.\Generated_Source\PSoC5/isr_1.c ****     /* Set the priority. */
 115:.\Generated_Source\PSoC5/isr_1.c ****     isr_1_SetPriority((uint8)isr_1_INTC_PRIOR_NUMBER);
 116:.\Generated_Source\PSoC5/isr_1.c **** 
 117:.\Generated_Source\PSoC5/isr_1.c ****     /* Enable it. */
 118:.\Generated_Source\PSoC5/isr_1.c ****     isr_1_Enable();
 119:.\Generated_Source\PSoC5/isr_1.c **** }
 120:.\Generated_Source\PSoC5/isr_1.c **** 
 121:.\Generated_Source\PSoC5/isr_1.c **** 
 122:.\Generated_Source\PSoC5/isr_1.c **** /*******************************************************************************
 123:.\Generated_Source\PSoC5/isr_1.c **** * Function Name: isr_1_Stop
 124:.\Generated_Source\PSoC5/isr_1.c **** ********************************************************************************
 125:.\Generated_Source\PSoC5/isr_1.c **** *
 126:.\Generated_Source\PSoC5/isr_1.c **** * Summary:
 127:.\Generated_Source\PSoC5/isr_1.c **** *   Disables and removes the interrupt.
 128:.\Generated_Source\PSoC5/isr_1.c **** *
 129:.\Generated_Source\PSoC5/isr_1.c **** * Parameters:  
 130:.\Generated_Source\PSoC5/isr_1.c **** *   None
 131:.\Generated_Source\PSoC5/isr_1.c **** *
 132:.\Generated_Source\PSoC5/isr_1.c **** * Return:
 133:.\Generated_Source\PSoC5/isr_1.c **** *   None
 134:.\Generated_Source\PSoC5/isr_1.c **** *
 135:.\Generated_Source\PSoC5/isr_1.c **** *******************************************************************************/
 136:.\Generated_Source\PSoC5/isr_1.c **** void isr_1_Stop(void)
 137:.\Generated_Source\PSoC5/isr_1.c **** {
 138:.\Generated_Source\PSoC5/isr_1.c ****     /* Disable this interrupt. */
 139:.\Generated_Source\PSoC5/isr_1.c ****     isr_1_Disable();
 140:.\Generated_Source\PSoC5/isr_1.c **** 
 141:.\Generated_Source\PSoC5/isr_1.c ****     /* Set the ISR to point to the passive one. */
 142:.\Generated_Source\PSoC5/isr_1.c ****     isr_1_SetVector(&IntDefaultHandler);
 143:.\Generated_Source\PSoC5/isr_1.c **** }
 144:.\Generated_Source\PSoC5/isr_1.c **** 
 145:.\Generated_Source\PSoC5/isr_1.c **** 
ARM GAS  C:\Users\CHENGY~1\AppData\Local\Temp\ccQSaPpb.s 			page 4


 146:.\Generated_Source\PSoC5/isr_1.c **** /*******************************************************************************
 147:.\Generated_Source\PSoC5/isr_1.c **** * Function Name: isr_1_Interrupt
 148:.\Generated_Source\PSoC5/isr_1.c **** ********************************************************************************
 149:.\Generated_Source\PSoC5/isr_1.c **** *
 150:.\Generated_Source\PSoC5/isr_1.c **** * Summary:
 151:.\Generated_Source\PSoC5/isr_1.c **** *   The default Interrupt Service Routine for isr_1.
 152:.\Generated_Source\PSoC5/isr_1.c **** *
 153:.\Generated_Source\PSoC5/isr_1.c **** *   Add custom code between the coments to keep the next version of this file
 154:.\Generated_Source\PSoC5/isr_1.c **** *   from over writting your code.
 155:.\Generated_Source\PSoC5/isr_1.c **** *
 156:.\Generated_Source\PSoC5/isr_1.c **** * Parameters:  
 157:.\Generated_Source\PSoC5/isr_1.c **** *
 158:.\Generated_Source\PSoC5/isr_1.c **** * Return:
 159:.\Generated_Source\PSoC5/isr_1.c **** *   None
 160:.\Generated_Source\PSoC5/isr_1.c **** *
 161:.\Generated_Source\PSoC5/isr_1.c **** *******************************************************************************/
 162:.\Generated_Source\PSoC5/isr_1.c **** 
 163:.\Generated_Source\PSoC5/isr_1.c **** 
 164:.\Generated_Source\PSoC5/isr_1.c **** 
 165:.\Generated_Source\PSoC5/isr_1.c **** /*******************************************************************************
 166:.\Generated_Source\PSoC5/isr_1.c **** * Function Name: isr_1_SetVector
 167:.\Generated_Source\PSoC5/isr_1.c **** ********************************************************************************
 168:.\Generated_Source\PSoC5/isr_1.c **** *
 169:.\Generated_Source\PSoC5/isr_1.c **** * Summary:
 170:.\Generated_Source\PSoC5/isr_1.c **** *   Change the ISR vector for the Interrupt. Note calling isr_1_Start
 171:.\Generated_Source\PSoC5/isr_1.c **** *   will override any effect this method would have had. To set the vector 
 172:.\Generated_Source\PSoC5/isr_1.c **** *   before the component has been started use isr_1_StartEx instead.
 173:.\Generated_Source\PSoC5/isr_1.c **** * 
 174:.\Generated_Source\PSoC5/isr_1.c **** *   When defining ISR functions, the CY_ISR and CY_ISR_PROTO macros should be 
 175:.\Generated_Source\PSoC5/isr_1.c **** *   used to provide consistent definition across compilers:
 176:.\Generated_Source\PSoC5/isr_1.c **** *
 177:.\Generated_Source\PSoC5/isr_1.c **** *   Function definition example:
 178:.\Generated_Source\PSoC5/isr_1.c **** *   CY_ISR(MyISR)
 179:.\Generated_Source\PSoC5/isr_1.c **** *   {
 180:.\Generated_Source\PSoC5/isr_1.c **** *   }
 181:.\Generated_Source\PSoC5/isr_1.c **** *
 182:.\Generated_Source\PSoC5/isr_1.c **** *   Function prototype example:
 183:.\Generated_Source\PSoC5/isr_1.c **** *     CY_ISR_PROTO(MyISR);
 184:.\Generated_Source\PSoC5/isr_1.c **** *
 185:.\Generated_Source\PSoC5/isr_1.c **** * Parameters:
 186:.\Generated_Source\PSoC5/isr_1.c **** *   address: Address of the ISR to set in the interrupt vector table.
 187:.\Generated_Source\PSoC5/isr_1.c **** *
 188:.\Generated_Source\PSoC5/isr_1.c **** * Return:
 189:.\Generated_Source\PSoC5/isr_1.c **** *   None
 190:.\Generated_Source\PSoC5/isr_1.c **** *
 191:.\Generated_Source\PSoC5/isr_1.c **** *******************************************************************************/
 192:.\Generated_Source\PSoC5/isr_1.c **** void isr_1_SetVector(cyisraddress address)
 193:.\Generated_Source\PSoC5/isr_1.c **** {
  27              		.loc 1 193 0
  28              		.cfi_startproc
  29              		@ args = 0, pretend = 0, frame = 0
  30              		@ frame_needed = 0, uses_anonymous_args = 0
  31              		@ link register save eliminated.
  32              	.LVL0:
 194:.\Generated_Source\PSoC5/isr_1.c ****     cyisraddress * ramVectorTable;
 195:.\Generated_Source\PSoC5/isr_1.c **** 
 196:.\Generated_Source\PSoC5/isr_1.c ****     ramVectorTable = (cyisraddress *) *CYINT_VECT_TABLE;
ARM GAS  C:\Users\CHENGY~1\AppData\Local\Temp\ccQSaPpb.s 			page 5


  33              		.loc 1 196 0
  34 0000 014B     		ldr	r3, .L2
  35 0002 1B68     		ldr	r3, [r3]
  36              	.LVL1:
 197:.\Generated_Source\PSoC5/isr_1.c **** 
 198:.\Generated_Source\PSoC5/isr_1.c ****     ramVectorTable[CYINT_IRQ_BASE + (uint32)isr_1__INTC_NUMBER] = address;
  37              		.loc 1 198 0
  38 0004 1864     		str	r0, [r3, #64]
  39 0006 7047     		bx	lr
  40              	.L3:
  41              		.align	2
  42              	.L2:
  43 0008 08ED00E0 		.word	-536810232
  44              		.cfi_endproc
  45              	.LFE3:
  46              		.size	isr_1_SetVector, .-isr_1_SetVector
  47              		.section	.text.isr_1_GetVector,"ax",%progbits
  48              		.align	2
  49              		.global	isr_1_GetVector
  50              		.thumb
  51              		.thumb_func
  52              		.type	isr_1_GetVector, %function
  53              	isr_1_GetVector:
  54              	.LFB4:
 199:.\Generated_Source\PSoC5/isr_1.c **** }
 200:.\Generated_Source\PSoC5/isr_1.c **** 
 201:.\Generated_Source\PSoC5/isr_1.c **** 
 202:.\Generated_Source\PSoC5/isr_1.c **** /*******************************************************************************
 203:.\Generated_Source\PSoC5/isr_1.c **** * Function Name: isr_1_GetVector
 204:.\Generated_Source\PSoC5/isr_1.c **** ********************************************************************************
 205:.\Generated_Source\PSoC5/isr_1.c **** *
 206:.\Generated_Source\PSoC5/isr_1.c **** * Summary:
 207:.\Generated_Source\PSoC5/isr_1.c **** *   Gets the "address" of the current ISR vector for the Interrupt.
 208:.\Generated_Source\PSoC5/isr_1.c **** *
 209:.\Generated_Source\PSoC5/isr_1.c **** * Parameters:
 210:.\Generated_Source\PSoC5/isr_1.c **** *   None
 211:.\Generated_Source\PSoC5/isr_1.c **** *
 212:.\Generated_Source\PSoC5/isr_1.c **** * Return:
 213:.\Generated_Source\PSoC5/isr_1.c **** *   Address of the ISR in the interrupt vector table.
 214:.\Generated_Source\PSoC5/isr_1.c **** *
 215:.\Generated_Source\PSoC5/isr_1.c **** *******************************************************************************/
 216:.\Generated_Source\PSoC5/isr_1.c **** cyisraddress isr_1_GetVector(void)
 217:.\Generated_Source\PSoC5/isr_1.c **** {
  55              		.loc 1 217 0
  56              		.cfi_startproc
  57              		@ args = 0, pretend = 0, frame = 0
  58              		@ frame_needed = 0, uses_anonymous_args = 0
  59              		@ link register save eliminated.
 218:.\Generated_Source\PSoC5/isr_1.c ****     cyisraddress * ramVectorTable;
 219:.\Generated_Source\PSoC5/isr_1.c **** 
 220:.\Generated_Source\PSoC5/isr_1.c ****     ramVectorTable = (cyisraddress *) *CYINT_VECT_TABLE;
  60              		.loc 1 220 0
  61 0000 014B     		ldr	r3, .L5
  62 0002 1B68     		ldr	r3, [r3]
  63              	.LVL2:
 221:.\Generated_Source\PSoC5/isr_1.c **** 
 222:.\Generated_Source\PSoC5/isr_1.c ****     return ramVectorTable[CYINT_IRQ_BASE + (uint32)isr_1__INTC_NUMBER];
ARM GAS  C:\Users\CHENGY~1\AppData\Local\Temp\ccQSaPpb.s 			page 6


 223:.\Generated_Source\PSoC5/isr_1.c **** }
  64              		.loc 1 223 0
  65 0004 186C     		ldr	r0, [r3, #64]
  66 0006 7047     		bx	lr
  67              	.L6:
  68              		.align	2
  69              	.L5:
  70 0008 08ED00E0 		.word	-536810232
  71              		.cfi_endproc
  72              	.LFE4:
  73              		.size	isr_1_GetVector, .-isr_1_GetVector
  74              		.section	.text.isr_1_SetPriority,"ax",%progbits
  75              		.align	2
  76              		.global	isr_1_SetPriority
  77              		.thumb
  78              		.thumb_func
  79              		.type	isr_1_SetPriority, %function
  80              	isr_1_SetPriority:
  81              	.LFB5:
 224:.\Generated_Source\PSoC5/isr_1.c **** 
 225:.\Generated_Source\PSoC5/isr_1.c **** 
 226:.\Generated_Source\PSoC5/isr_1.c **** /*******************************************************************************
 227:.\Generated_Source\PSoC5/isr_1.c **** * Function Name: isr_1_SetPriority
 228:.\Generated_Source\PSoC5/isr_1.c **** ********************************************************************************
 229:.\Generated_Source\PSoC5/isr_1.c **** *
 230:.\Generated_Source\PSoC5/isr_1.c **** * Summary:
 231:.\Generated_Source\PSoC5/isr_1.c **** *   Sets the Priority of the Interrupt. 
 232:.\Generated_Source\PSoC5/isr_1.c **** *
 233:.\Generated_Source\PSoC5/isr_1.c **** *   Note calling isr_1_Start or isr_1_StartEx will 
 234:.\Generated_Source\PSoC5/isr_1.c **** *   override any effect this API would have had. This API should only be called
 235:.\Generated_Source\PSoC5/isr_1.c **** *   after isr_1_Start or isr_1_StartEx has been called. 
 236:.\Generated_Source\PSoC5/isr_1.c **** *   To set the initial priority for the component, use the Design-Wide Resources
 237:.\Generated_Source\PSoC5/isr_1.c **** *   Interrupt Editor.
 238:.\Generated_Source\PSoC5/isr_1.c **** *
 239:.\Generated_Source\PSoC5/isr_1.c **** *   Note This API has no effect on Non-maskable interrupt NMI).
 240:.\Generated_Source\PSoC5/isr_1.c **** *
 241:.\Generated_Source\PSoC5/isr_1.c **** * Parameters:
 242:.\Generated_Source\PSoC5/isr_1.c **** *   priority: Priority of the interrupt, 0 being the highest priority
 243:.\Generated_Source\PSoC5/isr_1.c **** *             PSoC 3 and PSoC 5LP: Priority is from 0 to 7.
 244:.\Generated_Source\PSoC5/isr_1.c **** *             PSoC 4: Priority is from 0 to 3.
 245:.\Generated_Source\PSoC5/isr_1.c **** *
 246:.\Generated_Source\PSoC5/isr_1.c **** * Return:
 247:.\Generated_Source\PSoC5/isr_1.c **** *   None
 248:.\Generated_Source\PSoC5/isr_1.c **** *
 249:.\Generated_Source\PSoC5/isr_1.c **** *******************************************************************************/
 250:.\Generated_Source\PSoC5/isr_1.c **** void isr_1_SetPriority(uint8 priority)
 251:.\Generated_Source\PSoC5/isr_1.c **** {
  82              		.loc 1 251 0
  83              		.cfi_startproc
  84              		@ args = 0, pretend = 0, frame = 0
  85              		@ frame_needed = 0, uses_anonymous_args = 0
  86              		@ link register save eliminated.
  87              	.LVL3:
 252:.\Generated_Source\PSoC5/isr_1.c ****     *isr_1_INTC_PRIOR = priority << 5;
  88              		.loc 1 252 0
  89 0000 4001     		lsls	r0, r0, #5
  90              	.LVL4:
ARM GAS  C:\Users\CHENGY~1\AppData\Local\Temp\ccQSaPpb.s 			page 7


  91 0002 C0B2     		uxtb	r0, r0
  92 0004 014B     		ldr	r3, .L8
  93 0006 1870     		strb	r0, [r3]
  94 0008 7047     		bx	lr
  95              	.L9:
  96 000a 00BF     		.align	2
  97              	.L8:
  98 000c 00E400E0 		.word	-536812544
  99              		.cfi_endproc
 100              	.LFE5:
 101              		.size	isr_1_SetPriority, .-isr_1_SetPriority
 102              		.section	.text.isr_1_GetPriority,"ax",%progbits
 103              		.align	2
 104              		.global	isr_1_GetPriority
 105              		.thumb
 106              		.thumb_func
 107              		.type	isr_1_GetPriority, %function
 108              	isr_1_GetPriority:
 109              	.LFB6:
 253:.\Generated_Source\PSoC5/isr_1.c **** }
 254:.\Generated_Source\PSoC5/isr_1.c **** 
 255:.\Generated_Source\PSoC5/isr_1.c **** 
 256:.\Generated_Source\PSoC5/isr_1.c **** /*******************************************************************************
 257:.\Generated_Source\PSoC5/isr_1.c **** * Function Name: isr_1_GetPriority
 258:.\Generated_Source\PSoC5/isr_1.c **** ********************************************************************************
 259:.\Generated_Source\PSoC5/isr_1.c **** *
 260:.\Generated_Source\PSoC5/isr_1.c **** * Summary:
 261:.\Generated_Source\PSoC5/isr_1.c **** *   Gets the Priority of the Interrupt.
 262:.\Generated_Source\PSoC5/isr_1.c **** *
 263:.\Generated_Source\PSoC5/isr_1.c **** * Parameters:
 264:.\Generated_Source\PSoC5/isr_1.c **** *   None
 265:.\Generated_Source\PSoC5/isr_1.c **** *
 266:.\Generated_Source\PSoC5/isr_1.c **** * Return:
 267:.\Generated_Source\PSoC5/isr_1.c **** *   Priority of the interrupt, 0 being the highest priority
 268:.\Generated_Source\PSoC5/isr_1.c **** *    PSoC 3 and PSoC 5LP: Priority is from 0 to 7.
 269:.\Generated_Source\PSoC5/isr_1.c **** *    PSoC 4: Priority is from 0 to 3.
 270:.\Generated_Source\PSoC5/isr_1.c **** *
 271:.\Generated_Source\PSoC5/isr_1.c **** *******************************************************************************/
 272:.\Generated_Source\PSoC5/isr_1.c **** uint8 isr_1_GetPriority(void)
 273:.\Generated_Source\PSoC5/isr_1.c **** {
 110              		.loc 1 273 0
 111              		.cfi_startproc
 112              		@ args = 0, pretend = 0, frame = 0
 113              		@ frame_needed = 0, uses_anonymous_args = 0
 114              		@ link register save eliminated.
 274:.\Generated_Source\PSoC5/isr_1.c ****     uint8 priority;
 275:.\Generated_Source\PSoC5/isr_1.c **** 
 276:.\Generated_Source\PSoC5/isr_1.c **** 
 277:.\Generated_Source\PSoC5/isr_1.c ****     priority = *isr_1_INTC_PRIOR >> 5;
 115              		.loc 1 277 0
 116 0000 014B     		ldr	r3, .L11
 117 0002 1878     		ldrb	r0, [r3]	@ zero_extendqisi2
 118              	.LVL5:
 278:.\Generated_Source\PSoC5/isr_1.c **** 
 279:.\Generated_Source\PSoC5/isr_1.c ****     return priority;
 280:.\Generated_Source\PSoC5/isr_1.c **** }
 119              		.loc 1 280 0
ARM GAS  C:\Users\CHENGY~1\AppData\Local\Temp\ccQSaPpb.s 			page 8


 120 0004 4009     		lsrs	r0, r0, #5
 121              	.LVL6:
 122 0006 7047     		bx	lr
 123              	.L12:
 124              		.align	2
 125              	.L11:
 126 0008 00E400E0 		.word	-536812544
 127              		.cfi_endproc
 128              	.LFE6:
 129              		.size	isr_1_GetPriority, .-isr_1_GetPriority
 130              		.section	.text.isr_1_Enable,"ax",%progbits
 131              		.align	2
 132              		.global	isr_1_Enable
 133              		.thumb
 134              		.thumb_func
 135              		.type	isr_1_Enable, %function
 136              	isr_1_Enable:
 137              	.LFB7:
 281:.\Generated_Source\PSoC5/isr_1.c **** 
 282:.\Generated_Source\PSoC5/isr_1.c **** 
 283:.\Generated_Source\PSoC5/isr_1.c **** /*******************************************************************************
 284:.\Generated_Source\PSoC5/isr_1.c **** * Function Name: isr_1_Enable
 285:.\Generated_Source\PSoC5/isr_1.c **** ********************************************************************************
 286:.\Generated_Source\PSoC5/isr_1.c **** *
 287:.\Generated_Source\PSoC5/isr_1.c **** * Summary:
 288:.\Generated_Source\PSoC5/isr_1.c **** *   Enables the interrupt to the interrupt controller. Do not call this function
 289:.\Generated_Source\PSoC5/isr_1.c **** *   unless ISR_Start() has been called or the functionality of the ISR_Start() 
 290:.\Generated_Source\PSoC5/isr_1.c **** *   function, which sets the vector and the priority, has been called.
 291:.\Generated_Source\PSoC5/isr_1.c **** *
 292:.\Generated_Source\PSoC5/isr_1.c **** * Parameters:
 293:.\Generated_Source\PSoC5/isr_1.c **** *   None
 294:.\Generated_Source\PSoC5/isr_1.c **** *
 295:.\Generated_Source\PSoC5/isr_1.c **** * Return:
 296:.\Generated_Source\PSoC5/isr_1.c **** *   None
 297:.\Generated_Source\PSoC5/isr_1.c **** *
 298:.\Generated_Source\PSoC5/isr_1.c **** *******************************************************************************/
 299:.\Generated_Source\PSoC5/isr_1.c **** void isr_1_Enable(void)
 300:.\Generated_Source\PSoC5/isr_1.c **** {
 138              		.loc 1 300 0
 139              		.cfi_startproc
 140              		@ args = 0, pretend = 0, frame = 0
 141              		@ frame_needed = 0, uses_anonymous_args = 0
 142              		@ link register save eliminated.
 301:.\Generated_Source\PSoC5/isr_1.c ****     /* Enable the general interrupt. */
 302:.\Generated_Source\PSoC5/isr_1.c ****     *isr_1_INTC_SET_EN = isr_1__INTC_MASK;
 143              		.loc 1 302 0
 144 0000 0122     		movs	r2, #1
 145 0002 014B     		ldr	r3, .L14
 146 0004 1A60     		str	r2, [r3]
 147 0006 7047     		bx	lr
 148              	.L15:
 149              		.align	2
 150              	.L14:
 151 0008 00E100E0 		.word	-536813312
 152              		.cfi_endproc
 153              	.LFE7:
 154              		.size	isr_1_Enable, .-isr_1_Enable
ARM GAS  C:\Users\CHENGY~1\AppData\Local\Temp\ccQSaPpb.s 			page 9


 155              		.section	.text.isr_1_GetState,"ax",%progbits
 156              		.align	2
 157              		.global	isr_1_GetState
 158              		.thumb
 159              		.thumb_func
 160              		.type	isr_1_GetState, %function
 161              	isr_1_GetState:
 162              	.LFB8:
 303:.\Generated_Source\PSoC5/isr_1.c **** }
 304:.\Generated_Source\PSoC5/isr_1.c **** 
 305:.\Generated_Source\PSoC5/isr_1.c **** 
 306:.\Generated_Source\PSoC5/isr_1.c **** /*******************************************************************************
 307:.\Generated_Source\PSoC5/isr_1.c **** * Function Name: isr_1_GetState
 308:.\Generated_Source\PSoC5/isr_1.c **** ********************************************************************************
 309:.\Generated_Source\PSoC5/isr_1.c **** *
 310:.\Generated_Source\PSoC5/isr_1.c **** * Summary:
 311:.\Generated_Source\PSoC5/isr_1.c **** *   Gets the state (enabled, disabled) of the Interrupt.
 312:.\Generated_Source\PSoC5/isr_1.c **** *
 313:.\Generated_Source\PSoC5/isr_1.c **** * Parameters:
 314:.\Generated_Source\PSoC5/isr_1.c **** *   None
 315:.\Generated_Source\PSoC5/isr_1.c **** *
 316:.\Generated_Source\PSoC5/isr_1.c **** * Return:
 317:.\Generated_Source\PSoC5/isr_1.c **** *   1 if enabled, 0 if disabled.
 318:.\Generated_Source\PSoC5/isr_1.c **** *
 319:.\Generated_Source\PSoC5/isr_1.c **** *******************************************************************************/
 320:.\Generated_Source\PSoC5/isr_1.c **** uint8 isr_1_GetState(void)
 321:.\Generated_Source\PSoC5/isr_1.c **** {
 163              		.loc 1 321 0
 164              		.cfi_startproc
 165              		@ args = 0, pretend = 0, frame = 0
 166              		@ frame_needed = 0, uses_anonymous_args = 0
 167              		@ link register save eliminated.
 322:.\Generated_Source\PSoC5/isr_1.c ****     /* Get the state of the general interrupt. */
 323:.\Generated_Source\PSoC5/isr_1.c ****     return ((*isr_1_INTC_SET_EN & (uint32)isr_1__INTC_MASK) != 0u) ? 1u:0u;
 168              		.loc 1 323 0
 169 0000 024B     		ldr	r3, .L17
 170 0002 1868     		ldr	r0, [r3]
 324:.\Generated_Source\PSoC5/isr_1.c **** }
 171              		.loc 1 324 0
 172 0004 00F00100 		and	r0, r0, #1
 173 0008 7047     		bx	lr
 174              	.L18:
 175 000a 00BF     		.align	2
 176              	.L17:
 177 000c 00E100E0 		.word	-536813312
 178              		.cfi_endproc
 179              	.LFE8:
 180              		.size	isr_1_GetState, .-isr_1_GetState
 181              		.section	.text.isr_1_Disable,"ax",%progbits
 182              		.align	2
 183              		.global	isr_1_Disable
 184              		.thumb
 185              		.thumb_func
 186              		.type	isr_1_Disable, %function
 187              	isr_1_Disable:
 188              	.LFB9:
 325:.\Generated_Source\PSoC5/isr_1.c **** 
ARM GAS  C:\Users\CHENGY~1\AppData\Local\Temp\ccQSaPpb.s 			page 10


 326:.\Generated_Source\PSoC5/isr_1.c **** 
 327:.\Generated_Source\PSoC5/isr_1.c **** /*******************************************************************************
 328:.\Generated_Source\PSoC5/isr_1.c **** * Function Name: isr_1_Disable
 329:.\Generated_Source\PSoC5/isr_1.c **** ********************************************************************************
 330:.\Generated_Source\PSoC5/isr_1.c **** *
 331:.\Generated_Source\PSoC5/isr_1.c **** * Summary:
 332:.\Generated_Source\PSoC5/isr_1.c **** *   Disables the Interrupt in the interrupt controller.
 333:.\Generated_Source\PSoC5/isr_1.c **** *
 334:.\Generated_Source\PSoC5/isr_1.c **** * Parameters:
 335:.\Generated_Source\PSoC5/isr_1.c **** *   None
 336:.\Generated_Source\PSoC5/isr_1.c **** *
 337:.\Generated_Source\PSoC5/isr_1.c **** * Return:
 338:.\Generated_Source\PSoC5/isr_1.c **** *   None
 339:.\Generated_Source\PSoC5/isr_1.c **** *
 340:.\Generated_Source\PSoC5/isr_1.c **** *******************************************************************************/
 341:.\Generated_Source\PSoC5/isr_1.c **** void isr_1_Disable(void)
 342:.\Generated_Source\PSoC5/isr_1.c **** {
 189              		.loc 1 342 0
 190              		.cfi_startproc
 191              		@ args = 0, pretend = 0, frame = 0
 192              		@ frame_needed = 0, uses_anonymous_args = 0
 193              		@ link register save eliminated.
 343:.\Generated_Source\PSoC5/isr_1.c ****     /* Disable the general interrupt. */
 344:.\Generated_Source\PSoC5/isr_1.c ****     *isr_1_INTC_CLR_EN = isr_1__INTC_MASK;
 194              		.loc 1 344 0
 195 0000 0122     		movs	r2, #1
 196 0002 014B     		ldr	r3, .L20
 197 0004 1A60     		str	r2, [r3]
 198 0006 7047     		bx	lr
 199              	.L21:
 200              		.align	2
 201              	.L20:
 202 0008 80E100E0 		.word	-536813184
 203              		.cfi_endproc
 204              	.LFE9:
 205              		.size	isr_1_Disable, .-isr_1_Disable
 206              		.section	.text.isr_1_Start,"ax",%progbits
 207              		.align	2
 208              		.global	isr_1_Start
 209              		.thumb
 210              		.thumb_func
 211              		.type	isr_1_Start, %function
 212              	isr_1_Start:
 213              	.LFB0:
  64:.\Generated_Source\PSoC5/isr_1.c ****     /* For all we know the interrupt is active. */
 214              		.loc 1 64 0
 215              		.cfi_startproc
 216              		@ args = 0, pretend = 0, frame = 0
 217              		@ frame_needed = 0, uses_anonymous_args = 0
 218 0000 08B5     		push	{r3, lr}
 219              		.cfi_def_cfa_offset 8
 220              		.cfi_offset 3, -8
 221              		.cfi_offset 14, -4
  66:.\Generated_Source\PSoC5/isr_1.c **** 
 222              		.loc 1 66 0
 223 0002 FFF7FEFF 		bl	isr_1_Disable
 224              	.LVL7:
ARM GAS  C:\Users\CHENGY~1\AppData\Local\Temp\ccQSaPpb.s 			page 11


  69:.\Generated_Source\PSoC5/isr_1.c **** 
 225              		.loc 1 69 0
 226 0006 0448     		ldr	r0, .L24
 227 0008 FFF7FEFF 		bl	isr_1_SetVector
 228              	.LVL8:
  72:.\Generated_Source\PSoC5/isr_1.c **** 
 229              		.loc 1 72 0
 230 000c 0720     		movs	r0, #7
 231 000e FFF7FEFF 		bl	isr_1_SetPriority
 232              	.LVL9:
  75:.\Generated_Source\PSoC5/isr_1.c **** }
 233              		.loc 1 75 0
 234 0012 FFF7FEFF 		bl	isr_1_Enable
 235              	.LVL10:
 236 0016 08BD     		pop	{r3, pc}
 237              	.L25:
 238              		.align	2
 239              	.L24:
 240 0018 00000000 		.word	isr_1_Interrupt
 241              		.cfi_endproc
 242              	.LFE0:
 243              		.size	isr_1_Start, .-isr_1_Start
 244              		.section	.text.isr_1_StartEx,"ax",%progbits
 245              		.align	2
 246              		.global	isr_1_StartEx
 247              		.thumb
 248              		.thumb_func
 249              		.type	isr_1_StartEx, %function
 250              	isr_1_StartEx:
 251              	.LFB1:
 107:.\Generated_Source\PSoC5/isr_1.c ****     /* For all we know the interrupt is active. */
 252              		.loc 1 107 0
 253              		.cfi_startproc
 254              		@ args = 0, pretend = 0, frame = 0
 255              		@ frame_needed = 0, uses_anonymous_args = 0
 256              	.LVL11:
 257 0000 10B5     		push	{r4, lr}
 258              		.cfi_def_cfa_offset 8
 259              		.cfi_offset 4, -8
 260              		.cfi_offset 14, -4
 261 0002 0446     		mov	r4, r0
 109:.\Generated_Source\PSoC5/isr_1.c **** 
 262              		.loc 1 109 0
 263 0004 FFF7FEFF 		bl	isr_1_Disable
 264              	.LVL12:
 112:.\Generated_Source\PSoC5/isr_1.c **** 
 265              		.loc 1 112 0
 266 0008 2046     		mov	r0, r4
 267 000a FFF7FEFF 		bl	isr_1_SetVector
 268              	.LVL13:
 115:.\Generated_Source\PSoC5/isr_1.c **** 
 269              		.loc 1 115 0
 270 000e 0720     		movs	r0, #7
 271 0010 FFF7FEFF 		bl	isr_1_SetPriority
 272              	.LVL14:
 118:.\Generated_Source\PSoC5/isr_1.c **** }
 273              		.loc 1 118 0
ARM GAS  C:\Users\CHENGY~1\AppData\Local\Temp\ccQSaPpb.s 			page 12


 274 0014 FFF7FEFF 		bl	isr_1_Enable
 275              	.LVL15:
 276 0018 10BD     		pop	{r4, pc}
 277              		.cfi_endproc
 278              	.LFE1:
 279              		.size	isr_1_StartEx, .-isr_1_StartEx
 280 001a 00BF     		.section	.text.isr_1_Stop,"ax",%progbits
 281              		.align	2
 282              		.global	isr_1_Stop
 283              		.thumb
 284              		.thumb_func
 285              		.type	isr_1_Stop, %function
 286              	isr_1_Stop:
 287              	.LFB2:
 137:.\Generated_Source\PSoC5/isr_1.c ****     /* Disable this interrupt. */
 288              		.loc 1 137 0
 289              		.cfi_startproc
 290              		@ args = 0, pretend = 0, frame = 0
 291              		@ frame_needed = 0, uses_anonymous_args = 0
 292 0000 08B5     		push	{r3, lr}
 293              		.cfi_def_cfa_offset 8
 294              		.cfi_offset 3, -8
 295              		.cfi_offset 14, -4
 139:.\Generated_Source\PSoC5/isr_1.c **** 
 296              		.loc 1 139 0
 297 0002 FFF7FEFF 		bl	isr_1_Disable
 298              	.LVL16:
 142:.\Generated_Source\PSoC5/isr_1.c **** }
 299              		.loc 1 142 0
 300 0006 0248     		ldr	r0, .L30
 301 0008 FFF7FEFF 		bl	isr_1_SetVector
 302              	.LVL17:
 303 000c 08BD     		pop	{r3, pc}
 304              	.L31:
 305 000e 00BF     		.align	2
 306              	.L30:
 307 0010 00000000 		.word	IntDefaultHandler
 308              		.cfi_endproc
 309              	.LFE2:
 310              		.size	isr_1_Stop, .-isr_1_Stop
 311              		.section	.text.isr_1_SetPending,"ax",%progbits
 312              		.align	2
 313              		.global	isr_1_SetPending
 314              		.thumb
 315              		.thumb_func
 316              		.type	isr_1_SetPending, %function
 317              	isr_1_SetPending:
 318              	.LFB10:
 345:.\Generated_Source\PSoC5/isr_1.c **** }
 346:.\Generated_Source\PSoC5/isr_1.c **** 
 347:.\Generated_Source\PSoC5/isr_1.c **** 
 348:.\Generated_Source\PSoC5/isr_1.c **** /*******************************************************************************
 349:.\Generated_Source\PSoC5/isr_1.c **** * Function Name: isr_1_SetPending
 350:.\Generated_Source\PSoC5/isr_1.c **** ********************************************************************************
 351:.\Generated_Source\PSoC5/isr_1.c **** *
 352:.\Generated_Source\PSoC5/isr_1.c **** * Summary:
 353:.\Generated_Source\PSoC5/isr_1.c **** *   Causes the Interrupt to enter the pending state, a software method of
ARM GAS  C:\Users\CHENGY~1\AppData\Local\Temp\ccQSaPpb.s 			page 13


 354:.\Generated_Source\PSoC5/isr_1.c **** *   generating the interrupt.
 355:.\Generated_Source\PSoC5/isr_1.c **** *
 356:.\Generated_Source\PSoC5/isr_1.c **** * Parameters:
 357:.\Generated_Source\PSoC5/isr_1.c **** *   None
 358:.\Generated_Source\PSoC5/isr_1.c **** *
 359:.\Generated_Source\PSoC5/isr_1.c **** * Return:
 360:.\Generated_Source\PSoC5/isr_1.c **** *   None
 361:.\Generated_Source\PSoC5/isr_1.c **** *
 362:.\Generated_Source\PSoC5/isr_1.c **** * Side Effects:
 363:.\Generated_Source\PSoC5/isr_1.c **** *   If interrupts are enabled and the interrupt is set up properly, the ISR is
 364:.\Generated_Source\PSoC5/isr_1.c **** *   entered (depending on the priority of this interrupt and other pending 
 365:.\Generated_Source\PSoC5/isr_1.c **** *   interrupts).
 366:.\Generated_Source\PSoC5/isr_1.c **** *
 367:.\Generated_Source\PSoC5/isr_1.c **** *******************************************************************************/
 368:.\Generated_Source\PSoC5/isr_1.c **** void isr_1_SetPending(void)
 369:.\Generated_Source\PSoC5/isr_1.c **** {
 319              		.loc 1 369 0
 320              		.cfi_startproc
 321              		@ args = 0, pretend = 0, frame = 0
 322              		@ frame_needed = 0, uses_anonymous_args = 0
 323              		@ link register save eliminated.
 370:.\Generated_Source\PSoC5/isr_1.c ****     *isr_1_INTC_SET_PD = isr_1__INTC_MASK;
 324              		.loc 1 370 0
 325 0000 0122     		movs	r2, #1
 326 0002 014B     		ldr	r3, .L33
 327 0004 1A60     		str	r2, [r3]
 328 0006 7047     		bx	lr
 329              	.L34:
 330              		.align	2
 331              	.L33:
 332 0008 00E200E0 		.word	-536813056
 333              		.cfi_endproc
 334              	.LFE10:
 335              		.size	isr_1_SetPending, .-isr_1_SetPending
 336              		.section	.text.isr_1_ClearPending,"ax",%progbits
 337              		.align	2
 338              		.global	isr_1_ClearPending
 339              		.thumb
 340              		.thumb_func
 341              		.type	isr_1_ClearPending, %function
 342              	isr_1_ClearPending:
 343              	.LFB11:
 371:.\Generated_Source\PSoC5/isr_1.c **** }
 372:.\Generated_Source\PSoC5/isr_1.c **** 
 373:.\Generated_Source\PSoC5/isr_1.c **** 
 374:.\Generated_Source\PSoC5/isr_1.c **** /*******************************************************************************
 375:.\Generated_Source\PSoC5/isr_1.c **** * Function Name: isr_1_ClearPending
 376:.\Generated_Source\PSoC5/isr_1.c **** ********************************************************************************
 377:.\Generated_Source\PSoC5/isr_1.c **** *
 378:.\Generated_Source\PSoC5/isr_1.c **** * Summary:
 379:.\Generated_Source\PSoC5/isr_1.c **** *   Clears a pending interrupt in the interrupt controller.
 380:.\Generated_Source\PSoC5/isr_1.c **** *
 381:.\Generated_Source\PSoC5/isr_1.c **** *   Note Some interrupt sources are clear-on-read and require the block 
 382:.\Generated_Source\PSoC5/isr_1.c **** *   interrupt/status register to be read/cleared with the appropriate block API 
 383:.\Generated_Source\PSoC5/isr_1.c **** *   (GPIO, UART, and so on). Otherwise the ISR will continue to remain in 
 384:.\Generated_Source\PSoC5/isr_1.c **** *   pending state even though the interrupt itself is cleared using this API.
 385:.\Generated_Source\PSoC5/isr_1.c **** *
ARM GAS  C:\Users\CHENGY~1\AppData\Local\Temp\ccQSaPpb.s 			page 14


 386:.\Generated_Source\PSoC5/isr_1.c **** * Parameters:
 387:.\Generated_Source\PSoC5/isr_1.c **** *   None
 388:.\Generated_Source\PSoC5/isr_1.c **** *
 389:.\Generated_Source\PSoC5/isr_1.c **** * Return:
 390:.\Generated_Source\PSoC5/isr_1.c **** *   None
 391:.\Generated_Source\PSoC5/isr_1.c **** *
 392:.\Generated_Source\PSoC5/isr_1.c **** *******************************************************************************/
 393:.\Generated_Source\PSoC5/isr_1.c **** void isr_1_ClearPending(void)
 394:.\Generated_Source\PSoC5/isr_1.c **** {
 344              		.loc 1 394 0
 345              		.cfi_startproc
 346              		@ args = 0, pretend = 0, frame = 0
 347              		@ frame_needed = 0, uses_anonymous_args = 0
 348              		@ link register save eliminated.
 395:.\Generated_Source\PSoC5/isr_1.c ****     *isr_1_INTC_CLR_PD = isr_1__INTC_MASK;
 349              		.loc 1 395 0
 350 0000 0122     		movs	r2, #1
 351 0002 014B     		ldr	r3, .L36
 352 0004 1A60     		str	r2, [r3]
 353 0006 7047     		bx	lr
 354              	.L37:
 355              		.align	2
 356              	.L36:
 357 0008 80E200E0 		.word	-536812928
 358              		.cfi_endproc
 359              	.LFE11:
 360              		.size	isr_1_ClearPending, .-isr_1_ClearPending
 361              		.text
 362              	.Letext0:
 363              		.file 2 "Generated_Source\\PSoC5/cytypes.h"
 364              		.section	.debug_info,"",%progbits
 365              	.Ldebug_info0:
 366 0000 A4020000 		.4byte	0x2a4
 367 0004 0400     		.2byte	0x4
 368 0006 00000000 		.4byte	.Ldebug_abbrev0
 369 000a 04       		.byte	0x4
 370 000b 01       		.uleb128 0x1
 371 000c FE000000 		.4byte	.LASF32
 372 0010 01       		.byte	0x1
 373 0011 39000000 		.4byte	.LASF33
 374 0015 C5010000 		.4byte	.LASF34
 375 0019 00000000 		.4byte	.Ldebug_ranges0+0
 376 001d 00000000 		.4byte	0
 377 0021 00000000 		.4byte	.Ldebug_line0
 378 0025 02       		.uleb128 0x2
 379 0026 04       		.byte	0x4
 380 0027 05       		.byte	0x5
 381 0028 696E7400 		.ascii	"int\000"
 382 002c 03       		.uleb128 0x3
 383 002d 04       		.byte	0x4
 384 002e 07       		.byte	0x7
 385 002f 8C010000 		.4byte	.LASF0
 386 0033 03       		.uleb128 0x3
 387 0034 01       		.byte	0x1
 388 0035 06       		.byte	0x6
 389 0036 59020000 		.4byte	.LASF1
 390 003a 03       		.uleb128 0x3
ARM GAS  C:\Users\CHENGY~1\AppData\Local\Temp\ccQSaPpb.s 			page 15


 391 003b 01       		.byte	0x1
 392 003c 08       		.byte	0x8
 393 003d AA000000 		.4byte	.LASF2
 394 0041 03       		.uleb128 0x3
 395 0042 02       		.byte	0x2
 396 0043 05       		.byte	0x5
 397 0044 36020000 		.4byte	.LASF3
 398 0048 03       		.uleb128 0x3
 399 0049 02       		.byte	0x2
 400 004a 07       		.byte	0x7
 401 004b 7F000000 		.4byte	.LASF4
 402 004f 03       		.uleb128 0x3
 403 0050 04       		.byte	0x4
 404 0051 05       		.byte	0x5
 405 0052 50020000 		.4byte	.LASF5
 406 0056 03       		.uleb128 0x3
 407 0057 04       		.byte	0x4
 408 0058 07       		.byte	0x7
 409 0059 BD000000 		.4byte	.LASF6
 410 005d 03       		.uleb128 0x3
 411 005e 08       		.byte	0x8
 412 005f 05       		.byte	0x5
 413 0060 07020000 		.4byte	.LASF7
 414 0064 03       		.uleb128 0x3
 415 0065 08       		.byte	0x8
 416 0066 07       		.byte	0x7
 417 0067 A1010000 		.4byte	.LASF8
 418 006b 03       		.uleb128 0x3
 419 006c 04       		.byte	0x4
 420 006d 07       		.byte	0x7
 421 006e FE010000 		.4byte	.LASF9
 422 0072 04       		.uleb128 0x4
 423 0073 04       		.byte	0x4
 424 0074 78000000 		.4byte	0x78
 425 0078 05       		.uleb128 0x5
 426 0079 03       		.uleb128 0x3
 427 007a 01       		.byte	0x1
 428 007b 08       		.byte	0x8
 429 007c 22020000 		.4byte	.LASF10
 430 0080 06       		.uleb128 0x6
 431 0081 CF000000 		.4byte	.LASF11
 432 0085 02       		.byte	0x2
 433 0086 C2       		.byte	0xc2
 434 0087 3A000000 		.4byte	0x3a
 435 008b 06       		.uleb128 0x6
 436 008c F7000000 		.4byte	.LASF12
 437 0090 02       		.byte	0x2
 438 0091 C4       		.byte	0xc4
 439 0092 56000000 		.4byte	0x56
 440 0096 03       		.uleb128 0x3
 441 0097 04       		.byte	0x4
 442 0098 04       		.byte	0x4
 443 0099 A4000000 		.4byte	.LASF13
 444 009d 03       		.uleb128 0x3
 445 009e 08       		.byte	0x8
 446 009f 04       		.byte	0x4
 447 00a0 DE000000 		.4byte	.LASF14
ARM GAS  C:\Users\CHENGY~1\AppData\Local\Temp\ccQSaPpb.s 			page 16


 448 00a4 07       		.uleb128 0x7
 449 00a5 B8000000 		.4byte	.LASF15
 450 00a9 02       		.byte	0x2
 451 00aa 6C01     		.2byte	0x16c
 452 00ac B0000000 		.4byte	0xb0
 453 00b0 08       		.uleb128 0x8
 454 00b1 80000000 		.4byte	0x80
 455 00b5 07       		.uleb128 0x7
 456 00b6 13000000 		.4byte	.LASF16
 457 00ba 02       		.byte	0x2
 458 00bb 6E01     		.2byte	0x16e
 459 00bd C1000000 		.4byte	0xc1
 460 00c1 08       		.uleb128 0x8
 461 00c2 8B000000 		.4byte	0x8b
 462 00c6 07       		.uleb128 0x7
 463 00c7 B8010000 		.4byte	.LASF17
 464 00cb 02       		.byte	0x2
 465 00cc 7E01     		.2byte	0x17e
 466 00ce 72000000 		.4byte	0x72
 467 00d2 09       		.uleb128 0x9
 468 00d3 73020000 		.4byte	.LASF19
 469 00d7 01       		.byte	0x1
 470 00d8 C0       		.byte	0xc0
 471 00d9 00000000 		.4byte	.LFB3
 472 00dd 0C000000 		.4byte	.LFE3-.LFB3
 473 00e1 01       		.uleb128 0x1
 474 00e2 9C       		.byte	0x9c
 475 00e3 02010000 		.4byte	0x102
 476 00e7 0A       		.uleb128 0xa
 477 00e8 99010000 		.4byte	.LASF21
 478 00ec 01       		.byte	0x1
 479 00ed C0       		.byte	0xc0
 480 00ee C6000000 		.4byte	0xc6
 481 00f2 01       		.uleb128 0x1
 482 00f3 50       		.byte	0x50
 483 00f4 0B       		.uleb128 0xb
 484 00f5 27020000 		.4byte	.LASF18
 485 00f9 01       		.byte	0x1
 486 00fa C2       		.byte	0xc2
 487 00fb 02010000 		.4byte	0x102
 488 00ff 01       		.uleb128 0x1
 489 0100 53       		.byte	0x53
 490 0101 00       		.byte	0
 491 0102 04       		.uleb128 0x4
 492 0103 04       		.byte	0x4
 493 0104 C6000000 		.4byte	0xc6
 494 0108 0C       		.uleb128 0xc
 495 0109 40020000 		.4byte	.LASF23
 496 010d 01       		.byte	0x1
 497 010e D8       		.byte	0xd8
 498 010f C6000000 		.4byte	0xc6
 499 0113 00000000 		.4byte	.LFB4
 500 0117 0C000000 		.4byte	.LFE4-.LFB4
 501 011b 01       		.uleb128 0x1
 502 011c 9C       		.byte	0x9c
 503 011d 2F010000 		.4byte	0x12f
 504 0121 0B       		.uleb128 0xb
ARM GAS  C:\Users\CHENGY~1\AppData\Local\Temp\ccQSaPpb.s 			page 17


 505 0122 27020000 		.4byte	.LASF18
 506 0126 01       		.byte	0x1
 507 0127 DA       		.byte	0xda
 508 0128 02010000 		.4byte	0x102
 509 012c 01       		.uleb128 0x1
 510 012d 53       		.byte	0x53
 511 012e 00       		.byte	0
 512 012f 09       		.uleb128 0x9
 513 0130 E5000000 		.4byte	.LASF20
 514 0134 01       		.byte	0x1
 515 0135 FA       		.byte	0xfa
 516 0136 00000000 		.4byte	.LFB5
 517 013a 10000000 		.4byte	.LFE5-.LFB5
 518 013e 01       		.uleb128 0x1
 519 013f 9C       		.byte	0x9c
 520 0140 54010000 		.4byte	0x154
 521 0144 0D       		.uleb128 0xd
 522 0145 D5000000 		.4byte	.LASF22
 523 0149 01       		.byte	0x1
 524 014a FA       		.byte	0xfa
 525 014b 80000000 		.4byte	0x80
 526 014f 00000000 		.4byte	.LLST0
 527 0153 00       		.byte	0
 528 0154 0E       		.uleb128 0xe
 529 0155 92000000 		.4byte	.LASF24
 530 0159 01       		.byte	0x1
 531 015a 1001     		.2byte	0x110
 532 015c 80000000 		.4byte	0x80
 533 0160 00000000 		.4byte	.LFB6
 534 0164 0C000000 		.4byte	.LFE6-.LFB6
 535 0168 01       		.uleb128 0x1
 536 0169 9C       		.byte	0x9c
 537 016a 7F010000 		.4byte	0x17f
 538 016e 0F       		.uleb128 0xf
 539 016f D5000000 		.4byte	.LASF22
 540 0173 01       		.byte	0x1
 541 0174 1201     		.2byte	0x112
 542 0176 80000000 		.4byte	0x80
 543 017a 21000000 		.4byte	.LLST1
 544 017e 00       		.byte	0
 545 017f 10       		.uleb128 0x10
 546 0180 15020000 		.4byte	.LASF25
 547 0184 01       		.byte	0x1
 548 0185 2B01     		.2byte	0x12b
 549 0187 00000000 		.4byte	.LFB7
 550 018b 0C000000 		.4byte	.LFE7-.LFB7
 551 018f 01       		.uleb128 0x1
 552 0190 9C       		.byte	0x9c
 553 0191 11       		.uleb128 0x11
 554 0192 2A000000 		.4byte	.LASF35
 555 0196 01       		.byte	0x1
 556 0197 4001     		.2byte	0x140
 557 0199 80000000 		.4byte	0x80
 558 019d 00000000 		.4byte	.LFB8
 559 01a1 10000000 		.4byte	.LFE8-.LFB8
 560 01a5 01       		.uleb128 0x1
 561 01a6 9C       		.byte	0x9c
ARM GAS  C:\Users\CHENGY~1\AppData\Local\Temp\ccQSaPpb.s 			page 18


 562 01a7 10       		.uleb128 0x10
 563 01a8 5A000000 		.4byte	.LASF26
 564 01ac 01       		.byte	0x1
 565 01ad 5501     		.2byte	0x155
 566 01af 00000000 		.4byte	.LFB9
 567 01b3 0C000000 		.4byte	.LFE9-.LFB9
 568 01b7 01       		.uleb128 0x1
 569 01b8 9C       		.byte	0x9c
 570 01b9 09       		.uleb128 0x9
 571 01ba 73000000 		.4byte	.LASF27
 572 01be 01       		.byte	0x1
 573 01bf 3F       		.byte	0x3f
 574 01c0 00000000 		.4byte	.LFB0
 575 01c4 1C000000 		.4byte	.LFE0-.LFB0
 576 01c8 01       		.uleb128 0x1
 577 01c9 9C       		.byte	0x9c
 578 01ca FD010000 		.4byte	0x1fd
 579 01ce 12       		.uleb128 0x12
 580 01cf 06000000 		.4byte	.LVL7
 581 01d3 A7010000 		.4byte	0x1a7
 582 01d7 12       		.uleb128 0x12
 583 01d8 0C000000 		.4byte	.LVL8
 584 01dc D2000000 		.4byte	0xd2
 585 01e0 13       		.uleb128 0x13
 586 01e1 12000000 		.4byte	.LVL9
 587 01e5 2F010000 		.4byte	0x12f
 588 01e9 F3010000 		.4byte	0x1f3
 589 01ed 14       		.uleb128 0x14
 590 01ee 01       		.uleb128 0x1
 591 01ef 50       		.byte	0x50
 592 01f0 01       		.uleb128 0x1
 593 01f1 37       		.byte	0x37
 594 01f2 00       		.byte	0
 595 01f3 12       		.uleb128 0x12
 596 01f4 16000000 		.4byte	.LVL10
 597 01f8 7F010000 		.4byte	0x17f
 598 01fc 00       		.byte	0
 599 01fd 09       		.uleb128 0x9
 600 01fe 65020000 		.4byte	.LASF28
 601 0202 01       		.byte	0x1
 602 0203 6A       		.byte	0x6a
 603 0204 00000000 		.4byte	.LFB1
 604 0208 1A000000 		.4byte	.LFE1-.LFB1
 605 020c 01       		.uleb128 0x1
 606 020d 9C       		.byte	0x9c
 607 020e 5B020000 		.4byte	0x25b
 608 0212 0D       		.uleb128 0xd
 609 0213 99010000 		.4byte	.LASF21
 610 0217 01       		.byte	0x1
 611 0218 6A       		.byte	0x6a
 612 0219 C6000000 		.4byte	0xc6
 613 021d 38000000 		.4byte	.LLST2
 614 0221 12       		.uleb128 0x12
 615 0222 08000000 		.4byte	.LVL12
 616 0226 A7010000 		.4byte	0x1a7
 617 022a 13       		.uleb128 0x13
 618 022b 0E000000 		.4byte	.LVL13
ARM GAS  C:\Users\CHENGY~1\AppData\Local\Temp\ccQSaPpb.s 			page 19


 619 022f D2000000 		.4byte	0xd2
 620 0233 3E020000 		.4byte	0x23e
 621 0237 14       		.uleb128 0x14
 622 0238 01       		.uleb128 0x1
 623 0239 50       		.byte	0x50
 624 023a 02       		.uleb128 0x2
 625 023b 74       		.byte	0x74
 626 023c 00       		.sleb128 0
 627 023d 00       		.byte	0
 628 023e 13       		.uleb128 0x13
 629 023f 14000000 		.4byte	.LVL14
 630 0243 2F010000 		.4byte	0x12f
 631 0247 51020000 		.4byte	0x251
 632 024b 14       		.uleb128 0x14
 633 024c 01       		.uleb128 0x1
 634 024d 50       		.byte	0x50
 635 024e 01       		.uleb128 0x1
 636 024f 37       		.byte	0x37
 637 0250 00       		.byte	0
 638 0251 12       		.uleb128 0x12
 639 0252 18000000 		.4byte	.LVL15
 640 0256 7F010000 		.4byte	0x17f
 641 025a 00       		.byte	0
 642 025b 09       		.uleb128 0x9
 643 025c 68000000 		.4byte	.LASF29
 644 0260 01       		.byte	0x1
 645 0261 88       		.byte	0x88
 646 0262 00000000 		.4byte	.LFB2
 647 0266 14000000 		.4byte	.LFE2-.LFB2
 648 026a 01       		.uleb128 0x1
 649 026b 9C       		.byte	0x9c
 650 026c 83020000 		.4byte	0x283
 651 0270 12       		.uleb128 0x12
 652 0271 06000000 		.4byte	.LVL16
 653 0275 A7010000 		.4byte	0x1a7
 654 0279 12       		.uleb128 0x12
 655 027a 0C000000 		.4byte	.LVL17
 656 027e D2000000 		.4byte	0xd2
 657 0282 00       		.byte	0
 658 0283 10       		.uleb128 0x10
 659 0284 19000000 		.4byte	.LASF30
 660 0288 01       		.byte	0x1
 661 0289 7001     		.2byte	0x170
 662 028b 00000000 		.4byte	.LFB10
 663 028f 0C000000 		.4byte	.LFE10-.LFB10
 664 0293 01       		.uleb128 0x1
 665 0294 9C       		.byte	0x9c
 666 0295 10       		.uleb128 0x10
 667 0296 00000000 		.4byte	.LASF31
 668 029a 01       		.byte	0x1
 669 029b 8901     		.2byte	0x189
 670 029d 00000000 		.4byte	.LFB11
 671 02a1 0C000000 		.4byte	.LFE11-.LFB11
 672 02a5 01       		.uleb128 0x1
 673 02a6 9C       		.byte	0x9c
 674 02a7 00       		.byte	0
 675              		.section	.debug_abbrev,"",%progbits
ARM GAS  C:\Users\CHENGY~1\AppData\Local\Temp\ccQSaPpb.s 			page 20


 676              	.Ldebug_abbrev0:
 677 0000 01       		.uleb128 0x1
 678 0001 11       		.uleb128 0x11
 679 0002 01       		.byte	0x1
 680 0003 25       		.uleb128 0x25
 681 0004 0E       		.uleb128 0xe
 682 0005 13       		.uleb128 0x13
 683 0006 0B       		.uleb128 0xb
 684 0007 03       		.uleb128 0x3
 685 0008 0E       		.uleb128 0xe
 686 0009 1B       		.uleb128 0x1b
 687 000a 0E       		.uleb128 0xe
 688 000b 55       		.uleb128 0x55
 689 000c 17       		.uleb128 0x17
 690 000d 11       		.uleb128 0x11
 691 000e 01       		.uleb128 0x1
 692 000f 10       		.uleb128 0x10
 693 0010 17       		.uleb128 0x17
 694 0011 00       		.byte	0
 695 0012 00       		.byte	0
 696 0013 02       		.uleb128 0x2
 697 0014 24       		.uleb128 0x24
 698 0015 00       		.byte	0
 699 0016 0B       		.uleb128 0xb
 700 0017 0B       		.uleb128 0xb
 701 0018 3E       		.uleb128 0x3e
 702 0019 0B       		.uleb128 0xb
 703 001a 03       		.uleb128 0x3
 704 001b 08       		.uleb128 0x8
 705 001c 00       		.byte	0
 706 001d 00       		.byte	0
 707 001e 03       		.uleb128 0x3
 708 001f 24       		.uleb128 0x24
 709 0020 00       		.byte	0
 710 0021 0B       		.uleb128 0xb
 711 0022 0B       		.uleb128 0xb
 712 0023 3E       		.uleb128 0x3e
 713 0024 0B       		.uleb128 0xb
 714 0025 03       		.uleb128 0x3
 715 0026 0E       		.uleb128 0xe
 716 0027 00       		.byte	0
 717 0028 00       		.byte	0
 718 0029 04       		.uleb128 0x4
 719 002a 0F       		.uleb128 0xf
 720 002b 00       		.byte	0
 721 002c 0B       		.uleb128 0xb
 722 002d 0B       		.uleb128 0xb
 723 002e 49       		.uleb128 0x49
 724 002f 13       		.uleb128 0x13
 725 0030 00       		.byte	0
 726 0031 00       		.byte	0
 727 0032 05       		.uleb128 0x5
 728 0033 15       		.uleb128 0x15
 729 0034 00       		.byte	0
 730 0035 27       		.uleb128 0x27
 731 0036 19       		.uleb128 0x19
 732 0037 00       		.byte	0
ARM GAS  C:\Users\CHENGY~1\AppData\Local\Temp\ccQSaPpb.s 			page 21


 733 0038 00       		.byte	0
 734 0039 06       		.uleb128 0x6
 735 003a 16       		.uleb128 0x16
 736 003b 00       		.byte	0
 737 003c 03       		.uleb128 0x3
 738 003d 0E       		.uleb128 0xe
 739 003e 3A       		.uleb128 0x3a
 740 003f 0B       		.uleb128 0xb
 741 0040 3B       		.uleb128 0x3b
 742 0041 0B       		.uleb128 0xb
 743 0042 49       		.uleb128 0x49
 744 0043 13       		.uleb128 0x13
 745 0044 00       		.byte	0
 746 0045 00       		.byte	0
 747 0046 07       		.uleb128 0x7
 748 0047 16       		.uleb128 0x16
 749 0048 00       		.byte	0
 750 0049 03       		.uleb128 0x3
 751 004a 0E       		.uleb128 0xe
 752 004b 3A       		.uleb128 0x3a
 753 004c 0B       		.uleb128 0xb
 754 004d 3B       		.uleb128 0x3b
 755 004e 05       		.uleb128 0x5
 756 004f 49       		.uleb128 0x49
 757 0050 13       		.uleb128 0x13
 758 0051 00       		.byte	0
 759 0052 00       		.byte	0
 760 0053 08       		.uleb128 0x8
 761 0054 35       		.uleb128 0x35
 762 0055 00       		.byte	0
 763 0056 49       		.uleb128 0x49
 764 0057 13       		.uleb128 0x13
 765 0058 00       		.byte	0
 766 0059 00       		.byte	0
 767 005a 09       		.uleb128 0x9
 768 005b 2E       		.uleb128 0x2e
 769 005c 01       		.byte	0x1
 770 005d 3F       		.uleb128 0x3f
 771 005e 19       		.uleb128 0x19
 772 005f 03       		.uleb128 0x3
 773 0060 0E       		.uleb128 0xe
 774 0061 3A       		.uleb128 0x3a
 775 0062 0B       		.uleb128 0xb
 776 0063 3B       		.uleb128 0x3b
 777 0064 0B       		.uleb128 0xb
 778 0065 27       		.uleb128 0x27
 779 0066 19       		.uleb128 0x19
 780 0067 11       		.uleb128 0x11
 781 0068 01       		.uleb128 0x1
 782 0069 12       		.uleb128 0x12
 783 006a 06       		.uleb128 0x6
 784 006b 40       		.uleb128 0x40
 785 006c 18       		.uleb128 0x18
 786 006d 9742     		.uleb128 0x2117
 787 006f 19       		.uleb128 0x19
 788 0070 01       		.uleb128 0x1
 789 0071 13       		.uleb128 0x13
ARM GAS  C:\Users\CHENGY~1\AppData\Local\Temp\ccQSaPpb.s 			page 22


 790 0072 00       		.byte	0
 791 0073 00       		.byte	0
 792 0074 0A       		.uleb128 0xa
 793 0075 05       		.uleb128 0x5
 794 0076 00       		.byte	0
 795 0077 03       		.uleb128 0x3
 796 0078 0E       		.uleb128 0xe
 797 0079 3A       		.uleb128 0x3a
 798 007a 0B       		.uleb128 0xb
 799 007b 3B       		.uleb128 0x3b
 800 007c 0B       		.uleb128 0xb
 801 007d 49       		.uleb128 0x49
 802 007e 13       		.uleb128 0x13
 803 007f 02       		.uleb128 0x2
 804 0080 18       		.uleb128 0x18
 805 0081 00       		.byte	0
 806 0082 00       		.byte	0
 807 0083 0B       		.uleb128 0xb
 808 0084 34       		.uleb128 0x34
 809 0085 00       		.byte	0
 810 0086 03       		.uleb128 0x3
 811 0087 0E       		.uleb128 0xe
 812 0088 3A       		.uleb128 0x3a
 813 0089 0B       		.uleb128 0xb
 814 008a 3B       		.uleb128 0x3b
 815 008b 0B       		.uleb128 0xb
 816 008c 49       		.uleb128 0x49
 817 008d 13       		.uleb128 0x13
 818 008e 02       		.uleb128 0x2
 819 008f 18       		.uleb128 0x18
 820 0090 00       		.byte	0
 821 0091 00       		.byte	0
 822 0092 0C       		.uleb128 0xc
 823 0093 2E       		.uleb128 0x2e
 824 0094 01       		.byte	0x1
 825 0095 3F       		.uleb128 0x3f
 826 0096 19       		.uleb128 0x19
 827 0097 03       		.uleb128 0x3
 828 0098 0E       		.uleb128 0xe
 829 0099 3A       		.uleb128 0x3a
 830 009a 0B       		.uleb128 0xb
 831 009b 3B       		.uleb128 0x3b
 832 009c 0B       		.uleb128 0xb
 833 009d 27       		.uleb128 0x27
 834 009e 19       		.uleb128 0x19
 835 009f 49       		.uleb128 0x49
 836 00a0 13       		.uleb128 0x13
 837 00a1 11       		.uleb128 0x11
 838 00a2 01       		.uleb128 0x1
 839 00a3 12       		.uleb128 0x12
 840 00a4 06       		.uleb128 0x6
 841 00a5 40       		.uleb128 0x40
 842 00a6 18       		.uleb128 0x18
 843 00a7 9742     		.uleb128 0x2117
 844 00a9 19       		.uleb128 0x19
 845 00aa 01       		.uleb128 0x1
 846 00ab 13       		.uleb128 0x13
ARM GAS  C:\Users\CHENGY~1\AppData\Local\Temp\ccQSaPpb.s 			page 23


 847 00ac 00       		.byte	0
 848 00ad 00       		.byte	0
 849 00ae 0D       		.uleb128 0xd
 850 00af 05       		.uleb128 0x5
 851 00b0 00       		.byte	0
 852 00b1 03       		.uleb128 0x3
 853 00b2 0E       		.uleb128 0xe
 854 00b3 3A       		.uleb128 0x3a
 855 00b4 0B       		.uleb128 0xb
 856 00b5 3B       		.uleb128 0x3b
 857 00b6 0B       		.uleb128 0xb
 858 00b7 49       		.uleb128 0x49
 859 00b8 13       		.uleb128 0x13
 860 00b9 02       		.uleb128 0x2
 861 00ba 17       		.uleb128 0x17
 862 00bb 00       		.byte	0
 863 00bc 00       		.byte	0
 864 00bd 0E       		.uleb128 0xe
 865 00be 2E       		.uleb128 0x2e
 866 00bf 01       		.byte	0x1
 867 00c0 3F       		.uleb128 0x3f
 868 00c1 19       		.uleb128 0x19
 869 00c2 03       		.uleb128 0x3
 870 00c3 0E       		.uleb128 0xe
 871 00c4 3A       		.uleb128 0x3a
 872 00c5 0B       		.uleb128 0xb
 873 00c6 3B       		.uleb128 0x3b
 874 00c7 05       		.uleb128 0x5
 875 00c8 27       		.uleb128 0x27
 876 00c9 19       		.uleb128 0x19
 877 00ca 49       		.uleb128 0x49
 878 00cb 13       		.uleb128 0x13
 879 00cc 11       		.uleb128 0x11
 880 00cd 01       		.uleb128 0x1
 881 00ce 12       		.uleb128 0x12
 882 00cf 06       		.uleb128 0x6
 883 00d0 40       		.uleb128 0x40
 884 00d1 18       		.uleb128 0x18
 885 00d2 9742     		.uleb128 0x2117
 886 00d4 19       		.uleb128 0x19
 887 00d5 01       		.uleb128 0x1
 888 00d6 13       		.uleb128 0x13
 889 00d7 00       		.byte	0
 890 00d8 00       		.byte	0
 891 00d9 0F       		.uleb128 0xf
 892 00da 34       		.uleb128 0x34
 893 00db 00       		.byte	0
 894 00dc 03       		.uleb128 0x3
 895 00dd 0E       		.uleb128 0xe
 896 00de 3A       		.uleb128 0x3a
 897 00df 0B       		.uleb128 0xb
 898 00e0 3B       		.uleb128 0x3b
 899 00e1 05       		.uleb128 0x5
 900 00e2 49       		.uleb128 0x49
 901 00e3 13       		.uleb128 0x13
 902 00e4 02       		.uleb128 0x2
 903 00e5 17       		.uleb128 0x17
ARM GAS  C:\Users\CHENGY~1\AppData\Local\Temp\ccQSaPpb.s 			page 24


 904 00e6 00       		.byte	0
 905 00e7 00       		.byte	0
 906 00e8 10       		.uleb128 0x10
 907 00e9 2E       		.uleb128 0x2e
 908 00ea 00       		.byte	0
 909 00eb 3F       		.uleb128 0x3f
 910 00ec 19       		.uleb128 0x19
 911 00ed 03       		.uleb128 0x3
 912 00ee 0E       		.uleb128 0xe
 913 00ef 3A       		.uleb128 0x3a
 914 00f0 0B       		.uleb128 0xb
 915 00f1 3B       		.uleb128 0x3b
 916 00f2 05       		.uleb128 0x5
 917 00f3 27       		.uleb128 0x27
 918 00f4 19       		.uleb128 0x19
 919 00f5 11       		.uleb128 0x11
 920 00f6 01       		.uleb128 0x1
 921 00f7 12       		.uleb128 0x12
 922 00f8 06       		.uleb128 0x6
 923 00f9 40       		.uleb128 0x40
 924 00fa 18       		.uleb128 0x18
 925 00fb 9742     		.uleb128 0x2117
 926 00fd 19       		.uleb128 0x19
 927 00fe 00       		.byte	0
 928 00ff 00       		.byte	0
 929 0100 11       		.uleb128 0x11
 930 0101 2E       		.uleb128 0x2e
 931 0102 00       		.byte	0
 932 0103 3F       		.uleb128 0x3f
 933 0104 19       		.uleb128 0x19
 934 0105 03       		.uleb128 0x3
 935 0106 0E       		.uleb128 0xe
 936 0107 3A       		.uleb128 0x3a
 937 0108 0B       		.uleb128 0xb
 938 0109 3B       		.uleb128 0x3b
 939 010a 05       		.uleb128 0x5
 940 010b 27       		.uleb128 0x27
 941 010c 19       		.uleb128 0x19
 942 010d 49       		.uleb128 0x49
 943 010e 13       		.uleb128 0x13
 944 010f 11       		.uleb128 0x11
 945 0110 01       		.uleb128 0x1
 946 0111 12       		.uleb128 0x12
 947 0112 06       		.uleb128 0x6
 948 0113 40       		.uleb128 0x40
 949 0114 18       		.uleb128 0x18
 950 0115 9742     		.uleb128 0x2117
 951 0117 19       		.uleb128 0x19
 952 0118 00       		.byte	0
 953 0119 00       		.byte	0
 954 011a 12       		.uleb128 0x12
 955 011b 898201   		.uleb128 0x4109
 956 011e 00       		.byte	0
 957 011f 11       		.uleb128 0x11
 958 0120 01       		.uleb128 0x1
 959 0121 31       		.uleb128 0x31
 960 0122 13       		.uleb128 0x13
ARM GAS  C:\Users\CHENGY~1\AppData\Local\Temp\ccQSaPpb.s 			page 25


 961 0123 00       		.byte	0
 962 0124 00       		.byte	0
 963 0125 13       		.uleb128 0x13
 964 0126 898201   		.uleb128 0x4109
 965 0129 01       		.byte	0x1
 966 012a 11       		.uleb128 0x11
 967 012b 01       		.uleb128 0x1
 968 012c 31       		.uleb128 0x31
 969 012d 13       		.uleb128 0x13
 970 012e 01       		.uleb128 0x1
 971 012f 13       		.uleb128 0x13
 972 0130 00       		.byte	0
 973 0131 00       		.byte	0
 974 0132 14       		.uleb128 0x14
 975 0133 8A8201   		.uleb128 0x410a
 976 0136 00       		.byte	0
 977 0137 02       		.uleb128 0x2
 978 0138 18       		.uleb128 0x18
 979 0139 9142     		.uleb128 0x2111
 980 013b 18       		.uleb128 0x18
 981 013c 00       		.byte	0
 982 013d 00       		.byte	0
 983 013e 00       		.byte	0
 984              		.section	.debug_loc,"",%progbits
 985              	.Ldebug_loc0:
 986              	.LLST0:
 987 0000 00000000 		.4byte	.LVL3
 988 0004 02000000 		.4byte	.LVL4
 989 0008 0100     		.2byte	0x1
 990 000a 50       		.byte	0x50
 991 000b 02000000 		.4byte	.LVL4
 992 000f 10000000 		.4byte	.LFE5
 993 0013 0400     		.2byte	0x4
 994 0015 F3       		.byte	0xf3
 995 0016 01       		.uleb128 0x1
 996 0017 50       		.byte	0x50
 997 0018 9F       		.byte	0x9f
 998 0019 00000000 		.4byte	0
 999 001d 00000000 		.4byte	0
 1000              	.LLST1:
 1001 0021 04000000 		.4byte	.LVL5
 1002 0025 06000000 		.4byte	.LVL6
 1003 0029 0500     		.2byte	0x5
 1004 002b 70       		.byte	0x70
 1005 002c 00       		.sleb128 0
 1006 002d 35       		.byte	0x35
 1007 002e 25       		.byte	0x25
 1008 002f 9F       		.byte	0x9f
 1009 0030 00000000 		.4byte	0
 1010 0034 00000000 		.4byte	0
 1011              	.LLST2:
 1012 0038 00000000 		.4byte	.LVL11
 1013 003c 07000000 		.4byte	.LVL12-1
 1014 0040 0100     		.2byte	0x1
 1015 0042 50       		.byte	0x50
 1016 0043 07000000 		.4byte	.LVL12-1
 1017 0047 1A000000 		.4byte	.LFE1
ARM GAS  C:\Users\CHENGY~1\AppData\Local\Temp\ccQSaPpb.s 			page 26


 1018 004b 0100     		.2byte	0x1
 1019 004d 54       		.byte	0x54
 1020 004e 00000000 		.4byte	0
 1021 0052 00000000 		.4byte	0
 1022              		.section	.debug_aranges,"",%progbits
 1023 0000 74000000 		.4byte	0x74
 1024 0004 0200     		.2byte	0x2
 1025 0006 00000000 		.4byte	.Ldebug_info0
 1026 000a 04       		.byte	0x4
 1027 000b 00       		.byte	0
 1028 000c 0000     		.2byte	0
 1029 000e 0000     		.2byte	0
 1030 0010 00000000 		.4byte	.LFB3
 1031 0014 0C000000 		.4byte	.LFE3-.LFB3
 1032 0018 00000000 		.4byte	.LFB4
 1033 001c 0C000000 		.4byte	.LFE4-.LFB4
 1034 0020 00000000 		.4byte	.LFB5
 1035 0024 10000000 		.4byte	.LFE5-.LFB5
 1036 0028 00000000 		.4byte	.LFB6
 1037 002c 0C000000 		.4byte	.LFE6-.LFB6
 1038 0030 00000000 		.4byte	.LFB7
 1039 0034 0C000000 		.4byte	.LFE7-.LFB7
 1040 0038 00000000 		.4byte	.LFB8
 1041 003c 10000000 		.4byte	.LFE8-.LFB8
 1042 0040 00000000 		.4byte	.LFB9
 1043 0044 0C000000 		.4byte	.LFE9-.LFB9
 1044 0048 00000000 		.4byte	.LFB0
 1045 004c 1C000000 		.4byte	.LFE0-.LFB0
 1046 0050 00000000 		.4byte	.LFB1
 1047 0054 1A000000 		.4byte	.LFE1-.LFB1
 1048 0058 00000000 		.4byte	.LFB2
 1049 005c 14000000 		.4byte	.LFE2-.LFB2
 1050 0060 00000000 		.4byte	.LFB10
 1051 0064 0C000000 		.4byte	.LFE10-.LFB10
 1052 0068 00000000 		.4byte	.LFB11
 1053 006c 0C000000 		.4byte	.LFE11-.LFB11
 1054 0070 00000000 		.4byte	0
 1055 0074 00000000 		.4byte	0
 1056              		.section	.debug_ranges,"",%progbits
 1057              	.Ldebug_ranges0:
 1058 0000 00000000 		.4byte	.LFB3
 1059 0004 0C000000 		.4byte	.LFE3
 1060 0008 00000000 		.4byte	.LFB4
 1061 000c 0C000000 		.4byte	.LFE4
 1062 0010 00000000 		.4byte	.LFB5
 1063 0014 10000000 		.4byte	.LFE5
 1064 0018 00000000 		.4byte	.LFB6
 1065 001c 0C000000 		.4byte	.LFE6
 1066 0020 00000000 		.4byte	.LFB7
 1067 0024 0C000000 		.4byte	.LFE7
 1068 0028 00000000 		.4byte	.LFB8
 1069 002c 10000000 		.4byte	.LFE8
 1070 0030 00000000 		.4byte	.LFB9
 1071 0034 0C000000 		.4byte	.LFE9
 1072 0038 00000000 		.4byte	.LFB0
 1073 003c 1C000000 		.4byte	.LFE0
 1074 0040 00000000 		.4byte	.LFB1
ARM GAS  C:\Users\CHENGY~1\AppData\Local\Temp\ccQSaPpb.s 			page 27


 1075 0044 1A000000 		.4byte	.LFE1
 1076 0048 00000000 		.4byte	.LFB2
 1077 004c 14000000 		.4byte	.LFE2
 1078 0050 00000000 		.4byte	.LFB10
 1079 0054 0C000000 		.4byte	.LFE10
 1080 0058 00000000 		.4byte	.LFB11
 1081 005c 0C000000 		.4byte	.LFE11
 1082 0060 00000000 		.4byte	0
 1083 0064 00000000 		.4byte	0
 1084              		.section	.debug_line,"",%progbits
 1085              	.Ldebug_line0:
 1086 0000 37010000 		.section	.debug_str,"MS",%progbits,1
 1086      02005B00 
 1086      00000201 
 1086      FB0E0D00 
 1086      01010101 
 1087              	.LASF31:
 1088 0000 6973725F 		.ascii	"isr_1_ClearPending\000"
 1088      315F436C 
 1088      65617250 
 1088      656E6469 
 1088      6E6700
 1089              	.LASF16:
 1090 0013 72656733 		.ascii	"reg32\000"
 1090      3200
 1091              	.LASF30:
 1092 0019 6973725F 		.ascii	"isr_1_SetPending\000"
 1092      315F5365 
 1092      7450656E 
 1092      64696E67 
 1092      00
 1093              	.LASF35:
 1094 002a 6973725F 		.ascii	"isr_1_GetState\000"
 1094      315F4765 
 1094      74537461 
 1094      746500
 1095              	.LASF33:
 1096 0039 2E5C4765 		.ascii	".\\Generated_Source\\PSoC5\\isr_1.c\000"
 1096      6E657261 
 1096      7465645F 
 1096      536F7572 
 1096      63655C50 
 1097              	.LASF26:
 1098 005a 6973725F 		.ascii	"isr_1_Disable\000"
 1098      315F4469 
 1098      7361626C 
 1098      6500
 1099              	.LASF29:
 1100 0068 6973725F 		.ascii	"isr_1_Stop\000"
 1100      315F5374 
 1100      6F7000
 1101              	.LASF27:
 1102 0073 6973725F 		.ascii	"isr_1_Start\000"
 1102      315F5374 
 1102      61727400 
 1103              	.LASF4:
 1104 007f 73686F72 		.ascii	"short unsigned int\000"
ARM GAS  C:\Users\CHENGY~1\AppData\Local\Temp\ccQSaPpb.s 			page 28


 1104      7420756E 
 1104      7369676E 
 1104      65642069 
 1104      6E7400
 1105              	.LASF24:
 1106 0092 6973725F 		.ascii	"isr_1_GetPriority\000"
 1106      315F4765 
 1106      74507269 
 1106      6F726974 
 1106      7900
 1107              	.LASF13:
 1108 00a4 666C6F61 		.ascii	"float\000"
 1108      7400
 1109              	.LASF2:
 1110 00aa 756E7369 		.ascii	"unsigned char\000"
 1110      676E6564 
 1110      20636861 
 1110      7200
 1111              	.LASF15:
 1112 00b8 72656738 		.ascii	"reg8\000"
 1112      00
 1113              	.LASF6:
 1114 00bd 6C6F6E67 		.ascii	"long unsigned int\000"
 1114      20756E73 
 1114      69676E65 
 1114      6420696E 
 1114      7400
 1115              	.LASF11:
 1116 00cf 75696E74 		.ascii	"uint8\000"
 1116      3800
 1117              	.LASF22:
 1118 00d5 7072696F 		.ascii	"priority\000"
 1118      72697479 
 1118      00
 1119              	.LASF14:
 1120 00de 646F7562 		.ascii	"double\000"
 1120      6C6500
 1121              	.LASF20:
 1122 00e5 6973725F 		.ascii	"isr_1_SetPriority\000"
 1122      315F5365 
 1122      74507269 
 1122      6F726974 
 1122      7900
 1123              	.LASF12:
 1124 00f7 75696E74 		.ascii	"uint32\000"
 1124      333200
 1125              	.LASF32:
 1126 00fe 474E5520 		.ascii	"GNU C 4.9.3 20150303 (release) [ARM/embedded-4_9-br"
 1126      4320342E 
 1126      392E3320 
 1126      32303135 
 1126      30333033 
 1127 0131 616E6368 		.ascii	"anch revision 221220] -mcpu=cortex-m3 -mthumb -g -O"
 1127      20726576 
 1127      6973696F 
 1127      6E203232 
 1127      31323230 
ARM GAS  C:\Users\CHENGY~1\AppData\Local\Temp\ccQSaPpb.s 			page 29


 1128 0164 67202D66 		.ascii	"g -ffunction-sections -ffat-lto-objects\000"
 1128      66756E63 
 1128      74696F6E 
 1128      2D736563 
 1128      74696F6E 
 1129              	.LASF0:
 1130 018c 756E7369 		.ascii	"unsigned int\000"
 1130      676E6564 
 1130      20696E74 
 1130      00
 1131              	.LASF21:
 1132 0199 61646472 		.ascii	"address\000"
 1132      65737300 
 1133              	.LASF8:
 1134 01a1 6C6F6E67 		.ascii	"long long unsigned int\000"
 1134      206C6F6E 
 1134      6720756E 
 1134      7369676E 
 1134      65642069 
 1135              	.LASF17:
 1136 01b8 63796973 		.ascii	"cyisraddress\000"
 1136      72616464 
 1136      72657373 
 1136      00
 1137              	.LASF34:
 1138 01c5 433A5C55 		.ascii	"C:\\Users\\chengyang\\Desktop\\PSOC_CAN\\posoc\\Des"
 1138      73657273 
 1138      5C636865 
 1138      6E677961 
 1138      6E675C44 
 1139 01f2 69676E30 		.ascii	"ign01.cydsn\000"
 1139      312E6379 
 1139      64736E00 
 1140              	.LASF9:
 1141 01fe 73697A65 		.ascii	"sizetype\000"
 1141      74797065 
 1141      00
 1142              	.LASF7:
 1143 0207 6C6F6E67 		.ascii	"long long int\000"
 1143      206C6F6E 
 1143      6720696E 
 1143      7400
 1144              	.LASF25:
 1145 0215 6973725F 		.ascii	"isr_1_Enable\000"
 1145      315F456E 
 1145      61626C65 
 1145      00
 1146              	.LASF10:
 1147 0222 63686172 		.ascii	"char\000"
 1147      00
 1148              	.LASF18:
 1149 0227 72616D56 		.ascii	"ramVectorTable\000"
 1149      6563746F 
 1149      72546162 
 1149      6C6500
 1150              	.LASF3:
 1151 0236 73686F72 		.ascii	"short int\000"
ARM GAS  C:\Users\CHENGY~1\AppData\Local\Temp\ccQSaPpb.s 			page 30


 1151      7420696E 
 1151      7400
 1152              	.LASF23:
 1153 0240 6973725F 		.ascii	"isr_1_GetVector\000"
 1153      315F4765 
 1153      74566563 
 1153      746F7200 
 1154              	.LASF5:
 1155 0250 6C6F6E67 		.ascii	"long int\000"
 1155      20696E74 
 1155      00
 1156              	.LASF1:
 1157 0259 7369676E 		.ascii	"signed char\000"
 1157      65642063 
 1157      68617200 
 1158              	.LASF28:
 1159 0265 6973725F 		.ascii	"isr_1_StartEx\000"
 1159      315F5374 
 1159      61727445 
 1159      7800
 1160              	.LASF19:
 1161 0273 6973725F 		.ascii	"isr_1_SetVector\000"
 1161      315F5365 
 1161      74566563 
 1161      746F7200 
 1162              		.ident	"GCC: (GNU Tools for ARM Embedded Processors) 4.9.3 20150303 (release) [ARM/embedded-4_9-br
