ARM GAS  C:\Users\PANXIA~1\AppData\Local\Temp\ccsObbP9.s 			page 1


   1              		.syntax unified
   2              		.cpu cortex-m3
   3              		.fpu softvfp
   4              		.eabi_attribute 20, 1
   5              		.eabi_attribute 21, 1
   6              		.eabi_attribute 23, 3
   7              		.eabi_attribute 24, 1
   8              		.eabi_attribute 25, 1
   9              		.eabi_attribute 26, 1
  10              		.eabi_attribute 30, 1
  11              		.eabi_attribute 34, 1
  12              		.eabi_attribute 18, 4
  13              		.thumb
  14              		.file	"TLC5616.c"
  15              		.text
  16              	.Ltext0:
  17              		.cfi_sections	.debug_frame
  18              		.section	.text.Init_TLC5616,"ax",%progbits
  19              		.align	2
  20              		.global	Init_TLC5616
  21              		.thumb
  22              		.thumb_func
  23              		.type	Init_TLC5616, %function
  24              	Init_TLC5616:
  25              	.LFB63:
  26              		.file 1 ".\\TLC5616.c"
   1:.\TLC5616.c   **** /* ========================================
   2:.\TLC5616.c   ****  *
   3:.\TLC5616.c   ****  * Copyright YOUR COMPANY, THE YEAR
   4:.\TLC5616.c   ****  * All Rights Reserved
   5:.\TLC5616.c   ****  * UNPUBLISHED, LICENSED SOFTWARE.
   6:.\TLC5616.c   ****  *
   7:.\TLC5616.c   ****  * CONFIDENTIAL AND PROPRIETARY INFORMATION
   8:.\TLC5616.c   ****  * WHICH IS THE PROPERTY OF your company.
   9:.\TLC5616.c   ****  *
  10:.\TLC5616.c   ****  * ========================================
  11:.\TLC5616.c   **** */
  12:.\TLC5616.c   **** #include "device.h"
  13:.\TLC5616.c   **** #include "TLC5616.h"
  14:.\TLC5616.c   **** 
  15:.\TLC5616.c   **** void Init_TLC5616(void)
  16:.\TLC5616.c   **** {
  27              		.loc 1 16 0
  28              		.cfi_startproc
  29              		@ args = 0, pretend = 0, frame = 0
  30              		@ frame_needed = 0, uses_anonymous_args = 0
  31 0000 08B5     		push	{r3, lr}
  32              		.cfi_def_cfa_offset 8
  33              		.cfi_offset 3, -8
  34              		.cfi_offset 14, -4
  17:.\TLC5616.c   **** 	TLC5616_CS1_H;
  35              		.loc 1 17 0
  36 0002 0120     		movs	r0, #1
  37 0004 FFF7FEFF 		bl	TLC5616_CS1_Write
  38              	.LVL0:
  18:.\TLC5616.c   **** 	TLC5616_CS2_H;
  39              		.loc 1 18 0
ARM GAS  C:\Users\PANXIA~1\AppData\Local\Temp\ccsObbP9.s 			page 2


  40 0008 0120     		movs	r0, #1
  41 000a FFF7FEFF 		bl	TLC5616_CS2_Write
  42              	.LVL1:
  19:.\TLC5616.c   **** 	TLC5616_CLK_L;
  43              		.loc 1 19 0
  44 000e 0020     		movs	r0, #0
  45 0010 FFF7FEFF 		bl	TLC5616_CLK_Write
  46              	.LVL2:
  47 0014 08BD     		pop	{r3, pc}
  48              		.cfi_endproc
  49              	.LFE63:
  50              		.size	Init_TLC5616, .-Init_TLC5616
  51 0016 00BF     		.section	.text.TLC5616_Write,"ax",%progbits
  52              		.align	2
  53              		.global	TLC5616_Write
  54              		.thumb
  55              		.thumb_func
  56              		.type	TLC5616_Write, %function
  57              	TLC5616_Write:
  58              	.LFB64:
  20:.\TLC5616.c   **** }
  21:.\TLC5616.c   **** 
  22:.\TLC5616.c   **** /*
  23:.\TLC5616.c   ****  *简要说明：写入电压值
  24:.\TLC5616.c   ****  *操作流程：工作方式1 先后输入 10位有效位,2位填充位(任意值)
  25:.\TLC5616.c   ****  *入口参数：chip：    芯片号
  26:.\TLC5616.c   ****  *			voltage:  电压值
  27:.\TLC5616.c   ****  *出口参数：
  28:.\TLC5616.c   ****  *
  29:.\TLC5616.c   **** **/
  30:.\TLC5616.c   **** void TLC5616_Write(uint8 chip,uint16 voltage)
  31:.\TLC5616.c   **** {
  59              		.loc 1 31 0
  60              		.cfi_startproc
  61              		@ args = 0, pretend = 0, frame = 0
  62              		@ frame_needed = 0, uses_anonymous_args = 0
  63              	.LVL3:
  64 0000 38B5     		push	{r3, r4, r5, lr}
  65              		.cfi_def_cfa_offset 16
  66              		.cfi_offset 3, -16
  67              		.cfi_offset 4, -12
  68              		.cfi_offset 5, -8
  69              		.cfi_offset 14, -4
  70              	.LVL4:
  32:.\TLC5616.c   **** 	uint8 i = 0;
  33:.\TLC5616.c   **** 	voltage <<= 6;
  71              		.loc 1 33 0
  72 0002 8901     		lsls	r1, r1, #6
  73              	.LVL5:
  74 0004 8CB2     		uxth	r4, r1
  75              	.LVL6:
  34:.\TLC5616.c   **** 	if(chip)
  76              		.loc 1 34 0
  77 0006 50B1     		cbz	r0, .L4
  35:.\TLC5616.c   **** 	{
  36:.\TLC5616.c   **** 		TLC5616_CLK_L;
  78              		.loc 1 36 0
ARM GAS  C:\Users\PANXIA~1\AppData\Local\Temp\ccsObbP9.s 			page 3


  79 0008 0020     		movs	r0, #0
  80              	.LVL7:
  81 000a FFF7FEFF 		bl	TLC5616_CLK_Write
  82              	.LVL8:
  37:.\TLC5616.c   **** 		TLC5616_CS2_H;
  83              		.loc 1 37 0
  84 000e 0120     		movs	r0, #1
  85 0010 FFF7FEFF 		bl	TLC5616_CS2_Write
  86              	.LVL9:
  38:.\TLC5616.c   **** 		TLC5616_CS1_L;
  87              		.loc 1 38 0
  88 0014 0020     		movs	r0, #0
  89 0016 FFF7FEFF 		bl	TLC5616_CS1_Write
  90              	.LVL10:
  91              	.L6:
  31:.\TLC5616.c   **** 	uint8 i = 0;
  92              		.loc 1 31 0 discriminator 1
  93 001a 0025     		movs	r5, #0
  94 001c 20E0     		b	.L5
  95              	.LVL11:
  96              	.L4:
  39:.\TLC5616.c   **** 	}
  40:.\TLC5616.c   **** 	else
  41:.\TLC5616.c   **** 	{
  42:.\TLC5616.c   **** 		TLC5616_CLK_L;
  97              		.loc 1 42 0
  98 001e 0020     		movs	r0, #0
  99              	.LVL12:
 100 0020 FFF7FEFF 		bl	TLC5616_CLK_Write
 101              	.LVL13:
  43:.\TLC5616.c   **** 		TLC5616_CS1_H;
 102              		.loc 1 43 0
 103 0024 0120     		movs	r0, #1
 104 0026 FFF7FEFF 		bl	TLC5616_CS1_Write
 105              	.LVL14:
  44:.\TLC5616.c   **** 		TLC5616_CS2_L;
 106              		.loc 1 44 0
 107 002a 0020     		movs	r0, #0
 108 002c FFF7FEFF 		bl	TLC5616_CS2_Write
 109              	.LVL15:
 110 0030 F3E7     		b	.L6
 111              	.LVL16:
 112              	.L9:
  45:.\TLC5616.c   **** 	}
  46:.\TLC5616.c   **** 	
  47:.\TLC5616.c   **** 	for(i = 0;i < 12;i++)
  48:.\TLC5616.c   **** 	{
  49:.\TLC5616.c   **** 		if((voltage&0x8000) == 0x8000)
 113              		.loc 1 49 0
 114 0032 14F4004F 		tst	r4, #32768
 115 0036 03D0     		beq	.L7
  50:.\TLC5616.c   **** 		{
  51:.\TLC5616.c   **** 			TLC5616_DAT_H;
 116              		.loc 1 51 0
 117 0038 0120     		movs	r0, #1
 118 003a FFF7FEFF 		bl	TLC5616_DAT_Write
 119              	.LVL17:
ARM GAS  C:\Users\PANXIA~1\AppData\Local\Temp\ccsObbP9.s 			page 4


 120 003e 02E0     		b	.L8
 121              	.L7:
  52:.\TLC5616.c   **** 		}
  53:.\TLC5616.c   **** 		else
  54:.\TLC5616.c   **** 		{
  55:.\TLC5616.c   **** 			TLC5616_DAT_L;
 122              		.loc 1 55 0
 123 0040 0020     		movs	r0, #0
 124 0042 FFF7FEFF 		bl	TLC5616_DAT_Write
 125              	.LVL18:
 126              	.L8:
  56:.\TLC5616.c   **** 		}
  57:.\TLC5616.c   **** 		TLC5616_CLK_H;
 127              		.loc 1 57 0 discriminator 2
 128 0046 0120     		movs	r0, #1
 129 0048 FFF7FEFF 		bl	TLC5616_CLK_Write
 130              	.LVL19:
  58:.\TLC5616.c   **** 		voltage <<= 1;
 131              		.loc 1 58 0 discriminator 2
 132 004c 6400     		lsls	r4, r4, #1
 133              	.LVL20:
 134 004e A4B2     		uxth	r4, r4
 135              	.LVL21:
  59:.\TLC5616.c   **** 		CyDelayUs(1);
 136              		.loc 1 59 0 discriminator 2
 137 0050 0120     		movs	r0, #1
 138 0052 FFF7FEFF 		bl	CyDelayUs
 139              	.LVL22:
  60:.\TLC5616.c   **** 		TLC5616_CLK_L;
 140              		.loc 1 60 0 discriminator 2
 141 0056 0020     		movs	r0, #0
 142 0058 FFF7FEFF 		bl	TLC5616_CLK_Write
 143              	.LVL23:
  47:.\TLC5616.c   **** 	{
 144              		.loc 1 47 0 discriminator 2
 145 005c 0135     		adds	r5, r5, #1
 146              	.LVL24:
 147 005e EDB2     		uxtb	r5, r5
 148              	.LVL25:
 149              	.L5:
  47:.\TLC5616.c   **** 	{
 150              		.loc 1 47 0 is_stmt 0 discriminator 1
 151 0060 0B2D     		cmp	r5, #11
 152 0062 E6D9     		bls	.L9
  61:.\TLC5616.c   **** 	}
  62:.\TLC5616.c   **** 	
  63:.\TLC5616.c   **** 	TLC5616_CLK_L;
 153              		.loc 1 63 0 is_stmt 1
 154 0064 0020     		movs	r0, #0
 155 0066 FFF7FEFF 		bl	TLC5616_CLK_Write
 156              	.LVL26:
  64:.\TLC5616.c   **** 	TLC5616_CS2_H;
 157              		.loc 1 64 0
 158 006a 0120     		movs	r0, #1
 159 006c FFF7FEFF 		bl	TLC5616_CS2_Write
 160              	.LVL27:
  65:.\TLC5616.c   **** 	TLC5616_CS1_H;
ARM GAS  C:\Users\PANXIA~1\AppData\Local\Temp\ccsObbP9.s 			page 5


 161              		.loc 1 65 0
 162 0070 0120     		movs	r0, #1
 163 0072 FFF7FEFF 		bl	TLC5616_CS1_Write
 164              	.LVL28:
 165 0076 38BD     		pop	{r3, r4, r5, pc}
 166              		.cfi_endproc
 167              	.LFE64:
 168              		.size	TLC5616_Write, .-TLC5616_Write
 169              		.text
 170              	.Letext0:
 171              		.file 2 "c:\\program files (x86)\\cypress\\psoc creator\\3.3\\psoc creator\\import\\gnu\\arm\\4.9.
 172              		.file 3 "c:\\program files (x86)\\cypress\\psoc creator\\3.3\\psoc creator\\import\\gnu\\arm\\4.9.
 173              		.file 4 "Generated_Source\\PSoC5/cytypes.h"
 174              		.file 5 "Generated_Source\\PSoC5/TLC5616_CS1.h"
 175              		.file 6 "Generated_Source\\PSoC5/TLC5616_CS2.h"
 176              		.file 7 "Generated_Source\\PSoC5/TLC5616_CLK.h"
 177              		.file 8 "Generated_Source\\PSoC5/TLC5616_DAT.h"
 178              		.file 9 "Generated_Source\\PSoC5/core_cm3.h"
 179              		.file 10 "Generated_Source\\PSoC5/CyLib.h"
 180              		.section	.debug_info,"",%progbits
 181              	.Ldebug_info0:
 182 0000 A4020000 		.4byte	0x2a4
 183 0004 0400     		.2byte	0x4
 184 0006 00000000 		.4byte	.Ldebug_abbrev0
 185 000a 04       		.byte	0x4
 186 000b 01       		.uleb128 0x1
 187 000c F9000000 		.4byte	.LASF25
 188 0010 01       		.byte	0x1
 189 0011 94010000 		.4byte	.LASF26
 190 0015 2E000000 		.4byte	.LASF27
 191 0019 00000000 		.4byte	.Ldebug_ranges0+0
 192 001d 00000000 		.4byte	0
 193 0021 00000000 		.4byte	.Ldebug_line0
 194 0025 02       		.uleb128 0x2
 195 0026 01       		.byte	0x1
 196 0027 06       		.byte	0x6
 197 0028 06020000 		.4byte	.LASF0
 198 002c 02       		.uleb128 0x2
 199 002d 01       		.byte	0x1
 200 002e 08       		.byte	0x8
 201 002f 79000000 		.4byte	.LASF1
 202 0033 02       		.uleb128 0x2
 203 0034 02       		.byte	0x2
 204 0035 05       		.byte	0x5
 205 0036 ED010000 		.4byte	.LASF2
 206 003a 02       		.uleb128 0x2
 207 003b 02       		.byte	0x2
 208 003c 07       		.byte	0x7
 209 003d AB000000 		.4byte	.LASF3
 210 0041 03       		.uleb128 0x3
 211 0042 1F000000 		.4byte	.LASF9
 212 0046 02       		.byte	0x2
 213 0047 3F       		.byte	0x3f
 214 0048 4C000000 		.4byte	0x4c
 215 004c 02       		.uleb128 0x2
 216 004d 04       		.byte	0x4
 217 004e 05       		.byte	0x5
ARM GAS  C:\Users\PANXIA~1\AppData\Local\Temp\ccsObbP9.s 			page 6


 218 004f FD010000 		.4byte	.LASF4
 219 0053 02       		.uleb128 0x2
 220 0054 04       		.byte	0x4
 221 0055 07       		.byte	0x7
 222 0056 99000000 		.4byte	.LASF5
 223 005a 02       		.uleb128 0x2
 224 005b 08       		.byte	0x8
 225 005c 05       		.byte	0x5
 226 005d C8010000 		.4byte	.LASF6
 227 0061 02       		.uleb128 0x2
 228 0062 08       		.byte	0x8
 229 0063 07       		.byte	0x7
 230 0064 A0010000 		.4byte	.LASF7
 231 0068 04       		.uleb128 0x4
 232 0069 04       		.byte	0x4
 233 006a 05       		.byte	0x5
 234 006b 696E7400 		.ascii	"int\000"
 235 006f 02       		.uleb128 0x2
 236 0070 04       		.byte	0x4
 237 0071 07       		.byte	0x7
 238 0072 87010000 		.4byte	.LASF8
 239 0076 03       		.uleb128 0x3
 240 0077 B7010000 		.4byte	.LASF10
 241 007b 03       		.byte	0x3
 242 007c 2C       		.byte	0x2c
 243 007d 41000000 		.4byte	0x41
 244 0081 03       		.uleb128 0x3
 245 0082 F7010000 		.4byte	.LASF11
 246 0086 04       		.byte	0x4
 247 0087 C2       		.byte	0xc2
 248 0088 2C000000 		.4byte	0x2c
 249 008c 03       		.uleb128 0x3
 250 008d E8000000 		.4byte	.LASF12
 251 0091 04       		.byte	0x4
 252 0092 C3       		.byte	0xc3
 253 0093 3A000000 		.4byte	0x3a
 254 0097 02       		.uleb128 0x2
 255 0098 04       		.byte	0x4
 256 0099 04       		.byte	0x4
 257 009a 73000000 		.4byte	.LASF13
 258 009e 02       		.uleb128 0x2
 259 009f 08       		.byte	0x8
 260 00a0 04       		.byte	0x4
 261 00a1 E1000000 		.4byte	.LASF14
 262 00a5 02       		.uleb128 0x2
 263 00a6 01       		.byte	0x1
 264 00a7 08       		.byte	0x8
 265 00a8 D6010000 		.4byte	.LASF15
 266 00ac 02       		.uleb128 0x2
 267 00ad 04       		.byte	0x4
 268 00ae 07       		.byte	0x7
 269 00af BF010000 		.4byte	.LASF16
 270 00b3 05       		.uleb128 0x5
 271 00b4 12000000 		.4byte	.LASF17
 272 00b8 01       		.byte	0x1
 273 00b9 0F       		.byte	0xf
 274 00ba 00000000 		.4byte	.LFB63
ARM GAS  C:\Users\PANXIA~1\AppData\Local\Temp\ccsObbP9.s 			page 7


 275 00be 16000000 		.4byte	.LFE63-.LFB63
 276 00c2 01       		.uleb128 0x1
 277 00c3 9C       		.byte	0x9c
 278 00c4 FE000000 		.4byte	0xfe
 279 00c8 06       		.uleb128 0x6
 280 00c9 08000000 		.4byte	.LVL0
 281 00cd 56020000 		.4byte	0x256
 282 00d1 DB000000 		.4byte	0xdb
 283 00d5 07       		.uleb128 0x7
 284 00d6 01       		.uleb128 0x1
 285 00d7 50       		.byte	0x50
 286 00d8 01       		.uleb128 0x1
 287 00d9 31       		.byte	0x31
 288 00da 00       		.byte	0
 289 00db 06       		.uleb128 0x6
 290 00dc 0E000000 		.4byte	.LVL1
 291 00e0 67020000 		.4byte	0x267
 292 00e4 EE000000 		.4byte	0xee
 293 00e8 07       		.uleb128 0x7
 294 00e9 01       		.uleb128 0x1
 295 00ea 50       		.byte	0x50
 296 00eb 01       		.uleb128 0x1
 297 00ec 31       		.byte	0x31
 298 00ed 00       		.byte	0
 299 00ee 08       		.uleb128 0x8
 300 00ef 14000000 		.4byte	.LVL2
 301 00f3 78020000 		.4byte	0x278
 302 00f7 07       		.uleb128 0x7
 303 00f8 01       		.uleb128 0x1
 304 00f9 50       		.byte	0x50
 305 00fa 01       		.uleb128 0x1
 306 00fb 30       		.byte	0x30
 307 00fc 00       		.byte	0
 308 00fd 00       		.byte	0
 309 00fe 05       		.uleb128 0x5
 310 00ff D3000000 		.4byte	.LASF18
 311 0103 01       		.byte	0x1
 312 0104 1E       		.byte	0x1e
 313 0105 00000000 		.4byte	.LFB64
 314 0109 78000000 		.4byte	.LFE64-.LFB64
 315 010d 01       		.uleb128 0x1
 316 010e 9C       		.byte	0x9c
 317 010f 45020000 		.4byte	0x245
 318 0113 09       		.uleb128 0x9
 319 0114 29000000 		.4byte	.LASF19
 320 0118 01       		.byte	0x1
 321 0119 1E       		.byte	0x1e
 322 011a 81000000 		.4byte	0x81
 323 011e 00000000 		.4byte	.LLST0
 324 0122 09       		.uleb128 0x9
 325 0123 BE000000 		.4byte	.LASF20
 326 0127 01       		.byte	0x1
 327 0128 1E       		.byte	0x1e
 328 0129 8C000000 		.4byte	0x8c
 329 012d 3A000000 		.4byte	.LLST1
 330 0131 0A       		.uleb128 0xa
 331 0132 6900     		.ascii	"i\000"
ARM GAS  C:\Users\PANXIA~1\AppData\Local\Temp\ccsObbP9.s 			page 8


 332 0134 01       		.byte	0x1
 333 0135 20       		.byte	0x20
 334 0136 81000000 		.4byte	0x81
 335 013a 71000000 		.4byte	.LLST2
 336 013e 06       		.uleb128 0x6
 337 013f 0E000000 		.4byte	.LVL8
 338 0143 78020000 		.4byte	0x278
 339 0147 51010000 		.4byte	0x151
 340 014b 07       		.uleb128 0x7
 341 014c 01       		.uleb128 0x1
 342 014d 50       		.byte	0x50
 343 014e 01       		.uleb128 0x1
 344 014f 30       		.byte	0x30
 345 0150 00       		.byte	0
 346 0151 06       		.uleb128 0x6
 347 0152 14000000 		.4byte	.LVL9
 348 0156 67020000 		.4byte	0x267
 349 015a 64010000 		.4byte	0x164
 350 015e 07       		.uleb128 0x7
 351 015f 01       		.uleb128 0x1
 352 0160 50       		.byte	0x50
 353 0161 01       		.uleb128 0x1
 354 0162 31       		.byte	0x31
 355 0163 00       		.byte	0
 356 0164 06       		.uleb128 0x6
 357 0165 1A000000 		.4byte	.LVL10
 358 0169 56020000 		.4byte	0x256
 359 016d 77010000 		.4byte	0x177
 360 0171 07       		.uleb128 0x7
 361 0172 01       		.uleb128 0x1
 362 0173 50       		.byte	0x50
 363 0174 01       		.uleb128 0x1
 364 0175 30       		.byte	0x30
 365 0176 00       		.byte	0
 366 0177 06       		.uleb128 0x6
 367 0178 24000000 		.4byte	.LVL13
 368 017c 78020000 		.4byte	0x278
 369 0180 8A010000 		.4byte	0x18a
 370 0184 07       		.uleb128 0x7
 371 0185 01       		.uleb128 0x1
 372 0186 50       		.byte	0x50
 373 0187 01       		.uleb128 0x1
 374 0188 30       		.byte	0x30
 375 0189 00       		.byte	0
 376 018a 06       		.uleb128 0x6
 377 018b 2A000000 		.4byte	.LVL14
 378 018f 56020000 		.4byte	0x256
 379 0193 9D010000 		.4byte	0x19d
 380 0197 07       		.uleb128 0x7
 381 0198 01       		.uleb128 0x1
 382 0199 50       		.byte	0x50
 383 019a 01       		.uleb128 0x1
 384 019b 31       		.byte	0x31
 385 019c 00       		.byte	0
 386 019d 06       		.uleb128 0x6
 387 019e 30000000 		.4byte	.LVL15
 388 01a2 67020000 		.4byte	0x267
ARM GAS  C:\Users\PANXIA~1\AppData\Local\Temp\ccsObbP9.s 			page 9


 389 01a6 B0010000 		.4byte	0x1b0
 390 01aa 07       		.uleb128 0x7
 391 01ab 01       		.uleb128 0x1
 392 01ac 50       		.byte	0x50
 393 01ad 01       		.uleb128 0x1
 394 01ae 30       		.byte	0x30
 395 01af 00       		.byte	0
 396 01b0 06       		.uleb128 0x6
 397 01b1 3E000000 		.4byte	.LVL17
 398 01b5 89020000 		.4byte	0x289
 399 01b9 C3010000 		.4byte	0x1c3
 400 01bd 07       		.uleb128 0x7
 401 01be 01       		.uleb128 0x1
 402 01bf 50       		.byte	0x50
 403 01c0 01       		.uleb128 0x1
 404 01c1 31       		.byte	0x31
 405 01c2 00       		.byte	0
 406 01c3 06       		.uleb128 0x6
 407 01c4 46000000 		.4byte	.LVL18
 408 01c8 89020000 		.4byte	0x289
 409 01cc D6010000 		.4byte	0x1d6
 410 01d0 07       		.uleb128 0x7
 411 01d1 01       		.uleb128 0x1
 412 01d2 50       		.byte	0x50
 413 01d3 01       		.uleb128 0x1
 414 01d4 30       		.byte	0x30
 415 01d5 00       		.byte	0
 416 01d6 06       		.uleb128 0x6
 417 01d7 4C000000 		.4byte	.LVL19
 418 01db 78020000 		.4byte	0x278
 419 01df E9010000 		.4byte	0x1e9
 420 01e3 07       		.uleb128 0x7
 421 01e4 01       		.uleb128 0x1
 422 01e5 50       		.byte	0x50
 423 01e6 01       		.uleb128 0x1
 424 01e7 31       		.byte	0x31
 425 01e8 00       		.byte	0
 426 01e9 06       		.uleb128 0x6
 427 01ea 56000000 		.4byte	.LVL22
 428 01ee 9A020000 		.4byte	0x29a
 429 01f2 FC010000 		.4byte	0x1fc
 430 01f6 07       		.uleb128 0x7
 431 01f7 01       		.uleb128 0x1
 432 01f8 50       		.byte	0x50
 433 01f9 01       		.uleb128 0x1
 434 01fa 31       		.byte	0x31
 435 01fb 00       		.byte	0
 436 01fc 06       		.uleb128 0x6
 437 01fd 5C000000 		.4byte	.LVL23
 438 0201 78020000 		.4byte	0x278
 439 0205 0F020000 		.4byte	0x20f
 440 0209 07       		.uleb128 0x7
 441 020a 01       		.uleb128 0x1
 442 020b 50       		.byte	0x50
 443 020c 01       		.uleb128 0x1
 444 020d 30       		.byte	0x30
 445 020e 00       		.byte	0
ARM GAS  C:\Users\PANXIA~1\AppData\Local\Temp\ccsObbP9.s 			page 10


 446 020f 06       		.uleb128 0x6
 447 0210 6A000000 		.4byte	.LVL26
 448 0214 78020000 		.4byte	0x278
 449 0218 22020000 		.4byte	0x222
 450 021c 07       		.uleb128 0x7
 451 021d 01       		.uleb128 0x1
 452 021e 50       		.byte	0x50
 453 021f 01       		.uleb128 0x1
 454 0220 30       		.byte	0x30
 455 0221 00       		.byte	0
 456 0222 06       		.uleb128 0x6
 457 0223 70000000 		.4byte	.LVL27
 458 0227 67020000 		.4byte	0x267
 459 022b 35020000 		.4byte	0x235
 460 022f 07       		.uleb128 0x7
 461 0230 01       		.uleb128 0x1
 462 0231 50       		.byte	0x50
 463 0232 01       		.uleb128 0x1
 464 0233 31       		.byte	0x31
 465 0234 00       		.byte	0
 466 0235 08       		.uleb128 0x8
 467 0236 76000000 		.4byte	.LVL28
 468 023a 56020000 		.4byte	0x256
 469 023e 07       		.uleb128 0x7
 470 023f 01       		.uleb128 0x1
 471 0240 50       		.byte	0x50
 472 0241 01       		.uleb128 0x1
 473 0242 31       		.byte	0x31
 474 0243 00       		.byte	0
 475 0244 00       		.byte	0
 476 0245 0B       		.uleb128 0xb
 477 0246 C6000000 		.4byte	.LASF28
 478 024a 09       		.byte	0x9
 479 024b 2A06     		.2byte	0x62a
 480 024d 51020000 		.4byte	0x251
 481 0251 0C       		.uleb128 0xc
 482 0252 76000000 		.4byte	0x76
 483 0256 0D       		.uleb128 0xd
 484 0257 61000000 		.4byte	.LASF21
 485 025b 05       		.byte	0x5
 486 025c 28       		.byte	0x28
 487 025d 67020000 		.4byte	0x267
 488 0261 0E       		.uleb128 0xe
 489 0262 81000000 		.4byte	0x81
 490 0266 00       		.byte	0
 491 0267 0D       		.uleb128 0xd
 492 0268 87000000 		.4byte	.LASF22
 493 026c 06       		.byte	0x6
 494 026d 28       		.byte	0x28
 495 026e 78020000 		.4byte	0x278
 496 0272 0E       		.uleb128 0xe
 497 0273 81000000 		.4byte	0x81
 498 0277 00       		.byte	0
 499 0278 0D       		.uleb128 0xd
 500 0279 DB010000 		.4byte	.LASF23
 501 027d 07       		.byte	0x7
 502 027e 28       		.byte	0x28
ARM GAS  C:\Users\PANXIA~1\AppData\Local\Temp\ccsObbP9.s 			page 11


 503 027f 89020000 		.4byte	0x289
 504 0283 0E       		.uleb128 0xe
 505 0284 81000000 		.4byte	0x81
 506 0288 00       		.byte	0
 507 0289 0D       		.uleb128 0xd
 508 028a 00000000 		.4byte	.LASF24
 509 028e 08       		.byte	0x8
 510 028f 28       		.byte	0x28
 511 0290 9A020000 		.4byte	0x29a
 512 0294 0E       		.uleb128 0xe
 513 0295 81000000 		.4byte	0x81
 514 0299 00       		.byte	0
 515 029a 0F       		.uleb128 0xf
 516 029b EF000000 		.4byte	.LASF29
 517 029f 0A       		.byte	0xa
 518 02a0 78       		.byte	0x78
 519 02a1 0E       		.uleb128 0xe
 520 02a2 8C000000 		.4byte	0x8c
 521 02a6 00       		.byte	0
 522 02a7 00       		.byte	0
 523              		.section	.debug_abbrev,"",%progbits
 524              	.Ldebug_abbrev0:
 525 0000 01       		.uleb128 0x1
 526 0001 11       		.uleb128 0x11
 527 0002 01       		.byte	0x1
 528 0003 25       		.uleb128 0x25
 529 0004 0E       		.uleb128 0xe
 530 0005 13       		.uleb128 0x13
 531 0006 0B       		.uleb128 0xb
 532 0007 03       		.uleb128 0x3
 533 0008 0E       		.uleb128 0xe
 534 0009 1B       		.uleb128 0x1b
 535 000a 0E       		.uleb128 0xe
 536 000b 55       		.uleb128 0x55
 537 000c 17       		.uleb128 0x17
 538 000d 11       		.uleb128 0x11
 539 000e 01       		.uleb128 0x1
 540 000f 10       		.uleb128 0x10
 541 0010 17       		.uleb128 0x17
 542 0011 00       		.byte	0
 543 0012 00       		.byte	0
 544 0013 02       		.uleb128 0x2
 545 0014 24       		.uleb128 0x24
 546 0015 00       		.byte	0
 547 0016 0B       		.uleb128 0xb
 548 0017 0B       		.uleb128 0xb
 549 0018 3E       		.uleb128 0x3e
 550 0019 0B       		.uleb128 0xb
 551 001a 03       		.uleb128 0x3
 552 001b 0E       		.uleb128 0xe
 553 001c 00       		.byte	0
 554 001d 00       		.byte	0
 555 001e 03       		.uleb128 0x3
 556 001f 16       		.uleb128 0x16
 557 0020 00       		.byte	0
 558 0021 03       		.uleb128 0x3
 559 0022 0E       		.uleb128 0xe
ARM GAS  C:\Users\PANXIA~1\AppData\Local\Temp\ccsObbP9.s 			page 12


 560 0023 3A       		.uleb128 0x3a
 561 0024 0B       		.uleb128 0xb
 562 0025 3B       		.uleb128 0x3b
 563 0026 0B       		.uleb128 0xb
 564 0027 49       		.uleb128 0x49
 565 0028 13       		.uleb128 0x13
 566 0029 00       		.byte	0
 567 002a 00       		.byte	0
 568 002b 04       		.uleb128 0x4
 569 002c 24       		.uleb128 0x24
 570 002d 00       		.byte	0
 571 002e 0B       		.uleb128 0xb
 572 002f 0B       		.uleb128 0xb
 573 0030 3E       		.uleb128 0x3e
 574 0031 0B       		.uleb128 0xb
 575 0032 03       		.uleb128 0x3
 576 0033 08       		.uleb128 0x8
 577 0034 00       		.byte	0
 578 0035 00       		.byte	0
 579 0036 05       		.uleb128 0x5
 580 0037 2E       		.uleb128 0x2e
 581 0038 01       		.byte	0x1
 582 0039 3F       		.uleb128 0x3f
 583 003a 19       		.uleb128 0x19
 584 003b 03       		.uleb128 0x3
 585 003c 0E       		.uleb128 0xe
 586 003d 3A       		.uleb128 0x3a
 587 003e 0B       		.uleb128 0xb
 588 003f 3B       		.uleb128 0x3b
 589 0040 0B       		.uleb128 0xb
 590 0041 27       		.uleb128 0x27
 591 0042 19       		.uleb128 0x19
 592 0043 11       		.uleb128 0x11
 593 0044 01       		.uleb128 0x1
 594 0045 12       		.uleb128 0x12
 595 0046 06       		.uleb128 0x6
 596 0047 40       		.uleb128 0x40
 597 0048 18       		.uleb128 0x18
 598 0049 9742     		.uleb128 0x2117
 599 004b 19       		.uleb128 0x19
 600 004c 01       		.uleb128 0x1
 601 004d 13       		.uleb128 0x13
 602 004e 00       		.byte	0
 603 004f 00       		.byte	0
 604 0050 06       		.uleb128 0x6
 605 0051 898201   		.uleb128 0x4109
 606 0054 01       		.byte	0x1
 607 0055 11       		.uleb128 0x11
 608 0056 01       		.uleb128 0x1
 609 0057 31       		.uleb128 0x31
 610 0058 13       		.uleb128 0x13
 611 0059 01       		.uleb128 0x1
 612 005a 13       		.uleb128 0x13
 613 005b 00       		.byte	0
 614 005c 00       		.byte	0
 615 005d 07       		.uleb128 0x7
 616 005e 8A8201   		.uleb128 0x410a
ARM GAS  C:\Users\PANXIA~1\AppData\Local\Temp\ccsObbP9.s 			page 13


 617 0061 00       		.byte	0
 618 0062 02       		.uleb128 0x2
 619 0063 18       		.uleb128 0x18
 620 0064 9142     		.uleb128 0x2111
 621 0066 18       		.uleb128 0x18
 622 0067 00       		.byte	0
 623 0068 00       		.byte	0
 624 0069 08       		.uleb128 0x8
 625 006a 898201   		.uleb128 0x4109
 626 006d 01       		.byte	0x1
 627 006e 11       		.uleb128 0x11
 628 006f 01       		.uleb128 0x1
 629 0070 31       		.uleb128 0x31
 630 0071 13       		.uleb128 0x13
 631 0072 00       		.byte	0
 632 0073 00       		.byte	0
 633 0074 09       		.uleb128 0x9
 634 0075 05       		.uleb128 0x5
 635 0076 00       		.byte	0
 636 0077 03       		.uleb128 0x3
 637 0078 0E       		.uleb128 0xe
 638 0079 3A       		.uleb128 0x3a
 639 007a 0B       		.uleb128 0xb
 640 007b 3B       		.uleb128 0x3b
 641 007c 0B       		.uleb128 0xb
 642 007d 49       		.uleb128 0x49
 643 007e 13       		.uleb128 0x13
 644 007f 02       		.uleb128 0x2
 645 0080 17       		.uleb128 0x17
 646 0081 00       		.byte	0
 647 0082 00       		.byte	0
 648 0083 0A       		.uleb128 0xa
 649 0084 34       		.uleb128 0x34
 650 0085 00       		.byte	0
 651 0086 03       		.uleb128 0x3
 652 0087 08       		.uleb128 0x8
 653 0088 3A       		.uleb128 0x3a
 654 0089 0B       		.uleb128 0xb
 655 008a 3B       		.uleb128 0x3b
 656 008b 0B       		.uleb128 0xb
 657 008c 49       		.uleb128 0x49
 658 008d 13       		.uleb128 0x13
 659 008e 02       		.uleb128 0x2
 660 008f 17       		.uleb128 0x17
 661 0090 00       		.byte	0
 662 0091 00       		.byte	0
 663 0092 0B       		.uleb128 0xb
 664 0093 34       		.uleb128 0x34
 665 0094 00       		.byte	0
 666 0095 03       		.uleb128 0x3
 667 0096 0E       		.uleb128 0xe
 668 0097 3A       		.uleb128 0x3a
 669 0098 0B       		.uleb128 0xb
 670 0099 3B       		.uleb128 0x3b
 671 009a 05       		.uleb128 0x5
 672 009b 49       		.uleb128 0x49
 673 009c 13       		.uleb128 0x13
ARM GAS  C:\Users\PANXIA~1\AppData\Local\Temp\ccsObbP9.s 			page 14


 674 009d 3F       		.uleb128 0x3f
 675 009e 19       		.uleb128 0x19
 676 009f 3C       		.uleb128 0x3c
 677 00a0 19       		.uleb128 0x19
 678 00a1 00       		.byte	0
 679 00a2 00       		.byte	0
 680 00a3 0C       		.uleb128 0xc
 681 00a4 35       		.uleb128 0x35
 682 00a5 00       		.byte	0
 683 00a6 49       		.uleb128 0x49
 684 00a7 13       		.uleb128 0x13
 685 00a8 00       		.byte	0
 686 00a9 00       		.byte	0
 687 00aa 0D       		.uleb128 0xd
 688 00ab 2E       		.uleb128 0x2e
 689 00ac 01       		.byte	0x1
 690 00ad 3F       		.uleb128 0x3f
 691 00ae 19       		.uleb128 0x19
 692 00af 03       		.uleb128 0x3
 693 00b0 0E       		.uleb128 0xe
 694 00b1 3A       		.uleb128 0x3a
 695 00b2 0B       		.uleb128 0xb
 696 00b3 3B       		.uleb128 0x3b
 697 00b4 0B       		.uleb128 0xb
 698 00b5 27       		.uleb128 0x27
 699 00b6 19       		.uleb128 0x19
 700 00b7 3C       		.uleb128 0x3c
 701 00b8 19       		.uleb128 0x19
 702 00b9 01       		.uleb128 0x1
 703 00ba 13       		.uleb128 0x13
 704 00bb 00       		.byte	0
 705 00bc 00       		.byte	0
 706 00bd 0E       		.uleb128 0xe
 707 00be 05       		.uleb128 0x5
 708 00bf 00       		.byte	0
 709 00c0 49       		.uleb128 0x49
 710 00c1 13       		.uleb128 0x13
 711 00c2 00       		.byte	0
 712 00c3 00       		.byte	0
 713 00c4 0F       		.uleb128 0xf
 714 00c5 2E       		.uleb128 0x2e
 715 00c6 01       		.byte	0x1
 716 00c7 3F       		.uleb128 0x3f
 717 00c8 19       		.uleb128 0x19
 718 00c9 03       		.uleb128 0x3
 719 00ca 0E       		.uleb128 0xe
 720 00cb 3A       		.uleb128 0x3a
 721 00cc 0B       		.uleb128 0xb
 722 00cd 3B       		.uleb128 0x3b
 723 00ce 0B       		.uleb128 0xb
 724 00cf 27       		.uleb128 0x27
 725 00d0 19       		.uleb128 0x19
 726 00d1 3C       		.uleb128 0x3c
 727 00d2 19       		.uleb128 0x19
 728 00d3 00       		.byte	0
 729 00d4 00       		.byte	0
 730 00d5 00       		.byte	0
ARM GAS  C:\Users\PANXIA~1\AppData\Local\Temp\ccsObbP9.s 			page 15


 731              		.section	.debug_loc,"",%progbits
 732              	.Ldebug_loc0:
 733              	.LLST0:
 734 0000 00000000 		.4byte	.LVL3
 735 0004 0A000000 		.4byte	.LVL7
 736 0008 0100     		.2byte	0x1
 737 000a 50       		.byte	0x50
 738 000b 0A000000 		.4byte	.LVL7
 739 000f 1E000000 		.4byte	.LVL11
 740 0013 0400     		.2byte	0x4
 741 0015 F3       		.byte	0xf3
 742 0016 01       		.uleb128 0x1
 743 0017 50       		.byte	0x50
 744 0018 9F       		.byte	0x9f
 745 0019 1E000000 		.4byte	.LVL11
 746 001d 20000000 		.4byte	.LVL12
 747 0021 0100     		.2byte	0x1
 748 0023 50       		.byte	0x50
 749 0024 20000000 		.4byte	.LVL12
 750 0028 78000000 		.4byte	.LFE64
 751 002c 0400     		.2byte	0x4
 752 002e F3       		.byte	0xf3
 753 002f 01       		.uleb128 0x1
 754 0030 50       		.byte	0x50
 755 0031 9F       		.byte	0x9f
 756 0032 00000000 		.4byte	0
 757 0036 00000000 		.4byte	0
 758              	.LLST1:
 759 003a 00000000 		.4byte	.LVL3
 760 003e 04000000 		.4byte	.LVL5
 761 0042 0100     		.2byte	0x1
 762 0044 51       		.byte	0x51
 763 0045 04000000 		.4byte	.LVL5
 764 0049 06000000 		.4byte	.LVL6
 765 004d 0400     		.2byte	0x4
 766 004f F3       		.byte	0xf3
 767 0050 01       		.uleb128 0x1
 768 0051 51       		.byte	0x51
 769 0052 9F       		.byte	0x9f
 770 0053 06000000 		.4byte	.LVL6
 771 0057 4E000000 		.4byte	.LVL20
 772 005b 0100     		.2byte	0x1
 773 005d 54       		.byte	0x54
 774 005e 50000000 		.4byte	.LVL21
 775 0062 78000000 		.4byte	.LFE64
 776 0066 0100     		.2byte	0x1
 777 0068 54       		.byte	0x54
 778 0069 00000000 		.4byte	0
 779 006d 00000000 		.4byte	0
 780              	.LLST2:
 781 0071 02000000 		.4byte	.LVL4
 782 0075 32000000 		.4byte	.LVL16
 783 0079 0200     		.2byte	0x2
 784 007b 30       		.byte	0x30
 785 007c 9F       		.byte	0x9f
 786 007d 32000000 		.4byte	.LVL16
 787 0081 5E000000 		.4byte	.LVL24
ARM GAS  C:\Users\PANXIA~1\AppData\Local\Temp\ccsObbP9.s 			page 16


 788 0085 0100     		.2byte	0x1
 789 0087 55       		.byte	0x55
 790 0088 60000000 		.4byte	.LVL25
 791 008c 78000000 		.4byte	.LFE64
 792 0090 0100     		.2byte	0x1
 793 0092 55       		.byte	0x55
 794 0093 00000000 		.4byte	0
 795 0097 00000000 		.4byte	0
 796              		.section	.debug_aranges,"",%progbits
 797 0000 24000000 		.4byte	0x24
 798 0004 0200     		.2byte	0x2
 799 0006 00000000 		.4byte	.Ldebug_info0
 800 000a 04       		.byte	0x4
 801 000b 00       		.byte	0
 802 000c 0000     		.2byte	0
 803 000e 0000     		.2byte	0
 804 0010 00000000 		.4byte	.LFB63
 805 0014 16000000 		.4byte	.LFE63-.LFB63
 806 0018 00000000 		.4byte	.LFB64
 807 001c 78000000 		.4byte	.LFE64-.LFB64
 808 0020 00000000 		.4byte	0
 809 0024 00000000 		.4byte	0
 810              		.section	.debug_ranges,"",%progbits
 811              	.Ldebug_ranges0:
 812 0000 00000000 		.4byte	.LFB63
 813 0004 16000000 		.4byte	.LFE63
 814 0008 00000000 		.4byte	.LFB64
 815 000c 78000000 		.4byte	.LFE64
 816 0010 00000000 		.4byte	0
 817 0014 00000000 		.4byte	0
 818              		.section	.debug_line,"",%progbits
 819              	.Ldebug_line0:
 820 0000 FD010000 		.section	.debug_str,"MS",%progbits,1
 820      02009B01 
 820      00000201 
 820      FB0E0D00 
 820      01010101 
 821              	.LASF24:
 822 0000 544C4335 		.ascii	"TLC5616_DAT_Write\000"
 822      3631365F 
 822      4441545F 
 822      57726974 
 822      6500
 823              	.LASF17:
 824 0012 496E6974 		.ascii	"Init_TLC5616\000"
 824      5F544C43 
 824      35363136 
 824      00
 825              	.LASF9:
 826 001f 5F5F696E 		.ascii	"__int32_t\000"
 826      7433325F 
 826      7400
 827              	.LASF19:
 828 0029 63686970 		.ascii	"chip\000"
 828      00
 829              	.LASF27:
 830 002e 443A5C47 		.ascii	"D:\\GIT\\A20_CANfestival\\posoc\\A66_CanFestival.cy"
ARM GAS  C:\Users\PANXIA~1\AppData\Local\Temp\ccsObbP9.s 			page 17


 830      49545C41 
 830      32305F43 
 830      414E6665 
 830      73746976 
 831 005d 64736E00 		.ascii	"dsn\000"
 832              	.LASF21:
 833 0061 544C4335 		.ascii	"TLC5616_CS1_Write\000"
 833      3631365F 
 833      4353315F 
 833      57726974 
 833      6500
 834              	.LASF13:
 835 0073 666C6F61 		.ascii	"float\000"
 835      7400
 836              	.LASF1:
 837 0079 756E7369 		.ascii	"unsigned char\000"
 837      676E6564 
 837      20636861 
 837      7200
 838              	.LASF22:
 839 0087 544C4335 		.ascii	"TLC5616_CS2_Write\000"
 839      3631365F 
 839      4353325F 
 839      57726974 
 839      6500
 840              	.LASF5:
 841 0099 6C6F6E67 		.ascii	"long unsigned int\000"
 841      20756E73 
 841      69676E65 
 841      6420696E 
 841      7400
 842              	.LASF3:
 843 00ab 73686F72 		.ascii	"short unsigned int\000"
 843      7420756E 
 843      7369676E 
 843      65642069 
 843      6E7400
 844              	.LASF20:
 845 00be 766F6C74 		.ascii	"voltage\000"
 845      61676500 
 846              	.LASF28:
 847 00c6 49544D5F 		.ascii	"ITM_RxBuffer\000"
 847      52784275 
 847      66666572 
 847      00
 848              	.LASF18:
 849 00d3 544C4335 		.ascii	"TLC5616_Write\000"
 849      3631365F 
 849      57726974 
 849      6500
 850              	.LASF14:
 851 00e1 646F7562 		.ascii	"double\000"
 851      6C6500
 852              	.LASF12:
 853 00e8 75696E74 		.ascii	"uint16\000"
 853      313600
 854              	.LASF29:
ARM GAS  C:\Users\PANXIA~1\AppData\Local\Temp\ccsObbP9.s 			page 18


 855 00ef 43794465 		.ascii	"CyDelayUs\000"
 855      6C617955 
 855      7300
 856              	.LASF25:
 857 00f9 474E5520 		.ascii	"GNU C 4.9.3 20150303 (release) [ARM/embedded-4_9-br"
 857      4320342E 
 857      392E3320 
 857      32303135 
 857      30333033 
 858 012c 616E6368 		.ascii	"anch revision 221220] -mcpu=cortex-m3 -mthumb -g -O"
 858      20726576 
 858      6973696F 
 858      6E203232 
 858      31323230 
 859 015f 67202D66 		.ascii	"g -ffunction-sections -ffat-lto-objects\000"
 859      66756E63 
 859      74696F6E 
 859      2D736563 
 859      74696F6E 
 860              	.LASF8:
 861 0187 756E7369 		.ascii	"unsigned int\000"
 861      676E6564 
 861      20696E74 
 861      00
 862              	.LASF26:
 863 0194 2E5C544C 		.ascii	".\\TLC5616.c\000"
 863      43353631 
 863      362E6300 
 864              	.LASF7:
 865 01a0 6C6F6E67 		.ascii	"long long unsigned int\000"
 865      206C6F6E 
 865      6720756E 
 865      7369676E 
 865      65642069 
 866              	.LASF10:
 867 01b7 696E7433 		.ascii	"int32_t\000"
 867      325F7400 
 868              	.LASF16:
 869 01bf 73697A65 		.ascii	"sizetype\000"
 869      74797065 
 869      00
 870              	.LASF6:
 871 01c8 6C6F6E67 		.ascii	"long long int\000"
 871      206C6F6E 
 871      6720696E 
 871      7400
 872              	.LASF15:
 873 01d6 63686172 		.ascii	"char\000"
 873      00
 874              	.LASF23:
 875 01db 544C4335 		.ascii	"TLC5616_CLK_Write\000"
 875      3631365F 
 875      434C4B5F 
 875      57726974 
 875      6500
 876              	.LASF2:
 877 01ed 73686F72 		.ascii	"short int\000"
ARM GAS  C:\Users\PANXIA~1\AppData\Local\Temp\ccsObbP9.s 			page 19


 877      7420696E 
 877      7400
 878              	.LASF11:
 879 01f7 75696E74 		.ascii	"uint8\000"
 879      3800
 880              	.LASF4:
 881 01fd 6C6F6E67 		.ascii	"long int\000"
 881      20696E74 
 881      00
 882              	.LASF0:
 883 0206 7369676E 		.ascii	"signed char\000"
 883      65642063 
 883      68617200 
 884              		.ident	"GCC: (GNU Tools for ARM Embedded Processors) 4.9.3 20150303 (release) [ARM/embedded-4_9-br
