--------------- Rebuild Started: 07/19/2016 16:56:12 Project: A65_3.2_Bootloader, Configuration: ARM MDK Generic Debug ---------------
Deleting file ".\CortexM3\ARM_MDK_Generic\Debug\main.o"
Deleting file ".\CortexM3\ARM_MDK_Generic\Debug\Key.o"
Deleting file ".\CortexM3\ARM_MDK_Generic\Debug\cyfitter_cfg.o"
Deleting file ".\CortexM3\ARM_MDK_Generic\Debug\Cm3Start.o"
Deleting file ".\CortexM3\ARM_MDK_Generic\Debug\CyBootAsmRv.o"
Deleting file ".\CortexM3\ARM_MDK_Generic\Debug\CyDmac.o"
Deleting file ".\CortexM3\ARM_MDK_Generic\Debug\CyFlash.o"
Deleting file ".\CortexM3\ARM_MDK_Generic\Debug\CyLib.o"
Deleting file ".\CortexM3\ARM_MDK_Generic\Debug\cyPm.o"
Deleting file ".\CortexM3\ARM_MDK_Generic\Debug\CySpc.o"
Deleting file ".\CortexM3\ARM_MDK_Generic\Debug\cyutils.o"
Deleting file ".\CortexM3\ARM_MDK_Generic\Debug\Control_Reg_1.o"
Deleting file ".\CortexM3\ARM_MDK_Generic\Debug\Clock_1.o"
Deleting file ".\CortexM3\ARM_MDK_Generic\Debug\Pin_Run.o"
Deleting file ".\CortexM3\ARM_MDK_Generic\Debug\Pin_Stop.o"
Deleting file ".\CortexM3\ARM_MDK_Generic\Debug\Key_SCL.o"
Deleting file ".\CortexM3\ARM_MDK_Generic\Debug\Key_SDA.o"
Deleting file ".\CortexM3\ARM_MDK_Generic\Debug\Bootloader_1.o"
Deleting file ".\CortexM3\ARM_MDK_Generic\Debug\USBFS_1.o"
Deleting file ".\CortexM3\ARM_MDK_Generic\Debug\USBFS_1_audio.o"
Deleting file ".\CortexM3\ARM_MDK_Generic\Debug\USBFS_1_boot.o"
Deleting file ".\CortexM3\ARM_MDK_Generic\Debug\USBFS_1_cdc.o"
Deleting file ".\CortexM3\ARM_MDK_Generic\Debug\USBFS_1_cls.o"
Deleting file ".\CortexM3\ARM_MDK_Generic\Debug\USBFS_1_descr.o"
Deleting file ".\CortexM3\ARM_MDK_Generic\Debug\USBFS_1_drv.o"
Deleting file ".\CortexM3\ARM_MDK_Generic\Debug\USBFS_1_episr.o"
Deleting file ".\CortexM3\ARM_MDK_Generic\Debug\USBFS_1_hid.o"
Deleting file ".\CortexM3\ARM_MDK_Generic\Debug\USBFS_1_pm.o"
Deleting file ".\CortexM3\ARM_MDK_Generic\Debug\USBFS_1_std.o"
Deleting file ".\CortexM3\ARM_MDK_Generic\Debug\USBFS_1_vnd.o"
Deleting file ".\CortexM3\ARM_MDK_Generic\Debug\USBFS_1_midi.o"
Deleting file ".\CortexM3\ARM_MDK_Generic\Debug\USBFS_1_Dm.o"
Deleting file ".\CortexM3\ARM_MDK_Generic\Debug\USBFS_1_Dp.o"
Deleting file ".\CortexM3\ARM_MDK_Generic\Debug\cymetadata.o"
Deleting file ".\CortexM3\ARM_MDK_Generic\Debug\DATA.o"
Deleting file ".\CortexM3\ARM_MDK_Generic\Debug\CS.o"
Deleting file ".\CortexM3\ARM_MDK_Generic\Debug\RD.o"
Deleting file ".\CortexM3\ARM_MDK_Generic\Debug\WR.o"
Deleting file ".\CortexM3\ARM_MDK_Generic\Debug\RS.o"
Deleting file ".\CortexM3\ARM_MDK_Generic\Debug\RST.o"
Deleting file ".\CortexM3\ARM_MDK_Generic\Debug\A65_3.2_Bootloader.hex"
Deleting file ".\CortexM3\ARM_MDK_Generic\Debug\A65_3.2_Bootloader.elf"
Deleting file ".\CortexM3\ARM_MDK_Generic\Debug\A65_3.2_Bootloader.map"
Deleting file ".\A65_3.2_Bootloader.cycdx"
Deleting file ".\A65_3.2_Bootloader.svd"
Deleting file ".\A65_3.2_Bootloader.rpt"
Deleting file ".\A65_3.2_Bootloader_timing.html"
Deleting file ".\CortexM3\ARM_MDK_Generic\Debug\.deps\C_FILE.P"
Deleting file ".\CortexM3\ARM_MDK_Generic\Debug\.deps\ARM_C_FILE.P"
Deleting file ".\CortexM3\ARM_MDK_Generic\Debug\.deps\REALVIEW_ARM_ASM_FILE.P"
cydsfit.exe -.appdatapath "C:\Users\minjihai.WORK\AppData\Local\Cypress Semiconductor\PSoC Creator\3.3" -.fdsnotice -.fdswarpdepfile=warp_dependencies.txt -.fdselabdepfile=elab_dependencies.txt -.fdsbldfile=generated_files.txt -p D:\PROJECT\A65\V6.0\A65_H6.0_FWP_V6.74_20160525\A65_6.0_Bootloader\A65_5.0_Bootloader\A65_3.2_Bootloader.cydsn\A65_3.2_Bootloader.cyprj -d CY8C5267AXI-LP051 -s D:\PROJECT\A65\V6.0\A65_H6.0_FWP_V6.74_20160525\A65_6.0_Bootloader\A65_5.0_Bootloader\A65_3.2_Bootloader.cydsn\Generated_Source\PSoC5 -- -yv2 -q10 -ygs -o2 -v3 -.fftcfgtype=LE
Elaborating Design...
ADD: pft.M0111: information: One or more rows of flash have been configured to be protected; however, debugging has been enabled in the System DWR Editor. This means that while write restrictions are honored flash rows can still be read via SWD or JTAG. To prevent any ability to read the flash rows, disable debugging in the System DWR Editor.
 * D:\PROJECT\A65\V6.0\A65_H6.0_FWP_V6.74_20160525\A65_6.0_Bootloader\A65_5.0_Bootloader\A65_3.2_Bootloader.cydsn\A65_3.2_Bootloader.cydwr (Enable Device Protection)
HDL Generation ...
Synthesis ...
Place and Route ...
Tech mapping ...
Analog Placement ...
Analog Routing ...
Analog Code Generation ...
Digital Placement ...
Digital Routing ...
Bitstream Generation ...
Static timing analysis ...
API Generation ...
Dependency Generation ...
Clean Temporary Files ...
armcc.exe --cpu=Cortex-M3 --diag_style=gnu --diag_suppress=951 -I. -IGenerated_Source\PSoC5 --list --signed_chars -g -D DEBUG -O0 --split_sections -c .\main.c -o .\CortexM3\ARM_MDK_Generic\Debug\main.o
armcc.exe --cpu=Cortex-M3 --diag_style=gnu --diag_suppress=951 -I. -IGenerated_Source\PSoC5 --list --signed_chars -g -D DEBUG -O0 --split_sections -c .\Key.c -o .\CortexM3\ARM_MDK_Generic\Debug\Key.o
armcc.exe --cpu=Cortex-M3 --diag_style=gnu --diag_suppress=951 -I. -IGenerated_Source\PSoC5 --list --signed_chars -g -D DEBUG -O0 --split_sections -c .\Generated_Source\PSoC5\cyfitter_cfg.c -o .\CortexM3\ARM_MDK_Generic\Debug\cyfitter_cfg.o
armcc.exe --cpu=Cortex-M3 --diag_style=gnu --diag_suppress=951 -I. -IGenerated_Source\PSoC5 --list --signed_chars -g -D DEBUG -O0 --split_sections -c .\Generated_Source\PSoC5\Cm3Start.c -o .\CortexM3\ARM_MDK_Generic\Debug\Cm3Start.o
armasm.exe --cpu=Cortex-M3 --diag_style=gnu --thumb -i. -iGenerated_Source\PSoC5 -g --list=.\CortexM3\ARM_MDK_Generic\Debug/CyBootAsmRv.lst .\Generated_Source\PSoC5\CyBootAsmRv.s -o .\CortexM3\ARM_MDK_Generic\Debug\CyBootAsmRv.o
armcc.exe --cpu=Cortex-M3 --diag_style=gnu --diag_suppress=951 -I. -IGenerated_Source\PSoC5 --list --signed_chars -g -D DEBUG -O0 --split_sections -c .\Generated_Source\PSoC5\CyDmac.c -o .\CortexM3\ARM_MDK_Generic\Debug\CyDmac.o
armcc.exe --cpu=Cortex-M3 --diag_style=gnu --diag_suppress=951 -I. -IGenerated_Source\PSoC5 --list --signed_chars -g -D DEBUG -O0 --split_sections -c .\Generated_Source\PSoC5\CyFlash.c -o .\CortexM3\ARM_MDK_Generic\Debug\CyFlash.o
armcc.exe --cpu=Cortex-M3 --diag_style=gnu --diag_suppress=951 -I. -IGenerated_Source\PSoC5 --list --signed_chars -g -D DEBUG -O0 --split_sections -c .\Generated_Source\PSoC5\CyLib.c -o .\CortexM3\ARM_MDK_Generic\Debug\CyLib.o
armcc.exe --cpu=Cortex-M3 --diag_style=gnu --diag_suppress=951 -I. -IGenerated_Source\PSoC5 --list --signed_chars -g -D DEBUG -O0 --split_sections -c .\Generated_Source\PSoC5\cyPm.c -o .\CortexM3\ARM_MDK_Generic\Debug\cyPm.o
armcc.exe --cpu=Cortex-M3 --diag_style=gnu --diag_suppress=951 -I. -IGenerated_Source\PSoC5 --list --signed_chars -g -D DEBUG -O0 --split_sections -c .\Generated_Source\PSoC5\CySpc.c -o .\CortexM3\ARM_MDK_Generic\Debug\CySpc.o
armcc.exe --cpu=Cortex-M3 --diag_style=gnu --diag_suppress=951 -I. -IGenerated_Source\PSoC5 --list --signed_chars -g -D DEBUG -O0 --split_sections -c .\Generated_Source\PSoC5\cyutils.c -o .\CortexM3\ARM_MDK_Generic\Debug\cyutils.o
armcc.exe --cpu=Cortex-M3 --diag_style=gnu --diag_suppress=951 -I. -IGenerated_Source\PSoC5 --list --signed_chars -g -D DEBUG -O0 --split_sections -c .\Generated_Source\PSoC5\Control_Reg_1.c -o .\CortexM3\ARM_MDK_Generic\Debug\Control_Reg_1.o
armcc.exe --cpu=Cortex-M3 --diag_style=gnu --diag_suppress=951 -I. -IGenerated_Source\PSoC5 --list --signed_chars -g -D DEBUG -O0 --split_sections -c .\Generated_Source\PSoC5\Clock_1.c -o .\CortexM3\ARM_MDK_Generic\Debug\Clock_1.o
armcc.exe --cpu=Cortex-M3 --diag_style=gnu --diag_suppress=951 -I. -IGenerated_Source\PSoC5 --list --signed_chars -g -D DEBUG -O0 --split_sections -c .\Generated_Source\PSoC5\Pin_Run.c -o .\CortexM3\ARM_MDK_Generic\Debug\Pin_Run.o
armcc.exe --cpu=Cortex-M3 --diag_style=gnu --diag_suppress=951 -I. -IGenerated_Source\PSoC5 --list --signed_chars -g -D DEBUG -O0 --split_sections -c .\Generated_Source\PSoC5\Pin_Stop.c -o .\CortexM3\ARM_MDK_Generic\Debug\Pin_Stop.o
armcc.exe --cpu=Cortex-M3 --diag_style=gnu --diag_suppress=951 -I. -IGenerated_Source\PSoC5 --list --signed_chars -g -D DEBUG -O0 --split_sections -c .\Generated_Source\PSoC5\Key_SCL.c -o .\CortexM3\ARM_MDK_Generic\Debug\Key_SCL.o
armcc.exe --cpu=Cortex-M3 --diag_style=gnu --diag_suppress=951 -I. -IGenerated_Source\PSoC5 --list --signed_chars -g -D DEBUG -O0 --split_sections -c .\Generated_Source\PSoC5\Key_SDA.c -o .\CortexM3\ARM_MDK_Generic\Debug\Key_SDA.o
armcc.exe --cpu=Cortex-M3 --diag_style=gnu --diag_suppress=951 -I. -IGenerated_Source\PSoC5 --list --signed_chars -g -D DEBUG -O0 --split_sections -c .\Generated_Source\PSoC5\Bootloader_1.c -o .\CortexM3\ARM_MDK_Generic\Debug\Bootloader_1.o
armcc.exe --cpu=Cortex-M3 --diag_style=gnu --diag_suppress=951 -I. -IGenerated_Source\PSoC5 --list --signed_chars -g -D DEBUG -O0 --split_sections -c .\Generated_Source\PSoC5\USBFS_1.c -o .\CortexM3\ARM_MDK_Generic\Debug\USBFS_1.o
armcc.exe --cpu=Cortex-M3 --diag_style=gnu --diag_suppress=951 -I. -IGenerated_Source\PSoC5 --list --signed_chars -g -D DEBUG -O0 --split_sections -c .\Generated_Source\PSoC5\USBFS_1_audio.c -o .\CortexM3\ARM_MDK_Generic\Debug\USBFS_1_audio.o
armcc.exe --cpu=Cortex-M3 --diag_style=gnu --diag_suppress=951 -I. -IGenerated_Source\PSoC5 --list --signed_chars -g -D DEBUG -O0 --split_sections -c .\Generated_Source\PSoC5\USBFS_1_boot.c -o .\CortexM3\ARM_MDK_Generic\Debug\USBFS_1_boot.o
armcc.exe --cpu=Cortex-M3 --diag_style=gnu --diag_suppress=951 -I. -IGenerated_Source\PSoC5 --list --signed_chars -g -D DEBUG -O0 --split_sections -c .\Generated_Source\PSoC5\USBFS_1_cdc.c -o .\CortexM3\ARM_MDK_Generic\Debug\USBFS_1_cdc.o
armcc.exe --cpu=Cortex-M3 --diag_style=gnu --diag_suppress=951 -I. -IGenerated_Source\PSoC5 --list --signed_chars -g -D DEBUG -O0 --split_sections -c .\Generated_Source\PSoC5\USBFS_1_cls.c -o .\CortexM3\ARM_MDK_Generic\Debug\USBFS_1_cls.o
armcc.exe --cpu=Cortex-M3 --diag_style=gnu --diag_suppress=951 -I. -IGenerated_Source\PSoC5 --list --signed_chars -g -D DEBUG -O0 --split_sections -c .\Generated_Source\PSoC5\USBFS_1_descr.c -o .\CortexM3\ARM_MDK_Generic\Debug\USBFS_1_descr.o
armcc.exe --cpu=Cortex-M3 --diag_style=gnu --diag_suppress=951 -I. -IGenerated_Source\PSoC5 --list --signed_chars -g -D DEBUG -O0 --split_sections -c .\Generated_Source\PSoC5\USBFS_1_drv.c -o .\CortexM3\ARM_MDK_Generic\Debug\USBFS_1_drv.o
armcc.exe --cpu=Cortex-M3 --diag_style=gnu --diag_suppress=951 -I. -IGenerated_Source\PSoC5 --list --signed_chars -g -D DEBUG -O0 --split_sections -c .\Generated_Source\PSoC5\USBFS_1_episr.c -o .\CortexM3\ARM_MDK_Generic\Debug\USBFS_1_episr.o
armcc.exe --cpu=Cortex-M3 --diag_style=gnu --diag_suppress=951 -I. -IGenerated_Source\PSoC5 --list --signed_chars -g -D DEBUG -O0 --split_sections -c .\Generated_Source\PSoC5\USBFS_1_hid.c -o .\CortexM3\ARM_MDK_Generic\Debug\USBFS_1_hid.o
armcc.exe --cpu=Cortex-M3 --diag_style=gnu --diag_suppress=951 -I. -IGenerated_Source\PSoC5 --list --signed_chars -g -D DEBUG -O0 --split_sections -c .\Generated_Source\PSoC5\USBFS_1_pm.c -o .\CortexM3\ARM_MDK_Generic\Debug\USBFS_1_pm.o
armcc.exe --cpu=Cortex-M3 --diag_style=gnu --diag_suppress=951 -I. -IGenerated_Source\PSoC5 --list --signed_chars -g -D DEBUG -O0 --split_sections -c .\Generated_Source\PSoC5\USBFS_1_std.c -o .\CortexM3\ARM_MDK_Generic\Debug\USBFS_1_std.o
armcc.exe --cpu=Cortex-M3 --diag_style=gnu --diag_suppress=951 -I. -IGenerated_Source\PSoC5 --list --signed_chars -g -D DEBUG -O0 --split_sections -c .\Generated_Source\PSoC5\USBFS_1_vnd.c -o .\CortexM3\ARM_MDK_Generic\Debug\USBFS_1_vnd.o
armcc.exe --cpu=Cortex-M3 --diag_style=gnu --diag_suppress=951 -I. -IGenerated_Source\PSoC5 --list --signed_chars -g -D DEBUG -O0 --split_sections -c .\Generated_Source\PSoC5\USBFS_1_midi.c -o .\CortexM3\ARM_MDK_Generic\Debug\USBFS_1_midi.o
armcc.exe --cpu=Cortex-M3 --diag_style=gnu --diag_suppress=951 -I. -IGenerated_Source\PSoC5 --list --signed_chars -g -D DEBUG -O0 --split_sections -c .\Generated_Source\PSoC5\USBFS_1_Dm.c -o .\CortexM3\ARM_MDK_Generic\Debug\USBFS_1_Dm.o
armcc.exe --cpu=Cortex-M3 --diag_style=gnu --diag_suppress=951 -I. -IGenerated_Source\PSoC5 --list --signed_chars -g -D DEBUG -O0 --split_sections -c .\Generated_Source\PSoC5\USBFS_1_Dp.c -o .\CortexM3\ARM_MDK_Generic\Debug\USBFS_1_Dp.o
armcc.exe --cpu=Cortex-M3 --diag_style=gnu --diag_suppress=951 -I. -IGenerated_Source\PSoC5 --list --signed_chars -g -D DEBUG -O0 --split_sections -c .\Generated_Source\PSoC5\cymetadata.c -o .\CortexM3\ARM_MDK_Generic\Debug\cymetadata.o
armcc.exe --cpu=Cortex-M3 --diag_style=gnu --diag_suppress=951 -I. -IGenerated_Source\PSoC5 --list --signed_chars -g -D DEBUG -O0 --split_sections -c .\Generated_Source\PSoC5\DATA.c -o .\CortexM3\ARM_MDK_Generic\Debug\DATA.o
armcc.exe --cpu=Cortex-M3 --diag_style=gnu --diag_suppress=951 -I. -IGenerated_Source\PSoC5 --list --signed_chars -g -D DEBUG -O0 --split_sections -c .\Generated_Source\PSoC5\CS.c -o .\CortexM3\ARM_MDK_Generic\Debug\CS.o
armcc.exe --cpu=Cortex-M3 --diag_style=gnu --diag_suppress=951 -I. -IGenerated_Source\PSoC5 --list --signed_chars -g -D DEBUG -O0 --split_sections -c .\Generated_Source\PSoC5\RD.c -o .\CortexM3\ARM_MDK_Generic\Debug\RD.o
armcc.exe --cpu=Cortex-M3 --diag_style=gnu --diag_suppress=951 -I. -IGenerated_Source\PSoC5 --list --signed_chars -g -D DEBUG -O0 --split_sections -c .\Generated_Source\PSoC5\WR.c -o .\CortexM3\ARM_MDK_Generic\Debug\WR.o
armcc.exe --cpu=Cortex-M3 --diag_style=gnu --diag_suppress=951 -I. -IGenerated_Source\PSoC5 --list --signed_chars -g -D DEBUG -O0 --split_sections -c .\Generated_Source\PSoC5\RS.c -o .\CortexM3\ARM_MDK_Generic\Debug\RS.o
armcc.exe --cpu=Cortex-M3 --diag_style=gnu --diag_suppress=951 -I. -IGenerated_Source\PSoC5 --list --signed_chars -g -D DEBUG -O0 --split_sections -c .\Generated_Source\PSoC5\RST.c -o .\CortexM3\ARM_MDK_Generic\Debug\RST.o
armar.exe -rs .\CortexM3\ARM_MDK_Generic\Debug\A65_3.2_Bootloader.a .\CortexM3\ARM_MDK_Generic\Debug\cyfitter_cfg.o .\CortexM3\ARM_MDK_Generic\Debug\CyBootAsmRv.o .\CortexM3\ARM_MDK_Generic\Debug\CyDmac.o .\CortexM3\ARM_MDK_Generic\Debug\CyFlash.o .\CortexM3\ARM_MDK_Generic\Debug\CyLib.o .\CortexM3\ARM_MDK_Generic\Debug\cyPm.o .\CortexM3\ARM_MDK_Generic\Debug\CySpc.o .\CortexM3\ARM_MDK_Generic\Debug\cyutils.o .\CortexM3\ARM_MDK_Generic\Debug\Control_Reg_1.o .\CortexM3\ARM_MDK_Generic\Debug\Clock_1.o .\CortexM3\ARM_MDK_Generic\Debug\Pin_Run.o .\CortexM3\ARM_MDK_Generic\Debug\Pin_Stop.o .\CortexM3\ARM_MDK_Generic\Debug\Key_SCL.o .\CortexM3\ARM_MDK_Generic\Debug\Key_SDA.o .\CortexM3\ARM_MDK_Generic\Debug\Bootloader_1.o .\CortexM3\ARM_MDK_Generic\Debug\USBFS_1.o .\CortexM3\ARM_MDK_Generic\Debug\USBFS_1_audio.o .\CortexM3\ARM_MDK_Generic\Debug\USBFS_1_boot.o .\CortexM3\ARM_MDK_Generic\Debug\USBFS_1_cdc.o .\CortexM3\ARM_MDK_Generic\Debug\USBFS_1_cls.o .\CortexM3\ARM_MDK_Generic\Debug\USBFS_1_descr.o .\CortexM3\ARM_MDK_Generic\Debug\USBFS_1_drv.o .\CortexM3\ARM_MDK_Generic\Debug\USBFS_1_episr.o .\CortexM3\ARM_MDK_Generic\Debug\USBFS_1_hid.o .\CortexM3\ARM_MDK_Generic\Debug\USBFS_1_pm.o .\CortexM3\ARM_MDK_Generic\Debug\USBFS_1_std.o .\CortexM3\ARM_MDK_Generic\Debug\USBFS_1_vnd.o .\CortexM3\ARM_MDK_Generic\Debug\USBFS_1_midi.o .\CortexM3\ARM_MDK_Generic\Debug\USBFS_1_Dm.o .\CortexM3\ARM_MDK_Generic\Debug\USBFS_1_Dp.o .\CortexM3\ARM_MDK_Generic\Debug\DATA.o .\CortexM3\ARM_MDK_Generic\Debug\CS.o .\CortexM3\ARM_MDK_Generic\Debug\RD.o .\CortexM3\ARM_MDK_Generic\Debug\WR.o .\CortexM3\ARM_MDK_Generic\Debug\RS.o .\CortexM3\ARM_MDK_Generic\Debug\RST.o
Creating archive '.\CortexM3\ARM_MDK_Generic\Debug\A65_3.2_Bootloader.a'
armlink.exe -o .\CortexM3\ARM_MDK_Generic\Debug\A65_3.2_Bootloader.elf .\CortexM3\ARM_MDK_Generic\Debug\main.o .\CortexM3\ARM_MDK_Generic\Debug\Key.o .\CortexM3\ARM_MDK_Generic\Debug\Cm3Start.o .\CortexM3\ARM_MDK_Generic\Debug\cymetadata.o .\CortexM3\ARM_MDK_Generic\Debug\A65_3.2_Bootloader.a "C:\Program Files (x86)\Cypress\PSoC Creator\3.3\PSoC Creator\psoc\content\cycomponentlibrary\CyComponentLibrary.cylib\CortexM3\ARM_MDK_Generic\Debug\CyComponentLibrary.a" --cpu=Cortex-M3 --diag_style=gnu --no_startup --library_type=microlib --map --list .\CortexM3\ARM_MDK_Generic\Debug/A65_3.2_Bootloader.map --scatter Generated_Source\PSoC5\Cm3RealView.scat --keep=Bootloader_1_Checksum --keep=Bootloader_1_SizeBytes
cyelftool.exe -P D:\PROJECT\A65\V6.0\A65_H6.0_FWP_V6.74_20160525\A65_6.0_Bootloader\A65_5.0_Bootloader\A65_3.2_Bootloader.cydsn\CortexM3\ARM_MDK_Generic\Debug\A65_3.2_Bootloader.elf --flash_row_size 256 --flash_size 131072 --size_var_name Bootloader_1_SizeBytes --checksum_var_name Bootloader_1_Checksum
cyelftool.exe -S D:\PROJECT\A65\V6.0\A65_H6.0_FWP_V6.74_20160525\A65_6.0_Bootloader\A65_5.0_Bootloader\A65_3.2_Bootloader.cydsn\CortexM3\ARM_MDK_Generic\Debug\A65_3.2_Bootloader.elf
Flash used: 11776 of 131072 bytes (9.0%).
SRAM used: 10780 of 32768 bytes (32.9%). Stack: 8192 bytes. Heap: 2048 bytes.
--------------- Rebuild Succeeded: 07/19/2016 16:56:28 ---------------
