ARM GAS  C:\Users\PANXIA~1\AppData\Local\Temp\ccN3csrQ.s 			page 1


   1              		.syntax unified
   2              		.cpu cortex-m3
   3              		.fpu softvfp
   4              		.eabi_attribute 20, 1
   5              		.eabi_attribute 21, 1
   6              		.eabi_attribute 23, 3
   7              		.eabi_attribute 24, 1
   8              		.eabi_attribute 25, 1
   9              		.eabi_attribute 26, 1
  10              		.eabi_attribute 30, 1
  11              		.eabi_attribute 34, 1
  12              		.eabi_attribute 18, 4
  13              		.thumb
  14              		.file	"main.c"
  15              		.text
  16              	.Ltext0:
  17              		.cfi_sections	.debug_frame
  18              		.section	.text.main,"ax",%progbits
  19              		.align	2
  20              		.global	main
  21              		.thumb
  22              		.thumb_func
  23              		.type	main, %function
  24              	main:
  25              	.LFB63:
  26              		.file 1 ".\\main.c"
   1:.\main.c      **** /* ========================================
   2:.\main.c      ****  *
   3:.\main.c      ****  * Copyright YOUR COMPANY, THE YEAR
   4:.\main.c      ****  * All Rights Reserved
   5:.\main.c      ****  * UNPUBLISHED, LICENSED SOFTWARE.
   6:.\main.c      ****  *
   7:.\main.c      ****  * CONFIDENTIAL AND PROPRIETARY INFORMATION
   8:.\main.c      ****  * WHICH IS THE PROPERTY OF your company.
   9:.\main.c      ****  *
  10:.\main.c      ****  * ========================================
  11:.\main.c      **** */
  12:.\main.c      **** #include <project.h>
  13:.\main.c      **** 
  14:.\main.c      **** int main()
  15:.\main.c      **** {  
  27              		.loc 1 15 0
  28              		.cfi_startproc
  29              		@ Volatile: function does not return.
  30              		@ args = 0, pretend = 0, frame = 0
  31              		@ frame_needed = 0, uses_anonymous_args = 0
  32 0000 08B5     		push	{r3, lr}
  33              		.cfi_def_cfa_offset 8
  34              		.cfi_offset 3, -8
  35              		.cfi_offset 14, -4
  16:.\main.c      ****     LCD_Char_1_Init();
  36              		.loc 1 16 0
  37 0002 FFF7FEFF 		bl	LCD_Char_1_Init
  38              	.LVL0:
  17:.\main.c      ****     LCD_Char_1_LoadCustomFonts(LCD_Char_1_customFonts) ; 
  39              		.loc 1 17 0
  40 0006 0C48     		ldr	r0, .L4
ARM GAS  C:\Users\PANXIA~1\AppData\Local\Temp\ccN3csrQ.s 			page 2


  41 0008 FFF7FEFF 		bl	LCD_Char_1_LoadCustomFonts
  42              	.LVL1:
  18:.\main.c      **** //    Timer_1_Start();
  19:.\main.c      **** //	isr_1_Start();
  20:.\main.c      ****     CyGlobalIntEnable; /* Enable global interrupts. */
  43              		.loc 1 20 0
  44              	@ 20 ".\main.c" 1
  45 000c 62B6     		CPSIE   i
  46              	@ 0 "" 2
  21:.\main.c      **** 
  22:.\main.c      ****  
  23:.\main.c      ****     /* Place your initialization/startup code here (e.g. MyInst_Start()) */
  24:.\main.c      **** //  
  25:.\main.c      ****     LCD_Char_1_Position(0,0) ;
  47              		.loc 1 25 0
  48              		.thumb
  49 000e 0020     		movs	r0, #0
  50 0010 0146     		mov	r1, r0
  51 0012 FFF7FEFF 		bl	LCD_Char_1_Position
  52              	.LVL2:
  26:.\main.c      ****     LCD_Char_1_PrintString("Wait USB");
  53              		.loc 1 26 0
  54 0016 0948     		ldr	r0, .L4+4
  55 0018 FFF7FEFF 		bl	LCD_Char_1_PrintString
  56              	.LVL3:
  27:.\main.c      ****     LCD_Char_1_Position(1,0) ;
  57              		.loc 1 27 0
  58 001c 0120     		movs	r0, #1
  59 001e 0021     		movs	r1, #0
  60 0020 FFF7FEFF 		bl	LCD_Char_1_Position
  61              	.LVL4:
  28:.\main.c      ****     LCD_Char_1_PrintString(" UPDATA");
  62              		.loc 1 28 0
  63 0024 0648     		ldr	r0, .L4+8
  64 0026 FFF7FEFF 		bl	LCD_Char_1_PrintString
  65              	.LVL5:
  29:.\main.c      **** //    USBFS_1_Init();
  30:.\main.c      **** //    USBFS_1_Dp_SetDriveMode(USBFS_1_Dp_DM_STRONG);
  31:.\main.c      **** //    USBFS_1_Dm_SetDriveMode(USBFS_1_Dp_DM_STRONG);
  32:.\main.c      ****     CyDelay(1000);
  66              		.loc 1 32 0
  67 002a 4FF47A70 		mov	r0, #1000
  68 002e FFF7FEFF 		bl	CyDelay
  69              	.LVL6:
  33:.\main.c      ****    
  34:.\main.c      **** //    if(USBFS_1_Dm_Read() == 0 )
  35:.\main.c      **** //    {
  36:.\main.c      **** //        LCD_Char_1_Position(0,0);
  37:.\main.c      **** //        LCD_Char_1_PrintString("1  pc");
  38:.\main.c      **** //    }
  39:.\main.c      **** //    
  40:.\main.c      **** //    if(USBFS_1_Dm_Read() == 0)
  41:.\main.c      **** //    {
  42:.\main.c      **** //      LCD_Char_1_Position(1,0) ;
  43:.\main.c      **** //      LCD_Char_1_PrintString("-----");
  44:.\main.c      **** ////          LCD_Char_1_Position(1,0) ;
  45:.\main.c      **** ////          LCD_Char_1_PrintString('0  pc');
ARM GAS  C:\Users\PANXIA~1\AppData\Local\Temp\ccN3csrQ.s 			page 3


  46:.\main.c      **** //    }
  47:.\main.c      ****     CyBtldr_Start();
  70              		.loc 1 47 0
  71 0032 FFF7FEFF 		bl	Bootloader_1_Start
  72              	.LVL7:
  73              	.L2:
  48:.\main.c      ****  
  49:.\main.c      ****     for(;;)
  50:.\main.c      ****     {
  51:.\main.c      ****         /* Place your application code here. */
  52:.\main.c      ****   
  53:.\main.c      ****     }
  74              		.loc 1 53 0 discriminator 1
  75 0036 FEE7     		b	.L2
  76              	.L5:
  77              		.align	2
  78              	.L4:
  79 0038 00000000 		.word	LCD_Char_1_customFonts
  80 003c 00000000 		.word	.LC0
  81 0040 0C000000 		.word	.LC1
  82              		.cfi_endproc
  83              	.LFE63:
  84              		.size	main, .-main
  85              		.section	.rodata.str1.4,"aMS",%progbits,1
  86              		.align	2
  87              	.LC0:
  88 0000 57616974 		.ascii	"Wait USB\000"
  88      20555342 
  88      00
  89 0009 000000   		.space	3
  90              	.LC1:
  91 000c 20555044 		.ascii	" UPDATA\000"
  91      41544100 
  92              		.text
  93              	.Letext0:
  94              		.file 2 "c:\\program files (x86)\\cypress\\psoc creator\\3.3\\psoc creator\\import\\gnu\\arm\\4.9.
  95              		.file 3 "c:\\program files (x86)\\cypress\\psoc creator\\3.3\\psoc creator\\import\\gnu\\arm\\4.9.
  96              		.file 4 "Generated_Source\\PSoC5/cytypes.h"
  97              		.file 5 "Generated_Source\\PSoC5/LCD_Char_1.h"
  98              		.file 6 "Generated_Source\\PSoC5/core_cm3.h"
  99              		.file 7 "Generated_Source\\PSoC5/CyLib.h"
 100              		.file 8 "Generated_Source\\PSoC5/Bootloader_1.h"
 101              		.section	.debug_info,"",%progbits
 102              	.Ldebug_info0:
 103 0000 01020000 		.4byte	0x201
 104 0004 0400     		.2byte	0x4
 105 0006 00000000 		.4byte	.Ldebug_abbrev0
 106 000a 04       		.byte	0x4
 107 000b 01       		.uleb128 0x1
 108 000c A4000000 		.4byte	.LASF26
 109 0010 01       		.byte	0x1
 110 0011 25000000 		.4byte	.LASF27
 111 0015 B8010000 		.4byte	.LASF28
 112 0019 00000000 		.4byte	.Ldebug_ranges0+0
 113 001d 00000000 		.4byte	0
 114 0021 00000000 		.4byte	.Ldebug_line0
 115 0025 02       		.uleb128 0x2
ARM GAS  C:\Users\PANXIA~1\AppData\Local\Temp\ccN3csrQ.s 			page 4


 116 0026 01       		.byte	0x1
 117 0027 06       		.byte	0x6
 118 0028 4B020000 		.4byte	.LASF0
 119 002c 02       		.uleb128 0x2
 120 002d 01       		.byte	0x1
 121 002e 08       		.byte	0x8
 122 002f 83000000 		.4byte	.LASF1
 123 0033 02       		.uleb128 0x2
 124 0034 02       		.byte	0x2
 125 0035 05       		.byte	0x5
 126 0036 32020000 		.4byte	.LASF2
 127 003a 02       		.uleb128 0x2
 128 003b 02       		.byte	0x2
 129 003c 07       		.byte	0x7
 130 003d 63000000 		.4byte	.LASF3
 131 0041 03       		.uleb128 0x3
 132 0042 1B000000 		.4byte	.LASF9
 133 0046 02       		.byte	0x2
 134 0047 3F       		.byte	0x3f
 135 0048 4C000000 		.4byte	0x4c
 136 004c 02       		.uleb128 0x2
 137 004d 04       		.byte	0x4
 138 004e 05       		.byte	0x5
 139 004f 42020000 		.4byte	.LASF4
 140 0053 02       		.uleb128 0x2
 141 0054 04       		.byte	0x4
 142 0055 07       		.byte	0x7
 143 0056 51000000 		.4byte	.LASF5
 144 005a 02       		.uleb128 0x2
 145 005b 08       		.byte	0x8
 146 005c 05       		.byte	0x5
 147 005d 7E010000 		.4byte	.LASF6
 148 0061 02       		.uleb128 0x2
 149 0062 08       		.byte	0x8
 150 0063 07       		.byte	0x7
 151 0064 3F010000 		.4byte	.LASF7
 152 0068 04       		.uleb128 0x4
 153 0069 04       		.byte	0x4
 154 006a 05       		.byte	0x5
 155 006b 696E7400 		.ascii	"int\000"
 156 006f 02       		.uleb128 0x2
 157 0070 04       		.byte	0x4
 158 0071 07       		.byte	0x7
 159 0072 32010000 		.4byte	.LASF8
 160 0076 03       		.uleb128 0x3
 161 0077 56010000 		.4byte	.LASF10
 162 007b 03       		.byte	0x3
 163 007c 2C       		.byte	0x2c
 164 007d 41000000 		.4byte	0x41
 165 0081 03       		.uleb128 0x3
 166 0082 3C020000 		.4byte	.LASF11
 167 0086 04       		.byte	0x4
 168 0087 C2       		.byte	0xc2
 169 0088 2C000000 		.4byte	0x2c
 170 008c 03       		.uleb128 0x3
 171 008d 9D000000 		.4byte	.LASF12
 172 0091 04       		.byte	0x4
ARM GAS  C:\Users\PANXIA~1\AppData\Local\Temp\ccN3csrQ.s 			page 5


 173 0092 C4       		.byte	0xc4
 174 0093 53000000 		.4byte	0x53
 175 0097 02       		.uleb128 0x2
 176 0098 04       		.byte	0x4
 177 0099 04       		.byte	0x4
 178 009a 2E000000 		.4byte	.LASF13
 179 009e 02       		.uleb128 0x2
 180 009f 08       		.byte	0x8
 181 00a0 04       		.byte	0x4
 182 00a1 91000000 		.4byte	.LASF14
 183 00a5 03       		.uleb128 0x3
 184 00a6 4B000000 		.4byte	.LASF15
 185 00aa 04       		.byte	0x4
 186 00ab D3       		.byte	0xd3
 187 00ac B0000000 		.4byte	0xb0
 188 00b0 02       		.uleb128 0x2
 189 00b1 01       		.byte	0x1
 190 00b2 08       		.byte	0x8
 191 00b3 8C010000 		.4byte	.LASF16
 192 00b7 02       		.uleb128 0x2
 193 00b8 04       		.byte	0x4
 194 00b9 07       		.byte	0x7
 195 00ba 75010000 		.4byte	.LASF17
 196 00be 05       		.uleb128 0x5
 197 00bf 98000000 		.4byte	.LASF29
 198 00c3 01       		.byte	0x1
 199 00c4 0E       		.byte	0xe
 200 00c5 68000000 		.4byte	0x68
 201 00c9 00000000 		.4byte	.LFB63
 202 00cd 44000000 		.4byte	.LFE63-.LFB63
 203 00d1 01       		.uleb128 0x1
 204 00d2 9C       		.byte	0x9c
 205 00d3 66010000 		.4byte	0x166
 206 00d7 06       		.uleb128 0x6
 207 00d8 06000000 		.4byte	.LVL0
 208 00dc 97010000 		.4byte	0x197
 209 00e0 06       		.uleb128 0x6
 210 00e1 0C000000 		.4byte	.LVL1
 211 00e5 9E010000 		.4byte	0x19e
 212 00e9 07       		.uleb128 0x7
 213 00ea 16000000 		.4byte	.LVL2
 214 00ee BA010000 		.4byte	0x1ba
 215 00f2 01010000 		.4byte	0x101
 216 00f6 08       		.uleb128 0x8
 217 00f7 01       		.uleb128 0x1
 218 00f8 51       		.byte	0x51
 219 00f9 01       		.uleb128 0x1
 220 00fa 30       		.byte	0x30
 221 00fb 08       		.uleb128 0x8
 222 00fc 01       		.uleb128 0x1
 223 00fd 50       		.byte	0x50
 224 00fe 01       		.uleb128 0x1
 225 00ff 30       		.byte	0x30
 226 0100 00       		.byte	0
 227 0101 07       		.uleb128 0x7
 228 0102 1C000000 		.4byte	.LVL3
 229 0106 D0010000 		.4byte	0x1d0
ARM GAS  C:\Users\PANXIA~1\AppData\Local\Temp\ccN3csrQ.s 			page 6


 230 010a 18010000 		.4byte	0x118
 231 010e 08       		.uleb128 0x8
 232 010f 01       		.uleb128 0x1
 233 0110 50       		.byte	0x50
 234 0111 05       		.uleb128 0x5
 235 0112 03       		.byte	0x3
 236 0113 00000000 		.4byte	.LC0
 237 0117 00       		.byte	0
 238 0118 07       		.uleb128 0x7
 239 0119 24000000 		.4byte	.LVL4
 240 011d BA010000 		.4byte	0x1ba
 241 0121 30010000 		.4byte	0x130
 242 0125 08       		.uleb128 0x8
 243 0126 01       		.uleb128 0x1
 244 0127 51       		.byte	0x51
 245 0128 01       		.uleb128 0x1
 246 0129 30       		.byte	0x30
 247 012a 08       		.uleb128 0x8
 248 012b 01       		.uleb128 0x1
 249 012c 50       		.byte	0x50
 250 012d 01       		.uleb128 0x1
 251 012e 31       		.byte	0x31
 252 012f 00       		.byte	0
 253 0130 07       		.uleb128 0x7
 254 0131 2A000000 		.4byte	.LVL5
 255 0135 D0010000 		.4byte	0x1d0
 256 0139 47010000 		.4byte	0x147
 257 013d 08       		.uleb128 0x8
 258 013e 01       		.uleb128 0x1
 259 013f 50       		.byte	0x50
 260 0140 05       		.uleb128 0x5
 261 0141 03       		.byte	0x3
 262 0142 0C000000 		.4byte	.LC1
 263 0146 00       		.byte	0
 264 0147 07       		.uleb128 0x7
 265 0148 32000000 		.4byte	.LVL6
 266 014c EC010000 		.4byte	0x1ec
 267 0150 5C010000 		.4byte	0x15c
 268 0154 08       		.uleb128 0x8
 269 0155 01       		.uleb128 0x1
 270 0156 50       		.byte	0x50
 271 0157 03       		.uleb128 0x3
 272 0158 0A       		.byte	0xa
 273 0159 E803     		.2byte	0x3e8
 274 015b 00       		.byte	0
 275 015c 06       		.uleb128 0x6
 276 015d 36000000 		.4byte	.LVL7
 277 0161 FD010000 		.4byte	0x1fd
 278 0165 00       		.byte	0
 279 0166 09       		.uleb128 0x9
 280 0167 81000000 		.4byte	0x81
 281 016b 76010000 		.4byte	0x176
 282 016f 0A       		.uleb128 0xa
 283 0170 B7000000 		.4byte	0xb7
 284 0174 3F       		.byte	0x3f
 285 0175 00       		.byte	0
 286 0176 0B       		.uleb128 0xb
ARM GAS  C:\Users\PANXIA~1\AppData\Local\Temp\ccN3csrQ.s 			page 7


 287 0177 5E010000 		.4byte	.LASF18
 288 017b 05       		.byte	0x5
 289 017c 77       		.byte	0x77
 290 017d 81010000 		.4byte	0x181
 291 0181 0C       		.uleb128 0xc
 292 0182 66010000 		.4byte	0x166
 293 0186 0D       		.uleb128 0xd
 294 0187 76000000 		.4byte	.LASF19
 295 018b 06       		.byte	0x6
 296 018c 2A06     		.2byte	0x62a
 297 018e 92010000 		.4byte	0x192
 298 0192 0E       		.uleb128 0xe
 299 0193 76000000 		.4byte	0x76
 300 0197 0F       		.uleb128 0xf
 301 0198 22020000 		.4byte	.LASF24
 302 019c 05       		.byte	0x5
 303 019d 36       		.byte	0x36
 304 019e 10       		.uleb128 0x10
 305 019f 00000000 		.4byte	.LASF20
 306 01a3 05       		.byte	0x5
 307 01a4 55       		.byte	0x55
 308 01a5 AF010000 		.4byte	0x1af
 309 01a9 11       		.uleb128 0x11
 310 01aa AF010000 		.4byte	0x1af
 311 01ae 00       		.byte	0
 312 01af 12       		.uleb128 0x12
 313 01b0 04       		.byte	0x4
 314 01b1 B5010000 		.4byte	0x1b5
 315 01b5 0C       		.uleb128 0xc
 316 01b6 81000000 		.4byte	0x81
 317 01ba 10       		.uleb128 0x10
 318 01bb 91010000 		.4byte	.LASF21
 319 01bf 05       		.byte	0x5
 320 01c0 3D       		.byte	0x3d
 321 01c1 D0010000 		.4byte	0x1d0
 322 01c5 11       		.uleb128 0x11
 323 01c6 81000000 		.4byte	0x81
 324 01ca 11       		.uleb128 0x11
 325 01cb 81000000 		.4byte	0x81
 326 01cf 00       		.byte	0
 327 01d0 10       		.uleb128 0x10
 328 01d1 34000000 		.4byte	.LASF22
 329 01d5 05       		.byte	0x5
 330 01d6 3C       		.byte	0x3c
 331 01d7 E1010000 		.4byte	0x1e1
 332 01db 11       		.uleb128 0x11
 333 01dc E1010000 		.4byte	0x1e1
 334 01e0 00       		.byte	0
 335 01e1 12       		.uleb128 0x12
 336 01e2 04       		.byte	0x4
 337 01e3 E7010000 		.4byte	0x1e7
 338 01e7 0C       		.uleb128 0xc
 339 01e8 A5000000 		.4byte	0xa5
 340 01ec 10       		.uleb128 0x10
 341 01ed 57020000 		.4byte	.LASF23
 342 01f1 07       		.byte	0x7
 343 01f2 77       		.byte	0x77
ARM GAS  C:\Users\PANXIA~1\AppData\Local\Temp\ccN3csrQ.s 			page 8


 344 01f3 FD010000 		.4byte	0x1fd
 345 01f7 11       		.uleb128 0x11
 346 01f8 8C000000 		.4byte	0x8c
 347 01fc 00       		.byte	0
 348 01fd 0F       		.uleb128 0xf
 349 01fe A5010000 		.4byte	.LASF25
 350 0202 08       		.byte	0x8
 351 0203 8D       		.byte	0x8d
 352 0204 00       		.byte	0
 353              		.section	.debug_abbrev,"",%progbits
 354              	.Ldebug_abbrev0:
 355 0000 01       		.uleb128 0x1
 356 0001 11       		.uleb128 0x11
 357 0002 01       		.byte	0x1
 358 0003 25       		.uleb128 0x25
 359 0004 0E       		.uleb128 0xe
 360 0005 13       		.uleb128 0x13
 361 0006 0B       		.uleb128 0xb
 362 0007 03       		.uleb128 0x3
 363 0008 0E       		.uleb128 0xe
 364 0009 1B       		.uleb128 0x1b
 365 000a 0E       		.uleb128 0xe
 366 000b 55       		.uleb128 0x55
 367 000c 17       		.uleb128 0x17
 368 000d 11       		.uleb128 0x11
 369 000e 01       		.uleb128 0x1
 370 000f 10       		.uleb128 0x10
 371 0010 17       		.uleb128 0x17
 372 0011 00       		.byte	0
 373 0012 00       		.byte	0
 374 0013 02       		.uleb128 0x2
 375 0014 24       		.uleb128 0x24
 376 0015 00       		.byte	0
 377 0016 0B       		.uleb128 0xb
 378 0017 0B       		.uleb128 0xb
 379 0018 3E       		.uleb128 0x3e
 380 0019 0B       		.uleb128 0xb
 381 001a 03       		.uleb128 0x3
 382 001b 0E       		.uleb128 0xe
 383 001c 00       		.byte	0
 384 001d 00       		.byte	0
 385 001e 03       		.uleb128 0x3
 386 001f 16       		.uleb128 0x16
 387 0020 00       		.byte	0
 388 0021 03       		.uleb128 0x3
 389 0022 0E       		.uleb128 0xe
 390 0023 3A       		.uleb128 0x3a
 391 0024 0B       		.uleb128 0xb
 392 0025 3B       		.uleb128 0x3b
 393 0026 0B       		.uleb128 0xb
 394 0027 49       		.uleb128 0x49
 395 0028 13       		.uleb128 0x13
 396 0029 00       		.byte	0
 397 002a 00       		.byte	0
 398 002b 04       		.uleb128 0x4
 399 002c 24       		.uleb128 0x24
 400 002d 00       		.byte	0
ARM GAS  C:\Users\PANXIA~1\AppData\Local\Temp\ccN3csrQ.s 			page 9


 401 002e 0B       		.uleb128 0xb
 402 002f 0B       		.uleb128 0xb
 403 0030 3E       		.uleb128 0x3e
 404 0031 0B       		.uleb128 0xb
 405 0032 03       		.uleb128 0x3
 406 0033 08       		.uleb128 0x8
 407 0034 00       		.byte	0
 408 0035 00       		.byte	0
 409 0036 05       		.uleb128 0x5
 410 0037 2E       		.uleb128 0x2e
 411 0038 01       		.byte	0x1
 412 0039 3F       		.uleb128 0x3f
 413 003a 19       		.uleb128 0x19
 414 003b 03       		.uleb128 0x3
 415 003c 0E       		.uleb128 0xe
 416 003d 3A       		.uleb128 0x3a
 417 003e 0B       		.uleb128 0xb
 418 003f 3B       		.uleb128 0x3b
 419 0040 0B       		.uleb128 0xb
 420 0041 49       		.uleb128 0x49
 421 0042 13       		.uleb128 0x13
 422 0043 11       		.uleb128 0x11
 423 0044 01       		.uleb128 0x1
 424 0045 12       		.uleb128 0x12
 425 0046 06       		.uleb128 0x6
 426 0047 40       		.uleb128 0x40
 427 0048 18       		.uleb128 0x18
 428 0049 9742     		.uleb128 0x2117
 429 004b 19       		.uleb128 0x19
 430 004c 01       		.uleb128 0x1
 431 004d 13       		.uleb128 0x13
 432 004e 00       		.byte	0
 433 004f 00       		.byte	0
 434 0050 06       		.uleb128 0x6
 435 0051 898201   		.uleb128 0x4109
 436 0054 00       		.byte	0
 437 0055 11       		.uleb128 0x11
 438 0056 01       		.uleb128 0x1
 439 0057 31       		.uleb128 0x31
 440 0058 13       		.uleb128 0x13
 441 0059 00       		.byte	0
 442 005a 00       		.byte	0
 443 005b 07       		.uleb128 0x7
 444 005c 898201   		.uleb128 0x4109
 445 005f 01       		.byte	0x1
 446 0060 11       		.uleb128 0x11
 447 0061 01       		.uleb128 0x1
 448 0062 31       		.uleb128 0x31
 449 0063 13       		.uleb128 0x13
 450 0064 01       		.uleb128 0x1
 451 0065 13       		.uleb128 0x13
 452 0066 00       		.byte	0
 453 0067 00       		.byte	0
 454 0068 08       		.uleb128 0x8
 455 0069 8A8201   		.uleb128 0x410a
 456 006c 00       		.byte	0
 457 006d 02       		.uleb128 0x2
ARM GAS  C:\Users\PANXIA~1\AppData\Local\Temp\ccN3csrQ.s 			page 10


 458 006e 18       		.uleb128 0x18
 459 006f 9142     		.uleb128 0x2111
 460 0071 18       		.uleb128 0x18
 461 0072 00       		.byte	0
 462 0073 00       		.byte	0
 463 0074 09       		.uleb128 0x9
 464 0075 01       		.uleb128 0x1
 465 0076 01       		.byte	0x1
 466 0077 49       		.uleb128 0x49
 467 0078 13       		.uleb128 0x13
 468 0079 01       		.uleb128 0x1
 469 007a 13       		.uleb128 0x13
 470 007b 00       		.byte	0
 471 007c 00       		.byte	0
 472 007d 0A       		.uleb128 0xa
 473 007e 21       		.uleb128 0x21
 474 007f 00       		.byte	0
 475 0080 49       		.uleb128 0x49
 476 0081 13       		.uleb128 0x13
 477 0082 2F       		.uleb128 0x2f
 478 0083 0B       		.uleb128 0xb
 479 0084 00       		.byte	0
 480 0085 00       		.byte	0
 481 0086 0B       		.uleb128 0xb
 482 0087 34       		.uleb128 0x34
 483 0088 00       		.byte	0
 484 0089 03       		.uleb128 0x3
 485 008a 0E       		.uleb128 0xe
 486 008b 3A       		.uleb128 0x3a
 487 008c 0B       		.uleb128 0xb
 488 008d 3B       		.uleb128 0x3b
 489 008e 0B       		.uleb128 0xb
 490 008f 49       		.uleb128 0x49
 491 0090 13       		.uleb128 0x13
 492 0091 3F       		.uleb128 0x3f
 493 0092 19       		.uleb128 0x19
 494 0093 3C       		.uleb128 0x3c
 495 0094 19       		.uleb128 0x19
 496 0095 00       		.byte	0
 497 0096 00       		.byte	0
 498 0097 0C       		.uleb128 0xc
 499 0098 26       		.uleb128 0x26
 500 0099 00       		.byte	0
 501 009a 49       		.uleb128 0x49
 502 009b 13       		.uleb128 0x13
 503 009c 00       		.byte	0
 504 009d 00       		.byte	0
 505 009e 0D       		.uleb128 0xd
 506 009f 34       		.uleb128 0x34
 507 00a0 00       		.byte	0
 508 00a1 03       		.uleb128 0x3
 509 00a2 0E       		.uleb128 0xe
 510 00a3 3A       		.uleb128 0x3a
 511 00a4 0B       		.uleb128 0xb
 512 00a5 3B       		.uleb128 0x3b
 513 00a6 05       		.uleb128 0x5
 514 00a7 49       		.uleb128 0x49
ARM GAS  C:\Users\PANXIA~1\AppData\Local\Temp\ccN3csrQ.s 			page 11


 515 00a8 13       		.uleb128 0x13
 516 00a9 3F       		.uleb128 0x3f
 517 00aa 19       		.uleb128 0x19
 518 00ab 3C       		.uleb128 0x3c
 519 00ac 19       		.uleb128 0x19
 520 00ad 00       		.byte	0
 521 00ae 00       		.byte	0
 522 00af 0E       		.uleb128 0xe
 523 00b0 35       		.uleb128 0x35
 524 00b1 00       		.byte	0
 525 00b2 49       		.uleb128 0x49
 526 00b3 13       		.uleb128 0x13
 527 00b4 00       		.byte	0
 528 00b5 00       		.byte	0
 529 00b6 0F       		.uleb128 0xf
 530 00b7 2E       		.uleb128 0x2e
 531 00b8 00       		.byte	0
 532 00b9 3F       		.uleb128 0x3f
 533 00ba 19       		.uleb128 0x19
 534 00bb 03       		.uleb128 0x3
 535 00bc 0E       		.uleb128 0xe
 536 00bd 3A       		.uleb128 0x3a
 537 00be 0B       		.uleb128 0xb
 538 00bf 3B       		.uleb128 0x3b
 539 00c0 0B       		.uleb128 0xb
 540 00c1 27       		.uleb128 0x27
 541 00c2 19       		.uleb128 0x19
 542 00c3 3C       		.uleb128 0x3c
 543 00c4 19       		.uleb128 0x19
 544 00c5 00       		.byte	0
 545 00c6 00       		.byte	0
 546 00c7 10       		.uleb128 0x10
 547 00c8 2E       		.uleb128 0x2e
 548 00c9 01       		.byte	0x1
 549 00ca 3F       		.uleb128 0x3f
 550 00cb 19       		.uleb128 0x19
 551 00cc 03       		.uleb128 0x3
 552 00cd 0E       		.uleb128 0xe
 553 00ce 3A       		.uleb128 0x3a
 554 00cf 0B       		.uleb128 0xb
 555 00d0 3B       		.uleb128 0x3b
 556 00d1 0B       		.uleb128 0xb
 557 00d2 27       		.uleb128 0x27
 558 00d3 19       		.uleb128 0x19
 559 00d4 3C       		.uleb128 0x3c
 560 00d5 19       		.uleb128 0x19
 561 00d6 01       		.uleb128 0x1
 562 00d7 13       		.uleb128 0x13
 563 00d8 00       		.byte	0
 564 00d9 00       		.byte	0
 565 00da 11       		.uleb128 0x11
 566 00db 05       		.uleb128 0x5
 567 00dc 00       		.byte	0
 568 00dd 49       		.uleb128 0x49
 569 00de 13       		.uleb128 0x13
 570 00df 00       		.byte	0
 571 00e0 00       		.byte	0
ARM GAS  C:\Users\PANXIA~1\AppData\Local\Temp\ccN3csrQ.s 			page 12


 572 00e1 12       		.uleb128 0x12
 573 00e2 0F       		.uleb128 0xf
 574 00e3 00       		.byte	0
 575 00e4 0B       		.uleb128 0xb
 576 00e5 0B       		.uleb128 0xb
 577 00e6 49       		.uleb128 0x49
 578 00e7 13       		.uleb128 0x13
 579 00e8 00       		.byte	0
 580 00e9 00       		.byte	0
 581 00ea 00       		.byte	0
 582              		.section	.debug_aranges,"",%progbits
 583 0000 1C000000 		.4byte	0x1c
 584 0004 0200     		.2byte	0x2
 585 0006 00000000 		.4byte	.Ldebug_info0
 586 000a 04       		.byte	0x4
 587 000b 00       		.byte	0
 588 000c 0000     		.2byte	0
 589 000e 0000     		.2byte	0
 590 0010 00000000 		.4byte	.LFB63
 591 0014 44000000 		.4byte	.LFE63-.LFB63
 592 0018 00000000 		.4byte	0
 593 001c 00000000 		.4byte	0
 594              		.section	.debug_ranges,"",%progbits
 595              	.Ldebug_ranges0:
 596 0000 00000000 		.4byte	.LFB63
 597 0004 44000000 		.4byte	.LFE63
 598 0008 00000000 		.4byte	0
 599 000c 00000000 		.4byte	0
 600              		.section	.debug_line,"",%progbits
 601              	.Ldebug_line0:
 602 0000 9B010000 		.section	.debug_str,"MS",%progbits,1
 602      02007601 
 602      00000201 
 602      FB0E0D00 
 602      01010101 
 603              	.LASF20:
 604 0000 4C43445F 		.ascii	"LCD_Char_1_LoadCustomFonts\000"
 604      43686172 
 604      5F315F4C 
 604      6F616443 
 604      7573746F 
 605              	.LASF9:
 606 001b 5F5F696E 		.ascii	"__int32_t\000"
 606      7433325F 
 606      7400
 607              	.LASF27:
 608 0025 2E5C6D61 		.ascii	".\\main.c\000"
 608      696E2E63 
 608      00
 609              	.LASF13:
 610 002e 666C6F61 		.ascii	"float\000"
 610      7400
 611              	.LASF22:
 612 0034 4C43445F 		.ascii	"LCD_Char_1_PrintString\000"
 612      43686172 
 612      5F315F50 
 612      72696E74 
ARM GAS  C:\Users\PANXIA~1\AppData\Local\Temp\ccN3csrQ.s 			page 13


 612      53747269 
 613              	.LASF15:
 614 004b 63686172 		.ascii	"char8\000"
 614      3800
 615              	.LASF5:
 616 0051 6C6F6E67 		.ascii	"long unsigned int\000"
 616      20756E73 
 616      69676E65 
 616      6420696E 
 616      7400
 617              	.LASF3:
 618 0063 73686F72 		.ascii	"short unsigned int\000"
 618      7420756E 
 618      7369676E 
 618      65642069 
 618      6E7400
 619              	.LASF19:
 620 0076 49544D5F 		.ascii	"ITM_RxBuffer\000"
 620      52784275 
 620      66666572 
 620      00
 621              	.LASF1:
 622 0083 756E7369 		.ascii	"unsigned char\000"
 622      676E6564 
 622      20636861 
 622      7200
 623              	.LASF14:
 624 0091 646F7562 		.ascii	"double\000"
 624      6C6500
 625              	.LASF29:
 626 0098 6D61696E 		.ascii	"main\000"
 626      00
 627              	.LASF12:
 628 009d 75696E74 		.ascii	"uint32\000"
 628      333200
 629              	.LASF26:
 630 00a4 474E5520 		.ascii	"GNU C 4.9.3 20150303 (release) [ARM/embedded-4_9-br"
 630      4320342E 
 630      392E3320 
 630      32303135 
 630      30333033 
 631 00d7 616E6368 		.ascii	"anch revision 221220] -mcpu=cortex-m3 -mthumb -g -O"
 631      20726576 
 631      6973696F 
 631      6E203232 
 631      31323230 
 632 010a 67202D66 		.ascii	"g -ffunction-sections -ffat-lto-objects\000"
 632      66756E63 
 632      74696F6E 
 632      2D736563 
 632      74696F6E 
 633              	.LASF8:
 634 0132 756E7369 		.ascii	"unsigned int\000"
 634      676E6564 
 634      20696E74 
 634      00
 635              	.LASF7:
ARM GAS  C:\Users\PANXIA~1\AppData\Local\Temp\ccN3csrQ.s 			page 14


 636 013f 6C6F6E67 		.ascii	"long long unsigned int\000"
 636      206C6F6E 
 636      6720756E 
 636      7369676E 
 636      65642069 
 637              	.LASF10:
 638 0156 696E7433 		.ascii	"int32_t\000"
 638      325F7400 
 639              	.LASF18:
 640 015e 4C43445F 		.ascii	"LCD_Char_1_customFonts\000"
 640      43686172 
 640      5F315F63 
 640      7573746F 
 640      6D466F6E 
 641              	.LASF17:
 642 0175 73697A65 		.ascii	"sizetype\000"
 642      74797065 
 642      00
 643              	.LASF6:
 644 017e 6C6F6E67 		.ascii	"long long int\000"
 644      206C6F6E 
 644      6720696E 
 644      7400
 645              	.LASF16:
 646 018c 63686172 		.ascii	"char\000"
 646      00
 647              	.LASF21:
 648 0191 4C43445F 		.ascii	"LCD_Char_1_Position\000"
 648      43686172 
 648      5F315F50 
 648      6F736974 
 648      696F6E00 
 649              	.LASF25:
 650 01a5 426F6F74 		.ascii	"Bootloader_1_Start\000"
 650      6C6F6164 
 650      65725F31 
 650      5F537461 
 650      727400
 651              	.LASF28:
 652 01b8 443A5C47 		.ascii	"D:\\GIT\\A20_CANfestival\\A20Bootload\\A66_canfesti"
 652      49545C41 
 652      32305F43 
 652      414E6665 
 652      73746976 
 653 01e7 76616C5F 		.ascii	"val_bootload\\Workspace01\\MOTION-T1-2016-09-18-ver"
 653      626F6F74 
 653      6C6F6164 
 653      5C576F72 
 653      6B737061 
 654 0218 312E302E 		.ascii	"1.0.cydsn\000"
 654      63796473 
 654      6E00
 655              	.LASF24:
 656 0222 4C43445F 		.ascii	"LCD_Char_1_Init\000"
 656      43686172 
 656      5F315F49 
 656      6E697400 
ARM GAS  C:\Users\PANXIA~1\AppData\Local\Temp\ccN3csrQ.s 			page 15


 657              	.LASF2:
 658 0232 73686F72 		.ascii	"short int\000"
 658      7420696E 
 658      7400
 659              	.LASF11:
 660 023c 75696E74 		.ascii	"uint8\000"
 660      3800
 661              	.LASF4:
 662 0242 6C6F6E67 		.ascii	"long int\000"
 662      20696E74 
 662      00
 663              	.LASF0:
 664 024b 7369676E 		.ascii	"signed char\000"
 664      65642063 
 664      68617200 
 665              	.LASF23:
 666 0257 43794465 		.ascii	"CyDelay\000"
 666      6C617900 
 667              		.ident	"GCC: (GNU Tools for ARM Embedded Processors) 4.9.3 20150303 (release) [ARM/embedded-4_9-br
