ARM GAS  C:\Users\PANXIA~1\AppData\Local\Temp\ccvCpbIf.s 			page 1


   1              		.syntax unified
   2              		.cpu cortex-m3
   3              		.fpu softvfp
   4              		.eabi_attribute 20, 1
   5              		.eabi_attribute 21, 1
   6              		.eabi_attribute 23, 3
   7              		.eabi_attribute 24, 1
   8              		.eabi_attribute 25, 1
   9              		.eabi_attribute 26, 1
  10              		.eabi_attribute 30, 1
  11              		.eabi_attribute 34, 1
  12              		.eabi_attribute 18, 4
  13              		.thumb
  14              		.file	"USBFS_1_descr.c"
  15              		.text
  16              	.Ltext0:
  17              		.cfi_sections	.debug_frame
  18              		.global	USBFS_1_TABLE
  19              		.global	USBFS_1_DEVICE0_TABLE
  20              		.global	USBFS_1_DEVICE0_CONFIGURATION0_TABLE
  21              		.global	USBFS_1_DEVICE0_CONFIGURATION0_INTERFACE_CLASS
  22              		.global	USBFS_1_DEVICE0_CONFIGURATION0_EP_SETTINGS_TABLE
  23              		.global	USBFS_1_DEVICE0_CONFIGURATION0_INTERFACE0_TABLE
  24              		.global	USBFS_1_DEVICE0_CONFIGURATION0_INTERFACE0_ALTERNATE0_HID_TABLE
  25              		.global	USBFS_1_DEVICE0_CONFIGURATION0_INTERFACE0_ALTERNATE0_HID_OUT_RPT_TABLE
  26              		.comm	USBFS_1_DEVICE0_CONFIGURATION0_INTERFACE0_ALTERNATE0_HID_OUT_BUF,65,4
  27              		.comm	USBFS_1_DEVICE0_CONFIGURATION0_INTERFACE0_ALTERNATE0_HID_OUT_RPT_SCB,4,4
  28              		.global	USBFS_1_DEVICE0_CONFIGURATION0_INTERFACE0_ALTERNATE0_HID_IN_RPT_TABLE
  29              		.comm	USBFS_1_DEVICE0_CONFIGURATION0_INTERFACE0_ALTERNATE0_HID_IN_BUF,65,4
  30              		.comm	USBFS_1_DEVICE0_CONFIGURATION0_INTERFACE0_ALTERNATE0_HID_IN_RPT_SCB,4,4
  31              		.global	USBFS_1_HIDREPORT_DESCRIPTOR1
  32              		.global	USBFS_1_SN_STRING_DESCRIPTOR
  33              		.global	USBFS_1_STRING_DESCRIPTORS
  34              		.global	USBFS_1_DEVICE0_CONFIGURATION0_DESCR
  35              		.global	USBFS_1_DEVICE0_DESCR
  36              		.section	.rodata
  37              		.align	2
  38              		.type	USBFS_1_TABLE, %object
  39              		.size	USBFS_1_TABLE, 8
  40              	USBFS_1_TABLE:
  41 0000 01       		.byte	1
  42 0001 000000   		.space	3
  43 0004 00000000 		.word	USBFS_1_DEVICE0_TABLE
  44              		.type	USBFS_1_DEVICE0_TABLE, %object
  45              		.size	USBFS_1_DEVICE0_TABLE, 16
  46              	USBFS_1_DEVICE0_TABLE:
  47 0008 01       		.byte	1
  48 0009 000000   		.space	3
  49 000c 00000000 		.word	USBFS_1_DEVICE0_DESCR
  50 0010 01       		.byte	1
  51 0011 000000   		.space	3
  52 0014 00000000 		.word	USBFS_1_DEVICE0_CONFIGURATION0_TABLE
  53              		.type	USBFS_1_DEVICE0_CONFIGURATION0_TABLE, %object
  54              		.size	USBFS_1_DEVICE0_CONFIGURATION0_TABLE, 32
  55              	USBFS_1_DEVICE0_CONFIGURATION0_TABLE:
  56 0018 01       		.byte	1
  57 0019 000000   		.space	3
ARM GAS  C:\Users\PANXIA~1\AppData\Local\Temp\ccvCpbIf.s 			page 2


  58 001c 00000000 		.word	USBFS_1_DEVICE0_CONFIGURATION0_DESCR
  59 0020 02       		.byte	2
  60 0021 000000   		.space	3
  61 0024 00000000 		.word	USBFS_1_DEVICE0_CONFIGURATION0_EP_SETTINGS_TABLE
  62 0028 01       		.byte	1
  63 0029 000000   		.space	3
  64 002c 00000000 		.word	USBFS_1_DEVICE0_CONFIGURATION0_INTERFACE0_TABLE
  65 0030 00       		.byte	0
  66 0031 000000   		.space	3
  67 0034 00000000 		.word	USBFS_1_DEVICE0_CONFIGURATION0_INTERFACE_CLASS
  68              		.type	USBFS_1_DEVICE0_CONFIGURATION0_INTERFACE_CLASS, %object
  69              		.size	USBFS_1_DEVICE0_CONFIGURATION0_INTERFACE_CLASS, 1
  70              	USBFS_1_DEVICE0_CONFIGURATION0_INTERFACE_CLASS:
  71 0038 03       		.byte	3
  72 0039 000000   		.space	3
  73              		.type	USBFS_1_DEVICE0_CONFIGURATION0_EP_SETTINGS_TABLE, %object
  74              		.size	USBFS_1_DEVICE0_CONFIGURATION0_EP_SETTINGS_TABLE, 16
  75              	USBFS_1_DEVICE0_CONFIGURATION0_EP_SETTINGS_TABLE:
  76 003c 00       		.byte	0
  77 003d 00       		.byte	0
  78 003e 01       		.byte	1
  79 003f 03       		.byte	3
  80 0040 4000     		.short	64
  81 0042 03       		.byte	3
  82 0043 00       		.space	1
  83 0044 00       		.byte	0
  84 0045 00       		.byte	0
  85 0046 82       		.byte	-126
  86 0047 03       		.byte	3
  87 0048 4000     		.short	64
  88 004a 03       		.byte	3
  89 004b 00       		.space	1
  90              		.type	USBFS_1_DEVICE0_CONFIGURATION0_INTERFACE0_TABLE, %object
  91              		.size	USBFS_1_DEVICE0_CONFIGURATION0_INTERFACE0_TABLE, 8
  92              	USBFS_1_DEVICE0_CONFIGURATION0_INTERFACE0_TABLE:
  93 004c 01       		.byte	1
  94 004d 000000   		.space	3
  95 0050 00000000 		.word	USBFS_1_DEVICE0_CONFIGURATION0_INTERFACE0_ALTERNATE0_HID_TABLE
  96              		.type	USBFS_1_DEVICE0_CONFIGURATION0_INTERFACE0_ALTERNATE0_HID_TABLE, %object
  97              		.size	USBFS_1_DEVICE0_CONFIGURATION0_INTERFACE0_ALTERNATE0_HID_TABLE, 40
  98              	USBFS_1_DEVICE0_CONFIGURATION0_INTERFACE0_ALTERNATE0_HID_TABLE:
  99 0054 00       		.byte	0
 100 0055 000000   		.space	3
 101 0058 00000000 		.word	USBFS_1_DEVICE0_CONFIGURATION0_INTERFACE0_ALTERNATE0_HID_IN_RPT_TABLE
 102 005c 00       		.byte	0
 103 005d 000000   		.space	3
 104 0060 00000000 		.word	USBFS_1_DEVICE0_CONFIGURATION0_INTERFACE0_ALTERNATE0_HID_OUT_RPT_TABLE
 105 0064 00       		.byte	0
 106 0065 000000   		.space	3
 107 0068 00000000 		.word	0
 108 006c 01       		.byte	1
 109 006d 000000   		.space	3
 110 0070 00000000 		.word	USBFS_1_HIDREPORT_DESCRIPTOR1
 111 0074 01       		.byte	1
 112 0075 000000   		.space	3
 113 0078 12000000 		.word	USBFS_1_DEVICE0_CONFIGURATION0_DESCR+18
 114              		.type	USBFS_1_DEVICE0_CONFIGURATION0_INTERFACE0_ALTERNATE0_HID_OUT_RPT_TABLE, %object
ARM GAS  C:\Users\PANXIA~1\AppData\Local\Temp\ccvCpbIf.s 			page 3


 115              		.size	USBFS_1_DEVICE0_CONFIGURATION0_INTERFACE0_ALTERNATE0_HID_OUT_RPT_TABLE, 12
 116              	USBFS_1_DEVICE0_CONFIGURATION0_INTERFACE0_ALTERNATE0_HID_OUT_RPT_TABLE:
 117 007c 4100     		.short	65
 118 007e 0000     		.space	2
 119 0080 00000000 		.word	USBFS_1_DEVICE0_CONFIGURATION0_INTERFACE0_ALTERNATE0_HID_OUT_BUF
 120 0084 00000000 		.word	USBFS_1_DEVICE0_CONFIGURATION0_INTERFACE0_ALTERNATE0_HID_OUT_RPT_SCB
 121              		.type	USBFS_1_DEVICE0_CONFIGURATION0_INTERFACE0_ALTERNATE0_HID_IN_RPT_TABLE, %object
 122              		.size	USBFS_1_DEVICE0_CONFIGURATION0_INTERFACE0_ALTERNATE0_HID_IN_RPT_TABLE, 12
 123              	USBFS_1_DEVICE0_CONFIGURATION0_INTERFACE0_ALTERNATE0_HID_IN_RPT_TABLE:
 124 0088 4100     		.short	65
 125 008a 0000     		.space	2
 126 008c 00000000 		.word	USBFS_1_DEVICE0_CONFIGURATION0_INTERFACE0_ALTERNATE0_HID_IN_BUF
 127 0090 00000000 		.word	USBFS_1_DEVICE0_CONFIGURATION0_INTERFACE0_ALTERNATE0_HID_IN_RPT_SCB
 128              		.type	USBFS_1_HIDREPORT_DESCRIPTOR1, %object
 129              		.size	USBFS_1_HIDREPORT_DESCRIPTOR1, 40
 130              	USBFS_1_HIDREPORT_DESCRIPTOR1:
 131 0094 24       		.byte	36
 132 0095 00       		.byte	0
 133 0096 05       		.byte	5
 134 0097 01       		.byte	1
 135 0098 09       		.byte	9
 136 0099 00       		.byte	0
 137 009a A1       		.byte	-95
 138 009b 00       		.byte	0
 139 009c 09       		.byte	9
 140 009d 00       		.byte	0
 141 009e A1       		.byte	-95
 142 009f 00       		.byte	0
 143 00a0 09       		.byte	9
 144 00a1 00       		.byte	0
 145 00a2 15       		.byte	21
 146 00a3 00       		.byte	0
 147 00a4 25       		.byte	37
 148 00a5 FF       		.byte	-1
 149 00a6 75       		.byte	117
 150 00a7 08       		.byte	8
 151 00a8 95       		.byte	-107
 152 00a9 40       		.byte	64
 153 00aa 91       		.byte	-111
 154 00ab 02       		.byte	2
 155 00ac 09       		.byte	9
 156 00ad 00       		.byte	0
 157 00ae 15       		.byte	21
 158 00af 00       		.byte	0
 159 00b0 25       		.byte	37
 160 00b1 FF       		.byte	-1
 161 00b2 75       		.byte	117
 162 00b3 08       		.byte	8
 163 00b4 95       		.byte	-107
 164 00b5 40       		.byte	64
 165 00b6 81       		.byte	-127
 166 00b7 02       		.byte	2
 167 00b8 C0       		.byte	-64
 168 00b9 C0       		.byte	-64
 169 00ba 00       		.byte	0
 170 00bb 00       		.byte	0
 171              		.type	USBFS_1_SN_STRING_DESCRIPTOR, %object
ARM GAS  C:\Users\PANXIA~1\AppData\Local\Temp\ccvCpbIf.s 			page 4


 172              		.size	USBFS_1_SN_STRING_DESCRIPTOR, 10
 173              	USBFS_1_SN_STRING_DESCRIPTOR:
 174 00bc 0A       		.byte	10
 175 00bd 03       		.byte	3
 176 00be 30       		.byte	48
 177 00bf 00       		.byte	0
 178 00c0 30       		.byte	48
 179 00c1 00       		.byte	0
 180 00c2 30       		.byte	48
 181 00c3 00       		.byte	0
 182 00c4 31       		.byte	49
 183 00c5 00       		.byte	0
 184 00c6 0000     		.space	2
 185              		.type	USBFS_1_STRING_DESCRIPTORS, %object
 186              		.size	USBFS_1_STRING_DESCRIPTORS, 83
 187              	USBFS_1_STRING_DESCRIPTORS:
 188 00c8 04       		.byte	4
 189 00c9 03       		.byte	3
 190 00ca 09       		.byte	9
 191 00cb 04       		.byte	4
 192 00cc 2C       		.byte	44
 193 00cd 03       		.byte	3
 194 00ce 43       		.byte	67
 195 00cf 00       		.byte	0
 196 00d0 79       		.byte	121
 197 00d1 00       		.byte	0
 198 00d2 70       		.byte	112
 199 00d3 00       		.byte	0
 200 00d4 72       		.byte	114
 201 00d5 00       		.byte	0
 202 00d6 65       		.byte	101
 203 00d7 00       		.byte	0
 204 00d8 73       		.byte	115
 205 00d9 00       		.byte	0
 206 00da 73       		.byte	115
 207 00db 00       		.byte	0
 208 00dc 20       		.byte	32
 209 00dd 00       		.byte	0
 210 00de 53       		.byte	83
 211 00df 00       		.byte	0
 212 00e0 65       		.byte	101
 213 00e1 00       		.byte	0
 214 00e2 6D       		.byte	109
 215 00e3 00       		.byte	0
 216 00e4 69       		.byte	105
 217 00e5 00       		.byte	0
 218 00e6 63       		.byte	99
 219 00e7 00       		.byte	0
 220 00e8 6F       		.byte	111
 221 00e9 00       		.byte	0
 222 00ea 6E       		.byte	110
 223 00eb 00       		.byte	0
 224 00ec 64       		.byte	100
 225 00ed 00       		.byte	0
 226 00ee 75       		.byte	117
 227 00ef 00       		.byte	0
 228 00f0 63       		.byte	99
ARM GAS  C:\Users\PANXIA~1\AppData\Local\Temp\ccvCpbIf.s 			page 5


 229 00f1 00       		.byte	0
 230 00f2 74       		.byte	116
 231 00f3 00       		.byte	0
 232 00f4 6F       		.byte	111
 233 00f5 00       		.byte	0
 234 00f6 72       		.byte	114
 235 00f7 00       		.byte	0
 236 00f8 22       		.byte	34
 237 00f9 03       		.byte	3
 238 00fa 50       		.byte	80
 239 00fb 00       		.byte	0
 240 00fc 53       		.byte	83
 241 00fd 00       		.byte	0
 242 00fe 6F       		.byte	111
 243 00ff 00       		.byte	0
 244 0100 43       		.byte	67
 245 0101 00       		.byte	0
 246 0102 33       		.byte	51
 247 0103 00       		.byte	0
 248 0104 20       		.byte	32
 249 0105 00       		.byte	0
 250 0106 42       		.byte	66
 251 0107 00       		.byte	0
 252 0108 6F       		.byte	111
 253 0109 00       		.byte	0
 254 010a 6F       		.byte	111
 255 010b 00       		.byte	0
 256 010c 74       		.byte	116
 257 010d 00       		.byte	0
 258 010e 6C       		.byte	108
 259 010f 00       		.byte	0
 260 0110 6F       		.byte	111
 261 0111 00       		.byte	0
 262 0112 61       		.byte	97
 263 0113 00       		.byte	0
 264 0114 64       		.byte	100
 265 0115 00       		.byte	0
 266 0116 65       		.byte	101
 267 0117 00       		.byte	0
 268 0118 72       		.byte	114
 269 0119 00       		.byte	0
 270 011a 00       		.byte	0
 271 011b 00       		.space	1
 272              		.type	USBFS_1_DEVICE0_CONFIGURATION0_DESCR, %object
 273              		.size	USBFS_1_DEVICE0_CONFIGURATION0_DESCR, 41
 274              	USBFS_1_DEVICE0_CONFIGURATION0_DESCR:
 275 011c 09       		.byte	9
 276 011d 02       		.byte	2
 277 011e 29       		.byte	41
 278 011f 00       		.byte	0
 279 0120 01       		.byte	1
 280 0121 01       		.byte	1
 281 0122 00       		.byte	0
 282 0123 80       		.byte	-128
 283 0124 00       		.byte	0
 284 0125 09       		.byte	9
 285 0126 04       		.byte	4
ARM GAS  C:\Users\PANXIA~1\AppData\Local\Temp\ccvCpbIf.s 			page 6


 286 0127 00       		.byte	0
 287 0128 00       		.byte	0
 288 0129 02       		.byte	2
 289 012a 03       		.byte	3
 290 012b 00       		.byte	0
 291 012c 00       		.byte	0
 292 012d 02       		.byte	2
 293 012e 09       		.byte	9
 294 012f 21       		.byte	33
 295 0130 11       		.byte	17
 296 0131 01       		.byte	1
 297 0132 00       		.byte	0
 298 0133 01       		.byte	1
 299 0134 22       		.byte	34
 300 0135 24       		.byte	36
 301 0136 00       		.byte	0
 302 0137 07       		.byte	7
 303 0138 05       		.byte	5
 304 0139 01       		.byte	1
 305 013a 03       		.byte	3
 306 013b 40       		.byte	64
 307 013c 00       		.byte	0
 308 013d 01       		.byte	1
 309 013e 07       		.byte	7
 310 013f 05       		.byte	5
 311 0140 82       		.byte	-126
 312 0141 03       		.byte	3
 313 0142 40       		.byte	64
 314 0143 00       		.byte	0
 315 0144 01       		.byte	1
 316 0145 000000   		.space	3
 317              		.type	USBFS_1_DEVICE0_DESCR, %object
 318              		.size	USBFS_1_DEVICE0_DESCR, 18
 319              	USBFS_1_DEVICE0_DESCR:
 320 0148 12       		.byte	18
 321 0149 01       		.byte	1
 322 014a 00       		.byte	0
 323 014b 02       		.byte	2
 324 014c 00       		.byte	0
 325 014d 00       		.byte	0
 326 014e 00       		.byte	0
 327 014f 08       		.byte	8
 328 0150 B4       		.byte	-76
 329 0151 04       		.byte	4
 330 0152 1D       		.byte	29
 331 0153 B7       		.byte	-73
 332 0154 01       		.byte	1
 333 0155 30       		.byte	48
 334 0156 01       		.byte	1
 335 0157 02       		.byte	2
 336 0158 80       		.byte	-128
 337 0159 01       		.byte	1
 338 015a 0000     		.text
 339              	.Letext0:
 340              		.file 1 ".\\Generated_Source\\PSoC5\\cytypes.h"
 341              		.file 2 ".\\Generated_Source\\PSoC5\\USBFS_1.h"
 342              		.file 3 ".\\Generated_Source\\PSoC5\\USBFS_1_descr.c"
ARM GAS  C:\Users\PANXIA~1\AppData\Local\Temp\ccvCpbIf.s 			page 7


 343              		.section	.debug_info,"",%progbits
 344              	.Ldebug_info0:
 345 0000 DE030000 		.4byte	0x3de
 346 0004 0400     		.2byte	0x4
 347 0006 00000000 		.4byte	.Ldebug_abbrev0
 348 000a 04       		.byte	0x4
 349 000b 01       		.uleb128 0x1
 350 000c 5E020000 		.4byte	.LASF49
 351 0010 01       		.byte	0x1
 352 0011 29050000 		.4byte	.LASF50
 353 0015 49040000 		.4byte	.LASF51
 354 0019 00000000 		.4byte	.Ldebug_line0
 355 001d 02       		.uleb128 0x2
 356 001e 01       		.byte	0x1
 357 001f 06       		.byte	0x6
 358 0020 3B010000 		.4byte	.LASF0
 359 0024 02       		.uleb128 0x2
 360 0025 01       		.byte	0x1
 361 0026 08       		.byte	0x8
 362 0027 55010000 		.4byte	.LASF1
 363 002b 02       		.uleb128 0x2
 364 002c 02       		.byte	0x2
 365 002d 05       		.byte	0x5
 366 002e B3040000 		.4byte	.LASF2
 367 0032 02       		.uleb128 0x2
 368 0033 02       		.byte	0x2
 369 0034 07       		.byte	0x7
 370 0035 62000000 		.4byte	.LASF3
 371 0039 02       		.uleb128 0x2
 372 003a 04       		.byte	0x4
 373 003b 05       		.byte	0x5
 374 003c 59000000 		.4byte	.LASF4
 375 0040 02       		.uleb128 0x2
 376 0041 04       		.byte	0x4
 377 0042 07       		.byte	0x7
 378 0043 6E010000 		.4byte	.LASF5
 379 0047 02       		.uleb128 0x2
 380 0048 08       		.byte	0x8
 381 0049 05       		.byte	0x5
 382 004a EE030000 		.4byte	.LASF6
 383 004e 02       		.uleb128 0x2
 384 004f 08       		.byte	0x8
 385 0050 07       		.byte	0x7
 386 0051 1D030000 		.4byte	.LASF7
 387 0055 03       		.uleb128 0x3
 388 0056 04       		.byte	0x4
 389 0057 05       		.byte	0x5
 390 0058 696E7400 		.ascii	"int\000"
 391 005c 02       		.uleb128 0x2
 392 005d 04       		.byte	0x4
 393 005e 07       		.byte	0x7
 394 005f EC020000 		.4byte	.LASF8
 395 0063 04       		.uleb128 0x4
 396 0064 BD040000 		.4byte	.LASF9
 397 0068 01       		.byte	0x1
 398 0069 C2       		.byte	0xc2
 399 006a 24000000 		.4byte	0x24
ARM GAS  C:\Users\PANXIA~1\AppData\Local\Temp\ccvCpbIf.s 			page 8


 400 006e 04       		.uleb128 0x4
 401 006f 26020000 		.4byte	.LASF10
 402 0073 01       		.byte	0x1
 403 0074 C3       		.byte	0xc3
 404 0075 32000000 		.4byte	0x32
 405 0079 02       		.uleb128 0x2
 406 007a 04       		.byte	0x4
 407 007b 04       		.byte	0x4
 408 007c F6000000 		.4byte	.LASF11
 409 0080 02       		.uleb128 0x2
 410 0081 08       		.byte	0x8
 411 0082 04       		.byte	0x4
 412 0083 14020000 		.4byte	.LASF12
 413 0087 02       		.uleb128 0x2
 414 0088 01       		.byte	0x1
 415 0089 08       		.byte	0x8
 416 008a 17050000 		.4byte	.LASF13
 417 008e 05       		.uleb128 0x5
 418 008f 63000000 		.4byte	0x63
 419 0093 02       		.uleb128 0x2
 420 0094 04       		.byte	0x4
 421 0095 07       		.byte	0x7
 422 0096 C7030000 		.4byte	.LASF14
 423 009a 06       		.uleb128 0x6
 424 009b 08       		.byte	0x8
 425 009c 02       		.byte	0x2
 426 009d 8C       		.byte	0x8c
 427 009e EB000000 		.4byte	0xeb
 428 00a2 07       		.uleb128 0x7
 429 00a3 C3040000 		.4byte	.LASF15
 430 00a7 02       		.byte	0x2
 431 00a8 8E       		.byte	0x8e
 432 00a9 63000000 		.4byte	0x63
 433 00ad 00       		.byte	0
 434 00ae 07       		.uleb128 0x7
 435 00af EB000000 		.4byte	.LASF16
 436 00b3 02       		.byte	0x2
 437 00b4 8F       		.byte	0x8f
 438 00b5 63000000 		.4byte	0x63
 439 00b9 01       		.byte	0x1
 440 00ba 07       		.uleb128 0x7
 441 00bb 80010000 		.4byte	.LASF17
 442 00bf 02       		.byte	0x2
 443 00c0 90       		.byte	0x90
 444 00c1 63000000 		.4byte	0x63
 445 00c5 02       		.byte	0x2
 446 00c6 07       		.uleb128 0x7
 447 00c7 63010000 		.4byte	.LASF18
 448 00cb 02       		.byte	0x2
 449 00cc 91       		.byte	0x91
 450 00cd 63000000 		.4byte	0x63
 451 00d1 03       		.byte	0x3
 452 00d2 07       		.uleb128 0x7
 453 00d3 1B020000 		.4byte	.LASF19
 454 00d7 02       		.byte	0x2
 455 00d8 92       		.byte	0x92
 456 00d9 6E000000 		.4byte	0x6e
ARM GAS  C:\Users\PANXIA~1\AppData\Local\Temp\ccvCpbIf.s 			page 9


 457 00dd 04       		.byte	0x4
 458 00de 07       		.uleb128 0x7
 459 00df BE050000 		.4byte	.LASF20
 460 00e3 02       		.byte	0x2
 461 00e4 93       		.byte	0x93
 462 00e5 63000000 		.4byte	0x63
 463 00e9 06       		.byte	0x6
 464 00ea 00       		.byte	0
 465 00eb 04       		.uleb128 0x4
 466 00ec B7010000 		.4byte	.LASF21
 467 00f0 02       		.byte	0x2
 468 00f1 94       		.byte	0x94
 469 00f2 9A000000 		.4byte	0x9a
 470 00f6 06       		.uleb128 0x6
 471 00f7 04       		.byte	0x4
 472 00f8 02       		.byte	0x2
 473 00f9 96       		.byte	0x96
 474 00fa 17010000 		.4byte	0x117
 475 00fe 07       		.uleb128 0x7
 476 00ff 9A000000 		.4byte	.LASF22
 477 0103 02       		.byte	0x2
 478 0104 98       		.byte	0x98
 479 0105 63000000 		.4byte	0x63
 480 0109 00       		.byte	0
 481 010a 07       		.uleb128 0x7
 482 010b 92050000 		.4byte	.LASF23
 483 010f 02       		.byte	0x2
 484 0110 99       		.byte	0x99
 485 0111 6E000000 		.4byte	0x6e
 486 0115 02       		.byte	0x2
 487 0116 00       		.byte	0
 488 0117 04       		.uleb128 0x4
 489 0118 85010000 		.4byte	.LASF24
 490 011c 02       		.byte	0x2
 491 011d 9A       		.byte	0x9a
 492 011e F6000000 		.4byte	0xf6
 493 0122 06       		.uleb128 0x6
 494 0123 0C       		.byte	0xc
 495 0124 02       		.byte	0x2
 496 0125 9C       		.byte	0x9c
 497 0126 4F010000 		.4byte	0x14f
 498 012a 07       		.uleb128 0x7
 499 012b 53000000 		.4byte	.LASF25
 500 012f 02       		.byte	0x2
 501 0130 9E       		.byte	0x9e
 502 0131 6E000000 		.4byte	0x6e
 503 0135 00       		.byte	0
 504 0136 07       		.uleb128 0x7
 505 0137 E5000000 		.4byte	.LASF26
 506 013b 02       		.byte	0x2
 507 013c 9F       		.byte	0x9f
 508 013d 4F010000 		.4byte	0x14f
 509 0141 04       		.byte	0x4
 510 0142 07       		.uleb128 0x7
 511 0143 00000000 		.4byte	.LASF27
 512 0147 02       		.byte	0x2
 513 0148 A0       		.byte	0xa0
ARM GAS  C:\Users\PANXIA~1\AppData\Local\Temp\ccvCpbIf.s 			page 10


 514 0149 55010000 		.4byte	0x155
 515 014d 08       		.byte	0x8
 516 014e 00       		.byte	0
 517 014f 08       		.uleb128 0x8
 518 0150 04       		.byte	0x4
 519 0151 8E000000 		.4byte	0x8e
 520 0155 08       		.uleb128 0x8
 521 0156 04       		.byte	0x4
 522 0157 17010000 		.4byte	0x117
 523 015b 04       		.uleb128 0x4
 524 015c 1C050000 		.4byte	.LASF28
 525 0160 02       		.byte	0x2
 526 0161 A1       		.byte	0xa1
 527 0162 22010000 		.4byte	0x122
 528 0166 06       		.uleb128 0x6
 529 0167 08       		.byte	0x8
 530 0168 02       		.byte	0x2
 531 0169 A4       		.byte	0xa4
 532 016a 85010000 		.4byte	0x185
 533 016e 09       		.uleb128 0x9
 534 016f 6300     		.ascii	"c\000"
 535 0171 02       		.byte	0x2
 536 0172 A6       		.byte	0xa6
 537 0173 63000000 		.4byte	0x63
 538 0177 00       		.byte	0
 539 0178 07       		.uleb128 0x7
 540 0179 34030000 		.4byte	.LASF29
 541 017d 02       		.byte	0x2
 542 017e A7       		.byte	0xa7
 543 017f 85010000 		.4byte	0x185
 544 0183 04       		.byte	0x4
 545 0184 00       		.byte	0
 546 0185 08       		.uleb128 0x8
 547 0186 04       		.byte	0x4
 548 0187 8B010000 		.4byte	0x18b
 549 018b 0A       		.uleb128 0xa
 550 018c 04       		.uleb128 0x4
 551 018d F9020000 		.4byte	.LASF30
 552 0191 02       		.byte	0x2
 553 0192 A8       		.byte	0xa8
 554 0193 66010000 		.4byte	0x166
 555 0197 0B       		.uleb128 0xb
 556 0198 63000000 		.4byte	0x63
 557 019c A7010000 		.4byte	0x1a7
 558 01a0 0C       		.uleb128 0xc
 559 01a1 93000000 		.4byte	0x93
 560 01a5 11       		.byte	0x11
 561 01a6 00       		.byte	0
 562 01a7 0D       		.uleb128 0xd
 563 01a8 07030000 		.4byte	.LASF31
 564 01ac 03       		.byte	0x3
 565 01ad 26       		.byte	0x26
 566 01ae B8010000 		.4byte	0x1b8
 567 01b2 05       		.uleb128 0x5
 568 01b3 03       		.byte	0x3
 569 01b4 00000000 		.4byte	USBFS_1_DEVICE0_DESCR
 570 01b8 0E       		.uleb128 0xe
ARM GAS  C:\Users\PANXIA~1\AppData\Local\Temp\ccvCpbIf.s 			page 11


 571 01b9 97010000 		.4byte	0x197
 572 01bd 0B       		.uleb128 0xb
 573 01be 63000000 		.4byte	0x63
 574 01c2 CD010000 		.4byte	0x1cd
 575 01c6 0C       		.uleb128 0xc
 576 01c7 93000000 		.4byte	0x93
 577 01cb 28       		.byte	0x28
 578 01cc 00       		.byte	0
 579 01cd 0D       		.uleb128 0xd
 580 01ce 75000000 		.4byte	.LASF32
 581 01d2 03       		.byte	0x3
 582 01d3 39       		.byte	0x39
 583 01d4 DE010000 		.4byte	0x1de
 584 01d8 05       		.uleb128 0x5
 585 01d9 03       		.byte	0x3
 586 01da 00000000 		.4byte	USBFS_1_DEVICE0_CONFIGURATION0_DESCR
 587 01de 0E       		.uleb128 0xe
 588 01df BD010000 		.4byte	0x1bd
 589 01e3 0B       		.uleb128 0xb
 590 01e4 8C010000 		.4byte	0x18c
 591 01e8 F3010000 		.4byte	0x1f3
 592 01ec 0C       		.uleb128 0xc
 593 01ed 93000000 		.4byte	0x93
 594 01f1 00       		.byte	0
 595 01f2 00       		.byte	0
 596 01f3 0D       		.uleb128 0xd
 597 01f4 FC030000 		.4byte	.LASF33
 598 01f8 03       		.byte	0x3
 599 01f9 E7       		.byte	0xe7
 600 01fa 04020000 		.4byte	0x204
 601 01fe 05       		.uleb128 0x5
 602 01ff 03       		.byte	0x3
 603 0200 00000000 		.4byte	USBFS_1_DEVICE0_CONFIGURATION0_INTERFACE0_TABLE
 604 0204 0E       		.uleb128 0xe
 605 0205 E3010000 		.4byte	0x1e3
 606 0209 0B       		.uleb128 0xb
 607 020a EB000000 		.4byte	0xeb
 608 020e 19020000 		.4byte	0x219
 609 0212 0C       		.uleb128 0xc
 610 0213 93000000 		.4byte	0x93
 611 0217 01       		.byte	0x1
 612 0218 00       		.byte	0
 613 0219 0D       		.uleb128 0xd
 614 021a 2D020000 		.4byte	.LASF34
 615 021e 03       		.byte	0x3
 616 021f F2       		.byte	0xf2
 617 0220 2A020000 		.4byte	0x22a
 618 0224 05       		.uleb128 0x5
 619 0225 03       		.byte	0x3
 620 0226 00000000 		.4byte	USBFS_1_DEVICE0_CONFIGURATION0_EP_SETTINGS_TABLE
 621 022a 0E       		.uleb128 0xe
 622 022b 09020000 		.4byte	0x209
 623 022f 0B       		.uleb128 0xb
 624 0230 63000000 		.4byte	0x63
 625 0234 3F020000 		.4byte	0x23f
 626 0238 0C       		.uleb128 0xc
 627 0239 93000000 		.4byte	0x93
ARM GAS  C:\Users\PANXIA~1\AppData\Local\Temp\ccvCpbIf.s 			page 12


 628 023d 00       		.byte	0
 629 023e 00       		.byte	0
 630 023f 0D       		.uleb128 0xd
 631 0240 E8040000 		.4byte	.LASF35
 632 0244 03       		.byte	0x3
 633 0245 F7       		.byte	0xf7
 634 0246 50020000 		.4byte	0x250
 635 024a 05       		.uleb128 0x5
 636 024b 03       		.byte	0x3
 637 024c 00000000 		.4byte	USBFS_1_DEVICE0_CONFIGURATION0_INTERFACE_CLASS
 638 0250 0E       		.uleb128 0xe
 639 0251 2F020000 		.4byte	0x22f
 640 0255 0B       		.uleb128 0xb
 641 0256 8C010000 		.4byte	0x18c
 642 025a 65020000 		.4byte	0x265
 643 025e 0C       		.uleb128 0xc
 644 025f 93000000 		.4byte	0x93
 645 0263 03       		.byte	0x3
 646 0264 00       		.byte	0
 647 0265 0D       		.uleb128 0xd
 648 0266 99050000 		.4byte	.LASF36
 649 026a 03       		.byte	0x3
 650 026b FF       		.byte	0xff
 651 026c 76020000 		.4byte	0x276
 652 0270 05       		.uleb128 0x5
 653 0271 03       		.byte	0x3
 654 0272 00000000 		.4byte	USBFS_1_DEVICE0_CONFIGURATION0_TABLE
 655 0276 0E       		.uleb128 0xe
 656 0277 55020000 		.4byte	0x255
 657 027b 0B       		.uleb128 0xb
 658 027c 8C010000 		.4byte	0x18c
 659 0280 8B020000 		.4byte	0x28b
 660 0284 0C       		.uleb128 0xc
 661 0285 93000000 		.4byte	0x93
 662 0289 01       		.byte	0x1
 663 028a 00       		.byte	0
 664 028b 0F       		.uleb128 0xf
 665 028c A1010000 		.4byte	.LASF37
 666 0290 03       		.byte	0x3
 667 0291 0901     		.2byte	0x109
 668 0293 9D020000 		.4byte	0x29d
 669 0297 05       		.uleb128 0x5
 670 0298 03       		.byte	0x3
 671 0299 00000000 		.4byte	USBFS_1_DEVICE0_TABLE
 672 029d 0E       		.uleb128 0xe
 673 029e 7B020000 		.4byte	0x27b
 674 02a2 0F       		.uleb128 0xf
 675 02a3 47010000 		.4byte	.LASF38
 676 02a7 03       		.byte	0x3
 677 02a8 1001     		.2byte	0x110
 678 02aa B4020000 		.4byte	0x2b4
 679 02ae 05       		.uleb128 0x5
 680 02af 03       		.byte	0x3
 681 02b0 00000000 		.4byte	USBFS_1_TABLE
 682 02b4 0E       		.uleb128 0xe
 683 02b5 E3010000 		.4byte	0x1e3
 684 02b9 0B       		.uleb128 0xb
ARM GAS  C:\Users\PANXIA~1\AppData\Local\Temp\ccvCpbIf.s 			page 13


 685 02ba 63000000 		.4byte	0x63
 686 02be C9020000 		.4byte	0x2c9
 687 02c2 0C       		.uleb128 0xc
 688 02c3 93000000 		.4byte	0x93
 689 02c7 09       		.byte	0x9
 690 02c8 00       		.byte	0
 691 02c9 0D       		.uleb128 0xd
 692 02ca 2C040000 		.4byte	.LASF39
 693 02ce 03       		.byte	0x3
 694 02cf 91       		.byte	0x91
 695 02d0 DA020000 		.4byte	0x2da
 696 02d4 05       		.uleb128 0x5
 697 02d5 03       		.byte	0x3
 698 02d6 00000000 		.4byte	USBFS_1_SN_STRING_DESCRIPTOR
 699 02da 0E       		.uleb128 0xe
 700 02db B9020000 		.4byte	0x2b9
 701 02df 0B       		.uleb128 0xb
 702 02e0 63000000 		.4byte	0x63
 703 02e4 EF020000 		.4byte	0x2ef
 704 02e8 0C       		.uleb128 0xc
 705 02e9 93000000 		.4byte	0x93
 706 02ed 52       		.byte	0x52
 707 02ee 00       		.byte	0
 708 02ef 0D       		.uleb128 0xd
 709 02f0 CD040000 		.4byte	.LASF40
 710 02f4 03       		.byte	0x3
 711 02f5 70       		.byte	0x70
 712 02f6 00030000 		.4byte	0x300
 713 02fa 05       		.uleb128 0x5
 714 02fb 03       		.byte	0x3
 715 02fc 00000000 		.4byte	USBFS_1_STRING_DESCRIPTORS
 716 0300 0E       		.uleb128 0xe
 717 0301 DF020000 		.4byte	0x2df
 718 0305 0D       		.uleb128 0xd
 719 0306 A1000000 		.4byte	.LASF41
 720 030a 03       		.byte	0x3
 721 030b B8       		.byte	0xb8
 722 030c 17010000 		.4byte	0x117
 723 0310 05       		.uleb128 0x5
 724 0311 03       		.byte	0x3
 725 0312 00000000 		.4byte	USBFS_1_DEVICE0_CONFIGURATION0_INTERFACE0_ALTERNATE0_HID_IN_RPT_SCB
 726 0316 0B       		.uleb128 0xb
 727 0317 63000000 		.4byte	0x63
 728 031b 26030000 		.4byte	0x326
 729 031f 0C       		.uleb128 0xc
 730 0320 93000000 		.4byte	0x93
 731 0324 40       		.byte	0x40
 732 0325 00       		.byte	0
 733 0326 0D       		.uleb128 0xd
 734 0327 52050000 		.4byte	.LASF42
 735 032b 03       		.byte	0x3
 736 032c B9       		.byte	0xb9
 737 032d 16030000 		.4byte	0x316
 738 0331 05       		.uleb128 0x5
 739 0332 03       		.byte	0x3
 740 0333 00000000 		.4byte	USBFS_1_DEVICE0_CONFIGURATION0_INTERFACE0_ALTERNATE0_HID_IN_BUF
 741 0337 0D       		.uleb128 0xd
ARM GAS  C:\Users\PANXIA~1\AppData\Local\Temp\ccvCpbIf.s 			page 14


 742 0338 3B030000 		.4byte	.LASF43
 743 033c 03       		.byte	0x3
 744 033d C7       		.byte	0xc7
 745 033e 17010000 		.4byte	0x117
 746 0342 05       		.uleb128 0x5
 747 0343 03       		.byte	0x3
 748 0344 00000000 		.4byte	USBFS_1_DEVICE0_CONFIGURATION0_INTERFACE0_ALTERNATE0_HID_OUT_RPT_SCB
 749 0348 0D       		.uleb128 0xd
 750 0349 D3010000 		.4byte	.LASF44
 751 034d 03       		.byte	0x3
 752 034e C8       		.byte	0xc8
 753 034f 16030000 		.4byte	0x316
 754 0353 05       		.uleb128 0x5
 755 0354 03       		.byte	0x3
 756 0355 00000000 		.4byte	USBFS_1_DEVICE0_CONFIGURATION0_INTERFACE0_ALTERNATE0_HID_OUT_BUF
 757 0359 0B       		.uleb128 0xb
 758 035a 63000000 		.4byte	0x63
 759 035e 69030000 		.4byte	0x369
 760 0362 0C       		.uleb128 0xc
 761 0363 93000000 		.4byte	0x93
 762 0367 27       		.byte	0x27
 763 0368 00       		.byte	0
 764 0369 0D       		.uleb128 0xd
 765 036a D0030000 		.4byte	.LASF45
 766 036e 03       		.byte	0x3
 767 036f 9A       		.byte	0x9a
 768 0370 7A030000 		.4byte	0x37a
 769 0374 05       		.uleb128 0x5
 770 0375 03       		.byte	0x3
 771 0376 00000000 		.4byte	USBFS_1_HIDREPORT_DESCRIPTOR1
 772 037a 0E       		.uleb128 0xe
 773 037b 59030000 		.4byte	0x359
 774 037f 0B       		.uleb128 0xb
 775 0380 5B010000 		.4byte	0x15b
 776 0384 8F030000 		.4byte	0x38f
 777 0388 0C       		.uleb128 0xc
 778 0389 93000000 		.4byte	0x93
 779 038d 00       		.byte	0
 780 038e 00       		.byte	0
 781 038f 0D       		.uleb128 0xd
 782 0390 0D000000 		.4byte	.LASF46
 783 0394 03       		.byte	0x3
 784 0395 BF       		.byte	0xbf
 785 0396 A0030000 		.4byte	0x3a0
 786 039a 05       		.uleb128 0x5
 787 039b 03       		.byte	0x3
 788 039c 00000000 		.4byte	USBFS_1_DEVICE0_CONFIGURATION0_INTERFACE0_ALTERNATE0_HID_IN_RPT_TABLE
 789 03a0 0E       		.uleb128 0xe
 790 03a1 7F030000 		.4byte	0x37f
 791 03a5 0D       		.uleb128 0xd
 792 03a6 80030000 		.4byte	.LASF47
 793 03aa 03       		.byte	0x3
 794 03ab CE       		.byte	0xce
 795 03ac B6030000 		.4byte	0x3b6
 796 03b0 05       		.uleb128 0x5
 797 03b1 03       		.byte	0x3
 798 03b2 00000000 		.4byte	USBFS_1_DEVICE0_CONFIGURATION0_INTERFACE0_ALTERNATE0_HID_OUT_RPT_TABLE
ARM GAS  C:\Users\PANXIA~1\AppData\Local\Temp\ccvCpbIf.s 			page 15


 799 03b6 0E       		.uleb128 0xe
 800 03b7 7F030000 		.4byte	0x37f
 801 03bb 0B       		.uleb128 0xb
 802 03bc 8C010000 		.4byte	0x18c
 803 03c0 CB030000 		.4byte	0x3cb
 804 03c4 0C       		.uleb128 0xc
 805 03c5 93000000 		.4byte	0x93
 806 03c9 04       		.byte	0x4
 807 03ca 00       		.byte	0
 808 03cb 0D       		.uleb128 0xd
 809 03cc FC000000 		.4byte	.LASF48
 810 03d0 03       		.byte	0x3
 811 03d1 DB       		.byte	0xdb
 812 03d2 DC030000 		.4byte	0x3dc
 813 03d6 05       		.uleb128 0x5
 814 03d7 03       		.byte	0x3
 815 03d8 00000000 		.4byte	USBFS_1_DEVICE0_CONFIGURATION0_INTERFACE0_ALTERNATE0_HID_TABLE
 816 03dc 0E       		.uleb128 0xe
 817 03dd BB030000 		.4byte	0x3bb
 818 03e1 00       		.byte	0
 819              		.section	.debug_abbrev,"",%progbits
 820              	.Ldebug_abbrev0:
 821 0000 01       		.uleb128 0x1
 822 0001 11       		.uleb128 0x11
 823 0002 01       		.byte	0x1
 824 0003 25       		.uleb128 0x25
 825 0004 0E       		.uleb128 0xe
 826 0005 13       		.uleb128 0x13
 827 0006 0B       		.uleb128 0xb
 828 0007 03       		.uleb128 0x3
 829 0008 0E       		.uleb128 0xe
 830 0009 1B       		.uleb128 0x1b
 831 000a 0E       		.uleb128 0xe
 832 000b 10       		.uleb128 0x10
 833 000c 17       		.uleb128 0x17
 834 000d 00       		.byte	0
 835 000e 00       		.byte	0
 836 000f 02       		.uleb128 0x2
 837 0010 24       		.uleb128 0x24
 838 0011 00       		.byte	0
 839 0012 0B       		.uleb128 0xb
 840 0013 0B       		.uleb128 0xb
 841 0014 3E       		.uleb128 0x3e
 842 0015 0B       		.uleb128 0xb
 843 0016 03       		.uleb128 0x3
 844 0017 0E       		.uleb128 0xe
 845 0018 00       		.byte	0
 846 0019 00       		.byte	0
 847 001a 03       		.uleb128 0x3
 848 001b 24       		.uleb128 0x24
 849 001c 00       		.byte	0
 850 001d 0B       		.uleb128 0xb
 851 001e 0B       		.uleb128 0xb
 852 001f 3E       		.uleb128 0x3e
 853 0020 0B       		.uleb128 0xb
 854 0021 03       		.uleb128 0x3
 855 0022 08       		.uleb128 0x8
ARM GAS  C:\Users\PANXIA~1\AppData\Local\Temp\ccvCpbIf.s 			page 16


 856 0023 00       		.byte	0
 857 0024 00       		.byte	0
 858 0025 04       		.uleb128 0x4
 859 0026 16       		.uleb128 0x16
 860 0027 00       		.byte	0
 861 0028 03       		.uleb128 0x3
 862 0029 0E       		.uleb128 0xe
 863 002a 3A       		.uleb128 0x3a
 864 002b 0B       		.uleb128 0xb
 865 002c 3B       		.uleb128 0x3b
 866 002d 0B       		.uleb128 0xb
 867 002e 49       		.uleb128 0x49
 868 002f 13       		.uleb128 0x13
 869 0030 00       		.byte	0
 870 0031 00       		.byte	0
 871 0032 05       		.uleb128 0x5
 872 0033 35       		.uleb128 0x35
 873 0034 00       		.byte	0
 874 0035 49       		.uleb128 0x49
 875 0036 13       		.uleb128 0x13
 876 0037 00       		.byte	0
 877 0038 00       		.byte	0
 878 0039 06       		.uleb128 0x6
 879 003a 13       		.uleb128 0x13
 880 003b 01       		.byte	0x1
 881 003c 0B       		.uleb128 0xb
 882 003d 0B       		.uleb128 0xb
 883 003e 3A       		.uleb128 0x3a
 884 003f 0B       		.uleb128 0xb
 885 0040 3B       		.uleb128 0x3b
 886 0041 0B       		.uleb128 0xb
 887 0042 01       		.uleb128 0x1
 888 0043 13       		.uleb128 0x13
 889 0044 00       		.byte	0
 890 0045 00       		.byte	0
 891 0046 07       		.uleb128 0x7
 892 0047 0D       		.uleb128 0xd
 893 0048 00       		.byte	0
 894 0049 03       		.uleb128 0x3
 895 004a 0E       		.uleb128 0xe
 896 004b 3A       		.uleb128 0x3a
 897 004c 0B       		.uleb128 0xb
 898 004d 3B       		.uleb128 0x3b
 899 004e 0B       		.uleb128 0xb
 900 004f 49       		.uleb128 0x49
 901 0050 13       		.uleb128 0x13
 902 0051 38       		.uleb128 0x38
 903 0052 0B       		.uleb128 0xb
 904 0053 00       		.byte	0
 905 0054 00       		.byte	0
 906 0055 08       		.uleb128 0x8
 907 0056 0F       		.uleb128 0xf
 908 0057 00       		.byte	0
 909 0058 0B       		.uleb128 0xb
 910 0059 0B       		.uleb128 0xb
 911 005a 49       		.uleb128 0x49
 912 005b 13       		.uleb128 0x13
ARM GAS  C:\Users\PANXIA~1\AppData\Local\Temp\ccvCpbIf.s 			page 17


 913 005c 00       		.byte	0
 914 005d 00       		.byte	0
 915 005e 09       		.uleb128 0x9
 916 005f 0D       		.uleb128 0xd
 917 0060 00       		.byte	0
 918 0061 03       		.uleb128 0x3
 919 0062 08       		.uleb128 0x8
 920 0063 3A       		.uleb128 0x3a
 921 0064 0B       		.uleb128 0xb
 922 0065 3B       		.uleb128 0x3b
 923 0066 0B       		.uleb128 0xb
 924 0067 49       		.uleb128 0x49
 925 0068 13       		.uleb128 0x13
 926 0069 38       		.uleb128 0x38
 927 006a 0B       		.uleb128 0xb
 928 006b 00       		.byte	0
 929 006c 00       		.byte	0
 930 006d 0A       		.uleb128 0xa
 931 006e 26       		.uleb128 0x26
 932 006f 00       		.byte	0
 933 0070 00       		.byte	0
 934 0071 00       		.byte	0
 935 0072 0B       		.uleb128 0xb
 936 0073 01       		.uleb128 0x1
 937 0074 01       		.byte	0x1
 938 0075 49       		.uleb128 0x49
 939 0076 13       		.uleb128 0x13
 940 0077 01       		.uleb128 0x1
 941 0078 13       		.uleb128 0x13
 942 0079 00       		.byte	0
 943 007a 00       		.byte	0
 944 007b 0C       		.uleb128 0xc
 945 007c 21       		.uleb128 0x21
 946 007d 00       		.byte	0
 947 007e 49       		.uleb128 0x49
 948 007f 13       		.uleb128 0x13
 949 0080 2F       		.uleb128 0x2f
 950 0081 0B       		.uleb128 0xb
 951 0082 00       		.byte	0
 952 0083 00       		.byte	0
 953 0084 0D       		.uleb128 0xd
 954 0085 34       		.uleb128 0x34
 955 0086 00       		.byte	0
 956 0087 03       		.uleb128 0x3
 957 0088 0E       		.uleb128 0xe
 958 0089 3A       		.uleb128 0x3a
 959 008a 0B       		.uleb128 0xb
 960 008b 3B       		.uleb128 0x3b
 961 008c 0B       		.uleb128 0xb
 962 008d 49       		.uleb128 0x49
 963 008e 13       		.uleb128 0x13
 964 008f 3F       		.uleb128 0x3f
 965 0090 19       		.uleb128 0x19
 966 0091 02       		.uleb128 0x2
 967 0092 18       		.uleb128 0x18
 968 0093 00       		.byte	0
 969 0094 00       		.byte	0
ARM GAS  C:\Users\PANXIA~1\AppData\Local\Temp\ccvCpbIf.s 			page 18


 970 0095 0E       		.uleb128 0xe
 971 0096 26       		.uleb128 0x26
 972 0097 00       		.byte	0
 973 0098 49       		.uleb128 0x49
 974 0099 13       		.uleb128 0x13
 975 009a 00       		.byte	0
 976 009b 00       		.byte	0
 977 009c 0F       		.uleb128 0xf
 978 009d 34       		.uleb128 0x34
 979 009e 00       		.byte	0
 980 009f 03       		.uleb128 0x3
 981 00a0 0E       		.uleb128 0xe
 982 00a1 3A       		.uleb128 0x3a
 983 00a2 0B       		.uleb128 0xb
 984 00a3 3B       		.uleb128 0x3b
 985 00a4 05       		.uleb128 0x5
 986 00a5 49       		.uleb128 0x49
 987 00a6 13       		.uleb128 0x13
 988 00a7 3F       		.uleb128 0x3f
 989 00a8 19       		.uleb128 0x19
 990 00a9 02       		.uleb128 0x2
 991 00aa 18       		.uleb128 0x18
 992 00ab 00       		.byte	0
 993 00ac 00       		.byte	0
 994 00ad 00       		.byte	0
 995              		.section	.debug_aranges,"",%progbits
 996 0000 14000000 		.4byte	0x14
 997 0004 0200     		.2byte	0x2
 998 0006 00000000 		.4byte	.Ldebug_info0
 999 000a 04       		.byte	0x4
 1000 000b 00       		.byte	0
 1001 000c 0000     		.2byte	0
 1002 000e 0000     		.2byte	0
 1003 0010 00000000 		.4byte	0
 1004 0014 00000000 		.4byte	0
 1005              		.section	.debug_line,"",%progbits
 1006              	.Ldebug_line0:
 1007 0000 5F000000 		.section	.debug_str,"MS",%progbits,1
 1007      02005900 
 1007      00000201 
 1007      FB0E0D00 
 1007      01010101 
 1008              	.LASF27:
 1009 0000 70537461 		.ascii	"pStatusBlock\000"
 1009      74757342 
 1009      6C6F636B 
 1009      00
 1010              	.LASF46:
 1011 000d 55534246 		.ascii	"USBFS_1_DEVICE0_CONFIGURATION0_INTERFACE0_ALTERNATE"
 1011      535F315F 
 1011      44455649 
 1011      4345305F 
 1011      434F4E46 
 1012 0040 305F4849 		.ascii	"0_HID_IN_RPT_TABLE\000"
 1012      445F494E 
 1012      5F525054 
 1012      5F544142 
ARM GAS  C:\Users\PANXIA~1\AppData\Local\Temp\ccvCpbIf.s 			page 19


 1012      4C4500
 1013              	.LASF25:
 1014 0053 636F756E 		.ascii	"count\000"
 1014      7400
 1015              	.LASF4:
 1016 0059 6C6F6E67 		.ascii	"long int\000"
 1016      20696E74 
 1016      00
 1017              	.LASF3:
 1018 0062 73686F72 		.ascii	"short unsigned int\000"
 1018      7420756E 
 1018      7369676E 
 1018      65642069 
 1018      6E7400
 1019              	.LASF32:
 1020 0075 55534246 		.ascii	"USBFS_1_DEVICE0_CONFIGURATION0_DESCR\000"
 1020      535F315F 
 1020      44455649 
 1020      4345305F 
 1020      434F4E46 
 1021              	.LASF22:
 1022 009a 73746174 		.ascii	"status\000"
 1022      757300
 1023              	.LASF41:
 1024 00a1 55534246 		.ascii	"USBFS_1_DEVICE0_CONFIGURATION0_INTERFACE0_ALTERNATE"
 1024      535F315F 
 1024      44455649 
 1024      4345305F 
 1024      434F4E46 
 1025 00d4 305F4849 		.ascii	"0_HID_IN_RPT_SCB\000"
 1025      445F494E 
 1025      5F525054 
 1025      5F534342 
 1025      00
 1026              	.LASF26:
 1027 00e5 70446174 		.ascii	"pData\000"
 1027      6100
 1028              	.LASF16:
 1029 00eb 616C7453 		.ascii	"altSetting\000"
 1029      65747469 
 1029      6E6700
 1030              	.LASF11:
 1031 00f6 666C6F61 		.ascii	"float\000"
 1031      7400
 1032              	.LASF48:
 1033 00fc 55534246 		.ascii	"USBFS_1_DEVICE0_CONFIGURATION0_INTERFACE0_ALTERNATE"
 1033      535F315F 
 1033      44455649 
 1033      4345305F 
 1033      434F4E46 
 1034 012f 305F4849 		.ascii	"0_HID_TABLE\000"
 1034      445F5441 
 1034      424C4500 
 1035              	.LASF0:
 1036 013b 7369676E 		.ascii	"signed char\000"
 1036      65642063 
 1036      68617200 
ARM GAS  C:\Users\PANXIA~1\AppData\Local\Temp\ccvCpbIf.s 			page 20


 1037              	.LASF38:
 1038 0147 55534246 		.ascii	"USBFS_1_TABLE\000"
 1038      535F315F 
 1038      5441424C 
 1038      4500
 1039              	.LASF1:
 1040 0155 756E7369 		.ascii	"unsigned char\000"
 1040      676E6564 
 1040      20636861 
 1040      7200
 1041              	.LASF18:
 1042 0163 61747472 		.ascii	"attributes\000"
 1042      69627574 
 1042      657300
 1043              	.LASF5:
 1044 016e 6C6F6E67 		.ascii	"long unsigned int\000"
 1044      20756E73 
 1044      69676E65 
 1044      6420696E 
 1044      7400
 1045              	.LASF17:
 1046 0180 61646472 		.ascii	"addr\000"
 1046      00
 1047              	.LASF24:
 1048 0185 545F5553 		.ascii	"T_USBFS_1_XFER_STATUS_BLOCK\000"
 1048      4246535F 
 1048      315F5846 
 1048      45525F53 
 1048      54415455 
 1049              	.LASF37:
 1050 01a1 55534246 		.ascii	"USBFS_1_DEVICE0_TABLE\000"
 1050      535F315F 
 1050      44455649 
 1050      4345305F 
 1050      5441424C 
 1051              	.LASF21:
 1052 01b7 545F5553 		.ascii	"T_USBFS_1_EP_SETTINGS_BLOCK\000"
 1052      4246535F 
 1052      315F4550 
 1052      5F534554 
 1052      54494E47 
 1053              	.LASF44:
 1054 01d3 55534246 		.ascii	"USBFS_1_DEVICE0_CONFIGURATION0_INTERFACE0_ALTERNATE"
 1054      535F315F 
 1054      44455649 
 1054      4345305F 
 1054      434F4E46 
 1055 0206 305F4849 		.ascii	"0_HID_OUT_BUF\000"
 1055      445F4F55 
 1055      545F4255 
 1055      4600
 1056              	.LASF12:
 1057 0214 646F7562 		.ascii	"double\000"
 1057      6C6500
 1058              	.LASF19:
 1059 021b 62756666 		.ascii	"bufferSize\000"
 1059      65725369 
ARM GAS  C:\Users\PANXIA~1\AppData\Local\Temp\ccvCpbIf.s 			page 21


 1059      7A6500
 1060              	.LASF10:
 1061 0226 75696E74 		.ascii	"uint16\000"
 1061      313600
 1062              	.LASF34:
 1063 022d 55534246 		.ascii	"USBFS_1_DEVICE0_CONFIGURATION0_EP_SETTINGS_TABLE\000"
 1063      535F315F 
 1063      44455649 
 1063      4345305F 
 1063      434F4E46 
 1064              	.LASF49:
 1065 025e 474E5520 		.ascii	"GNU C 4.9.3 20150303 (release) [ARM/embedded-4_9-br"
 1065      4320342E 
 1065      392E3320 
 1065      32303135 
 1065      30333033 
 1066 0291 616E6368 		.ascii	"anch revision 221220] -mcpu=cortex-m3 -mthumb -g -O"
 1066      20726576 
 1066      6973696F 
 1066      6E203232 
 1066      31323230 
 1067 02c4 67202D66 		.ascii	"g -ffunction-sections -ffat-lto-objects\000"
 1067      66756E63 
 1067      74696F6E 
 1067      2D736563 
 1067      74696F6E 
 1068              	.LASF8:
 1069 02ec 756E7369 		.ascii	"unsigned int\000"
 1069      676E6564 
 1069      20696E74 
 1069      00
 1070              	.LASF30:
 1071 02f9 545F5553 		.ascii	"T_USBFS_1_LUT\000"
 1071      4246535F 
 1071      315F4C55 
 1071      5400
 1072              	.LASF31:
 1073 0307 55534246 		.ascii	"USBFS_1_DEVICE0_DESCR\000"
 1073      535F315F 
 1073      44455649 
 1073      4345305F 
 1073      44455343 
 1074              	.LASF7:
 1075 031d 6C6F6E67 		.ascii	"long long unsigned int\000"
 1075      206C6F6E 
 1075      6720756E 
 1075      7369676E 
 1075      65642069 
 1076              	.LASF29:
 1077 0334 705F6C69 		.ascii	"p_list\000"
 1077      737400
 1078              	.LASF43:
 1079 033b 55534246 		.ascii	"USBFS_1_DEVICE0_CONFIGURATION0_INTERFACE0_ALTERNATE"
 1079      535F315F 
 1079      44455649 
 1079      4345305F 
 1079      434F4E46 
ARM GAS  C:\Users\PANXIA~1\AppData\Local\Temp\ccvCpbIf.s 			page 22


 1080 036e 305F4849 		.ascii	"0_HID_OUT_RPT_SCB\000"
 1080      445F4F55 
 1080      545F5250 
 1080      545F5343 
 1080      4200
 1081              	.LASF47:
 1082 0380 55534246 		.ascii	"USBFS_1_DEVICE0_CONFIGURATION0_INTERFACE0_ALTERNATE"
 1082      535F315F 
 1082      44455649 
 1082      4345305F 
 1082      434F4E46 
 1083 03b3 305F4849 		.ascii	"0_HID_OUT_RPT_TABLE\000"
 1083      445F4F55 
 1083      545F5250 
 1083      545F5441 
 1083      424C4500 
 1084              	.LASF14:
 1085 03c7 73697A65 		.ascii	"sizetype\000"
 1085      74797065 
 1085      00
 1086              	.LASF45:
 1087 03d0 55534246 		.ascii	"USBFS_1_HIDREPORT_DESCRIPTOR1\000"
 1087      535F315F 
 1087      48494452 
 1087      45504F52 
 1087      545F4445 
 1088              	.LASF6:
 1089 03ee 6C6F6E67 		.ascii	"long long int\000"
 1089      206C6F6E 
 1089      6720696E 
 1089      7400
 1090              	.LASF33:
 1091 03fc 55534246 		.ascii	"USBFS_1_DEVICE0_CONFIGURATION0_INTERFACE0_TABLE\000"
 1091      535F315F 
 1091      44455649 
 1091      4345305F 
 1091      434F4E46 
 1092              	.LASF39:
 1093 042c 55534246 		.ascii	"USBFS_1_SN_STRING_DESCRIPTOR\000"
 1093      535F315F 
 1093      534E5F53 
 1093      5452494E 
 1093      475F4445 
 1094              	.LASF51:
 1095 0449 443A5C47 		.ascii	"D:\\GIT\\A20_CANfestival\\A20Bootload\\A66_canfesti"
 1095      49545C41 
 1095      32305F43 
 1095      414E6665 
 1095      73746976 
 1096 0478 76616C5F 		.ascii	"val_bootload\\Workspace01\\MOTION-T1-2016-09-18-ver"
 1096      626F6F74 
 1096      6C6F6164 
 1096      5C576F72 
 1096      6B737061 
 1097 04a9 312E302E 		.ascii	"1.0.cydsn\000"
 1097      63796473 
 1097      6E00
ARM GAS  C:\Users\PANXIA~1\AppData\Local\Temp\ccvCpbIf.s 			page 23


 1098              	.LASF2:
 1099 04b3 73686F72 		.ascii	"short int\000"
 1099      7420696E 
 1099      7400
 1100              	.LASF9:
 1101 04bd 75696E74 		.ascii	"uint8\000"
 1101      3800
 1102              	.LASF15:
 1103 04c3 696E7465 		.ascii	"interface\000"
 1103      72666163 
 1103      6500
 1104              	.LASF40:
 1105 04cd 55534246 		.ascii	"USBFS_1_STRING_DESCRIPTORS\000"
 1105      535F315F 
 1105      53545249 
 1105      4E475F44 
 1105      45534352 
 1106              	.LASF35:
 1107 04e8 55534246 		.ascii	"USBFS_1_DEVICE0_CONFIGURATION0_INTERFACE_CLASS\000"
 1107      535F315F 
 1107      44455649 
 1107      4345305F 
 1107      434F4E46 
 1108              	.LASF13:
 1109 0517 63686172 		.ascii	"char\000"
 1109      00
 1110              	.LASF28:
 1111 051c 545F5553 		.ascii	"T_USBFS_1_TD\000"
 1111      4246535F 
 1111      315F5444 
 1111      00
 1112              	.LASF50:
 1113 0529 2E5C4765 		.ascii	".\\Generated_Source\\PSoC5\\USBFS_1_descr.c\000"
 1113      6E657261 
 1113      7465645F 
 1113      536F7572 
 1113      63655C50 
 1114              	.LASF42:
 1115 0552 55534246 		.ascii	"USBFS_1_DEVICE0_CONFIGURATION0_INTERFACE0_ALTERNATE"
 1115      535F315F 
 1115      44455649 
 1115      4345305F 
 1115      434F4E46 
 1116 0585 305F4849 		.ascii	"0_HID_IN_BUF\000"
 1116      445F494E 
 1116      5F425546 
 1116      00
 1117              	.LASF23:
 1118 0592 6C656E67 		.ascii	"length\000"
 1118      746800
 1119              	.LASF36:
 1120 0599 55534246 		.ascii	"USBFS_1_DEVICE0_CONFIGURATION0_TABLE\000"
 1120      535F315F 
 1120      44455649 
 1120      4345305F 
 1120      434F4E46 
 1121              	.LASF20:
ARM GAS  C:\Users\PANXIA~1\AppData\Local\Temp\ccvCpbIf.s 			page 24


 1122 05be 624D6973 		.ascii	"bMisc\000"
 1122      6300
 1123              		.ident	"GCC: (GNU Tools for ARM Embedded Processors) 4.9.3 20150303 (release) [ARM/embedded-4_9-br
