ARM GAS  C:\Users\PANXIA~1\AppData\Local\Temp\ccVr3LyT.s 			page 1


   1              		.syntax unified
   2              		.cpu cortex-m3
   3              		.fpu softvfp
   4              		.eabi_attribute 20, 1
   5              		.eabi_attribute 21, 1
   6              		.eabi_attribute 23, 3
   7              		.eabi_attribute 24, 1
   8              		.eabi_attribute 25, 1
   9              		.eabi_attribute 26, 1
  10              		.eabi_attribute 30, 1
  11              		.eabi_attribute 34, 1
  12              		.eabi_attribute 18, 4
  13              		.thumb
  14              		.file	"CAN_1_INT.c"
  15              		.text
  16              	.Ltext0:
  17              		.cfi_sections	.debug_frame
  18              		.section	.text.CAN_1_BusOffIsr,"ax",%progbits
  19              		.align	2
  20              		.global	CAN_1_BusOffIsr
  21              		.thumb
  22              		.thumb_func
  23              		.type	CAN_1_BusOffIsr, %function
  24              	CAN_1_BusOffIsr:
  25              	.LFB0:
  26              		.file 1 ".\\Generated_Source\\PSoC5\\CAN_1_INT.c"
   1:.\Generated_Source\PSoC5/CAN_1_INT.c **** /*******************************************************************************
   2:.\Generated_Source\PSoC5/CAN_1_INT.c **** * File Name: CAN_1_INT.c
   3:.\Generated_Source\PSoC5/CAN_1_INT.c **** * Version 3.0
   4:.\Generated_Source\PSoC5/CAN_1_INT.c **** *
   5:.\Generated_Source\PSoC5/CAN_1_INT.c **** * Description:
   6:.\Generated_Source\PSoC5/CAN_1_INT.c **** *  This file contains Interrupt Service Routine (ISR) for CAN Component.
   7:.\Generated_Source\PSoC5/CAN_1_INT.c **** *  The Interrupt handlers functions are generated accordingly to the PSoC
   8:.\Generated_Source\PSoC5/CAN_1_INT.c **** *  Creator Customizer inputs.
   9:.\Generated_Source\PSoC5/CAN_1_INT.c **** *
  10:.\Generated_Source\PSoC5/CAN_1_INT.c **** * Note:
  11:.\Generated_Source\PSoC5/CAN_1_INT.c **** *  None
  12:.\Generated_Source\PSoC5/CAN_1_INT.c **** *
  13:.\Generated_Source\PSoC5/CAN_1_INT.c **** ********************************************************************************
  14:.\Generated_Source\PSoC5/CAN_1_INT.c **** * Copyright 2008-2015, Cypress Semiconductor Corporation.  All rights reserved.
  15:.\Generated_Source\PSoC5/CAN_1_INT.c **** * You may use this file only in accordance with the license, terms, conditions,
  16:.\Generated_Source\PSoC5/CAN_1_INT.c **** * disclaimers, and limitations in the end user license agreement accompanying
  17:.\Generated_Source\PSoC5/CAN_1_INT.c **** * the software package with which this file was provided.
  18:.\Generated_Source\PSoC5/CAN_1_INT.c **** *******************************************************************************/
  19:.\Generated_Source\PSoC5/CAN_1_INT.c **** 
  20:.\Generated_Source\PSoC5/CAN_1_INT.c **** #include "CAN_1.h"
  21:.\Generated_Source\PSoC5/CAN_1_INT.c **** #include "cyapicallbacks.h"
  22:.\Generated_Source\PSoC5/CAN_1_INT.c **** 
  23:.\Generated_Source\PSoC5/CAN_1_INT.c **** /* `#START CAN_INT_C_CODE_DEFINITION` */
  24:.\Generated_Source\PSoC5/CAN_1_INT.c **** 
  25:.\Generated_Source\PSoC5/CAN_1_INT.c **** /* `#END` */
  26:.\Generated_Source\PSoC5/CAN_1_INT.c **** 
  27:.\Generated_Source\PSoC5/CAN_1_INT.c **** #if (CAN_1_ARB_LOST)
  28:.\Generated_Source\PSoC5/CAN_1_INT.c ****     /*******************************************************************************
  29:.\Generated_Source\PSoC5/CAN_1_INT.c ****     * FUNCTION NAME:   CAN_1_ArbLostIsr
  30:.\Generated_Source\PSoC5/CAN_1_INT.c ****     ********************************************************************************
  31:.\Generated_Source\PSoC5/CAN_1_INT.c ****     *
ARM GAS  C:\Users\PANXIA~1\AppData\Local\Temp\ccVr3LyT.s 			page 2


  32:.\Generated_Source\PSoC5/CAN_1_INT.c ****     * Summary:
  33:.\Generated_Source\PSoC5/CAN_1_INT.c ****     *  This function is entry point to Arbitration Lost Interrupt. Clears
  34:.\Generated_Source\PSoC5/CAN_1_INT.c ****     *  Arbitration Lost interrupt flag. Only generated if Arbitration Lost
  35:.\Generated_Source\PSoC5/CAN_1_INT.c ****     *  Interrupt enable in Customizer.
  36:.\Generated_Source\PSoC5/CAN_1_INT.c ****     *
  37:.\Generated_Source\PSoC5/CAN_1_INT.c ****     * Parameters:
  38:.\Generated_Source\PSoC5/CAN_1_INT.c ****     *  None.
  39:.\Generated_Source\PSoC5/CAN_1_INT.c ****     *
  40:.\Generated_Source\PSoC5/CAN_1_INT.c ****     * Return:
  41:.\Generated_Source\PSoC5/CAN_1_INT.c ****     *  None.
  42:.\Generated_Source\PSoC5/CAN_1_INT.c ****     *
  43:.\Generated_Source\PSoC5/CAN_1_INT.c ****     * Reentrant:
  44:.\Generated_Source\PSoC5/CAN_1_INT.c ****     *  Depends on Customer code.
  45:.\Generated_Source\PSoC5/CAN_1_INT.c ****     *
  46:.\Generated_Source\PSoC5/CAN_1_INT.c ****     *******************************************************************************/
  47:.\Generated_Source\PSoC5/CAN_1_INT.c ****     void CAN_1_ArbLostIsr(void) 
  48:.\Generated_Source\PSoC5/CAN_1_INT.c ****     {
  49:.\Generated_Source\PSoC5/CAN_1_INT.c ****         /* Clear Arbitration Lost flag */
  50:.\Generated_Source\PSoC5/CAN_1_INT.c ****         CAN_1_INT_SR_REG.byte[0u] = CAN_1_ARBITRATION_LOST_MASK;
  51:.\Generated_Source\PSoC5/CAN_1_INT.c **** 
  52:.\Generated_Source\PSoC5/CAN_1_INT.c ****         /* `#START ARBITRATION_LOST_ISR` */
  53:.\Generated_Source\PSoC5/CAN_1_INT.c **** 
  54:.\Generated_Source\PSoC5/CAN_1_INT.c ****         /* `#END` */
  55:.\Generated_Source\PSoC5/CAN_1_INT.c **** 
  56:.\Generated_Source\PSoC5/CAN_1_INT.c ****         #ifdef CAN_1_ARB_LOST_ISR_CALLBACK
  57:.\Generated_Source\PSoC5/CAN_1_INT.c ****             CAN_1_ArbLostIsr_Callback();
  58:.\Generated_Source\PSoC5/CAN_1_INT.c ****         #endif /* CAN_1_ARB_LOST_ISR_CALLBACK */
  59:.\Generated_Source\PSoC5/CAN_1_INT.c ****     }
  60:.\Generated_Source\PSoC5/CAN_1_INT.c **** #endif /* CAN_1_ARB_LOST */
  61:.\Generated_Source\PSoC5/CAN_1_INT.c **** 
  62:.\Generated_Source\PSoC5/CAN_1_INT.c **** 
  63:.\Generated_Source\PSoC5/CAN_1_INT.c **** #if (CAN_1_OVERLOAD)
  64:.\Generated_Source\PSoC5/CAN_1_INT.c ****     /*******************************************************************************
  65:.\Generated_Source\PSoC5/CAN_1_INT.c ****     * FUNCTION NAME:   CAN_1_OvrLdErrorIsr
  66:.\Generated_Source\PSoC5/CAN_1_INT.c ****     ********************************************************************************
  67:.\Generated_Source\PSoC5/CAN_1_INT.c ****     *
  68:.\Generated_Source\PSoC5/CAN_1_INT.c ****     * Summary:
  69:.\Generated_Source\PSoC5/CAN_1_INT.c ****     *  This function is entry point to Overload Error Interrupt. Clears Overload
  70:.\Generated_Source\PSoC5/CAN_1_INT.c ****     *  Error interrupt flag. Only generated if Overload Error Interrupt enable
  71:.\Generated_Source\PSoC5/CAN_1_INT.c ****     *  in Customizer.
  72:.\Generated_Source\PSoC5/CAN_1_INT.c ****     *
  73:.\Generated_Source\PSoC5/CAN_1_INT.c ****     * Parameters:
  74:.\Generated_Source\PSoC5/CAN_1_INT.c ****     *  None.
  75:.\Generated_Source\PSoC5/CAN_1_INT.c ****     *
  76:.\Generated_Source\PSoC5/CAN_1_INT.c ****     * Return:
  77:.\Generated_Source\PSoC5/CAN_1_INT.c ****     *  None.
  78:.\Generated_Source\PSoC5/CAN_1_INT.c ****     *
  79:.\Generated_Source\PSoC5/CAN_1_INT.c ****     * Reentrant:
  80:.\Generated_Source\PSoC5/CAN_1_INT.c ****     *  Depends on Customer code.
  81:.\Generated_Source\PSoC5/CAN_1_INT.c ****     *
  82:.\Generated_Source\PSoC5/CAN_1_INT.c ****     *******************************************************************************/
  83:.\Generated_Source\PSoC5/CAN_1_INT.c ****     void CAN_1_OvrLdErrorIsr(void) 
  84:.\Generated_Source\PSoC5/CAN_1_INT.c ****     {
  85:.\Generated_Source\PSoC5/CAN_1_INT.c ****         /* Clear Overload Error flag */
  86:.\Generated_Source\PSoC5/CAN_1_INT.c ****         CAN_1_INT_SR_REG.byte[0u] = CAN_1_OVERLOAD_ERROR_MASK;
  87:.\Generated_Source\PSoC5/CAN_1_INT.c **** 
  88:.\Generated_Source\PSoC5/CAN_1_INT.c ****         /* `#START OVER_LOAD_ERROR_ISR` */
ARM GAS  C:\Users\PANXIA~1\AppData\Local\Temp\ccVr3LyT.s 			page 3


  89:.\Generated_Source\PSoC5/CAN_1_INT.c **** 
  90:.\Generated_Source\PSoC5/CAN_1_INT.c ****         /* `#END` */
  91:.\Generated_Source\PSoC5/CAN_1_INT.c **** 
  92:.\Generated_Source\PSoC5/CAN_1_INT.c ****         #ifdef CAN_1_OVR_LD_ERROR_ISR_CALLBACK
  93:.\Generated_Source\PSoC5/CAN_1_INT.c ****             CAN_1_OvrLdErrorIsr_Callback();
  94:.\Generated_Source\PSoC5/CAN_1_INT.c ****         #endif /* CAN_1_OVR_LD_ERROR_ISR_CALLBACK */
  95:.\Generated_Source\PSoC5/CAN_1_INT.c ****     }
  96:.\Generated_Source\PSoC5/CAN_1_INT.c **** #endif /* CAN_1_OVERLOAD */
  97:.\Generated_Source\PSoC5/CAN_1_INT.c **** 
  98:.\Generated_Source\PSoC5/CAN_1_INT.c **** 
  99:.\Generated_Source\PSoC5/CAN_1_INT.c **** #if (CAN_1_BIT_ERR)
 100:.\Generated_Source\PSoC5/CAN_1_INT.c ****     /*******************************************************************************
 101:.\Generated_Source\PSoC5/CAN_1_INT.c ****     * FUNCTION NAME:   CAN_1_BitErrorIsr
 102:.\Generated_Source\PSoC5/CAN_1_INT.c ****     ********************************************************************************
 103:.\Generated_Source\PSoC5/CAN_1_INT.c ****     *
 104:.\Generated_Source\PSoC5/CAN_1_INT.c ****     * Summary:
 105:.\Generated_Source\PSoC5/CAN_1_INT.c ****     *  This function is entry point to Bit Error Interrupt. Clears Bit Error
 106:.\Generated_Source\PSoC5/CAN_1_INT.c ****     *  interrupt flag. Only generated if Bit Error Interrupt enable in Customizer.
 107:.\Generated_Source\PSoC5/CAN_1_INT.c ****     *
 108:.\Generated_Source\PSoC5/CAN_1_INT.c ****     * Parameters:
 109:.\Generated_Source\PSoC5/CAN_1_INT.c ****     *  None.
 110:.\Generated_Source\PSoC5/CAN_1_INT.c ****     *
 111:.\Generated_Source\PSoC5/CAN_1_INT.c ****     * Return:
 112:.\Generated_Source\PSoC5/CAN_1_INT.c ****     *  None.
 113:.\Generated_Source\PSoC5/CAN_1_INT.c ****     *
 114:.\Generated_Source\PSoC5/CAN_1_INT.c ****     * Reentrant:
 115:.\Generated_Source\PSoC5/CAN_1_INT.c ****     *  Depends on Customer code.
 116:.\Generated_Source\PSoC5/CAN_1_INT.c ****     *
 117:.\Generated_Source\PSoC5/CAN_1_INT.c ****     *******************************************************************************/
 118:.\Generated_Source\PSoC5/CAN_1_INT.c ****     void CAN_1_BitErrorIsr(void) 
 119:.\Generated_Source\PSoC5/CAN_1_INT.c ****     {
 120:.\Generated_Source\PSoC5/CAN_1_INT.c ****         /* Clear Bit Error flag */
 121:.\Generated_Source\PSoC5/CAN_1_INT.c ****         CAN_1_INT_SR_REG.byte[0u] = CAN_1_BIT_ERROR_MASK;
 122:.\Generated_Source\PSoC5/CAN_1_INT.c **** 
 123:.\Generated_Source\PSoC5/CAN_1_INT.c ****         /* `#START BIT_ERROR_ISR` */
 124:.\Generated_Source\PSoC5/CAN_1_INT.c **** 
 125:.\Generated_Source\PSoC5/CAN_1_INT.c ****         /* `#END` */
 126:.\Generated_Source\PSoC5/CAN_1_INT.c **** 
 127:.\Generated_Source\PSoC5/CAN_1_INT.c ****         #ifdef CAN_1_BIT_ERROR_ISR_CALLBACK
 128:.\Generated_Source\PSoC5/CAN_1_INT.c ****             CAN_1_BitErrorIsr_Callback();
 129:.\Generated_Source\PSoC5/CAN_1_INT.c ****         #endif /* CAN_1_BIT_ERROR_ISR_CALLBACK */
 130:.\Generated_Source\PSoC5/CAN_1_INT.c ****     }
 131:.\Generated_Source\PSoC5/CAN_1_INT.c **** #endif /* CAN_1_BIT_ERR */
 132:.\Generated_Source\PSoC5/CAN_1_INT.c **** 
 133:.\Generated_Source\PSoC5/CAN_1_INT.c **** 
 134:.\Generated_Source\PSoC5/CAN_1_INT.c **** #if (CAN_1_STUFF_ERR)
 135:.\Generated_Source\PSoC5/CAN_1_INT.c ****     /*******************************************************************************
 136:.\Generated_Source\PSoC5/CAN_1_INT.c ****     * FUNCTION NAME:   CAN_1_BitStuffErrorIsr
 137:.\Generated_Source\PSoC5/CAN_1_INT.c ****     ********************************************************************************
 138:.\Generated_Source\PSoC5/CAN_1_INT.c ****     *
 139:.\Generated_Source\PSoC5/CAN_1_INT.c ****     * Summary:
 140:.\Generated_Source\PSoC5/CAN_1_INT.c ****     *  This function is entry point to Bit Stuff Error Interrupt. Clears Bit Stuff
 141:.\Generated_Source\PSoC5/CAN_1_INT.c ****     *  Error interrupt flag. Only generated if Bit Stuff Error Interrupt enable
 142:.\Generated_Source\PSoC5/CAN_1_INT.c ****     *  in Customizer.
 143:.\Generated_Source\PSoC5/CAN_1_INT.c ****     *
 144:.\Generated_Source\PSoC5/CAN_1_INT.c ****     * Parameters:
 145:.\Generated_Source\PSoC5/CAN_1_INT.c ****     *  None.
ARM GAS  C:\Users\PANXIA~1\AppData\Local\Temp\ccVr3LyT.s 			page 4


 146:.\Generated_Source\PSoC5/CAN_1_INT.c ****     *
 147:.\Generated_Source\PSoC5/CAN_1_INT.c ****     * Return:
 148:.\Generated_Source\PSoC5/CAN_1_INT.c ****     *  None.
 149:.\Generated_Source\PSoC5/CAN_1_INT.c ****     *
 150:.\Generated_Source\PSoC5/CAN_1_INT.c ****     * Reentrant:
 151:.\Generated_Source\PSoC5/CAN_1_INT.c ****     *  Depends on Customer code.
 152:.\Generated_Source\PSoC5/CAN_1_INT.c ****     *
 153:.\Generated_Source\PSoC5/CAN_1_INT.c ****     *******************************************************************************/
 154:.\Generated_Source\PSoC5/CAN_1_INT.c ****     void CAN_1_BitStuffErrorIsr(void) 
 155:.\Generated_Source\PSoC5/CAN_1_INT.c ****     {
 156:.\Generated_Source\PSoC5/CAN_1_INT.c ****         /* Clear Stuff Error flag */
 157:.\Generated_Source\PSoC5/CAN_1_INT.c ****         CAN_1_INT_SR_REG.byte[0u] = CAN_1_STUFF_ERROR_MASK;
 158:.\Generated_Source\PSoC5/CAN_1_INT.c **** 
 159:.\Generated_Source\PSoC5/CAN_1_INT.c ****         /* `#START BIT_STUFF_ERROR_ISR` */
 160:.\Generated_Source\PSoC5/CAN_1_INT.c **** 
 161:.\Generated_Source\PSoC5/CAN_1_INT.c ****         /* `#END` */
 162:.\Generated_Source\PSoC5/CAN_1_INT.c **** 
 163:.\Generated_Source\PSoC5/CAN_1_INT.c ****         #ifdef CAN_1_BIT_STUFF_ERROR_ISR_CALLBACK
 164:.\Generated_Source\PSoC5/CAN_1_INT.c ****             CAN_1_BitStuffErrorIsr_Callback();
 165:.\Generated_Source\PSoC5/CAN_1_INT.c ****         #endif /* CAN_1_BIT_STUFF_ERROR_ISR_CALLBACK */
 166:.\Generated_Source\PSoC5/CAN_1_INT.c ****     }
 167:.\Generated_Source\PSoC5/CAN_1_INT.c **** #endif /* CAN_1_STUFF_ERR */
 168:.\Generated_Source\PSoC5/CAN_1_INT.c **** 
 169:.\Generated_Source\PSoC5/CAN_1_INT.c **** 
 170:.\Generated_Source\PSoC5/CAN_1_INT.c **** #if (CAN_1_ACK_ERR)
 171:.\Generated_Source\PSoC5/CAN_1_INT.c ****     /*******************************************************************************
 172:.\Generated_Source\PSoC5/CAN_1_INT.c ****     * FUNCTION NAME:   CAN_1_AckErrorIsr
 173:.\Generated_Source\PSoC5/CAN_1_INT.c ****     ********************************************************************************
 174:.\Generated_Source\PSoC5/CAN_1_INT.c ****     *
 175:.\Generated_Source\PSoC5/CAN_1_INT.c ****     * Summary:
 176:.\Generated_Source\PSoC5/CAN_1_INT.c ****     *  This function is entry point to Acknowledge Error Interrupt. Clears
 177:.\Generated_Source\PSoC5/CAN_1_INT.c ****     *  Acknowledge Error interrupt flag. Only generated if Acknowledge Error
 178:.\Generated_Source\PSoC5/CAN_1_INT.c ****     *  Interrupt enable in Customizer.
 179:.\Generated_Source\PSoC5/CAN_1_INT.c ****     *
 180:.\Generated_Source\PSoC5/CAN_1_INT.c ****     * Parameters:
 181:.\Generated_Source\PSoC5/CAN_1_INT.c ****     *  None.
 182:.\Generated_Source\PSoC5/CAN_1_INT.c ****     *
 183:.\Generated_Source\PSoC5/CAN_1_INT.c ****     * Return:
 184:.\Generated_Source\PSoC5/CAN_1_INT.c ****     *  None.
 185:.\Generated_Source\PSoC5/CAN_1_INT.c ****     *
 186:.\Generated_Source\PSoC5/CAN_1_INT.c ****     * Reentrant:
 187:.\Generated_Source\PSoC5/CAN_1_INT.c ****     *  Depends on Customer code.
 188:.\Generated_Source\PSoC5/CAN_1_INT.c ****     *
 189:.\Generated_Source\PSoC5/CAN_1_INT.c ****     *******************************************************************************/
 190:.\Generated_Source\PSoC5/CAN_1_INT.c ****     void CAN_1_AckErrorIsr(void) 
 191:.\Generated_Source\PSoC5/CAN_1_INT.c ****     {
 192:.\Generated_Source\PSoC5/CAN_1_INT.c ****         /* Clear Acknoledge Error flag */
 193:.\Generated_Source\PSoC5/CAN_1_INT.c ****         CAN_1_INT_SR_REG.byte[0u] = CAN_1_ACK_ERROR_MASK;
 194:.\Generated_Source\PSoC5/CAN_1_INT.c **** 
 195:.\Generated_Source\PSoC5/CAN_1_INT.c ****         /* `#START ACKNOWLEDGE_ERROR_ISR` */
 196:.\Generated_Source\PSoC5/CAN_1_INT.c **** 
 197:.\Generated_Source\PSoC5/CAN_1_INT.c ****         /* `#END` */
 198:.\Generated_Source\PSoC5/CAN_1_INT.c **** 
 199:.\Generated_Source\PSoC5/CAN_1_INT.c ****         #ifdef CAN_1_ACK_ERROR_ISR_CALLBACK
 200:.\Generated_Source\PSoC5/CAN_1_INT.c ****             CAN_1_AckErrorIsr_Callback();
 201:.\Generated_Source\PSoC5/CAN_1_INT.c ****         #endif /* CAN_1_ACK_ERROR_ISR_CALLBACK */
 202:.\Generated_Source\PSoC5/CAN_1_INT.c ****     }
ARM GAS  C:\Users\PANXIA~1\AppData\Local\Temp\ccVr3LyT.s 			page 5


 203:.\Generated_Source\PSoC5/CAN_1_INT.c **** #endif /* CAN_1_ACK_ERR */
 204:.\Generated_Source\PSoC5/CAN_1_INT.c **** 
 205:.\Generated_Source\PSoC5/CAN_1_INT.c **** 
 206:.\Generated_Source\PSoC5/CAN_1_INT.c **** #if (CAN_1_FORM_ERR)
 207:.\Generated_Source\PSoC5/CAN_1_INT.c ****     /*******************************************************************************
 208:.\Generated_Source\PSoC5/CAN_1_INT.c ****     * FUNCTION NAME:   CAN_1_MsgErrorIsr
 209:.\Generated_Source\PSoC5/CAN_1_INT.c ****     ********************************************************************************
 210:.\Generated_Source\PSoC5/CAN_1_INT.c ****     *
 211:.\Generated_Source\PSoC5/CAN_1_INT.c ****     * Summary:
 212:.\Generated_Source\PSoC5/CAN_1_INT.c ****     *  This function is entry point to Form Error Interrupt. Clears Form Error
 213:.\Generated_Source\PSoC5/CAN_1_INT.c ****     *  interrupt flag. Only generated if Form Error Interrupt enable in Customizer.
 214:.\Generated_Source\PSoC5/CAN_1_INT.c ****     *
 215:.\Generated_Source\PSoC5/CAN_1_INT.c ****     * Parameters:
 216:.\Generated_Source\PSoC5/CAN_1_INT.c ****     *  None.
 217:.\Generated_Source\PSoC5/CAN_1_INT.c ****     *
 218:.\Generated_Source\PSoC5/CAN_1_INT.c ****     * Return:
 219:.\Generated_Source\PSoC5/CAN_1_INT.c ****     *  None.
 220:.\Generated_Source\PSoC5/CAN_1_INT.c ****     *
 221:.\Generated_Source\PSoC5/CAN_1_INT.c ****     * Reentrant:
 222:.\Generated_Source\PSoC5/CAN_1_INT.c ****     *  Depends on Customer code.
 223:.\Generated_Source\PSoC5/CAN_1_INT.c ****     *
 224:.\Generated_Source\PSoC5/CAN_1_INT.c ****     *******************************************************************************/
 225:.\Generated_Source\PSoC5/CAN_1_INT.c ****     void CAN_1_MsgErrorIsr(void) 
 226:.\Generated_Source\PSoC5/CAN_1_INT.c ****     {
 227:.\Generated_Source\PSoC5/CAN_1_INT.c ****         /* Clear Form Error flag */
 228:.\Generated_Source\PSoC5/CAN_1_INT.c ****         CAN_1_INT_SR_REG.byte[0u] = CAN_1_FORM_ERROR_MASK;
 229:.\Generated_Source\PSoC5/CAN_1_INT.c **** 
 230:.\Generated_Source\PSoC5/CAN_1_INT.c ****         /* `#START MESSAGE_ERROR_ISR` */
 231:.\Generated_Source\PSoC5/CAN_1_INT.c **** 
 232:.\Generated_Source\PSoC5/CAN_1_INT.c ****         /* `#END` */
 233:.\Generated_Source\PSoC5/CAN_1_INT.c **** 
 234:.\Generated_Source\PSoC5/CAN_1_INT.c ****         #ifdef CAN_1_MSG_ERROR_ISR_CALLBACK
 235:.\Generated_Source\PSoC5/CAN_1_INT.c ****             CAN_1_MsgErrorIsr_Callback();
 236:.\Generated_Source\PSoC5/CAN_1_INT.c ****         #endif /* CAN_1_MSG_ERROR_ISR_CALLBACK */
 237:.\Generated_Source\PSoC5/CAN_1_INT.c ****     }
 238:.\Generated_Source\PSoC5/CAN_1_INT.c **** #endif /* CAN_1_FORM_ERR */
 239:.\Generated_Source\PSoC5/CAN_1_INT.c **** 
 240:.\Generated_Source\PSoC5/CAN_1_INT.c **** 
 241:.\Generated_Source\PSoC5/CAN_1_INT.c **** #if (CAN_1_CRC_ERR)
 242:.\Generated_Source\PSoC5/CAN_1_INT.c ****     /*******************************************************************************
 243:.\Generated_Source\PSoC5/CAN_1_INT.c ****     * FUNCTION NAME:   CAN_1_CrcErrorIsr
 244:.\Generated_Source\PSoC5/CAN_1_INT.c ****     ********************************************************************************
 245:.\Generated_Source\PSoC5/CAN_1_INT.c ****     *
 246:.\Generated_Source\PSoC5/CAN_1_INT.c ****     * Summary:
 247:.\Generated_Source\PSoC5/CAN_1_INT.c ****     *  This function is entry point to CRC Error Interrupt. Clears CRC Error
 248:.\Generated_Source\PSoC5/CAN_1_INT.c ****     *  interrupt flag. Only generated if CRC Error Interrupt enable in Customizer.
 249:.\Generated_Source\PSoC5/CAN_1_INT.c ****     *
 250:.\Generated_Source\PSoC5/CAN_1_INT.c ****     * Parameters:
 251:.\Generated_Source\PSoC5/CAN_1_INT.c ****     *  None.
 252:.\Generated_Source\PSoC5/CAN_1_INT.c ****     *
 253:.\Generated_Source\PSoC5/CAN_1_INT.c ****     * Return:
 254:.\Generated_Source\PSoC5/CAN_1_INT.c ****     *  None.
 255:.\Generated_Source\PSoC5/CAN_1_INT.c ****     *
 256:.\Generated_Source\PSoC5/CAN_1_INT.c ****     * Reentrant:
 257:.\Generated_Source\PSoC5/CAN_1_INT.c ****     *  Depends on Customer code.
 258:.\Generated_Source\PSoC5/CAN_1_INT.c ****     *
 259:.\Generated_Source\PSoC5/CAN_1_INT.c ****     *******************************************************************************/
ARM GAS  C:\Users\PANXIA~1\AppData\Local\Temp\ccVr3LyT.s 			page 6


 260:.\Generated_Source\PSoC5/CAN_1_INT.c ****     void CAN_1_CrcErrorIsr(void) 
 261:.\Generated_Source\PSoC5/CAN_1_INT.c ****     {
 262:.\Generated_Source\PSoC5/CAN_1_INT.c ****         /* Clear CRC Error flag */
 263:.\Generated_Source\PSoC5/CAN_1_INT.c ****         CAN_1_INT_SR_REG.byte[1u] = CAN_1_CRC_ERROR_MASK;
 264:.\Generated_Source\PSoC5/CAN_1_INT.c **** 
 265:.\Generated_Source\PSoC5/CAN_1_INT.c ****         /* `#START CRC_ERROR_ISR` */
 266:.\Generated_Source\PSoC5/CAN_1_INT.c **** 
 267:.\Generated_Source\PSoC5/CAN_1_INT.c ****         /* `#END` */
 268:.\Generated_Source\PSoC5/CAN_1_INT.c **** 
 269:.\Generated_Source\PSoC5/CAN_1_INT.c ****         #ifdef CAN_1_CRC_ERROR_ISR_CALLBACK
 270:.\Generated_Source\PSoC5/CAN_1_INT.c ****             CAN_1_CrcErrorIsr_Callback();
 271:.\Generated_Source\PSoC5/CAN_1_INT.c ****         #endif /* CAN_1_CRC_ERROR_ISR_CALLBACK */
 272:.\Generated_Source\PSoC5/CAN_1_INT.c ****     }
 273:.\Generated_Source\PSoC5/CAN_1_INT.c **** #endif /* CAN_1_CRC_ERR */
 274:.\Generated_Source\PSoC5/CAN_1_INT.c **** 
 275:.\Generated_Source\PSoC5/CAN_1_INT.c **** 
 276:.\Generated_Source\PSoC5/CAN_1_INT.c **** #if (CAN_1_BUS_OFF)
 277:.\Generated_Source\PSoC5/CAN_1_INT.c ****     /*******************************************************************************
 278:.\Generated_Source\PSoC5/CAN_1_INT.c ****     * FUNCTION NAME:   CAN_1_BusOffIsr
 279:.\Generated_Source\PSoC5/CAN_1_INT.c ****     ********************************************************************************
 280:.\Generated_Source\PSoC5/CAN_1_INT.c ****     *
 281:.\Generated_Source\PSoC5/CAN_1_INT.c ****     * Summary:
 282:.\Generated_Source\PSoC5/CAN_1_INT.c ****     *  This function is entry point to Bus Off Interrupt. Places CAN Component
 283:.\Generated_Source\PSoC5/CAN_1_INT.c ****     *  to Stop mode. Only generated if Bus Off Interrupt enable in Customizer.
 284:.\Generated_Source\PSoC5/CAN_1_INT.c ****     *  Recommended setting to enable this interrupt.
 285:.\Generated_Source\PSoC5/CAN_1_INT.c ****     *
 286:.\Generated_Source\PSoC5/CAN_1_INT.c ****     * Parameters:
 287:.\Generated_Source\PSoC5/CAN_1_INT.c ****     *  None.
 288:.\Generated_Source\PSoC5/CAN_1_INT.c ****     *
 289:.\Generated_Source\PSoC5/CAN_1_INT.c ****     * Return:
 290:.\Generated_Source\PSoC5/CAN_1_INT.c ****     *  None.
 291:.\Generated_Source\PSoC5/CAN_1_INT.c ****     *
 292:.\Generated_Source\PSoC5/CAN_1_INT.c ****     * Side Effects:
 293:.\Generated_Source\PSoC5/CAN_1_INT.c ****     *  Stops CAN component operation.
 294:.\Generated_Source\PSoC5/CAN_1_INT.c ****     *
 295:.\Generated_Source\PSoC5/CAN_1_INT.c ****     *******************************************************************************/
 296:.\Generated_Source\PSoC5/CAN_1_INT.c ****     void CAN_1_BusOffIsr(void) 
 297:.\Generated_Source\PSoC5/CAN_1_INT.c ****     {
  27              		.loc 1 297 0
  28              		.cfi_startproc
  29              		@ args = 0, pretend = 0, frame = 0
  30              		@ frame_needed = 0, uses_anonymous_args = 0
  31 0000 08B5     		push	{r3, lr}
  32              		.cfi_def_cfa_offset 8
  33              		.cfi_offset 3, -8
  34              		.cfi_offset 14, -4
 298:.\Generated_Source\PSoC5/CAN_1_INT.c ****         /* Clear Bus Off flag */
 299:.\Generated_Source\PSoC5/CAN_1_INT.c ****         CAN_1_INT_SR_REG.byte[1u] = CAN_1_BUS_OFF_MASK;
  35              		.loc 1 299 0
  36 0002 0222     		movs	r2, #2
  37 0004 034B     		ldr	r3, .L3
  38 0006 5A70     		strb	r2, [r3, #1]
 300:.\Generated_Source\PSoC5/CAN_1_INT.c ****         (void) CAN_1_GlobalIntDisable();
  39              		.loc 1 300 0
  40 0008 FFF7FEFF 		bl	CAN_1_GlobalIntDisable
  41              	.LVL0:
 301:.\Generated_Source\PSoC5/CAN_1_INT.c **** 
ARM GAS  C:\Users\PANXIA~1\AppData\Local\Temp\ccVr3LyT.s 			page 7


 302:.\Generated_Source\PSoC5/CAN_1_INT.c ****         /* `#START BUS_OFF_ISR` */
 303:.\Generated_Source\PSoC5/CAN_1_INT.c **** 
 304:.\Generated_Source\PSoC5/CAN_1_INT.c ****         /* `#END` */
 305:.\Generated_Source\PSoC5/CAN_1_INT.c **** 
 306:.\Generated_Source\PSoC5/CAN_1_INT.c ****         #ifdef CAN_1_BUS_OFF_ISR_CALLBACK
 307:.\Generated_Source\PSoC5/CAN_1_INT.c ****             CAN_1_BusOffIsr_Callback();
 308:.\Generated_Source\PSoC5/CAN_1_INT.c ****         #endif /* CAN_1_BUS_OFF_ISR_CALLBACK */
 309:.\Generated_Source\PSoC5/CAN_1_INT.c **** 
 310:.\Generated_Source\PSoC5/CAN_1_INT.c ****         (void) CAN_1_Stop();
  42              		.loc 1 310 0
  43 000c FFF7FEFF 		bl	CAN_1_Stop
  44              	.LVL1:
  45 0010 08BD     		pop	{r3, pc}
  46              	.L4:
  47 0012 00BF     		.align	2
  48              	.L3:
  49 0014 00A00040 		.word	1073782784
  50              		.cfi_endproc
  51              	.LFE0:
  52              		.size	CAN_1_BusOffIsr, .-CAN_1_BusOffIsr
  53              		.section	.text.CAN_1_MsgRXIsr,"ax",%progbits
  54              		.align	2
  55              		.global	CAN_1_MsgRXIsr
  56              		.thumb
  57              		.thumb_func
  58              		.type	CAN_1_MsgRXIsr, %function
  59              	CAN_1_MsgRXIsr:
  60              	.LFB1:
 311:.\Generated_Source\PSoC5/CAN_1_INT.c ****     }
 312:.\Generated_Source\PSoC5/CAN_1_INT.c **** #endif /* CAN_1_BUS_OFF */
 313:.\Generated_Source\PSoC5/CAN_1_INT.c **** 
 314:.\Generated_Source\PSoC5/CAN_1_INT.c **** 
 315:.\Generated_Source\PSoC5/CAN_1_INT.c **** #if (CAN_1_RX_MSG_LOST)
 316:.\Generated_Source\PSoC5/CAN_1_INT.c ****     /*******************************************************************************
 317:.\Generated_Source\PSoC5/CAN_1_INT.c ****     * FUNCTION NAME:   CAN_1_MsgLostIsr
 318:.\Generated_Source\PSoC5/CAN_1_INT.c ****     ********************************************************************************
 319:.\Generated_Source\PSoC5/CAN_1_INT.c ****     *
 320:.\Generated_Source\PSoC5/CAN_1_INT.c ****     * Summary:
 321:.\Generated_Source\PSoC5/CAN_1_INT.c ****     *  This function is entry point to Message Lost Interrupt. Clears Message Lost
 322:.\Generated_Source\PSoC5/CAN_1_INT.c ****     *  interrupt flag. Only generated if Message Lost Interrupt enable in Customizer
 323:.\Generated_Source\PSoC5/CAN_1_INT.c ****     *
 324:.\Generated_Source\PSoC5/CAN_1_INT.c ****     * Parameters:
 325:.\Generated_Source\PSoC5/CAN_1_INT.c ****     *  None.
 326:.\Generated_Source\PSoC5/CAN_1_INT.c ****     *
 327:.\Generated_Source\PSoC5/CAN_1_INT.c ****     * Return:
 328:.\Generated_Source\PSoC5/CAN_1_INT.c ****     *  None.
 329:.\Generated_Source\PSoC5/CAN_1_INT.c ****     *
 330:.\Generated_Source\PSoC5/CAN_1_INT.c ****     * Reentrant:
 331:.\Generated_Source\PSoC5/CAN_1_INT.c ****     *  Depends on Customer code.
 332:.\Generated_Source\PSoC5/CAN_1_INT.c ****     *
 333:.\Generated_Source\PSoC5/CAN_1_INT.c ****     *******************************************************************************/
 334:.\Generated_Source\PSoC5/CAN_1_INT.c ****     void CAN_1_MsgLostIsr(void) 
 335:.\Generated_Source\PSoC5/CAN_1_INT.c ****     {
 336:.\Generated_Source\PSoC5/CAN_1_INT.c ****         /* Clear Receive Message Lost flag */
 337:.\Generated_Source\PSoC5/CAN_1_INT.c ****         CAN_1_INT_SR_REG.byte[1u] = CAN_1_RX_MSG_LOST_MASK;
 338:.\Generated_Source\PSoC5/CAN_1_INT.c **** 
 339:.\Generated_Source\PSoC5/CAN_1_INT.c ****         /* `#START MESSAGE_LOST_ISR` */
ARM GAS  C:\Users\PANXIA~1\AppData\Local\Temp\ccVr3LyT.s 			page 8


 340:.\Generated_Source\PSoC5/CAN_1_INT.c **** 
 341:.\Generated_Source\PSoC5/CAN_1_INT.c ****         /* `#END` */
 342:.\Generated_Source\PSoC5/CAN_1_INT.c **** 
 343:.\Generated_Source\PSoC5/CAN_1_INT.c ****         #ifdef CAN_1_MSG_LOST_ISR_CALLBACK
 344:.\Generated_Source\PSoC5/CAN_1_INT.c ****             CAN_1_MsgLostIsr_Callback();
 345:.\Generated_Source\PSoC5/CAN_1_INT.c ****         #endif /* CAN_1_MSG_LOST_ISR_CALLBACK */
 346:.\Generated_Source\PSoC5/CAN_1_INT.c ****     }
 347:.\Generated_Source\PSoC5/CAN_1_INT.c **** #endif /* CAN_1_RX_MSG_LOST */
 348:.\Generated_Source\PSoC5/CAN_1_INT.c **** 
 349:.\Generated_Source\PSoC5/CAN_1_INT.c **** 
 350:.\Generated_Source\PSoC5/CAN_1_INT.c **** #if (CAN_1_TX_MESSAGE)
 351:.\Generated_Source\PSoC5/CAN_1_INT.c ****     /*******************************************************************************
 352:.\Generated_Source\PSoC5/CAN_1_INT.c ****     * FUNCTION NAME:   CAN_1_MsgTXIsr
 353:.\Generated_Source\PSoC5/CAN_1_INT.c ****     ********************************************************************************
 354:.\Generated_Source\PSoC5/CAN_1_INT.c ****     *
 355:.\Generated_Source\PSoC5/CAN_1_INT.c ****     * Summary:
 356:.\Generated_Source\PSoC5/CAN_1_INT.c ****     *  This function is entry point to Transmit Message Interrupt. Clears Transmit
 357:.\Generated_Source\PSoC5/CAN_1_INT.c ****     *  Message interrupt flag. Only generated if Transmit Message Interrupt enable
 358:.\Generated_Source\PSoC5/CAN_1_INT.c ****     *  in Customizer.
 359:.\Generated_Source\PSoC5/CAN_1_INT.c ****     *
 360:.\Generated_Source\PSoC5/CAN_1_INT.c ****     * Parameters:
 361:.\Generated_Source\PSoC5/CAN_1_INT.c ****     *  None.
 362:.\Generated_Source\PSoC5/CAN_1_INT.c ****     *
 363:.\Generated_Source\PSoC5/CAN_1_INT.c ****     * Return:
 364:.\Generated_Source\PSoC5/CAN_1_INT.c ****     *  None.
 365:.\Generated_Source\PSoC5/CAN_1_INT.c ****     *
 366:.\Generated_Source\PSoC5/CAN_1_INT.c ****     * Reentrant:
 367:.\Generated_Source\PSoC5/CAN_1_INT.c ****     *  Depends on Customer code.
 368:.\Generated_Source\PSoC5/CAN_1_INT.c ****     *
 369:.\Generated_Source\PSoC5/CAN_1_INT.c ****     *******************************************************************************/
 370:.\Generated_Source\PSoC5/CAN_1_INT.c ****     void CAN_1_MsgTXIsr(void) 
 371:.\Generated_Source\PSoC5/CAN_1_INT.c ****     {
 372:.\Generated_Source\PSoC5/CAN_1_INT.c ****         /* Clear Transmit Message flag */
 373:.\Generated_Source\PSoC5/CAN_1_INT.c ****         CAN_1_INT_SR_REG.byte[1u] = CAN_1_TX_MESSAGE_MASK;
 374:.\Generated_Source\PSoC5/CAN_1_INT.c **** 
 375:.\Generated_Source\PSoC5/CAN_1_INT.c ****         /* `#START MESSAGE_TRANSMITTED_ISR` */
 376:.\Generated_Source\PSoC5/CAN_1_INT.c **** 
 377:.\Generated_Source\PSoC5/CAN_1_INT.c ****         /* `#END` */
 378:.\Generated_Source\PSoC5/CAN_1_INT.c **** 
 379:.\Generated_Source\PSoC5/CAN_1_INT.c ****         #ifdef CAN_1_MSG_TX_ISR_CALLBACK
 380:.\Generated_Source\PSoC5/CAN_1_INT.c ****             CAN_1_MsgTXIsr_Callback();
 381:.\Generated_Source\PSoC5/CAN_1_INT.c ****         #endif /* CAN_1_MSG_TX_ISR_CALLBACK */
 382:.\Generated_Source\PSoC5/CAN_1_INT.c ****     }
 383:.\Generated_Source\PSoC5/CAN_1_INT.c **** #endif /* CAN_1_TX_MESSAGE */
 384:.\Generated_Source\PSoC5/CAN_1_INT.c **** 
 385:.\Generated_Source\PSoC5/CAN_1_INT.c **** 
 386:.\Generated_Source\PSoC5/CAN_1_INT.c **** #if (CAN_1_RX_MESSAGE)
 387:.\Generated_Source\PSoC5/CAN_1_INT.c ****     /*******************************************************************************
 388:.\Generated_Source\PSoC5/CAN_1_INT.c ****     * FUNCTION NAME:   CAN_1_MsgRXIsr
 389:.\Generated_Source\PSoC5/CAN_1_INT.c ****     ********************************************************************************
 390:.\Generated_Source\PSoC5/CAN_1_INT.c ****     *
 391:.\Generated_Source\PSoC5/CAN_1_INT.c ****     * Summary:
 392:.\Generated_Source\PSoC5/CAN_1_INT.c ****     *  This function is entry point to Receive Message Interrupt. Clears Receive
 393:.\Generated_Source\PSoC5/CAN_1_INT.c ****     *  Message interrupt flag and call appropriate handlers for Basic and Full
 394:.\Generated_Source\PSoC5/CAN_1_INT.c ****     *  interrupt based mailboxes. Only generated if Receive Message Interrupt
 395:.\Generated_Source\PSoC5/CAN_1_INT.c ****     *  enable in Customizer. Recommended setting to enable this interrupt.
 396:.\Generated_Source\PSoC5/CAN_1_INT.c ****     *
ARM GAS  C:\Users\PANXIA~1\AppData\Local\Temp\ccVr3LyT.s 			page 9


 397:.\Generated_Source\PSoC5/CAN_1_INT.c ****     * Parameters:
 398:.\Generated_Source\PSoC5/CAN_1_INT.c ****     *  None.
 399:.\Generated_Source\PSoC5/CAN_1_INT.c ****     *
 400:.\Generated_Source\PSoC5/CAN_1_INT.c ****     * Return:
 401:.\Generated_Source\PSoC5/CAN_1_INT.c ****     *  None.
 402:.\Generated_Source\PSoC5/CAN_1_INT.c ****     *
 403:.\Generated_Source\PSoC5/CAN_1_INT.c ****     *******************************************************************************/
 404:.\Generated_Source\PSoC5/CAN_1_INT.c ****     void CAN_1_MsgRXIsr(void) 
 405:.\Generated_Source\PSoC5/CAN_1_INT.c ****     {
  61              		.loc 1 405 0
  62              		.cfi_startproc
  63              		@ args = 0, pretend = 0, frame = 0
  64              		@ frame_needed = 0, uses_anonymous_args = 0
  65 0000 38B5     		push	{r3, r4, r5, lr}
  66              		.cfi_def_cfa_offset 16
  67              		.cfi_offset 3, -16
  68              		.cfi_offset 4, -12
  69              		.cfi_offset 5, -8
  70              		.cfi_offset 14, -4
  71              	.LVL2:
 406:.\Generated_Source\PSoC5/CAN_1_INT.c ****         uint8 mailboxNumber;
 407:.\Generated_Source\PSoC5/CAN_1_INT.c ****         uint16 shift = 0x01u;
 408:.\Generated_Source\PSoC5/CAN_1_INT.c **** 
 409:.\Generated_Source\PSoC5/CAN_1_INT.c ****         /* Clear Receive Message flag */
 410:.\Generated_Source\PSoC5/CAN_1_INT.c ****         CAN_1_INT_SR_REG.byte[1u] = CAN_1_RX_MESSAGE_MASK;
  72              		.loc 1 410 0
  73 0002 1022     		movs	r2, #16
  74 0004 0C4B     		ldr	r3, .L10
  75 0006 5A70     		strb	r2, [r3, #1]
  76              	.LVL3:
 407:.\Generated_Source\PSoC5/CAN_1_INT.c **** 
  77              		.loc 1 407 0
  78 0008 0125     		movs	r5, #1
 411:.\Generated_Source\PSoC5/CAN_1_INT.c **** 
 412:.\Generated_Source\PSoC5/CAN_1_INT.c ****         /* `#START MESSAGE_RECEIVE_ISR` */
 413:.\Generated_Source\PSoC5/CAN_1_INT.c **** 
 414:.\Generated_Source\PSoC5/CAN_1_INT.c ****         /* `#END` */
 415:.\Generated_Source\PSoC5/CAN_1_INT.c **** 
 416:.\Generated_Source\PSoC5/CAN_1_INT.c ****         #ifdef CAN_1_MSG_RX_ISR_CALLBACK
 417:.\Generated_Source\PSoC5/CAN_1_INT.c ****             CAN_1_MsgRXIsr_Callback();
 418:.\Generated_Source\PSoC5/CAN_1_INT.c ****         #endif /* CAN_1_MSG_RX_ISR_CALLBACK */
 419:.\Generated_Source\PSoC5/CAN_1_INT.c **** 
 420:.\Generated_Source\PSoC5/CAN_1_INT.c ****         for (mailboxNumber = 0u; mailboxNumber < CAN_1_NUMBER_OF_RX_MAILBOXES; mailboxNumber++)
  79              		.loc 1 420 0
  80 000a 0024     		movs	r4, #0
  81 000c 10E0     		b	.L6
  82              	.LVL4:
  83              	.L8:
 421:.\Generated_Source\PSoC5/CAN_1_INT.c ****         {
 422:.\Generated_Source\PSoC5/CAN_1_INT.c ****             if ((CY_GET_REG16((reg16 *) &CAN_1_BUF_SR_REG.byte[0u]) & shift) != 0u)
  84              		.loc 1 422 0
  85 000e 0B4B     		ldr	r3, .L10+4
  86 0010 1B88     		ldrh	r3, [r3]
  87 0012 1D42     		tst	r5, r3
  88 0014 08D0     		beq	.L7
 423:.\Generated_Source\PSoC5/CAN_1_INT.c ****             {
 424:.\Generated_Source\PSoC5/CAN_1_INT.c ****                 if ((CAN_1_RX[mailboxNumber].rxcmd.byte[0u] & CAN_1_RX_INT_ENABLE_MASK) != 0u)
ARM GAS  C:\Users\PANXIA~1\AppData\Local\Temp\ccVr3LyT.s 			page 10


  89              		.loc 1 424 0
  90 0016 6301     		lsls	r3, r4, #5
  91 0018 094A     		ldr	r2, .L10+8
  92 001a 9B5C     		ldrb	r3, [r3, r2]	@ zero_extendqisi2
  93 001c 13F0200F 		tst	r3, #32
  94 0020 02D0     		beq	.L7
 425:.\Generated_Source\PSoC5/CAN_1_INT.c ****                 {
 426:.\Generated_Source\PSoC5/CAN_1_INT.c ****                     if ((CAN_1_RX_MAILBOX_TYPE & shift) != 0u)
 427:.\Generated_Source\PSoC5/CAN_1_INT.c ****                     {
 428:.\Generated_Source\PSoC5/CAN_1_INT.c ****                         /* RX Full mailboxes handler */
 429:.\Generated_Source\PSoC5/CAN_1_INT.c ****                     }
 430:.\Generated_Source\PSoC5/CAN_1_INT.c ****                     else
 431:.\Generated_Source\PSoC5/CAN_1_INT.c ****                     {
 432:.\Generated_Source\PSoC5/CAN_1_INT.c ****                         /* RX Basic mailbox handler */
 433:.\Generated_Source\PSoC5/CAN_1_INT.c ****                         CAN_1_ReceiveMsg(mailboxNumber);
  95              		.loc 1 433 0
  96 0022 2046     		mov	r0, r4
  97 0024 FFF7FEFF 		bl	CAN_1_ReceiveMsg
  98              	.LVL5:
  99              	.L7:
 434:.\Generated_Source\PSoC5/CAN_1_INT.c ****                     }
 435:.\Generated_Source\PSoC5/CAN_1_INT.c ****                 }
 436:.\Generated_Source\PSoC5/CAN_1_INT.c ****             }
 437:.\Generated_Source\PSoC5/CAN_1_INT.c ****             shift <<= 1u;
 100              		.loc 1 437 0 discriminator 2
 101 0028 6D00     		lsls	r5, r5, #1
 102              	.LVL6:
 103 002a ADB2     		uxth	r5, r5
 104              	.LVL7:
 420:.\Generated_Source\PSoC5/CAN_1_INT.c ****         {
 105              		.loc 1 420 0 discriminator 2
 106 002c 0134     		adds	r4, r4, #1
 107              	.LVL8:
 108 002e E4B2     		uxtb	r4, r4
 109              	.LVL9:
 110              	.L6:
 420:.\Generated_Source\PSoC5/CAN_1_INT.c ****         {
 111              		.loc 1 420 0 is_stmt 0 discriminator 1
 112 0030 0F2C     		cmp	r4, #15
 113 0032 ECD9     		bls	.L8
 438:.\Generated_Source\PSoC5/CAN_1_INT.c ****         }
 439:.\Generated_Source\PSoC5/CAN_1_INT.c ****     }
 114              		.loc 1 439 0 is_stmt 1
 115 0034 38BD     		pop	{r3, r4, r5, pc}
 116              	.LVL10:
 117              	.L11:
 118 0036 00BF     		.align	2
 119              	.L10:
 120 0038 00A00040 		.word	1073782784
 121 003c 08A00040 		.word	1073782792
 122 0040 A0A00040 		.word	1073782944
 123              		.cfi_endproc
 124              	.LFE1:
 125              		.size	CAN_1_MsgRXIsr, .-CAN_1_MsgRXIsr
 126              		.section	.text.CAN_1_ISR,"ax",%progbits
 127              		.align	2
 128              		.global	CAN_1_ISR
ARM GAS  C:\Users\PANXIA~1\AppData\Local\Temp\ccVr3LyT.s 			page 11


 129              		.thumb
 130              		.thumb_func
 131              		.type	CAN_1_ISR, %function
 132              	CAN_1_ISR:
 133              	.LFB2:
 440:.\Generated_Source\PSoC5/CAN_1_INT.c **** #endif /* CAN_1_RX_MESSAGE */
 441:.\Generated_Source\PSoC5/CAN_1_INT.c **** 
 442:.\Generated_Source\PSoC5/CAN_1_INT.c **** 
 443:.\Generated_Source\PSoC5/CAN_1_INT.c **** /*******************************************************************************
 444:.\Generated_Source\PSoC5/CAN_1_INT.c **** * Function Name: CAN_1_ISR
 445:.\Generated_Source\PSoC5/CAN_1_INT.c **** ********************************************************************************
 446:.\Generated_Source\PSoC5/CAN_1_INT.c **** *
 447:.\Generated_Source\PSoC5/CAN_1_INT.c **** * Summary:
 448:.\Generated_Source\PSoC5/CAN_1_INT.c **** *  This ISR is executed when CAN Core generates and interrupt on one of events:
 449:.\Generated_Source\PSoC5/CAN_1_INT.c **** *  Arb_lost, Overload, Bit_err, Stuff_err, Ack_err, Form_err, Crc_err,
 450:.\Generated_Source\PSoC5/CAN_1_INT.c **** *  Buss_off, Rx_msg_lost, Tx_msg or Rx_msg. The interrupt sources depends
 451:.\Generated_Source\PSoC5/CAN_1_INT.c **** *  on the Customizer inputs.
 452:.\Generated_Source\PSoC5/CAN_1_INT.c **** *
 453:.\Generated_Source\PSoC5/CAN_1_INT.c **** * Parameters:
 454:.\Generated_Source\PSoC5/CAN_1_INT.c **** *  None.
 455:.\Generated_Source\PSoC5/CAN_1_INT.c **** *
 456:.\Generated_Source\PSoC5/CAN_1_INT.c **** * Return:
 457:.\Generated_Source\PSoC5/CAN_1_INT.c **** *  None.
 458:.\Generated_Source\PSoC5/CAN_1_INT.c **** *
 459:.\Generated_Source\PSoC5/CAN_1_INT.c **** *******************************************************************************/
 460:.\Generated_Source\PSoC5/CAN_1_INT.c **** CY_ISR(CAN_1_ISR)
 461:.\Generated_Source\PSoC5/CAN_1_INT.c **** {
 134              		.loc 1 461 0
 135              		.cfi_startproc
 136              		@ args = 0, pretend = 0, frame = 0
 137              		@ frame_needed = 0, uses_anonymous_args = 0
 138 0000 08B5     		push	{r3, lr}
 139              		.cfi_def_cfa_offset 8
 140              		.cfi_offset 3, -8
 141              		.cfi_offset 14, -4
 462:.\Generated_Source\PSoC5/CAN_1_INT.c ****     #ifdef CAN_1_ISR_INTERRUPT_CALLBACK
 463:.\Generated_Source\PSoC5/CAN_1_INT.c ****         CAN_1_ISR_InterruptCallback();
 464:.\Generated_Source\PSoC5/CAN_1_INT.c ****     #endif /* CAN_1_ISR_INTERRUPT_CALLBACK */
 465:.\Generated_Source\PSoC5/CAN_1_INT.c ****     
 466:.\Generated_Source\PSoC5/CAN_1_INT.c ****     /* Place your Interrupt code here. */
 467:.\Generated_Source\PSoC5/CAN_1_INT.c ****     /* `#START CAN_ISR` */
 468:.\Generated_Source\PSoC5/CAN_1_INT.c **** 
 469:.\Generated_Source\PSoC5/CAN_1_INT.c ****     /* `#END` */
 470:.\Generated_Source\PSoC5/CAN_1_INT.c ****     
 471:.\Generated_Source\PSoC5/CAN_1_INT.c ****     /* Arbitration */
 472:.\Generated_Source\PSoC5/CAN_1_INT.c ****     #if (CAN_1_ARB_LOST && (CAN_1_ARB_LOST_USE_HELPER || \
 473:.\Generated_Source\PSoC5/CAN_1_INT.c ****         (!CAN_1_ADVANCED_INTERRUPT_CFG)))
 474:.\Generated_Source\PSoC5/CAN_1_INT.c ****         if ((CAN_1_INT_SR_REG.byte[0u] & CAN_1_ARBITRATION_LOST_MASK) != 0u)
 475:.\Generated_Source\PSoC5/CAN_1_INT.c ****         {
 476:.\Generated_Source\PSoC5/CAN_1_INT.c ****             CAN_1_ArbLostIsr();
 477:.\Generated_Source\PSoC5/CAN_1_INT.c ****         }
 478:.\Generated_Source\PSoC5/CAN_1_INT.c ****     #endif /* CAN_1_ARB_LOST && CAN_1_ARB_LOST_USE_HELPER */
 479:.\Generated_Source\PSoC5/CAN_1_INT.c **** 
 480:.\Generated_Source\PSoC5/CAN_1_INT.c ****     /* Overload Error */
 481:.\Generated_Source\PSoC5/CAN_1_INT.c ****     #if (CAN_1_OVERLOAD && (CAN_1_OVERLOAD_USE_HELPER || \
 482:.\Generated_Source\PSoC5/CAN_1_INT.c ****         (!CAN_1_ADVANCED_INTERRUPT_CFG)))
 483:.\Generated_Source\PSoC5/CAN_1_INT.c ****         if ((CAN_1_INT_SR_REG.byte[0u] & CAN_1_OVERLOAD_ERROR_MASK) != 0u)
ARM GAS  C:\Users\PANXIA~1\AppData\Local\Temp\ccVr3LyT.s 			page 12


 484:.\Generated_Source\PSoC5/CAN_1_INT.c ****         {
 485:.\Generated_Source\PSoC5/CAN_1_INT.c ****             CAN_1_OvrLdErrorIsr();
 486:.\Generated_Source\PSoC5/CAN_1_INT.c ****         }
 487:.\Generated_Source\PSoC5/CAN_1_INT.c ****     #endif /* CAN_1_OVERLOAD && CAN_1_OVERLOAD_USE_HELPER */
 488:.\Generated_Source\PSoC5/CAN_1_INT.c **** 
 489:.\Generated_Source\PSoC5/CAN_1_INT.c ****     /* Bit Error */
 490:.\Generated_Source\PSoC5/CAN_1_INT.c ****     #if (CAN_1_BIT_ERR && (CAN_1_BIT_ERR_USE_HELPER || \
 491:.\Generated_Source\PSoC5/CAN_1_INT.c ****         (!CAN_1_ADVANCED_INTERRUPT_CFG)))
 492:.\Generated_Source\PSoC5/CAN_1_INT.c ****         if ((CAN_1_INT_SR_REG.byte[0u] & CAN_1_BIT_ERROR_MASK) != 0u)
 493:.\Generated_Source\PSoC5/CAN_1_INT.c ****         {
 494:.\Generated_Source\PSoC5/CAN_1_INT.c ****             CAN_1_BitErrorIsr();
 495:.\Generated_Source\PSoC5/CAN_1_INT.c ****         }
 496:.\Generated_Source\PSoC5/CAN_1_INT.c ****     #endif /* CAN_1_BIT_ERR && CAN_1_BIT_ERR_USE_HELPER */
 497:.\Generated_Source\PSoC5/CAN_1_INT.c **** 
 498:.\Generated_Source\PSoC5/CAN_1_INT.c ****     /* Bit Staff Error */
 499:.\Generated_Source\PSoC5/CAN_1_INT.c ****     #if (CAN_1_STUFF_ERR && (CAN_1_STUFF_ERR_USE_HELPER || \
 500:.\Generated_Source\PSoC5/CAN_1_INT.c ****         (!CAN_1_ADVANCED_INTERRUPT_CFG)))
 501:.\Generated_Source\PSoC5/CAN_1_INT.c ****         if ((CAN_1_INT_SR_REG.byte[0u] & CAN_1_STUFF_ERROR_MASK) != 0u)
 502:.\Generated_Source\PSoC5/CAN_1_INT.c ****         {
 503:.\Generated_Source\PSoC5/CAN_1_INT.c ****             CAN_1_BitStuffErrorIsr();
 504:.\Generated_Source\PSoC5/CAN_1_INT.c ****         }
 505:.\Generated_Source\PSoC5/CAN_1_INT.c ****     #endif /* CAN_1_STUFF_ERR && CAN_1_STUFF_ERR_USE_HELPER */
 506:.\Generated_Source\PSoC5/CAN_1_INT.c **** 
 507:.\Generated_Source\PSoC5/CAN_1_INT.c ****     /* ACK Error */
 508:.\Generated_Source\PSoC5/CAN_1_INT.c ****     #if (CAN_1_ACK_ERR && (CAN_1_ACK_ERR_USE_HELPER || \
 509:.\Generated_Source\PSoC5/CAN_1_INT.c ****         (!CAN_1_ADVANCED_INTERRUPT_CFG)))
 510:.\Generated_Source\PSoC5/CAN_1_INT.c ****         if ((CAN_1_INT_SR_REG.byte[0u] & CAN_1_ACK_ERROR_MASK) != 0u)
 511:.\Generated_Source\PSoC5/CAN_1_INT.c ****         {
 512:.\Generated_Source\PSoC5/CAN_1_INT.c ****             CAN_1_AckErrorIsr();
 513:.\Generated_Source\PSoC5/CAN_1_INT.c ****         }
 514:.\Generated_Source\PSoC5/CAN_1_INT.c ****     #endif /* CAN_1_ACK_ERR && CAN_1_ACK_ERR_USE_HELPER */
 515:.\Generated_Source\PSoC5/CAN_1_INT.c **** 
 516:.\Generated_Source\PSoC5/CAN_1_INT.c ****     /* Form(msg) Error */
 517:.\Generated_Source\PSoC5/CAN_1_INT.c ****     #if (CAN_1_FORM_ERR && (CAN_1_FORM_ERR_USE_HELPER || \
 518:.\Generated_Source\PSoC5/CAN_1_INT.c ****         (!CAN_1_ADVANCED_INTERRUPT_CFG)))
 519:.\Generated_Source\PSoC5/CAN_1_INT.c ****         if ((CAN_1_INT_SR_REG.byte[0u] & CAN_1_FORM_ERROR_MASK) != 0u)
 520:.\Generated_Source\PSoC5/CAN_1_INT.c ****         {
 521:.\Generated_Source\PSoC5/CAN_1_INT.c ****             CAN_1_MsgErrorIsr();
 522:.\Generated_Source\PSoC5/CAN_1_INT.c ****         }
 523:.\Generated_Source\PSoC5/CAN_1_INT.c ****     #endif /* CAN_1_FORM_ERR && CAN_1_FORM_ERR_USE_HELPER */
 524:.\Generated_Source\PSoC5/CAN_1_INT.c **** 
 525:.\Generated_Source\PSoC5/CAN_1_INT.c ****     /* CRC Error */
 526:.\Generated_Source\PSoC5/CAN_1_INT.c ****     #if (CAN_1_CRC_ERR && (CAN_1_CRC_ERR_USE_HELPER || \
 527:.\Generated_Source\PSoC5/CAN_1_INT.c ****         (!CAN_1_ADVANCED_INTERRUPT_CFG)))
 528:.\Generated_Source\PSoC5/CAN_1_INT.c ****         if ((CAN_1_INT_SR_REG.byte[1u] & CAN_1_CRC_ERROR_MASK) != 0u)
 529:.\Generated_Source\PSoC5/CAN_1_INT.c ****         {
 530:.\Generated_Source\PSoC5/CAN_1_INT.c ****             CAN_1_CrcErrorIsr();
 531:.\Generated_Source\PSoC5/CAN_1_INT.c ****         }
 532:.\Generated_Source\PSoC5/CAN_1_INT.c ****     #endif /* CAN_1_CRC_ERR && CAN_1_CRC_ERR_USE_HELPER */
 533:.\Generated_Source\PSoC5/CAN_1_INT.c **** 
 534:.\Generated_Source\PSoC5/CAN_1_INT.c ****     /* Bus Off state */
 535:.\Generated_Source\PSoC5/CAN_1_INT.c ****     #if (CAN_1_BUS_OFF && (CAN_1_BUS_OFF_USE_HELPER || \
 536:.\Generated_Source\PSoC5/CAN_1_INT.c ****         (!CAN_1_ADVANCED_INTERRUPT_CFG)))
 537:.\Generated_Source\PSoC5/CAN_1_INT.c ****         if ((CAN_1_INT_SR_REG.byte[1u] & CAN_1_BUS_OFF_MASK) != 0u)
 142              		.loc 1 537 0
 143 0002 074B     		ldr	r3, .L16
 144 0004 5B78     		ldrb	r3, [r3, #1]	@ zero_extendqisi2
ARM GAS  C:\Users\PANXIA~1\AppData\Local\Temp\ccVr3LyT.s 			page 13


 145 0006 13F0020F 		tst	r3, #2
 146 000a 01D0     		beq	.L13
 538:.\Generated_Source\PSoC5/CAN_1_INT.c ****         {
 539:.\Generated_Source\PSoC5/CAN_1_INT.c ****             CAN_1_BusOffIsr();
 147              		.loc 1 539 0
 148 000c FFF7FEFF 		bl	CAN_1_BusOffIsr
 149              	.LVL11:
 150              	.L13:
 540:.\Generated_Source\PSoC5/CAN_1_INT.c ****         }
 541:.\Generated_Source\PSoC5/CAN_1_INT.c ****     #endif /* CAN_1_BUS_OFF && CAN_1_BUS_OFF_USE_HELPER */
 542:.\Generated_Source\PSoC5/CAN_1_INT.c **** 
 543:.\Generated_Source\PSoC5/CAN_1_INT.c ****     /* Message Lost */
 544:.\Generated_Source\PSoC5/CAN_1_INT.c ****     #if (CAN_1_RX_MSG_LOST && (CAN_1_RX_MSG_LOST_USE_HELPER || \
 545:.\Generated_Source\PSoC5/CAN_1_INT.c ****         (!CAN_1_ADVANCED_INTERRUPT_CFG)))
 546:.\Generated_Source\PSoC5/CAN_1_INT.c ****         if ((CAN_1_INT_SR_REG.byte[1u] & CAN_1_RX_MSG_LOST_MASK) != 0u)
 547:.\Generated_Source\PSoC5/CAN_1_INT.c ****         {
 548:.\Generated_Source\PSoC5/CAN_1_INT.c ****             CAN_1_MsgLostIsr();
 549:.\Generated_Source\PSoC5/CAN_1_INT.c ****         }
 550:.\Generated_Source\PSoC5/CAN_1_INT.c ****     #endif /* CAN_1_RX_MSG_LOST && CAN_1_RX_MSG_LOST_USE_HELPER */
 551:.\Generated_Source\PSoC5/CAN_1_INT.c **** 
 552:.\Generated_Source\PSoC5/CAN_1_INT.c ****     /* TX Message Send */
 553:.\Generated_Source\PSoC5/CAN_1_INT.c ****     #if (CAN_1_TX_MESSAGE && (CAN_1_TX_MESSAGE_USE_HELPER || \
 554:.\Generated_Source\PSoC5/CAN_1_INT.c ****         (!CAN_1_ADVANCED_INTERRUPT_CFG)))
 555:.\Generated_Source\PSoC5/CAN_1_INT.c ****         if ((CAN_1_INT_SR_REG.byte[1u] & CAN_1_TX_MESSAGE_MASK) != 0u)
 556:.\Generated_Source\PSoC5/CAN_1_INT.c ****         {
 557:.\Generated_Source\PSoC5/CAN_1_INT.c ****             CAN_1_MsgTXIsr();
 558:.\Generated_Source\PSoC5/CAN_1_INT.c ****         }
 559:.\Generated_Source\PSoC5/CAN_1_INT.c ****     #endif /* CAN_1_TX_MESSAGE && CAN_1_TX_MESSAGE_USE_HELPER */
 560:.\Generated_Source\PSoC5/CAN_1_INT.c **** 
 561:.\Generated_Source\PSoC5/CAN_1_INT.c ****     /* RX Message Available */
 562:.\Generated_Source\PSoC5/CAN_1_INT.c ****     #if (CAN_1_RX_MESSAGE && (CAN_1_RX_MESSAGE_USE_HELPER || \
 563:.\Generated_Source\PSoC5/CAN_1_INT.c ****         (!CAN_1_ADVANCED_INTERRUPT_CFG)))
 564:.\Generated_Source\PSoC5/CAN_1_INT.c ****         if ((CAN_1_INT_SR_REG.byte[1u] & CAN_1_RX_MESSAGE_MASK) != 0u)
 151              		.loc 1 564 0
 152 0010 034B     		ldr	r3, .L16
 153 0012 5B78     		ldrb	r3, [r3, #1]	@ zero_extendqisi2
 154 0014 13F0100F 		tst	r3, #16
 155 0018 01D0     		beq	.L12
 565:.\Generated_Source\PSoC5/CAN_1_INT.c ****         {
 566:.\Generated_Source\PSoC5/CAN_1_INT.c ****             CAN_1_MsgRXIsr();
 156              		.loc 1 566 0
 157 001a FFF7FEFF 		bl	CAN_1_MsgRXIsr
 158              	.LVL12:
 159              	.L12:
 160 001e 08BD     		pop	{r3, pc}
 161              	.L17:
 162              		.align	2
 163              	.L16:
 164 0020 00A00040 		.word	1073782784
 165              		.cfi_endproc
 166              	.LFE2:
 167              		.size	CAN_1_ISR, .-CAN_1_ISR
 168              		.text
 169              	.Letext0:
 170              		.file 2 ".\\Generated_Source\\PSoC5\\cytypes.h"
 171              		.file 3 ".\\Generated_Source\\PSoC5\\CAN_1.h"
 172              		.section	.debug_info,"",%progbits
ARM GAS  C:\Users\PANXIA~1\AppData\Local\Temp\ccVr3LyT.s 			page 14


 173              	.Ldebug_info0:
 174 0000 4B020000 		.4byte	0x24b
 175 0004 0400     		.2byte	0x4
 176 0006 00000000 		.4byte	.Ldebug_abbrev0
 177 000a 04       		.byte	0x4
 178 000b 01       		.uleb128 0x1
 179 000c 14010000 		.4byte	.LASF35
 180 0010 01       		.byte	0x1
 181 0011 D7000000 		.4byte	.LASF36
 182 0015 AF010000 		.4byte	.LASF37
 183 0019 00000000 		.4byte	.Ldebug_ranges0+0
 184 001d 00000000 		.4byte	0
 185 0021 00000000 		.4byte	.Ldebug_line0
 186 0025 02       		.uleb128 0x2
 187 0026 01       		.byte	0x1
 188 0027 06       		.byte	0x6
 189 0028 59020000 		.4byte	.LASF0
 190 002c 02       		.uleb128 0x2
 191 002d 01       		.byte	0x1
 192 002e 08       		.byte	0x8
 193 002f 95000000 		.4byte	.LASF1
 194 0033 02       		.uleb128 0x2
 195 0034 02       		.byte	0x2
 196 0035 05       		.byte	0x5
 197 0036 2B020000 		.4byte	.LASF2
 198 003a 02       		.uleb128 0x2
 199 003b 02       		.byte	0x2
 200 003c 07       		.byte	0x7
 201 003d 2D000000 		.4byte	.LASF3
 202 0041 02       		.uleb128 0x2
 203 0042 04       		.byte	0x4
 204 0043 05       		.byte	0x5
 205 0044 4A020000 		.4byte	.LASF4
 206 0048 02       		.uleb128 0x2
 207 0049 04       		.byte	0x4
 208 004a 07       		.byte	0x7
 209 004b B8000000 		.4byte	.LASF5
 210 004f 02       		.uleb128 0x2
 211 0050 08       		.byte	0x8
 212 0051 05       		.byte	0x5
 213 0052 18020000 		.4byte	.LASF6
 214 0056 02       		.uleb128 0x2
 215 0057 08       		.byte	0x8
 216 0058 07       		.byte	0x7
 217 0059 DB010000 		.4byte	.LASF7
 218 005d 03       		.uleb128 0x3
 219 005e 04       		.byte	0x4
 220 005f 05       		.byte	0x5
 221 0060 696E7400 		.ascii	"int\000"
 222 0064 02       		.uleb128 0x2
 223 0065 04       		.byte	0x4
 224 0066 07       		.byte	0x7
 225 0067 A2010000 		.4byte	.LASF8
 226 006b 04       		.uleb128 0x4
 227 006c CA000000 		.4byte	.LASF9
 228 0070 02       		.byte	0x2
 229 0071 C2       		.byte	0xc2
ARM GAS  C:\Users\PANXIA~1\AppData\Local\Temp\ccVr3LyT.s 			page 15


 230 0072 2C000000 		.4byte	0x2c
 231 0076 04       		.uleb128 0x4
 232 0077 FC000000 		.4byte	.LASF10
 233 007b 02       		.byte	0x2
 234 007c C3       		.byte	0xc3
 235 007d 3A000000 		.4byte	0x3a
 236 0081 02       		.uleb128 0x2
 237 0082 04       		.byte	0x4
 238 0083 04       		.byte	0x4
 239 0084 53020000 		.4byte	.LASF11
 240 0088 02       		.uleb128 0x2
 241 0089 08       		.byte	0x8
 242 008a 04       		.byte	0x4
 243 008b D0000000 		.4byte	.LASF12
 244 008f 02       		.uleb128 0x2
 245 0090 01       		.byte	0x1
 246 0091 08       		.byte	0x8
 247 0092 26020000 		.4byte	.LASF13
 248 0096 05       		.uleb128 0x5
 249 0097 03020000 		.4byte	.LASF14
 250 009b 02       		.byte	0x2
 251 009c 6C01     		.2byte	0x16c
 252 009e A2000000 		.4byte	0xa2
 253 00a2 06       		.uleb128 0x6
 254 00a3 6B000000 		.4byte	0x6b
 255 00a7 05       		.uleb128 0x5
 256 00a8 00000000 		.4byte	.LASF15
 257 00ac 02       		.byte	0x2
 258 00ad 6D01     		.2byte	0x16d
 259 00af B3000000 		.4byte	0xb3
 260 00b3 06       		.uleb128 0x6
 261 00b4 76000000 		.4byte	0x76
 262 00b8 02       		.uleb128 0x2
 263 00b9 04       		.byte	0x4
 264 00ba 07       		.byte	0x7
 265 00bb 08020000 		.4byte	.LASF16
 266 00bf 07       		.uleb128 0x7
 267 00c0 08       		.byte	0x8
 268 00c1 03       		.byte	0x3
 269 00c2 75       		.byte	0x75
 270 00c3 D4000000 		.4byte	0xd4
 271 00c7 08       		.uleb128 0x8
 272 00c8 51000000 		.4byte	.LASF18
 273 00cc 03       		.byte	0x3
 274 00cd 77       		.byte	0x77
 275 00ce E4000000 		.4byte	0xe4
 276 00d2 00       		.byte	0
 277 00d3 00       		.byte	0
 278 00d4 09       		.uleb128 0x9
 279 00d5 96000000 		.4byte	0x96
 280 00d9 E4000000 		.4byte	0xe4
 281 00dd 0A       		.uleb128 0xa
 282 00de B8000000 		.4byte	0xb8
 283 00e2 07       		.byte	0x7
 284 00e3 00       		.byte	0
 285 00e4 06       		.uleb128 0x6
 286 00e5 D4000000 		.4byte	0xd4
ARM GAS  C:\Users\PANXIA~1\AppData\Local\Temp\ccVr3LyT.s 			page 16


 287 00e9 04       		.uleb128 0x4
 288 00ea 03010000 		.4byte	.LASF17
 289 00ee 03       		.byte	0x3
 290 00ef 78       		.byte	0x78
 291 00f0 BF000000 		.4byte	0xbf
 292 00f4 07       		.uleb128 0x7
 293 00f5 04       		.byte	0x4
 294 00f6 03       		.byte	0x3
 295 00f7 7B       		.byte	0x7b
 296 00f8 09010000 		.4byte	0x109
 297 00fc 08       		.uleb128 0x8
 298 00fd 51000000 		.4byte	.LASF18
 299 0101 03       		.byte	0x3
 300 0102 7D       		.byte	0x7d
 301 0103 19010000 		.4byte	0x119
 302 0107 00       		.byte	0
 303 0108 00       		.byte	0
 304 0109 09       		.uleb128 0x9
 305 010a 96000000 		.4byte	0x96
 306 010e 19010000 		.4byte	0x119
 307 0112 0A       		.uleb128 0xa
 308 0113 B8000000 		.4byte	0xb8
 309 0117 03       		.byte	0x3
 310 0118 00       		.byte	0
 311 0119 06       		.uleb128 0x6
 312 011a 09010000 		.4byte	0x109
 313 011e 04       		.uleb128 0x4
 314 011f 06000000 		.4byte	.LASF19
 315 0123 03       		.byte	0x3
 316 0124 7E       		.byte	0x7e
 317 0125 F4000000 		.4byte	0xf4
 318 0129 07       		.uleb128 0x7
 319 012a 20       		.byte	0x20
 320 012b 03       		.byte	0x3
 321 012c A0       		.byte	0xa0
 322 012d 86010000 		.4byte	0x186
 323 0131 08       		.uleb128 0x8
 324 0132 FD010000 		.4byte	.LASF20
 325 0136 03       		.byte	0x3
 326 0137 A2       		.byte	0xa2
 327 0138 1E010000 		.4byte	0x11e
 328 013c 00       		.byte	0
 329 013d 08       		.uleb128 0x8
 330 013e A3000000 		.4byte	.LASF21
 331 0142 03       		.byte	0x3
 332 0143 A3       		.byte	0xa3
 333 0144 1E010000 		.4byte	0x11e
 334 0148 04       		.byte	0x4
 335 0149 08       		.uleb128 0x8
 336 014a 56000000 		.4byte	.LASF22
 337 014e 03       		.byte	0x3
 338 014f A4       		.byte	0xa4
 339 0150 E9000000 		.4byte	0xe9
 340 0154 08       		.byte	0x8
 341 0155 08       		.uleb128 0x8
 342 0156 19000000 		.4byte	.LASF23
 343 015a 03       		.byte	0x3
ARM GAS  C:\Users\PANXIA~1\AppData\Local\Temp\ccVr3LyT.s 			page 17


 344 015b A5       		.byte	0xa5
 345 015c 1E010000 		.4byte	0x11e
 346 0160 10       		.byte	0x10
 347 0161 08       		.uleb128 0x8
 348 0162 35020000 		.4byte	.LASF24
 349 0166 03       		.byte	0x3
 350 0167 A6       		.byte	0xa6
 351 0168 1E010000 		.4byte	0x11e
 352 016c 14       		.byte	0x14
 353 016d 08       		.uleb128 0x8
 354 016e 11020000 		.4byte	.LASF25
 355 0172 03       		.byte	0x3
 356 0173 A7       		.byte	0xa7
 357 0174 1E010000 		.4byte	0x11e
 358 0178 18       		.byte	0x18
 359 0179 08       		.uleb128 0x8
 360 017a 5D000000 		.4byte	.LASF26
 361 017e 03       		.byte	0x3
 362 017f A8       		.byte	0xa8
 363 0180 1E010000 		.4byte	0x11e
 364 0184 1C       		.byte	0x1c
 365 0185 00       		.byte	0
 366 0186 04       		.uleb128 0x4
 367 0187 A8000000 		.4byte	.LASF27
 368 018b 03       		.byte	0x3
 369 018c A9       		.byte	0xa9
 370 018d 29010000 		.4byte	0x129
 371 0191 0B       		.uleb128 0xb
 372 0192 85000000 		.4byte	.LASF28
 373 0196 01       		.byte	0x1
 374 0197 2801     		.2byte	0x128
 375 0199 00000000 		.4byte	.LFB0
 376 019d 18000000 		.4byte	.LFE0-.LFB0
 377 01a1 01       		.uleb128 0x1
 378 01a2 9C       		.byte	0x9c
 379 01a3 BA010000 		.4byte	0x1ba
 380 01a7 0C       		.uleb128 0xc
 381 01a8 0C000000 		.4byte	.LVL0
 382 01ac 2A020000 		.4byte	0x22a
 383 01b0 0C       		.uleb128 0xc
 384 01b1 10000000 		.4byte	.LVL1
 385 01b5 35020000 		.4byte	0x235
 386 01b9 00       		.byte	0
 387 01ba 0B       		.uleb128 0xb
 388 01bb 3B020000 		.4byte	.LASF29
 389 01bf 01       		.byte	0x1
 390 01c0 9401     		.2byte	0x194
 391 01c2 00000000 		.4byte	.LFB1
 392 01c6 44000000 		.4byte	.LFE1-.LFB1
 393 01ca 01       		.uleb128 0x1
 394 01cb 9C       		.byte	0x9c
 395 01cc 01020000 		.4byte	0x201
 396 01d0 0D       		.uleb128 0xd
 397 01d1 1F000000 		.4byte	.LASF30
 398 01d5 01       		.byte	0x1
 399 01d6 9601     		.2byte	0x196
 400 01d8 6B000000 		.4byte	0x6b
ARM GAS  C:\Users\PANXIA~1\AppData\Local\Temp\ccVr3LyT.s 			page 18


 401 01dc 00000000 		.4byte	.LLST0
 402 01e0 0D       		.uleb128 0xd
 403 01e1 13000000 		.4byte	.LASF31
 404 01e5 01       		.byte	0x1
 405 01e6 9701     		.2byte	0x197
 406 01e8 76000000 		.4byte	0x76
 407 01ec 2A000000 		.4byte	.LLST1
 408 01f0 0E       		.uleb128 0xe
 409 01f1 28000000 		.4byte	.LVL5
 410 01f5 40020000 		.4byte	0x240
 411 01f9 0F       		.uleb128 0xf
 412 01fa 01       		.uleb128 0x1
 413 01fb 50       		.byte	0x50
 414 01fc 02       		.uleb128 0x2
 415 01fd 74       		.byte	0x74
 416 01fe 00       		.sleb128 0
 417 01ff 00       		.byte	0
 418 0200 00       		.byte	0
 419 0201 0B       		.uleb128 0xb
 420 0202 7B000000 		.4byte	.LASF32
 421 0206 01       		.byte	0x1
 422 0207 CC01     		.2byte	0x1cc
 423 0209 00000000 		.4byte	.LFB2
 424 020d 24000000 		.4byte	.LFE2-.LFB2
 425 0211 01       		.uleb128 0x1
 426 0212 9C       		.byte	0x9c
 427 0213 2A020000 		.4byte	0x22a
 428 0217 0C       		.uleb128 0xc
 429 0218 10000000 		.4byte	.LVL11
 430 021c 91010000 		.4byte	0x191
 431 0220 0C       		.uleb128 0xc
 432 0221 1E000000 		.4byte	.LVL12
 433 0225 BA010000 		.4byte	0x1ba
 434 0229 00       		.byte	0
 435 022a 10       		.uleb128 0x10
 436 022b 64000000 		.4byte	.LASF33
 437 022f 03       		.byte	0x3
 438 0230 C9       		.byte	0xc9
 439 0231 6B000000 		.4byte	0x6b
 440 0235 10       		.uleb128 0x10
 441 0236 F2010000 		.4byte	.LASF34
 442 023a 03       		.byte	0x3
 443 023b C6       		.byte	0xc6
 444 023c 6B000000 		.4byte	0x6b
 445 0240 11       		.uleb128 0x11
 446 0241 40000000 		.4byte	.LASF38
 447 0245 03       		.byte	0x3
 448 0246 1A01     		.2byte	0x11a
 449 0248 12       		.uleb128 0x12
 450 0249 6B000000 		.4byte	0x6b
 451 024d 00       		.byte	0
 452 024e 00       		.byte	0
 453              		.section	.debug_abbrev,"",%progbits
 454              	.Ldebug_abbrev0:
 455 0000 01       		.uleb128 0x1
 456 0001 11       		.uleb128 0x11
 457 0002 01       		.byte	0x1
ARM GAS  C:\Users\PANXIA~1\AppData\Local\Temp\ccVr3LyT.s 			page 19


 458 0003 25       		.uleb128 0x25
 459 0004 0E       		.uleb128 0xe
 460 0005 13       		.uleb128 0x13
 461 0006 0B       		.uleb128 0xb
 462 0007 03       		.uleb128 0x3
 463 0008 0E       		.uleb128 0xe
 464 0009 1B       		.uleb128 0x1b
 465 000a 0E       		.uleb128 0xe
 466 000b 55       		.uleb128 0x55
 467 000c 17       		.uleb128 0x17
 468 000d 11       		.uleb128 0x11
 469 000e 01       		.uleb128 0x1
 470 000f 10       		.uleb128 0x10
 471 0010 17       		.uleb128 0x17
 472 0011 00       		.byte	0
 473 0012 00       		.byte	0
 474 0013 02       		.uleb128 0x2
 475 0014 24       		.uleb128 0x24
 476 0015 00       		.byte	0
 477 0016 0B       		.uleb128 0xb
 478 0017 0B       		.uleb128 0xb
 479 0018 3E       		.uleb128 0x3e
 480 0019 0B       		.uleb128 0xb
 481 001a 03       		.uleb128 0x3
 482 001b 0E       		.uleb128 0xe
 483 001c 00       		.byte	0
 484 001d 00       		.byte	0
 485 001e 03       		.uleb128 0x3
 486 001f 24       		.uleb128 0x24
 487 0020 00       		.byte	0
 488 0021 0B       		.uleb128 0xb
 489 0022 0B       		.uleb128 0xb
 490 0023 3E       		.uleb128 0x3e
 491 0024 0B       		.uleb128 0xb
 492 0025 03       		.uleb128 0x3
 493 0026 08       		.uleb128 0x8
 494 0027 00       		.byte	0
 495 0028 00       		.byte	0
 496 0029 04       		.uleb128 0x4
 497 002a 16       		.uleb128 0x16
 498 002b 00       		.byte	0
 499 002c 03       		.uleb128 0x3
 500 002d 0E       		.uleb128 0xe
 501 002e 3A       		.uleb128 0x3a
 502 002f 0B       		.uleb128 0xb
 503 0030 3B       		.uleb128 0x3b
 504 0031 0B       		.uleb128 0xb
 505 0032 49       		.uleb128 0x49
 506 0033 13       		.uleb128 0x13
 507 0034 00       		.byte	0
 508 0035 00       		.byte	0
 509 0036 05       		.uleb128 0x5
 510 0037 16       		.uleb128 0x16
 511 0038 00       		.byte	0
 512 0039 03       		.uleb128 0x3
 513 003a 0E       		.uleb128 0xe
 514 003b 3A       		.uleb128 0x3a
ARM GAS  C:\Users\PANXIA~1\AppData\Local\Temp\ccVr3LyT.s 			page 20


 515 003c 0B       		.uleb128 0xb
 516 003d 3B       		.uleb128 0x3b
 517 003e 05       		.uleb128 0x5
 518 003f 49       		.uleb128 0x49
 519 0040 13       		.uleb128 0x13
 520 0041 00       		.byte	0
 521 0042 00       		.byte	0
 522 0043 06       		.uleb128 0x6
 523 0044 35       		.uleb128 0x35
 524 0045 00       		.byte	0
 525 0046 49       		.uleb128 0x49
 526 0047 13       		.uleb128 0x13
 527 0048 00       		.byte	0
 528 0049 00       		.byte	0
 529 004a 07       		.uleb128 0x7
 530 004b 13       		.uleb128 0x13
 531 004c 01       		.byte	0x1
 532 004d 0B       		.uleb128 0xb
 533 004e 0B       		.uleb128 0xb
 534 004f 3A       		.uleb128 0x3a
 535 0050 0B       		.uleb128 0xb
 536 0051 3B       		.uleb128 0x3b
 537 0052 0B       		.uleb128 0xb
 538 0053 01       		.uleb128 0x1
 539 0054 13       		.uleb128 0x13
 540 0055 00       		.byte	0
 541 0056 00       		.byte	0
 542 0057 08       		.uleb128 0x8
 543 0058 0D       		.uleb128 0xd
 544 0059 00       		.byte	0
 545 005a 03       		.uleb128 0x3
 546 005b 0E       		.uleb128 0xe
 547 005c 3A       		.uleb128 0x3a
 548 005d 0B       		.uleb128 0xb
 549 005e 3B       		.uleb128 0x3b
 550 005f 0B       		.uleb128 0xb
 551 0060 49       		.uleb128 0x49
 552 0061 13       		.uleb128 0x13
 553 0062 38       		.uleb128 0x38
 554 0063 0B       		.uleb128 0xb
 555 0064 00       		.byte	0
 556 0065 00       		.byte	0
 557 0066 09       		.uleb128 0x9
 558 0067 01       		.uleb128 0x1
 559 0068 01       		.byte	0x1
 560 0069 49       		.uleb128 0x49
 561 006a 13       		.uleb128 0x13
 562 006b 01       		.uleb128 0x1
 563 006c 13       		.uleb128 0x13
 564 006d 00       		.byte	0
 565 006e 00       		.byte	0
 566 006f 0A       		.uleb128 0xa
 567 0070 21       		.uleb128 0x21
 568 0071 00       		.byte	0
 569 0072 49       		.uleb128 0x49
 570 0073 13       		.uleb128 0x13
 571 0074 2F       		.uleb128 0x2f
ARM GAS  C:\Users\PANXIA~1\AppData\Local\Temp\ccVr3LyT.s 			page 21


 572 0075 0B       		.uleb128 0xb
 573 0076 00       		.byte	0
 574 0077 00       		.byte	0
 575 0078 0B       		.uleb128 0xb
 576 0079 2E       		.uleb128 0x2e
 577 007a 01       		.byte	0x1
 578 007b 3F       		.uleb128 0x3f
 579 007c 19       		.uleb128 0x19
 580 007d 03       		.uleb128 0x3
 581 007e 0E       		.uleb128 0xe
 582 007f 3A       		.uleb128 0x3a
 583 0080 0B       		.uleb128 0xb
 584 0081 3B       		.uleb128 0x3b
 585 0082 05       		.uleb128 0x5
 586 0083 27       		.uleb128 0x27
 587 0084 19       		.uleb128 0x19
 588 0085 11       		.uleb128 0x11
 589 0086 01       		.uleb128 0x1
 590 0087 12       		.uleb128 0x12
 591 0088 06       		.uleb128 0x6
 592 0089 40       		.uleb128 0x40
 593 008a 18       		.uleb128 0x18
 594 008b 9742     		.uleb128 0x2117
 595 008d 19       		.uleb128 0x19
 596 008e 01       		.uleb128 0x1
 597 008f 13       		.uleb128 0x13
 598 0090 00       		.byte	0
 599 0091 00       		.byte	0
 600 0092 0C       		.uleb128 0xc
 601 0093 898201   		.uleb128 0x4109
 602 0096 00       		.byte	0
 603 0097 11       		.uleb128 0x11
 604 0098 01       		.uleb128 0x1
 605 0099 31       		.uleb128 0x31
 606 009a 13       		.uleb128 0x13
 607 009b 00       		.byte	0
 608 009c 00       		.byte	0
 609 009d 0D       		.uleb128 0xd
 610 009e 34       		.uleb128 0x34
 611 009f 00       		.byte	0
 612 00a0 03       		.uleb128 0x3
 613 00a1 0E       		.uleb128 0xe
 614 00a2 3A       		.uleb128 0x3a
 615 00a3 0B       		.uleb128 0xb
 616 00a4 3B       		.uleb128 0x3b
 617 00a5 05       		.uleb128 0x5
 618 00a6 49       		.uleb128 0x49
 619 00a7 13       		.uleb128 0x13
 620 00a8 02       		.uleb128 0x2
 621 00a9 17       		.uleb128 0x17
 622 00aa 00       		.byte	0
 623 00ab 00       		.byte	0
 624 00ac 0E       		.uleb128 0xe
 625 00ad 898201   		.uleb128 0x4109
 626 00b0 01       		.byte	0x1
 627 00b1 11       		.uleb128 0x11
 628 00b2 01       		.uleb128 0x1
ARM GAS  C:\Users\PANXIA~1\AppData\Local\Temp\ccVr3LyT.s 			page 22


 629 00b3 31       		.uleb128 0x31
 630 00b4 13       		.uleb128 0x13
 631 00b5 00       		.byte	0
 632 00b6 00       		.byte	0
 633 00b7 0F       		.uleb128 0xf
 634 00b8 8A8201   		.uleb128 0x410a
 635 00bb 00       		.byte	0
 636 00bc 02       		.uleb128 0x2
 637 00bd 18       		.uleb128 0x18
 638 00be 9142     		.uleb128 0x2111
 639 00c0 18       		.uleb128 0x18
 640 00c1 00       		.byte	0
 641 00c2 00       		.byte	0
 642 00c3 10       		.uleb128 0x10
 643 00c4 2E       		.uleb128 0x2e
 644 00c5 00       		.byte	0
 645 00c6 3F       		.uleb128 0x3f
 646 00c7 19       		.uleb128 0x19
 647 00c8 03       		.uleb128 0x3
 648 00c9 0E       		.uleb128 0xe
 649 00ca 3A       		.uleb128 0x3a
 650 00cb 0B       		.uleb128 0xb
 651 00cc 3B       		.uleb128 0x3b
 652 00cd 0B       		.uleb128 0xb
 653 00ce 27       		.uleb128 0x27
 654 00cf 19       		.uleb128 0x19
 655 00d0 49       		.uleb128 0x49
 656 00d1 13       		.uleb128 0x13
 657 00d2 3C       		.uleb128 0x3c
 658 00d3 19       		.uleb128 0x19
 659 00d4 00       		.byte	0
 660 00d5 00       		.byte	0
 661 00d6 11       		.uleb128 0x11
 662 00d7 2E       		.uleb128 0x2e
 663 00d8 01       		.byte	0x1
 664 00d9 3F       		.uleb128 0x3f
 665 00da 19       		.uleb128 0x19
 666 00db 03       		.uleb128 0x3
 667 00dc 0E       		.uleb128 0xe
 668 00dd 3A       		.uleb128 0x3a
 669 00de 0B       		.uleb128 0xb
 670 00df 3B       		.uleb128 0x3b
 671 00e0 05       		.uleb128 0x5
 672 00e1 27       		.uleb128 0x27
 673 00e2 19       		.uleb128 0x19
 674 00e3 3C       		.uleb128 0x3c
 675 00e4 19       		.uleb128 0x19
 676 00e5 00       		.byte	0
 677 00e6 00       		.byte	0
 678 00e7 12       		.uleb128 0x12
 679 00e8 05       		.uleb128 0x5
 680 00e9 00       		.byte	0
 681 00ea 49       		.uleb128 0x49
 682 00eb 13       		.uleb128 0x13
 683 00ec 00       		.byte	0
 684 00ed 00       		.byte	0
 685 00ee 00       		.byte	0
ARM GAS  C:\Users\PANXIA~1\AppData\Local\Temp\ccVr3LyT.s 			page 23


 686              		.section	.debug_loc,"",%progbits
 687              	.Ldebug_loc0:
 688              	.LLST0:
 689 0000 08000000 		.4byte	.LVL3
 690 0004 0E000000 		.4byte	.LVL4
 691 0008 0200     		.2byte	0x2
 692 000a 30       		.byte	0x30
 693 000b 9F       		.byte	0x9f
 694 000c 0E000000 		.4byte	.LVL4
 695 0010 2E000000 		.4byte	.LVL8
 696 0014 0100     		.2byte	0x1
 697 0016 54       		.byte	0x54
 698 0017 30000000 		.4byte	.LVL9
 699 001b 36000000 		.4byte	.LVL10
 700 001f 0100     		.2byte	0x1
 701 0021 54       		.byte	0x54
 702 0022 00000000 		.4byte	0
 703 0026 00000000 		.4byte	0
 704              	.LLST1:
 705 002a 02000000 		.4byte	.LVL2
 706 002e 0E000000 		.4byte	.LVL4
 707 0032 0200     		.2byte	0x2
 708 0034 31       		.byte	0x31
 709 0035 9F       		.byte	0x9f
 710 0036 0E000000 		.4byte	.LVL4
 711 003a 2A000000 		.4byte	.LVL6
 712 003e 0100     		.2byte	0x1
 713 0040 55       		.byte	0x55
 714 0041 2C000000 		.4byte	.LVL7
 715 0045 36000000 		.4byte	.LVL10
 716 0049 0100     		.2byte	0x1
 717 004b 55       		.byte	0x55
 718 004c 00000000 		.4byte	0
 719 0050 00000000 		.4byte	0
 720              		.section	.debug_aranges,"",%progbits
 721 0000 2C000000 		.4byte	0x2c
 722 0004 0200     		.2byte	0x2
 723 0006 00000000 		.4byte	.Ldebug_info0
 724 000a 04       		.byte	0x4
 725 000b 00       		.byte	0
 726 000c 0000     		.2byte	0
 727 000e 0000     		.2byte	0
 728 0010 00000000 		.4byte	.LFB0
 729 0014 18000000 		.4byte	.LFE0-.LFB0
 730 0018 00000000 		.4byte	.LFB1
 731 001c 44000000 		.4byte	.LFE1-.LFB1
 732 0020 00000000 		.4byte	.LFB2
 733 0024 24000000 		.4byte	.LFE2-.LFB2
 734 0028 00000000 		.4byte	0
 735 002c 00000000 		.4byte	0
 736              		.section	.debug_ranges,"",%progbits
 737              	.Ldebug_ranges0:
 738 0000 00000000 		.4byte	.LFB0
 739 0004 18000000 		.4byte	.LFE0
 740 0008 00000000 		.4byte	.LFB1
 741 000c 44000000 		.4byte	.LFE1
 742 0010 00000000 		.4byte	.LFB2
ARM GAS  C:\Users\PANXIA~1\AppData\Local\Temp\ccVr3LyT.s 			page 24


 743 0014 24000000 		.4byte	.LFE2
 744 0018 00000000 		.4byte	0
 745 001c 00000000 		.4byte	0
 746              		.section	.debug_line,"",%progbits
 747              	.Ldebug_line0:
 748 0000 B7000000 		.section	.debug_str,"MS",%progbits,1
 748      02005300 
 748      00000201 
 748      FB0E0D00 
 748      01010101 
 749              	.LASF15:
 750 0000 72656731 		.ascii	"reg16\000"
 750      3600
 751              	.LASF19:
 752 0006 43414E5F 		.ascii	"CAN_1_REG_32\000"
 752      315F5245 
 752      475F3332 
 752      00
 753              	.LASF31:
 754 0013 73686966 		.ascii	"shift\000"
 754      7400
 755              	.LASF23:
 756 0019 7278616D 		.ascii	"rxamr\000"
 756      7200
 757              	.LASF30:
 758 001f 6D61696C 		.ascii	"mailboxNumber\000"
 758      626F784E 
 758      756D6265 
 758      7200
 759              	.LASF3:
 760 002d 73686F72 		.ascii	"short unsigned int\000"
 760      7420756E 
 760      7369676E 
 760      65642069 
 760      6E7400
 761              	.LASF38:
 762 0040 43414E5F 		.ascii	"CAN_1_ReceiveMsg\000"
 762      315F5265 
 762      63656976 
 762      654D7367 
 762      00
 763              	.LASF18:
 764 0051 62797465 		.ascii	"byte\000"
 764      00
 765              	.LASF22:
 766 0056 72786461 		.ascii	"rxdata\000"
 766      746100
 767              	.LASF26:
 768 005d 72786163 		.ascii	"rxacrd\000"
 768      726400
 769              	.LASF33:
 770 0064 43414E5F 		.ascii	"CAN_1_GlobalIntDisable\000"
 770      315F476C 
 770      6F62616C 
 770      496E7444 
 770      69736162 
 771              	.LASF32:
ARM GAS  C:\Users\PANXIA~1\AppData\Local\Temp\ccVr3LyT.s 			page 25


 772 007b 43414E5F 		.ascii	"CAN_1_ISR\000"
 772      315F4953 
 772      5200
 773              	.LASF28:
 774 0085 43414E5F 		.ascii	"CAN_1_BusOffIsr\000"
 774      315F4275 
 774      734F6666 
 774      49737200 
 775              	.LASF1:
 776 0095 756E7369 		.ascii	"unsigned char\000"
 776      676E6564 
 776      20636861 
 776      7200
 777              	.LASF21:
 778 00a3 72786964 		.ascii	"rxid\000"
 778      00
 779              	.LASF27:
 780 00a8 43414E5F 		.ascii	"CAN_1_RX_STRUCT\000"
 780      315F5258 
 780      5F535452 
 780      55435400 
 781              	.LASF5:
 782 00b8 6C6F6E67 		.ascii	"long unsigned int\000"
 782      20756E73 
 782      69676E65 
 782      6420696E 
 782      7400
 783              	.LASF9:
 784 00ca 75696E74 		.ascii	"uint8\000"
 784      3800
 785              	.LASF12:
 786 00d0 646F7562 		.ascii	"double\000"
 786      6C6500
 787              	.LASF36:
 788 00d7 2E5C4765 		.ascii	".\\Generated_Source\\PSoC5\\CAN_1_INT.c\000"
 788      6E657261 
 788      7465645F 
 788      536F7572 
 788      63655C50 
 789              	.LASF10:
 790 00fc 75696E74 		.ascii	"uint16\000"
 790      313600
 791              	.LASF17:
 792 0103 43414E5F 		.ascii	"CAN_1_DATA_BYTES\000"
 792      315F4441 
 792      54415F42 
 792      59544553 
 792      00
 793              	.LASF35:
 794 0114 474E5520 		.ascii	"GNU C 4.9.3 20150303 (release) [ARM/embedded-4_9-br"
 794      4320342E 
 794      392E3320 
 794      32303135 
 794      30333033 
 795 0147 616E6368 		.ascii	"anch revision 221220] -mcpu=cortex-m3 -mthumb -g -O"
 795      20726576 
 795      6973696F 
ARM GAS  C:\Users\PANXIA~1\AppData\Local\Temp\ccVr3LyT.s 			page 26


 795      6E203232 
 795      31323230 
 796 017a 67202D66 		.ascii	"g -ffunction-sections -ffat-lto-objects\000"
 796      66756E63 
 796      74696F6E 
 796      2D736563 
 796      74696F6E 
 797              	.LASF8:
 798 01a2 756E7369 		.ascii	"unsigned int\000"
 798      676E6564 
 798      20696E74 
 798      00
 799              	.LASF37:
 800 01af 443A5C47 		.ascii	"D:\\GIT\\A20_CANfestival\\posoc\\Design01.cydsn\000"
 800      49545C41 
 800      32305F43 
 800      414E6665 
 800      73746976 
 801              	.LASF7:
 802 01db 6C6F6E67 		.ascii	"long long unsigned int\000"
 802      206C6F6E 
 802      6720756E 
 802      7369676E 
 802      65642069 
 803              	.LASF34:
 804 01f2 43414E5F 		.ascii	"CAN_1_Stop\000"
 804      315F5374 
 804      6F7000
 805              	.LASF20:
 806 01fd 7278636D 		.ascii	"rxcmd\000"
 806      6400
 807              	.LASF14:
 808 0203 72656738 		.ascii	"reg8\000"
 808      00
 809              	.LASF16:
 810 0208 73697A65 		.ascii	"sizetype\000"
 810      74797065 
 810      00
 811              	.LASF25:
 812 0211 7278616D 		.ascii	"rxamrd\000"
 812      726400
 813              	.LASF6:
 814 0218 6C6F6E67 		.ascii	"long long int\000"
 814      206C6F6E 
 814      6720696E 
 814      7400
 815              	.LASF13:
 816 0226 63686172 		.ascii	"char\000"
 816      00
 817              	.LASF2:
 818 022b 73686F72 		.ascii	"short int\000"
 818      7420696E 
 818      7400
 819              	.LASF24:
 820 0235 72786163 		.ascii	"rxacr\000"
 820      7200
 821              	.LASF29:
ARM GAS  C:\Users\PANXIA~1\AppData\Local\Temp\ccVr3LyT.s 			page 27


 822 023b 43414E5F 		.ascii	"CAN_1_MsgRXIsr\000"
 822      315F4D73 
 822      67525849 
 822      737200
 823              	.LASF4:
 824 024a 6C6F6E67 		.ascii	"long int\000"
 824      20696E74 
 824      00
 825              	.LASF11:
 826 0253 666C6F61 		.ascii	"float\000"
 826      7400
 827              	.LASF0:
 828 0259 7369676E 		.ascii	"signed char\000"
 828      65642063 
 828      68617200 
 829              		.ident	"GCC: (GNU Tools for ARM Embedded Processors) 4.9.3 20150303 (release) [ARM/embedded-4_9-br
