ARM GAS  C:\Users\PANXIA~1\AppData\Local\Temp\ccmYQWCT.s 			page 1


   1              		.syntax unified
   2              		.cpu cortex-m3
   3              		.fpu softvfp
   4              		.eabi_attribute 20, 1
   5              		.eabi_attribute 21, 1
   6              		.eabi_attribute 23, 3
   7              		.eabi_attribute 24, 1
   8              		.eabi_attribute 25, 1
   9              		.eabi_attribute 26, 1
  10              		.eabi_attribute 30, 1
  11              		.eabi_attribute 34, 1
  12              		.eabi_attribute 18, 4
  13              		.thumb
  14              		.file	"cymetadata.c"
  15              		.text
  16              	.Ltext0:
  17              		.cfi_sections	.debug_frame
  18              		.global	cy_metadata
  19              		.global	cy_meta_flashprotect
  20              		.global	cy_meta_wonvl
  21              		.global	cy_meta_custnvl
  22              		.global	cy_meta_configecc
  23              		.section	.cyconfigecc,"a",%progbits
  24              		.align	2
  25              		.type	cy_meta_configecc, %object
  26              		.size	cy_meta_configecc, 1640
  27              	cy_meta_configecc:
  28 0000 07       		.byte	7
  29 0001 52       		.byte	82
  30 0002 00       		.byte	0
  31 0003 40       		.byte	64
  32 0004 02       		.byte	2
  33 0005 64       		.byte	100
  34 0006 00       		.byte	0
  35 0007 40       		.byte	64
  36 0008 02       		.byte	2
  37 0009 65       		.byte	101
  38 000a 00       		.byte	0
  39 000b 40       		.byte	64
  40 000c 05       		.byte	5
  41 000d 03       		.byte	3
  42 000e 01       		.byte	1
  43 000f 40       		.byte	64
  44 0010 39       		.byte	57
  45 0011 04       		.byte	4
  46 0012 01       		.byte	1
  47 0013 40       		.byte	64
  48 0014 42       		.byte	66
  49 0015 05       		.byte	5
  50 0016 01       		.byte	1
  51 0017 40       		.byte	64
  52 0018 4F       		.byte	79
  53 0019 06       		.byte	6
  54 001a 01       		.byte	1
  55 001b 40       		.byte	64
  56 001c 4C       		.byte	76
  57 001d 07       		.byte	7
ARM GAS  C:\Users\PANXIA~1\AppData\Local\Temp\ccmYQWCT.s 			page 2


  58 001e 01       		.byte	1
  59 001f 40       		.byte	64
  60 0020 03       		.byte	3
  61 0021 09       		.byte	9
  62 0022 01       		.byte	1
  63 0023 40       		.byte	64
  64 0024 02       		.byte	2
  65 0025 0B       		.byte	11
  66 0026 01       		.byte	1
  67 0027 40       		.byte	64
  68 0028 03       		.byte	3
  69 0029 0D       		.byte	13
  70 002a 01       		.byte	1
  71 002b 40       		.byte	64
  72 002c 52       		.byte	82
  73 002d 14       		.byte	20
  74 002e 01       		.byte	1
  75 002f 40       		.byte	64
  76 0030 4D       		.byte	77
  77 0031 15       		.byte	21
  78 0032 01       		.byte	1
  79 0033 40       		.byte	64
  80 0034 5F       		.byte	95
  81 0035 16       		.byte	22
  82 0036 01       		.byte	1
  83 0037 40       		.byte	64
  84 0038 4A       		.byte	74
  85 0039 17       		.byte	23
  86 003a 01       		.byte	1
  87 003b 40       		.byte	64
  88 003c 01       		.byte	1
  89 003d 19       		.byte	25
  90 003e 01       		.byte	1
  91 003f 40       		.byte	64
  92 0040 01       		.byte	1
  93 0041 1B       		.byte	27
  94 0042 01       		.byte	1
  95 0043 40       		.byte	64
  96 0044 03       		.byte	3
  97 0045 40       		.byte	64
  98 0046 01       		.byte	1
  99 0047 40       		.byte	64
 100 0048 04       		.byte	4
 101 0049 41       		.byte	65
 102 004a 01       		.byte	1
 103 004b 40       		.byte	64
 104 004c 01       		.byte	1
 105 004d 42       		.byte	66
 106 004e 01       		.byte	1
 107 004f 40       		.byte	64
 108 0050 03       		.byte	3
 109 0051 43       		.byte	67
 110 0052 01       		.byte	1
 111 0053 40       		.byte	64
 112 0054 0A       		.byte	10
 113 0055 44       		.byte	68
 114 0056 01       		.byte	1
ARM GAS  C:\Users\PANXIA~1\AppData\Local\Temp\ccmYQWCT.s 			page 3


 115 0057 40       		.byte	64
 116 0058 10       		.byte	16
 117 0059 45       		.byte	69
 118 005a 01       		.byte	1
 119 005b 40       		.byte	64
 120 005c 10       		.byte	16
 121 005d 46       		.byte	70
 122 005e 01       		.byte	1
 123 005f 40       		.byte	64
 124 0060 08       		.byte	8
 125 0061 47       		.byte	71
 126 0062 01       		.byte	1
 127 0063 40       		.byte	64
 128 0064 03       		.byte	3
 129 0065 48       		.byte	72
 130 0066 01       		.byte	1
 131 0067 40       		.byte	64
 132 0068 08       		.byte	8
 133 0069 49       		.byte	73
 134 006a 01       		.byte	1
 135 006b 40       		.byte	64
 136 006c 02       		.byte	2
 137 006d 4C       		.byte	76
 138 006e 01       		.byte	1
 139 006f 40       		.byte	64
 140 0070 0C       		.byte	12
 141 0071 4D       		.byte	77
 142 0072 01       		.byte	1
 143 0073 40       		.byte	64
 144 0074 08       		.byte	8
 145 0075 50       		.byte	80
 146 0076 01       		.byte	1
 147 0077 40       		.byte	64
 148 0078 01       		.byte	1
 149 0079 51       		.byte	81
 150 007a 01       		.byte	1
 151 007b 40       		.byte	64
 152 007c 10       		.byte	16
 153 007d 01       		.byte	1
 154 007e 11       		.byte	17
 155 007f 01       		.byte	1
 156 0080 18       		.byte	24
 157 0081 A0       		.byte	-96
 158 0082 19       		.byte	25
 159 0083 20       		.byte	32
 160 0084 30       		.byte	48
 161 0085 0A       		.byte	10
 162 0086 31       		.byte	49
 163 0087 0C       		.byte	12
 164 0088 78       		.byte	120
 165 0089 10       		.byte	16
 166 008a 85       		.byte	-123
 167 008b 0F       		.byte	15
 168 008c 86       		.byte	-122
 169 008d 38       		.byte	56
 170 008e 86       		.byte	-122
 171 008f 72       		.byte	114
ARM GAS  C:\Users\PANXIA~1\AppData\Local\Temp\ccmYQWCT.s 			page 4


 172 0090 87       		.byte	-121
 173 0091 0D       		.byte	13
 174 0092 82       		.byte	-126
 175 0093 40       		.byte	64
 176 0094 83       		.byte	-125
 177 0095 40       		.byte	64
 178 0096 98       		.byte	-104
 179 0097 06       		.byte	6
 180 0098 B0       		.byte	-80
 181 0099 06       		.byte	6
 182 009a E6       		.byte	-26
 183 009b 01       		.byte	1
 184 009c 04       		.byte	4
 185 009d 03       		.byte	3
 186 009e 05       		.byte	5
 187 009f 01       		.byte	1
 188 00a0 0B       		.byte	11
 189 00a1 01       		.byte	1
 190 00a2 0C       		.byte	12
 191 00a3 02       		.byte	2
 192 00a4 14       		.byte	20
 193 00a5 03       		.byte	3
 194 00a6 15       		.byte	21
 195 00a7 01       		.byte	1
 196 00a8 1F       		.byte	31
 197 00a9 01       		.byte	1
 198 00aa 22       		.byte	34
 199 00ab 01       		.byte	1
 200 00ac 23       		.byte	35
 201 00ad 01       		.byte	1
 202 00ae 30       		.byte	48
 203 00af 03       		.byte	3
 204 00b0 31       		.byte	49
 205 00b1 01       		.byte	1
 206 00b2 38       		.byte	56
 207 00b3 02       		.byte	2
 208 00b4 3E       		.byte	62
 209 00b5 01       		.byte	1
 210 00b6 3F       		.byte	63
 211 00b7 01       		.byte	1
 212 00b8 40       		.byte	64
 213 00b9 31       		.byte	49
 214 00ba 41       		.byte	65
 215 00bb 02       		.byte	2
 216 00bc 45       		.byte	69
 217 00bd EE       		.byte	-18
 218 00be 46       		.byte	70
 219 00bf C0       		.byte	-64
 220 00c0 47       		.byte	71
 221 00c1 0B       		.byte	11
 222 00c2 48       		.byte	72
 223 00c3 1B       		.byte	27
 224 00c4 49       		.byte	73
 225 00c5 FF       		.byte	-1
 226 00c6 4A       		.byte	74
 227 00c7 FF       		.byte	-1
 228 00c8 4B       		.byte	75
ARM GAS  C:\Users\PANXIA~1\AppData\Local\Temp\ccmYQWCT.s 			page 5


 229 00c9 FF       		.byte	-1
 230 00ca 4E       		.byte	78
 231 00cb F0       		.byte	-16
 232 00cc 4F       		.byte	79
 233 00cd 44       		.byte	68
 234 00ce 50       		.byte	80
 235 00cf 0C       		.byte	12
 236 00d0 56       		.byte	86
 237 00d1 08       		.byte	8
 238 00d2 58       		.byte	88
 239 00d3 04       		.byte	4
 240 00d4 59       		.byte	89
 241 00d5 04       		.byte	4
 242 00d6 5A       		.byte	90
 243 00d7 04       		.byte	4
 244 00d8 5B       		.byte	91
 245 00d9 04       		.byte	4
 246 00da 5D       		.byte	93
 247 00db 92       		.byte	-110
 248 00dc 5F       		.byte	95
 249 00dd 01       		.byte	1
 250 00de 66       		.byte	102
 251 00df C0       		.byte	-64
 252 00e0 6A       		.byte	106
 253 00e1 40       		.byte	64
 254 00e2 6B       		.byte	107
 255 00e3 02       		.byte	2
 256 00e4 81       		.byte	-127
 257 00e5 10       		.byte	16
 258 00e6 87       		.byte	-121
 259 00e7 03       		.byte	3
 260 00e8 89       		.byte	-119
 261 00e9 1C       		.byte	28
 262 00ea 8B       		.byte	-117
 263 00eb 02       		.byte	2
 264 00ec 8F       		.byte	-113
 265 00ed 04       		.byte	4
 266 00ee 91       		.byte	-111
 267 00ef 04       		.byte	4
 268 00f0 95       		.byte	-107
 269 00f1 1F       		.byte	31
 270 00f2 99       		.byte	-103
 271 00f3 18       		.byte	24
 272 00f4 A1       		.byte	-95
 273 00f5 07       		.byte	7
 274 00f6 A3       		.byte	-93
 275 00f7 18       		.byte	24
 276 00f8 A5       		.byte	-91
 277 00f9 08       		.byte	8
 278 00fa A9       		.byte	-87
 279 00fb 1C       		.byte	28
 280 00fc AB       		.byte	-85
 281 00fd 01       		.byte	1
 282 00fe B5       		.byte	-75
 283 00ff 1F       		.byte	31
 284 0100 BB       		.byte	-69
 285 0101 28       		.byte	40
ARM GAS  C:\Users\PANXIA~1\AppData\Local\Temp\ccmYQWCT.s 			page 6


 286 0102 D4       		.byte	-44
 287 0103 01       		.byte	1
 288 0104 D9       		.byte	-39
 289 0105 04       		.byte	4
 290 0106 DB       		.byte	-37
 291 0107 04       		.byte	4
 292 0108 DC       		.byte	-36
 293 0109 20       		.byte	32
 294 010a DD       		.byte	-35
 295 010b 20       		.byte	32
 296 010c DF       		.byte	-33
 297 010d 01       		.byte	1
 298 010e 00       		.byte	0
 299 010f 84       		.byte	-124
 300 0110 02       		.byte	2
 301 0111 01       		.byte	1
 302 0112 09       		.byte	9
 303 0113 08       		.byte	8
 304 0114 10       		.byte	16
 305 0115 80       		.byte	-128
 306 0116 18       		.byte	24
 307 0117 40       		.byte	64
 308 0118 23       		.byte	35
 309 0119 40       		.byte	64
 310 011a 24       		.byte	36
 311 011b 20       		.byte	32
 312 011c 25       		.byte	37
 313 011d 10       		.byte	16
 314 011e 26       		.byte	38
 315 011f 14       		.byte	20
 316 0120 2A       		.byte	42
 317 0121 01       		.byte	1
 318 0122 2C       		.byte	44
 319 0123 20       		.byte	32
 320 0124 2E       		.byte	46
 321 0125 21       		.byte	33
 322 0126 30       		.byte	48
 323 0127 80       		.byte	-128
 324 0128 31       		.byte	49
 325 0129 08       		.byte	8
 326 012a 33       		.byte	51
 327 012b 40       		.byte	64
 328 012c 34       		.byte	52
 329 012d 01       		.byte	1
 330 012e 36       		.byte	54
 331 012f 04       		.byte	4
 332 0130 37       		.byte	55
 333 0131 20       		.byte	32
 334 0132 38       		.byte	56
 335 0133 14       		.byte	20
 336 0134 39       		.byte	57
 337 0135 20       		.byte	32
 338 0136 3D       		.byte	61
 339 0137 28       		.byte	40
 340 0138 3E       		.byte	62
 341 0139 42       		.byte	66
 342 013a 40       		.byte	64
ARM GAS  C:\Users\PANXIA~1\AppData\Local\Temp\ccmYQWCT.s 			page 7


 343 013b 04       		.byte	4
 344 013c 41       		.byte	65
 345 013d 08       		.byte	8
 346 013e 43       		.byte	67
 347 013f 40       		.byte	64
 348 0140 49       		.byte	73
 349 0141 02       		.byte	2
 350 0142 4B       		.byte	75
 351 0143 04       		.byte	4
 352 0144 50       		.byte	80
 353 0145 08       		.byte	8
 354 0146 51       		.byte	81
 355 0147 10       		.byte	16
 356 0148 58       		.byte	88
 357 0149 06       		.byte	6
 358 014a 59       		.byte	89
 359 014b 20       		.byte	32
 360 014c 5A       		.byte	90
 361 014d 80       		.byte	-128
 362 014e 5C       		.byte	92
 363 014f 10       		.byte	16
 364 0150 5D       		.byte	93
 365 0151 02       		.byte	2
 366 0152 5F       		.byte	95
 367 0153 48       		.byte	72
 368 0154 61       		.byte	97
 369 0155 A0       		.byte	-96
 370 0156 62       		.byte	98
 371 0157 02       		.byte	2
 372 0158 63       		.byte	99
 373 0159 20       		.byte	32
 374 015a 68       		.byte	104
 375 015b 01       		.byte	1
 376 015c 69       		.byte	105
 377 015d 04       		.byte	4
 378 015e 6A       		.byte	106
 379 015f 12       		.byte	18
 380 0160 70       		.byte	112
 381 0161 40       		.byte	64
 382 0162 72       		.byte	114
 383 0163 04       		.byte	4
 384 0164 73       		.byte	115
 385 0165 10       		.byte	16
 386 0166 7A       		.byte	122
 387 0167 22       		.byte	34
 388 0168 7B       		.byte	123
 389 0169 11       		.byte	17
 390 016a 81       		.byte	-127
 391 016b A5       		.byte	-91
 392 016c 86       		.byte	-122
 393 016d 01       		.byte	1
 394 016e 87       		.byte	-121
 395 016f 10       		.byte	16
 396 0170 88       		.byte	-120
 397 0171 01       		.byte	1
 398 0172 8A       		.byte	-118
 399 0173 04       		.byte	4
ARM GAS  C:\Users\PANXIA~1\AppData\Local\Temp\ccmYQWCT.s 			page 8


 400 0174 8C       		.byte	-116
 401 0175 40       		.byte	64
 402 0176 92       		.byte	-110
 403 0177 80       		.byte	-128
 404 0178 98       		.byte	-104
 405 0179 06       		.byte	6
 406 017a A7       		.byte	-89
 407 017b 40       		.byte	64
 408 017c C0       		.byte	-64
 409 017d 05       		.byte	5
 410 017e C2       		.byte	-62
 411 017f 04       		.byte	4
 412 0180 C4       		.byte	-60
 413 0181 08       		.byte	8
 414 0182 CA       		.byte	-54
 415 0183 E1       		.byte	-31
 416 0184 CC       		.byte	-52
 417 0185 EA       		.byte	-22
 418 0186 CE       		.byte	-50
 419 0187 F6       		.byte	-10
 420 0188 D0       		.byte	-48
 421 0189 0E       		.byte	14
 422 018a D6       		.byte	-42
 423 018b FF       		.byte	-1
 424 018c D8       		.byte	-40
 425 018d 0F       		.byte	15
 426 018e E0       		.byte	-32
 427 018f 08       		.byte	8
 428 0190 E4       		.byte	-28
 429 0191 02       		.byte	2
 430 0192 04       		.byte	4
 431 0193 0C       		.byte	12
 432 0194 08       		.byte	8
 433 0195 0F       		.byte	15
 434 0196 0C       		.byte	12
 435 0197 08       		.byte	8
 436 0198 10       		.byte	16
 437 0199 02       		.byte	2
 438 019a 14       		.byte	20
 439 019b 0C       		.byte	12
 440 019c 16       		.byte	22
 441 019d 03       		.byte	3
 442 019e 18       		.byte	24
 443 019f 04       		.byte	4
 444 01a0 1C       		.byte	28
 445 01a1 03       		.byte	3
 446 01a2 1E       		.byte	30
 447 01a3 0C       		.byte	12
 448 01a4 1F       		.byte	31
 449 01a5 01       		.byte	1
 450 01a6 20       		.byte	32
 451 01a7 03       		.byte	3
 452 01a8 24       		.byte	36
 453 01a9 0F       		.byte	15
 454 01aa 27       		.byte	39
 455 01ab 01       		.byte	1
 456 01ac 2A       		.byte	42
ARM GAS  C:\Users\PANXIA~1\AppData\Local\Temp\ccmYQWCT.s 			page 9


 457 01ad 03       		.byte	3
 458 01ae 2C       		.byte	44
 459 01af 01       		.byte	1
 460 01b0 36       		.byte	54
 461 01b1 0F       		.byte	15
 462 01b2 37       		.byte	55
 463 01b3 01       		.byte	1
 464 01b4 3A       		.byte	58
 465 01b5 80       		.byte	-128
 466 01b6 3F       		.byte	63
 467 01b7 40       		.byte	64
 468 01b8 54       		.byte	84
 469 01b9 18       		.byte	24
 470 01ba 56       		.byte	86
 471 01bb 04       		.byte	4
 472 01bc 58       		.byte	88
 473 01bd 04       		.byte	4
 474 01be 59       		.byte	89
 475 01bf 04       		.byte	4
 476 01c0 5B       		.byte	91
 477 01c1 04       		.byte	4
 478 01c2 5C       		.byte	92
 479 01c3 02       		.byte	2
 480 01c4 5D       		.byte	93
 481 01c5 20       		.byte	32
 482 01c6 5F       		.byte	95
 483 01c7 01       		.byte	1
 484 01c8 84       		.byte	-124
 485 01c9 0C       		.byte	12
 486 01ca 85       		.byte	-123
 487 01cb 13       		.byte	19
 488 01cc 86       		.byte	-122
 489 01cd 71       		.byte	113
 490 01ce 87       		.byte	-121
 491 01cf E4       		.byte	-28
 492 01d0 89       		.byte	-119
 493 01d1 03       		.byte	3
 494 01d2 8B       		.byte	-117
 495 01d3 04       		.byte	4
 496 01d4 8C       		.byte	-116
 497 01d5 DC       		.byte	-36
 498 01d6 8E       		.byte	-114
 499 01d7 22       		.byte	34
 500 01d8 8F       		.byte	-113
 501 01d9 80       		.byte	-128
 502 01da 92       		.byte	-110
 503 01db 03       		.byte	3
 504 01dc 94       		.byte	-108
 505 01dd 10       		.byte	16
 506 01de 95       		.byte	-107
 507 01df 13       		.byte	19
 508 01e0 96       		.byte	-106
 509 01e1 AC       		.byte	-84
 510 01e2 97       		.byte	-105
 511 01e3 6C       		.byte	108
 512 01e4 9C       		.byte	-100
 513 01e5 10       		.byte	16
ARM GAS  C:\Users\PANXIA~1\AppData\Local\Temp\ccmYQWCT.s 			page 10


 514 01e6 9E       		.byte	-98
 515 01e7 40       		.byte	64
 516 01e8 9F       		.byte	-97
 517 01e9 35       		.byte	53
 518 01ea A2       		.byte	-94
 519 01eb 20       		.byte	32
 520 01ec A4       		.byte	-92
 521 01ed 09       		.byte	9
 522 01ee A6       		.byte	-90
 523 01ef D0       		.byte	-48
 524 01f0 A8       		.byte	-88
 525 01f1 14       		.byte	20
 526 01f2 AB       		.byte	-85
 527 01f3 C8       		.byte	-56
 528 01f4 AD       		.byte	-83
 529 01f5 CA       		.byte	-54
 530 01f6 AF       		.byte	-81
 531 01f7 34       		.byte	52
 532 01f8 B0       		.byte	-80
 533 01f9 1F       		.byte	31
 534 01fa B1       		.byte	-79
 535 01fb F0       		.byte	-16
 536 01fc B3       		.byte	-77
 537 01fd 0F       		.byte	15
 538 01fe B4       		.byte	-76
 539 01ff E0       		.byte	-32
 540 0200 BA       		.byte	-70
 541 0201 20       		.byte	32
 542 0202 BB       		.byte	-69
 543 0203 0A       		.byte	10
 544 0204 C0       		.byte	-64
 545 0205 04       		.byte	4
 546 0206 C6       		.byte	-58
 547 0207 04       		.byte	4
 548 0208 C9       		.byte	-55
 549 0209 FF       		.byte	-1
 550 020a CA       		.byte	-54
 551 020b 07       		.byte	7
 552 020c CB       		.byte	-53
 553 020d FF       		.byte	-1
 554 020e CC       		.byte	-52
 555 020f 40       		.byte	64
 556 0210 CD       		.byte	-51
 557 0211 20       		.byte	32
 558 0212 CE       		.byte	-50
 559 0213 F0       		.byte	-16
 560 0214 CF       		.byte	-49
 561 0215 05       		.byte	5
 562 0216 D0       		.byte	-48
 563 0217 08       		.byte	8
 564 0218 D2       		.byte	-46
 565 0219 80       		.byte	-128
 566 021a D8       		.byte	-40
 567 021b 04       		.byte	4
 568 021c D9       		.byte	-39
 569 021d 04       		.byte	4
 570 021e DA       		.byte	-38
ARM GAS  C:\Users\PANXIA~1\AppData\Local\Temp\ccmYQWCT.s 			page 11


 571 021f 04       		.byte	4
 572 0220 DB       		.byte	-37
 573 0221 04       		.byte	4
 574 0222 DC       		.byte	-36
 575 0223 22       		.byte	34
 576 0224 DD       		.byte	-35
 577 0225 12       		.byte	18
 578 0226 DF       		.byte	-33
 579 0227 01       		.byte	1
 580 0228 E0       		.byte	-32
 581 0229 40       		.byte	64
 582 022a E1       		.byte	-31
 583 022b A8       		.byte	-88
 584 022c E2       		.byte	-30
 585 022d 40       		.byte	64
 586 022e E3       		.byte	-29
 587 022f 20       		.byte	32
 588 0230 00       		.byte	0
 589 0231 84       		.byte	-124
 590 0232 03       		.byte	3
 591 0233 02       		.byte	2
 592 0234 04       		.byte	4
 593 0235 20       		.byte	32
 594 0236 06       		.byte	6
 595 0237 02       		.byte	2
 596 0238 07       		.byte	7
 597 0239 20       		.byte	32
 598 023a 09       		.byte	9
 599 023b 88       		.byte	-120
 600 023c 0A       		.byte	10
 601 023d 80       		.byte	-128
 602 023e 0C       		.byte	12
 603 023f 21       		.byte	33
 604 0240 0E       		.byte	14
 605 0241 21       		.byte	33
 606 0242 10       		.byte	16
 607 0243 88       		.byte	-120
 608 0244 12       		.byte	18
 609 0245 10       		.byte	16
 610 0246 14       		.byte	20
 611 0247 82       		.byte	-126
 612 0248 16       		.byte	22
 613 0249 28       		.byte	40
 614 024a 18       		.byte	24
 615 024b 04       		.byte	4
 616 024c 1A       		.byte	26
 617 024d 80       		.byte	-128
 618 024e 1E       		.byte	30
 619 024f 01       		.byte	1
 620 0250 20       		.byte	32
 621 0251 80       		.byte	-128
 622 0252 21       		.byte	33
 623 0253 08       		.byte	8
 624 0254 27       		.byte	39
 625 0255 01       		.byte	1
 626 0256 2A       		.byte	42
 627 0257 10       		.byte	16
ARM GAS  C:\Users\PANXIA~1\AppData\Local\Temp\ccmYQWCT.s 			page 12


 628 0258 2B       		.byte	43
 629 0259 0A       		.byte	10
 630 025a 2F       		.byte	47
 631 025b 20       		.byte	32
 632 025c 30       		.byte	48
 633 025d 80       		.byte	-128
 634 025e 31       		.byte	49
 635 025f 08       		.byte	8
 636 0260 36       		.byte	54
 637 0261 80       		.byte	-128
 638 0262 38       		.byte	56
 639 0263 84       		.byte	-124
 640 0264 39       		.byte	57
 641 0265 20       		.byte	32
 642 0266 3D       		.byte	61
 643 0267 08       		.byte	8
 644 0268 3E       		.byte	62
 645 0269 08       		.byte	8
 646 026a 40       		.byte	64
 647 026b 40       		.byte	64
 648 026c 46       		.byte	70
 649 026d 40       		.byte	64
 650 026e 47       		.byte	71
 651 026f 01       		.byte	1
 652 0270 48       		.byte	72
 653 0271 80       		.byte	-128
 654 0272 50       		.byte	80
 655 0273 40       		.byte	64
 656 0274 51       		.byte	81
 657 0275 80       		.byte	-128
 658 0276 58       		.byte	88
 659 0277 40       		.byte	64
 660 0278 59       		.byte	89
 661 0279 05       		.byte	5
 662 027a 5A       		.byte	90
 663 027b 10       		.byte	16
 664 027c 5F       		.byte	95
 665 027d 02       		.byte	2
 666 027e 62       		.byte	98
 667 027f 20       		.byte	32
 668 0280 63       		.byte	99
 669 0281 22       		.byte	34
 670 0282 66       		.byte	102
 671 0283 41       		.byte	65
 672 0284 67       		.byte	103
 673 0285 08       		.byte	8
 674 0286 73       		.byte	115
 675 0287 40       		.byte	64
 676 0288 82       		.byte	-126
 677 0289 01       		.byte	1
 678 028a 87       		.byte	-121
 679 028b 12       		.byte	18
 680 028c 90       		.byte	-112
 681 028d 60       		.byte	96
 682 028e 91       		.byte	-111
 683 028f 20       		.byte	32
 684 0290 92       		.byte	-110
ARM GAS  C:\Users\PANXIA~1\AppData\Local\Temp\ccmYQWCT.s 			page 13


 685 0291 20       		.byte	32
 686 0292 93       		.byte	-109
 687 0293 04       		.byte	4
 688 0294 94       		.byte	-108
 689 0295 04       		.byte	4
 690 0296 96       		.byte	-106
 691 0297 41       		.byte	65
 692 0298 99       		.byte	-103
 693 0299 05       		.byte	5
 694 029a 9C       		.byte	-100
 695 029b 01       		.byte	1
 696 029c 9E       		.byte	-98
 697 029d 22       		.byte	34
 698 029e 9F       		.byte	-97
 699 029f 28       		.byte	40
 700 02a0 A0       		.byte	-96
 701 02a1 08       		.byte	8
 702 02a2 A2       		.byte	-94
 703 02a3 34       		.byte	52
 704 02a4 A3       		.byte	-93
 705 02a5 01       		.byte	1
 706 02a6 A4       		.byte	-92
 707 02a7 E0       		.byte	-32
 708 02a8 A5       		.byte	-91
 709 02a9 0C       		.byte	12
 710 02aa A7       		.byte	-89
 711 02ab 40       		.byte	64
 712 02ac AA       		.byte	-86
 713 02ad 10       		.byte	16
 714 02ae AD       		.byte	-83
 715 02af 20       		.byte	32
 716 02b0 B1       		.byte	-79
 717 02b1 04       		.byte	4
 718 02b2 B6       		.byte	-74
 719 02b3 10       		.byte	16
 720 02b4 C0       		.byte	-64
 721 02b5 E5       		.byte	-27
 722 02b6 C2       		.byte	-62
 723 02b7 FD       		.byte	-3
 724 02b8 C4       		.byte	-60
 725 02b9 FE       		.byte	-2
 726 02ba CA       		.byte	-54
 727 02bb 4C       		.byte	76
 728 02bc CC       		.byte	-52
 729 02bd 1A       		.byte	26
 730 02be CE       		.byte	-50
 731 02bf 0E       		.byte	14
 732 02c0 D0       		.byte	-48
 733 02c1 01       		.byte	1
 734 02c2 D6       		.byte	-42
 735 02c3 8F       		.byte	-113
 736 02c4 D8       		.byte	-40
 737 02c5 BE       		.byte	-66
 738 02c6 EE       		.byte	-18
 739 02c7 06       		.byte	6
 740 02c8 E8       		.byte	-24
 741 02c9 20       		.byte	32
ARM GAS  C:\Users\PANXIA~1\AppData\Local\Temp\ccmYQWCT.s 			page 14


 742 02ca EC       		.byte	-20
 743 02cb 10       		.byte	16
 744 02cc EE       		.byte	-18
 745 02cd 06       		.byte	6
 746 02ce E0       		.byte	-32
 747 02cf 88       		.byte	-120
 748 02d0 E4       		.byte	-28
 749 02d1 32       		.byte	50
 750 02d2 E6       		.byte	-26
 751 02d3 01       		.byte	1
 752 02d4 EA       		.byte	-22
 753 02d5 20       		.byte	32
 754 02d6 EE       		.byte	-18
 755 02d7 80       		.byte	-128
 756 02d8 06       		.byte	6
 757 02d9 01       		.byte	1
 758 02da 08       		.byte	8
 759 02db 06       		.byte	6
 760 02dc 0A       		.byte	10
 761 02dd 01       		.byte	1
 762 02de 0C       		.byte	12
 763 02df 04       		.byte	4
 764 02e0 14       		.byte	20
 765 02e1 06       		.byte	6
 766 02e2 16       		.byte	22
 767 02e3 01       		.byte	1
 768 02e4 18       		.byte	24
 769 02e5 07       		.byte	7
 770 02e6 24       		.byte	36
 771 02e7 02       		.byte	2
 772 02e8 28       		.byte	40
 773 02e9 06       		.byte	6
 774 02ea 2C       		.byte	44
 775 02eb 01       		.byte	1
 776 02ec 2E       		.byte	46
 777 02ed 06       		.byte	6
 778 02ee 34       		.byte	52
 779 02ef 07       		.byte	7
 780 02f0 3A       		.byte	58
 781 02f1 20       		.byte	32
 782 02f2 56       		.byte	86
 783 02f3 08       		.byte	8
 784 02f4 58       		.byte	88
 785 02f5 04       		.byte	4
 786 02f6 5B       		.byte	91
 787 02f7 04       		.byte	4
 788 02f8 5C       		.byte	92
 789 02f9 02       		.byte	2
 790 02fa 5D       		.byte	93
 791 02fb 90       		.byte	-112
 792 02fc 5F       		.byte	95
 793 02fd 01       		.byte	1
 794 02fe 80       		.byte	-128
 795 02ff 03       		.byte	3
 796 0300 81       		.byte	-127
 797 0301 04       		.byte	4
 798 0302 84       		.byte	-124
ARM GAS  C:\Users\PANXIA~1\AppData\Local\Temp\ccmYQWCT.s 			page 15


 799 0303 05       		.byte	5
 800 0304 85       		.byte	-123
 801 0305 07       		.byte	7
 802 0306 86       		.byte	-122
 803 0307 48       		.byte	72
 804 0308 89       		.byte	-119
 805 0309 06       		.byte	6
 806 030a 8A       		.byte	-118
 807 030b 03       		.byte	3
 808 030c 8B       		.byte	-117
 809 030d 01       		.byte	1
 810 030e 8C       		.byte	-116
 811 030f 03       		.byte	3
 812 0310 8E       		.byte	-114
 813 0311 20       		.byte	32
 814 0312 8F       		.byte	-113
 815 0313 08       		.byte	8
 816 0314 94       		.byte	-108
 817 0315 0C       		.byte	12
 818 0316 97       		.byte	-105
 819 0317 01       		.byte	1
 820 0318 98       		.byte	-104
 821 0319 03       		.byte	3
 822 031a 99       		.byte	-103
 823 031b 07       		.byte	7
 824 031c 9E       		.byte	-98
 825 031d 03       		.byte	3
 826 031e A0       		.byte	-96
 827 031f 0A       		.byte	10
 828 0320 A2       		.byte	-94
 829 0321 54       		.byte	84
 830 0322 A3       		.byte	-93
 831 0323 08       		.byte	8
 832 0324 A5       		.byte	-91
 833 0325 02       		.byte	2
 834 0326 A6       		.byte	-90
 835 0327 03       		.byte	3
 836 0328 A8       		.byte	-88
 837 0329 0C       		.byte	12
 838 032a A9       		.byte	-87
 839 032b 06       		.byte	6
 840 032c AD       		.byte	-83
 841 032d 01       		.byte	1
 842 032e AF       		.byte	-81
 843 032f 06       		.byte	6
 844 0330 B0       		.byte	-80
 845 0331 10       		.byte	16
 846 0332 B2       		.byte	-78
 847 0333 0C       		.byte	12
 848 0334 B4       		.byte	-76
 849 0335 03       		.byte	3
 850 0336 B5       		.byte	-75
 851 0337 08       		.byte	8
 852 0338 B6       		.byte	-74
 853 0339 60       		.byte	96
 854 033a B7       		.byte	-73
 855 033b 07       		.byte	7
ARM GAS  C:\Users\PANXIA~1\AppData\Local\Temp\ccmYQWCT.s 			page 16


 856 033c BE       		.byte	-66
 857 033d 40       		.byte	64
 858 033e BF       		.byte	-65
 859 033f 10       		.byte	16
 860 0340 C0       		.byte	-64
 861 0341 56       		.byte	86
 862 0342 C1       		.byte	-63
 863 0343 02       		.byte	2
 864 0344 C2       		.byte	-62
 865 0345 04       		.byte	4
 866 0346 C4       		.byte	-60
 867 0347 01       		.byte	1
 868 0348 C6       		.byte	-58
 869 0349 CE       		.byte	-50
 870 034a C8       		.byte	-56
 871 034b 0C       		.byte	12
 872 034c C9       		.byte	-55
 873 034d FF       		.byte	-1
 874 034e CA       		.byte	-54
 875 034f FF       		.byte	-1
 876 0350 CB       		.byte	-53
 877 0351 FF       		.byte	-1
 878 0352 CC       		.byte	-52
 879 0353 62       		.byte	98
 880 0354 CD       		.byte	-51
 881 0355 A0       		.byte	-96
 882 0356 CE       		.byte	-50
 883 0357 F0       		.byte	-16
 884 0358 CF       		.byte	-49
 885 0359 41       		.byte	65
 886 035a D0       		.byte	-48
 887 035b 0C       		.byte	12
 888 035c D6       		.byte	-42
 889 035d 08       		.byte	8
 890 035e D8       		.byte	-40
 891 035f 04       		.byte	4
 892 0360 D9       		.byte	-39
 893 0361 04       		.byte	4
 894 0362 DA       		.byte	-38
 895 0363 04       		.byte	4
 896 0364 DB       		.byte	-37
 897 0365 04       		.byte	4
 898 0366 DC       		.byte	-36
 899 0367 22       		.byte	34
 900 0368 DD       		.byte	-35
 901 0369 92       		.byte	-110
 902 036a DF       		.byte	-33
 903 036b 01       		.byte	1
 904 036c E6       		.byte	-26
 905 036d 40       		.byte	64
 906 036e E7       		.byte	-25
 907 036f 02       		.byte	2
 908 0370 E9       		.byte	-23
 909 0371 10       		.byte	16
 910 0372 EA       		.byte	-22
 911 0373 30       		.byte	48
 912 0374 EB       		.byte	-21
ARM GAS  C:\Users\PANXIA~1\AppData\Local\Temp\ccmYQWCT.s 			page 17


 913 0375 10       		.byte	16
 914 0376 ED       		.byte	-19
 915 0377 10       		.byte	16
 916 0378 EE       		.byte	-18
 917 0379 10       		.byte	16
 918 037a EF       		.byte	-17
 919 037b 12       		.byte	18
 920 037c 01       		.byte	1
 921 037d 24       		.byte	36
 922 037e 02       		.byte	2
 923 037f 01       		.byte	1
 924 0380 04       		.byte	4
 925 0381 42       		.byte	66
 926 0382 05       		.byte	5
 927 0383 14       		.byte	20
 928 0384 08       		.byte	8
 929 0385 04       		.byte	4
 930 0386 09       		.byte	9
 931 0387 20       		.byte	32
 932 0388 0C       		.byte	12
 933 0389 80       		.byte	-128
 934 038a 0D       		.byte	13
 935 038b 20       		.byte	32
 936 038c 0E       		.byte	14
 937 038d 10       		.byte	16
 938 038e 10       		.byte	16
 939 038f 2A       		.byte	42
 940 0390 15       		.byte	21
 941 0391 04       		.byte	4
 942 0392 16       		.byte	22
 943 0393 80       		.byte	-128
 944 0394 17       		.byte	23
 945 0395 14       		.byte	20
 946 0396 18       		.byte	24
 947 0397 08       		.byte	8
 948 0398 19       		.byte	25
 949 0399 30       		.byte	48
 950 039a 1D       		.byte	29
 951 039b 84       		.byte	-124
 952 039c 1E       		.byte	30
 953 039d 40       		.byte	64
 954 039e 1F       		.byte	31
 955 039f 10       		.byte	16
 956 03a0 24       		.byte	36
 957 03a1 04       		.byte	4
 958 03a2 26       		.byte	38
 959 03a3 80       		.byte	-128
 960 03a4 27       		.byte	39
 961 03a5 01       		.byte	1
 962 03a6 2C       		.byte	44
 963 03a7 28       		.byte	40
 964 03a8 2D       		.byte	45
 965 03a9 80       		.byte	-128
 966 03aa 2F       		.byte	47
 967 03ab 80       		.byte	-128
 968 03ac 32       		.byte	50
 969 03ad 08       		.byte	8
ARM GAS  C:\Users\PANXIA~1\AppData\Local\Temp\ccmYQWCT.s 			page 18


 970 03ae 33       		.byte	51
 971 03af 04       		.byte	4
 972 03b0 36       		.byte	54
 973 03b1 18       		.byte	24
 974 03b2 38       		.byte	56
 975 03b3 04       		.byte	4
 976 03b4 3B       		.byte	59
 977 03b5 08       		.byte	8
 978 03b6 3E       		.byte	62
 979 03b7 2A       		.byte	42
 980 03b8 3F       		.byte	63
 981 03b9 80       		.byte	-128
 982 03ba 45       		.byte	69
 983 03bb A0       		.byte	-96
 984 03bc 46       		.byte	70
 985 03bd 08       		.byte	8
 986 03be 47       		.byte	71
 987 03bf 01       		.byte	1
 988 03c0 4C       		.byte	76
 989 03c1 03       		.byte	3
 990 03c2 4D       		.byte	77
 991 03c3 80       		.byte	-128
 992 03c4 4E       		.byte	78
 993 03c5 09       		.byte	9
 994 03c6 57       		.byte	87
 995 03c7 60       		.byte	96
 996 03c8 59       		.byte	89
 997 03c9 40       		.byte	64
 998 03ca 5A       		.byte	90
 999 03cb 28       		.byte	40
 1000 03cc 5D       		.byte	93
 1001 03cd 40       		.byte	64
 1002 03ce 60       		.byte	96
 1003 03cf 09       		.byte	9
 1004 03d0 63       		.byte	99
 1005 03d1 20       		.byte	32
 1006 03d2 64       		.byte	100
 1007 03d3 01       		.byte	1
 1008 03d4 66       		.byte	102
 1009 03d5 80       		.byte	-128
 1010 03d6 85       		.byte	-123
 1011 03d7 40       		.byte	64
 1012 03d8 88       		.byte	-120
 1013 03d9 CC       		.byte	-52
 1014 03da 8C       		.byte	-116
 1015 03db 02       		.byte	2
 1016 03dc 8D       		.byte	-115
 1017 03dd 44       		.byte	68
 1018 03de 90       		.byte	-112
 1019 03df 40       		.byte	64
 1020 03e0 91       		.byte	-111
 1021 03e1 C0       		.byte	-64
 1022 03e2 92       		.byte	-110
 1023 03e3 3A       		.byte	58
 1024 03e4 94       		.byte	-108
 1025 03e5 09       		.byte	9
 1026 03e6 96       		.byte	-106
ARM GAS  C:\Users\PANXIA~1\AppData\Local\Temp\ccmYQWCT.s 			page 19


 1027 03e7 40       		.byte	64
 1028 03e8 97       		.byte	-105
 1029 03e9 28       		.byte	40
 1030 03ea 98       		.byte	-104
 1031 03eb 04       		.byte	4
 1032 03ec 9A       		.byte	-102
 1033 03ed 23       		.byte	35
 1034 03ee 9B       		.byte	-101
 1035 03ef 10       		.byte	16
 1036 03f0 9C       		.byte	-100
 1037 03f1 43       		.byte	67
 1038 03f2 A0       		.byte	-96
 1039 03f3 28       		.byte	40
 1040 03f4 A1       		.byte	-95
 1041 03f5 20       		.byte	32
 1042 03f6 A2       		.byte	-94
 1043 03f7 18       		.byte	24
 1044 03f8 A3       		.byte	-93
 1045 03f9 80       		.byte	-128
 1046 03fa A6       		.byte	-90
 1047 03fb 80       		.byte	-128
 1048 03fc A7       		.byte	-89
 1049 03fd 30       		.byte	48
 1050 03fe A9       		.byte	-87
 1051 03ff 40       		.byte	64
 1052 0400 C0       		.byte	-64
 1053 0401 F7       		.byte	-9
 1054 0402 C2       		.byte	-62
 1055 0403 E6       		.byte	-26
 1056 0404 C4       		.byte	-60
 1057 0405 77       		.byte	119
 1058 0406 CA       		.byte	-54
 1059 0407 F0       		.byte	-16
 1060 0408 CC       		.byte	-52
 1061 0409 60       		.byte	96
 1062 040a CE       		.byte	-50
 1063 040b F0       		.byte	-16
 1064 040c D0       		.byte	-48
 1065 040d B0       		.byte	-80
 1066 040e D2       		.byte	-46
 1067 040f 30       		.byte	48
 1068 0410 D6       		.byte	-42
 1069 0411 1E       		.byte	30
 1070 0412 D8       		.byte	-40
 1071 0413 1E       		.byte	30
 1072 0414 E6       		.byte	-26
 1073 0415 18       		.byte	24
 1074 0416 04       		.byte	4
 1075 0417 10       		.byte	16
 1076 0418 05       		.byte	5
 1077 0419 02       		.byte	2
 1078 041a 06       		.byte	6
 1079 041b 08       		.byte	8
 1080 041c 08       		.byte	8
 1081 041d 07       		.byte	7
 1082 041e 09       		.byte	9
 1083 041f 01       		.byte	1
ARM GAS  C:\Users\PANXIA~1\AppData\Local\Temp\ccmYQWCT.s 			page 20


 1084 0420 0C       		.byte	12
 1085 0421 01       		.byte	1
 1086 0422 0E       		.byte	14
 1087 0423 06       		.byte	6
 1088 0424 10       		.byte	16
 1089 0425 04       		.byte	4
 1090 0426 11       		.byte	17
 1091 0427 01       		.byte	1
 1092 0428 12       		.byte	18
 1093 0429 01       		.byte	1
 1094 042a 14       		.byte	20
 1095 042b 10       		.byte	16
 1096 042c 16       		.byte	22
 1097 042d 08       		.byte	8
 1098 042e 18       		.byte	24
 1099 042f 18       		.byte	24
 1100 0430 19       		.byte	25
 1101 0431 01       		.byte	1
 1102 0432 1C       		.byte	28
 1103 0433 18       		.byte	24
 1104 0434 28       		.byte	40
 1105 0435 07       		.byte	7
 1106 0436 2C       		.byte	44
 1107 0437 02       		.byte	2
 1108 0438 2E       		.byte	46
 1109 0439 01       		.byte	1
 1110 043a 30       		.byte	48
 1111 043b 07       		.byte	7
 1112 043c 32       		.byte	50
 1113 043d 10       		.byte	16
 1114 043e 33       		.byte	51
 1115 043f 01       		.byte	1
 1116 0440 35       		.byte	53
 1117 0441 02       		.byte	2
 1118 0442 36       		.byte	54
 1119 0443 08       		.byte	8
 1120 0444 38       		.byte	56
 1121 0445 80       		.byte	-128
 1122 0446 3E       		.byte	62
 1123 0447 04       		.byte	4
 1124 0448 3F       		.byte	63
 1125 0449 10       		.byte	16
 1126 044a 40       		.byte	64
 1127 044b 54       		.byte	84
 1128 044c 49       		.byte	73
 1129 044d FF       		.byte	-1
 1130 044e 4A       		.byte	74
 1131 044f FF       		.byte	-1
 1132 0450 4B       		.byte	75
 1133 0451 FF       		.byte	-1
 1134 0452 4F       		.byte	79
 1135 0453 01       		.byte	1
 1136 0454 50       		.byte	80
 1137 0455 18       		.byte	24
 1138 0456 56       		.byte	86
 1139 0457 02       		.byte	2
 1140 0458 57       		.byte	87
ARM GAS  C:\Users\PANXIA~1\AppData\Local\Temp\ccmYQWCT.s 			page 21


 1141 0459 11       		.byte	17
 1142 045a 58       		.byte	88
 1143 045b 04       		.byte	4
 1144 045c 59       		.byte	89
 1145 045d 04       		.byte	4
 1146 045e 5A       		.byte	90
 1147 045f 04       		.byte	4
 1148 0460 5B       		.byte	91
 1149 0461 04       		.byte	4
 1150 0462 5C       		.byte	92
 1151 0463 22       		.byte	34
 1152 0464 5D       		.byte	93
 1153 0465 21       		.byte	33
 1154 0466 5F       		.byte	95
 1155 0467 01       		.byte	1
 1156 0468 60       		.byte	96
 1157 0469 40       		.byte	64
 1158 046a 62       		.byte	98
 1159 046b 40       		.byte	64
 1160 046c 64       		.byte	100
 1161 046d 40       		.byte	64
 1162 046e 65       		.byte	101
 1163 046f 40       		.byte	64
 1164 0470 66       		.byte	102
 1165 0471 80       		.byte	-128
 1166 0472 68       		.byte	104
 1167 0473 80       		.byte	-128
 1168 0474 6A       		.byte	106
 1169 0475 80       		.byte	-128
 1170 0476 6C       		.byte	108
 1171 0477 80       		.byte	-128
 1172 0478 6E       		.byte	110
 1173 0479 80       		.byte	-128
 1174 047a 84       		.byte	-124
 1175 047b 02       		.byte	2
 1176 047c 8E       		.byte	-114
 1177 047d 02       		.byte	2
 1178 047e 8F       		.byte	-113
 1179 047f 01       		.byte	1
 1180 0480 92       		.byte	-110
 1181 0481 01       		.byte	1
 1182 0482 93       		.byte	-109
 1183 0483 01       		.byte	1
 1184 0484 94       		.byte	-108
 1185 0485 02       		.byte	2
 1186 0486 9D       		.byte	-99
 1187 0487 02       		.byte	2
 1188 0488 A0       		.byte	-96
 1189 0489 04       		.byte	4
 1190 048a AE       		.byte	-82
 1191 048b 01       		.byte	1
 1192 048c B2       		.byte	-78
 1193 048d 06       		.byte	6
 1194 048e B3       		.byte	-77
 1195 048f 01       		.byte	1
 1196 0490 B6       		.byte	-74
 1197 0491 01       		.byte	1
ARM GAS  C:\Users\PANXIA~1\AppData\Local\Temp\ccmYQWCT.s 			page 22


 1198 0492 B7       		.byte	-73
 1199 0493 02       		.byte	2
 1200 0494 B8       		.byte	-72
 1201 0495 08       		.byte	8
 1202 0496 BE       		.byte	-66
 1203 0497 40       		.byte	64
 1204 0498 BF       		.byte	-65
 1205 0499 40       		.byte	64
 1206 049a C0       		.byte	-64
 1207 049b 54       		.byte	84
 1208 049c C5       		.byte	-59
 1209 049d EC       		.byte	-20
 1210 049e C7       		.byte	-57
 1211 049f 20       		.byte	32
 1212 04a0 C8       		.byte	-56
 1213 04a1 23       		.byte	35
 1214 04a2 C9       		.byte	-55
 1215 04a3 FF       		.byte	-1
 1216 04a4 CA       		.byte	-54
 1217 04a5 FF       		.byte	-1
 1218 04a6 CB       		.byte	-53
 1219 04a7 FF       		.byte	-1
 1220 04a8 CD       		.byte	-51
 1221 04a9 83       		.byte	-125
 1222 04aa CE       		.byte	-50
 1223 04ab 03       		.byte	3
 1224 04ac CF       		.byte	-49
 1225 04ad 01       		.byte	1
 1226 04ae D0       		.byte	-48
 1227 04af 18       		.byte	24
 1228 04b0 D4       		.byte	-44
 1229 04b1 01       		.byte	1
 1230 04b2 D6       		.byte	-42
 1231 04b3 04       		.byte	4
 1232 04b4 D8       		.byte	-40
 1233 04b5 04       		.byte	4
 1234 04b6 D9       		.byte	-39
 1235 04b7 04       		.byte	4
 1236 04b8 DA       		.byte	-38
 1237 04b9 04       		.byte	4
 1238 04ba DB       		.byte	-37
 1239 04bb 04       		.byte	4
 1240 04bc DC       		.byte	-36
 1241 04bd 12       		.byte	18
 1242 04be DD       		.byte	-35
 1243 04bf 11       		.byte	17
 1244 04c0 DF       		.byte	-33
 1245 04c1 01       		.byte	1
 1246 04c2 E0       		.byte	-32
 1247 04c3 40       		.byte	64
 1248 04c4 E2       		.byte	-30
 1249 04c5 40       		.byte	64
 1250 04c6 E4       		.byte	-28
 1251 04c7 40       		.byte	64
 1252 04c8 E5       		.byte	-27
 1253 04c9 40       		.byte	64
 1254 04ca E6       		.byte	-26
ARM GAS  C:\Users\PANXIA~1\AppData\Local\Temp\ccmYQWCT.s 			page 23


 1255 04cb 80       		.byte	-128
 1256 04cc E8       		.byte	-24
 1257 04cd 80       		.byte	-128
 1258 04ce EA       		.byte	-22
 1259 04cf 80       		.byte	-128
 1260 04d0 EC       		.byte	-20
 1261 04d1 80       		.byte	-128
 1262 04d2 EE       		.byte	-18
 1263 04d3 80       		.byte	-128
 1264 04d4 00       		.byte	0
 1265 04d5 84       		.byte	-124
 1266 04d6 04       		.byte	4
 1267 04d7 48       		.byte	72
 1268 04d8 06       		.byte	6
 1269 04d9 20       		.byte	32
 1270 04da 07       		.byte	7
 1271 04db 04       		.byte	4
 1272 04dc 09       		.byte	9
 1273 04dd 0A       		.byte	10
 1274 04de 0A       		.byte	10
 1275 04df 03       		.byte	3
 1276 04e0 0C       		.byte	12
 1277 04e1 05       		.byte	5
 1278 04e2 0D       		.byte	13
 1279 04e3 20       		.byte	32
 1280 04e4 0E       		.byte	14
 1281 04e5 29       		.byte	41
 1282 04e6 10       		.byte	16
 1283 04e7 80       		.byte	-128
 1284 04e8 13       		.byte	19
 1285 04e9 40       		.byte	64
 1286 04ea 14       		.byte	20
 1287 04eb 02       		.byte	2
 1288 04ec 17       		.byte	23
 1289 04ed 10       		.byte	16
 1290 04ee 19       		.byte	25
 1291 04ef 80       		.byte	-128
 1292 04f0 1B       		.byte	27
 1293 04f1 08       		.byte	8
 1294 04f2 1C       		.byte	28
 1295 04f3 50       		.byte	80
 1296 04f4 1F       		.byte	31
 1297 04f5 80       		.byte	-128
 1298 04f6 20       		.byte	32
 1299 04f7 20       		.byte	32
 1300 04f8 21       		.byte	33
 1301 04f9 40       		.byte	64
 1302 04fa 25       		.byte	37
 1303 04fb 04       		.byte	4
 1304 04fc 26       		.byte	38
 1305 04fd 08       		.byte	8
 1306 04fe 27       		.byte	39
 1307 04ff 08       		.byte	8
 1308 0500 31       		.byte	49
 1309 0501 02       		.byte	2
 1310 0502 32       		.byte	50
 1311 0503 40       		.byte	64
ARM GAS  C:\Users\PANXIA~1\AppData\Local\Temp\ccmYQWCT.s 			page 24


 1312 0504 37       		.byte	55
 1313 0505 11       		.byte	17
 1314 0506 3B       		.byte	59
 1315 0507 40       		.byte	64
 1316 0508 3E       		.byte	62
 1317 0509 10       		.byte	16
 1318 050a 3F       		.byte	63
 1319 050b 04       		.byte	4
 1320 050c 41       		.byte	65
 1321 050d 02       		.byte	2
 1322 050e 45       		.byte	69
 1323 050f 02       		.byte	2
 1324 0510 49       		.byte	73
 1325 0511 05       		.byte	5
 1326 0512 4B       		.byte	75
 1327 0513 40       		.byte	64
 1328 0514 4F       		.byte	79
 1329 0515 40       		.byte	64
 1330 0516 51       		.byte	81
 1331 0517 02       		.byte	2
 1332 0518 59       		.byte	89
 1333 0519 85       		.byte	-123
 1334 051a 5C       		.byte	92
 1335 051b 10       		.byte	16
 1336 051c 63       		.byte	99
 1337 051d 80       		.byte	-128
 1338 051e 6E       		.byte	110
 1339 051f 10       		.byte	16
 1340 0520 6F       		.byte	111
 1341 0521 15       		.byte	21
 1342 0522 74       		.byte	116
 1343 0523 28       		.byte	40
 1344 0524 76       		.byte	118
 1345 0525 03       		.byte	3
 1346 0526 77       		.byte	119
 1347 0527 20       		.byte	32
 1348 0528 7C       		.byte	124
 1349 0529 C0       		.byte	-64
 1350 052a 88       		.byte	-120
 1351 052b 10       		.byte	16
 1352 052c 90       		.byte	-112
 1353 052d 04       		.byte	4
 1354 052e 92       		.byte	-110
 1355 052f A9       		.byte	-87
 1356 0530 93       		.byte	-109
 1357 0531 44       		.byte	68
 1358 0532 94       		.byte	-108
 1359 0533 01       		.byte	1
 1360 0534 96       		.byte	-106
 1361 0535 40       		.byte	64
 1362 0536 97       		.byte	-105
 1363 0537 28       		.byte	40
 1364 0538 9C       		.byte	-100
 1365 0539 C3       		.byte	-61
 1366 053a 9E       		.byte	-98
 1367 053b 22       		.byte	34
 1368 053c 9F       		.byte	-97
ARM GAS  C:\Users\PANXIA~1\AppData\Local\Temp\ccmYQWCT.s 			page 25


 1369 053d 28       		.byte	40
 1370 053e A0       		.byte	-96
 1371 053f C0       		.byte	-64
 1372 0540 A1       		.byte	-95
 1373 0541 08       		.byte	8
 1374 0542 A2       		.byte	-94
 1375 0543 14       		.byte	20
 1376 0544 A4       		.byte	-92
 1377 0545 20       		.byte	32
 1378 0546 A5       		.byte	-91
 1379 0547 04       		.byte	4
 1380 0548 A6       		.byte	-90
 1381 0549 80       		.byte	-128
 1382 054a A7       		.byte	-89
 1383 054b 78       		.byte	120
 1384 054c A8       		.byte	-88
 1385 054d 01       		.byte	1
 1386 054e AA       		.byte	-86
 1387 054f 10       		.byte	16
 1388 0550 AE       		.byte	-82
 1389 0551 04       		.byte	4
 1390 0552 C0       		.byte	-64
 1391 0553 E5       		.byte	-27
 1392 0554 C2       		.byte	-62
 1393 0555 FC       		.byte	-4
 1394 0556 C4       		.byte	-60
 1395 0557 C9       		.byte	-55
 1396 0558 CC       		.byte	-52
 1397 0559 A9       		.byte	-87
 1398 055a CE       		.byte	-50
 1399 055b 68       		.byte	104
 1400 055c D0       		.byte	-48
 1401 055d 81       		.byte	-127
 1402 055e D2       		.byte	-46
 1403 055f 18       		.byte	24
 1404 0560 D6       		.byte	-42
 1405 0561 2B       		.byte	43
 1406 0562 D8       		.byte	-40
 1407 0563 01       		.byte	1
 1408 0564 E6       		.byte	-26
 1409 0565 80       		.byte	-128
 1410 0566 EE       		.byte	-18
 1411 0567 08       		.byte	8
 1412 0568 EE       		.byte	-18
 1413 0569 08       		.byte	8
 1414 056a E6       		.byte	-26
 1415 056b 08       		.byte	8
 1416 056c 30       		.byte	48
 1417 056d 80       		.byte	-128
 1418 056e 37       		.byte	55
 1419 056f 10       		.byte	16
 1420 0570 CC       		.byte	-52
 1421 0571 30       		.byte	48
 1422 0572 80       		.byte	-128
 1423 0573 80       		.byte	-128
 1424 0574 9F       		.byte	-97
 1425 0575 10       		.byte	16
ARM GAS  C:\Users\PANXIA~1\AppData\Local\Temp\ccmYQWCT.s 			page 26


 1426 0576 A4       		.byte	-92
 1427 0577 80       		.byte	-128
 1428 0578 E2       		.byte	-30
 1429 0579 20       		.byte	32
 1430 057a 9F       		.byte	-97
 1431 057b 10       		.byte	16
 1432 057c 83       		.byte	-125
 1433 057d 10       		.byte	16
 1434 057e 9F       		.byte	-97
 1435 057f 10       		.byte	16
 1436 0580 E2       		.byte	-30
 1437 0581 20       		.byte	32
 1438 0582 08       		.byte	8
 1439 0583 04       		.byte	4
 1440 0584 14       		.byte	20
 1441 0585 10       		.byte	16
 1442 0586 50       		.byte	80
 1443 0587 80       		.byte	-128
 1444 0588 54       		.byte	84
 1445 0589 40       		.byte	64
 1446 058a 5B       		.byte	91
 1447 058b 20       		.byte	32
 1448 058c 5F       		.byte	95
 1449 058d 40       		.byte	64
 1450 058e C2       		.byte	-62
 1451 058f 08       		.byte	8
 1452 0590 C4       		.byte	-60
 1453 0591 04       		.byte	4
 1454 0592 D4       		.byte	-44
 1455 0593 07       		.byte	7
 1456 0594 D6       		.byte	-42
 1457 0595 04       		.byte	4
 1458 0596 01       		.byte	1
 1459 0597 40       		.byte	64
 1460 0598 06       		.byte	6
 1461 0599 02       		.byte	2
 1462 059a 09       		.byte	9
 1463 059b 01       		.byte	1
 1464 059c 0A       		.byte	10
 1465 059d 08       		.byte	8
 1466 059e 0E       		.byte	14
 1467 059f 80       		.byte	-128
 1468 05a0 54       		.byte	84
 1469 05a1 01       		.byte	1
 1470 05a2 81       		.byte	-127
 1471 05a3 01       		.byte	1
 1472 05a4 97       		.byte	-105
 1473 05a5 40       		.byte	64
 1474 05a6 9F       		.byte	-97
 1475 05a7 20       		.byte	32
 1476 05a8 A4       		.byte	-92
 1477 05a9 C0       		.byte	-64
 1478 05aa B0       		.byte	-80
 1479 05ab 14       		.byte	20
 1480 05ac C0       		.byte	-64
 1481 05ad 03       		.byte	3
 1482 05ae C2       		.byte	-62
ARM GAS  C:\Users\PANXIA~1\AppData\Local\Temp\ccmYQWCT.s 			page 27


 1483 05af 0E       		.byte	14
 1484 05b0 D6       		.byte	-42
 1485 05b1 04       		.byte	4
 1486 05b2 EA       		.byte	-22
 1487 05b3 04       		.byte	4
 1488 05b4 EE       		.byte	-18
 1489 05b5 01       		.byte	1
 1490 05b6 50       		.byte	80
 1491 05b7 20       		.byte	32
 1492 05b8 57       		.byte	87
 1493 05b9 08       		.byte	8
 1494 05ba 84       		.byte	-124
 1495 05bb 80       		.byte	-128
 1496 05bc 87       		.byte	-121
 1497 05bd 40       		.byte	64
 1498 05be 88       		.byte	-120
 1499 05bf 41       		.byte	65
 1500 05c0 8F       		.byte	-113
 1501 05c1 20       		.byte	32
 1502 05c2 91       		.byte	-111
 1503 05c3 40       		.byte	64
 1504 05c4 92       		.byte	-110
 1505 05c5 08       		.byte	8
 1506 05c6 97       		.byte	-105
 1507 05c7 40       		.byte	64
 1508 05c8 9A       		.byte	-102
 1509 05c9 02       		.byte	2
 1510 05ca 9F       		.byte	-97
 1511 05cb 20       		.byte	32
 1512 05cc A2       		.byte	-94
 1513 05cd 40       		.byte	64
 1514 05ce A4       		.byte	-92
 1515 05cf C1       		.byte	-63
 1516 05d0 D4       		.byte	-44
 1517 05d1 06       		.byte	6
 1518 05d2 E0       		.byte	-32
 1519 05d3 01       		.byte	1
 1520 05d4 E4       		.byte	-28
 1521 05d5 0C       		.byte	12
 1522 05d6 92       		.byte	-110
 1523 05d7 08       		.byte	8
 1524 05d8 9A       		.byte	-102
 1525 05d9 02       		.byte	2
 1526 05da A9       		.byte	-87
 1527 05db 40       		.byte	64
 1528 05dc AE       		.byte	-82
 1529 05dd 40       		.byte	64
 1530 05de B3       		.byte	-77
 1531 05df 08       		.byte	8
 1532 05e0 B4       		.byte	-76
 1533 05e1 20       		.byte	32
 1534 05e2 E8       		.byte	-24
 1535 05e3 04       		.byte	4
 1536 05e4 EC       		.byte	-20
 1537 05e5 08       		.byte	8
 1538 05e6 05       		.byte	5
 1539 05e7 10       		.byte	16
ARM GAS  C:\Users\PANXIA~1\AppData\Local\Temp\ccmYQWCT.s 			page 28


 1540 05e8 89       		.byte	-119
 1541 05e9 01       		.byte	1
 1542 05ea C0       		.byte	-64
 1543 05eb 80       		.byte	-128
 1544 05ec 5D       		.byte	93
 1545 05ed 01       		.byte	1
 1546 05ee 66       		.byte	102
 1547 05ef 04       		.byte	4
 1548 05f0 8E       		.byte	-114
 1549 05f1 04       		.byte	4
 1550 05f2 91       		.byte	-111
 1551 05f3 01       		.byte	1
 1552 05f4 A9       		.byte	-87
 1553 05f5 10       		.byte	16
 1554 05f6 D6       		.byte	-42
 1555 05f7 80       		.byte	-128
 1556 05f8 D8       		.byte	-40
 1557 05f9 80       		.byte	-128
 1558 05fa EC       		.byte	-20
 1559 05fb 20       		.byte	32
 1560 05fc 9A       		.byte	-102
 1561 05fd 02       		.byte	2
 1562 05fe AE       		.byte	-82
 1563 05ff 04       		.byte	4
 1564 0600 05       		.byte	5
 1565 0601 02       		.byte	2
 1566 0602 18       		.byte	24
 1567 0603 20       		.byte	32
 1568 0604 50       		.byte	80
 1569 0605 10       		.byte	16
 1570 0606 78       		.byte	120
 1571 0607 08       		.byte	8
 1572 0608 86       		.byte	-122
 1573 0609 02       		.byte	2
 1574 060a 88       		.byte	-120
 1575 060b 08       		.byte	8
 1576 060c 89       		.byte	-119
 1577 060d 02       		.byte	2
 1578 060e 9A       		.byte	-102
 1579 060f 02       		.byte	2
 1580 0610 C0       		.byte	-64
 1581 0611 04       		.byte	4
 1582 0612 C6       		.byte	-58
 1583 0613 08       		.byte	8
 1584 0614 D4       		.byte	-44
 1585 0615 04       		.byte	4
 1586 0616 DE       		.byte	-34
 1587 0617 02       		.byte	2
 1588 0618 00       		.byte	0
 1589 0619 06       		.byte	6
 1590 061a 01       		.byte	1
 1591 061b 01       		.byte	1
 1592 061c 0A       		.byte	10
 1593 061d 06       		.byte	6
 1594 061e 0B       		.byte	11
 1595 061f 01       		.byte	1
 1596 0620 10       		.byte	16
ARM GAS  C:\Users\PANXIA~1\AppData\Local\Temp\ccmYQWCT.s 			page 29


 1597 0621 06       		.byte	6
 1598 0622 11       		.byte	17
 1599 0623 01       		.byte	1
 1600 0624 1A       		.byte	26
 1601 0625 06       		.byte	6
 1602 0626 1B       		.byte	27
 1603 0627 01       		.byte	1
 1604 0628 00       		.byte	0
 1605 0629 0F       		.byte	15
 1606 062a 00       		.byte	0
 1607 062b 00       		.byte	0
 1608 062c 00       		.byte	0
 1609 062d 1C       		.byte	28
 1610 062e 1C       		.byte	28
 1611 062f 00       		.byte	0
 1612 0630 00       		.byte	0
 1613 0631 00       		.byte	0
 1614 0632 00       		.byte	0
 1615 0633 00       		.byte	0
 1616 0634 20       		.byte	32
 1617 0635 00       		.byte	0
 1618 0636 00       		.byte	0
 1619 0637 00       		.byte	0
 1620 0638 00       		.byte	0
 1621 0639 00       		.byte	0
 1622 063a 00       		.byte	0
 1623 063b 00       		.byte	0
 1624 063c 08       		.byte	8
 1625 063d 30       		.byte	48
 1626 063e 30       		.byte	48
 1627 063f 00       		.byte	0
 1628 0640 30       		.byte	48
 1629 0641 00       		.byte	0
 1630 0642 00       		.byte	0
 1631 0643 00       		.byte	0
 1632 0644 7C       		.byte	124
 1633 0645 01       		.byte	1
 1634 0646 01       		.byte	1
 1635 0647 00       		.byte	0
 1636 0648 01       		.byte	1
 1637 0649 00       		.byte	0
 1638 064a 00       		.byte	0
 1639 064b 00       		.byte	0
 1640 064c 20       		.byte	32
 1641 064d 00       		.byte	0
 1642 064e 00       		.byte	0
 1643 064f A0       		.byte	-96
 1644 0650 A0       		.byte	-96
 1645 0651 00       		.byte	0
 1646 0652 A0       		.byte	-96
 1647 0653 00       		.byte	0
 1648 0654 00       		.byte	0
 1649 0655 00       		.byte	0
 1650 0656 00       		.byte	0
 1651 0657 00       		.byte	0
 1652 0658 02       		.byte	2
 1653 0659 01       		.byte	1
ARM GAS  C:\Users\PANXIA~1\AppData\Local\Temp\ccmYQWCT.s 			page 30


 1654 065a 01       		.byte	1
 1655 065b 00       		.byte	0
 1656 065c 01       		.byte	1
 1657 065d 00       		.byte	0
 1658 065e 00       		.byte	0
 1659 065f 00       		.byte	0
 1660 0660 10       		.byte	16
 1661 0661 0F       		.byte	15
 1662 0662 0F       		.byte	15
 1663 0663 00       		.byte	0
 1664 0664 0F       		.byte	15
 1665 0665 00       		.byte	0
 1666 0666 00       		.byte	0
 1667 0667 00       		.byte	0
 1668              		.section	.cywolatch,"a",%progbits
 1669              		.align	2
 1670              		.type	cy_meta_wonvl, %object
 1671              		.size	cy_meta_wonvl, 4
 1672              	cy_meta_wonvl:
 1673 0000 BC       		.byte	-68
 1674 0001 90       		.byte	-112
 1675 0002 AC       		.byte	-84
 1676 0003 AF       		.byte	-81
 1677              		.section	.cycustnvl,"a",%progbits
 1678              		.align	2
 1679              		.type	cy_meta_custnvl, %object
 1680              		.size	cy_meta_custnvl, 4
 1681              	cy_meta_custnvl:
 1682 0000 00       		.byte	0
 1683 0001 00       		.byte	0
 1684 0002 40       		.byte	64
 1685 0003 05       		.byte	5
 1686              		.section	.cymeta,"a",%progbits
 1687              		.align	2
 1688              		.type	cy_metadata, %object
 1689              		.size	cy_metadata, 12
 1690              	cy_metadata:
 1691 0000 00       		.byte	0
 1692 0001 01       		.byte	1
 1693 0002 2E       		.byte	46
 1694 0003 16       		.byte	22
 1695 0004 30       		.byte	48
 1696 0005 69       		.byte	105
 1697 0006 00       		.byte	0
 1698 0007 01       		.byte	1
 1699 0008 00       		.byte	0
 1700 0009 00       		.byte	0
 1701 000a 00       		.byte	0
 1702 000b 00       		.byte	0
 1703              		.section	.cyflashprotect,"a",%progbits
 1704              		.align	2
 1705              		.type	cy_meta_flashprotect, %object
 1706              		.size	cy_meta_flashprotect, 256
 1707              	cy_meta_flashprotect:
 1708 0000 00000000 		.space	256
 1708      00000000 
 1708      00000000 
ARM GAS  C:\Users\PANXIA~1\AppData\Local\Temp\ccmYQWCT.s 			page 31


 1708      00000000 
 1708      00000000 
 1709              		.text
 1710              	.Letext0:
 1711              		.file 1 ".\\Generated_Source\\PSoC5\\cymetadata.c"
 1712              		.file 2 ".\\Generated_Source\\PSoC5\\cytypes.h"
 1713              		.section	.debug_info,"",%progbits
 1714              	.Ldebug_info0:
 1715 0000 38010000 		.4byte	0x138
 1716 0004 0400     		.2byte	0x4
 1717 0006 00000000 		.4byte	.Ldebug_abbrev0
 1718 000a 04       		.byte	0x4
 1719 000b 01       		.uleb128 0x1
 1720 000c BC000000 		.4byte	.LASF18
 1721 0010 01       		.byte	0x1
 1722 0011 00000000 		.4byte	.LASF19
 1723 0015 26000000 		.4byte	.LASF20
 1724 0019 00000000 		.4byte	.Ldebug_line0
 1725 001d 02       		.uleb128 0x2
 1726 001e 01       		.byte	0x1
 1727 001f 06       		.byte	0x6
 1728 0020 C6010000 		.4byte	.LASF0
 1729 0024 02       		.uleb128 0x2
 1730 0025 01       		.byte	0x1
 1731 0026 08       		.byte	0x8
 1732 0027 60000000 		.4byte	.LASF1
 1733 002b 02       		.uleb128 0x2
 1734 002c 02       		.byte	0x2
 1735 002d 05       		.byte	0x5
 1736 002e AD010000 		.4byte	.LASF2
 1737 0032 02       		.uleb128 0x2
 1738 0033 02       		.byte	0x2
 1739 0034 07       		.byte	0x7
 1740 0035 80000000 		.4byte	.LASF3
 1741 0039 02       		.uleb128 0x2
 1742 003a 04       		.byte	0x4
 1743 003b 05       		.byte	0x5
 1744 003c BD010000 		.4byte	.LASF4
 1745 0040 02       		.uleb128 0x2
 1746 0041 04       		.byte	0x4
 1747 0042 07       		.byte	0x7
 1748 0043 6E000000 		.4byte	.LASF5
 1749 0047 02       		.uleb128 0x2
 1750 0048 08       		.byte	0x8
 1751 0049 05       		.byte	0x5
 1752 004a 9A010000 		.4byte	.LASF6
 1753 004e 02       		.uleb128 0x2
 1754 004f 08       		.byte	0x8
 1755 0050 07       		.byte	0x7
 1756 0051 57010000 		.4byte	.LASF7
 1757 0055 03       		.uleb128 0x3
 1758 0056 04       		.byte	0x4
 1759 0057 05       		.byte	0x5
 1760 0058 696E7400 		.ascii	"int\000"
 1761 005c 02       		.uleb128 0x2
 1762 005d 04       		.byte	0x4
 1763 005e 07       		.byte	0x7
ARM GAS  C:\Users\PANXIA~1\AppData\Local\Temp\ccmYQWCT.s 			page 32


 1764 005f 4A010000 		.4byte	.LASF8
 1765 0063 04       		.uleb128 0x4
 1766 0064 B7010000 		.4byte	.LASF21
 1767 0068 02       		.byte	0x2
 1768 0069 C2       		.byte	0xc2
 1769 006a 24000000 		.4byte	0x24
 1770 006e 02       		.uleb128 0x2
 1771 006f 04       		.byte	0x4
 1772 0070 04       		.byte	0x4
 1773 0071 5A000000 		.4byte	.LASF9
 1774 0075 02       		.uleb128 0x2
 1775 0076 08       		.byte	0x8
 1776 0077 04       		.byte	0x4
 1777 0078 93000000 		.4byte	.LASF10
 1778 007c 02       		.uleb128 0x2
 1779 007d 01       		.byte	0x1
 1780 007e 08       		.byte	0x8
 1781 007f A8010000 		.4byte	.LASF11
 1782 0083 05       		.uleb128 0x5
 1783 0084 63000000 		.4byte	0x63
 1784 0088 94000000 		.4byte	0x94
 1785 008c 06       		.uleb128 0x6
 1786 008d 94000000 		.4byte	0x94
 1787 0091 6706     		.2byte	0x667
 1788 0093 00       		.byte	0
 1789 0094 02       		.uleb128 0x2
 1790 0095 04       		.byte	0x4
 1791 0096 07       		.byte	0x7
 1792 0097 91010000 		.4byte	.LASF12
 1793 009b 07       		.uleb128 0x7
 1794 009c AA000000 		.4byte	.LASF13
 1795 00a0 01       		.byte	0x1
 1796 00a1 1C       		.byte	0x1c
 1797 00a2 AC000000 		.4byte	0xac
 1798 00a6 05       		.uleb128 0x5
 1799 00a7 03       		.byte	0x3
 1800 00a8 00000000 		.4byte	cy_meta_configecc
 1801 00ac 08       		.uleb128 0x8
 1802 00ad 83000000 		.4byte	0x83
 1803 00b1 05       		.uleb128 0x5
 1804 00b2 63000000 		.4byte	0x63
 1805 00b6 C1000000 		.4byte	0xc1
 1806 00ba 09       		.uleb128 0x9
 1807 00bb 94000000 		.4byte	0x94
 1808 00bf 03       		.byte	0x3
 1809 00c0 00       		.byte	0
 1810 00c1 07       		.uleb128 0x7
 1811 00c2 9A000000 		.4byte	.LASF14
 1812 00c6 01       		.byte	0x1
 1813 00c7 F3       		.byte	0xf3
 1814 00c8 D2000000 		.4byte	0xd2
 1815 00cc 05       		.uleb128 0x5
 1816 00cd 03       		.byte	0x3
 1817 00ce 00000000 		.4byte	cy_meta_custnvl
 1818 00d2 08       		.uleb128 0x8
 1819 00d3 B1000000 		.4byte	0xb1
 1820 00d7 07       		.uleb128 0x7
ARM GAS  C:\Users\PANXIA~1\AppData\Local\Temp\ccmYQWCT.s 			page 33


 1821 00d8 83010000 		.4byte	.LASF15
 1822 00dc 01       		.byte	0x1
 1823 00dd FE       		.byte	0xfe
 1824 00de E8000000 		.4byte	0xe8
 1825 00e2 05       		.uleb128 0x5
 1826 00e3 03       		.byte	0x3
 1827 00e4 00000000 		.4byte	cy_meta_wonvl
 1828 00e8 08       		.uleb128 0x8
 1829 00e9 B1000000 		.4byte	0xb1
 1830 00ed 05       		.uleb128 0x5
 1831 00ee 63000000 		.4byte	0x63
 1832 00f2 FD000000 		.4byte	0xfd
 1833 00f6 09       		.uleb128 0x9
 1834 00f7 94000000 		.4byte	0x94
 1835 00fb FF       		.byte	0xff
 1836 00fc 00       		.byte	0
 1837 00fd 0A       		.uleb128 0xa
 1838 00fe 6E010000 		.4byte	.LASF16
 1839 0102 01       		.byte	0x1
 1840 0103 0901     		.2byte	0x109
 1841 0105 0F010000 		.4byte	0x10f
 1842 0109 05       		.uleb128 0x5
 1843 010a 03       		.byte	0x3
 1844 010b 00000000 		.4byte	cy_meta_flashprotect
 1845 010f 08       		.uleb128 0x8
 1846 0110 ED000000 		.4byte	0xed
 1847 0114 05       		.uleb128 0x5
 1848 0115 63000000 		.4byte	0x63
 1849 0119 24010000 		.4byte	0x124
 1850 011d 09       		.uleb128 0x9
 1851 011e 94000000 		.4byte	0x94
 1852 0122 0B       		.byte	0xb
 1853 0123 00       		.byte	0
 1854 0124 0A       		.uleb128 0xa
 1855 0125 4E000000 		.4byte	.LASF17
 1856 0129 01       		.byte	0x1
 1857 012a 3301     		.2byte	0x133
 1858 012c 36010000 		.4byte	0x136
 1859 0130 05       		.uleb128 0x5
 1860 0131 03       		.byte	0x3
 1861 0132 00000000 		.4byte	cy_metadata
 1862 0136 08       		.uleb128 0x8
 1863 0137 14010000 		.4byte	0x114
 1864 013b 00       		.byte	0
 1865              		.section	.debug_abbrev,"",%progbits
 1866              	.Ldebug_abbrev0:
 1867 0000 01       		.uleb128 0x1
 1868 0001 11       		.uleb128 0x11
 1869 0002 01       		.byte	0x1
 1870 0003 25       		.uleb128 0x25
 1871 0004 0E       		.uleb128 0xe
 1872 0005 13       		.uleb128 0x13
 1873 0006 0B       		.uleb128 0xb
 1874 0007 03       		.uleb128 0x3
 1875 0008 0E       		.uleb128 0xe
 1876 0009 1B       		.uleb128 0x1b
 1877 000a 0E       		.uleb128 0xe
ARM GAS  C:\Users\PANXIA~1\AppData\Local\Temp\ccmYQWCT.s 			page 34


 1878 000b 10       		.uleb128 0x10
 1879 000c 17       		.uleb128 0x17
 1880 000d 00       		.byte	0
 1881 000e 00       		.byte	0
 1882 000f 02       		.uleb128 0x2
 1883 0010 24       		.uleb128 0x24
 1884 0011 00       		.byte	0
 1885 0012 0B       		.uleb128 0xb
 1886 0013 0B       		.uleb128 0xb
 1887 0014 3E       		.uleb128 0x3e
 1888 0015 0B       		.uleb128 0xb
 1889 0016 03       		.uleb128 0x3
 1890 0017 0E       		.uleb128 0xe
 1891 0018 00       		.byte	0
 1892 0019 00       		.byte	0
 1893 001a 03       		.uleb128 0x3
 1894 001b 24       		.uleb128 0x24
 1895 001c 00       		.byte	0
 1896 001d 0B       		.uleb128 0xb
 1897 001e 0B       		.uleb128 0xb
 1898 001f 3E       		.uleb128 0x3e
 1899 0020 0B       		.uleb128 0xb
 1900 0021 03       		.uleb128 0x3
 1901 0022 08       		.uleb128 0x8
 1902 0023 00       		.byte	0
 1903 0024 00       		.byte	0
 1904 0025 04       		.uleb128 0x4
 1905 0026 16       		.uleb128 0x16
 1906 0027 00       		.byte	0
 1907 0028 03       		.uleb128 0x3
 1908 0029 0E       		.uleb128 0xe
 1909 002a 3A       		.uleb128 0x3a
 1910 002b 0B       		.uleb128 0xb
 1911 002c 3B       		.uleb128 0x3b
 1912 002d 0B       		.uleb128 0xb
 1913 002e 49       		.uleb128 0x49
 1914 002f 13       		.uleb128 0x13
 1915 0030 00       		.byte	0
 1916 0031 00       		.byte	0
 1917 0032 05       		.uleb128 0x5
 1918 0033 01       		.uleb128 0x1
 1919 0034 01       		.byte	0x1
 1920 0035 49       		.uleb128 0x49
 1921 0036 13       		.uleb128 0x13
 1922 0037 01       		.uleb128 0x1
 1923 0038 13       		.uleb128 0x13
 1924 0039 00       		.byte	0
 1925 003a 00       		.byte	0
 1926 003b 06       		.uleb128 0x6
 1927 003c 21       		.uleb128 0x21
 1928 003d 00       		.byte	0
 1929 003e 49       		.uleb128 0x49
 1930 003f 13       		.uleb128 0x13
 1931 0040 2F       		.uleb128 0x2f
 1932 0041 05       		.uleb128 0x5
 1933 0042 00       		.byte	0
 1934 0043 00       		.byte	0
ARM GAS  C:\Users\PANXIA~1\AppData\Local\Temp\ccmYQWCT.s 			page 35


 1935 0044 07       		.uleb128 0x7
 1936 0045 34       		.uleb128 0x34
 1937 0046 00       		.byte	0
 1938 0047 03       		.uleb128 0x3
 1939 0048 0E       		.uleb128 0xe
 1940 0049 3A       		.uleb128 0x3a
 1941 004a 0B       		.uleb128 0xb
 1942 004b 3B       		.uleb128 0x3b
 1943 004c 0B       		.uleb128 0xb
 1944 004d 49       		.uleb128 0x49
 1945 004e 13       		.uleb128 0x13
 1946 004f 3F       		.uleb128 0x3f
 1947 0050 19       		.uleb128 0x19
 1948 0051 02       		.uleb128 0x2
 1949 0052 18       		.uleb128 0x18
 1950 0053 00       		.byte	0
 1951 0054 00       		.byte	0
 1952 0055 08       		.uleb128 0x8
 1953 0056 26       		.uleb128 0x26
 1954 0057 00       		.byte	0
 1955 0058 49       		.uleb128 0x49
 1956 0059 13       		.uleb128 0x13
 1957 005a 00       		.byte	0
 1958 005b 00       		.byte	0
 1959 005c 09       		.uleb128 0x9
 1960 005d 21       		.uleb128 0x21
 1961 005e 00       		.byte	0
 1962 005f 49       		.uleb128 0x49
 1963 0060 13       		.uleb128 0x13
 1964 0061 2F       		.uleb128 0x2f
 1965 0062 0B       		.uleb128 0xb
 1966 0063 00       		.byte	0
 1967 0064 00       		.byte	0
 1968 0065 0A       		.uleb128 0xa
 1969 0066 34       		.uleb128 0x34
 1970 0067 00       		.byte	0
 1971 0068 03       		.uleb128 0x3
 1972 0069 0E       		.uleb128 0xe
 1973 006a 3A       		.uleb128 0x3a
 1974 006b 0B       		.uleb128 0xb
 1975 006c 3B       		.uleb128 0x3b
 1976 006d 05       		.uleb128 0x5
 1977 006e 49       		.uleb128 0x49
 1978 006f 13       		.uleb128 0x13
 1979 0070 3F       		.uleb128 0x3f
 1980 0071 19       		.uleb128 0x19
 1981 0072 02       		.uleb128 0x2
 1982 0073 18       		.uleb128 0x18
 1983 0074 00       		.byte	0
 1984 0075 00       		.byte	0
 1985 0076 00       		.byte	0
 1986              		.section	.debug_aranges,"",%progbits
 1987 0000 14000000 		.4byte	0x14
 1988 0004 0200     		.2byte	0x2
 1989 0006 00000000 		.4byte	.Ldebug_info0
 1990 000a 04       		.byte	0x4
 1991 000b 00       		.byte	0
ARM GAS  C:\Users\PANXIA~1\AppData\Local\Temp\ccmYQWCT.s 			page 36


 1992 000c 0000     		.2byte	0
 1993 000e 0000     		.2byte	0
 1994 0010 00000000 		.4byte	0
 1995 0014 00000000 		.4byte	0
 1996              		.section	.debug_line,"",%progbits
 1997              	.Ldebug_line0:
 1998 0000 4F000000 		.section	.debug_str,"MS",%progbits,1
 1998      02004900 
 1998      00000201 
 1998      FB0E0D00 
 1998      01010101 
 1999              	.LASF19:
 2000 0000 2E5C4765 		.ascii	".\\Generated_Source\\PSoC5\\cymetadata.c\000"
 2000      6E657261 
 2000      7465645F 
 2000      536F7572 
 2000      63655C50 
 2001              	.LASF20:
 2002 0026 443A5C41 		.ascii	"D:\\A20_CANfestival\\posoc\\Design01.cydsn\000"
 2002      32305F43 
 2002      414E6665 
 2002      73746976 
 2002      616C5C70 
 2003              	.LASF17:
 2004 004e 63795F6D 		.ascii	"cy_metadata\000"
 2004      65746164 
 2004      61746100 
 2005              	.LASF9:
 2006 005a 666C6F61 		.ascii	"float\000"
 2006      7400
 2007              	.LASF1:
 2008 0060 756E7369 		.ascii	"unsigned char\000"
 2008      676E6564 
 2008      20636861 
 2008      7200
 2009              	.LASF5:
 2010 006e 6C6F6E67 		.ascii	"long unsigned int\000"
 2010      20756E73 
 2010      69676E65 
 2010      6420696E 
 2010      7400
 2011              	.LASF3:
 2012 0080 73686F72 		.ascii	"short unsigned int\000"
 2012      7420756E 
 2012      7369676E 
 2012      65642069 
 2012      6E7400
 2013              	.LASF10:
 2014 0093 646F7562 		.ascii	"double\000"
 2014      6C6500
 2015              	.LASF14:
 2016 009a 63795F6D 		.ascii	"cy_meta_custnvl\000"
 2016      6574615F 
 2016      63757374 
 2016      6E766C00 
 2017              	.LASF13:
 2018 00aa 63795F6D 		.ascii	"cy_meta_configecc\000"
ARM GAS  C:\Users\PANXIA~1\AppData\Local\Temp\ccmYQWCT.s 			page 37


 2018      6574615F 
 2018      636F6E66 
 2018      69676563 
 2018      6300
 2019              	.LASF18:
 2020 00bc 474E5520 		.ascii	"GNU C 4.9.3 20150303 (release) [ARM/embedded-4_9-br"
 2020      4320342E 
 2020      392E3320 
 2020      32303135 
 2020      30333033 
 2021 00ef 616E6368 		.ascii	"anch revision 221220] -mcpu=cortex-m3 -mthumb -g -O"
 2021      20726576 
 2021      6973696F 
 2021      6E203232 
 2021      31323230 
 2022 0122 67202D66 		.ascii	"g -ffunction-sections -ffat-lto-objects\000"
 2022      66756E63 
 2022      74696F6E 
 2022      2D736563 
 2022      74696F6E 
 2023              	.LASF8:
 2024 014a 756E7369 		.ascii	"unsigned int\000"
 2024      676E6564 
 2024      20696E74 
 2024      00
 2025              	.LASF7:
 2026 0157 6C6F6E67 		.ascii	"long long unsigned int\000"
 2026      206C6F6E 
 2026      6720756E 
 2026      7369676E 
 2026      65642069 
 2027              	.LASF16:
 2028 016e 63795F6D 		.ascii	"cy_meta_flashprotect\000"
 2028      6574615F 
 2028      666C6173 
 2028      6870726F 
 2028      74656374 
 2029              	.LASF15:
 2030 0183 63795F6D 		.ascii	"cy_meta_wonvl\000"
 2030      6574615F 
 2030      776F6E76 
 2030      6C00
 2031              	.LASF12:
 2032 0191 73697A65 		.ascii	"sizetype\000"
 2032      74797065 
 2032      00
 2033              	.LASF6:
 2034 019a 6C6F6E67 		.ascii	"long long int\000"
 2034      206C6F6E 
 2034      6720696E 
 2034      7400
 2035              	.LASF11:
 2036 01a8 63686172 		.ascii	"char\000"
 2036      00
 2037              	.LASF2:
 2038 01ad 73686F72 		.ascii	"short int\000"
 2038      7420696E 
ARM GAS  C:\Users\PANXIA~1\AppData\Local\Temp\ccmYQWCT.s 			page 38


 2038      7400
 2039              	.LASF21:
 2040 01b7 75696E74 		.ascii	"uint8\000"
 2040      3800
 2041              	.LASF4:
 2042 01bd 6C6F6E67 		.ascii	"long int\000"
 2042      20696E74 
 2042      00
 2043              	.LASF0:
 2044 01c6 7369676E 		.ascii	"signed char\000"
 2044      65642063 
 2044      68617200 
 2045              		.ident	"GCC: (GNU Tools for ARM Embedded Processors) 4.9.3 20150303 (release) [ARM/embedded-4_9-br
