ARM GAS  C:\Users\PANXIA~1\AppData\Local\Temp\ccVTi51O.s 			page 1


   1              		.syntax unified
   2              		.cpu cortex-m3
   3              		.fpu softvfp
   4              		.eabi_attribute 20, 1
   5              		.eabi_attribute 21, 1
   6              		.eabi_attribute 23, 3
   7              		.eabi_attribute 24, 1
   8              		.eabi_attribute 25, 1
   9              		.eabi_attribute 26, 1
  10              		.eabi_attribute 30, 1
  11              		.eabi_attribute 34, 1
  12              		.eabi_attribute 18, 4
  13              		.thumb
  14              		.file	"main.c"
  15              		.text
  16              	.Ltext0:
  17              		.cfi_sections	.debug_frame
  18              		.section	.text.canSend,"ax",%progbits
  19              		.align	2
  20              		.global	canSend
  21              		.thumb
  22              		.thumb_func
  23              		.type	canSend, %function
  24              	canSend:
  25              	.LFB63:
  26              		.file 1 ".\\main.c"
   1:.\main.c      **** /* ========================================
   2:.\main.c      ****  *
   3:.\main.c      ****  * Copyright YOUR COMPANY, THE YEAR
   4:.\main.c      ****  * All Rights Reserved
   5:.\main.c      ****  * UNPUBLISHED, LICENSED SOFTWARE.
   6:.\main.c      ****  *
   7:.\main.c      ****  * CONFIDENTIAL AND PROPRIETARY INFORMATION
   8:.\main.c      ****  * WHICH IS THE PROPERTY OF your company.
   9:.\main.c      ****  *
  10:.\main.c      ****  * ========================================
  11:.\main.c      **** */
  12:.\main.c      **** 
  13:.\main.c      **** #include "product.h"
  14:.\main.c      **** #include <ISR_Stroke_Timer.h>
  15:.\main.c      **** #include "TestSlave.h"
  16:.\main.c      **** #include "canfestival.h"
  17:.\main.c      **** #include "CanopenDictConfig.h"
  18:.\main.c      **** #include "TLC5616.h"
  19:.\main.c      **** 
  20:.\main.c      **** #define CAN_RTR_DATA     ((unsigned int )0x00000000)
  21:.\main.c      **** #define CAN_RTR_REMOTE   ((unsigned int )0x00000002)
  22:.\main.c      **** #define CAN_ID_STD       ((unsigned int) 0x00000000)
  23:.\main.c      **** extern int ISR_Stroke_Timer_states;
  24:.\main.c      **** 
  25:.\main.c      **** uint8  key_count = 0;
  26:.\main.c      **** 
  27:.\main.c      **** 
  28:.\main.c      **** unsigned char  receiveData[8]; 
  29:.\main.c      **** 
  30:.\main.c      **** CAN_1_TX_MSG CAN_message;     /* Declares Data as structure variable of type DATA_BYTES_MSG */  
  31:.\main.c      **** 
ARM GAS  C:\Users\PANXIA~1\AppData\Local\Temp\ccVTi51O.s 			page 2


  32:.\main.c      **** CAN_1_DATA_BYTES_MSG Data;
  33:.\main.c      **** 
  34:.\main.c      **** unsigned char receiveData[8]; 
  35:.\main.c      **** 
  36:.\main.c      **** 
  37:.\main.c      **** 
  38:.\main.c      **** unsigned char canSend(CAN_PORT notused, Message *m)
  39:.\main.c      **** {
  27              		.loc 1 39 0
  28              		.cfi_startproc
  29              		@ args = 0, pretend = 0, frame = 24
  30              		@ frame_needed = 0, uses_anonymous_args = 0
  31              	.LVL0:
  32 0000 30B5     		push	{r4, r5, lr}
  33              		.cfi_def_cfa_offset 12
  34              		.cfi_offset 4, -12
  35              		.cfi_offset 5, -8
  36              		.cfi_offset 14, -4
  37 0002 87B0     		sub	sp, sp, #28
  38              		.cfi_def_cfa_offset 40
  39              	.LVL1:
  40:.\main.c      ****     uint32_t i,index;
  41:.\main.c      ****     CanTxMsg TxMessage;
  42:.\main.c      ****     CanTxMsg *ptx_msg=&TxMessage;
  43:.\main.c      ****     ptx_msg->StdId = m->cob_id;
  40              		.loc 1 43 0
  41 0004 0D88     		ldrh	r5, [r1]
  44:.\main.c      **** 
  45:.\main.c      ****     ptx_msg->RTR = CAN_RTR_DATA;
  46:.\main.c      **** 
  47:.\main.c      ****     ptx_msg->IDE = CAN_ID_STD;
  48:.\main.c      **** 
  49:.\main.c      ****     ptx_msg->DLC = m->len;
  42              		.loc 1 49 0
  43 0006 CA78     		ldrb	r2, [r1, #3]	@ zero_extendqisi2
  44              	.LVL2:
  50:.\main.c      ****     for(i = 0; i < m->len; i++)
  45              		.loc 1 50 0
  46 0008 0023     		movs	r3, #0
  47 000a 06E0     		b	.L2
  48              	.LVL3:
  49              	.L3:
  51:.\main.c      ****     ptx_msg->Data[i] = m->data[i];
  50              		.loc 1 51 0 discriminator 3
  51 000c C818     		adds	r0, r1, r3
  52 000e 0479     		ldrb	r4, [r0, #4]	@ zero_extendqisi2
  53 0010 06A8     		add	r0, sp, #24
  54 0012 1844     		add	r0, r0, r3
  55 0014 00F8094C 		strb	r4, [r0, #-9]
  50:.\main.c      ****     for(i = 0; i < m->len; i++)
  56              		.loc 1 50 0 discriminator 3
  57 0018 0133     		adds	r3, r3, #1
  58              	.LVL4:
  59              	.L2:
  50:.\main.c      ****     for(i = 0; i < m->len; i++)
  60              		.loc 1 50 0 is_stmt 0 discriminator 1
  61 001a C878     		ldrb	r0, [r1, #3]	@ zero_extendqisi2
ARM GAS  C:\Users\PANXIA~1\AppData\Local\Temp\ccVTi51O.s 			page 3


  62 001c 9842     		cmp	r0, r3
  63 001e F5D8     		bhi	.L3
  52:.\main.c      **** 
  53:.\main.c      ****     CAN_message.dlc = ptx_msg->DLC;
  64              		.loc 1 53 0 is_stmt 1
  65 0020 0F49     		ldr	r1, .L9
  66              	.LVL5:
  67 0022 8A71     		strb	r2, [r1, #6]
  54:.\main.c      ****             
  55:.\main.c      ****     CAN_message.id =  ptx_msg->StdId;
  68              		.loc 1 55 0
  69 0024 0D60     		str	r5, [r1]
  56:.\main.c      ****             
  57:.\main.c      ****     CAN_message.ide= ptx_msg->IDE;
  70              		.loc 1 57 0
  71 0026 0023     		movs	r3, #0
  72              	.LVL6:
  73 0028 4B71     		strb	r3, [r1, #5]
  74              	.LVL7:
  58:.\main.c      ****             
  59:.\main.c      ****     for (index=0;index<CAN_message.dlc ;index++)
  75              		.loc 1 59 0
  76 002a 06E0     		b	.L4
  77              	.LVL8:
  78              	.L5:
  60:.\main.c      ****     {
  61:.\main.c      ****        receiveData[index] =ptx_msg->Data[index]  ; 
  79              		.loc 1 61 0 discriminator 3
  80 002c 06A9     		add	r1, sp, #24
  81 002e 1944     		add	r1, r1, r3
  82 0030 11F8090C 		ldrb	r0, [r1, #-9]	@ zero_extendqisi2
  83 0034 0B49     		ldr	r1, .L9+4
  84 0036 C854     		strb	r0, [r1, r3]
  59:.\main.c      ****     {
  85              		.loc 1 59 0 discriminator 3
  86 0038 0133     		adds	r3, r3, #1
  87              	.LVL9:
  88              	.L4:
  59:.\main.c      ****     {
  89              		.loc 1 59 0 is_stmt 0 discriminator 1
  90 003a 1146     		mov	r1, r2
  91 003c 9A42     		cmp	r2, r3
  92 003e F5D8     		bhi	.L5
  93 0040 0023     		movs	r3, #0
  94              	.LVL10:
  95 0042 04E0     		b	.L6
  96              	.LVL11:
  97              	.L7:
  62:.\main.c      ****     }
  63:.\main.c      ****             
  64:.\main.c      ****     for(index=0;index<CAN_message.dlc ;index++)
  65:.\main.c      ****     {   
  66:.\main.c      ****         Data.byte[index] = receiveData[index];
  98              		.loc 1 66 0 is_stmt 1 discriminator 3
  99 0044 074A     		ldr	r2, .L9+4
 100 0046 D05C     		ldrb	r0, [r2, r3]	@ zero_extendqisi2
 101 0048 074A     		ldr	r2, .L9+8
ARM GAS  C:\Users\PANXIA~1\AppData\Local\Temp\ccVTi51O.s 			page 4


 102 004a D054     		strb	r0, [r2, r3]
  64:.\main.c      ****     {   
 103              		.loc 1 64 0 discriminator 3
 104 004c 0133     		adds	r3, r3, #1
 105              	.LVL12:
 106              	.L6:
  64:.\main.c      ****     {   
 107              		.loc 1 64 0 is_stmt 0 discriminator 1
 108 004e 8B42     		cmp	r3, r1
 109 0050 F8D3     		bcc	.L7
  67:.\main.c      ****     }
  68:.\main.c      ****     CAN_1_SendMsg(&CAN_message);
 110              		.loc 1 68 0 is_stmt 1
 111 0052 0348     		ldr	r0, .L9
 112 0054 FFF7FEFF 		bl	CAN_1_SendMsg
 113              	.LVL13:
  69:.\main.c      ****     
  70:.\main.c      ****     return 0;           
  71:.\main.c      **** }
 114              		.loc 1 71 0
 115 0058 0020     		movs	r0, #0
 116 005a 07B0     		add	sp, sp, #28
 117              		.cfi_def_cfa_offset 12
 118              		@ sp needed
 119 005c 30BD     		pop	{r4, r5, pc}
 120              	.LVL14:
 121              	.L10:
 122 005e 00BF     		.align	2
 123              	.L9:
 124 0060 00000000 		.word	CAN_message
 125 0064 00000000 		.word	receiveData
 126 0068 00000000 		.word	Data
 127              		.cfi_endproc
 128              	.LFE63:
 129              		.size	canSend, .-canSend
 130              		.section	.text.main,"ax",%progbits
 131              		.align	2
 132              		.global	main
 133              		.thumb
 134              		.thumb_func
 135              		.type	main, %function
 136              	main:
 137              	.LFB64:
  72:.\main.c      **** 
  73:.\main.c      **** 
  74:.\main.c      **** 
  75:.\main.c      **** int main()
  76:.\main.c      **** {
 138              		.loc 1 76 0
 139              		.cfi_startproc
 140              		@ Volatile: function does not return.
 141              		@ args = 0, pretend = 0, frame = 0
 142              		@ frame_needed = 0, uses_anonymous_args = 0
 143 0000 08B5     		push	{r3, lr}
 144              		.cfi_def_cfa_offset 8
 145              		.cfi_offset 3, -8
 146              		.cfi_offset 14, -4
ARM GAS  C:\Users\PANXIA~1\AppData\Local\Temp\ccVTi51O.s 			page 5


  77:.\main.c      ****     Init_Stroke_Timer(); 
 147              		.loc 1 77 0
 148 0002 FFF7FEFF 		bl	Init_Stroke_Timer
 149              	.LVL15:
  78:.\main.c      ****     Init_TLC5616();
 150              		.loc 1 78 0
 151 0006 FFF7FEFF 		bl	Init_TLC5616
 152              	.LVL16:
  79:.\main.c      ****     /* Enable global interrupts. */
  80:.\main.c      ****     CyGlobalIntEnable; 
 153              		.loc 1 80 0
 154              	@ 80 ".\main.c" 1
 155 000a 62B6     		CPSIE   i
 156              	@ 0 "" 2
  81:.\main.c      ****     CAN_1_Start();    
 157              		.loc 1 81 0
 158              		.thumb
 159 000c FFF7FEFF 		bl	CAN_1_Start
 160              	.LVL17:
  82:.\main.c      ****     LCD_Char_1_Init();
 161              		.loc 1 82 0
 162 0010 FFF7FEFF 		bl	LCD_Char_1_Init
 163              	.LVL18:
  83:.\main.c      ****     CanopenInit();
 164              		.loc 1 83 0
 165 0014 FFF7FEFF 		bl	CanopenInit
 166              	.LVL19:
  84:.\main.c      ****     CyDelay(100); 
 167              		.loc 1 84 0
 168 0018 6420     		movs	r0, #100
 169 001a FFF7FEFF 		bl	CyDelay
 170              	.LVL20:
  85:.\main.c      ****     CutReg.SToDotFlag = 0;
 171              		.loc 1 85 0
 172 001e 354C     		ldr	r4, .L21
 173 0020 0025     		movs	r5, #0
 174 0022 A575     		strb	r5, [r4, #22]
  86:.\main.c      ****     
  87:.\main.c      ****     Control_LED_Write(5);
 175              		.loc 1 87 0
 176 0024 0520     		movs	r0, #5
 177 0026 FFF7FEFF 		bl	Control_LED_Write
 178              	.LVL21:
  88:.\main.c      ****     
  89:.\main.c      ****     ValveOut(CutReg.Action[VStop]);
 179              		.loc 1 89 0
 180 002a 607B     		ldrb	r0, [r4, #13]	@ zero_extendqisi2
 181 002c FFF7FEFF 		bl	Control_Reg_1_Write
 182              	.LVL22:
 183 0030 627B     		ldrb	r2, [r4, #13]	@ zero_extendqisi2
 184 0032 314B     		ldr	r3, .L21+4
 185 0034 1A70     		strb	r2, [r3]
  90:.\main.c      ****     TLC5616_Write(1,1023);
 186              		.loc 1 90 0
 187 0036 0120     		movs	r0, #1
 188 0038 40F2FF31 		movw	r1, #1023
 189 003c FFF7FEFF 		bl	TLC5616_Write
ARM GAS  C:\Users\PANXIA~1\AppData\Local\Temp\ccVTi51O.s 			page 6


 190              	.LVL23:
  91:.\main.c      **** 
  92:.\main.c      ****     /////////////ceshi fucha//////////////
  93:.\main.c      ****     CutReg.Action[VFast]   =   0x01;
 191              		.loc 1 93 0
 192 0040 0123     		movs	r3, #1
 193 0042 2372     		strb	r3, [r4, #8]
  94:.\main.c      ****     CutReg.Action[VSlow]   =   0x01;
 194              		.loc 1 94 0
 195 0044 6372     		strb	r3, [r4, #9]
  95:.\main.c      ****     CutReg.Action[VKeep]   =   0x01;
 196              		.loc 1 95 0
 197 0046 A372     		strb	r3, [r4, #10]
  96:.\main.c      ****     CutReg.Action[VUnload] =   0x00;
 198              		.loc 1 96 0
 199 0048 E572     		strb	r5, [r4, #11]
  97:.\main.c      ****     CutReg.Action[VBack]   =   0x02;
 200              		.loc 1 97 0
 201 004a 0223     		movs	r3, #2
 202 004c 2373     		strb	r3, [r4, #12]
  98:.\main.c      ****     CutReg.Action[VStop]   =   0x00;
 203              		.loc 1 98 0
 204 004e 6573     		strb	r5, [r4, #13]
  99:.\main.c      ****     CutReg.KeepTime        =   500;
 205              		.loc 1 99 0
 206 0050 4FF4FA73 		mov	r3, #500
 207 0054 2380     		strh	r3, [r4]	@ movhi
 100:.\main.c      ****     CutReg.UnloadTime      =   500;
 208              		.loc 1 100 0
 209 0056 6380     		strh	r3, [r4, #2]	@ movhi
 210              	.L18:
 101:.\main.c      ****     /////////////////////////////////////////
 102:.\main.c      **** //    LCD_Char_1_Position(0,0) ;
 103:.\main.c      **** //    LCD_Char_1_PrintString("Welcome1");
 104:.\main.c      **** //    LCD_Char_1_Position(1,0) ;
 105:.\main.c      **** //    LCD_Char_1_PrintString("Tetraelc");
 106:.\main.c      ****     for(;;)
 107:.\main.c      ****     {    
 108:.\main.c      ****         //增加了 配置回复模式 如果开始没有在上止点就进入此模式
 109:.\main.c      ****          if(config_para.isConfig_para_state == EnterConfig &&!PumpSignal())
 211              		.loc 1 109 0
 212 0058 284B     		ldr	r3, .L21+8
 213 005a 9B7A     		ldrb	r3, [r3, #10]	@ zero_extendqisi2
 214 005c AA2B     		cmp	r3, #170
 215 005e 09D1     		bne	.L12
 216              		.loc 1 109 0 is_stmt 0 discriminator 1
 217 0060 FFF7FEFF 		bl	Status_Reg_1_Read
 218              	.LVL24:
 219 0064 10F0400F 		tst	r0, #64
 220 0068 04D0     		beq	.L12
 221              	.LBB2:
 110:.\main.c      ****          { 
 111:.\main.c      ****        //    LED_WRITE(0X01);                          //进入阀组配置状态后默认显示“
 112:.\main.c      ****        //     ValveOut(CutReg.Action[VFast]);     
 113:.\main.c      ****             Write_config();
 222              		.loc 1 113 0 is_stmt 1
 223 006a FFF7FEFF 		bl	Write_config
ARM GAS  C:\Users\PANXIA~1\AppData\Local\Temp\ccVTi51O.s 			page 7


 224              	.LVL25:
 114:.\main.c      ****             config_para.isConfig_para_state =  FinsihConfig;
 225              		.loc 1 114 0
 226 006e A022     		movs	r2, #160
 227 0070 224B     		ldr	r3, .L21+8
 228 0072 9A72     		strb	r2, [r3, #10]
 229              	.L12:
 230              	.LBE2:
 115:.\main.c      ****          }
 116:.\main.c      ****         if(!PumpSignal())
 231              		.loc 1 116 0
 232 0074 FFF7FEFF 		bl	Status_Reg_1_Read
 233              	.LVL26:
 234 0078 10F0400F 		tst	r0, #64
 235 007c 0ED0     		beq	.L13
 117:.\main.c      **** 		{
 118:.\main.c      ****          
 119:.\main.c      **** 			ISR_Stroke_Timer_states = 0x01;
 236              		.loc 1 119 0
 237 007e 0122     		movs	r2, #1
 238 0080 1F4B     		ldr	r3, .L21+12
 239 0082 1A60     		str	r2, [r3]
 120:.\main.c      **** 			CutReg.CutStatus = StrokeStart;
 240              		.loc 1 120 0
 241 0084 1B4C     		ldr	r4, .L21
 242 0086 0025     		movs	r5, #0
 243 0088 2574     		strb	r5, [r4, #16]
 121:.\main.c      **** 			CutReg.ModeRunFlag = 0;
 244              		.loc 1 121 0
 245 008a 2575     		strb	r5, [r4, #20]
 246              	.LBB3:
 122:.\main.c      **** 
 123:.\main.c      ****             LED_WRITE(0x20);
 247              		.loc 1 123 0
 248 008c 2020     		movs	r0, #32
 249 008e 1D4B     		ldr	r3, .L21+16
 250 0090 1870     		strb	r0, [r3]
 251 0092 FFF7FEFF 		bl	LCD_DISPLAY
 252              	.LVL27:
 253              	.LBE3:
 124:.\main.c      ****           
 125:.\main.c      ****             
 126:.\main.c      ****             CutReg.Cnt = 0;
 254              		.loc 1 126 0
 255 0096 E581     		strh	r5, [r4, #14]	@ movhi
 127:.\main.c      **** 			CutReg.CutTimeStatus = VFast;   //结束  
 256              		.loc 1 127 0
 257 0098 6574     		strb	r5, [r4, #17]
 258 009a 0CE0     		b	.L14
 259              	.L13:
 128:.\main.c      **** 		}
 129:.\main.c      ****         
 130:.\main.c      **** 		else if((System_enable == Enter_Start || CutReg.OneWorkFinshState == One_Work_Runing)&& System_en
 260              		.loc 1 130 0
 261 009c 1A4B     		ldr	r3, .L21+20
 262 009e 1A78     		ldrb	r2, [r3]	@ zero_extendqisi2
 263 00a0 AA2A     		cmp	r2, #170
ARM GAS  C:\Users\PANXIA~1\AppData\Local\Temp\ccVTi51O.s 			page 8


 264 00a2 04D0     		beq	.L15
 265              		.loc 1 130 0 is_stmt 0 discriminator 2
 266 00a4 134B     		ldr	r3, .L21
 267 00a6 DB7D     		ldrb	r3, [r3, #23]	@ zero_extendqisi2
 268 00a8 DBB2     		uxtb	r3, r3
 269 00aa 112B     		cmp	r3, #17
 270 00ac 03D1     		bne	.L14
 271              	.L15:
 272              		.loc 1 130 0 discriminator 3
 273 00ae A02A     		cmp	r2, #160
 274 00b0 01D0     		beq	.L14
 131:.\main.c      **** 		{
 132:.\main.c      **** 			Stroke_Process();
 275              		.loc 1 132 0 is_stmt 1
 276 00b2 FFF7FEFF 		bl	Stroke_Process
 277              	.LVL28:
 278              	.L14:
 133:.\main.c      **** 		}
 134:.\main.c      ****         
 135:.\main.c      ****         if(System_enable == Enter_QUIT) //停止一切活动20160825*/
 279              		.loc 1 135 0
 280 00b6 144B     		ldr	r3, .L21+20
 281 00b8 1B78     		ldrb	r3, [r3]	@ zero_extendqisi2
 282 00ba A02B     		cmp	r3, #160
 283 00bc 08D1     		bne	.L16
 136:.\main.c      ****         {
 137:.\main.c      ****             ValveOut(CutReg.Action[VStop]); 
 284              		.loc 1 137 0
 285 00be 0D4C     		ldr	r4, .L21
 286 00c0 607B     		ldrb	r0, [r4, #13]	@ zero_extendqisi2
 287 00c2 FFF7FEFF 		bl	Control_Reg_1_Write
 288              	.LVL29:
 289 00c6 627B     		ldrb	r2, [r4, #13]	@ zero_extendqisi2
 290 00c8 0B4B     		ldr	r3, .L21+4
 291 00ca 1A70     		strb	r2, [r3]
 138:.\main.c      ****             CutReg.OneWorkFinshState = One_Work_Finish;
 292              		.loc 1 138 0
 293 00cc FF23     		movs	r3, #255
 294 00ce E375     		strb	r3, [r4, #23]
 295              	.L16:
 139:.\main.c      ****            
 140:.\main.c      ****         }
 141:.\main.c      ****         if(System_enable == Enter_return)/*20160825进入回复模式*/
 296              		.loc 1 141 0
 297 00d0 0D4B     		ldr	r3, .L21+20
 298 00d2 1B78     		ldrb	r3, [r3]	@ zero_extendqisi2
 299 00d4 882B     		cmp	r3, #136
 300 00d6 07D1     		bne	.L17
 142:.\main.c      ****         {
 143:.\main.c      ****            FootStart_state = 0x00;                   //不允许往下只能回到上止点
 301              		.loc 1 143 0
 302 00d8 0021     		movs	r1, #0
 303 00da 0C4A     		ldr	r2, .L21+24
 304 00dc 1170     		strb	r1, [r2]
 144:.\main.c      ****            CutReg.CutTimeStatus = VBack;
 305              		.loc 1 144 0
 306 00de 054A     		ldr	r2, .L21
ARM GAS  C:\Users\PANXIA~1\AppData\Local\Temp\ccVTi51O.s 			page 9


 307 00e0 0421     		movs	r1, #4
 308 00e2 5174     		strb	r1, [r2, #17]
 145:.\main.c      ****            CutReg.OneWorkFinshState = One_Work_Runing;
 309              		.loc 1 145 0
 310 00e4 1121     		movs	r1, #17
 311 00e6 D175     		strb	r1, [r2, #23]
 312              	.L17:
 146:.\main.c      ****         }
 147:.\main.c      ****         if(System_enable == Enter_Start)
 313              		.loc 1 147 0
 314 00e8 AA2B     		cmp	r3, #170
 315 00ea B5D1     		bne	.L18
 148:.\main.c      ****         {
 149:.\main.c      ****             FootStart_state = 0x01;
 316              		.loc 1 149 0
 317 00ec 0122     		movs	r2, #1
 318 00ee 074B     		ldr	r3, .L21+24
 319 00f0 1A70     		strb	r2, [r3]
 320 00f2 B1E7     		b	.L18
 321              	.L22:
 322              		.align	2
 323              	.L21:
 324 00f4 00000000 		.word	CutReg
 325 00f8 00000000 		.word	TPDO_OUT_Status
 326 00fc 00000000 		.word	config_para
 327 0100 00000000 		.word	ISR_Stroke_Timer_states
 328 0104 00000000 		.word	TPDO_PROCESS_Status
 329 0108 00000000 		.word	System_enable
 330 010c 00000000 		.word	FootStart_state
 331              		.cfi_endproc
 332              	.LFE64:
 333              		.size	main, .-main
 334              		.comm	Data,8,4
 335              		.comm	CAN_message,12,4
 336              		.comm	receiveData,8,4
 337              		.global	key_count
 338              		.bss
 339              		.type	key_count, %object
 340              		.size	key_count, 1
 341              	key_count:
 342 0000 00       		.space	1
 343              		.text
 344              	.Letext0:
 345              		.file 2 "c:\\program files (x86)\\cypress\\psoc creator\\3.3\\psoc creator\\import\\gnu\\arm\\4.9.
 346              		.file 3 "c:\\program files (x86)\\cypress\\psoc creator\\3.3\\psoc creator\\import\\gnu\\arm\\4.9.
 347              		.file 4 "Generated_Source\\PSoC5/cytypes.h"
 348              		.file 5 "Generated_Source\\PSoC5/CAN_1.h"
 349              		.file 6 ".\\Valve_Control.h"
 350              		.file 7 ".\\can.h"
 351              		.file 8 ".\\applicfg.h"
 352              		.file 9 ".\\TestSlave.h"
 353              		.file 10 ".\\canfestival.h"
 354              		.file 11 "Generated_Source\\PSoC5/core_cm3.h"
 355              		.file 12 ".\\TLC5616.h"
 356              		.file 13 "Generated_Source\\PSoC5/LCD_Char_1.h"
 357              		.file 14 ".\\CanopenDictConfig.h"
 358              		.file 15 "Generated_Source\\PSoC5/CyLib.h"
ARM GAS  C:\Users\PANXIA~1\AppData\Local\Temp\ccVTi51O.s 			page 10


 359              		.file 16 ".\\led.h"
 360              		.file 17 "Generated_Source\\PSoC5/Control_Reg_1.h"
 361              		.file 18 "Generated_Source\\PSoC5/Status_Reg_1.h"
 362              		.section	.debug_info,"",%progbits
 363              	.Ldebug_info0:
 364 0000 20070000 		.4byte	0x720
 365 0004 0400     		.2byte	0x4
 366 0006 00000000 		.4byte	.Ldebug_abbrev0
 367 000a 04       		.byte	0x4
 368 000b 01       		.uleb128 0x1
 369 000c 04030000 		.4byte	.LASF104
 370 0010 01       		.byte	0x1
 371 0011 6C040000 		.4byte	.LASF105
 372 0015 B1040000 		.4byte	.LASF106
 373 0019 00000000 		.4byte	.Ldebug_ranges0+0
 374 001d 00000000 		.4byte	0
 375 0021 00000000 		.4byte	.Ldebug_line0
 376 0025 02       		.uleb128 0x2
 377 0026 01       		.byte	0x1
 378 0027 06       		.byte	0x6
 379 0028 33010000 		.4byte	.LASF0
 380 002c 03       		.uleb128 0x3
 381 002d C9010000 		.4byte	.LASF4
 382 0031 02       		.byte	0x2
 383 0032 1D       		.byte	0x1d
 384 0033 37000000 		.4byte	0x37
 385 0037 02       		.uleb128 0x2
 386 0038 01       		.byte	0x1
 387 0039 08       		.byte	0x8
 388 003a 03020000 		.4byte	.LASF1
 389 003e 02       		.uleb128 0x2
 390 003f 02       		.byte	0x2
 391 0040 05       		.byte	0x5
 392 0041 4D000000 		.4byte	.LASF2
 393 0045 02       		.uleb128 0x2
 394 0046 02       		.byte	0x2
 395 0047 07       		.byte	0x7
 396 0048 A1030000 		.4byte	.LASF3
 397 004c 03       		.uleb128 0x3
 398 004d 75040000 		.4byte	.LASF5
 399 0051 02       		.byte	0x2
 400 0052 3F       		.byte	0x3f
 401 0053 57000000 		.4byte	0x57
 402 0057 02       		.uleb128 0x2
 403 0058 04       		.byte	0x4
 404 0059 05       		.byte	0x5
 405 005a A8010000 		.4byte	.LASF6
 406 005e 03       		.uleb128 0x3
 407 005f 39040000 		.4byte	.LASF7
 408 0063 02       		.byte	0x2
 409 0064 41       		.byte	0x41
 410 0065 69000000 		.4byte	0x69
 411 0069 02       		.uleb128 0x2
 412 006a 04       		.byte	0x4
 413 006b 07       		.byte	0x7
 414 006c A6020000 		.4byte	.LASF8
 415 0070 02       		.uleb128 0x2
ARM GAS  C:\Users\PANXIA~1\AppData\Local\Temp\ccVTi51O.s 			page 11


 416 0071 08       		.byte	0x8
 417 0072 05       		.byte	0x5
 418 0073 7A010000 		.4byte	.LASF9
 419 0077 02       		.uleb128 0x2
 420 0078 08       		.byte	0x8
 421 0079 07       		.byte	0x7
 422 007a 4E020000 		.4byte	.LASF10
 423 007e 04       		.uleb128 0x4
 424 007f 04       		.byte	0x4
 425 0080 05       		.byte	0x5
 426 0081 696E7400 		.ascii	"int\000"
 427 0085 02       		.uleb128 0x2
 428 0086 04       		.byte	0x4
 429 0087 07       		.byte	0x7
 430 0088 7D020000 		.4byte	.LASF11
 431 008c 03       		.uleb128 0x3
 432 008d 7F040000 		.4byte	.LASF12
 433 0091 03       		.byte	0x3
 434 0092 15       		.byte	0x15
 435 0093 2C000000 		.4byte	0x2c
 436 0097 03       		.uleb128 0x3
 437 0098 99030000 		.4byte	.LASF13
 438 009c 03       		.byte	0x3
 439 009d 2C       		.byte	0x2c
 440 009e 4C000000 		.4byte	0x4c
 441 00a2 03       		.uleb128 0x3
 442 00a3 65020000 		.4byte	.LASF14
 443 00a7 03       		.byte	0x3
 444 00a8 2D       		.byte	0x2d
 445 00a9 5E000000 		.4byte	0x5e
 446 00ad 03       		.uleb128 0x3
 447 00ae F2000000 		.4byte	.LASF15
 448 00b2 04       		.byte	0x4
 449 00b3 C2       		.byte	0xc2
 450 00b4 37000000 		.4byte	0x37
 451 00b8 03       		.uleb128 0x3
 452 00b9 D0000000 		.4byte	.LASF16
 453 00bd 04       		.byte	0x4
 454 00be C3       		.byte	0xc3
 455 00bf 45000000 		.4byte	0x45
 456 00c3 03       		.uleb128 0x3
 457 00c4 FE030000 		.4byte	.LASF17
 458 00c8 04       		.byte	0x4
 459 00c9 C4       		.byte	0xc4
 460 00ca 69000000 		.4byte	0x69
 461 00ce 02       		.uleb128 0x2
 462 00cf 04       		.byte	0x4
 463 00d0 04       		.byte	0x4
 464 00d1 0C000000 		.4byte	.LASF18
 465 00d5 02       		.uleb128 0x2
 466 00d6 08       		.byte	0x8
 467 00d7 04       		.byte	0x4
 468 00d8 20040000 		.4byte	.LASF19
 469 00dc 02       		.uleb128 0x2
 470 00dd 01       		.byte	0x1
 471 00de 08       		.byte	0x8
 472 00df FF020000 		.4byte	.LASF20
ARM GAS  C:\Users\PANXIA~1\AppData\Local\Temp\ccVTi51O.s 			page 12


 473 00e3 05       		.uleb128 0x5
 474 00e4 AD000000 		.4byte	0xad
 475 00e8 05       		.uleb128 0x5
 476 00e9 B8000000 		.4byte	0xb8
 477 00ed 02       		.uleb128 0x2
 478 00ee 04       		.byte	0x4
 479 00ef 07       		.byte	0x7
 480 00f0 65000000 		.4byte	.LASF21
 481 00f4 06       		.uleb128 0x6
 482 00f5 04       		.byte	0x4
 483 00f6 07       		.uleb128 0x7
 484 00f7 08       		.byte	0x8
 485 00f8 05       		.byte	0x5
 486 00f9 6F       		.byte	0x6f
 487 00fa 0B010000 		.4byte	0x10b
 488 00fe 08       		.uleb128 0x8
 489 00ff E9010000 		.4byte	.LASF23
 490 0103 05       		.byte	0x5
 491 0104 71       		.byte	0x71
 492 0105 0B010000 		.4byte	0x10b
 493 0109 00       		.byte	0
 494 010a 00       		.byte	0
 495 010b 09       		.uleb128 0x9
 496 010c AD000000 		.4byte	0xad
 497 0110 1B010000 		.4byte	0x11b
 498 0114 0A       		.uleb128 0xa
 499 0115 ED000000 		.4byte	0xed
 500 0119 07       		.byte	0x7
 501 011a 00       		.byte	0
 502 011b 03       		.uleb128 0x3
 503 011c 9C040000 		.4byte	.LASF22
 504 0120 05       		.byte	0x5
 505 0121 72       		.byte	0x72
 506 0122 F6000000 		.4byte	0xf6
 507 0126 07       		.uleb128 0x7
 508 0127 0C       		.byte	0xc
 509 0128 05       		.byte	0x5
 510 0129 81       		.byte	0x81
 511 012a 76010000 		.4byte	0x176
 512 012e 0B       		.uleb128 0xb
 513 012f 696400   		.ascii	"id\000"
 514 0132 05       		.byte	0x5
 515 0133 83       		.byte	0x83
 516 0134 C3000000 		.4byte	0xc3
 517 0138 00       		.byte	0
 518 0139 0B       		.uleb128 0xb
 519 013a 72747200 		.ascii	"rtr\000"
 520 013e 05       		.byte	0x5
 521 013f 84       		.byte	0x84
 522 0140 AD000000 		.4byte	0xad
 523 0144 04       		.byte	0x4
 524 0145 0B       		.uleb128 0xb
 525 0146 69646500 		.ascii	"ide\000"
 526 014a 05       		.byte	0x5
 527 014b 85       		.byte	0x85
 528 014c AD000000 		.4byte	0xad
 529 0150 05       		.byte	0x5
ARM GAS  C:\Users\PANXIA~1\AppData\Local\Temp\ccVTi51O.s 			page 13


 530 0151 0B       		.uleb128 0xb
 531 0152 646C6300 		.ascii	"dlc\000"
 532 0156 05       		.byte	0x5
 533 0157 86       		.byte	0x86
 534 0158 AD000000 		.4byte	0xad
 535 015c 06       		.byte	0x6
 536 015d 0B       		.uleb128 0xb
 537 015e 69727100 		.ascii	"irq\000"
 538 0162 05       		.byte	0x5
 539 0163 87       		.byte	0x87
 540 0164 AD000000 		.4byte	0xad
 541 0168 07       		.byte	0x7
 542 0169 0B       		.uleb128 0xb
 543 016a 6D736700 		.ascii	"msg\000"
 544 016e 05       		.byte	0x5
 545 016f 8B       		.byte	0x8b
 546 0170 76010000 		.4byte	0x176
 547 0174 08       		.byte	0x8
 548 0175 00       		.byte	0
 549 0176 0C       		.uleb128 0xc
 550 0177 04       		.byte	0x4
 551 0178 1B010000 		.4byte	0x11b
 552 017c 03       		.uleb128 0x3
 553 017d 95010000 		.4byte	.LASF24
 554 0181 05       		.byte	0x5
 555 0182 8C       		.byte	0x8c
 556 0183 26010000 		.4byte	0x126
 557 0187 0D       		.uleb128 0xd
 558 0188 6E000000 		.4byte	.LASF37
 559 018c 01       		.byte	0x1
 560 018d 06       		.byte	0x6
 561 018e 67       		.byte	0x67
 562 018f DC010000 		.4byte	0x1dc
 563 0193 0E       		.uleb128 0xe
 564 0194 1B010000 		.4byte	.LASF25
 565 0198 00       		.sleb128 0
 566 0199 0E       		.uleb128 0xe
 567 019a 6D010000 		.4byte	.LASF26
 568 019e 01       		.sleb128 1
 569 019f 0E       		.uleb128 0xe
 570 01a0 A2010000 		.4byte	.LASF27
 571 01a4 02       		.sleb128 2
 572 01a5 0E       		.uleb128 0xe
 573 01a6 DC020000 		.4byte	.LASF28
 574 01aa 03       		.sleb128 3
 575 01ab 0E       		.uleb128 0xe
 576 01ac 39020000 		.4byte	.LASF29
 577 01b0 04       		.sleb128 4
 578 01b1 0E       		.uleb128 0xe
 579 01b2 B1010000 		.4byte	.LASF30
 580 01b6 05       		.sleb128 5
 581 01b7 0E       		.uleb128 0xe
 582 01b8 87040000 		.4byte	.LASF31
 583 01bc 00       		.sleb128 0
 584 01bd 0E       		.uleb128 0xe
 585 01be D3010000 		.4byte	.LASF32
 586 01c2 01       		.sleb128 1
ARM GAS  C:\Users\PANXIA~1\AppData\Local\Temp\ccVTi51O.s 			page 14


 587 01c3 0E       		.uleb128 0xe
 588 01c4 F2040000 		.4byte	.LASF33
 589 01c8 02       		.sleb128 2
 590 01c9 0E       		.uleb128 0xe
 591 01ca 30000000 		.4byte	.LASF34
 592 01ce 03       		.sleb128 3
 593 01cf 0E       		.uleb128 0xe
 594 01d0 3F020000 		.4byte	.LASF35
 595 01d4 04       		.sleb128 4
 596 01d5 0E       		.uleb128 0xe
 597 01d6 03050000 		.4byte	.LASF36
 598 01da 05       		.sleb128 5
 599 01db 00       		.byte	0
 600 01dc 0D       		.uleb128 0xd
 601 01dd 22000000 		.4byte	.LASF38
 602 01e1 01       		.byte	0x1
 603 01e2 06       		.byte	0x6
 604 01e3 77       		.byte	0x77
 605 01e4 13020000 		.4byte	0x213
 606 01e8 0E       		.uleb128 0xe
 607 01e9 F8000000 		.4byte	.LASF39
 608 01ed 00       		.sleb128 0
 609 01ee 0E       		.uleb128 0xe
 610 01ef 18040000 		.4byte	.LASF40
 611 01f3 01       		.sleb128 1
 612 01f4 0E       		.uleb128 0xe
 613 01f5 11020000 		.4byte	.LASF41
 614 01f9 02       		.sleb128 2
 615 01fa 0E       		.uleb128 0xe
 616 01fb 8A020000 		.4byte	.LASF42
 617 01ff 03       		.sleb128 3
 618 0200 0E       		.uleb128 0xe
 619 0201 E4030000 		.4byte	.LASF43
 620 0205 04       		.sleb128 4
 621 0206 0E       		.uleb128 0xe
 622 0207 1C020000 		.4byte	.LASF44
 623 020b 05       		.sleb128 5
 624 020c 0E       		.uleb128 0xe
 625 020d ED030000 		.4byte	.LASF45
 626 0211 06       		.sleb128 6
 627 0212 00       		.byte	0
 628 0213 0F       		.uleb128 0xf
 629 0214 05040000 		.4byte	.LASF61
 630 0218 18       		.byte	0x18
 631 0219 06       		.byte	0x6
 632 021a 82       		.byte	0x82
 633 021b B0020000 		.4byte	0x2b0
 634 021f 08       		.uleb128 0x8
 635 0220 EE010000 		.4byte	.LASF46
 636 0224 06       		.byte	0x6
 637 0225 85       		.byte	0x85
 638 0226 E8000000 		.4byte	0xe8
 639 022a 00       		.byte	0
 640 022b 08       		.uleb128 0x8
 641 022c CA030000 		.4byte	.LASF47
 642 0230 06       		.byte	0x6
 643 0231 86       		.byte	0x86
ARM GAS  C:\Users\PANXIA~1\AppData\Local\Temp\ccVTi51O.s 			page 15


 644 0232 E8000000 		.4byte	0xe8
 645 0236 02       		.byte	0x2
 646 0237 08       		.uleb128 0x8
 647 0238 92030000 		.4byte	.LASF48
 648 023c 06       		.byte	0x6
 649 023d 87       		.byte	0x87
 650 023e C0020000 		.4byte	0x2c0
 651 0242 04       		.byte	0x4
 652 0243 08       		.uleb128 0x8
 653 0244 9F020000 		.4byte	.LASF49
 654 0248 06       		.byte	0x6
 655 0249 88       		.byte	0x88
 656 024a D5020000 		.4byte	0x2d5
 657 024e 08       		.byte	0x8
 658 024f 0B       		.uleb128 0xb
 659 0250 436E7400 		.ascii	"Cnt\000"
 660 0254 06       		.byte	0x6
 661 0255 8A       		.byte	0x8a
 662 0256 E8000000 		.4byte	0xe8
 663 025a 0E       		.byte	0xe
 664 025b 08       		.uleb128 0x8
 665 025c D5030000 		.4byte	.LASF50
 666 0260 06       		.byte	0x6
 667 0261 8B       		.byte	0x8b
 668 0262 E3000000 		.4byte	0xe3
 669 0266 10       		.byte	0x10
 670 0267 08       		.uleb128 0x8
 671 0268 57000000 		.4byte	.LASF51
 672 026c 06       		.byte	0x6
 673 026d 8C       		.byte	0x8c
 674 026e E3000000 		.4byte	0xe3
 675 0272 11       		.byte	0x11
 676 0273 08       		.uleb128 0x8
 677 0274 B4030000 		.4byte	.LASF52
 678 0278 06       		.byte	0x6
 679 0279 8D       		.byte	0x8d
 680 027a E8000000 		.4byte	0xe8
 681 027e 12       		.byte	0x12
 682 027f 08       		.uleb128 0x8
 683 0280 4B010000 		.4byte	.LASF53
 684 0284 06       		.byte	0x6
 685 0285 8E       		.byte	0x8e
 686 0286 E3000000 		.4byte	0xe3
 687 028a 14       		.byte	0x14
 688 028b 08       		.uleb128 0x8
 689 028c 65050000 		.4byte	.LASF54
 690 0290 06       		.byte	0x6
 691 0291 8F       		.byte	0x8f
 692 0292 E3000000 		.4byte	0xe3
 693 0296 15       		.byte	0x15
 694 0297 08       		.uleb128 0x8
 695 0298 0D040000 		.4byte	.LASF55
 696 029c 06       		.byte	0x6
 697 029d 90       		.byte	0x90
 698 029e E3000000 		.4byte	0xe3
 699 02a2 16       		.byte	0x16
 700 02a3 08       		.uleb128 0x8
ARM GAS  C:\Users\PANXIA~1\AppData\Local\Temp\ccVTi51O.s 			page 16


 701 02a4 0C050000 		.4byte	.LASF56
 702 02a8 06       		.byte	0x6
 703 02a9 92       		.byte	0x92
 704 02aa E3000000 		.4byte	0xe3
 705 02ae 17       		.byte	0x17
 706 02af 00       		.byte	0
 707 02b0 09       		.uleb128 0x9
 708 02b1 B8000000 		.4byte	0xb8
 709 02b5 C0020000 		.4byte	0x2c0
 710 02b9 0A       		.uleb128 0xa
 711 02ba ED000000 		.4byte	0xed
 712 02be 01       		.byte	0x1
 713 02bf 00       		.byte	0
 714 02c0 05       		.uleb128 0x5
 715 02c1 B0020000 		.4byte	0x2b0
 716 02c5 09       		.uleb128 0x9
 717 02c6 AD000000 		.4byte	0xad
 718 02ca D5020000 		.4byte	0x2d5
 719 02ce 0A       		.uleb128 0xa
 720 02cf ED000000 		.4byte	0xed
 721 02d3 05       		.byte	0x5
 722 02d4 00       		.byte	0
 723 02d5 05       		.uleb128 0x5
 724 02d6 C5020000 		.4byte	0x2c5
 725 02da 07       		.uleb128 0x7
 726 02db 0C       		.byte	0xc
 727 02dc 07       		.byte	0x7
 728 02dd 15       		.byte	0x15
 729 02de 13030000 		.4byte	0x313
 730 02e2 08       		.uleb128 0x8
 731 02e3 B1000000 		.4byte	.LASF57
 732 02e7 07       		.byte	0x7
 733 02e8 16       		.byte	0x16
 734 02e9 45000000 		.4byte	0x45
 735 02ed 00       		.byte	0
 736 02ee 0B       		.uleb128 0xb
 737 02ef 72747200 		.ascii	"rtr\000"
 738 02f3 07       		.byte	0x7
 739 02f4 17       		.byte	0x17
 740 02f5 37000000 		.4byte	0x37
 741 02f9 02       		.byte	0x2
 742 02fa 0B       		.uleb128 0xb
 743 02fb 6C656E00 		.ascii	"len\000"
 744 02ff 07       		.byte	0x7
 745 0300 18       		.byte	0x18
 746 0301 37000000 		.4byte	0x37
 747 0305 03       		.byte	0x3
 748 0306 08       		.uleb128 0x8
 749 0307 DF030000 		.4byte	.LASF58
 750 030b 07       		.byte	0x7
 751 030c 19       		.byte	0x19
 752 030d 13030000 		.4byte	0x313
 753 0311 04       		.byte	0x4
 754 0312 00       		.byte	0
 755 0313 09       		.uleb128 0x9
 756 0314 37000000 		.4byte	0x37
 757 0318 23030000 		.4byte	0x323
ARM GAS  C:\Users\PANXIA~1\AppData\Local\Temp\ccVTi51O.s 			page 17


 758 031c 0A       		.uleb128 0xa
 759 031d ED000000 		.4byte	0xed
 760 0321 07       		.byte	0x7
 761 0322 00       		.byte	0
 762 0323 03       		.uleb128 0x3
 763 0324 DD040000 		.4byte	.LASF59
 764 0328 07       		.byte	0x7
 765 0329 1A       		.byte	0x1a
 766 032a DA020000 		.4byte	0x2da
 767 032e 0C       		.uleb128 0xc
 768 032f 04       		.byte	0x4
 769 0330 23030000 		.4byte	0x323
 770 0334 03       		.uleb128 0x3
 771 0335 E4020000 		.4byte	.LASF60
 772 0339 08       		.byte	0x8
 773 033a 66       		.byte	0x66
 774 033b F4000000 		.4byte	0xf4
 775 033f 0F       		.uleb128 0xf
 776 0340 80000000 		.4byte	.LASF62
 777 0344 0C       		.byte	0xc
 778 0345 09       		.byte	0x9
 779 0346 0C       		.byte	0xc
 780 0347 B8030000 		.4byte	0x3b8
 781 034b 08       		.uleb128 0x8
 782 034c 0E010000 		.4byte	.LASF63
 783 0350 09       		.byte	0x9
 784 0351 0F       		.byte	0xf
 785 0352 37000000 		.4byte	0x37
 786 0356 00       		.byte	0
 787 0357 08       		.uleb128 0x8
 788 0358 57010000 		.4byte	.LASF64
 789 035c 09       		.byte	0x9
 790 035d 10       		.byte	0x10
 791 035e 37000000 		.4byte	0x37
 792 0362 01       		.byte	0x1
 793 0363 08       		.uleb128 0x8
 794 0364 88010000 		.4byte	.LASF65
 795 0368 09       		.byte	0x9
 796 0369 11       		.byte	0x11
 797 036a 37000000 		.4byte	0x37
 798 036e 02       		.byte	0x2
 799 036f 08       		.uleb128 0x8
 800 0370 2E050000 		.4byte	.LASF66
 801 0374 09       		.byte	0x9
 802 0375 12       		.byte	0x12
 803 0376 37000000 		.4byte	0x37
 804 037a 03       		.byte	0x3
 805 037b 08       		.uleb128 0x8
 806 037c E5040000 		.4byte	.LASF67
 807 0380 09       		.byte	0x9
 808 0381 13       		.byte	0x13
 809 0382 37000000 		.4byte	0x37
 810 0386 04       		.byte	0x4
 811 0387 08       		.uleb128 0x8
 812 0388 DC010000 		.4byte	.LASF68
 813 038c 09       		.byte	0x9
 814 038d 14       		.byte	0x14
ARM GAS  C:\Users\PANXIA~1\AppData\Local\Temp\ccVTi51O.s 			page 18


 815 038e 37000000 		.4byte	0x37
 816 0392 05       		.byte	0x5
 817 0393 08       		.uleb128 0x8
 818 0394 1E050000 		.4byte	.LASF69
 819 0398 09       		.byte	0x9
 820 0399 15       		.byte	0x15
 821 039a 45000000 		.4byte	0x45
 822 039e 06       		.byte	0x6
 823 039f 08       		.uleb128 0x8
 824 03a0 3B000000 		.4byte	.LASF70
 825 03a4 09       		.byte	0x9
 826 03a5 16       		.byte	0x16
 827 03a6 45000000 		.4byte	0x45
 828 03aa 08       		.byte	0x8
 829 03ab 08       		.uleb128 0x8
 830 03ac 44040000 		.4byte	.LASF71
 831 03b0 09       		.byte	0x9
 832 03b1 17       		.byte	0x17
 833 03b2 37000000 		.4byte	0x37
 834 03b6 0A       		.byte	0xa
 835 03b7 00       		.byte	0
 836 03b8 07       		.uleb128 0x7
 837 03b9 14       		.byte	0x14
 838 03ba 0A       		.byte	0xa
 839 03bb 11       		.byte	0x11
 840 03bc 09040000 		.4byte	0x409
 841 03c0 08       		.uleb128 0x8
 842 03c1 48020000 		.4byte	.LASF72
 843 03c5 0A       		.byte	0xa
 844 03c6 13       		.byte	0x13
 845 03c7 A2000000 		.4byte	0xa2
 846 03cb 00       		.byte	0
 847 03cc 08       		.uleb128 0x8
 848 03cd 58040000 		.4byte	.LASF73
 849 03d1 0A       		.byte	0xa
 850 03d2 16       		.byte	0x16
 851 03d3 A2000000 		.4byte	0xa2
 852 03d7 04       		.byte	0x4
 853 03d8 0B       		.uleb128 0xb
 854 03d9 49444500 		.ascii	"IDE\000"
 855 03dd 0A       		.byte	0xa
 856 03de 19       		.byte	0x19
 857 03df 8C000000 		.4byte	0x8c
 858 03e3 08       		.byte	0x8
 859 03e4 0B       		.uleb128 0xb
 860 03e5 52545200 		.ascii	"RTR\000"
 861 03e9 0A       		.byte	0xa
 862 03ea 1D       		.byte	0x1d
 863 03eb 8C000000 		.4byte	0x8c
 864 03ef 09       		.byte	0x9
 865 03f0 0B       		.uleb128 0xb
 866 03f1 444C4300 		.ascii	"DLC\000"
 867 03f5 0A       		.byte	0xa
 868 03f6 21       		.byte	0x21
 869 03f7 8C000000 		.4byte	0x8c
 870 03fb 0A       		.byte	0xa
 871 03fc 08       		.uleb128 0x8
ARM GAS  C:\Users\PANXIA~1\AppData\Local\Temp\ccVTi51O.s 			page 19


 872 03fd 27040000 		.4byte	.LASF74
 873 0401 0A       		.byte	0xa
 874 0402 25       		.byte	0x25
 875 0403 09040000 		.4byte	0x409
 876 0407 0B       		.byte	0xb
 877 0408 00       		.byte	0
 878 0409 09       		.uleb128 0x9
 879 040a 8C000000 		.4byte	0x8c
 880 040e 19040000 		.4byte	0x419
 881 0412 0A       		.uleb128 0xa
 882 0413 ED000000 		.4byte	0xed
 883 0417 07       		.byte	0x7
 884 0418 00       		.byte	0
 885 0419 03       		.uleb128 0x3
 886 041a 64010000 		.4byte	.LASF75
 887 041e 0A       		.byte	0xa
 888 041f 27       		.byte	0x27
 889 0420 B8030000 		.4byte	0x3b8
 890 0424 10       		.uleb128 0x10
 891 0425 D7000000 		.4byte	.LASF107
 892 0429 01       		.byte	0x1
 893 042a 26       		.byte	0x26
 894 042b 37000000 		.4byte	0x37
 895 042f 00000000 		.4byte	.LFB63
 896 0433 6C000000 		.4byte	.LFE63-.LFB63
 897 0437 01       		.uleb128 0x1
 898 0438 9C       		.byte	0x9c
 899 0439 A6040000 		.4byte	0x4a6
 900 043d 11       		.uleb128 0x11
 901 043e 24020000 		.4byte	.LASF76
 902 0442 01       		.byte	0x1
 903 0443 26       		.byte	0x26
 904 0444 34030000 		.4byte	0x334
 905 0448 00000000 		.4byte	.LLST0
 906 044c 12       		.uleb128 0x12
 907 044d 6D00     		.ascii	"m\000"
 908 044f 01       		.byte	0x1
 909 0450 26       		.byte	0x26
 910 0451 2E030000 		.4byte	0x32e
 911 0455 21000000 		.4byte	.LLST1
 912 0459 13       		.uleb128 0x13
 913 045a 6900     		.ascii	"i\000"
 914 045c 01       		.byte	0x1
 915 045d 28       		.byte	0x28
 916 045e A2000000 		.4byte	0xa2
 917 0462 42000000 		.4byte	.LLST2
 918 0466 14       		.uleb128 0x14
 919 0467 DF000000 		.4byte	.LASF77
 920 046b 01       		.byte	0x1
 921 046c 28       		.byte	0x28
 922 046d A2000000 		.4byte	0xa2
 923 0471 61000000 		.4byte	.LLST3
 924 0475 15       		.uleb128 0x15
 925 0476 04010000 		.4byte	.LASF78
 926 047a 01       		.byte	0x1
 927 047b 29       		.byte	0x29
 928 047c 19040000 		.4byte	0x419
ARM GAS  C:\Users\PANXIA~1\AppData\Local\Temp\ccVTi51O.s 			page 20


 929 0480 02       		.uleb128 0x2
 930 0481 91       		.byte	0x91
 931 0482 5C       		.sleb128 -36
 932 0483 14       		.uleb128 0x14
 933 0484 F6030000 		.4byte	.LASF79
 934 0488 01       		.byte	0x1
 935 0489 2A       		.byte	0x2a
 936 048a A6040000 		.4byte	0x4a6
 937 048e 8B000000 		.4byte	.LLST4
 938 0492 16       		.uleb128 0x16
 939 0493 58000000 		.4byte	.LVL13
 940 0497 5A060000 		.4byte	0x65a
 941 049b 17       		.uleb128 0x17
 942 049c 01       		.uleb128 0x1
 943 049d 50       		.byte	0x50
 944 049e 05       		.uleb128 0x5
 945 049f 03       		.byte	0x3
 946 04a0 00000000 		.4byte	CAN_message
 947 04a4 00       		.byte	0
 948 04a5 00       		.byte	0
 949 04a6 0C       		.uleb128 0xc
 950 04a7 04       		.byte	0x4
 951 04a8 19040000 		.4byte	0x419
 952 04ac 18       		.uleb128 0x18
 953 04ad 8C000000 		.4byte	.LASF108
 954 04b1 01       		.byte	0x1
 955 04b2 4B       		.byte	0x4b
 956 04b3 7E000000 		.4byte	0x7e
 957 04b7 00000000 		.4byte	.LFB64
 958 04bb 10010000 		.4byte	.LFE64-.LFB64
 959 04bf 01       		.uleb128 0x1
 960 04c0 9C       		.byte	0x9c
 961 04c1 B8050000 		.4byte	0x5b8
 962 04c5 19       		.uleb128 0x19
 963 04c6 6A000000 		.4byte	.LBB2
 964 04ca 0A000000 		.4byte	.LBE2-.LBB2
 965 04ce ED040000 		.4byte	0x4ed
 966 04d2 1A       		.uleb128 0x1a
 967 04d3 E5000000 		.4byte	.LASF80
 968 04d7 01       		.byte	0x1
 969 04d8 71       		.byte	0x71
 970 04d9 7E000000 		.4byte	0x7e
 971 04dd E3040000 		.4byte	0x4e3
 972 04e1 1B       		.uleb128 0x1b
 973 04e2 00       		.byte	0
 974 04e3 1C       		.uleb128 0x1c
 975 04e4 6E000000 		.4byte	.LVL25
 976 04e8 7B060000 		.4byte	0x67b
 977 04ec 00       		.byte	0
 978 04ed 19       		.uleb128 0x19
 979 04ee 8C000000 		.4byte	.LBB3
 980 04f2 0A000000 		.4byte	.LBE3-.LBB3
 981 04f6 1C050000 		.4byte	0x51c
 982 04fa 1A       		.uleb128 0x1a
 983 04fb F7010000 		.4byte	.LASF81
 984 04ff 01       		.byte	0x1
 985 0500 7B       		.byte	0x7b
ARM GAS  C:\Users\PANXIA~1\AppData\Local\Temp\ccVTi51O.s 			page 21


 986 0501 7E000000 		.4byte	0x7e
 987 0505 0B050000 		.4byte	0x50b
 988 0509 1B       		.uleb128 0x1b
 989 050a 00       		.byte	0
 990 050b 16       		.uleb128 0x16
 991 050c 96000000 		.4byte	.LVL27
 992 0510 8C060000 		.4byte	0x68c
 993 0514 17       		.uleb128 0x17
 994 0515 01       		.uleb128 0x1
 995 0516 50       		.byte	0x50
 996 0517 02       		.uleb128 0x2
 997 0518 08       		.byte	0x8
 998 0519 20       		.byte	0x20
 999 051a 00       		.byte	0
 1000 051b 00       		.byte	0
 1001 051c 1C       		.uleb128 0x1c
 1002 051d 06000000 		.4byte	.LVL15
 1003 0521 9D060000 		.4byte	0x69d
 1004 0525 1C       		.uleb128 0x1c
 1005 0526 0A000000 		.4byte	.LVL16
 1006 052a A4060000 		.4byte	0x6a4
 1007 052e 1C       		.uleb128 0x1c
 1008 052f 10000000 		.4byte	.LVL17
 1009 0533 AB060000 		.4byte	0x6ab
 1010 0537 1C       		.uleb128 0x1c
 1011 0538 14000000 		.4byte	.LVL18
 1012 053c B6060000 		.4byte	0x6b6
 1013 0540 1C       		.uleb128 0x1c
 1014 0541 18000000 		.4byte	.LVL19
 1015 0545 BD060000 		.4byte	0x6bd
 1016 0549 1D       		.uleb128 0x1d
 1017 054a 1E000000 		.4byte	.LVL20
 1018 054e C4060000 		.4byte	0x6c4
 1019 0552 5D050000 		.4byte	0x55d
 1020 0556 17       		.uleb128 0x17
 1021 0557 01       		.uleb128 0x1
 1022 0558 50       		.byte	0x50
 1023 0559 02       		.uleb128 0x2
 1024 055a 08       		.byte	0x8
 1025 055b 64       		.byte	0x64
 1026 055c 00       		.byte	0
 1027 055d 1D       		.uleb128 0x1d
 1028 055e 2A000000 		.4byte	.LVL21
 1029 0562 D5060000 		.4byte	0x6d5
 1030 0566 70050000 		.4byte	0x570
 1031 056a 17       		.uleb128 0x17
 1032 056b 01       		.uleb128 0x1
 1033 056c 50       		.byte	0x50
 1034 056d 01       		.uleb128 0x1
 1035 056e 35       		.byte	0x35
 1036 056f 00       		.byte	0
 1037 0570 1C       		.uleb128 0x1c
 1038 0571 30000000 		.4byte	.LVL22
 1039 0575 E6060000 		.4byte	0x6e6
 1040 0579 1D       		.uleb128 0x1d
 1041 057a 40000000 		.4byte	.LVL23
 1042 057e F7060000 		.4byte	0x6f7
ARM GAS  C:\Users\PANXIA~1\AppData\Local\Temp\ccVTi51O.s 			page 22


 1043 0582 93050000 		.4byte	0x593
 1044 0586 17       		.uleb128 0x17
 1045 0587 01       		.uleb128 0x1
 1046 0588 51       		.byte	0x51
 1047 0589 03       		.uleb128 0x3
 1048 058a 0A       		.byte	0xa
 1049 058b FF03     		.2byte	0x3ff
 1050 058d 17       		.uleb128 0x17
 1051 058e 01       		.uleb128 0x1
 1052 058f 50       		.byte	0x50
 1053 0590 01       		.uleb128 0x1
 1054 0591 31       		.byte	0x31
 1055 0592 00       		.byte	0
 1056 0593 1C       		.uleb128 0x1c
 1057 0594 64000000 		.4byte	.LVL24
 1058 0598 0D070000 		.4byte	0x70d
 1059 059c 1C       		.uleb128 0x1c
 1060 059d 78000000 		.4byte	.LVL26
 1061 05a1 0D070000 		.4byte	0x70d
 1062 05a5 1C       		.uleb128 0x1c
 1063 05a6 B6000000 		.4byte	.LVL28
 1064 05aa 18070000 		.4byte	0x718
 1065 05ae 1C       		.uleb128 0x1c
 1066 05af C6000000 		.4byte	.LVL29
 1067 05b3 E6060000 		.4byte	0x6e6
 1068 05b7 00       		.byte	0
 1069 05b8 1E       		.uleb128 0x1e
 1070 05b9 2C040000 		.4byte	.LASF82
 1071 05bd 0B       		.byte	0xb
 1072 05be 2A06     		.2byte	0x62a
 1073 05c0 C4050000 		.4byte	0x5c4
 1074 05c4 05       		.uleb128 0x5
 1075 05c5 97000000 		.4byte	0x97
 1076 05c9 1F       		.uleb128 0x1f
 1077 05ca 9D000000 		.4byte	.LASF83
 1078 05ce 09       		.byte	0x9
 1079 05cf 0A       		.byte	0xa
 1080 05d0 37000000 		.4byte	0x37
 1081 05d4 1F       		.uleb128 0x1f
 1082 05d5 12000000 		.4byte	.LASF84
 1083 05d9 06       		.byte	0x6
 1084 05da 27       		.byte	0x27
 1085 05db 37000000 		.4byte	0x37
 1086 05df 1F       		.uleb128 0x1f
 1087 05e0 73010000 		.4byte	.LASF85
 1088 05e4 06       		.byte	0x6
 1089 05e5 96       		.byte	0x96
 1090 05e6 13020000 		.4byte	0x213
 1091 05ea 1F       		.uleb128 0x1f
 1092 05eb B8020000 		.4byte	.LASF86
 1093 05ef 06       		.byte	0x6
 1094 05f0 97       		.byte	0x97
 1095 05f1 AD000000 		.4byte	0xad
 1096 05f5 1F       		.uleb128 0x1f
 1097 05f6 5E040000 		.4byte	.LASF87
 1098 05fa 09       		.byte	0x9
 1099 05fb 0B       		.byte	0xb
ARM GAS  C:\Users\PANXIA~1\AppData\Local\Temp\ccVTi51O.s 			page 23


 1100 05fc 37000000 		.4byte	0x37
 1101 0600 1F       		.uleb128 0x1f
 1102 0601 90040000 		.4byte	.LASF88
 1103 0605 09       		.byte	0x9
 1104 0606 19       		.byte	0x19
 1105 0607 3F030000 		.4byte	0x33f
 1106 060b 1F       		.uleb128 0x1f
 1107 060c B8000000 		.4byte	.LASF89
 1108 0610 01       		.byte	0x1
 1109 0611 17       		.byte	0x17
 1110 0612 7E000000 		.4byte	0x7e
 1111 0616 20       		.uleb128 0x20
 1112 0617 4B050000 		.4byte	.LASF90
 1113 061b 01       		.byte	0x1
 1114 061c 19       		.byte	0x19
 1115 061d AD000000 		.4byte	0xad
 1116 0621 05       		.uleb128 0x5
 1117 0622 03       		.byte	0x3
 1118 0623 00000000 		.4byte	key_count
 1119 0627 20       		.uleb128 0x20
 1120 0628 3F010000 		.4byte	.LASF91
 1121 062c 01       		.byte	0x1
 1122 062d 22       		.byte	0x22
 1123 062e 13030000 		.4byte	0x313
 1124 0632 05       		.uleb128 0x5
 1125 0633 03       		.byte	0x3
 1126 0634 00000000 		.4byte	receiveData
 1127 0638 20       		.uleb128 0x20
 1128 0639 91000000 		.4byte	.LASF92
 1129 063d 01       		.byte	0x1
 1130 063e 1E       		.byte	0x1e
 1131 063f 7C010000 		.4byte	0x17c
 1132 0643 05       		.uleb128 0x5
 1133 0644 03       		.byte	0x3
 1134 0645 00000000 		.4byte	CAN_message
 1135 0649 20       		.uleb128 0x20
 1136 064a 27040000 		.4byte	.LASF74
 1137 064e 01       		.byte	0x1
 1138 064f 20       		.byte	0x20
 1139 0650 1B010000 		.4byte	0x11b
 1140 0654 05       		.uleb128 0x5
 1141 0655 03       		.byte	0x3
 1142 0656 00000000 		.4byte	Data
 1143 065a 21       		.uleb128 0x21
 1144 065b 3D050000 		.4byte	.LASF109
 1145 065f 05       		.byte	0x5
 1146 0660 1801     		.2byte	0x118
 1147 0662 AD000000 		.4byte	0xad
 1148 0666 70060000 		.4byte	0x670
 1149 066a 22       		.uleb128 0x22
 1150 066b 70060000 		.4byte	0x670
 1151 066f 00       		.byte	0
 1152 0670 0C       		.uleb128 0xc
 1153 0671 04       		.byte	0x4
 1154 0672 76060000 		.4byte	0x676
 1155 0676 23       		.uleb128 0x23
 1156 0677 7C010000 		.4byte	0x17c
ARM GAS  C:\Users\PANXIA~1\AppData\Local\Temp\ccVTi51O.s 			page 24


 1157 067b 1A       		.uleb128 0x1a
 1158 067c E5000000 		.4byte	.LASF80
 1159 0680 01       		.byte	0x1
 1160 0681 71       		.byte	0x71
 1161 0682 7E000000 		.4byte	0x7e
 1162 0686 8C060000 		.4byte	0x68c
 1163 068a 1B       		.uleb128 0x1b
 1164 068b 00       		.byte	0
 1165 068c 1A       		.uleb128 0x1a
 1166 068d F7010000 		.4byte	.LASF81
 1167 0691 01       		.byte	0x1
 1168 0692 7B       		.byte	0x7b
 1169 0693 7E000000 		.4byte	0x7e
 1170 0697 9D060000 		.4byte	0x69d
 1171 069b 1B       		.uleb128 0x1b
 1172 069c 00       		.byte	0
 1173 069d 24       		.uleb128 0x24
 1174 069e 21010000 		.4byte	.LASF93
 1175 06a2 06       		.byte	0x6
 1176 06a3 9B       		.byte	0x9b
 1177 06a4 24       		.uleb128 0x24
 1178 06a5 2C020000 		.4byte	.LASF94
 1179 06a9 0C       		.byte	0xc
 1180 06aa 1B       		.byte	0x1b
 1181 06ab 25       		.uleb128 0x25
 1182 06ac 00000000 		.4byte	.LASF101
 1183 06b0 05       		.byte	0x5
 1184 06b1 C5       		.byte	0xc5
 1185 06b2 AD000000 		.4byte	0xad
 1186 06b6 24       		.uleb128 0x24
 1187 06b7 55050000 		.4byte	.LASF95
 1188 06bb 0D       		.byte	0xd
 1189 06bc 36       		.byte	0x36
 1190 06bd 24       		.uleb128 0x24
 1191 06be 93020000 		.4byte	.LASF96
 1192 06c2 0E       		.byte	0xe
 1193 06c3 0E       		.byte	0xe
 1194 06c4 26       		.uleb128 0x26
 1195 06c5 FB040000 		.4byte	.LASF97
 1196 06c9 0F       		.byte	0xf
 1197 06ca 77       		.byte	0x77
 1198 06cb D5060000 		.4byte	0x6d5
 1199 06cf 22       		.uleb128 0x22
 1200 06d0 C3000000 		.4byte	0xc3
 1201 06d4 00       		.byte	0
 1202 06d5 26       		.uleb128 0x26
 1203 06d6 ED020000 		.4byte	.LASF98
 1204 06da 10       		.byte	0x10
 1205 06db 11       		.byte	0x11
 1206 06dc E6060000 		.4byte	0x6e6
 1207 06e0 22       		.uleb128 0x22
 1208 06e1 AD000000 		.4byte	0xad
 1209 06e5 00       		.byte	0
 1210 06e6 26       		.uleb128 0x26
 1211 06e7 C8020000 		.4byte	.LASF99
 1212 06eb 11       		.byte	0x11
 1213 06ec 27       		.byte	0x27
ARM GAS  C:\Users\PANXIA~1\AppData\Local\Temp\ccVTi51O.s 			page 25


 1214 06ed F7060000 		.4byte	0x6f7
 1215 06f1 22       		.uleb128 0x22
 1216 06f2 AD000000 		.4byte	0xad
 1217 06f6 00       		.byte	0
 1218 06f7 26       		.uleb128 0x26
 1219 06f8 BC030000 		.4byte	.LASF100
 1220 06fc 0C       		.byte	0xc
 1221 06fd 1C       		.byte	0x1c
 1222 06fe 0D070000 		.4byte	0x70d
 1223 0702 22       		.uleb128 0x22
 1224 0703 AD000000 		.4byte	0xad
 1225 0707 22       		.uleb128 0x22
 1226 0708 B8000000 		.4byte	0xb8
 1227 070c 00       		.byte	0
 1228 070d 25       		.uleb128 0x25
 1229 070e B7010000 		.4byte	.LASF102
 1230 0712 12       		.byte	0x12
 1231 0713 28       		.byte	0x28
 1232 0714 AD000000 		.4byte	0xad
 1233 0718 25       		.uleb128 0x25
 1234 0719 6E020000 		.4byte	.LASF103
 1235 071d 06       		.byte	0x6
 1236 071e 9C       		.byte	0x9c
 1237 071f AD000000 		.4byte	0xad
 1238 0723 00       		.byte	0
 1239              		.section	.debug_abbrev,"",%progbits
 1240              	.Ldebug_abbrev0:
 1241 0000 01       		.uleb128 0x1
 1242 0001 11       		.uleb128 0x11
 1243 0002 01       		.byte	0x1
 1244 0003 25       		.uleb128 0x25
 1245 0004 0E       		.uleb128 0xe
 1246 0005 13       		.uleb128 0x13
 1247 0006 0B       		.uleb128 0xb
 1248 0007 03       		.uleb128 0x3
 1249 0008 0E       		.uleb128 0xe
 1250 0009 1B       		.uleb128 0x1b
 1251 000a 0E       		.uleb128 0xe
 1252 000b 55       		.uleb128 0x55
 1253 000c 17       		.uleb128 0x17
 1254 000d 11       		.uleb128 0x11
 1255 000e 01       		.uleb128 0x1
 1256 000f 10       		.uleb128 0x10
 1257 0010 17       		.uleb128 0x17
 1258 0011 00       		.byte	0
 1259 0012 00       		.byte	0
 1260 0013 02       		.uleb128 0x2
 1261 0014 24       		.uleb128 0x24
 1262 0015 00       		.byte	0
 1263 0016 0B       		.uleb128 0xb
 1264 0017 0B       		.uleb128 0xb
 1265 0018 3E       		.uleb128 0x3e
 1266 0019 0B       		.uleb128 0xb
 1267 001a 03       		.uleb128 0x3
 1268 001b 0E       		.uleb128 0xe
 1269 001c 00       		.byte	0
 1270 001d 00       		.byte	0
ARM GAS  C:\Users\PANXIA~1\AppData\Local\Temp\ccVTi51O.s 			page 26


 1271 001e 03       		.uleb128 0x3
 1272 001f 16       		.uleb128 0x16
 1273 0020 00       		.byte	0
 1274 0021 03       		.uleb128 0x3
 1275 0022 0E       		.uleb128 0xe
 1276 0023 3A       		.uleb128 0x3a
 1277 0024 0B       		.uleb128 0xb
 1278 0025 3B       		.uleb128 0x3b
 1279 0026 0B       		.uleb128 0xb
 1280 0027 49       		.uleb128 0x49
 1281 0028 13       		.uleb128 0x13
 1282 0029 00       		.byte	0
 1283 002a 00       		.byte	0
 1284 002b 04       		.uleb128 0x4
 1285 002c 24       		.uleb128 0x24
 1286 002d 00       		.byte	0
 1287 002e 0B       		.uleb128 0xb
 1288 002f 0B       		.uleb128 0xb
 1289 0030 3E       		.uleb128 0x3e
 1290 0031 0B       		.uleb128 0xb
 1291 0032 03       		.uleb128 0x3
 1292 0033 08       		.uleb128 0x8
 1293 0034 00       		.byte	0
 1294 0035 00       		.byte	0
 1295 0036 05       		.uleb128 0x5
 1296 0037 35       		.uleb128 0x35
 1297 0038 00       		.byte	0
 1298 0039 49       		.uleb128 0x49
 1299 003a 13       		.uleb128 0x13
 1300 003b 00       		.byte	0
 1301 003c 00       		.byte	0
 1302 003d 06       		.uleb128 0x6
 1303 003e 0F       		.uleb128 0xf
 1304 003f 00       		.byte	0
 1305 0040 0B       		.uleb128 0xb
 1306 0041 0B       		.uleb128 0xb
 1307 0042 00       		.byte	0
 1308 0043 00       		.byte	0
 1309 0044 07       		.uleb128 0x7
 1310 0045 13       		.uleb128 0x13
 1311 0046 01       		.byte	0x1
 1312 0047 0B       		.uleb128 0xb
 1313 0048 0B       		.uleb128 0xb
 1314 0049 3A       		.uleb128 0x3a
 1315 004a 0B       		.uleb128 0xb
 1316 004b 3B       		.uleb128 0x3b
 1317 004c 0B       		.uleb128 0xb
 1318 004d 01       		.uleb128 0x1
 1319 004e 13       		.uleb128 0x13
 1320 004f 00       		.byte	0
 1321 0050 00       		.byte	0
 1322 0051 08       		.uleb128 0x8
 1323 0052 0D       		.uleb128 0xd
 1324 0053 00       		.byte	0
 1325 0054 03       		.uleb128 0x3
 1326 0055 0E       		.uleb128 0xe
 1327 0056 3A       		.uleb128 0x3a
ARM GAS  C:\Users\PANXIA~1\AppData\Local\Temp\ccVTi51O.s 			page 27


 1328 0057 0B       		.uleb128 0xb
 1329 0058 3B       		.uleb128 0x3b
 1330 0059 0B       		.uleb128 0xb
 1331 005a 49       		.uleb128 0x49
 1332 005b 13       		.uleb128 0x13
 1333 005c 38       		.uleb128 0x38
 1334 005d 0B       		.uleb128 0xb
 1335 005e 00       		.byte	0
 1336 005f 00       		.byte	0
 1337 0060 09       		.uleb128 0x9
 1338 0061 01       		.uleb128 0x1
 1339 0062 01       		.byte	0x1
 1340 0063 49       		.uleb128 0x49
 1341 0064 13       		.uleb128 0x13
 1342 0065 01       		.uleb128 0x1
 1343 0066 13       		.uleb128 0x13
 1344 0067 00       		.byte	0
 1345 0068 00       		.byte	0
 1346 0069 0A       		.uleb128 0xa
 1347 006a 21       		.uleb128 0x21
 1348 006b 00       		.byte	0
 1349 006c 49       		.uleb128 0x49
 1350 006d 13       		.uleb128 0x13
 1351 006e 2F       		.uleb128 0x2f
 1352 006f 0B       		.uleb128 0xb
 1353 0070 00       		.byte	0
 1354 0071 00       		.byte	0
 1355 0072 0B       		.uleb128 0xb
 1356 0073 0D       		.uleb128 0xd
 1357 0074 00       		.byte	0
 1358 0075 03       		.uleb128 0x3
 1359 0076 08       		.uleb128 0x8
 1360 0077 3A       		.uleb128 0x3a
 1361 0078 0B       		.uleb128 0xb
 1362 0079 3B       		.uleb128 0x3b
 1363 007a 0B       		.uleb128 0xb
 1364 007b 49       		.uleb128 0x49
 1365 007c 13       		.uleb128 0x13
 1366 007d 38       		.uleb128 0x38
 1367 007e 0B       		.uleb128 0xb
 1368 007f 00       		.byte	0
 1369 0080 00       		.byte	0
 1370 0081 0C       		.uleb128 0xc
 1371 0082 0F       		.uleb128 0xf
 1372 0083 00       		.byte	0
 1373 0084 0B       		.uleb128 0xb
 1374 0085 0B       		.uleb128 0xb
 1375 0086 49       		.uleb128 0x49
 1376 0087 13       		.uleb128 0x13
 1377 0088 00       		.byte	0
 1378 0089 00       		.byte	0
 1379 008a 0D       		.uleb128 0xd
 1380 008b 04       		.uleb128 0x4
 1381 008c 01       		.byte	0x1
 1382 008d 03       		.uleb128 0x3
 1383 008e 0E       		.uleb128 0xe
 1384 008f 0B       		.uleb128 0xb
ARM GAS  C:\Users\PANXIA~1\AppData\Local\Temp\ccVTi51O.s 			page 28


 1385 0090 0B       		.uleb128 0xb
 1386 0091 3A       		.uleb128 0x3a
 1387 0092 0B       		.uleb128 0xb
 1388 0093 3B       		.uleb128 0x3b
 1389 0094 0B       		.uleb128 0xb
 1390 0095 01       		.uleb128 0x1
 1391 0096 13       		.uleb128 0x13
 1392 0097 00       		.byte	0
 1393 0098 00       		.byte	0
 1394 0099 0E       		.uleb128 0xe
 1395 009a 28       		.uleb128 0x28
 1396 009b 00       		.byte	0
 1397 009c 03       		.uleb128 0x3
 1398 009d 0E       		.uleb128 0xe
 1399 009e 1C       		.uleb128 0x1c
 1400 009f 0D       		.uleb128 0xd
 1401 00a0 00       		.byte	0
 1402 00a1 00       		.byte	0
 1403 00a2 0F       		.uleb128 0xf
 1404 00a3 13       		.uleb128 0x13
 1405 00a4 01       		.byte	0x1
 1406 00a5 03       		.uleb128 0x3
 1407 00a6 0E       		.uleb128 0xe
 1408 00a7 0B       		.uleb128 0xb
 1409 00a8 0B       		.uleb128 0xb
 1410 00a9 3A       		.uleb128 0x3a
 1411 00aa 0B       		.uleb128 0xb
 1412 00ab 3B       		.uleb128 0x3b
 1413 00ac 0B       		.uleb128 0xb
 1414 00ad 01       		.uleb128 0x1
 1415 00ae 13       		.uleb128 0x13
 1416 00af 00       		.byte	0
 1417 00b0 00       		.byte	0
 1418 00b1 10       		.uleb128 0x10
 1419 00b2 2E       		.uleb128 0x2e
 1420 00b3 01       		.byte	0x1
 1421 00b4 3F       		.uleb128 0x3f
 1422 00b5 19       		.uleb128 0x19
 1423 00b6 03       		.uleb128 0x3
 1424 00b7 0E       		.uleb128 0xe
 1425 00b8 3A       		.uleb128 0x3a
 1426 00b9 0B       		.uleb128 0xb
 1427 00ba 3B       		.uleb128 0x3b
 1428 00bb 0B       		.uleb128 0xb
 1429 00bc 27       		.uleb128 0x27
 1430 00bd 19       		.uleb128 0x19
 1431 00be 49       		.uleb128 0x49
 1432 00bf 13       		.uleb128 0x13
 1433 00c0 11       		.uleb128 0x11
 1434 00c1 01       		.uleb128 0x1
 1435 00c2 12       		.uleb128 0x12
 1436 00c3 06       		.uleb128 0x6
 1437 00c4 40       		.uleb128 0x40
 1438 00c5 18       		.uleb128 0x18
 1439 00c6 9742     		.uleb128 0x2117
 1440 00c8 19       		.uleb128 0x19
 1441 00c9 01       		.uleb128 0x1
ARM GAS  C:\Users\PANXIA~1\AppData\Local\Temp\ccVTi51O.s 			page 29


 1442 00ca 13       		.uleb128 0x13
 1443 00cb 00       		.byte	0
 1444 00cc 00       		.byte	0
 1445 00cd 11       		.uleb128 0x11
 1446 00ce 05       		.uleb128 0x5
 1447 00cf 00       		.byte	0
 1448 00d0 03       		.uleb128 0x3
 1449 00d1 0E       		.uleb128 0xe
 1450 00d2 3A       		.uleb128 0x3a
 1451 00d3 0B       		.uleb128 0xb
 1452 00d4 3B       		.uleb128 0x3b
 1453 00d5 0B       		.uleb128 0xb
 1454 00d6 49       		.uleb128 0x49
 1455 00d7 13       		.uleb128 0x13
 1456 00d8 02       		.uleb128 0x2
 1457 00d9 17       		.uleb128 0x17
 1458 00da 00       		.byte	0
 1459 00db 00       		.byte	0
 1460 00dc 12       		.uleb128 0x12
 1461 00dd 05       		.uleb128 0x5
 1462 00de 00       		.byte	0
 1463 00df 03       		.uleb128 0x3
 1464 00e0 08       		.uleb128 0x8
 1465 00e1 3A       		.uleb128 0x3a
 1466 00e2 0B       		.uleb128 0xb
 1467 00e3 3B       		.uleb128 0x3b
 1468 00e4 0B       		.uleb128 0xb
 1469 00e5 49       		.uleb128 0x49
 1470 00e6 13       		.uleb128 0x13
 1471 00e7 02       		.uleb128 0x2
 1472 00e8 17       		.uleb128 0x17
 1473 00e9 00       		.byte	0
 1474 00ea 00       		.byte	0
 1475 00eb 13       		.uleb128 0x13
 1476 00ec 34       		.uleb128 0x34
 1477 00ed 00       		.byte	0
 1478 00ee 03       		.uleb128 0x3
 1479 00ef 08       		.uleb128 0x8
 1480 00f0 3A       		.uleb128 0x3a
 1481 00f1 0B       		.uleb128 0xb
 1482 00f2 3B       		.uleb128 0x3b
 1483 00f3 0B       		.uleb128 0xb
 1484 00f4 49       		.uleb128 0x49
 1485 00f5 13       		.uleb128 0x13
 1486 00f6 02       		.uleb128 0x2
 1487 00f7 17       		.uleb128 0x17
 1488 00f8 00       		.byte	0
 1489 00f9 00       		.byte	0
 1490 00fa 14       		.uleb128 0x14
 1491 00fb 34       		.uleb128 0x34
 1492 00fc 00       		.byte	0
 1493 00fd 03       		.uleb128 0x3
 1494 00fe 0E       		.uleb128 0xe
 1495 00ff 3A       		.uleb128 0x3a
 1496 0100 0B       		.uleb128 0xb
 1497 0101 3B       		.uleb128 0x3b
 1498 0102 0B       		.uleb128 0xb
ARM GAS  C:\Users\PANXIA~1\AppData\Local\Temp\ccVTi51O.s 			page 30


 1499 0103 49       		.uleb128 0x49
 1500 0104 13       		.uleb128 0x13
 1501 0105 02       		.uleb128 0x2
 1502 0106 17       		.uleb128 0x17
 1503 0107 00       		.byte	0
 1504 0108 00       		.byte	0
 1505 0109 15       		.uleb128 0x15
 1506 010a 34       		.uleb128 0x34
 1507 010b 00       		.byte	0
 1508 010c 03       		.uleb128 0x3
 1509 010d 0E       		.uleb128 0xe
 1510 010e 3A       		.uleb128 0x3a
 1511 010f 0B       		.uleb128 0xb
 1512 0110 3B       		.uleb128 0x3b
 1513 0111 0B       		.uleb128 0xb
 1514 0112 49       		.uleb128 0x49
 1515 0113 13       		.uleb128 0x13
 1516 0114 02       		.uleb128 0x2
 1517 0115 18       		.uleb128 0x18
 1518 0116 00       		.byte	0
 1519 0117 00       		.byte	0
 1520 0118 16       		.uleb128 0x16
 1521 0119 898201   		.uleb128 0x4109
 1522 011c 01       		.byte	0x1
 1523 011d 11       		.uleb128 0x11
 1524 011e 01       		.uleb128 0x1
 1525 011f 31       		.uleb128 0x31
 1526 0120 13       		.uleb128 0x13
 1527 0121 00       		.byte	0
 1528 0122 00       		.byte	0
 1529 0123 17       		.uleb128 0x17
 1530 0124 8A8201   		.uleb128 0x410a
 1531 0127 00       		.byte	0
 1532 0128 02       		.uleb128 0x2
 1533 0129 18       		.uleb128 0x18
 1534 012a 9142     		.uleb128 0x2111
 1535 012c 18       		.uleb128 0x18
 1536 012d 00       		.byte	0
 1537 012e 00       		.byte	0
 1538 012f 18       		.uleb128 0x18
 1539 0130 2E       		.uleb128 0x2e
 1540 0131 01       		.byte	0x1
 1541 0132 3F       		.uleb128 0x3f
 1542 0133 19       		.uleb128 0x19
 1543 0134 03       		.uleb128 0x3
 1544 0135 0E       		.uleb128 0xe
 1545 0136 3A       		.uleb128 0x3a
 1546 0137 0B       		.uleb128 0xb
 1547 0138 3B       		.uleb128 0x3b
 1548 0139 0B       		.uleb128 0xb
 1549 013a 49       		.uleb128 0x49
 1550 013b 13       		.uleb128 0x13
 1551 013c 11       		.uleb128 0x11
 1552 013d 01       		.uleb128 0x1
 1553 013e 12       		.uleb128 0x12
 1554 013f 06       		.uleb128 0x6
 1555 0140 40       		.uleb128 0x40
ARM GAS  C:\Users\PANXIA~1\AppData\Local\Temp\ccVTi51O.s 			page 31


 1556 0141 18       		.uleb128 0x18
 1557 0142 9742     		.uleb128 0x2117
 1558 0144 19       		.uleb128 0x19
 1559 0145 01       		.uleb128 0x1
 1560 0146 13       		.uleb128 0x13
 1561 0147 00       		.byte	0
 1562 0148 00       		.byte	0
 1563 0149 19       		.uleb128 0x19
 1564 014a 0B       		.uleb128 0xb
 1565 014b 01       		.byte	0x1
 1566 014c 11       		.uleb128 0x11
 1567 014d 01       		.uleb128 0x1
 1568 014e 12       		.uleb128 0x12
 1569 014f 06       		.uleb128 0x6
 1570 0150 01       		.uleb128 0x1
 1571 0151 13       		.uleb128 0x13
 1572 0152 00       		.byte	0
 1573 0153 00       		.byte	0
 1574 0154 1A       		.uleb128 0x1a
 1575 0155 2E       		.uleb128 0x2e
 1576 0156 01       		.byte	0x1
 1577 0157 3F       		.uleb128 0x3f
 1578 0158 19       		.uleb128 0x19
 1579 0159 03       		.uleb128 0x3
 1580 015a 0E       		.uleb128 0xe
 1581 015b 3A       		.uleb128 0x3a
 1582 015c 0B       		.uleb128 0xb
 1583 015d 3B       		.uleb128 0x3b
 1584 015e 0B       		.uleb128 0xb
 1585 015f 49       		.uleb128 0x49
 1586 0160 13       		.uleb128 0x13
 1587 0161 3C       		.uleb128 0x3c
 1588 0162 19       		.uleb128 0x19
 1589 0163 01       		.uleb128 0x1
 1590 0164 13       		.uleb128 0x13
 1591 0165 00       		.byte	0
 1592 0166 00       		.byte	0
 1593 0167 1B       		.uleb128 0x1b
 1594 0168 18       		.uleb128 0x18
 1595 0169 00       		.byte	0
 1596 016a 00       		.byte	0
 1597 016b 00       		.byte	0
 1598 016c 1C       		.uleb128 0x1c
 1599 016d 898201   		.uleb128 0x4109
 1600 0170 00       		.byte	0
 1601 0171 11       		.uleb128 0x11
 1602 0172 01       		.uleb128 0x1
 1603 0173 31       		.uleb128 0x31
 1604 0174 13       		.uleb128 0x13
 1605 0175 00       		.byte	0
 1606 0176 00       		.byte	0
 1607 0177 1D       		.uleb128 0x1d
 1608 0178 898201   		.uleb128 0x4109
 1609 017b 01       		.byte	0x1
 1610 017c 11       		.uleb128 0x11
 1611 017d 01       		.uleb128 0x1
 1612 017e 31       		.uleb128 0x31
ARM GAS  C:\Users\PANXIA~1\AppData\Local\Temp\ccVTi51O.s 			page 32


 1613 017f 13       		.uleb128 0x13
 1614 0180 01       		.uleb128 0x1
 1615 0181 13       		.uleb128 0x13
 1616 0182 00       		.byte	0
 1617 0183 00       		.byte	0
 1618 0184 1E       		.uleb128 0x1e
 1619 0185 34       		.uleb128 0x34
 1620 0186 00       		.byte	0
 1621 0187 03       		.uleb128 0x3
 1622 0188 0E       		.uleb128 0xe
 1623 0189 3A       		.uleb128 0x3a
 1624 018a 0B       		.uleb128 0xb
 1625 018b 3B       		.uleb128 0x3b
 1626 018c 05       		.uleb128 0x5
 1627 018d 49       		.uleb128 0x49
 1628 018e 13       		.uleb128 0x13
 1629 018f 3F       		.uleb128 0x3f
 1630 0190 19       		.uleb128 0x19
 1631 0191 3C       		.uleb128 0x3c
 1632 0192 19       		.uleb128 0x19
 1633 0193 00       		.byte	0
 1634 0194 00       		.byte	0
 1635 0195 1F       		.uleb128 0x1f
 1636 0196 34       		.uleb128 0x34
 1637 0197 00       		.byte	0
 1638 0198 03       		.uleb128 0x3
 1639 0199 0E       		.uleb128 0xe
 1640 019a 3A       		.uleb128 0x3a
 1641 019b 0B       		.uleb128 0xb
 1642 019c 3B       		.uleb128 0x3b
 1643 019d 0B       		.uleb128 0xb
 1644 019e 49       		.uleb128 0x49
 1645 019f 13       		.uleb128 0x13
 1646 01a0 3F       		.uleb128 0x3f
 1647 01a1 19       		.uleb128 0x19
 1648 01a2 3C       		.uleb128 0x3c
 1649 01a3 19       		.uleb128 0x19
 1650 01a4 00       		.byte	0
 1651 01a5 00       		.byte	0
 1652 01a6 20       		.uleb128 0x20
 1653 01a7 34       		.uleb128 0x34
 1654 01a8 00       		.byte	0
 1655 01a9 03       		.uleb128 0x3
 1656 01aa 0E       		.uleb128 0xe
 1657 01ab 3A       		.uleb128 0x3a
 1658 01ac 0B       		.uleb128 0xb
 1659 01ad 3B       		.uleb128 0x3b
 1660 01ae 0B       		.uleb128 0xb
 1661 01af 49       		.uleb128 0x49
 1662 01b0 13       		.uleb128 0x13
 1663 01b1 3F       		.uleb128 0x3f
 1664 01b2 19       		.uleb128 0x19
 1665 01b3 02       		.uleb128 0x2
 1666 01b4 18       		.uleb128 0x18
 1667 01b5 00       		.byte	0
 1668 01b6 00       		.byte	0
 1669 01b7 21       		.uleb128 0x21
ARM GAS  C:\Users\PANXIA~1\AppData\Local\Temp\ccVTi51O.s 			page 33


 1670 01b8 2E       		.uleb128 0x2e
 1671 01b9 01       		.byte	0x1
 1672 01ba 3F       		.uleb128 0x3f
 1673 01bb 19       		.uleb128 0x19
 1674 01bc 03       		.uleb128 0x3
 1675 01bd 0E       		.uleb128 0xe
 1676 01be 3A       		.uleb128 0x3a
 1677 01bf 0B       		.uleb128 0xb
 1678 01c0 3B       		.uleb128 0x3b
 1679 01c1 05       		.uleb128 0x5
 1680 01c2 27       		.uleb128 0x27
 1681 01c3 19       		.uleb128 0x19
 1682 01c4 49       		.uleb128 0x49
 1683 01c5 13       		.uleb128 0x13
 1684 01c6 3C       		.uleb128 0x3c
 1685 01c7 19       		.uleb128 0x19
 1686 01c8 01       		.uleb128 0x1
 1687 01c9 13       		.uleb128 0x13
 1688 01ca 00       		.byte	0
 1689 01cb 00       		.byte	0
 1690 01cc 22       		.uleb128 0x22
 1691 01cd 05       		.uleb128 0x5
 1692 01ce 00       		.byte	0
 1693 01cf 49       		.uleb128 0x49
 1694 01d0 13       		.uleb128 0x13
 1695 01d1 00       		.byte	0
 1696 01d2 00       		.byte	0
 1697 01d3 23       		.uleb128 0x23
 1698 01d4 26       		.uleb128 0x26
 1699 01d5 00       		.byte	0
 1700 01d6 49       		.uleb128 0x49
 1701 01d7 13       		.uleb128 0x13
 1702 01d8 00       		.byte	0
 1703 01d9 00       		.byte	0
 1704 01da 24       		.uleb128 0x24
 1705 01db 2E       		.uleb128 0x2e
 1706 01dc 00       		.byte	0
 1707 01dd 3F       		.uleb128 0x3f
 1708 01de 19       		.uleb128 0x19
 1709 01df 03       		.uleb128 0x3
 1710 01e0 0E       		.uleb128 0xe
 1711 01e1 3A       		.uleb128 0x3a
 1712 01e2 0B       		.uleb128 0xb
 1713 01e3 3B       		.uleb128 0x3b
 1714 01e4 0B       		.uleb128 0xb
 1715 01e5 27       		.uleb128 0x27
 1716 01e6 19       		.uleb128 0x19
 1717 01e7 3C       		.uleb128 0x3c
 1718 01e8 19       		.uleb128 0x19
 1719 01e9 00       		.byte	0
 1720 01ea 00       		.byte	0
 1721 01eb 25       		.uleb128 0x25
 1722 01ec 2E       		.uleb128 0x2e
 1723 01ed 00       		.byte	0
 1724 01ee 3F       		.uleb128 0x3f
 1725 01ef 19       		.uleb128 0x19
 1726 01f0 03       		.uleb128 0x3
ARM GAS  C:\Users\PANXIA~1\AppData\Local\Temp\ccVTi51O.s 			page 34


 1727 01f1 0E       		.uleb128 0xe
 1728 01f2 3A       		.uleb128 0x3a
 1729 01f3 0B       		.uleb128 0xb
 1730 01f4 3B       		.uleb128 0x3b
 1731 01f5 0B       		.uleb128 0xb
 1732 01f6 27       		.uleb128 0x27
 1733 01f7 19       		.uleb128 0x19
 1734 01f8 49       		.uleb128 0x49
 1735 01f9 13       		.uleb128 0x13
 1736 01fa 3C       		.uleb128 0x3c
 1737 01fb 19       		.uleb128 0x19
 1738 01fc 00       		.byte	0
 1739 01fd 00       		.byte	0
 1740 01fe 26       		.uleb128 0x26
 1741 01ff 2E       		.uleb128 0x2e
 1742 0200 01       		.byte	0x1
 1743 0201 3F       		.uleb128 0x3f
 1744 0202 19       		.uleb128 0x19
 1745 0203 03       		.uleb128 0x3
 1746 0204 0E       		.uleb128 0xe
 1747 0205 3A       		.uleb128 0x3a
 1748 0206 0B       		.uleb128 0xb
 1749 0207 3B       		.uleb128 0x3b
 1750 0208 0B       		.uleb128 0xb
 1751 0209 27       		.uleb128 0x27
 1752 020a 19       		.uleb128 0x19
 1753 020b 3C       		.uleb128 0x3c
 1754 020c 19       		.uleb128 0x19
 1755 020d 01       		.uleb128 0x1
 1756 020e 13       		.uleb128 0x13
 1757 020f 00       		.byte	0
 1758 0210 00       		.byte	0
 1759 0211 00       		.byte	0
 1760              		.section	.debug_loc,"",%progbits
 1761              	.Ldebug_loc0:
 1762              	.LLST0:
 1763 0000 00000000 		.4byte	.LVL0
 1764 0004 0C000000 		.4byte	.LVL3
 1765 0008 0100     		.2byte	0x1
 1766 000a 50       		.byte	0x50
 1767 000b 0C000000 		.4byte	.LVL3
 1768 000f 6C000000 		.4byte	.LFE63
 1769 0013 0400     		.2byte	0x4
 1770 0015 F3       		.byte	0xf3
 1771 0016 01       		.uleb128 0x1
 1772 0017 50       		.byte	0x50
 1773 0018 9F       		.byte	0x9f
 1774 0019 00000000 		.4byte	0
 1775 001d 00000000 		.4byte	0
 1776              	.LLST1:
 1777 0021 00000000 		.4byte	.LVL0
 1778 0025 22000000 		.4byte	.LVL5
 1779 0029 0100     		.2byte	0x1
 1780 002b 51       		.byte	0x51
 1781 002c 22000000 		.4byte	.LVL5
 1782 0030 6C000000 		.4byte	.LFE63
 1783 0034 0400     		.2byte	0x4
ARM GAS  C:\Users\PANXIA~1\AppData\Local\Temp\ccVTi51O.s 			page 35


 1784 0036 F3       		.byte	0xf3
 1785 0037 01       		.uleb128 0x1
 1786 0038 51       		.byte	0x51
 1787 0039 9F       		.byte	0x9f
 1788 003a 00000000 		.4byte	0
 1789 003e 00000000 		.4byte	0
 1790              	.LLST2:
 1791 0042 08000000 		.4byte	.LVL2
 1792 0046 0C000000 		.4byte	.LVL3
 1793 004a 0200     		.2byte	0x2
 1794 004c 30       		.byte	0x30
 1795 004d 9F       		.byte	0x9f
 1796 004e 0C000000 		.4byte	.LVL3
 1797 0052 28000000 		.4byte	.LVL6
 1798 0056 0100     		.2byte	0x1
 1799 0058 53       		.byte	0x53
 1800 0059 00000000 		.4byte	0
 1801 005d 00000000 		.4byte	0
 1802              	.LLST3:
 1803 0061 2A000000 		.4byte	.LVL7
 1804 0065 2C000000 		.4byte	.LVL8
 1805 0069 0200     		.2byte	0x2
 1806 006b 30       		.byte	0x30
 1807 006c 9F       		.byte	0x9f
 1808 006d 2C000000 		.4byte	.LVL8
 1809 0071 42000000 		.4byte	.LVL10
 1810 0075 0100     		.2byte	0x1
 1811 0077 53       		.byte	0x53
 1812 0078 44000000 		.4byte	.LVL11
 1813 007c 57000000 		.4byte	.LVL13-1
 1814 0080 0100     		.2byte	0x1
 1815 0082 53       		.byte	0x53
 1816 0083 00000000 		.4byte	0
 1817 0087 00000000 		.4byte	0
 1818              	.LLST4:
 1819 008b 04000000 		.4byte	.LVL1
 1820 008f 5E000000 		.4byte	.LVL14
 1821 0093 0300     		.2byte	0x3
 1822 0095 91       		.byte	0x91
 1823 0096 5C       		.sleb128 -36
 1824 0097 9F       		.byte	0x9f
 1825 0098 5E000000 		.4byte	.LVL14
 1826 009c 6C000000 		.4byte	.LFE63
 1827 00a0 0300     		.2byte	0x3
 1828 00a2 7D       		.byte	0x7d
 1829 00a3 5C       		.sleb128 -36
 1830 00a4 9F       		.byte	0x9f
 1831 00a5 00000000 		.4byte	0
 1832 00a9 00000000 		.4byte	0
 1833              		.section	.debug_aranges,"",%progbits
 1834 0000 24000000 		.4byte	0x24
 1835 0004 0200     		.2byte	0x2
 1836 0006 00000000 		.4byte	.Ldebug_info0
 1837 000a 04       		.byte	0x4
 1838 000b 00       		.byte	0
 1839 000c 0000     		.2byte	0
 1840 000e 0000     		.2byte	0
ARM GAS  C:\Users\PANXIA~1\AppData\Local\Temp\ccVTi51O.s 			page 36


 1841 0010 00000000 		.4byte	.LFB63
 1842 0014 6C000000 		.4byte	.LFE63-.LFB63
 1843 0018 00000000 		.4byte	.LFB64
 1844 001c 10010000 		.4byte	.LFE64-.LFB64
 1845 0020 00000000 		.4byte	0
 1846 0024 00000000 		.4byte	0
 1847              		.section	.debug_ranges,"",%progbits
 1848              	.Ldebug_ranges0:
 1849 0000 00000000 		.4byte	.LFB63
 1850 0004 6C000000 		.4byte	.LFE63
 1851 0008 00000000 		.4byte	.LFB64
 1852 000c 10010000 		.4byte	.LFE64
 1853 0010 00000000 		.4byte	0
 1854 0014 00000000 		.4byte	0
 1855              		.section	.debug_line,"",%progbits
 1856              	.Ldebug_line0:
 1857 0000 B9020000 		.section	.debug_str,"MS",%progbits,1
 1857      02001B02 
 1857      00000201 
 1857      FB0E0D00 
 1857      01010101 
 1858              	.LASF101:
 1859 0000 43414E5F 		.ascii	"CAN_1_Start\000"
 1859      315F5374 
 1859      61727400 
 1860              	.LASF18:
 1861 000c 666C6F61 		.ascii	"float\000"
 1861      7400
 1862              	.LASF84:
 1863 0012 5450444F 		.ascii	"TPDO_OUT_Status\000"
 1863      5F4F5554 
 1863      5F537461 
 1863      74757300 
 1864              	.LASF38:
 1865 0022 56414C56 		.ascii	"VALVE_PROCESS\000"
 1865      455F5052 
 1865      4F434553 
 1865      5300
 1866              	.LASF34:
 1867 0030 4A6F6756 		.ascii	"JogVUnload\000"
 1867      556E6C6F 
 1867      616400
 1868              	.LASF70:
 1869 003b 436F6E66 		.ascii	"Config_UnloadTime\000"
 1869      69675F55 
 1869      6E6C6F61 
 1869      6454696D 
 1869      6500
 1870              	.LASF2:
 1871 004d 73686F72 		.ascii	"short int\000"
 1871      7420696E 
 1871      7400
 1872              	.LASF51:
 1873 0057 43757454 		.ascii	"CutTimeStatus\000"
 1873      696D6553 
 1873      74617475 
 1873      7300
ARM GAS  C:\Users\PANXIA~1\AppData\Local\Temp\ccVTi51O.s 			page 37


 1874              	.LASF21:
 1875 0065 73697A65 		.ascii	"sizetype\000"
 1875      74797065 
 1875      00
 1876              	.LASF37:
 1877 006e 56414C56 		.ascii	"VALVE_ACTION_ENUM\000"
 1877      455F4143 
 1877      54494F4E 
 1877      5F454E55 
 1877      4D00
 1878              	.LASF62:
 1879 0080 436F6E66 		.ascii	"Config_para\000"
 1879      69675F70 
 1879      61726100 
 1880              	.LASF108:
 1881 008c 6D61696E 		.ascii	"main\000"
 1881      00
 1882              	.LASF92:
 1883 0091 43414E5F 		.ascii	"CAN_message\000"
 1883      6D657373 
 1883      61676500 
 1884              	.LASF83:
 1885 009d 5450444F 		.ascii	"TPDO_PROCESS_Status\000"
 1885      5F50524F 
 1885      43455353 
 1885      5F537461 
 1885      74757300 
 1886              	.LASF57:
 1887 00b1 636F625F 		.ascii	"cob_id\000"
 1887      696400
 1888              	.LASF89:
 1889 00b8 4953525F 		.ascii	"ISR_Stroke_Timer_states\000"
 1889      5374726F 
 1889      6B655F54 
 1889      696D6572 
 1889      5F737461 
 1890              	.LASF16:
 1891 00d0 75696E74 		.ascii	"uint16\000"
 1891      313600
 1892              	.LASF107:
 1893 00d7 63616E53 		.ascii	"canSend\000"
 1893      656E6400 
 1894              	.LASF77:
 1895 00df 696E6465 		.ascii	"index\000"
 1895      7800
 1896              	.LASF80:
 1897 00e5 57726974 		.ascii	"Write_config\000"
 1897      655F636F 
 1897      6E666967 
 1897      00
 1898              	.LASF15:
 1899 00f2 75696E74 		.ascii	"uint8\000"
 1899      3800
 1900              	.LASF39:
 1901 00f8 5374726F 		.ascii	"StrokeStart\000"
 1901      6B655374 
 1901      61727400 
ARM GAS  C:\Users\PANXIA~1\AppData\Local\Temp\ccVTi51O.s 			page 38


 1902              	.LASF78:
 1903 0104 54784D65 		.ascii	"TxMessage\000"
 1903      73736167 
 1903      6500
 1904              	.LASF63:
 1905 010e 436F6E66 		.ascii	"Config_VFast\000"
 1905      69675F56 
 1905      46617374 
 1905      00
 1906              	.LASF25:
 1907 011b 56466173 		.ascii	"VFast\000"
 1907      7400
 1908              	.LASF93:
 1909 0121 496E6974 		.ascii	"Init_Stroke_Timer\000"
 1909      5F537472 
 1909      6F6B655F 
 1909      54696D65 
 1909      7200
 1910              	.LASF0:
 1911 0133 7369676E 		.ascii	"signed char\000"
 1911      65642063 
 1911      68617200 
 1912              	.LASF91:
 1913 013f 72656365 		.ascii	"receiveData\000"
 1913      69766544 
 1913      61746100 
 1914              	.LASF53:
 1915 014b 4D6F6465 		.ascii	"ModeRunFlag\000"
 1915      52756E46 
 1915      6C616700 
 1916              	.LASF64:
 1917 0157 436F6E66 		.ascii	"Config_VSlow\000"
 1917      69675F56 
 1917      536C6F77 
 1917      00
 1918              	.LASF75:
 1919 0164 43616E54 		.ascii	"CanTxMsg\000"
 1919      784D7367 
 1919      00
 1920              	.LASF26:
 1921 016d 56536C6F 		.ascii	"VSlow\000"
 1921      7700
 1922              	.LASF85:
 1923 0173 43757452 		.ascii	"CutReg\000"
 1923      656700
 1924              	.LASF9:
 1925 017a 6C6F6E67 		.ascii	"long long int\000"
 1925      206C6F6E 
 1925      6720696E 
 1925      7400
 1926              	.LASF65:
 1927 0188 436F6E66 		.ascii	"Config_VKeep\000"
 1927      69675F56 
 1927      4B656570 
 1927      00
 1928              	.LASF24:
 1929 0195 43414E5F 		.ascii	"CAN_1_TX_MSG\000"
ARM GAS  C:\Users\PANXIA~1\AppData\Local\Temp\ccVTi51O.s 			page 39


 1929      315F5458 
 1929      5F4D5347 
 1929      00
 1930              	.LASF27:
 1931 01a2 564B6565 		.ascii	"VKeep\000"
 1931      7000
 1932              	.LASF6:
 1933 01a8 6C6F6E67 		.ascii	"long int\000"
 1933      20696E74 
 1933      00
 1934              	.LASF30:
 1935 01b1 5653746F 		.ascii	"VStop\000"
 1935      7000
 1936              	.LASF102:
 1937 01b7 53746174 		.ascii	"Status_Reg_1_Read\000"
 1937      75735F52 
 1937      65675F31 
 1937      5F526561 
 1937      6400
 1938              	.LASF4:
 1939 01c9 5F5F7569 		.ascii	"__uint8_t\000"
 1939      6E74385F 
 1939      7400
 1940              	.LASF32:
 1941 01d3 4A6F6756 		.ascii	"JogVSlow\000"
 1941      536C6F77 
 1941      00
 1942              	.LASF68:
 1943 01dc 436F6E66 		.ascii	"Config_VStop\000"
 1943      69675F56 
 1943      53746F70 
 1943      00
 1944              	.LASF23:
 1945 01e9 62797465 		.ascii	"byte\000"
 1945      00
 1946              	.LASF46:
 1947 01ee 4B656570 		.ascii	"KeepTime\000"
 1947      54696D65 
 1947      00
 1948              	.LASF81:
 1949 01f7 4C43445F 		.ascii	"LCD_DISPLAY\000"
 1949      44495350 
 1949      4C415900 
 1950              	.LASF1:
 1951 0203 756E7369 		.ascii	"unsigned char\000"
 1951      676E6564 
 1951      20636861 
 1951      7200
 1952              	.LASF41:
 1953 0211 57616974 		.ascii	"WaitNoFoot\000"
 1953      4E6F466F 
 1953      6F7400
 1954              	.LASF44:
 1955 021c 43757474 		.ascii	"Cutting\000"
 1955      696E6700 
 1956              	.LASF76:
 1957 0224 6E6F7475 		.ascii	"notused\000"
ARM GAS  C:\Users\PANXIA~1\AppData\Local\Temp\ccVTi51O.s 			page 40


 1957      73656400 
 1958              	.LASF94:
 1959 022c 496E6974 		.ascii	"Init_TLC5616\000"
 1959      5F544C43 
 1959      35363136 
 1959      00
 1960              	.LASF29:
 1961 0239 56426163 		.ascii	"VBack\000"
 1961      6B00
 1962              	.LASF35:
 1963 023f 4A6F6756 		.ascii	"JogVBack\000"
 1963      4261636B 
 1963      00
 1964              	.LASF72:
 1965 0248 53746449 		.ascii	"StdId\000"
 1965      6400
 1966              	.LASF10:
 1967 024e 6C6F6E67 		.ascii	"long long unsigned int\000"
 1967      206C6F6E 
 1967      6720756E 
 1967      7369676E 
 1967      65642069 
 1968              	.LASF14:
 1969 0265 75696E74 		.ascii	"uint32_t\000"
 1969      33325F74 
 1969      00
 1970              	.LASF103:
 1971 026e 5374726F 		.ascii	"Stroke_Process\000"
 1971      6B655F50 
 1971      726F6365 
 1971      737300
 1972              	.LASF11:
 1973 027d 756E7369 		.ascii	"unsigned int\000"
 1973      676E6564 
 1973      20696E74 
 1973      00
 1974              	.LASF42:
 1975 028a 57616974 		.ascii	"WaitFoot\000"
 1975      466F6F74 
 1975      00
 1976              	.LASF96:
 1977 0293 43616E6F 		.ascii	"CanopenInit\000"
 1977      70656E49 
 1977      6E697400 
 1978              	.LASF49:
 1979 029f 41637469 		.ascii	"Action\000"
 1979      6F6E00
 1980              	.LASF8:
 1981 02a6 6C6F6E67 		.ascii	"long unsigned int\000"
 1981      20756E73 
 1981      69676E65 
 1981      6420696E 
 1981      7400
 1982              	.LASF86:
 1983 02b8 466F6F74 		.ascii	"FootStart_state\000"
 1983      53746172 
 1983      745F7374 
ARM GAS  C:\Users\PANXIA~1\AppData\Local\Temp\ccVTi51O.s 			page 41


 1983      61746500 
 1984              	.LASF99:
 1985 02c8 436F6E74 		.ascii	"Control_Reg_1_Write\000"
 1985      726F6C5F 
 1985      5265675F 
 1985      315F5772 
 1985      69746500 
 1986              	.LASF28:
 1987 02dc 56556E6C 		.ascii	"VUnload\000"
 1987      6F616400 
 1988              	.LASF60:
 1989 02e4 43414E5F 		.ascii	"CAN_PORT\000"
 1989      504F5254 
 1989      00
 1990              	.LASF98:
 1991 02ed 436F6E74 		.ascii	"Control_LED_Write\000"
 1991      726F6C5F 
 1991      4C45445F 
 1991      57726974 
 1991      6500
 1992              	.LASF20:
 1993 02ff 63686172 		.ascii	"char\000"
 1993      00
 1994              	.LASF104:
 1995 0304 474E5520 		.ascii	"GNU C 4.9.3 20150303 (release) [ARM/embedded-4_9-br"
 1995      4320342E 
 1995      392E3320 
 1995      32303135 
 1995      30333033 
 1996 0337 616E6368 		.ascii	"anch revision 221220] -mcpu=cortex-m3 -mthumb -g -O"
 1996      20726576 
 1996      6973696F 
 1996      6E203232 
 1996      31323230 
 1997 036a 67202D66 		.ascii	"g -ffunction-sections -ffat-lto-objects\000"
 1997      66756E63 
 1997      74696F6E 
 1997      2D736563 
 1997      74696F6E 
 1998              	.LASF48:
 1999 0392 56415469 		.ascii	"VATime\000"
 1999      6D6500
 2000              	.LASF13:
 2001 0399 696E7433 		.ascii	"int32_t\000"
 2001      325F7400 
 2002              	.LASF3:
 2003 03a1 73686F72 		.ascii	"short unsigned int\000"
 2003      7420756E 
 2003      7369676E 
 2003      65642069 
 2003      6E7400
 2004              	.LASF52:
 2005 03b4 56657273 		.ascii	"Version\000"
 2005      696F6E00 
 2006              	.LASF100:
 2007 03bc 544C4335 		.ascii	"TLC5616_Write\000"
 2007      3631365F 
ARM GAS  C:\Users\PANXIA~1\AppData\Local\Temp\ccVTi51O.s 			page 42


 2007      57726974 
 2007      6500
 2008              	.LASF47:
 2009 03ca 556E6C6F 		.ascii	"UnloadTime\000"
 2009      61645469 
 2009      6D6500
 2010              	.LASF50:
 2011 03d5 43757453 		.ascii	"CutStatus\000"
 2011      74617475 
 2011      7300
 2012              	.LASF58:
 2013 03df 64617461 		.ascii	"data\000"
 2013      00
 2014              	.LASF43:
 2015 03e4 43757453 		.ascii	"CutStart\000"
 2015      74617274 
 2015      00
 2016              	.LASF45:
 2017 03ed 4A756467 		.ascii	"JudgMode\000"
 2017      4D6F6465 
 2017      00
 2018              	.LASF79:
 2019 03f6 7074785F 		.ascii	"ptx_msg\000"
 2019      6D736700 
 2020              	.LASF17:
 2021 03fe 75696E74 		.ascii	"uint32\000"
 2021      333200
 2022              	.LASF61:
 2023 0405 43555450 		.ascii	"CUTPARA\000"
 2023      41524100 
 2024              	.LASF55:
 2025 040d 53546F44 		.ascii	"SToDotFlag\000"
 2025      6F74466C 
 2025      616700
 2026              	.LASF40:
 2027 0418 4A4F474D 		.ascii	"JOGMODE\000"
 2027      4F444500 
 2028              	.LASF19:
 2029 0420 646F7562 		.ascii	"double\000"
 2029      6C6500
 2030              	.LASF74:
 2031 0427 44617461 		.ascii	"Data\000"
 2031      00
 2032              	.LASF82:
 2033 042c 49544D5F 		.ascii	"ITM_RxBuffer\000"
 2033      52784275 
 2033      66666572 
 2033      00
 2034              	.LASF7:
 2035 0439 5F5F7569 		.ascii	"__uint32_t\000"
 2035      6E743332 
 2035      5F7400
 2036              	.LASF71:
 2037 0444 6973436F 		.ascii	"isConfig_para_state\000"
 2037      6E666967 
 2037      5F706172 
 2037      615F7374 
ARM GAS  C:\Users\PANXIA~1\AppData\Local\Temp\ccVTi51O.s 			page 43


 2037      61746500 
 2038              	.LASF73:
 2039 0458 45787449 		.ascii	"ExtId\000"
 2039      6400
 2040              	.LASF87:
 2041 045e 53797374 		.ascii	"System_enable\000"
 2041      656D5F65 
 2041      6E61626C 
 2041      6500
 2042              	.LASF105:
 2043 046c 2E5C6D61 		.ascii	".\\main.c\000"
 2043      696E2E63 
 2043      00
 2044              	.LASF5:
 2045 0475 5F5F696E 		.ascii	"__int32_t\000"
 2045      7433325F 
 2045      7400
 2046              	.LASF12:
 2047 047f 75696E74 		.ascii	"uint8_t\000"
 2047      385F7400 
 2048              	.LASF31:
 2049 0487 4A6F6756 		.ascii	"JogVFast\000"
 2049      46617374 
 2049      00
 2050              	.LASF88:
 2051 0490 636F6E66 		.ascii	"config_para\000"
 2051      69675F70 
 2051      61726100 
 2052              	.LASF22:
 2053 049c 43414E5F 		.ascii	"CAN_1_DATA_BYTES_MSG\000"
 2053      315F4441 
 2053      54415F42 
 2053      59544553 
 2053      5F4D5347 
 2054              	.LASF106:
 2055 04b1 443A5C47 		.ascii	"D:\\GIT\\A20_CANfestival\\posoc\\Design01.cydsn\000"
 2055      49545C41 
 2055      32305F43 
 2055      414E6665 
 2055      73746976 
 2056              	.LASF59:
 2057 04dd 4D657373 		.ascii	"Message\000"
 2057      61676500 
 2058              	.LASF67:
 2059 04e5 436F6E66 		.ascii	"Config_VBack\000"
 2059      69675F56 
 2059      4261636B 
 2059      00
 2060              	.LASF33:
 2061 04f2 4A6F6756 		.ascii	"JogVKeep\000"
 2061      4B656570 
 2061      00
 2062              	.LASF97:
 2063 04fb 43794465 		.ascii	"CyDelay\000"
 2063      6C617900 
 2064              	.LASF36:
 2065 0503 4A6F6756 		.ascii	"JogVStop\000"
ARM GAS  C:\Users\PANXIA~1\AppData\Local\Temp\ccVTi51O.s 			page 44


 2065      53746F70 
 2065      00
 2066              	.LASF56:
 2067 050c 4F6E6557 		.ascii	"OneWorkFinshState\000"
 2067      6F726B46 
 2067      696E7368 
 2067      53746174 
 2067      6500
 2068              	.LASF69:
 2069 051e 436F6E66 		.ascii	"Config_KeepTime\000"
 2069      69675F4B 
 2069      65657054 
 2069      696D6500 
 2070              	.LASF66:
 2071 052e 436F6E66 		.ascii	"Config_VUnload\000"
 2071      69675F56 
 2071      556E6C6F 
 2071      616400
 2072              	.LASF109:
 2073 053d 43414E5F 		.ascii	"CAN_1_SendMsg\000"
 2073      315F5365 
 2073      6E644D73 
 2073      6700
 2074              	.LASF90:
 2075 054b 6B65795F 		.ascii	"key_count\000"
 2075      636F756E 
 2075      7400
 2076              	.LASF95:
 2077 0555 4C43445F 		.ascii	"LCD_Char_1_Init\000"
 2077      43686172 
 2077      5F315F49 
 2077      6E697400 
 2078              	.LASF54:
 2079 0565 56616C76 		.ascii	"ValveNum\000"
 2079      654E756D 
 2079      00
 2080              		.ident	"GCC: (GNU Tools for ARM Embedded Processors) 4.9.3 20150303 (release) [ARM/embedded-4_9-br
