ARM GAS  C:\Users\PANXIA~1\AppData\Local\Temp\cclnmT55.s 			page 1


   1              		.syntax unified
   2              		.cpu cortex-m3
   3              		.fpu softvfp
   4              		.eabi_attribute 20, 1
   5              		.eabi_attribute 21, 1
   6              		.eabi_attribute 23, 3
   7              		.eabi_attribute 24, 1
   8              		.eabi_attribute 25, 1
   9              		.eabi_attribute 26, 1
  10              		.eabi_attribute 30, 1
  11              		.eabi_attribute 34, 1
  12              		.eabi_attribute 18, 4
  13              		.thumb
  14              		.file	"RX_ISR.c"
  15              		.text
  16              	.Ltext0:
  17              		.cfi_sections	.debug_frame
  18              		.section	.text.RX_ISR_SetVector,"ax",%progbits
  19              		.align	2
  20              		.global	RX_ISR_SetVector
  21              		.thumb
  22              		.thumb_func
  23              		.type	RX_ISR_SetVector, %function
  24              	RX_ISR_SetVector:
  25              	.LFB67:
  26              		.file 1 ".\\Generated_Source\\PSoC5\\RX_ISR.c"
   1:.\Generated_Source\PSoC5/RX_ISR.c **** /*******************************************************************************
   2:.\Generated_Source\PSoC5/RX_ISR.c **** * File Name: RX_ISR.c  
   3:.\Generated_Source\PSoC5/RX_ISR.c **** * Version 1.70
   4:.\Generated_Source\PSoC5/RX_ISR.c **** *
   5:.\Generated_Source\PSoC5/RX_ISR.c **** *  Description:
   6:.\Generated_Source\PSoC5/RX_ISR.c **** *   API for controlling the state of an interrupt.
   7:.\Generated_Source\PSoC5/RX_ISR.c **** *
   8:.\Generated_Source\PSoC5/RX_ISR.c **** *
   9:.\Generated_Source\PSoC5/RX_ISR.c **** *  Note:
  10:.\Generated_Source\PSoC5/RX_ISR.c **** *
  11:.\Generated_Source\PSoC5/RX_ISR.c **** ********************************************************************************
  12:.\Generated_Source\PSoC5/RX_ISR.c **** * Copyright 2008-2015, Cypress Semiconductor Corporation.  All rights reserved.
  13:.\Generated_Source\PSoC5/RX_ISR.c **** * You may use this file only in accordance with the license, terms, conditions, 
  14:.\Generated_Source\PSoC5/RX_ISR.c **** * disclaimers, and limitations in the end user license agreement accompanying 
  15:.\Generated_Source\PSoC5/RX_ISR.c **** * the software package with which this file was provided.
  16:.\Generated_Source\PSoC5/RX_ISR.c **** *******************************************************************************/
  17:.\Generated_Source\PSoC5/RX_ISR.c **** 
  18:.\Generated_Source\PSoC5/RX_ISR.c **** 
  19:.\Generated_Source\PSoC5/RX_ISR.c **** #include <cydevice_trm.h>
  20:.\Generated_Source\PSoC5/RX_ISR.c **** #include <CyLib.h>
  21:.\Generated_Source\PSoC5/RX_ISR.c **** #include <RX_ISR.h>
  22:.\Generated_Source\PSoC5/RX_ISR.c **** #include "cyapicallbacks.h"
  23:.\Generated_Source\PSoC5/RX_ISR.c **** 
  24:.\Generated_Source\PSoC5/RX_ISR.c **** #if !defined(RX_ISR__REMOVED) /* Check for removal by optimization */
  25:.\Generated_Source\PSoC5/RX_ISR.c **** 
  26:.\Generated_Source\PSoC5/RX_ISR.c **** /*******************************************************************************
  27:.\Generated_Source\PSoC5/RX_ISR.c **** *  Place your includes, defines and code here 
  28:.\Generated_Source\PSoC5/RX_ISR.c **** ********************************************************************************/
  29:.\Generated_Source\PSoC5/RX_ISR.c **** /* `#START RX_ISR_intc` */
  30:.\Generated_Source\PSoC5/RX_ISR.c **** #include <project.h>
  31:.\Generated_Source\PSoC5/RX_ISR.c **** /* `#END` */
ARM GAS  C:\Users\PANXIA~1\AppData\Local\Temp\cclnmT55.s 			page 2


  32:.\Generated_Source\PSoC5/RX_ISR.c **** 
  33:.\Generated_Source\PSoC5/RX_ISR.c **** #ifndef CYINT_IRQ_BASE
  34:.\Generated_Source\PSoC5/RX_ISR.c **** #define CYINT_IRQ_BASE      16
  35:.\Generated_Source\PSoC5/RX_ISR.c **** #endif /* CYINT_IRQ_BASE */
  36:.\Generated_Source\PSoC5/RX_ISR.c **** #ifndef CYINT_VECT_TABLE
  37:.\Generated_Source\PSoC5/RX_ISR.c **** #define CYINT_VECT_TABLE    ((cyisraddress **) CYREG_NVIC_VECT_OFFSET)
  38:.\Generated_Source\PSoC5/RX_ISR.c **** #endif /* CYINT_VECT_TABLE */
  39:.\Generated_Source\PSoC5/RX_ISR.c **** 
  40:.\Generated_Source\PSoC5/RX_ISR.c **** /* Declared in startup, used to set unused interrupts to. */
  41:.\Generated_Source\PSoC5/RX_ISR.c **** CY_ISR_PROTO(IntDefaultHandler);
  42:.\Generated_Source\PSoC5/RX_ISR.c **** 
  43:.\Generated_Source\PSoC5/RX_ISR.c **** 
  44:.\Generated_Source\PSoC5/RX_ISR.c **** /*******************************************************************************
  45:.\Generated_Source\PSoC5/RX_ISR.c **** * Function Name: RX_ISR_Start
  46:.\Generated_Source\PSoC5/RX_ISR.c **** ********************************************************************************
  47:.\Generated_Source\PSoC5/RX_ISR.c **** *
  48:.\Generated_Source\PSoC5/RX_ISR.c **** * Summary:
  49:.\Generated_Source\PSoC5/RX_ISR.c **** *  Set up the interrupt and enable it. This function disables the interrupt, 
  50:.\Generated_Source\PSoC5/RX_ISR.c **** *  sets the default interrupt vector, sets the priority from the value in the
  51:.\Generated_Source\PSoC5/RX_ISR.c **** *  Design Wide Resources Interrupt Editor, then enables the interrupt to the 
  52:.\Generated_Source\PSoC5/RX_ISR.c **** *  interrupt controller.
  53:.\Generated_Source\PSoC5/RX_ISR.c **** *
  54:.\Generated_Source\PSoC5/RX_ISR.c **** * Parameters:  
  55:.\Generated_Source\PSoC5/RX_ISR.c **** *   None
  56:.\Generated_Source\PSoC5/RX_ISR.c **** *
  57:.\Generated_Source\PSoC5/RX_ISR.c **** * Return:
  58:.\Generated_Source\PSoC5/RX_ISR.c **** *   None
  59:.\Generated_Source\PSoC5/RX_ISR.c **** *
  60:.\Generated_Source\PSoC5/RX_ISR.c **** *******************************************************************************/
  61:.\Generated_Source\PSoC5/RX_ISR.c **** void RX_ISR_Start(void)
  62:.\Generated_Source\PSoC5/RX_ISR.c **** {
  63:.\Generated_Source\PSoC5/RX_ISR.c ****     /* For all we know the interrupt is active. */
  64:.\Generated_Source\PSoC5/RX_ISR.c ****     RX_ISR_Disable();
  65:.\Generated_Source\PSoC5/RX_ISR.c **** 
  66:.\Generated_Source\PSoC5/RX_ISR.c ****     /* Set the ISR to point to the RX_ISR Interrupt. */
  67:.\Generated_Source\PSoC5/RX_ISR.c ****     RX_ISR_SetVector(&RX_ISR_Interrupt);
  68:.\Generated_Source\PSoC5/RX_ISR.c **** 
  69:.\Generated_Source\PSoC5/RX_ISR.c ****     /* Set the priority. */
  70:.\Generated_Source\PSoC5/RX_ISR.c ****     RX_ISR_SetPriority((uint8)RX_ISR_INTC_PRIOR_NUMBER);
  71:.\Generated_Source\PSoC5/RX_ISR.c **** 
  72:.\Generated_Source\PSoC5/RX_ISR.c ****     /* Enable it. */
  73:.\Generated_Source\PSoC5/RX_ISR.c ****     RX_ISR_Enable();
  74:.\Generated_Source\PSoC5/RX_ISR.c **** }
  75:.\Generated_Source\PSoC5/RX_ISR.c **** 
  76:.\Generated_Source\PSoC5/RX_ISR.c **** 
  77:.\Generated_Source\PSoC5/RX_ISR.c **** /*******************************************************************************
  78:.\Generated_Source\PSoC5/RX_ISR.c **** * Function Name: RX_ISR_StartEx
  79:.\Generated_Source\PSoC5/RX_ISR.c **** ********************************************************************************
  80:.\Generated_Source\PSoC5/RX_ISR.c **** *
  81:.\Generated_Source\PSoC5/RX_ISR.c **** * Summary:
  82:.\Generated_Source\PSoC5/RX_ISR.c **** *  Sets up the interrupt and enables it. This function disables the interrupt,
  83:.\Generated_Source\PSoC5/RX_ISR.c **** *  sets the interrupt vector based on the address passed in, sets the priority 
  84:.\Generated_Source\PSoC5/RX_ISR.c **** *  from the value in the Design Wide Resources Interrupt Editor, then enables 
  85:.\Generated_Source\PSoC5/RX_ISR.c **** *  the interrupt to the interrupt controller.
  86:.\Generated_Source\PSoC5/RX_ISR.c **** *  
  87:.\Generated_Source\PSoC5/RX_ISR.c **** *  When defining ISR functions, the CY_ISR and CY_ISR_PROTO macros should be 
  88:.\Generated_Source\PSoC5/RX_ISR.c **** *  used to provide consistent definition across compilers:
ARM GAS  C:\Users\PANXIA~1\AppData\Local\Temp\cclnmT55.s 			page 3


  89:.\Generated_Source\PSoC5/RX_ISR.c **** *  
  90:.\Generated_Source\PSoC5/RX_ISR.c **** *  Function definition example:
  91:.\Generated_Source\PSoC5/RX_ISR.c **** *   CY_ISR(MyISR)
  92:.\Generated_Source\PSoC5/RX_ISR.c **** *   {
  93:.\Generated_Source\PSoC5/RX_ISR.c **** *   }
  94:.\Generated_Source\PSoC5/RX_ISR.c **** *   Function prototype example:
  95:.\Generated_Source\PSoC5/RX_ISR.c **** *   CY_ISR_PROTO(MyISR);
  96:.\Generated_Source\PSoC5/RX_ISR.c **** *
  97:.\Generated_Source\PSoC5/RX_ISR.c **** * Parameters:  
  98:.\Generated_Source\PSoC5/RX_ISR.c **** *   address: Address of the ISR to set in the interrupt vector table.
  99:.\Generated_Source\PSoC5/RX_ISR.c **** *
 100:.\Generated_Source\PSoC5/RX_ISR.c **** * Return:
 101:.\Generated_Source\PSoC5/RX_ISR.c **** *   None
 102:.\Generated_Source\PSoC5/RX_ISR.c **** *
 103:.\Generated_Source\PSoC5/RX_ISR.c **** *******************************************************************************/
 104:.\Generated_Source\PSoC5/RX_ISR.c **** void RX_ISR_StartEx(cyisraddress address)
 105:.\Generated_Source\PSoC5/RX_ISR.c **** {
 106:.\Generated_Source\PSoC5/RX_ISR.c ****     /* For all we know the interrupt is active. */
 107:.\Generated_Source\PSoC5/RX_ISR.c ****     RX_ISR_Disable();
 108:.\Generated_Source\PSoC5/RX_ISR.c **** 
 109:.\Generated_Source\PSoC5/RX_ISR.c ****     /* Set the ISR to point to the RX_ISR Interrupt. */
 110:.\Generated_Source\PSoC5/RX_ISR.c ****     RX_ISR_SetVector(address);
 111:.\Generated_Source\PSoC5/RX_ISR.c **** 
 112:.\Generated_Source\PSoC5/RX_ISR.c ****     /* Set the priority. */
 113:.\Generated_Source\PSoC5/RX_ISR.c ****     RX_ISR_SetPriority((uint8)RX_ISR_INTC_PRIOR_NUMBER);
 114:.\Generated_Source\PSoC5/RX_ISR.c **** 
 115:.\Generated_Source\PSoC5/RX_ISR.c ****     /* Enable it. */
 116:.\Generated_Source\PSoC5/RX_ISR.c ****     RX_ISR_Enable();
 117:.\Generated_Source\PSoC5/RX_ISR.c **** }
 118:.\Generated_Source\PSoC5/RX_ISR.c **** 
 119:.\Generated_Source\PSoC5/RX_ISR.c **** 
 120:.\Generated_Source\PSoC5/RX_ISR.c **** /*******************************************************************************
 121:.\Generated_Source\PSoC5/RX_ISR.c **** * Function Name: RX_ISR_Stop
 122:.\Generated_Source\PSoC5/RX_ISR.c **** ********************************************************************************
 123:.\Generated_Source\PSoC5/RX_ISR.c **** *
 124:.\Generated_Source\PSoC5/RX_ISR.c **** * Summary:
 125:.\Generated_Source\PSoC5/RX_ISR.c **** *   Disables and removes the interrupt.
 126:.\Generated_Source\PSoC5/RX_ISR.c **** *
 127:.\Generated_Source\PSoC5/RX_ISR.c **** * Parameters:  
 128:.\Generated_Source\PSoC5/RX_ISR.c **** *   None
 129:.\Generated_Source\PSoC5/RX_ISR.c **** *
 130:.\Generated_Source\PSoC5/RX_ISR.c **** * Return:
 131:.\Generated_Source\PSoC5/RX_ISR.c **** *   None
 132:.\Generated_Source\PSoC5/RX_ISR.c **** *
 133:.\Generated_Source\PSoC5/RX_ISR.c **** *******************************************************************************/
 134:.\Generated_Source\PSoC5/RX_ISR.c **** void RX_ISR_Stop(void)
 135:.\Generated_Source\PSoC5/RX_ISR.c **** {
 136:.\Generated_Source\PSoC5/RX_ISR.c ****     /* Disable this interrupt. */
 137:.\Generated_Source\PSoC5/RX_ISR.c ****     RX_ISR_Disable();
 138:.\Generated_Source\PSoC5/RX_ISR.c **** 
 139:.\Generated_Source\PSoC5/RX_ISR.c ****     /* Set the ISR to point to the passive one. */
 140:.\Generated_Source\PSoC5/RX_ISR.c ****     RX_ISR_SetVector(&IntDefaultHandler);
 141:.\Generated_Source\PSoC5/RX_ISR.c **** }
 142:.\Generated_Source\PSoC5/RX_ISR.c **** 
 143:.\Generated_Source\PSoC5/RX_ISR.c **** 
 144:.\Generated_Source\PSoC5/RX_ISR.c **** /*******************************************************************************
 145:.\Generated_Source\PSoC5/RX_ISR.c **** * Function Name: RX_ISR_Interrupt
ARM GAS  C:\Users\PANXIA~1\AppData\Local\Temp\cclnmT55.s 			page 4


 146:.\Generated_Source\PSoC5/RX_ISR.c **** ********************************************************************************
 147:.\Generated_Source\PSoC5/RX_ISR.c **** *
 148:.\Generated_Source\PSoC5/RX_ISR.c **** * Summary:
 149:.\Generated_Source\PSoC5/RX_ISR.c **** *   The default Interrupt Service Routine for RX_ISR.
 150:.\Generated_Source\PSoC5/RX_ISR.c **** *
 151:.\Generated_Source\PSoC5/RX_ISR.c **** *   Add custom code between the coments to keep the next version of this file
 152:.\Generated_Source\PSoC5/RX_ISR.c **** *   from over writting your code.
 153:.\Generated_Source\PSoC5/RX_ISR.c **** *
 154:.\Generated_Source\PSoC5/RX_ISR.c **** * Parameters:  
 155:.\Generated_Source\PSoC5/RX_ISR.c **** *
 156:.\Generated_Source\PSoC5/RX_ISR.c **** * Return:
 157:.\Generated_Source\PSoC5/RX_ISR.c **** *   None
 158:.\Generated_Source\PSoC5/RX_ISR.c **** *
 159:.\Generated_Source\PSoC5/RX_ISR.c **** *******************************************************************************/
 160:.\Generated_Source\PSoC5/RX_ISR.c **** CY_ISR(RX_ISR_Interrupt)
 161:.\Generated_Source\PSoC5/RX_ISR.c **** {
 162:.\Generated_Source\PSoC5/RX_ISR.c ****     #ifdef RX_ISR_INTERRUPT_INTERRUPT_CALLBACK
 163:.\Generated_Source\PSoC5/RX_ISR.c ****         RX_ISR_Interrupt_InterruptCallback();
 164:.\Generated_Source\PSoC5/RX_ISR.c ****     #endif /* RX_ISR_INTERRUPT_INTERRUPT_CALLBACK */ 
 165:.\Generated_Source\PSoC5/RX_ISR.c **** 
 166:.\Generated_Source\PSoC5/RX_ISR.c ****     /*  Place your Interrupt code here. */
 167:.\Generated_Source\PSoC5/RX_ISR.c ****     /* `#START RX_ISR_Interrupt` */
 168:.\Generated_Source\PSoC5/RX_ISR.c ****     uint8 ch[20]={0};
 169:.\Generated_Source\PSoC5/RX_ISR.c ****     uint8 i;
 170:.\Generated_Source\PSoC5/RX_ISR.c ****         if(UART_1_GetRxBufferSize()>0 && UART_1_GetRxBufferSize()<=sizeof(ch))
 171:.\Generated_Source\PSoC5/RX_ISR.c ****         {
 172:.\Generated_Source\PSoC5/RX_ISR.c ****             for(i=0;i<UART_1_GetRxBufferSize();i++)
 173:.\Generated_Source\PSoC5/RX_ISR.c ****             {
 174:.\Generated_Source\PSoC5/RX_ISR.c ****                 ch[i]=UART_1_ReadRxData();
 175:.\Generated_Source\PSoC5/RX_ISR.c ****             }
 176:.\Generated_Source\PSoC5/RX_ISR.c ****         }
 177:.\Generated_Source\PSoC5/RX_ISR.c ****     UART_1_PutArray(ch,sizeof(UART_1_GetRxBufferSize()));
 178:.\Generated_Source\PSoC5/RX_ISR.c ****     
 179:.\Generated_Source\PSoC5/RX_ISR.c ****     UART_1_ClearRxBuffer();
 180:.\Generated_Source\PSoC5/RX_ISR.c ****     
 181:.\Generated_Source\PSoC5/RX_ISR.c ****     RX_ISR_ClearPending();
 182:.\Generated_Source\PSoC5/RX_ISR.c ****     /* `#END` */
 183:.\Generated_Source\PSoC5/RX_ISR.c **** }
 184:.\Generated_Source\PSoC5/RX_ISR.c **** 
 185:.\Generated_Source\PSoC5/RX_ISR.c **** 
 186:.\Generated_Source\PSoC5/RX_ISR.c **** /*******************************************************************************
 187:.\Generated_Source\PSoC5/RX_ISR.c **** * Function Name: RX_ISR_SetVector
 188:.\Generated_Source\PSoC5/RX_ISR.c **** ********************************************************************************
 189:.\Generated_Source\PSoC5/RX_ISR.c **** *
 190:.\Generated_Source\PSoC5/RX_ISR.c **** * Summary:
 191:.\Generated_Source\PSoC5/RX_ISR.c **** *   Change the ISR vector for the Interrupt. Note calling RX_ISR_Start
 192:.\Generated_Source\PSoC5/RX_ISR.c **** *   will override any effect this method would have had. To set the vector 
 193:.\Generated_Source\PSoC5/RX_ISR.c **** *   before the component has been started use RX_ISR_StartEx instead.
 194:.\Generated_Source\PSoC5/RX_ISR.c **** * 
 195:.\Generated_Source\PSoC5/RX_ISR.c **** *   When defining ISR functions, the CY_ISR and CY_ISR_PROTO macros should be 
 196:.\Generated_Source\PSoC5/RX_ISR.c **** *   used to provide consistent definition across compilers:
 197:.\Generated_Source\PSoC5/RX_ISR.c **** *
 198:.\Generated_Source\PSoC5/RX_ISR.c **** *   Function definition example:
 199:.\Generated_Source\PSoC5/RX_ISR.c **** *   CY_ISR(MyISR)
 200:.\Generated_Source\PSoC5/RX_ISR.c **** *   {
 201:.\Generated_Source\PSoC5/RX_ISR.c **** *   }
 202:.\Generated_Source\PSoC5/RX_ISR.c **** *
ARM GAS  C:\Users\PANXIA~1\AppData\Local\Temp\cclnmT55.s 			page 5


 203:.\Generated_Source\PSoC5/RX_ISR.c **** *   Function prototype example:
 204:.\Generated_Source\PSoC5/RX_ISR.c **** *     CY_ISR_PROTO(MyISR);
 205:.\Generated_Source\PSoC5/RX_ISR.c **** *
 206:.\Generated_Source\PSoC5/RX_ISR.c **** * Parameters:
 207:.\Generated_Source\PSoC5/RX_ISR.c **** *   address: Address of the ISR to set in the interrupt vector table.
 208:.\Generated_Source\PSoC5/RX_ISR.c **** *
 209:.\Generated_Source\PSoC5/RX_ISR.c **** * Return:
 210:.\Generated_Source\PSoC5/RX_ISR.c **** *   None
 211:.\Generated_Source\PSoC5/RX_ISR.c **** *
 212:.\Generated_Source\PSoC5/RX_ISR.c **** *******************************************************************************/
 213:.\Generated_Source\PSoC5/RX_ISR.c **** void RX_ISR_SetVector(cyisraddress address)
 214:.\Generated_Source\PSoC5/RX_ISR.c **** {
  27              		.loc 1 214 0
  28              		.cfi_startproc
  29              		@ args = 0, pretend = 0, frame = 0
  30              		@ frame_needed = 0, uses_anonymous_args = 0
  31              		@ link register save eliminated.
  32              	.LVL0:
 215:.\Generated_Source\PSoC5/RX_ISR.c ****     cyisraddress * ramVectorTable;
 216:.\Generated_Source\PSoC5/RX_ISR.c **** 
 217:.\Generated_Source\PSoC5/RX_ISR.c ****     ramVectorTable = (cyisraddress *) *CYINT_VECT_TABLE;
  33              		.loc 1 217 0
  34 0000 014B     		ldr	r3, .L2
  35 0002 1B68     		ldr	r3, [r3]
  36              	.LVL1:
 218:.\Generated_Source\PSoC5/RX_ISR.c **** 
 219:.\Generated_Source\PSoC5/RX_ISR.c ****     ramVectorTable[CYINT_IRQ_BASE + (uint32)RX_ISR__INTC_NUMBER] = address;
  37              		.loc 1 219 0
  38 0004 5864     		str	r0, [r3, #68]
  39 0006 7047     		bx	lr
  40              	.L3:
  41              		.align	2
  42              	.L2:
  43 0008 08ED00E0 		.word	-536810232
  44              		.cfi_endproc
  45              	.LFE67:
  46              		.size	RX_ISR_SetVector, .-RX_ISR_SetVector
  47              		.section	.text.RX_ISR_GetVector,"ax",%progbits
  48              		.align	2
  49              		.global	RX_ISR_GetVector
  50              		.thumb
  51              		.thumb_func
  52              		.type	RX_ISR_GetVector, %function
  53              	RX_ISR_GetVector:
  54              	.LFB68:
 220:.\Generated_Source\PSoC5/RX_ISR.c **** }
 221:.\Generated_Source\PSoC5/RX_ISR.c **** 
 222:.\Generated_Source\PSoC5/RX_ISR.c **** 
 223:.\Generated_Source\PSoC5/RX_ISR.c **** /*******************************************************************************
 224:.\Generated_Source\PSoC5/RX_ISR.c **** * Function Name: RX_ISR_GetVector
 225:.\Generated_Source\PSoC5/RX_ISR.c **** ********************************************************************************
 226:.\Generated_Source\PSoC5/RX_ISR.c **** *
 227:.\Generated_Source\PSoC5/RX_ISR.c **** * Summary:
 228:.\Generated_Source\PSoC5/RX_ISR.c **** *   Gets the "address" of the current ISR vector for the Interrupt.
 229:.\Generated_Source\PSoC5/RX_ISR.c **** *
 230:.\Generated_Source\PSoC5/RX_ISR.c **** * Parameters:
 231:.\Generated_Source\PSoC5/RX_ISR.c **** *   None
ARM GAS  C:\Users\PANXIA~1\AppData\Local\Temp\cclnmT55.s 			page 6


 232:.\Generated_Source\PSoC5/RX_ISR.c **** *
 233:.\Generated_Source\PSoC5/RX_ISR.c **** * Return:
 234:.\Generated_Source\PSoC5/RX_ISR.c **** *   Address of the ISR in the interrupt vector table.
 235:.\Generated_Source\PSoC5/RX_ISR.c **** *
 236:.\Generated_Source\PSoC5/RX_ISR.c **** *******************************************************************************/
 237:.\Generated_Source\PSoC5/RX_ISR.c **** cyisraddress RX_ISR_GetVector(void)
 238:.\Generated_Source\PSoC5/RX_ISR.c **** {
  55              		.loc 1 238 0
  56              		.cfi_startproc
  57              		@ args = 0, pretend = 0, frame = 0
  58              		@ frame_needed = 0, uses_anonymous_args = 0
  59              		@ link register save eliminated.
 239:.\Generated_Source\PSoC5/RX_ISR.c ****     cyisraddress * ramVectorTable;
 240:.\Generated_Source\PSoC5/RX_ISR.c **** 
 241:.\Generated_Source\PSoC5/RX_ISR.c ****     ramVectorTable = (cyisraddress *) *CYINT_VECT_TABLE;
  60              		.loc 1 241 0
  61 0000 014B     		ldr	r3, .L5
  62 0002 1B68     		ldr	r3, [r3]
  63              	.LVL2:
 242:.\Generated_Source\PSoC5/RX_ISR.c **** 
 243:.\Generated_Source\PSoC5/RX_ISR.c ****     return ramVectorTable[CYINT_IRQ_BASE + (uint32)RX_ISR__INTC_NUMBER];
 244:.\Generated_Source\PSoC5/RX_ISR.c **** }
  64              		.loc 1 244 0
  65 0004 586C     		ldr	r0, [r3, #68]
  66 0006 7047     		bx	lr
  67              	.L6:
  68              		.align	2
  69              	.L5:
  70 0008 08ED00E0 		.word	-536810232
  71              		.cfi_endproc
  72              	.LFE68:
  73              		.size	RX_ISR_GetVector, .-RX_ISR_GetVector
  74              		.section	.text.RX_ISR_SetPriority,"ax",%progbits
  75              		.align	2
  76              		.global	RX_ISR_SetPriority
  77              		.thumb
  78              		.thumb_func
  79              		.type	RX_ISR_SetPriority, %function
  80              	RX_ISR_SetPriority:
  81              	.LFB69:
 245:.\Generated_Source\PSoC5/RX_ISR.c **** 
 246:.\Generated_Source\PSoC5/RX_ISR.c **** 
 247:.\Generated_Source\PSoC5/RX_ISR.c **** /*******************************************************************************
 248:.\Generated_Source\PSoC5/RX_ISR.c **** * Function Name: RX_ISR_SetPriority
 249:.\Generated_Source\PSoC5/RX_ISR.c **** ********************************************************************************
 250:.\Generated_Source\PSoC5/RX_ISR.c **** *
 251:.\Generated_Source\PSoC5/RX_ISR.c **** * Summary:
 252:.\Generated_Source\PSoC5/RX_ISR.c **** *   Sets the Priority of the Interrupt. 
 253:.\Generated_Source\PSoC5/RX_ISR.c **** *
 254:.\Generated_Source\PSoC5/RX_ISR.c **** *   Note calling RX_ISR_Start or RX_ISR_StartEx will 
 255:.\Generated_Source\PSoC5/RX_ISR.c **** *   override any effect this API would have had. This API should only be called
 256:.\Generated_Source\PSoC5/RX_ISR.c **** *   after RX_ISR_Start or RX_ISR_StartEx has been called. 
 257:.\Generated_Source\PSoC5/RX_ISR.c **** *   To set the initial priority for the component, use the Design-Wide Resources
 258:.\Generated_Source\PSoC5/RX_ISR.c **** *   Interrupt Editor.
 259:.\Generated_Source\PSoC5/RX_ISR.c **** *
 260:.\Generated_Source\PSoC5/RX_ISR.c **** *   Note This API has no effect on Non-maskable interrupt NMI).
 261:.\Generated_Source\PSoC5/RX_ISR.c **** *
ARM GAS  C:\Users\PANXIA~1\AppData\Local\Temp\cclnmT55.s 			page 7


 262:.\Generated_Source\PSoC5/RX_ISR.c **** * Parameters:
 263:.\Generated_Source\PSoC5/RX_ISR.c **** *   priority: Priority of the interrupt, 0 being the highest priority
 264:.\Generated_Source\PSoC5/RX_ISR.c **** *             PSoC 3 and PSoC 5LP: Priority is from 0 to 7.
 265:.\Generated_Source\PSoC5/RX_ISR.c **** *             PSoC 4: Priority is from 0 to 3.
 266:.\Generated_Source\PSoC5/RX_ISR.c **** *
 267:.\Generated_Source\PSoC5/RX_ISR.c **** * Return:
 268:.\Generated_Source\PSoC5/RX_ISR.c **** *   None
 269:.\Generated_Source\PSoC5/RX_ISR.c **** *
 270:.\Generated_Source\PSoC5/RX_ISR.c **** *******************************************************************************/
 271:.\Generated_Source\PSoC5/RX_ISR.c **** void RX_ISR_SetPriority(uint8 priority)
 272:.\Generated_Source\PSoC5/RX_ISR.c **** {
  82              		.loc 1 272 0
  83              		.cfi_startproc
  84              		@ args = 0, pretend = 0, frame = 0
  85              		@ frame_needed = 0, uses_anonymous_args = 0
  86              		@ link register save eliminated.
  87              	.LVL3:
 273:.\Generated_Source\PSoC5/RX_ISR.c ****     *RX_ISR_INTC_PRIOR = priority << 5;
  88              		.loc 1 273 0
  89 0000 4001     		lsls	r0, r0, #5
  90              	.LVL4:
  91 0002 C0B2     		uxtb	r0, r0
  92 0004 014B     		ldr	r3, .L8
  93 0006 1870     		strb	r0, [r3]
  94 0008 7047     		bx	lr
  95              	.L9:
  96 000a 00BF     		.align	2
  97              	.L8:
  98 000c 01E400E0 		.word	-536812543
  99              		.cfi_endproc
 100              	.LFE69:
 101              		.size	RX_ISR_SetPriority, .-RX_ISR_SetPriority
 102              		.section	.text.RX_ISR_GetPriority,"ax",%progbits
 103              		.align	2
 104              		.global	RX_ISR_GetPriority
 105              		.thumb
 106              		.thumb_func
 107              		.type	RX_ISR_GetPriority, %function
 108              	RX_ISR_GetPriority:
 109              	.LFB70:
 274:.\Generated_Source\PSoC5/RX_ISR.c **** }
 275:.\Generated_Source\PSoC5/RX_ISR.c **** 
 276:.\Generated_Source\PSoC5/RX_ISR.c **** 
 277:.\Generated_Source\PSoC5/RX_ISR.c **** /*******************************************************************************
 278:.\Generated_Source\PSoC5/RX_ISR.c **** * Function Name: RX_ISR_GetPriority
 279:.\Generated_Source\PSoC5/RX_ISR.c **** ********************************************************************************
 280:.\Generated_Source\PSoC5/RX_ISR.c **** *
 281:.\Generated_Source\PSoC5/RX_ISR.c **** * Summary:
 282:.\Generated_Source\PSoC5/RX_ISR.c **** *   Gets the Priority of the Interrupt.
 283:.\Generated_Source\PSoC5/RX_ISR.c **** *
 284:.\Generated_Source\PSoC5/RX_ISR.c **** * Parameters:
 285:.\Generated_Source\PSoC5/RX_ISR.c **** *   None
 286:.\Generated_Source\PSoC5/RX_ISR.c **** *
 287:.\Generated_Source\PSoC5/RX_ISR.c **** * Return:
 288:.\Generated_Source\PSoC5/RX_ISR.c **** *   Priority of the interrupt, 0 being the highest priority
 289:.\Generated_Source\PSoC5/RX_ISR.c **** *    PSoC 3 and PSoC 5LP: Priority is from 0 to 7.
 290:.\Generated_Source\PSoC5/RX_ISR.c **** *    PSoC 4: Priority is from 0 to 3.
ARM GAS  C:\Users\PANXIA~1\AppData\Local\Temp\cclnmT55.s 			page 8


 291:.\Generated_Source\PSoC5/RX_ISR.c **** *
 292:.\Generated_Source\PSoC5/RX_ISR.c **** *******************************************************************************/
 293:.\Generated_Source\PSoC5/RX_ISR.c **** uint8 RX_ISR_GetPriority(void)
 294:.\Generated_Source\PSoC5/RX_ISR.c **** {
 110              		.loc 1 294 0
 111              		.cfi_startproc
 112              		@ args = 0, pretend = 0, frame = 0
 113              		@ frame_needed = 0, uses_anonymous_args = 0
 114              		@ link register save eliminated.
 295:.\Generated_Source\PSoC5/RX_ISR.c ****     uint8 priority;
 296:.\Generated_Source\PSoC5/RX_ISR.c **** 
 297:.\Generated_Source\PSoC5/RX_ISR.c **** 
 298:.\Generated_Source\PSoC5/RX_ISR.c ****     priority = *RX_ISR_INTC_PRIOR >> 5;
 115              		.loc 1 298 0
 116 0000 014B     		ldr	r3, .L11
 117 0002 1878     		ldrb	r0, [r3]	@ zero_extendqisi2
 118              	.LVL5:
 299:.\Generated_Source\PSoC5/RX_ISR.c **** 
 300:.\Generated_Source\PSoC5/RX_ISR.c ****     return priority;
 301:.\Generated_Source\PSoC5/RX_ISR.c **** }
 119              		.loc 1 301 0
 120 0004 4009     		lsrs	r0, r0, #5
 121              	.LVL6:
 122 0006 7047     		bx	lr
 123              	.L12:
 124              		.align	2
 125              	.L11:
 126 0008 01E400E0 		.word	-536812543
 127              		.cfi_endproc
 128              	.LFE70:
 129              		.size	RX_ISR_GetPriority, .-RX_ISR_GetPriority
 130              		.section	.text.RX_ISR_Enable,"ax",%progbits
 131              		.align	2
 132              		.global	RX_ISR_Enable
 133              		.thumb
 134              		.thumb_func
 135              		.type	RX_ISR_Enable, %function
 136              	RX_ISR_Enable:
 137              	.LFB71:
 302:.\Generated_Source\PSoC5/RX_ISR.c **** 
 303:.\Generated_Source\PSoC5/RX_ISR.c **** 
 304:.\Generated_Source\PSoC5/RX_ISR.c **** /*******************************************************************************
 305:.\Generated_Source\PSoC5/RX_ISR.c **** * Function Name: RX_ISR_Enable
 306:.\Generated_Source\PSoC5/RX_ISR.c **** ********************************************************************************
 307:.\Generated_Source\PSoC5/RX_ISR.c **** *
 308:.\Generated_Source\PSoC5/RX_ISR.c **** * Summary:
 309:.\Generated_Source\PSoC5/RX_ISR.c **** *   Enables the interrupt to the interrupt controller. Do not call this function
 310:.\Generated_Source\PSoC5/RX_ISR.c **** *   unless ISR_Start() has been called or the functionality of the ISR_Start() 
 311:.\Generated_Source\PSoC5/RX_ISR.c **** *   function, which sets the vector and the priority, has been called.
 312:.\Generated_Source\PSoC5/RX_ISR.c **** *
 313:.\Generated_Source\PSoC5/RX_ISR.c **** * Parameters:
 314:.\Generated_Source\PSoC5/RX_ISR.c **** *   None
 315:.\Generated_Source\PSoC5/RX_ISR.c **** *
 316:.\Generated_Source\PSoC5/RX_ISR.c **** * Return:
 317:.\Generated_Source\PSoC5/RX_ISR.c **** *   None
 318:.\Generated_Source\PSoC5/RX_ISR.c **** *
 319:.\Generated_Source\PSoC5/RX_ISR.c **** *******************************************************************************/
ARM GAS  C:\Users\PANXIA~1\AppData\Local\Temp\cclnmT55.s 			page 9


 320:.\Generated_Source\PSoC5/RX_ISR.c **** void RX_ISR_Enable(void)
 321:.\Generated_Source\PSoC5/RX_ISR.c **** {
 138              		.loc 1 321 0
 139              		.cfi_startproc
 140              		@ args = 0, pretend = 0, frame = 0
 141              		@ frame_needed = 0, uses_anonymous_args = 0
 142              		@ link register save eliminated.
 322:.\Generated_Source\PSoC5/RX_ISR.c ****     /* Enable the general interrupt. */
 323:.\Generated_Source\PSoC5/RX_ISR.c ****     *RX_ISR_INTC_SET_EN = RX_ISR__INTC_MASK;
 143              		.loc 1 323 0
 144 0000 0222     		movs	r2, #2
 145 0002 014B     		ldr	r3, .L14
 146 0004 1A60     		str	r2, [r3]
 147 0006 7047     		bx	lr
 148              	.L15:
 149              		.align	2
 150              	.L14:
 151 0008 00E100E0 		.word	-536813312
 152              		.cfi_endproc
 153              	.LFE71:
 154              		.size	RX_ISR_Enable, .-RX_ISR_Enable
 155              		.section	.text.RX_ISR_GetState,"ax",%progbits
 156              		.align	2
 157              		.global	RX_ISR_GetState
 158              		.thumb
 159              		.thumb_func
 160              		.type	RX_ISR_GetState, %function
 161              	RX_ISR_GetState:
 162              	.LFB72:
 324:.\Generated_Source\PSoC5/RX_ISR.c **** }
 325:.\Generated_Source\PSoC5/RX_ISR.c **** 
 326:.\Generated_Source\PSoC5/RX_ISR.c **** 
 327:.\Generated_Source\PSoC5/RX_ISR.c **** /*******************************************************************************
 328:.\Generated_Source\PSoC5/RX_ISR.c **** * Function Name: RX_ISR_GetState
 329:.\Generated_Source\PSoC5/RX_ISR.c **** ********************************************************************************
 330:.\Generated_Source\PSoC5/RX_ISR.c **** *
 331:.\Generated_Source\PSoC5/RX_ISR.c **** * Summary:
 332:.\Generated_Source\PSoC5/RX_ISR.c **** *   Gets the state (enabled, disabled) of the Interrupt.
 333:.\Generated_Source\PSoC5/RX_ISR.c **** *
 334:.\Generated_Source\PSoC5/RX_ISR.c **** * Parameters:
 335:.\Generated_Source\PSoC5/RX_ISR.c **** *   None
 336:.\Generated_Source\PSoC5/RX_ISR.c **** *
 337:.\Generated_Source\PSoC5/RX_ISR.c **** * Return:
 338:.\Generated_Source\PSoC5/RX_ISR.c **** *   1 if enabled, 0 if disabled.
 339:.\Generated_Source\PSoC5/RX_ISR.c **** *
 340:.\Generated_Source\PSoC5/RX_ISR.c **** *******************************************************************************/
 341:.\Generated_Source\PSoC5/RX_ISR.c **** uint8 RX_ISR_GetState(void)
 342:.\Generated_Source\PSoC5/RX_ISR.c **** {
 163              		.loc 1 342 0
 164              		.cfi_startproc
 165              		@ args = 0, pretend = 0, frame = 0
 166              		@ frame_needed = 0, uses_anonymous_args = 0
 167              		@ link register save eliminated.
 343:.\Generated_Source\PSoC5/RX_ISR.c ****     /* Get the state of the general interrupt. */
 344:.\Generated_Source\PSoC5/RX_ISR.c ****     return ((*RX_ISR_INTC_SET_EN & (uint32)RX_ISR__INTC_MASK) != 0u) ? 1u:0u;
 168              		.loc 1 344 0
 169 0000 044B     		ldr	r3, .L19
ARM GAS  C:\Users\PANXIA~1\AppData\Local\Temp\cclnmT55.s 			page 10


 170 0002 1B68     		ldr	r3, [r3]
 171 0004 13F0020F 		tst	r3, #2
 172 0008 01D0     		beq	.L18
 173 000a 0120     		movs	r0, #1
 174 000c 7047     		bx	lr
 175              	.L18:
 176 000e 0020     		movs	r0, #0
 345:.\Generated_Source\PSoC5/RX_ISR.c **** }
 177              		.loc 1 345 0
 178 0010 7047     		bx	lr
 179              	.L20:
 180 0012 00BF     		.align	2
 181              	.L19:
 182 0014 00E100E0 		.word	-536813312
 183              		.cfi_endproc
 184              	.LFE72:
 185              		.size	RX_ISR_GetState, .-RX_ISR_GetState
 186              		.section	.text.RX_ISR_Disable,"ax",%progbits
 187              		.align	2
 188              		.global	RX_ISR_Disable
 189              		.thumb
 190              		.thumb_func
 191              		.type	RX_ISR_Disable, %function
 192              	RX_ISR_Disable:
 193              	.LFB73:
 346:.\Generated_Source\PSoC5/RX_ISR.c **** 
 347:.\Generated_Source\PSoC5/RX_ISR.c **** 
 348:.\Generated_Source\PSoC5/RX_ISR.c **** /*******************************************************************************
 349:.\Generated_Source\PSoC5/RX_ISR.c **** * Function Name: RX_ISR_Disable
 350:.\Generated_Source\PSoC5/RX_ISR.c **** ********************************************************************************
 351:.\Generated_Source\PSoC5/RX_ISR.c **** *
 352:.\Generated_Source\PSoC5/RX_ISR.c **** * Summary:
 353:.\Generated_Source\PSoC5/RX_ISR.c **** *   Disables the Interrupt in the interrupt controller.
 354:.\Generated_Source\PSoC5/RX_ISR.c **** *
 355:.\Generated_Source\PSoC5/RX_ISR.c **** * Parameters:
 356:.\Generated_Source\PSoC5/RX_ISR.c **** *   None
 357:.\Generated_Source\PSoC5/RX_ISR.c **** *
 358:.\Generated_Source\PSoC5/RX_ISR.c **** * Return:
 359:.\Generated_Source\PSoC5/RX_ISR.c **** *   None
 360:.\Generated_Source\PSoC5/RX_ISR.c **** *
 361:.\Generated_Source\PSoC5/RX_ISR.c **** *******************************************************************************/
 362:.\Generated_Source\PSoC5/RX_ISR.c **** void RX_ISR_Disable(void)
 363:.\Generated_Source\PSoC5/RX_ISR.c **** {
 194              		.loc 1 363 0
 195              		.cfi_startproc
 196              		@ args = 0, pretend = 0, frame = 0
 197              		@ frame_needed = 0, uses_anonymous_args = 0
 198              		@ link register save eliminated.
 364:.\Generated_Source\PSoC5/RX_ISR.c ****     /* Disable the general interrupt. */
 365:.\Generated_Source\PSoC5/RX_ISR.c ****     *RX_ISR_INTC_CLR_EN = RX_ISR__INTC_MASK;
 199              		.loc 1 365 0
 200 0000 0222     		movs	r2, #2
 201 0002 014B     		ldr	r3, .L22
 202 0004 1A60     		str	r2, [r3]
 203 0006 7047     		bx	lr
 204              	.L23:
 205              		.align	2
ARM GAS  C:\Users\PANXIA~1\AppData\Local\Temp\cclnmT55.s 			page 11


 206              	.L22:
 207 0008 80E100E0 		.word	-536813184
 208              		.cfi_endproc
 209              	.LFE73:
 210              		.size	RX_ISR_Disable, .-RX_ISR_Disable
 211              		.section	.text.RX_ISR_Start,"ax",%progbits
 212              		.align	2
 213              		.global	RX_ISR_Start
 214              		.thumb
 215              		.thumb_func
 216              		.type	RX_ISR_Start, %function
 217              	RX_ISR_Start:
 218              	.LFB63:
  62:.\Generated_Source\PSoC5/RX_ISR.c ****     /* For all we know the interrupt is active. */
 219              		.loc 1 62 0
 220              		.cfi_startproc
 221              		@ args = 0, pretend = 0, frame = 0
 222              		@ frame_needed = 0, uses_anonymous_args = 0
 223 0000 08B5     		push	{r3, lr}
 224              		.cfi_def_cfa_offset 8
 225              		.cfi_offset 3, -8
 226              		.cfi_offset 14, -4
  64:.\Generated_Source\PSoC5/RX_ISR.c **** 
 227              		.loc 1 64 0
 228 0002 FFF7FEFF 		bl	RX_ISR_Disable
 229              	.LVL7:
  67:.\Generated_Source\PSoC5/RX_ISR.c **** 
 230              		.loc 1 67 0
 231 0006 0448     		ldr	r0, .L26
 232 0008 FFF7FEFF 		bl	RX_ISR_SetVector
 233              	.LVL8:
  70:.\Generated_Source\PSoC5/RX_ISR.c **** 
 234              		.loc 1 70 0
 235 000c 0720     		movs	r0, #7
 236 000e FFF7FEFF 		bl	RX_ISR_SetPriority
 237              	.LVL9:
  73:.\Generated_Source\PSoC5/RX_ISR.c **** }
 238              		.loc 1 73 0
 239 0012 FFF7FEFF 		bl	RX_ISR_Enable
 240              	.LVL10:
 241 0016 08BD     		pop	{r3, pc}
 242              	.L27:
 243              		.align	2
 244              	.L26:
 245 0018 00000000 		.word	RX_ISR_Interrupt
 246              		.cfi_endproc
 247              	.LFE63:
 248              		.size	RX_ISR_Start, .-RX_ISR_Start
 249              		.section	.text.RX_ISR_StartEx,"ax",%progbits
 250              		.align	2
 251              		.global	RX_ISR_StartEx
 252              		.thumb
 253              		.thumb_func
 254              		.type	RX_ISR_StartEx, %function
 255              	RX_ISR_StartEx:
 256              	.LFB64:
 105:.\Generated_Source\PSoC5/RX_ISR.c ****     /* For all we know the interrupt is active. */
ARM GAS  C:\Users\PANXIA~1\AppData\Local\Temp\cclnmT55.s 			page 12


 257              		.loc 1 105 0
 258              		.cfi_startproc
 259              		@ args = 0, pretend = 0, frame = 0
 260              		@ frame_needed = 0, uses_anonymous_args = 0
 261              	.LVL11:
 262 0000 10B5     		push	{r4, lr}
 263              		.cfi_def_cfa_offset 8
 264              		.cfi_offset 4, -8
 265              		.cfi_offset 14, -4
 266 0002 0446     		mov	r4, r0
 107:.\Generated_Source\PSoC5/RX_ISR.c **** 
 267              		.loc 1 107 0
 268 0004 FFF7FEFF 		bl	RX_ISR_Disable
 269              	.LVL12:
 110:.\Generated_Source\PSoC5/RX_ISR.c **** 
 270              		.loc 1 110 0
 271 0008 2046     		mov	r0, r4
 272 000a FFF7FEFF 		bl	RX_ISR_SetVector
 273              	.LVL13:
 113:.\Generated_Source\PSoC5/RX_ISR.c **** 
 274              		.loc 1 113 0
 275 000e 0720     		movs	r0, #7
 276 0010 FFF7FEFF 		bl	RX_ISR_SetPriority
 277              	.LVL14:
 116:.\Generated_Source\PSoC5/RX_ISR.c **** }
 278              		.loc 1 116 0
 279 0014 FFF7FEFF 		bl	RX_ISR_Enable
 280              	.LVL15:
 281 0018 10BD     		pop	{r4, pc}
 282              		.cfi_endproc
 283              	.LFE64:
 284              		.size	RX_ISR_StartEx, .-RX_ISR_StartEx
 285 001a 00BF     		.section	.text.RX_ISR_Stop,"ax",%progbits
 286              		.align	2
 287              		.global	RX_ISR_Stop
 288              		.thumb
 289              		.thumb_func
 290              		.type	RX_ISR_Stop, %function
 291              	RX_ISR_Stop:
 292              	.LFB65:
 135:.\Generated_Source\PSoC5/RX_ISR.c ****     /* Disable this interrupt. */
 293              		.loc 1 135 0
 294              		.cfi_startproc
 295              		@ args = 0, pretend = 0, frame = 0
 296              		@ frame_needed = 0, uses_anonymous_args = 0
 297 0000 08B5     		push	{r3, lr}
 298              		.cfi_def_cfa_offset 8
 299              		.cfi_offset 3, -8
 300              		.cfi_offset 14, -4
 137:.\Generated_Source\PSoC5/RX_ISR.c **** 
 301              		.loc 1 137 0
 302 0002 FFF7FEFF 		bl	RX_ISR_Disable
 303              	.LVL16:
 140:.\Generated_Source\PSoC5/RX_ISR.c **** }
 304              		.loc 1 140 0
 305 0006 0248     		ldr	r0, .L32
 306 0008 FFF7FEFF 		bl	RX_ISR_SetVector
ARM GAS  C:\Users\PANXIA~1\AppData\Local\Temp\cclnmT55.s 			page 13


 307              	.LVL17:
 308 000c 08BD     		pop	{r3, pc}
 309              	.L33:
 310 000e 00BF     		.align	2
 311              	.L32:
 312 0010 00000000 		.word	IntDefaultHandler
 313              		.cfi_endproc
 314              	.LFE65:
 315              		.size	RX_ISR_Stop, .-RX_ISR_Stop
 316              		.section	.text.RX_ISR_SetPending,"ax",%progbits
 317              		.align	2
 318              		.global	RX_ISR_SetPending
 319              		.thumb
 320              		.thumb_func
 321              		.type	RX_ISR_SetPending, %function
 322              	RX_ISR_SetPending:
 323              	.LFB74:
 366:.\Generated_Source\PSoC5/RX_ISR.c **** }
 367:.\Generated_Source\PSoC5/RX_ISR.c **** 
 368:.\Generated_Source\PSoC5/RX_ISR.c **** 
 369:.\Generated_Source\PSoC5/RX_ISR.c **** /*******************************************************************************
 370:.\Generated_Source\PSoC5/RX_ISR.c **** * Function Name: RX_ISR_SetPending
 371:.\Generated_Source\PSoC5/RX_ISR.c **** ********************************************************************************
 372:.\Generated_Source\PSoC5/RX_ISR.c **** *
 373:.\Generated_Source\PSoC5/RX_ISR.c **** * Summary:
 374:.\Generated_Source\PSoC5/RX_ISR.c **** *   Causes the Interrupt to enter the pending state, a software method of
 375:.\Generated_Source\PSoC5/RX_ISR.c **** *   generating the interrupt.
 376:.\Generated_Source\PSoC5/RX_ISR.c **** *
 377:.\Generated_Source\PSoC5/RX_ISR.c **** * Parameters:
 378:.\Generated_Source\PSoC5/RX_ISR.c **** *   None
 379:.\Generated_Source\PSoC5/RX_ISR.c **** *
 380:.\Generated_Source\PSoC5/RX_ISR.c **** * Return:
 381:.\Generated_Source\PSoC5/RX_ISR.c **** *   None
 382:.\Generated_Source\PSoC5/RX_ISR.c **** *
 383:.\Generated_Source\PSoC5/RX_ISR.c **** * Side Effects:
 384:.\Generated_Source\PSoC5/RX_ISR.c **** *   If interrupts are enabled and the interrupt is set up properly, the ISR is
 385:.\Generated_Source\PSoC5/RX_ISR.c **** *   entered (depending on the priority of this interrupt and other pending 
 386:.\Generated_Source\PSoC5/RX_ISR.c **** *   interrupts).
 387:.\Generated_Source\PSoC5/RX_ISR.c **** *
 388:.\Generated_Source\PSoC5/RX_ISR.c **** *******************************************************************************/
 389:.\Generated_Source\PSoC5/RX_ISR.c **** void RX_ISR_SetPending(void)
 390:.\Generated_Source\PSoC5/RX_ISR.c **** {
 324              		.loc 1 390 0
 325              		.cfi_startproc
 326              		@ args = 0, pretend = 0, frame = 0
 327              		@ frame_needed = 0, uses_anonymous_args = 0
 328              		@ link register save eliminated.
 391:.\Generated_Source\PSoC5/RX_ISR.c ****     *RX_ISR_INTC_SET_PD = RX_ISR__INTC_MASK;
 329              		.loc 1 391 0
 330 0000 0222     		movs	r2, #2
 331 0002 014B     		ldr	r3, .L35
 332 0004 1A60     		str	r2, [r3]
 333 0006 7047     		bx	lr
 334              	.L36:
 335              		.align	2
 336              	.L35:
 337 0008 00E200E0 		.word	-536813056
ARM GAS  C:\Users\PANXIA~1\AppData\Local\Temp\cclnmT55.s 			page 14


 338              		.cfi_endproc
 339              	.LFE74:
 340              		.size	RX_ISR_SetPending, .-RX_ISR_SetPending
 341              		.section	.text.RX_ISR_ClearPending,"ax",%progbits
 342              		.align	2
 343              		.global	RX_ISR_ClearPending
 344              		.thumb
 345              		.thumb_func
 346              		.type	RX_ISR_ClearPending, %function
 347              	RX_ISR_ClearPending:
 348              	.LFB75:
 392:.\Generated_Source\PSoC5/RX_ISR.c **** }
 393:.\Generated_Source\PSoC5/RX_ISR.c **** 
 394:.\Generated_Source\PSoC5/RX_ISR.c **** 
 395:.\Generated_Source\PSoC5/RX_ISR.c **** /*******************************************************************************
 396:.\Generated_Source\PSoC5/RX_ISR.c **** * Function Name: RX_ISR_ClearPending
 397:.\Generated_Source\PSoC5/RX_ISR.c **** ********************************************************************************
 398:.\Generated_Source\PSoC5/RX_ISR.c **** *
 399:.\Generated_Source\PSoC5/RX_ISR.c **** * Summary:
 400:.\Generated_Source\PSoC5/RX_ISR.c **** *   Clears a pending interrupt in the interrupt controller.
 401:.\Generated_Source\PSoC5/RX_ISR.c **** *
 402:.\Generated_Source\PSoC5/RX_ISR.c **** *   Note Some interrupt sources are clear-on-read and require the block 
 403:.\Generated_Source\PSoC5/RX_ISR.c **** *   interrupt/status register to be read/cleared with the appropriate block API 
 404:.\Generated_Source\PSoC5/RX_ISR.c **** *   (GPIO, UART, and so on). Otherwise the ISR will continue to remain in 
 405:.\Generated_Source\PSoC5/RX_ISR.c **** *   pending state even though the interrupt itself is cleared using this API.
 406:.\Generated_Source\PSoC5/RX_ISR.c **** *
 407:.\Generated_Source\PSoC5/RX_ISR.c **** * Parameters:
 408:.\Generated_Source\PSoC5/RX_ISR.c **** *   None
 409:.\Generated_Source\PSoC5/RX_ISR.c **** *
 410:.\Generated_Source\PSoC5/RX_ISR.c **** * Return:
 411:.\Generated_Source\PSoC5/RX_ISR.c **** *   None
 412:.\Generated_Source\PSoC5/RX_ISR.c **** *
 413:.\Generated_Source\PSoC5/RX_ISR.c **** *******************************************************************************/
 414:.\Generated_Source\PSoC5/RX_ISR.c **** void RX_ISR_ClearPending(void)
 415:.\Generated_Source\PSoC5/RX_ISR.c **** {
 349              		.loc 1 415 0
 350              		.cfi_startproc
 351              		@ args = 0, pretend = 0, frame = 0
 352              		@ frame_needed = 0, uses_anonymous_args = 0
 353              		@ link register save eliminated.
 416:.\Generated_Source\PSoC5/RX_ISR.c ****     *RX_ISR_INTC_CLR_PD = RX_ISR__INTC_MASK;
 354              		.loc 1 416 0
 355 0000 0222     		movs	r2, #2
 356 0002 014B     		ldr	r3, .L38
 357 0004 1A60     		str	r2, [r3]
 358 0006 7047     		bx	lr
 359              	.L39:
 360              		.align	2
 361              	.L38:
 362 0008 80E200E0 		.word	-536812928
 363              		.cfi_endproc
 364              	.LFE75:
 365              		.size	RX_ISR_ClearPending, .-RX_ISR_ClearPending
 366              		.section	.text.RX_ISR_Interrupt,"ax",%progbits
 367              		.align	2
 368              		.global	RX_ISR_Interrupt
 369              		.thumb
ARM GAS  C:\Users\PANXIA~1\AppData\Local\Temp\cclnmT55.s 			page 15


 370              		.thumb_func
 371              		.type	RX_ISR_Interrupt, %function
 372              	RX_ISR_Interrupt:
 373              	.LFB66:
 161:.\Generated_Source\PSoC5/RX_ISR.c ****     #ifdef RX_ISR_INTERRUPT_INTERRUPT_CALLBACK
 374              		.loc 1 161 0
 375              		.cfi_startproc
 376              		@ args = 0, pretend = 0, frame = 24
 377              		@ frame_needed = 0, uses_anonymous_args = 0
 378 0000 10B5     		push	{r4, lr}
 379              		.cfi_def_cfa_offset 8
 380              		.cfi_offset 4, -8
 381              		.cfi_offset 14, -4
 382 0002 86B0     		sub	sp, sp, #24
 383              		.cfi_def_cfa_offset 32
 168:.\Generated_Source\PSoC5/RX_ISR.c ****     uint8 i;
 384              		.loc 1 168 0
 385 0004 0023     		movs	r3, #0
 386 0006 0193     		str	r3, [sp, #4]
 387 0008 0293     		str	r3, [sp, #8]
 388 000a 0393     		str	r3, [sp, #12]
 389 000c 0493     		str	r3, [sp, #16]
 390 000e 0593     		str	r3, [sp, #20]
 170:.\Generated_Source\PSoC5/RX_ISR.c ****         {
 391              		.loc 1 170 0
 392 0010 FFF7FEFF 		bl	UART_1_GetRxBufferSize
 393              	.LVL18:
 394 0014 90B1     		cbz	r0, .L41
 170:.\Generated_Source\PSoC5/RX_ISR.c ****         {
 395              		.loc 1 170 0 is_stmt 0 discriminator 1
 396 0016 FFF7FEFF 		bl	UART_1_GetRxBufferSize
 397              	.LVL19:
 398 001a 1428     		cmp	r0, #20
 399 001c 09D9     		bls	.L44
 400 001e 0DE0     		b	.L41
 401              	.LVL20:
 402              	.L43:
 174:.\Generated_Source\PSoC5/RX_ISR.c ****             }
 403              		.loc 1 174 0 is_stmt 1 discriminator 3
 404 0020 FFF7FEFF 		bl	UART_1_ReadRxData
 405              	.LVL21:
 406 0024 06AB     		add	r3, sp, #24
 407 0026 2344     		add	r3, r3, r4
 408 0028 03F8140C 		strb	r0, [r3, #-20]
 172:.\Generated_Source\PSoC5/RX_ISR.c ****             {
 409              		.loc 1 172 0 discriminator 3
 410 002c 0134     		adds	r4, r4, #1
 411              	.LVL22:
 412 002e E4B2     		uxtb	r4, r4
 413              	.LVL23:
 414 0030 00E0     		b	.L42
 415              	.LVL24:
 416              	.L44:
 417 0032 0024     		movs	r4, #0
 418              	.L42:
 419              	.LVL25:
 172:.\Generated_Source\PSoC5/RX_ISR.c ****             {
ARM GAS  C:\Users\PANXIA~1\AppData\Local\Temp\cclnmT55.s 			page 16


 420              		.loc 1 172 0 is_stmt 0 discriminator 1
 421 0034 FFF7FEFF 		bl	UART_1_GetRxBufferSize
 422              	.LVL26:
 423 0038 A042     		cmp	r0, r4
 424 003a F1D8     		bhi	.L43
 425              	.LVL27:
 426              	.L41:
 177:.\Generated_Source\PSoC5/RX_ISR.c ****     
 427              		.loc 1 177 0 is_stmt 1
 428 003c 01A8     		add	r0, sp, #4
 429 003e 0121     		movs	r1, #1
 430 0040 FFF7FEFF 		bl	UART_1_PutArray
 431              	.LVL28:
 179:.\Generated_Source\PSoC5/RX_ISR.c ****     
 432              		.loc 1 179 0
 433 0044 FFF7FEFF 		bl	UART_1_ClearRxBuffer
 434              	.LVL29:
 181:.\Generated_Source\PSoC5/RX_ISR.c ****     /* `#END` */
 435              		.loc 1 181 0
 436 0048 FFF7FEFF 		bl	RX_ISR_ClearPending
 437              	.LVL30:
 183:.\Generated_Source\PSoC5/RX_ISR.c **** 
 438              		.loc 1 183 0
 439 004c 06B0     		add	sp, sp, #24
 440              		.cfi_def_cfa_offset 8
 441              		@ sp needed
 442 004e 10BD     		pop	{r4, pc}
 443              		.cfi_endproc
 444              	.LFE66:
 445              		.size	RX_ISR_Interrupt, .-RX_ISR_Interrupt
 446              		.text
 447              	.Letext0:
 448              		.file 2 "c:\\program files (x86)\\cypress\\psoc creator\\3.3\\psoc creator\\import\\gnu\\arm\\4.9.
 449              		.file 3 "c:\\program files (x86)\\cypress\\psoc creator\\3.3\\psoc creator\\import\\gnu\\arm\\4.9.
 450              		.file 4 "Generated_Source\\PSoC5/cytypes.h"
 451              		.file 5 "Generated_Source\\PSoC5/UART_1.h"
 452              		.file 6 "Generated_Source\\PSoC5/core_cm3.h"
 453              		.section	.debug_info,"",%progbits
 454              	.Ldebug_info0:
 455 0000 A8030000 		.4byte	0x3a8
 456 0004 0400     		.2byte	0x4
 457 0006 00000000 		.4byte	.Ldebug_abbrev0
 458 000a 04       		.byte	0x4
 459 000b 01       		.uleb128 0x1
 460 000c 3B010000 		.4byte	.LASF37
 461 0010 01       		.byte	0x1
 462 0011 0C020000 		.4byte	.LASF38
 463 0015 9C020000 		.4byte	.LASF39
 464 0019 00000000 		.4byte	.Ldebug_ranges0+0
 465 001d 00000000 		.4byte	0
 466 0021 00000000 		.4byte	.Ldebug_line0
 467 0025 02       		.uleb128 0x2
 468 0026 04       		.byte	0x4
 469 0027 05       		.byte	0x5
 470 0028 696E7400 		.ascii	"int\000"
 471 002c 03       		.uleb128 0x3
 472 002d 04       		.byte	0x4
ARM GAS  C:\Users\PANXIA~1\AppData\Local\Temp\cclnmT55.s 			page 17


 473 002e 07       		.byte	0x7
 474 002f C9010000 		.4byte	.LASF0
 475 0033 03       		.uleb128 0x3
 476 0034 01       		.byte	0x1
 477 0035 06       		.byte	0x6
 478 0036 73000000 		.4byte	.LASF1
 479 003a 03       		.uleb128 0x3
 480 003b 01       		.byte	0x1
 481 003c 08       		.byte	0x8
 482 003d 92000000 		.4byte	.LASF2
 483 0041 03       		.uleb128 0x3
 484 0042 02       		.byte	0x2
 485 0043 05       		.byte	0x5
 486 0044 8C020000 		.4byte	.LASF3
 487 0048 03       		.uleb128 0x3
 488 0049 02       		.byte	0x2
 489 004a 07       		.byte	0x7
 490 004b C9000000 		.4byte	.LASF4
 491 004f 04       		.uleb128 0x4
 492 0050 35000000 		.4byte	.LASF11
 493 0054 02       		.byte	0x2
 494 0055 3F       		.byte	0x3f
 495 0056 5A000000 		.4byte	0x5a
 496 005a 03       		.uleb128 0x3
 497 005b 04       		.byte	0x4
 498 005c 05       		.byte	0x5
 499 005d 3F000000 		.4byte	.LASF5
 500 0061 03       		.uleb128 0x3
 501 0062 04       		.byte	0x4
 502 0063 07       		.byte	0x7
 503 0064 A5000000 		.4byte	.LASF6
 504 0068 03       		.uleb128 0x3
 505 0069 08       		.byte	0x8
 506 006a 05       		.byte	0x5
 507 006b 5C020000 		.4byte	.LASF7
 508 006f 03       		.uleb128 0x3
 509 0070 08       		.byte	0x8
 510 0071 07       		.byte	0x7
 511 0072 DE010000 		.4byte	.LASF8
 512 0076 03       		.uleb128 0x3
 513 0077 04       		.byte	0x4
 514 0078 07       		.byte	0x7
 515 0079 53020000 		.4byte	.LASF9
 516 007d 05       		.uleb128 0x5
 517 007e 04       		.byte	0x4
 518 007f 83000000 		.4byte	0x83
 519 0083 06       		.uleb128 0x6
 520 0084 03       		.uleb128 0x3
 521 0085 01       		.byte	0x1
 522 0086 08       		.byte	0x8
 523 0087 6A020000 		.4byte	.LASF10
 524 008b 04       		.uleb128 0x4
 525 008c 4B020000 		.4byte	.LASF12
 526 0090 03       		.byte	0x3
 527 0091 2C       		.byte	0x2c
 528 0092 4F000000 		.4byte	0x4f
 529 0096 04       		.uleb128 0x4
ARM GAS  C:\Users\PANXIA~1\AppData\Local\Temp\cclnmT55.s 			page 18


 530 0097 96020000 		.4byte	.LASF13
 531 009b 04       		.byte	0x4
 532 009c C2       		.byte	0xc2
 533 009d 3A000000 		.4byte	0x3a
 534 00a1 04       		.uleb128 0x4
 535 00a2 34010000 		.4byte	.LASF14
 536 00a6 04       		.byte	0x4
 537 00a7 C4       		.byte	0xc4
 538 00a8 61000000 		.4byte	0x61
 539 00ac 03       		.uleb128 0x3
 540 00ad 04       		.byte	0x4
 541 00ae 04       		.byte	0x4
 542 00af 6D000000 		.4byte	.LASF15
 543 00b3 03       		.uleb128 0x3
 544 00b4 08       		.byte	0x8
 545 00b5 04       		.byte	0x4
 546 00b6 F5000000 		.4byte	.LASF16
 547 00ba 07       		.uleb128 0x7
 548 00bb A0000000 		.4byte	.LASF17
 549 00bf 04       		.byte	0x4
 550 00c0 6C01     		.2byte	0x16c
 551 00c2 C6000000 		.4byte	0xc6
 552 00c6 08       		.uleb128 0x8
 553 00c7 96000000 		.4byte	0x96
 554 00cb 07       		.uleb128 0x7
 555 00cc 00000000 		.4byte	.LASF18
 556 00d0 04       		.byte	0x4
 557 00d1 6E01     		.2byte	0x16e
 558 00d3 D7000000 		.4byte	0xd7
 559 00d7 08       		.uleb128 0x8
 560 00d8 A1000000 		.4byte	0xa1
 561 00dc 07       		.uleb128 0x7
 562 00dd 2E020000 		.4byte	.LASF19
 563 00e1 04       		.byte	0x4
 564 00e2 7E01     		.2byte	0x17e
 565 00e4 7D000000 		.4byte	0x7d
 566 00e8 09       		.uleb128 0x9
 567 00e9 24000000 		.4byte	.LASF21
 568 00ed 01       		.byte	0x1
 569 00ee D5       		.byte	0xd5
 570 00ef 00000000 		.4byte	.LFB67
 571 00f3 0C000000 		.4byte	.LFE67-.LFB67
 572 00f7 01       		.uleb128 0x1
 573 00f8 9C       		.byte	0x9c
 574 00f9 18010000 		.4byte	0x118
 575 00fd 0A       		.uleb128 0xa
 576 00fe D6010000 		.4byte	.LASF23
 577 0102 01       		.byte	0x1
 578 0103 D5       		.byte	0xd5
 579 0104 DC000000 		.4byte	0xdc
 580 0108 01       		.uleb128 0x1
 581 0109 50       		.byte	0x50
 582 010a 0B       		.uleb128 0xb
 583 010b 6F020000 		.4byte	.LASF20
 584 010f 01       		.byte	0x1
 585 0110 D7       		.byte	0xd7
 586 0111 18010000 		.4byte	0x118
ARM GAS  C:\Users\PANXIA~1\AppData\Local\Temp\cclnmT55.s 			page 19


 587 0115 01       		.uleb128 0x1
 588 0116 53       		.byte	0x53
 589 0117 00       		.byte	0
 590 0118 05       		.uleb128 0x5
 591 0119 04       		.byte	0x4
 592 011a DC000000 		.4byte	0xdc
 593 011e 0C       		.uleb128 0xc
 594 011f FC000000 		.4byte	.LASF25
 595 0123 01       		.byte	0x1
 596 0124 ED       		.byte	0xed
 597 0125 DC000000 		.4byte	0xdc
 598 0129 00000000 		.4byte	.LFB68
 599 012d 0C000000 		.4byte	.LFE68-.LFB68
 600 0131 01       		.uleb128 0x1
 601 0132 9C       		.byte	0x9c
 602 0133 45010000 		.4byte	0x145
 603 0137 0B       		.uleb128 0xb
 604 0138 6F020000 		.4byte	.LASF20
 605 013c 01       		.byte	0x1
 606 013d EF       		.byte	0xef
 607 013e 18010000 		.4byte	0x118
 608 0142 01       		.uleb128 0x1
 609 0143 53       		.byte	0x53
 610 0144 00       		.byte	0
 611 0145 0D       		.uleb128 0xd
 612 0146 7F000000 		.4byte	.LASF22
 613 014a 01       		.byte	0x1
 614 014b 0F01     		.2byte	0x10f
 615 014d 00000000 		.4byte	.LFB69
 616 0151 10000000 		.4byte	.LFE69-.LFB69
 617 0155 01       		.uleb128 0x1
 618 0156 9C       		.byte	0x9c
 619 0157 6C010000 		.4byte	0x16c
 620 015b 0E       		.uleb128 0xe
 621 015c 2B010000 		.4byte	.LASF24
 622 0160 01       		.byte	0x1
 623 0161 0F01     		.2byte	0x10f
 624 0163 96000000 		.4byte	0x96
 625 0167 00000000 		.4byte	.LLST0
 626 016b 00       		.byte	0
 627 016c 0F       		.uleb128 0xf
 628 016d C8020000 		.4byte	.LASF26
 629 0171 01       		.byte	0x1
 630 0172 2501     		.2byte	0x125
 631 0174 96000000 		.4byte	0x96
 632 0178 00000000 		.4byte	.LFB70
 633 017c 0C000000 		.4byte	.LFE70-.LFB70
 634 0180 01       		.uleb128 0x1
 635 0181 9C       		.byte	0x9c
 636 0182 97010000 		.4byte	0x197
 637 0186 10       		.uleb128 0x10
 638 0187 2B010000 		.4byte	.LASF24
 639 018b 01       		.byte	0x1
 640 018c 2701     		.2byte	0x127
 641 018e 96000000 		.4byte	0x96
 642 0192 21000000 		.4byte	.LLST1
 643 0196 00       		.byte	0
ARM GAS  C:\Users\PANXIA~1\AppData\Local\Temp\cclnmT55.s 			page 20


 644 0197 11       		.uleb128 0x11
 645 0198 7E020000 		.4byte	.LASF27
 646 019c 01       		.byte	0x1
 647 019d 4001     		.2byte	0x140
 648 019f 00000000 		.4byte	.LFB71
 649 01a3 0C000000 		.4byte	.LFE71-.LFB71
 650 01a7 01       		.uleb128 0x1
 651 01a8 9C       		.byte	0x9c
 652 01a9 12       		.uleb128 0x12
 653 01aa 5D000000 		.4byte	.LASF40
 654 01ae 01       		.byte	0x1
 655 01af 5501     		.2byte	0x155
 656 01b1 96000000 		.4byte	0x96
 657 01b5 00000000 		.4byte	.LFB72
 658 01b9 18000000 		.4byte	.LFE72-.LFB72
 659 01bd 01       		.uleb128 0x1
 660 01be 9C       		.byte	0x9c
 661 01bf 11       		.uleb128 0x11
 662 01c0 15000000 		.4byte	.LASF28
 663 01c4 01       		.byte	0x1
 664 01c5 6A01     		.2byte	0x16a
 665 01c7 00000000 		.4byte	.LFB73
 666 01cb 0C000000 		.4byte	.LFE73-.LFB73
 667 01cf 01       		.uleb128 0x1
 668 01d0 9C       		.byte	0x9c
 669 01d1 09       		.uleb128 0x9
 670 01d2 0D010000 		.4byte	.LASF29
 671 01d6 01       		.byte	0x1
 672 01d7 3D       		.byte	0x3d
 673 01d8 00000000 		.4byte	.LFB63
 674 01dc 1C000000 		.4byte	.LFE63-.LFB63
 675 01e0 01       		.uleb128 0x1
 676 01e1 9C       		.byte	0x9c
 677 01e2 23020000 		.4byte	0x223
 678 01e6 13       		.uleb128 0x13
 679 01e7 06000000 		.4byte	.LVL7
 680 01eb BF010000 		.4byte	0x1bf
 681 01ef 14       		.uleb128 0x14
 682 01f0 0C000000 		.4byte	.LVL8
 683 01f4 E8000000 		.4byte	0xe8
 684 01f8 06020000 		.4byte	0x206
 685 01fc 15       		.uleb128 0x15
 686 01fd 01       		.uleb128 0x1
 687 01fe 50       		.byte	0x50
 688 01ff 05       		.uleb128 0x5
 689 0200 03       		.byte	0x3
 690 0201 00000000 		.4byte	RX_ISR_Interrupt
 691 0205 00       		.byte	0
 692 0206 14       		.uleb128 0x14
 693 0207 12000000 		.4byte	.LVL9
 694 020b 45010000 		.4byte	0x145
 695 020f 19020000 		.4byte	0x219
 696 0213 15       		.uleb128 0x15
 697 0214 01       		.uleb128 0x1
 698 0215 50       		.byte	0x50
 699 0216 01       		.uleb128 0x1
 700 0217 37       		.byte	0x37
ARM GAS  C:\Users\PANXIA~1\AppData\Local\Temp\cclnmT55.s 			page 21


 701 0218 00       		.byte	0
 702 0219 13       		.uleb128 0x13
 703 021a 16000000 		.4byte	.LVL10
 704 021e 97010000 		.4byte	0x197
 705 0222 00       		.byte	0
 706 0223 09       		.uleb128 0x9
 707 0224 06000000 		.4byte	.LASF30
 708 0228 01       		.byte	0x1
 709 0229 68       		.byte	0x68
 710 022a 00000000 		.4byte	.LFB64
 711 022e 1A000000 		.4byte	.LFE64-.LFB64
 712 0232 01       		.uleb128 0x1
 713 0233 9C       		.byte	0x9c
 714 0234 81020000 		.4byte	0x281
 715 0238 16       		.uleb128 0x16
 716 0239 D6010000 		.4byte	.LASF23
 717 023d 01       		.byte	0x1
 718 023e 68       		.byte	0x68
 719 023f DC000000 		.4byte	0xdc
 720 0243 38000000 		.4byte	.LLST2
 721 0247 13       		.uleb128 0x13
 722 0248 08000000 		.4byte	.LVL12
 723 024c BF010000 		.4byte	0x1bf
 724 0250 14       		.uleb128 0x14
 725 0251 0E000000 		.4byte	.LVL13
 726 0255 E8000000 		.4byte	0xe8
 727 0259 64020000 		.4byte	0x264
 728 025d 15       		.uleb128 0x15
 729 025e 01       		.uleb128 0x1
 730 025f 50       		.byte	0x50
 731 0260 02       		.uleb128 0x2
 732 0261 74       		.byte	0x74
 733 0262 00       		.sleb128 0
 734 0263 00       		.byte	0
 735 0264 14       		.uleb128 0x14
 736 0265 14000000 		.4byte	.LVL14
 737 0269 45010000 		.4byte	0x145
 738 026d 77020000 		.4byte	0x277
 739 0271 15       		.uleb128 0x15
 740 0272 01       		.uleb128 0x1
 741 0273 50       		.byte	0x50
 742 0274 01       		.uleb128 0x1
 743 0275 37       		.byte	0x37
 744 0276 00       		.byte	0
 745 0277 13       		.uleb128 0x13
 746 0278 18000000 		.4byte	.LVL15
 747 027c 97010000 		.4byte	0x197
 748 0280 00       		.byte	0
 749 0281 09       		.uleb128 0x9
 750 0282 E9000000 		.4byte	.LASF31
 751 0286 01       		.byte	0x1
 752 0287 86       		.byte	0x86
 753 0288 00000000 		.4byte	.LFB65
 754 028c 14000000 		.4byte	.LFE65-.LFB65
 755 0290 01       		.uleb128 0x1
 756 0291 9C       		.byte	0x9c
 757 0292 A9020000 		.4byte	0x2a9
ARM GAS  C:\Users\PANXIA~1\AppData\Local\Temp\cclnmT55.s 			page 22


 758 0296 13       		.uleb128 0x13
 759 0297 06000000 		.4byte	.LVL16
 760 029b BF010000 		.4byte	0x1bf
 761 029f 13       		.uleb128 0x13
 762 02a0 0C000000 		.4byte	.LVL17
 763 02a4 E8000000 		.4byte	0xe8
 764 02a8 00       		.byte	0
 765 02a9 11       		.uleb128 0x11
 766 02aa DB020000 		.4byte	.LASF32
 767 02ae 01       		.byte	0x1
 768 02af 8501     		.2byte	0x185
 769 02b1 00000000 		.4byte	.LFB74
 770 02b5 0C000000 		.4byte	.LFE74-.LFB74
 771 02b9 01       		.uleb128 0x1
 772 02ba 9C       		.byte	0x9c
 773 02bb 11       		.uleb128 0x11
 774 02bc ED020000 		.4byte	.LASF33
 775 02c0 01       		.byte	0x1
 776 02c1 9E01     		.2byte	0x19e
 777 02c3 00000000 		.4byte	.LFB75
 778 02c7 0C000000 		.4byte	.LFE75-.LFB75
 779 02cb 01       		.uleb128 0x1
 780 02cc 9C       		.byte	0x9c
 781 02cd 09       		.uleb128 0x9
 782 02ce 1A010000 		.4byte	.LASF34
 783 02d2 01       		.byte	0x1
 784 02d3 A0       		.byte	0xa0
 785 02d4 00000000 		.4byte	.LFB66
 786 02d8 50000000 		.4byte	.LFE66-.LFB66
 787 02dc 01       		.uleb128 0x1
 788 02dd 9C       		.byte	0x9c
 789 02de 4C030000 		.4byte	0x34c
 790 02e2 17       		.uleb128 0x17
 791 02e3 636800   		.ascii	"ch\000"
 792 02e6 01       		.byte	0x1
 793 02e7 A8       		.byte	0xa8
 794 02e8 4C030000 		.4byte	0x34c
 795 02ec 02       		.uleb128 0x2
 796 02ed 91       		.byte	0x91
 797 02ee 64       		.sleb128 -28
 798 02ef 18       		.uleb128 0x18
 799 02f0 6900     		.ascii	"i\000"
 800 02f2 01       		.byte	0x1
 801 02f3 A9       		.byte	0xa9
 802 02f4 96000000 		.4byte	0x96
 803 02f8 56000000 		.4byte	.LLST3
 804 02fc 13       		.uleb128 0x13
 805 02fd 14000000 		.4byte	.LVL18
 806 0301 6D030000 		.4byte	0x36d
 807 0305 13       		.uleb128 0x13
 808 0306 1A000000 		.4byte	.LVL19
 809 030a 6D030000 		.4byte	0x36d
 810 030e 13       		.uleb128 0x13
 811 030f 24000000 		.4byte	.LVL21
 812 0313 78030000 		.4byte	0x378
 813 0317 13       		.uleb128 0x13
 814 0318 38000000 		.4byte	.LVL26
ARM GAS  C:\Users\PANXIA~1\AppData\Local\Temp\cclnmT55.s 			page 23


 815 031c 6D030000 		.4byte	0x36d
 816 0320 14       		.uleb128 0x14
 817 0321 44000000 		.4byte	.LVL28
 818 0325 83030000 		.4byte	0x383
 819 0329 39030000 		.4byte	0x339
 820 032d 15       		.uleb128 0x15
 821 032e 01       		.uleb128 0x1
 822 032f 51       		.byte	0x51
 823 0330 01       		.uleb128 0x1
 824 0331 31       		.byte	0x31
 825 0332 15       		.uleb128 0x15
 826 0333 01       		.uleb128 0x1
 827 0334 50       		.byte	0x50
 828 0335 02       		.uleb128 0x2
 829 0336 91       		.byte	0x91
 830 0337 64       		.sleb128 -28
 831 0338 00       		.byte	0
 832 0339 13       		.uleb128 0x13
 833 033a 48000000 		.4byte	.LVL29
 834 033e A4030000 		.4byte	0x3a4
 835 0342 13       		.uleb128 0x13
 836 0343 4C000000 		.4byte	.LVL30
 837 0347 BB020000 		.4byte	0x2bb
 838 034b 00       		.byte	0
 839 034c 19       		.uleb128 0x19
 840 034d 96000000 		.4byte	0x96
 841 0351 5C030000 		.4byte	0x35c
 842 0355 1A       		.uleb128 0x1a
 843 0356 76000000 		.4byte	0x76
 844 035a 13       		.byte	0x13
 845 035b 00       		.byte	0
 846 035c 1B       		.uleb128 0x1b
 847 035d DC000000 		.4byte	.LASF41
 848 0361 06       		.byte	0x6
 849 0362 2A06     		.2byte	0x62a
 850 0364 68030000 		.4byte	0x368
 851 0368 08       		.uleb128 0x8
 852 0369 8B000000 		.4byte	0x8b
 853 036d 1C       		.uleb128 0x1c
 854 036e F5010000 		.4byte	.LASF35
 855 0372 05       		.byte	0x5
 856 0373 73       		.byte	0x73
 857 0374 96000000 		.4byte	0x96
 858 0378 1C       		.uleb128 0x1c
 859 0379 B7000000 		.4byte	.LASF36
 860 037d 05       		.byte	0x5
 861 037e 6F       		.byte	0x6f
 862 037f 96000000 		.4byte	0x96
 863 0383 1D       		.uleb128 0x1d
 864 0384 3B020000 		.4byte	.LASF42
 865 0388 05       		.byte	0x5
 866 0389 8C       		.byte	0x8c
 867 038a 99030000 		.4byte	0x399
 868 038e 1E       		.uleb128 0x1e
 869 038f 99030000 		.4byte	0x399
 870 0393 1E       		.uleb128 0x1e
 871 0394 96000000 		.4byte	0x96
ARM GAS  C:\Users\PANXIA~1\AppData\Local\Temp\cclnmT55.s 			page 24


 872 0398 00       		.byte	0
 873 0399 05       		.uleb128 0x5
 874 039a 04       		.byte	0x4
 875 039b 9F030000 		.4byte	0x39f
 876 039f 1F       		.uleb128 0x1f
 877 03a0 96000000 		.4byte	0x96
 878 03a4 20       		.uleb128 0x20
 879 03a5 48000000 		.4byte	.LASF43
 880 03a9 05       		.byte	0x5
 881 03aa 75       		.byte	0x75
 882 03ab 00       		.byte	0
 883              		.section	.debug_abbrev,"",%progbits
 884              	.Ldebug_abbrev0:
 885 0000 01       		.uleb128 0x1
 886 0001 11       		.uleb128 0x11
 887 0002 01       		.byte	0x1
 888 0003 25       		.uleb128 0x25
 889 0004 0E       		.uleb128 0xe
 890 0005 13       		.uleb128 0x13
 891 0006 0B       		.uleb128 0xb
 892 0007 03       		.uleb128 0x3
 893 0008 0E       		.uleb128 0xe
 894 0009 1B       		.uleb128 0x1b
 895 000a 0E       		.uleb128 0xe
 896 000b 55       		.uleb128 0x55
 897 000c 17       		.uleb128 0x17
 898 000d 11       		.uleb128 0x11
 899 000e 01       		.uleb128 0x1
 900 000f 10       		.uleb128 0x10
 901 0010 17       		.uleb128 0x17
 902 0011 00       		.byte	0
 903 0012 00       		.byte	0
 904 0013 02       		.uleb128 0x2
 905 0014 24       		.uleb128 0x24
 906 0015 00       		.byte	0
 907 0016 0B       		.uleb128 0xb
 908 0017 0B       		.uleb128 0xb
 909 0018 3E       		.uleb128 0x3e
 910 0019 0B       		.uleb128 0xb
 911 001a 03       		.uleb128 0x3
 912 001b 08       		.uleb128 0x8
 913 001c 00       		.byte	0
 914 001d 00       		.byte	0
 915 001e 03       		.uleb128 0x3
 916 001f 24       		.uleb128 0x24
 917 0020 00       		.byte	0
 918 0021 0B       		.uleb128 0xb
 919 0022 0B       		.uleb128 0xb
 920 0023 3E       		.uleb128 0x3e
 921 0024 0B       		.uleb128 0xb
 922 0025 03       		.uleb128 0x3
 923 0026 0E       		.uleb128 0xe
 924 0027 00       		.byte	0
 925 0028 00       		.byte	0
 926 0029 04       		.uleb128 0x4
 927 002a 16       		.uleb128 0x16
 928 002b 00       		.byte	0
ARM GAS  C:\Users\PANXIA~1\AppData\Local\Temp\cclnmT55.s 			page 25


 929 002c 03       		.uleb128 0x3
 930 002d 0E       		.uleb128 0xe
 931 002e 3A       		.uleb128 0x3a
 932 002f 0B       		.uleb128 0xb
 933 0030 3B       		.uleb128 0x3b
 934 0031 0B       		.uleb128 0xb
 935 0032 49       		.uleb128 0x49
 936 0033 13       		.uleb128 0x13
 937 0034 00       		.byte	0
 938 0035 00       		.byte	0
 939 0036 05       		.uleb128 0x5
 940 0037 0F       		.uleb128 0xf
 941 0038 00       		.byte	0
 942 0039 0B       		.uleb128 0xb
 943 003a 0B       		.uleb128 0xb
 944 003b 49       		.uleb128 0x49
 945 003c 13       		.uleb128 0x13
 946 003d 00       		.byte	0
 947 003e 00       		.byte	0
 948 003f 06       		.uleb128 0x6
 949 0040 15       		.uleb128 0x15
 950 0041 00       		.byte	0
 951 0042 27       		.uleb128 0x27
 952 0043 19       		.uleb128 0x19
 953 0044 00       		.byte	0
 954 0045 00       		.byte	0
 955 0046 07       		.uleb128 0x7
 956 0047 16       		.uleb128 0x16
 957 0048 00       		.byte	0
 958 0049 03       		.uleb128 0x3
 959 004a 0E       		.uleb128 0xe
 960 004b 3A       		.uleb128 0x3a
 961 004c 0B       		.uleb128 0xb
 962 004d 3B       		.uleb128 0x3b
 963 004e 05       		.uleb128 0x5
 964 004f 49       		.uleb128 0x49
 965 0050 13       		.uleb128 0x13
 966 0051 00       		.byte	0
 967 0052 00       		.byte	0
 968 0053 08       		.uleb128 0x8
 969 0054 35       		.uleb128 0x35
 970 0055 00       		.byte	0
 971 0056 49       		.uleb128 0x49
 972 0057 13       		.uleb128 0x13
 973 0058 00       		.byte	0
 974 0059 00       		.byte	0
 975 005a 09       		.uleb128 0x9
 976 005b 2E       		.uleb128 0x2e
 977 005c 01       		.byte	0x1
 978 005d 3F       		.uleb128 0x3f
 979 005e 19       		.uleb128 0x19
 980 005f 03       		.uleb128 0x3
 981 0060 0E       		.uleb128 0xe
 982 0061 3A       		.uleb128 0x3a
 983 0062 0B       		.uleb128 0xb
 984 0063 3B       		.uleb128 0x3b
 985 0064 0B       		.uleb128 0xb
ARM GAS  C:\Users\PANXIA~1\AppData\Local\Temp\cclnmT55.s 			page 26


 986 0065 27       		.uleb128 0x27
 987 0066 19       		.uleb128 0x19
 988 0067 11       		.uleb128 0x11
 989 0068 01       		.uleb128 0x1
 990 0069 12       		.uleb128 0x12
 991 006a 06       		.uleb128 0x6
 992 006b 40       		.uleb128 0x40
 993 006c 18       		.uleb128 0x18
 994 006d 9742     		.uleb128 0x2117
 995 006f 19       		.uleb128 0x19
 996 0070 01       		.uleb128 0x1
 997 0071 13       		.uleb128 0x13
 998 0072 00       		.byte	0
 999 0073 00       		.byte	0
 1000 0074 0A       		.uleb128 0xa
 1001 0075 05       		.uleb128 0x5
 1002 0076 00       		.byte	0
 1003 0077 03       		.uleb128 0x3
 1004 0078 0E       		.uleb128 0xe
 1005 0079 3A       		.uleb128 0x3a
 1006 007a 0B       		.uleb128 0xb
 1007 007b 3B       		.uleb128 0x3b
 1008 007c 0B       		.uleb128 0xb
 1009 007d 49       		.uleb128 0x49
 1010 007e 13       		.uleb128 0x13
 1011 007f 02       		.uleb128 0x2
 1012 0080 18       		.uleb128 0x18
 1013 0081 00       		.byte	0
 1014 0082 00       		.byte	0
 1015 0083 0B       		.uleb128 0xb
 1016 0084 34       		.uleb128 0x34
 1017 0085 00       		.byte	0
 1018 0086 03       		.uleb128 0x3
 1019 0087 0E       		.uleb128 0xe
 1020 0088 3A       		.uleb128 0x3a
 1021 0089 0B       		.uleb128 0xb
 1022 008a 3B       		.uleb128 0x3b
 1023 008b 0B       		.uleb128 0xb
 1024 008c 49       		.uleb128 0x49
 1025 008d 13       		.uleb128 0x13
 1026 008e 02       		.uleb128 0x2
 1027 008f 18       		.uleb128 0x18
 1028 0090 00       		.byte	0
 1029 0091 00       		.byte	0
 1030 0092 0C       		.uleb128 0xc
 1031 0093 2E       		.uleb128 0x2e
 1032 0094 01       		.byte	0x1
 1033 0095 3F       		.uleb128 0x3f
 1034 0096 19       		.uleb128 0x19
 1035 0097 03       		.uleb128 0x3
 1036 0098 0E       		.uleb128 0xe
 1037 0099 3A       		.uleb128 0x3a
 1038 009a 0B       		.uleb128 0xb
 1039 009b 3B       		.uleb128 0x3b
 1040 009c 0B       		.uleb128 0xb
 1041 009d 27       		.uleb128 0x27
 1042 009e 19       		.uleb128 0x19
ARM GAS  C:\Users\PANXIA~1\AppData\Local\Temp\cclnmT55.s 			page 27


 1043 009f 49       		.uleb128 0x49
 1044 00a0 13       		.uleb128 0x13
 1045 00a1 11       		.uleb128 0x11
 1046 00a2 01       		.uleb128 0x1
 1047 00a3 12       		.uleb128 0x12
 1048 00a4 06       		.uleb128 0x6
 1049 00a5 40       		.uleb128 0x40
 1050 00a6 18       		.uleb128 0x18
 1051 00a7 9742     		.uleb128 0x2117
 1052 00a9 19       		.uleb128 0x19
 1053 00aa 01       		.uleb128 0x1
 1054 00ab 13       		.uleb128 0x13
 1055 00ac 00       		.byte	0
 1056 00ad 00       		.byte	0
 1057 00ae 0D       		.uleb128 0xd
 1058 00af 2E       		.uleb128 0x2e
 1059 00b0 01       		.byte	0x1
 1060 00b1 3F       		.uleb128 0x3f
 1061 00b2 19       		.uleb128 0x19
 1062 00b3 03       		.uleb128 0x3
 1063 00b4 0E       		.uleb128 0xe
 1064 00b5 3A       		.uleb128 0x3a
 1065 00b6 0B       		.uleb128 0xb
 1066 00b7 3B       		.uleb128 0x3b
 1067 00b8 05       		.uleb128 0x5
 1068 00b9 27       		.uleb128 0x27
 1069 00ba 19       		.uleb128 0x19
 1070 00bb 11       		.uleb128 0x11
 1071 00bc 01       		.uleb128 0x1
 1072 00bd 12       		.uleb128 0x12
 1073 00be 06       		.uleb128 0x6
 1074 00bf 40       		.uleb128 0x40
 1075 00c0 18       		.uleb128 0x18
 1076 00c1 9742     		.uleb128 0x2117
 1077 00c3 19       		.uleb128 0x19
 1078 00c4 01       		.uleb128 0x1
 1079 00c5 13       		.uleb128 0x13
 1080 00c6 00       		.byte	0
 1081 00c7 00       		.byte	0
 1082 00c8 0E       		.uleb128 0xe
 1083 00c9 05       		.uleb128 0x5
 1084 00ca 00       		.byte	0
 1085 00cb 03       		.uleb128 0x3
 1086 00cc 0E       		.uleb128 0xe
 1087 00cd 3A       		.uleb128 0x3a
 1088 00ce 0B       		.uleb128 0xb
 1089 00cf 3B       		.uleb128 0x3b
 1090 00d0 05       		.uleb128 0x5
 1091 00d1 49       		.uleb128 0x49
 1092 00d2 13       		.uleb128 0x13
 1093 00d3 02       		.uleb128 0x2
 1094 00d4 17       		.uleb128 0x17
 1095 00d5 00       		.byte	0
 1096 00d6 00       		.byte	0
 1097 00d7 0F       		.uleb128 0xf
 1098 00d8 2E       		.uleb128 0x2e
 1099 00d9 01       		.byte	0x1
ARM GAS  C:\Users\PANXIA~1\AppData\Local\Temp\cclnmT55.s 			page 28


 1100 00da 3F       		.uleb128 0x3f
 1101 00db 19       		.uleb128 0x19
 1102 00dc 03       		.uleb128 0x3
 1103 00dd 0E       		.uleb128 0xe
 1104 00de 3A       		.uleb128 0x3a
 1105 00df 0B       		.uleb128 0xb
 1106 00e0 3B       		.uleb128 0x3b
 1107 00e1 05       		.uleb128 0x5
 1108 00e2 27       		.uleb128 0x27
 1109 00e3 19       		.uleb128 0x19
 1110 00e4 49       		.uleb128 0x49
 1111 00e5 13       		.uleb128 0x13
 1112 00e6 11       		.uleb128 0x11
 1113 00e7 01       		.uleb128 0x1
 1114 00e8 12       		.uleb128 0x12
 1115 00e9 06       		.uleb128 0x6
 1116 00ea 40       		.uleb128 0x40
 1117 00eb 18       		.uleb128 0x18
 1118 00ec 9742     		.uleb128 0x2117
 1119 00ee 19       		.uleb128 0x19
 1120 00ef 01       		.uleb128 0x1
 1121 00f0 13       		.uleb128 0x13
 1122 00f1 00       		.byte	0
 1123 00f2 00       		.byte	0
 1124 00f3 10       		.uleb128 0x10
 1125 00f4 34       		.uleb128 0x34
 1126 00f5 00       		.byte	0
 1127 00f6 03       		.uleb128 0x3
 1128 00f7 0E       		.uleb128 0xe
 1129 00f8 3A       		.uleb128 0x3a
 1130 00f9 0B       		.uleb128 0xb
 1131 00fa 3B       		.uleb128 0x3b
 1132 00fb 05       		.uleb128 0x5
 1133 00fc 49       		.uleb128 0x49
 1134 00fd 13       		.uleb128 0x13
 1135 00fe 02       		.uleb128 0x2
 1136 00ff 17       		.uleb128 0x17
 1137 0100 00       		.byte	0
 1138 0101 00       		.byte	0
 1139 0102 11       		.uleb128 0x11
 1140 0103 2E       		.uleb128 0x2e
 1141 0104 00       		.byte	0
 1142 0105 3F       		.uleb128 0x3f
 1143 0106 19       		.uleb128 0x19
 1144 0107 03       		.uleb128 0x3
 1145 0108 0E       		.uleb128 0xe
 1146 0109 3A       		.uleb128 0x3a
 1147 010a 0B       		.uleb128 0xb
 1148 010b 3B       		.uleb128 0x3b
 1149 010c 05       		.uleb128 0x5
 1150 010d 27       		.uleb128 0x27
 1151 010e 19       		.uleb128 0x19
 1152 010f 11       		.uleb128 0x11
 1153 0110 01       		.uleb128 0x1
 1154 0111 12       		.uleb128 0x12
 1155 0112 06       		.uleb128 0x6
 1156 0113 40       		.uleb128 0x40
ARM GAS  C:\Users\PANXIA~1\AppData\Local\Temp\cclnmT55.s 			page 29


 1157 0114 18       		.uleb128 0x18
 1158 0115 9742     		.uleb128 0x2117
 1159 0117 19       		.uleb128 0x19
 1160 0118 00       		.byte	0
 1161 0119 00       		.byte	0
 1162 011a 12       		.uleb128 0x12
 1163 011b 2E       		.uleb128 0x2e
 1164 011c 00       		.byte	0
 1165 011d 3F       		.uleb128 0x3f
 1166 011e 19       		.uleb128 0x19
 1167 011f 03       		.uleb128 0x3
 1168 0120 0E       		.uleb128 0xe
 1169 0121 3A       		.uleb128 0x3a
 1170 0122 0B       		.uleb128 0xb
 1171 0123 3B       		.uleb128 0x3b
 1172 0124 05       		.uleb128 0x5
 1173 0125 27       		.uleb128 0x27
 1174 0126 19       		.uleb128 0x19
 1175 0127 49       		.uleb128 0x49
 1176 0128 13       		.uleb128 0x13
 1177 0129 11       		.uleb128 0x11
 1178 012a 01       		.uleb128 0x1
 1179 012b 12       		.uleb128 0x12
 1180 012c 06       		.uleb128 0x6
 1181 012d 40       		.uleb128 0x40
 1182 012e 18       		.uleb128 0x18
 1183 012f 9742     		.uleb128 0x2117
 1184 0131 19       		.uleb128 0x19
 1185 0132 00       		.byte	0
 1186 0133 00       		.byte	0
 1187 0134 13       		.uleb128 0x13
 1188 0135 898201   		.uleb128 0x4109
 1189 0138 00       		.byte	0
 1190 0139 11       		.uleb128 0x11
 1191 013a 01       		.uleb128 0x1
 1192 013b 31       		.uleb128 0x31
 1193 013c 13       		.uleb128 0x13
 1194 013d 00       		.byte	0
 1195 013e 00       		.byte	0
 1196 013f 14       		.uleb128 0x14
 1197 0140 898201   		.uleb128 0x4109
 1198 0143 01       		.byte	0x1
 1199 0144 11       		.uleb128 0x11
 1200 0145 01       		.uleb128 0x1
 1201 0146 31       		.uleb128 0x31
 1202 0147 13       		.uleb128 0x13
 1203 0148 01       		.uleb128 0x1
 1204 0149 13       		.uleb128 0x13
 1205 014a 00       		.byte	0
 1206 014b 00       		.byte	0
 1207 014c 15       		.uleb128 0x15
 1208 014d 8A8201   		.uleb128 0x410a
 1209 0150 00       		.byte	0
 1210 0151 02       		.uleb128 0x2
 1211 0152 18       		.uleb128 0x18
 1212 0153 9142     		.uleb128 0x2111
 1213 0155 18       		.uleb128 0x18
ARM GAS  C:\Users\PANXIA~1\AppData\Local\Temp\cclnmT55.s 			page 30


 1214 0156 00       		.byte	0
 1215 0157 00       		.byte	0
 1216 0158 16       		.uleb128 0x16
 1217 0159 05       		.uleb128 0x5
 1218 015a 00       		.byte	0
 1219 015b 03       		.uleb128 0x3
 1220 015c 0E       		.uleb128 0xe
 1221 015d 3A       		.uleb128 0x3a
 1222 015e 0B       		.uleb128 0xb
 1223 015f 3B       		.uleb128 0x3b
 1224 0160 0B       		.uleb128 0xb
 1225 0161 49       		.uleb128 0x49
 1226 0162 13       		.uleb128 0x13
 1227 0163 02       		.uleb128 0x2
 1228 0164 17       		.uleb128 0x17
 1229 0165 00       		.byte	0
 1230 0166 00       		.byte	0
 1231 0167 17       		.uleb128 0x17
 1232 0168 34       		.uleb128 0x34
 1233 0169 00       		.byte	0
 1234 016a 03       		.uleb128 0x3
 1235 016b 08       		.uleb128 0x8
 1236 016c 3A       		.uleb128 0x3a
 1237 016d 0B       		.uleb128 0xb
 1238 016e 3B       		.uleb128 0x3b
 1239 016f 0B       		.uleb128 0xb
 1240 0170 49       		.uleb128 0x49
 1241 0171 13       		.uleb128 0x13
 1242 0172 02       		.uleb128 0x2
 1243 0173 18       		.uleb128 0x18
 1244 0174 00       		.byte	0
 1245 0175 00       		.byte	0
 1246 0176 18       		.uleb128 0x18
 1247 0177 34       		.uleb128 0x34
 1248 0178 00       		.byte	0
 1249 0179 03       		.uleb128 0x3
 1250 017a 08       		.uleb128 0x8
 1251 017b 3A       		.uleb128 0x3a
 1252 017c 0B       		.uleb128 0xb
 1253 017d 3B       		.uleb128 0x3b
 1254 017e 0B       		.uleb128 0xb
 1255 017f 49       		.uleb128 0x49
 1256 0180 13       		.uleb128 0x13
 1257 0181 02       		.uleb128 0x2
 1258 0182 17       		.uleb128 0x17
 1259 0183 00       		.byte	0
 1260 0184 00       		.byte	0
 1261 0185 19       		.uleb128 0x19
 1262 0186 01       		.uleb128 0x1
 1263 0187 01       		.byte	0x1
 1264 0188 49       		.uleb128 0x49
 1265 0189 13       		.uleb128 0x13
 1266 018a 01       		.uleb128 0x1
 1267 018b 13       		.uleb128 0x13
 1268 018c 00       		.byte	0
 1269 018d 00       		.byte	0
 1270 018e 1A       		.uleb128 0x1a
ARM GAS  C:\Users\PANXIA~1\AppData\Local\Temp\cclnmT55.s 			page 31


 1271 018f 21       		.uleb128 0x21
 1272 0190 00       		.byte	0
 1273 0191 49       		.uleb128 0x49
 1274 0192 13       		.uleb128 0x13
 1275 0193 2F       		.uleb128 0x2f
 1276 0194 0B       		.uleb128 0xb
 1277 0195 00       		.byte	0
 1278 0196 00       		.byte	0
 1279 0197 1B       		.uleb128 0x1b
 1280 0198 34       		.uleb128 0x34
 1281 0199 00       		.byte	0
 1282 019a 03       		.uleb128 0x3
 1283 019b 0E       		.uleb128 0xe
 1284 019c 3A       		.uleb128 0x3a
 1285 019d 0B       		.uleb128 0xb
 1286 019e 3B       		.uleb128 0x3b
 1287 019f 05       		.uleb128 0x5
 1288 01a0 49       		.uleb128 0x49
 1289 01a1 13       		.uleb128 0x13
 1290 01a2 3F       		.uleb128 0x3f
 1291 01a3 19       		.uleb128 0x19
 1292 01a4 3C       		.uleb128 0x3c
 1293 01a5 19       		.uleb128 0x19
 1294 01a6 00       		.byte	0
 1295 01a7 00       		.byte	0
 1296 01a8 1C       		.uleb128 0x1c
 1297 01a9 2E       		.uleb128 0x2e
 1298 01aa 00       		.byte	0
 1299 01ab 3F       		.uleb128 0x3f
 1300 01ac 19       		.uleb128 0x19
 1301 01ad 03       		.uleb128 0x3
 1302 01ae 0E       		.uleb128 0xe
 1303 01af 3A       		.uleb128 0x3a
 1304 01b0 0B       		.uleb128 0xb
 1305 01b1 3B       		.uleb128 0x3b
 1306 01b2 0B       		.uleb128 0xb
 1307 01b3 27       		.uleb128 0x27
 1308 01b4 19       		.uleb128 0x19
 1309 01b5 49       		.uleb128 0x49
 1310 01b6 13       		.uleb128 0x13
 1311 01b7 3C       		.uleb128 0x3c
 1312 01b8 19       		.uleb128 0x19
 1313 01b9 00       		.byte	0
 1314 01ba 00       		.byte	0
 1315 01bb 1D       		.uleb128 0x1d
 1316 01bc 2E       		.uleb128 0x2e
 1317 01bd 01       		.byte	0x1
 1318 01be 3F       		.uleb128 0x3f
 1319 01bf 19       		.uleb128 0x19
 1320 01c0 03       		.uleb128 0x3
 1321 01c1 0E       		.uleb128 0xe
 1322 01c2 3A       		.uleb128 0x3a
 1323 01c3 0B       		.uleb128 0xb
 1324 01c4 3B       		.uleb128 0x3b
 1325 01c5 0B       		.uleb128 0xb
 1326 01c6 27       		.uleb128 0x27
 1327 01c7 19       		.uleb128 0x19
ARM GAS  C:\Users\PANXIA~1\AppData\Local\Temp\cclnmT55.s 			page 32


 1328 01c8 3C       		.uleb128 0x3c
 1329 01c9 19       		.uleb128 0x19
 1330 01ca 01       		.uleb128 0x1
 1331 01cb 13       		.uleb128 0x13
 1332 01cc 00       		.byte	0
 1333 01cd 00       		.byte	0
 1334 01ce 1E       		.uleb128 0x1e
 1335 01cf 05       		.uleb128 0x5
 1336 01d0 00       		.byte	0
 1337 01d1 49       		.uleb128 0x49
 1338 01d2 13       		.uleb128 0x13
 1339 01d3 00       		.byte	0
 1340 01d4 00       		.byte	0
 1341 01d5 1F       		.uleb128 0x1f
 1342 01d6 26       		.uleb128 0x26
 1343 01d7 00       		.byte	0
 1344 01d8 49       		.uleb128 0x49
 1345 01d9 13       		.uleb128 0x13
 1346 01da 00       		.byte	0
 1347 01db 00       		.byte	0
 1348 01dc 20       		.uleb128 0x20
 1349 01dd 2E       		.uleb128 0x2e
 1350 01de 00       		.byte	0
 1351 01df 3F       		.uleb128 0x3f
 1352 01e0 19       		.uleb128 0x19
 1353 01e1 03       		.uleb128 0x3
 1354 01e2 0E       		.uleb128 0xe
 1355 01e3 3A       		.uleb128 0x3a
 1356 01e4 0B       		.uleb128 0xb
 1357 01e5 3B       		.uleb128 0x3b
 1358 01e6 0B       		.uleb128 0xb
 1359 01e7 27       		.uleb128 0x27
 1360 01e8 19       		.uleb128 0x19
 1361 01e9 3C       		.uleb128 0x3c
 1362 01ea 19       		.uleb128 0x19
 1363 01eb 00       		.byte	0
 1364 01ec 00       		.byte	0
 1365 01ed 00       		.byte	0
 1366              		.section	.debug_loc,"",%progbits
 1367              	.Ldebug_loc0:
 1368              	.LLST0:
 1369 0000 00000000 		.4byte	.LVL3
 1370 0004 02000000 		.4byte	.LVL4
 1371 0008 0100     		.2byte	0x1
 1372 000a 50       		.byte	0x50
 1373 000b 02000000 		.4byte	.LVL4
 1374 000f 10000000 		.4byte	.LFE69
 1375 0013 0400     		.2byte	0x4
 1376 0015 F3       		.byte	0xf3
 1377 0016 01       		.uleb128 0x1
 1378 0017 50       		.byte	0x50
 1379 0018 9F       		.byte	0x9f
 1380 0019 00000000 		.4byte	0
 1381 001d 00000000 		.4byte	0
 1382              	.LLST1:
 1383 0021 04000000 		.4byte	.LVL5
 1384 0025 06000000 		.4byte	.LVL6
ARM GAS  C:\Users\PANXIA~1\AppData\Local\Temp\cclnmT55.s 			page 33


 1385 0029 0500     		.2byte	0x5
 1386 002b 70       		.byte	0x70
 1387 002c 00       		.sleb128 0
 1388 002d 35       		.byte	0x35
 1389 002e 25       		.byte	0x25
 1390 002f 9F       		.byte	0x9f
 1391 0030 00000000 		.4byte	0
 1392 0034 00000000 		.4byte	0
 1393              	.LLST2:
 1394 0038 00000000 		.4byte	.LVL11
 1395 003c 07000000 		.4byte	.LVL12-1
 1396 0040 0100     		.2byte	0x1
 1397 0042 50       		.byte	0x50
 1398 0043 07000000 		.4byte	.LVL12-1
 1399 0047 1A000000 		.4byte	.LFE64
 1400 004b 0100     		.2byte	0x1
 1401 004d 54       		.byte	0x54
 1402 004e 00000000 		.4byte	0
 1403 0052 00000000 		.4byte	0
 1404              	.LLST3:
 1405 0056 20000000 		.4byte	.LVL20
 1406 005a 2E000000 		.4byte	.LVL22
 1407 005e 0100     		.2byte	0x1
 1408 0060 54       		.byte	0x54
 1409 0061 30000000 		.4byte	.LVL23
 1410 0065 32000000 		.4byte	.LVL24
 1411 0069 0100     		.2byte	0x1
 1412 006b 54       		.byte	0x54
 1413 006c 34000000 		.4byte	.LVL25
 1414 0070 3C000000 		.4byte	.LVL27
 1415 0074 0100     		.2byte	0x1
 1416 0076 54       		.byte	0x54
 1417 0077 00000000 		.4byte	0
 1418 007b 00000000 		.4byte	0
 1419              		.section	.debug_aranges,"",%progbits
 1420 0000 7C000000 		.4byte	0x7c
 1421 0004 0200     		.2byte	0x2
 1422 0006 00000000 		.4byte	.Ldebug_info0
 1423 000a 04       		.byte	0x4
 1424 000b 00       		.byte	0
 1425 000c 0000     		.2byte	0
 1426 000e 0000     		.2byte	0
 1427 0010 00000000 		.4byte	.LFB67
 1428 0014 0C000000 		.4byte	.LFE67-.LFB67
 1429 0018 00000000 		.4byte	.LFB68
 1430 001c 0C000000 		.4byte	.LFE68-.LFB68
 1431 0020 00000000 		.4byte	.LFB69
 1432 0024 10000000 		.4byte	.LFE69-.LFB69
 1433 0028 00000000 		.4byte	.LFB70
 1434 002c 0C000000 		.4byte	.LFE70-.LFB70
 1435 0030 00000000 		.4byte	.LFB71
 1436 0034 0C000000 		.4byte	.LFE71-.LFB71
 1437 0038 00000000 		.4byte	.LFB72
 1438 003c 18000000 		.4byte	.LFE72-.LFB72
 1439 0040 00000000 		.4byte	.LFB73
 1440 0044 0C000000 		.4byte	.LFE73-.LFB73
 1441 0048 00000000 		.4byte	.LFB63
ARM GAS  C:\Users\PANXIA~1\AppData\Local\Temp\cclnmT55.s 			page 34


 1442 004c 1C000000 		.4byte	.LFE63-.LFB63
 1443 0050 00000000 		.4byte	.LFB64
 1444 0054 1A000000 		.4byte	.LFE64-.LFB64
 1445 0058 00000000 		.4byte	.LFB65
 1446 005c 14000000 		.4byte	.LFE65-.LFB65
 1447 0060 00000000 		.4byte	.LFB74
 1448 0064 0C000000 		.4byte	.LFE74-.LFB74
 1449 0068 00000000 		.4byte	.LFB75
 1450 006c 0C000000 		.4byte	.LFE75-.LFB75
 1451 0070 00000000 		.4byte	.LFB66
 1452 0074 50000000 		.4byte	.LFE66-.LFB66
 1453 0078 00000000 		.4byte	0
 1454 007c 00000000 		.4byte	0
 1455              		.section	.debug_ranges,"",%progbits
 1456              	.Ldebug_ranges0:
 1457 0000 00000000 		.4byte	.LFB67
 1458 0004 0C000000 		.4byte	.LFE67
 1459 0008 00000000 		.4byte	.LFB68
 1460 000c 0C000000 		.4byte	.LFE68
 1461 0010 00000000 		.4byte	.LFB69
 1462 0014 10000000 		.4byte	.LFE69
 1463 0018 00000000 		.4byte	.LFB70
 1464 001c 0C000000 		.4byte	.LFE70
 1465 0020 00000000 		.4byte	.LFB71
 1466 0024 0C000000 		.4byte	.LFE71
 1467 0028 00000000 		.4byte	.LFB72
 1468 002c 18000000 		.4byte	.LFE72
 1469 0030 00000000 		.4byte	.LFB73
 1470 0034 0C000000 		.4byte	.LFE73
 1471 0038 00000000 		.4byte	.LFB63
 1472 003c 1C000000 		.4byte	.LFE63
 1473 0040 00000000 		.4byte	.LFB64
 1474 0044 1A000000 		.4byte	.LFE64
 1475 0048 00000000 		.4byte	.LFB65
 1476 004c 14000000 		.4byte	.LFE65
 1477 0050 00000000 		.4byte	.LFB74
 1478 0054 0C000000 		.4byte	.LFE74
 1479 0058 00000000 		.4byte	.LFB75
 1480 005c 0C000000 		.4byte	.LFE75
 1481 0060 00000000 		.4byte	.LFB66
 1482 0064 50000000 		.4byte	.LFE66
 1483 0068 00000000 		.4byte	0
 1484 006c 00000000 		.4byte	0
 1485              		.section	.debug_line,"",%progbits
 1486              	.Ldebug_line0:
 1487 0000 78020000 		.section	.debug_str,"MS",%progbits,1
 1487      02006E01 
 1487      00000201 
 1487      FB0E0D00 
 1487      01010101 
 1488              	.LASF18:
 1489 0000 72656733 		.ascii	"reg32\000"
 1489      3200
 1490              	.LASF30:
 1491 0006 52585F49 		.ascii	"RX_ISR_StartEx\000"
 1491      53525F53 
 1491      74617274 
ARM GAS  C:\Users\PANXIA~1\AppData\Local\Temp\cclnmT55.s 			page 35


 1491      457800
 1492              	.LASF28:
 1493 0015 52585F49 		.ascii	"RX_ISR_Disable\000"
 1493      53525F44 
 1493      69736162 
 1493      6C6500
 1494              	.LASF21:
 1495 0024 52585F49 		.ascii	"RX_ISR_SetVector\000"
 1495      53525F53 
 1495      65745665 
 1495      63746F72 
 1495      00
 1496              	.LASF11:
 1497 0035 5F5F696E 		.ascii	"__int32_t\000"
 1497      7433325F 
 1497      7400
 1498              	.LASF5:
 1499 003f 6C6F6E67 		.ascii	"long int\000"
 1499      20696E74 
 1499      00
 1500              	.LASF43:
 1501 0048 55415254 		.ascii	"UART_1_ClearRxBuffer\000"
 1501      5F315F43 
 1501      6C656172 
 1501      52784275 
 1501      66666572 
 1502              	.LASF40:
 1503 005d 52585F49 		.ascii	"RX_ISR_GetState\000"
 1503      53525F47 
 1503      65745374 
 1503      61746500 
 1504              	.LASF15:
 1505 006d 666C6F61 		.ascii	"float\000"
 1505      7400
 1506              	.LASF1:
 1507 0073 7369676E 		.ascii	"signed char\000"
 1507      65642063 
 1507      68617200 
 1508              	.LASF22:
 1509 007f 52585F49 		.ascii	"RX_ISR_SetPriority\000"
 1509      53525F53 
 1509      65745072 
 1509      696F7269 
 1509      747900
 1510              	.LASF2:
 1511 0092 756E7369 		.ascii	"unsigned char\000"
 1511      676E6564 
 1511      20636861 
 1511      7200
 1512              	.LASF17:
 1513 00a0 72656738 		.ascii	"reg8\000"
 1513      00
 1514              	.LASF6:
 1515 00a5 6C6F6E67 		.ascii	"long unsigned int\000"
 1515      20756E73 
 1515      69676E65 
 1515      6420696E 
ARM GAS  C:\Users\PANXIA~1\AppData\Local\Temp\cclnmT55.s 			page 36


 1515      7400
 1516              	.LASF36:
 1517 00b7 55415254 		.ascii	"UART_1_ReadRxData\000"
 1517      5F315F52 
 1517      65616452 
 1517      78446174 
 1517      6100
 1518              	.LASF4:
 1519 00c9 73686F72 		.ascii	"short unsigned int\000"
 1519      7420756E 
 1519      7369676E 
 1519      65642069 
 1519      6E7400
 1520              	.LASF41:
 1521 00dc 49544D5F 		.ascii	"ITM_RxBuffer\000"
 1521      52784275 
 1521      66666572 
 1521      00
 1522              	.LASF31:
 1523 00e9 52585F49 		.ascii	"RX_ISR_Stop\000"
 1523      53525F53 
 1523      746F7000 
 1524              	.LASF16:
 1525 00f5 646F7562 		.ascii	"double\000"
 1525      6C6500
 1526              	.LASF25:
 1527 00fc 52585F49 		.ascii	"RX_ISR_GetVector\000"
 1527      53525F47 
 1527      65745665 
 1527      63746F72 
 1527      00
 1528              	.LASF29:
 1529 010d 52585F49 		.ascii	"RX_ISR_Start\000"
 1529      53525F53 
 1529      74617274 
 1529      00
 1530              	.LASF34:
 1531 011a 52585F49 		.ascii	"RX_ISR_Interrupt\000"
 1531      53525F49 
 1531      6E746572 
 1531      72757074 
 1531      00
 1532              	.LASF24:
 1533 012b 7072696F 		.ascii	"priority\000"
 1533      72697479 
 1533      00
 1534              	.LASF14:
 1535 0134 75696E74 		.ascii	"uint32\000"
 1535      333200
 1536              	.LASF37:
 1537 013b 474E5520 		.ascii	"GNU C 4.9.3 20150303 (release) [ARM/embedded-4_9-br"
 1537      4320342E 
 1537      392E3320 
 1537      32303135 
 1537      30333033 
 1538 016e 616E6368 		.ascii	"anch revision 221220] -mcpu=cortex-m3 -mthumb -g -O"
 1538      20726576 
ARM GAS  C:\Users\PANXIA~1\AppData\Local\Temp\cclnmT55.s 			page 37


 1538      6973696F 
 1538      6E203232 
 1538      31323230 
 1539 01a1 67202D66 		.ascii	"g -ffunction-sections -ffat-lto-objects\000"
 1539      66756E63 
 1539      74696F6E 
 1539      2D736563 
 1539      74696F6E 
 1540              	.LASF0:
 1541 01c9 756E7369 		.ascii	"unsigned int\000"
 1541      676E6564 
 1541      20696E74 
 1541      00
 1542              	.LASF23:
 1543 01d6 61646472 		.ascii	"address\000"
 1543      65737300 
 1544              	.LASF8:
 1545 01de 6C6F6E67 		.ascii	"long long unsigned int\000"
 1545      206C6F6E 
 1545      6720756E 
 1545      7369676E 
 1545      65642069 
 1546              	.LASF35:
 1547 01f5 55415254 		.ascii	"UART_1_GetRxBufferSize\000"
 1547      5F315F47 
 1547      65745278 
 1547      42756666 
 1547      65725369 
 1548              	.LASF38:
 1549 020c 2E5C4765 		.ascii	".\\Generated_Source\\PSoC5\\RX_ISR.c\000"
 1549      6E657261 
 1549      7465645F 
 1549      536F7572 
 1549      63655C50 
 1550              	.LASF19:
 1551 022e 63796973 		.ascii	"cyisraddress\000"
 1551      72616464 
 1551      72657373 
 1551      00
 1552              	.LASF42:
 1553 023b 55415254 		.ascii	"UART_1_PutArray\000"
 1553      5F315F50 
 1553      75744172 
 1553      72617900 
 1554              	.LASF12:
 1555 024b 696E7433 		.ascii	"int32_t\000"
 1555      325F7400 
 1556              	.LASF9:
 1557 0253 73697A65 		.ascii	"sizetype\000"
 1557      74797065 
 1557      00
 1558              	.LASF7:
 1559 025c 6C6F6E67 		.ascii	"long long int\000"
 1559      206C6F6E 
 1559      6720696E 
 1559      7400
 1560              	.LASF10:
ARM GAS  C:\Users\PANXIA~1\AppData\Local\Temp\cclnmT55.s 			page 38


 1561 026a 63686172 		.ascii	"char\000"
 1561      00
 1562              	.LASF20:
 1563 026f 72616D56 		.ascii	"ramVectorTable\000"
 1563      6563746F 
 1563      72546162 
 1563      6C6500
 1564              	.LASF27:
 1565 027e 52585F49 		.ascii	"RX_ISR_Enable\000"
 1565      53525F45 
 1565      6E61626C 
 1565      6500
 1566              	.LASF3:
 1567 028c 73686F72 		.ascii	"short int\000"
 1567      7420696E 
 1567      7400
 1568              	.LASF13:
 1569 0296 75696E74 		.ascii	"uint8\000"
 1569      3800
 1570              	.LASF39:
 1571 029c 443A5C47 		.ascii	"D:\\GIT\\A20_CANfestival\\posoc\\Design01.cydsn\000"
 1571      49545C41 
 1571      32305F43 
 1571      414E6665 
 1571      73746976 
 1572              	.LASF26:
 1573 02c8 52585F49 		.ascii	"RX_ISR_GetPriority\000"
 1573      53525F47 
 1573      65745072 
 1573      696F7269 
 1573      747900
 1574              	.LASF32:
 1575 02db 52585F49 		.ascii	"RX_ISR_SetPending\000"
 1575      53525F53 
 1575      65745065 
 1575      6E64696E 
 1575      6700
 1576              	.LASF33:
 1577 02ed 52585F49 		.ascii	"RX_ISR_ClearPending\000"
 1577      53525F43 
 1577      6C656172 
 1577      50656E64 
 1577      696E6700 
 1578              		.ident	"GCC: (GNU Tools for ARM Embedded Processors) 4.9.3 20150303 (release) [ARM/embedded-4_9-br
